[0.020s] Invoking command in '/home/sws/autoware/build/tier4_calibration_rviz_plugin': AMENT_PREFIX_PATH=/home/sws/autoware/install/tier4_vehicle_msgs:/home/sws/autoware/install/tier4_control_msgs:/home/sws/autoware/install/autoware_cmake:/home/sws/autoware/install/autoware_lint_common:/home/sws/autoware/install/autoware_common_msgs:${AMENT_PREFIX_PATH} CMAKE_PREFIX_PATH=/home/sws/autoware/install/tier4_vehicle_msgs:/home/sws/autoware/install/tier4_control_msgs:/home/sws/autoware/install/autoware_cmake:/home/sws/autoware/install/autoware_lint_common:/home/sws/autoware/install/autoware_common_msgs:/opt/ros/humble LD_LIBRARY_PATH=/home/sws/autoware/install/tier4_vehicle_msgs/lib:/home/sws/autoware/install/tier4_control_msgs/lib:/home/sws/autoware/install/autoware_common_msgs/lib:${LD_LIBRARY_PATH} PYTHONPATH=/home/sws/autoware/install/tier4_vehicle_msgs/local/lib/python3.10/dist-packages:/home/sws/autoware/install/tier4_control_msgs/local/lib/python3.10/dist-packages:/home/sws/autoware/install/autoware_common_msgs/local/lib/python3.10/dist-packages:${PYTHONPATH} /usr/bin/cmake /home/sws/autoware/src/universe/autoware.universe/common/tier4_calibration_rviz_plugin -DCMAKE_BUILD_TYPE=Release -DAMENT_CMAKE_SYMLINK_INSTALL=1 -DCMAKE_INSTALL_PREFIX=/home/sws/autoware/install/tier4_calibration_rviz_plugin
[9.464s] -- The C compiler identification is GNU 11.3.0
[9.464s] -- The CXX compiler identification is GNU 11.3.0
[9.464s] -- Detecting C compiler ABI info
[9.464s] -- Detecting C compiler ABI info - done
[9.464s] -- Check for working C compiler: /usr/bin/cc - skipped
[9.464s] -- Detecting C compile features
[9.465s] -- Detecting C compile features - done
[9.465s] -- Detecting CXX compiler ABI info
[9.465s] -- Detecting CXX compiler ABI info - done
[9.465s] -- Check for working CXX compiler: /usr/bin/c++ - skipped
[9.465s] -- Detecting CXX compile features
[9.465s] -- Detecting CXX compile features - done
[9.465s] -- Found autoware_cmake: 0.1.0 (/home/sws/autoware/install/autoware_cmake/share/autoware_cmake/cmake)
[9.465s] -- Found Python3: /usr/bin/python3.10 (found version "3.10.6") found components: Interpreter 
[9.465s] -- Override CMake install command with custom implementation using symlinks instead of copying resources
[9.465s] -- Setting OGRE_DIR to: '/opt/ros/humble/share/rviz_ogre_vendor/cmake/../../../opt/rviz_ogre_vendor/lib/OGRE/cmake'
[9.466s] -- Found OGRE
[9.466s] --   static     : OFF
[9.466s] --   components : HLMS;MeshLodGenerator;Overlay;Paging;Property;RTShaderSystem;Terrain;Volume
[9.466s] --   plugins    : Plugin_BSPSceneManager;Plugin_OctreeSceneManager;Plugin_PCZSceneManager;Plugin_ParticleFX;RenderSystem_GL;RenderSystem_GL3Plus;Codec_STBI
[9.466s] --   media      : /opt/ros/humble/opt/rviz_ogre_vendor/share/OGRE/Media
[9.466s] -- OGRE_LIBRARIES: OgreHLMS;OgreMeshLodGenerator;OgreOverlay;OgrePaging;OgreProperty;OgreRTShaderSystem;OgreTerrain;OgreVolume;OgreMain
[9.466s] -- OGRE_LIBRARY_DIRS: /opt/ros/humble/opt/rviz_ogre_vendor/lib
[9.466s] -- OGRE_PLUGINS: Plugin_BSPSceneManager;Plugin_OctreeSceneManager;Plugin_PCZSceneManager;Plugin_ParticleFX;RenderSystem_GL;RenderSystem_GL3Plus;Codec_STBI
[9.466s] -- OGRE_PLUGIN_DIR: /opt/ros/humble/opt/rviz_ogre_vendor/lib/OGRE
[9.467s] -- rviz_ogre_vendor::OgreOverlay for IMPORTED_LOCATION_RELEASE: /opt/ros/humble/opt/rviz_ogre_vendor/lib/libOgreOverlay.so
[9.467s] -- rviz_ogre_vendor::OgreOverlay for IMPORTED_LOCATION_DEBUG: /opt/ros/humble/opt/rviz_ogre_vendor/lib/libOgreOverlay.so
[9.467s] -- rviz_ogre_vendor::OgreMain for IMPORTED_LOCATION_RELEASE: /opt/ros/humble/opt/rviz_ogre_vendor/lib/libOgreMain.so
[9.467s] -- rviz_ogre_vendor::OgreMain for IMPORTED_LOCATION_DEBUG: /opt/ros/humble/opt/rviz_ogre_vendor/lib/libOgreMain.so
[9.467s] -- Could not find freeimage library
[9.467s] -- Found ZLIB: /usr/lib/x86_64-linux-gnu/libz.so (found version "1.2.11") 
[9.467s] -- Found OpenGL: /usr/lib/x86_64-linux-gnu/libOpenGL.so   
[9.467s] -- Found X11: /usr/include   
[9.467s] -- Looking for XOpenDisplay in /usr/lib/x86_64-linux-gnu/libX11.so;/usr/lib/x86_64-linux-gnu/libXext.so
[9.467s] -- Looking for XOpenDisplay in /usr/lib/x86_64-linux-gnu/libX11.so;/usr/lib/x86_64-linux-gnu/libXext.so - found
[9.467s] -- Looking for gethostbyname
[9.468s] -- Looking for gethostbyname - found
[9.468s] -- Looking for connect
[9.468s] -- Looking for connect - found
[9.468s] -- Looking for remove
[9.468s] -- Looking for remove - found
[9.468s] -- Looking for shmat
[9.468s] -- Looking for shmat - found
[9.468s] -- Looking for IceConnectionNumber in ICE
[9.468s] -- Looking for IceConnectionNumber in ICE - found
[9.468s] -- rviz_ogre_vendor::RenderSystem_GL for IMPORTED_LOCATION_RELEASE: _render_system_gl_static_library_abs-NOTFOUND
[9.468s] -- rviz_ogre_vendor::RenderSystem_GL for IMPORTED_LOCATION_DEBUG: _render_system_gl_static_library_abs-NOTFOUND
[9.468s] -- library: /usr/lib/x86_64-linux-gnu/libcurl.so
[9.468s] -- Found rosidl_generator_c: 3.1.4 (/opt/ros/humble/share/rosidl_generator_c/cmake)
[9.469s] -- Found rosidl_adapter: 3.1.4 (/opt/ros/humble/share/rosidl_adapter/cmake)
[9.469s] -- Found rosidl_generator_cpp: 3.1.4 (/opt/ros/humble/share/rosidl_generator_cpp/cmake)
[9.469s] -- Using all available rosidl_typesupport_c: rosidl_typesupport_fastrtps_c;rosidl_typesupport_introspection_c
[9.469s] -- Using all available rosidl_typesupport_cpp: rosidl_typesupport_fastrtps_cpp;rosidl_typesupport_introspection_cpp
[9.469s] -- Found rmw_implementation_cmake: 6.1.1 (/opt/ros/humble/share/rmw_implementation_cmake/cmake)
[9.469s] -- Found rmw_fastrtps_cpp: 6.2.2 (/opt/ros/humble/share/rmw_fastrtps_cpp/cmake)
[9.469s] -- Found OpenSSL: /usr/lib/x86_64-linux-gnu/libcrypto.so (found version "3.0.2")  
[9.469s] -- Found FastRTPS: /opt/ros/humble/include  
[9.470s] -- Using RMW implementation 'rmw_fastrtps_cpp' as default
[9.470s] -- Looking for pthread.h
[9.470s] -- Looking for pthread.h - found
[9.470s] -- Performing Test CMAKE_HAVE_LIBC_PTHREAD
[9.470s] -- Performing Test CMAKE_HAVE_LIBC_PTHREAD - Success
[9.470s] -- Found Threads: TRUE  
[9.470s] -- Found Eigen3: TRUE (found version "3.4.0") 
[9.470s] -- Ensuring Eigen3 include directory is part of orocos-kdl CMake target
[9.470s] -- Found ament_lint_auto: 0.12.5 (/opt/ros/humble/share/ament_lint_auto/cmake)
[9.470s] -- Added test 'copyright' to check source files copyright and LICENSE
[9.470s] -- Added test 'cppcheck' to perform static code analysis on C / C++ code
[9.470s] -- Configured cppcheck include dirs: 
[9.471s] -- Configured cppcheck exclude dirs and/or files: 
[9.471s] -- Added test 'lint_cmake' to check CMake code style
[9.471s] -- Added test 'xmllint' to check XML markup files
[9.471s] -- Configuring done
[9.471s] -- Generating done
[9.471s] -- Build files have been written to: /home/sws/autoware/build/tier4_calibration_rviz_plugin
[9.507s] Invoked command in '/home/sws/autoware/build/tier4_calibration_rviz_plugin' returned '0': AMENT_PREFIX_PATH=/home/sws/autoware/install/tier4_vehicle_msgs:/home/sws/autoware/install/tier4_control_msgs:/home/sws/autoware/install/autoware_cmake:/home/sws/autoware/install/autoware_lint_common:/home/sws/autoware/install/autoware_common_msgs:${AMENT_PREFIX_PATH} CMAKE_PREFIX_PATH=/home/sws/autoware/install/tier4_vehicle_msgs:/home/sws/autoware/install/tier4_control_msgs:/home/sws/autoware/install/autoware_cmake:/home/sws/autoware/install/autoware_lint_common:/home/sws/autoware/install/autoware_common_msgs:/opt/ros/humble LD_LIBRARY_PATH=/home/sws/autoware/install/tier4_vehicle_msgs/lib:/home/sws/autoware/install/tier4_control_msgs/lib:/home/sws/autoware/install/autoware_common_msgs/lib:${LD_LIBRARY_PATH} PYTHONPATH=/home/sws/autoware/install/tier4_vehicle_msgs/local/lib/python3.10/dist-packages:/home/sws/autoware/install/tier4_control_msgs/local/lib/python3.10/dist-packages:/home/sws/autoware/install/autoware_common_msgs/local/lib/python3.10/dist-packages:${PYTHONPATH} /usr/bin/cmake /home/sws/autoware/src/universe/autoware.universe/common/tier4_calibration_rviz_plugin -DCMAKE_BUILD_TYPE=Release -DAMENT_CMAKE_SYMLINK_INSTALL=1 -DCMAKE_INSTALL_PREFIX=/home/sws/autoware/install/tier4_calibration_rviz_plugin
[9.508s] Invoking command in '/home/sws/autoware/build/tier4_calibration_rviz_plugin': AMENT_PREFIX_PATH=/home/sws/autoware/install/tier4_vehicle_msgs:/home/sws/autoware/install/tier4_control_msgs:/home/sws/autoware/install/autoware_cmake:/home/sws/autoware/install/autoware_lint_common:/home/sws/autoware/install/autoware_common_msgs:${AMENT_PREFIX_PATH} CMAKE_PREFIX_PATH=/home/sws/autoware/install/tier4_vehicle_msgs:/home/sws/autoware/install/tier4_control_msgs:/home/sws/autoware/install/autoware_cmake:/home/sws/autoware/install/autoware_lint_common:/home/sws/autoware/install/autoware_common_msgs:/opt/ros/humble LD_LIBRARY_PATH=/home/sws/autoware/install/tier4_vehicle_msgs/lib:/home/sws/autoware/install/tier4_control_msgs/lib:/home/sws/autoware/install/autoware_common_msgs/lib:${LD_LIBRARY_PATH} PYTHONPATH=/home/sws/autoware/install/tier4_vehicle_msgs/local/lib/python3.10/dist-packages:/home/sws/autoware/install/tier4_control_msgs/local/lib/python3.10/dist-packages:/home/sws/autoware/install/autoware_common_msgs/local/lib/python3.10/dist-packages:${PYTHONPATH} /usr/bin/cmake --build /home/sws/autoware/build/tier4_calibration_rviz_plugin -- -j16 -l16
[19.122s] [ 25%] [34m[1mAutomatic MOC for target tier4_calibration_rviz_plugin[0m
[19.122s] [ 25%] Built target tier4_calibration_rviz_plugin_autogen
[19.122s] [ 50%] [32mBuilding CXX object CMakeFiles/tier4_calibration_rviz_plugin.dir/tier4_calibration_rviz_plugin_autogen/mocs_compilation.cpp.o[0m
[19.122s] [ 75%] [32mBuilding CXX object CMakeFiles/tier4_calibration_rviz_plugin.dir/src/accel_brake_map_calibrator_button_panel.cpp.o[0m
[30.292s] [100%] [32m[1mLinking CXX shared library libtier4_calibration_rviz_plugin.so[0m
[32.040s] [100%] Built target tier4_calibration_rviz_plugin
[32.056s] Invoked command in '/home/sws/autoware/build/tier4_calibration_rviz_plugin' returned '0': AMENT_PREFIX_PATH=/home/sws/autoware/install/tier4_vehicle_msgs:/home/sws/autoware/install/tier4_control_msgs:/home/sws/autoware/install/autoware_cmake:/home/sws/autoware/install/autoware_lint_common:/home/sws/autoware/install/autoware_common_msgs:${AMENT_PREFIX_PATH} CMAKE_PREFIX_PATH=/home/sws/autoware/install/tier4_vehicle_msgs:/home/sws/autoware/install/tier4_control_msgs:/home/sws/autoware/install/autoware_cmake:/home/sws/autoware/install/autoware_lint_common:/home/sws/autoware/install/autoware_common_msgs:/opt/ros/humble LD_LIBRARY_PATH=/home/sws/autoware/install/tier4_vehicle_msgs/lib:/home/sws/autoware/install/tier4_control_msgs/lib:/home/sws/autoware/install/autoware_common_msgs/lib:${LD_LIBRARY_PATH} PYTHONPATH=/home/sws/autoware/install/tier4_vehicle_msgs/local/lib/python3.10/dist-packages:/home/sws/autoware/install/tier4_control_msgs/local/lib/python3.10/dist-packages:/home/sws/autoware/install/autoware_common_msgs/local/lib/python3.10/dist-packages:${PYTHONPATH} /usr/bin/cmake --build /home/sws/autoware/build/tier4_calibration_rviz_plugin -- -j16 -l16
[32.108s] Invoking command in '/home/sws/autoware/build/tier4_calibration_rviz_plugin': AMENT_PREFIX_PATH=/home/sws/autoware/install/tier4_vehicle_msgs:/home/sws/autoware/install/tier4_control_msgs:/home/sws/autoware/install/autoware_cmake:/home/sws/autoware/install/autoware_lint_common:/home/sws/autoware/install/autoware_common_msgs:${AMENT_PREFIX_PATH} CMAKE_PREFIX_PATH=/home/sws/autoware/install/tier4_vehicle_msgs:/home/sws/autoware/install/tier4_control_msgs:/home/sws/autoware/install/autoware_cmake:/home/sws/autoware/install/autoware_lint_common:/home/sws/autoware/install/autoware_common_msgs:/opt/ros/humble LD_LIBRARY_PATH=/home/sws/autoware/install/tier4_vehicle_msgs/lib:/home/sws/autoware/install/tier4_control_msgs/lib:/home/sws/autoware/install/autoware_common_msgs/lib:${LD_LIBRARY_PATH} PYTHONPATH=/home/sws/autoware/install/tier4_vehicle_msgs/local/lib/python3.10/dist-packages:/home/sws/autoware/install/tier4_control_msgs/local/lib/python3.10/dist-packages:/home/sws/autoware/install/autoware_common_msgs/local/lib/python3.10/dist-packages:${PYTHONPATH} /usr/bin/cmake --install /home/sws/autoware/build/tier4_calibration_rviz_plugin
[40.583s] -- Install configuration: "Release"
[40.584s] -- Execute custom install script
[40.584s] -- Symlinking: /home/sws/autoware/install/tier4_calibration_rviz_plugin/share/tier4_calibration_rviz_plugin/plugins/plugin_description.xml
[40.584s] -- Symlinking: /home/sws/autoware/install/tier4_calibration_rviz_plugin/share/tier4_calibration_rviz_plugin/environment/library_path.sh
[40.584s] -- Symlinking: /home/sws/autoware/install/tier4_calibration_rviz_plugin/share/tier4_calibration_rviz_plugin/environment/library_path.dsv
[40.584s] -- Symlinking: /home/sws/autoware/install/tier4_calibration_rviz_plugin/lib/libtier4_calibration_rviz_plugin.so
[40.584s] -- Up-to-date symlink: /home/sws/autoware/install/tier4_calibration_rviz_plugin/share/tier4_calibration_rviz_plugin/plugins/plugin_description.xml
[40.584s] -- Symlinking: /home/sws/autoware/install/tier4_calibration_rviz_plugin/share/ament_index/resource_index/package_run_dependencies/tier4_calibration_rviz_plugin
[40.584s] -- Symlinking: /home/sws/autoware/install/tier4_calibration_rviz_plugin/share/ament_index/resource_index/parent_prefix_path/tier4_calibration_rviz_plugin
[40.584s] -- Symlinking: /home/sws/autoware/install/tier4_calibration_rviz_plugin/share/tier4_calibration_rviz_plugin/environment/ament_prefix_path.sh
[40.584s] -- Symlinking: /home/sws/autoware/install/tier4_calibration_rviz_plugin/share/tier4_calibration_rviz_plugin/environment/ament_prefix_path.dsv
[40.584s] -- Symlinking: /home/sws/autoware/install/tier4_calibration_rviz_plugin/share/tier4_calibration_rviz_plugin/environment/path.sh
[40.584s] -- Symlinking: /home/sws/autoware/install/tier4_calibration_rviz_plugin/share/tier4_calibration_rviz_plugin/environment/path.dsv
[40.584s] -- Symlinking: /home/sws/autoware/install/tier4_calibration_rviz_plugin/share/tier4_calibration_rviz_plugin/local_setup.bash
[40.584s] -- Symlinking: /home/sws/autoware/install/tier4_calibration_rviz_plugin/share/tier4_calibration_rviz_plugin/local_setup.sh
[40.584s] -- Symlinking: /home/sws/autoware/install/tier4_calibration_rviz_plugin/share/tier4_calibration_rviz_plugin/local_setup.zsh
[40.585s] -- Symlinking: /home/sws/autoware/install/tier4_calibration_rviz_plugin/share/tier4_calibration_rviz_plugin/local_setup.dsv
[40.585s] -- Symlinking: /home/sws/autoware/install/tier4_calibration_rviz_plugin/share/tier4_calibration_rviz_plugin/package.dsv
[40.585s] -- Symlinking: /home/sws/autoware/install/tier4_calibration_rviz_plugin/share/ament_index/resource_index/packages/tier4_calibration_rviz_plugin
[40.585s] -- Symlinking: /home/sws/autoware/install/tier4_calibration_rviz_plugin/share/ament_index/resource_index/rviz_common__pluginlib__plugin/tier4_calibration_rviz_plugin
[40.585s] -- Symlinking: /home/sws/autoware/install/tier4_calibration_rviz_plugin/share/tier4_calibration_rviz_plugin/cmake/ament_cmake_export_dependencies-extras.cmake
[40.585s] -- Symlinking: /home/sws/autoware/install/tier4_calibration_rviz_plugin/share/tier4_calibration_rviz_plugin/cmake/ament_cmake_export_libraries-extras.cmake
[40.585s] -- Symlinking: /home/sws/autoware/install/tier4_calibration_rviz_plugin/share/tier4_calibration_rviz_plugin/cmake/tier4_calibration_rviz_pluginConfig.cmake
[40.585s] -- Symlinking: /home/sws/autoware/install/tier4_calibration_rviz_plugin/share/tier4_calibration_rviz_plugin/cmake/tier4_calibration_rviz_pluginConfig-version.cmake
[40.588s] -- Symlinking: /home/sws/autoware/install/tier4_calibration_rviz_plugin/share/tier4_calibration_rviz_plugin/package.xml
[40.602s] Invoked command in '/home/sws/autoware/build/tier4_calibration_rviz_plugin' returned '0': AMENT_PREFIX_PATH=/home/sws/autoware/install/tier4_vehicle_msgs:/home/sws/autoware/install/tier4_control_msgs:/home/sws/autoware/install/autoware_cmake:/home/sws/autoware/install/autoware_lint_common:/home/sws/autoware/install/autoware_common_msgs:${AMENT_PREFIX_PATH} CMAKE_PREFIX_PATH=/home/sws/autoware/install/tier4_vehicle_msgs:/home/sws/autoware/install/tier4_control_msgs:/home/sws/autoware/install/autoware_cmake:/home/sws/autoware/install/autoware_lint_common:/home/sws/autoware/install/autoware_common_msgs:/opt/ros/humble LD_LIBRARY_PATH=/home/sws/autoware/install/tier4_vehicle_msgs/lib:/home/sws/autoware/install/tier4_control_msgs/lib:/home/sws/autoware/install/autoware_common_msgs/lib:${LD_LIBRARY_PATH} PYTHONPATH=/home/sws/autoware/install/tier4_vehicle_msgs/local/lib/python3.10/dist-packages:/home/sws/autoware/install/tier4_control_msgs/local/lib/python3.10/dist-packages:/home/sws/autoware/install/autoware_common_msgs/local/lib/python3.10/dist-packages:${PYTHONPATH} /usr/bin/cmake --install /home/sws/autoware/build/tier4_calibration_rviz_plugin
