[0.105s] Invoking command in '/home/sws/autoware/build/detected_object_feature_remover': AMENT_PREFIX_PATH=/home/sws/autoware/install/tier4_perception_msgs:/home/sws/autoware/install/autoware_cmake:/home/sws/autoware/install/autoware_auto_perception_msgs:/home/sws/autoware/install/autoware_lint_common:/home/sws/autoware/install/autoware_auto_geometry_msgs:${AMENT_PREFIX_PATH} CMAKE_PREFIX_PATH=/home/sws/autoware/install/tier4_perception_msgs:/home/sws/autoware/install/autoware_cmake:/home/sws/autoware/install/autoware_auto_perception_msgs:/home/sws/autoware/install/autoware_lint_common:/home/sws/autoware/install/autoware_auto_geometry_msgs:/opt/ros/humble LD_LIBRARY_PATH=/home/sws/autoware/install/tier4_perception_msgs/lib:/home/sws/autoware/install/autoware_auto_perception_msgs/lib:/home/sws/autoware/install/autoware_auto_geometry_msgs/lib:${LD_LIBRARY_PATH} PYTHONPATH=/home/sws/autoware/install/tier4_perception_msgs/local/lib/python3.10/dist-packages:/home/sws/autoware/install/autoware_auto_perception_msgs/local/lib/python3.10/dist-packages:/home/sws/autoware/install/autoware_auto_geometry_msgs/local/lib/python3.10/dist-packages:${PYTHONPATH} /usr/bin/cmake /home/sws/autoware/src/universe/autoware.universe/perception/detected_object_feature_remover -DCMAKE_BUILD_TYPE=Release -DAMENT_CMAKE_SYMLINK_INSTALL=1 -DCMAKE_INSTALL_PREFIX=/home/sws/autoware/install/detected_object_feature_remover
[8.351s] -- The C compiler identification is GNU 11.3.0
[8.351s] -- The CXX compiler identification is GNU 11.3.0
[8.352s] -- Detecting C compiler ABI info
[8.352s] -- Detecting C compiler ABI info - done
[8.352s] -- Check for working C compiler: /usr/bin/cc - skipped
[8.352s] -- Detecting C compile features
[8.352s] -- Detecting C compile features - done
[8.352s] -- Detecting CXX compiler ABI info
[8.352s] -- Detecting CXX compiler ABI info - done
[8.352s] -- Check for working CXX compiler: /usr/bin/c++ - skipped
[8.352s] -- Detecting CXX compile features
[8.352s] -- Detecting CXX compile features - done
[8.352s] -- Found autoware_cmake: 0.1.0 (/home/sws/autoware/install/autoware_cmake/share/autoware_cmake/cmake)
[8.352s] -- Found Python3: /usr/bin/python3.10 (found version "3.10.6") found components: Interpreter 
[8.353s] -- Override CMake install command with custom implementation using symlinks instead of copying resources
[8.353s] -- Found rosidl_generator_c: 3.1.4 (/opt/ros/humble/share/rosidl_generator_c/cmake)
[8.353s] -- Found rosidl_adapter: 3.1.4 (/opt/ros/humble/share/rosidl_adapter/cmake)
[8.353s] -- Found rosidl_generator_cpp: 3.1.4 (/opt/ros/humble/share/rosidl_generator_cpp/cmake)
[8.353s] -- Using all available rosidl_typesupport_c: rosidl_typesupport_fastrtps_c;rosidl_typesupport_introspection_c
[8.353s] -- Using all available rosidl_typesupport_cpp: rosidl_typesupport_fastrtps_cpp;rosidl_typesupport_introspection_cpp
[8.353s] -- Found rmw_implementation_cmake: 6.1.1 (/opt/ros/humble/share/rmw_implementation_cmake/cmake)
[8.353s] -- Found rmw_fastrtps_cpp: 6.2.2 (/opt/ros/humble/share/rmw_fastrtps_cpp/cmake)
[8.353s] -- Found OpenSSL: /usr/lib/x86_64-linux-gnu/libcrypto.so (found version "3.0.2")  
[8.353s] -- Found FastRTPS: /opt/ros/humble/include  
[8.353s] -- Using RMW implementation 'rmw_fastrtps_cpp' as default
[8.354s] -- Looking for pthread.h
[8.354s] -- Looking for pthread.h - found
[8.354s] -- Performing Test CMAKE_HAVE_LIBC_PTHREAD
[8.354s] -- Performing Test CMAKE_HAVE_LIBC_PTHREAD - Success
[8.354s] -- Found Threads: TRUE  
[8.354s] -- Found ament_lint_auto: 0.12.5 (/opt/ros/humble/share/ament_lint_auto/cmake)
[8.354s] -- Added test 'copyright' to check source files copyright and LICENSE
[8.354s] -- Added test 'cppcheck' to perform static code analysis on C / C++ code
[8.354s] -- Configured cppcheck include dirs: /home/sws/autoware/src/universe/autoware.universe/perception/detected_object_feature_remover/include
[8.355s] -- Configured cppcheck exclude dirs and/or files: 
[8.355s] -- Added test 'lint_cmake' to check CMake code style
[8.355s] -- Added test 'xmllint' to check XML markup files
[8.355s] -- Configuring done
[8.355s] -- Generating done
[8.355s] -- Build files have been written to: /home/sws/autoware/build/detected_object_feature_remover
[8.388s] Invoked command in '/home/sws/autoware/build/detected_object_feature_remover' returned '0': AMENT_PREFIX_PATH=/home/sws/autoware/install/tier4_perception_msgs:/home/sws/autoware/install/autoware_cmake:/home/sws/autoware/install/autoware_auto_perception_msgs:/home/sws/autoware/install/autoware_lint_common:/home/sws/autoware/install/autoware_auto_geometry_msgs:${AMENT_PREFIX_PATH} CMAKE_PREFIX_PATH=/home/sws/autoware/install/tier4_perception_msgs:/home/sws/autoware/install/autoware_cmake:/home/sws/autoware/install/autoware_auto_perception_msgs:/home/sws/autoware/install/autoware_lint_common:/home/sws/autoware/install/autoware_auto_geometry_msgs:/opt/ros/humble LD_LIBRARY_PATH=/home/sws/autoware/install/tier4_perception_msgs/lib:/home/sws/autoware/install/autoware_auto_perception_msgs/lib:/home/sws/autoware/install/autoware_auto_geometry_msgs/lib:${LD_LIBRARY_PATH} PYTHONPATH=/home/sws/autoware/install/tier4_perception_msgs/local/lib/python3.10/dist-packages:/home/sws/autoware/install/autoware_auto_perception_msgs/local/lib/python3.10/dist-packages:/home/sws/autoware/install/autoware_auto_geometry_msgs/local/lib/python3.10/dist-packages:${PYTHONPATH} /usr/bin/cmake /home/sws/autoware/src/universe/autoware.universe/perception/detected_object_feature_remover -DCMAKE_BUILD_TYPE=Release -DAMENT_CMAKE_SYMLINK_INSTALL=1 -DCMAKE_INSTALL_PREFIX=/home/sws/autoware/install/detected_object_feature_remover
[8.390s] Invoking command in '/home/sws/autoware/build/detected_object_feature_remover': AMENT_PREFIX_PATH=/home/sws/autoware/install/tier4_perception_msgs:/home/sws/autoware/install/autoware_cmake:/home/sws/autoware/install/autoware_auto_perception_msgs:/home/sws/autoware/install/autoware_lint_common:/home/sws/autoware/install/autoware_auto_geometry_msgs:${AMENT_PREFIX_PATH} CMAKE_PREFIX_PATH=/home/sws/autoware/install/tier4_perception_msgs:/home/sws/autoware/install/autoware_cmake:/home/sws/autoware/install/autoware_auto_perception_msgs:/home/sws/autoware/install/autoware_lint_common:/home/sws/autoware/install/autoware_auto_geometry_msgs:/opt/ros/humble LD_LIBRARY_PATH=/home/sws/autoware/install/tier4_perception_msgs/lib:/home/sws/autoware/install/autoware_auto_perception_msgs/lib:/home/sws/autoware/install/autoware_auto_geometry_msgs/lib:${LD_LIBRARY_PATH} PYTHONPATH=/home/sws/autoware/install/tier4_perception_msgs/local/lib/python3.10/dist-packages:/home/sws/autoware/install/autoware_auto_perception_msgs/local/lib/python3.10/dist-packages:/home/sws/autoware/install/autoware_auto_geometry_msgs/local/lib/python3.10/dist-packages:${PYTHONPATH} /usr/bin/cmake --build /home/sws/autoware/build/detected_object_feature_remover -- -j16 -l16
[14.282s] [ 25%] [32mBuilding CXX object CMakeFiles/detected_object_feature_remover_node.dir/src/detected_object_feature_remover.cpp.o[0m
[24.178s] [ 50%] [32m[1mLinking CXX shared library libdetected_object_feature_remover_node.so[0m
[24.750s] [ 50%] Built target detected_object_feature_remover_node
[24.888s] [ 75%] [32mBuilding CXX object CMakeFiles/detected_object_feature_remover.dir/rclcpp_components/node_main_detected_object_feature_remover.cpp.o[0m
[31.594s] [100%] [32m[1mLinking CXX executable detected_object_feature_remover[0m
[31.757s] [100%] Built target detected_object_feature_remover
[31.795s] Invoked command in '/home/sws/autoware/build/detected_object_feature_remover' returned '0': AMENT_PREFIX_PATH=/home/sws/autoware/install/tier4_perception_msgs:/home/sws/autoware/install/autoware_cmake:/home/sws/autoware/install/autoware_auto_perception_msgs:/home/sws/autoware/install/autoware_lint_common:/home/sws/autoware/install/autoware_auto_geometry_msgs:${AMENT_PREFIX_PATH} CMAKE_PREFIX_PATH=/home/sws/autoware/install/tier4_perception_msgs:/home/sws/autoware/install/autoware_cmake:/home/sws/autoware/install/autoware_auto_perception_msgs:/home/sws/autoware/install/autoware_lint_common:/home/sws/autoware/install/autoware_auto_geometry_msgs:/opt/ros/humble LD_LIBRARY_PATH=/home/sws/autoware/install/tier4_perception_msgs/lib:/home/sws/autoware/install/autoware_auto_perception_msgs/lib:/home/sws/autoware/install/autoware_auto_geometry_msgs/lib:${LD_LIBRARY_PATH} PYTHONPATH=/home/sws/autoware/install/tier4_perception_msgs/local/lib/python3.10/dist-packages:/home/sws/autoware/install/autoware_auto_perception_msgs/local/lib/python3.10/dist-packages:/home/sws/autoware/install/autoware_auto_geometry_msgs/local/lib/python3.10/dist-packages:${PYTHONPATH} /usr/bin/cmake --build /home/sws/autoware/build/detected_object_feature_remover -- -j16 -l16
[31.911s] Invoking command in '/home/sws/autoware/build/detected_object_feature_remover': AMENT_PREFIX_PATH=/home/sws/autoware/install/tier4_perception_msgs:/home/sws/autoware/install/autoware_cmake:/home/sws/autoware/install/autoware_auto_perception_msgs:/home/sws/autoware/install/autoware_lint_common:/home/sws/autoware/install/autoware_auto_geometry_msgs:${AMENT_PREFIX_PATH} CMAKE_PREFIX_PATH=/home/sws/autoware/install/tier4_perception_msgs:/home/sws/autoware/install/autoware_cmake:/home/sws/autoware/install/autoware_auto_perception_msgs:/home/sws/autoware/install/autoware_lint_common:/home/sws/autoware/install/autoware_auto_geometry_msgs:/opt/ros/humble LD_LIBRARY_PATH=/home/sws/autoware/install/tier4_perception_msgs/lib:/home/sws/autoware/install/autoware_auto_perception_msgs/lib:/home/sws/autoware/install/autoware_auto_geometry_msgs/lib:${LD_LIBRARY_PATH} PYTHONPATH=/home/sws/autoware/install/tier4_perception_msgs/local/lib/python3.10/dist-packages:/home/sws/autoware/install/autoware_auto_perception_msgs/local/lib/python3.10/dist-packages:/home/sws/autoware/install/autoware_auto_geometry_msgs/local/lib/python3.10/dist-packages:${PYTHONPATH} /usr/bin/cmake --install /home/sws/autoware/build/detected_object_feature_remover
[33.700s] -- Install configuration: "Release"
[33.700s] -- Execute custom install script
[33.700s] -- Symlinking: /home/sws/autoware/install/detected_object_feature_remover/lib/detected_object_feature_remover/detected_object_feature_remover
[33.700s] -- Symlinking: /home/sws/autoware/install/detected_object_feature_remover/include/detected_object_feature_remover/detected_object_feature_remover.hpp
[33.700s] -- Symlinking: /home/sws/autoware/install/detected_object_feature_remover/share/detected_object_feature_remover/environment/library_path.sh
[33.700s] -- Symlinking: /home/sws/autoware/install/detected_object_feature_remover/share/detected_object_feature_remover/environment/library_path.dsv
[33.700s] -- Symlinking: /home/sws/autoware/install/detected_object_feature_remover/lib/libdetected_object_feature_remover_node.so
[33.700s] -- Symlinking: /home/sws/autoware/install/detected_object_feature_remover/share/detected_object_feature_remover/launch/detected_object_feature_remover.launch.xml
[33.700s] -- Symlinking: /home/sws/autoware/install/detected_object_feature_remover/share/ament_index/resource_index/package_run_dependencies/detected_object_feature_remover
[33.701s] -- Symlinking: /home/sws/autoware/install/detected_object_feature_remover/share/ament_index/resource_index/parent_prefix_path/detected_object_feature_remover
[33.701s] -- Symlinking: /home/sws/autoware/install/detected_object_feature_remover/share/detected_object_feature_remover/environment/ament_prefix_path.sh
[33.701s] -- Symlinking: /home/sws/autoware/install/detected_object_feature_remover/share/detected_object_feature_remover/environment/ament_prefix_path.dsv
[33.701s] -- Symlinking: /home/sws/autoware/install/detected_object_feature_remover/share/detected_object_feature_remover/environment/path.sh
[33.701s] -- Symlinking: /home/sws/autoware/install/detected_object_feature_remover/share/detected_object_feature_remover/environment/path.dsv
[33.701s] -- Symlinking: /home/sws/autoware/install/detected_object_feature_remover/share/detected_object_feature_remover/local_setup.bash
[33.701s] -- Symlinking: /home/sws/autoware/install/detected_object_feature_remover/share/detected_object_feature_remover/local_setup.sh
[33.701s] -- Symlinking: /home/sws/autoware/install/detected_object_feature_remover/share/detected_object_feature_remover/local_setup.zsh
[33.701s] -- Symlinking: /home/sws/autoware/install/detected_object_feature_remover/share/detected_object_feature_remover/local_setup.dsv
[33.701s] -- Symlinking: /home/sws/autoware/install/detected_object_feature_remover/share/detected_object_feature_remover/package.dsv
[33.702s] -- Symlinking: /home/sws/autoware/install/detected_object_feature_remover/share/ament_index/resource_index/packages/detected_object_feature_remover
[33.702s] -- Symlinking: /home/sws/autoware/install/detected_object_feature_remover/share/ament_index/resource_index/rclcpp_components/detected_object_feature_remover
[33.702s] -- Symlinking: /home/sws/autoware/install/detected_object_feature_remover/share/detected_object_feature_remover/cmake/ament_cmake_export_dependencies-extras.cmake
[33.702s] -- Symlinking: /home/sws/autoware/install/detected_object_feature_remover/share/detected_object_feature_remover/cmake/ament_cmake_export_include_directories-extras.cmake
[33.702s] -- Symlinking: /home/sws/autoware/install/detected_object_feature_remover/share/detected_object_feature_remover/cmake/ament_cmake_export_libraries-extras.cmake
[33.702s] -- Symlinking: /home/sws/autoware/install/detected_object_feature_remover/share/detected_object_feature_remover/cmake/detected_object_feature_removerConfig.cmake
[33.702s] -- Symlinking: /home/sws/autoware/install/detected_object_feature_remover/share/detected_object_feature_remover/cmake/detected_object_feature_removerConfig-version.cmake
[33.702s] -- Symlinking: /home/sws/autoware/install/detected_object_feature_remover/share/detected_object_feature_remover/package.xml
[33.799s] Invoked command in '/home/sws/autoware/build/detected_object_feature_remover' returned '0': AMENT_PREFIX_PATH=/home/sws/autoware/install/tier4_perception_msgs:/home/sws/autoware/install/autoware_cmake:/home/sws/autoware/install/autoware_auto_perception_msgs:/home/sws/autoware/install/autoware_lint_common:/home/sws/autoware/install/autoware_auto_geometry_msgs:${AMENT_PREFIX_PATH} CMAKE_PREFIX_PATH=/home/sws/autoware/install/tier4_perception_msgs:/home/sws/autoware/install/autoware_cmake:/home/sws/autoware/install/autoware_auto_perception_msgs:/home/sws/autoware/install/autoware_lint_common:/home/sws/autoware/install/autoware_auto_geometry_msgs:/opt/ros/humble LD_LIBRARY_PATH=/home/sws/autoware/install/tier4_perception_msgs/lib:/home/sws/autoware/install/autoware_auto_perception_msgs/lib:/home/sws/autoware/install/autoware_auto_geometry_msgs/lib:${LD_LIBRARY_PATH} PYTHONPATH=/home/sws/autoware/install/tier4_perception_msgs/local/lib/python3.10/dist-packages:/home/sws/autoware/install/autoware_auto_perception_msgs/local/lib/python3.10/dist-packages:/home/sws/autoware/install/autoware_auto_geometry_msgs/local/lib/python3.10/dist-packages:${PYTHONPATH} /usr/bin/cmake --install /home/sws/autoware/build/detected_object_feature_remover
