[0.047s] Invoking command in '/home/sws/autoware/build/multi_object_tracker': AMENT_PREFIX_PATH=/home/sws/autoware/install/perception_utils:/home/sws/autoware/install/interpolation:/home/sws/autoware/install/tier4_autoware_utils:/home/sws/autoware/install/tier4_perception_msgs:/home/sws/autoware/install/kalman_filter:/home/sws/autoware/install/autoware_auto_vehicle_msgs:/home/sws/autoware/install/autoware_cmake:/home/sws/autoware/install/autoware_auto_planning_msgs:/home/sws/autoware/install/autoware_auto_perception_msgs:/home/sws/autoware/install/tier4_debug_msgs:/home/sws/autoware/install/mussp:/home/sws/autoware/install/autoware_lint_common:/home/sws/autoware/install/autoware_auto_mapping_msgs:/home/sws/autoware/install/autoware_auto_geometry_msgs:${AMENT_PREFIX_PATH} CMAKE_PREFIX_PATH=/home/sws/autoware/install/perception_utils:/home/sws/autoware/install/interpolation:/home/sws/autoware/install/tier4_autoware_utils:/home/sws/autoware/install/tier4_perception_msgs:/home/sws/autoware/install/kalman_filter:/home/sws/autoware/install/autoware_auto_vehicle_msgs:/home/sws/autoware/install/autoware_cmake:/home/sws/autoware/install/autoware_auto_planning_msgs:/home/sws/autoware/install/autoware_auto_perception_msgs:/home/sws/autoware/install/tier4_debug_msgs:/home/sws/autoware/install/mussp:/home/sws/autoware/install/autoware_lint_common:/home/sws/autoware/install/autoware_auto_mapping_msgs:/home/sws/autoware/install/autoware_auto_geometry_msgs:/opt/ros/humble LD_LIBRARY_PATH=/home/sws/autoware/install/perception_utils/lib:/home/sws/autoware/install/interpolation/lib:/home/sws/autoware/install/tier4_autoware_utils/lib:/home/sws/autoware/install/tier4_perception_msgs/lib:/home/sws/autoware/install/kalman_filter/lib:/home/sws/autoware/install/autoware_auto_vehicle_msgs/lib:/home/sws/autoware/install/autoware_auto_planning_msgs/lib:/home/sws/autoware/install/autoware_auto_perception_msgs/lib:/home/sws/autoware/install/tier4_debug_msgs/lib:/home/sws/autoware/install/mussp/lib:/home/sws/autoware/install/autoware_auto_mapping_msgs/lib:/home/sws/autoware/install/autoware_auto_geometry_msgs/lib:${LD_LIBRARY_PATH} PYTHONPATH=/home/sws/autoware/install/tier4_perception_msgs/local/lib/python3.10/dist-packages:/home/sws/autoware/install/autoware_auto_vehicle_msgs/local/lib/python3.10/dist-packages:/home/sws/autoware/install/autoware_auto_planning_msgs/local/lib/python3.10/dist-packages:/home/sws/autoware/install/autoware_auto_perception_msgs/local/lib/python3.10/dist-packages:/home/sws/autoware/install/tier4_debug_msgs/local/lib/python3.10/dist-packages:/home/sws/autoware/install/autoware_auto_mapping_msgs/local/lib/python3.10/dist-packages:/home/sws/autoware/install/autoware_auto_geometry_msgs/local/lib/python3.10/dist-packages:${PYTHONPATH} /usr/bin/cmake /home/sws/autoware/src/universe/autoware.universe/perception/multi_object_tracker -DCMAKE_BUILD_TYPE=Release -DAMENT_CMAKE_SYMLINK_INSTALL=1 -DCMAKE_INSTALL_PREFIX=/home/sws/autoware/install/multi_object_tracker
[30.744s] -- The C compiler identification is GNU 11.3.0
[30.745s] -- The CXX compiler identification is GNU 11.3.0
[30.745s] -- Detecting C compiler ABI info
[30.746s] -- Detecting C compiler ABI info - done
[30.746s] -- Check for working C compiler: /usr/bin/cc - skipped
[30.746s] -- Detecting C compile features
[30.746s] -- Detecting C compile features - done
[30.746s] -- Detecting CXX compiler ABI info
[30.746s] -- Detecting CXX compiler ABI info - done
[30.746s] -- Check for working CXX compiler: /usr/bin/c++ - skipped
[30.747s] -- Detecting CXX compile features
[30.747s] -- Detecting CXX compile features - done
[30.747s] -- Found autoware_cmake: 0.1.0 (/home/sws/autoware/install/autoware_cmake/share/autoware_cmake/cmake)
[30.747s] -- Found Python3: /usr/bin/python3.10 (found version "3.10.6") found components: Interpreter 
[30.747s] -- Override CMake install command with custom implementation using symlinks instead of copying resources
[30.747s] -- Found rosidl_generator_c: 3.1.4 (/opt/ros/humble/share/rosidl_generator_c/cmake)
[30.747s] -- Found rosidl_adapter: 3.1.4 (/opt/ros/humble/share/rosidl_adapter/cmake)
[30.747s] -- Found rosidl_generator_cpp: 3.1.4 (/opt/ros/humble/share/rosidl_generator_cpp/cmake)
[30.747s] -- Using all available rosidl_typesupport_c: rosidl_typesupport_fastrtps_c;rosidl_typesupport_introspection_c
[30.747s] -- Using all available rosidl_typesupport_cpp: rosidl_typesupport_fastrtps_cpp;rosidl_typesupport_introspection_cpp
[30.747s] -- Found rmw_implementation_cmake: 6.1.1 (/opt/ros/humble/share/rmw_implementation_cmake/cmake)
[30.747s] -- Found rmw_fastrtps_cpp: 6.2.2 (/opt/ros/humble/share/rmw_fastrtps_cpp/cmake)
[30.748s] -- Found OpenSSL: /usr/lib/x86_64-linux-gnu/libcrypto.so (found version "3.0.2")  
[30.748s] -- Found FastRTPS: /opt/ros/humble/include  
[30.748s] -- Using RMW implementation 'rmw_fastrtps_cpp' as default
[30.748s] -- Looking for pthread.h
[30.748s] -- Looking for pthread.h - found
[30.748s] -- Performing Test CMAKE_HAVE_LIBC_PTHREAD
[30.748s] -- Performing Test CMAKE_HAVE_LIBC_PTHREAD - Success
[30.748s] -- Found Threads: TRUE  
[30.748s] -- Found eigen3_cmake_module: 0.1.1 (/opt/ros/humble/share/eigen3_cmake_module/cmake)
[30.748s] -- Found Eigen3: TRUE (found version "3.4.0") 
[30.749s] -- Ensuring Eigen3 include directory is part of orocos-kdl CMake target
[30.749s] -- Found ament_lint_auto: 0.12.5 (/opt/ros/humble/share/ament_lint_auto/cmake)
[30.749s] -- Added test 'copyright' to check source files copyright and LICENSE
[30.750s] -- Added test 'cppcheck' to perform static code analysis on C / C++ code
[30.754s] -- Configured cppcheck include dirs: /home/sws/autoware/src/universe/autoware.universe/perception/multi_object_tracker/include
[30.754s] -- Configured cppcheck exclude dirs and/or files: 
[30.754s] -- Added test 'lint_cmake' to check CMake code style
[30.754s] -- Added test 'xmllint' to check XML markup files
[30.754s] -- Configuring done
[30.755s] -- Generating done
[30.755s] -- Build files have been written to: /home/sws/autoware/build/multi_object_tracker
[30.785s] Invoked command in '/home/sws/autoware/build/multi_object_tracker' returned '0': AMENT_PREFIX_PATH=/home/sws/autoware/install/perception_utils:/home/sws/autoware/install/interpolation:/home/sws/autoware/install/tier4_autoware_utils:/home/sws/autoware/install/tier4_perception_msgs:/home/sws/autoware/install/kalman_filter:/home/sws/autoware/install/autoware_auto_vehicle_msgs:/home/sws/autoware/install/autoware_cmake:/home/sws/autoware/install/autoware_auto_planning_msgs:/home/sws/autoware/install/autoware_auto_perception_msgs:/home/sws/autoware/install/tier4_debug_msgs:/home/sws/autoware/install/mussp:/home/sws/autoware/install/autoware_lint_common:/home/sws/autoware/install/autoware_auto_mapping_msgs:/home/sws/autoware/install/autoware_auto_geometry_msgs:${AMENT_PREFIX_PATH} CMAKE_PREFIX_PATH=/home/sws/autoware/install/perception_utils:/home/sws/autoware/install/interpolation:/home/sws/autoware/install/tier4_autoware_utils:/home/sws/autoware/install/tier4_perception_msgs:/home/sws/autoware/install/kalman_filter:/home/sws/autoware/install/autoware_auto_vehicle_msgs:/home/sws/autoware/install/autoware_cmake:/home/sws/autoware/install/autoware_auto_planning_msgs:/home/sws/autoware/install/autoware_auto_perception_msgs:/home/sws/autoware/install/tier4_debug_msgs:/home/sws/autoware/install/mussp:/home/sws/autoware/install/autoware_lint_common:/home/sws/autoware/install/autoware_auto_mapping_msgs:/home/sws/autoware/install/autoware_auto_geometry_msgs:/opt/ros/humble LD_LIBRARY_PATH=/home/sws/autoware/install/perception_utils/lib:/home/sws/autoware/install/interpolation/lib:/home/sws/autoware/install/tier4_autoware_utils/lib:/home/sws/autoware/install/tier4_perception_msgs/lib:/home/sws/autoware/install/kalman_filter/lib:/home/sws/autoware/install/autoware_auto_vehicle_msgs/lib:/home/sws/autoware/install/autoware_auto_planning_msgs/lib:/home/sws/autoware/install/autoware_auto_perception_msgs/lib:/home/sws/autoware/install/tier4_debug_msgs/lib:/home/sws/autoware/install/mussp/lib:/home/sws/autoware/install/autoware_auto_mapping_msgs/lib:/home/sws/autoware/install/autoware_auto_geometry_msgs/lib:${LD_LIBRARY_PATH} PYTHONPATH=/home/sws/autoware/install/tier4_perception_msgs/local/lib/python3.10/dist-packages:/home/sws/autoware/install/autoware_auto_vehicle_msgs/local/lib/python3.10/dist-packages:/home/sws/autoware/install/autoware_auto_planning_msgs/local/lib/python3.10/dist-packages:/home/sws/autoware/install/autoware_auto_perception_msgs/local/lib/python3.10/dist-packages:/home/sws/autoware/install/tier4_debug_msgs/local/lib/python3.10/dist-packages:/home/sws/autoware/install/autoware_auto_mapping_msgs/local/lib/python3.10/dist-packages:/home/sws/autoware/install/autoware_auto_geometry_msgs/local/lib/python3.10/dist-packages:${PYTHONPATH} /usr/bin/cmake /home/sws/autoware/src/universe/autoware.universe/perception/multi_object_tracker -DCMAKE_BUILD_TYPE=Release -DAMENT_CMAKE_SYMLINK_INSTALL=1 -DCMAKE_INSTALL_PREFIX=/home/sws/autoware/install/multi_object_tracker
[30.785s] Invoking command in '/home/sws/autoware/build/multi_object_tracker': AMENT_PREFIX_PATH=/home/sws/autoware/install/perception_utils:/home/sws/autoware/install/interpolation:/home/sws/autoware/install/tier4_autoware_utils:/home/sws/autoware/install/tier4_perception_msgs:/home/sws/autoware/install/kalman_filter:/home/sws/autoware/install/autoware_auto_vehicle_msgs:/home/sws/autoware/install/autoware_cmake:/home/sws/autoware/install/autoware_auto_planning_msgs:/home/sws/autoware/install/autoware_auto_perception_msgs:/home/sws/autoware/install/tier4_debug_msgs:/home/sws/autoware/install/mussp:/home/sws/autoware/install/autoware_lint_common:/home/sws/autoware/install/autoware_auto_mapping_msgs:/home/sws/autoware/install/autoware_auto_geometry_msgs:${AMENT_PREFIX_PATH} CMAKE_PREFIX_PATH=/home/sws/autoware/install/perception_utils:/home/sws/autoware/install/interpolation:/home/sws/autoware/install/tier4_autoware_utils:/home/sws/autoware/install/tier4_perception_msgs:/home/sws/autoware/install/kalman_filter:/home/sws/autoware/install/autoware_auto_vehicle_msgs:/home/sws/autoware/install/autoware_cmake:/home/sws/autoware/install/autoware_auto_planning_msgs:/home/sws/autoware/install/autoware_auto_perception_msgs:/home/sws/autoware/install/tier4_debug_msgs:/home/sws/autoware/install/mussp:/home/sws/autoware/install/autoware_lint_common:/home/sws/autoware/install/autoware_auto_mapping_msgs:/home/sws/autoware/install/autoware_auto_geometry_msgs:/opt/ros/humble LD_LIBRARY_PATH=/home/sws/autoware/install/perception_utils/lib:/home/sws/autoware/install/interpolation/lib:/home/sws/autoware/install/tier4_autoware_utils/lib:/home/sws/autoware/install/tier4_perception_msgs/lib:/home/sws/autoware/install/kalman_filter/lib:/home/sws/autoware/install/autoware_auto_vehicle_msgs/lib:/home/sws/autoware/install/autoware_auto_planning_msgs/lib:/home/sws/autoware/install/autoware_auto_perception_msgs/lib:/home/sws/autoware/install/tier4_debug_msgs/lib:/home/sws/autoware/install/mussp/lib:/home/sws/autoware/install/autoware_auto_mapping_msgs/lib:/home/sws/autoware/install/autoware_auto_geometry_msgs/lib:${LD_LIBRARY_PATH} PYTHONPATH=/home/sws/autoware/install/tier4_perception_msgs/local/lib/python3.10/dist-packages:/home/sws/autoware/install/autoware_auto_vehicle_msgs/local/lib/python3.10/dist-packages:/home/sws/autoware/install/autoware_auto_planning_msgs/local/lib/python3.10/dist-packages:/home/sws/autoware/install/autoware_auto_perception_msgs/local/lib/python3.10/dist-packages:/home/sws/autoware/install/tier4_debug_msgs/local/lib/python3.10/dist-packages:/home/sws/autoware/install/autoware_auto_mapping_msgs/local/lib/python3.10/dist-packages:/home/sws/autoware/install/autoware_auto_geometry_msgs/local/lib/python3.10/dist-packages:${PYTHONPATH} /usr/bin/cmake --build /home/sws/autoware/build/multi_object_tracker -- -j16 -l16
[30.833s] [  6%] [32mBuilding CXX object CMakeFiles/multi_object_tracker.dir/rclcpp_components/node_main_multi_object_tracker.cpp.o[0m
[30.848s] [ 12%] [32mBuilding CXX object CMakeFiles/mu_successive_shortest_path.dir/src/data_association/mu_successive_shortest_path/mu_successive_shortest_path_wrapper.cpp.o[0m
[31.598s] [ 18%] [32m[1mLinking CXX shared library libmu_successive_shortest_path.so[0m
[33.433s] [ 18%] Built target mu_successive_shortest_path
[33.517s] [ 25%] [32mBuilding CXX object CMakeFiles/multi_object_tracker_node.dir/src/multi_object_tracker_core.cpp.o[0m
[33.540s] [ 31%] [32mBuilding CXX object CMakeFiles/multi_object_tracker_node.dir/src/tracker/model/tracker_base.cpp.o[0m
[37.345s] [ 37%] [32m[1mLinking CXX executable multi_object_tracker[0m
[37.636s] [ 37%] Built target multi_object_tracker
[76.593s] [ 43%] [32mBuilding CXX object CMakeFiles/multi_object_tracker_node.dir/src/data_association/data_association.cpp.o[0m
[76.610s] [ 50%] [32mBuilding CXX object CMakeFiles/multi_object_tracker_node.dir/src/tracker/model/pass_through_tracker.cpp.o[0m
[76.647s] [ 56%] [32mBuilding CXX object CMakeFiles/multi_object_tracker_node.dir/src/tracker/model/unknown_tracker.cpp.o[0m
[107.760s] [ 62%] [32mBuilding CXX object CMakeFiles/multi_object_tracker_node.dir/src/tracker/model/pedestrian_and_bicycle_tracker.cpp.o[0m
[121.790s] [ 68%] [32mBuilding CXX object CMakeFiles/multi_object_tracker_node.dir/src/tracker/model/pedestrian_tracker.cpp.o[0m
[138.477s] [ 75%] [32mBuilding CXX object CMakeFiles/multi_object_tracker_node.dir/src/tracker/model/bicycle_tracker.cpp.o[0m
[156.240s] [ 81%] [32mBuilding CXX object CMakeFiles/multi_object_tracker_node.dir/src/tracker/model/multiple_vehicle_tracker.cpp.o[0m
[172.367s] [ 87%] [32mBuilding CXX object CMakeFiles/multi_object_tracker_node.dir/src/tracker/model/normal_vehicle_tracker.cpp.o[0m
[188.853s] [ 93%] [32mBuilding CXX object CMakeFiles/multi_object_tracker_node.dir/src/tracker/model/big_vehicle_tracker.cpp.o[0m
[205.162s] [100%] [32m[1mLinking CXX shared library libmulti_object_tracker_node.so[0m
[205.702s] [100%] Built target multi_object_tracker_node
[205.723s] Invoked command in '/home/sws/autoware/build/multi_object_tracker' returned '0': AMENT_PREFIX_PATH=/home/sws/autoware/install/perception_utils:/home/sws/autoware/install/interpolation:/home/sws/autoware/install/tier4_autoware_utils:/home/sws/autoware/install/tier4_perception_msgs:/home/sws/autoware/install/kalman_filter:/home/sws/autoware/install/autoware_auto_vehicle_msgs:/home/sws/autoware/install/autoware_cmake:/home/sws/autoware/install/autoware_auto_planning_msgs:/home/sws/autoware/install/autoware_auto_perception_msgs:/home/sws/autoware/install/tier4_debug_msgs:/home/sws/autoware/install/mussp:/home/sws/autoware/install/autoware_lint_common:/home/sws/autoware/install/autoware_auto_mapping_msgs:/home/sws/autoware/install/autoware_auto_geometry_msgs:${AMENT_PREFIX_PATH} CMAKE_PREFIX_PATH=/home/sws/autoware/install/perception_utils:/home/sws/autoware/install/interpolation:/home/sws/autoware/install/tier4_autoware_utils:/home/sws/autoware/install/tier4_perception_msgs:/home/sws/autoware/install/kalman_filter:/home/sws/autoware/install/autoware_auto_vehicle_msgs:/home/sws/autoware/install/autoware_cmake:/home/sws/autoware/install/autoware_auto_planning_msgs:/home/sws/autoware/install/autoware_auto_perception_msgs:/home/sws/autoware/install/tier4_debug_msgs:/home/sws/autoware/install/mussp:/home/sws/autoware/install/autoware_lint_common:/home/sws/autoware/install/autoware_auto_mapping_msgs:/home/sws/autoware/install/autoware_auto_geometry_msgs:/opt/ros/humble LD_LIBRARY_PATH=/home/sws/autoware/install/perception_utils/lib:/home/sws/autoware/install/interpolation/lib:/home/sws/autoware/install/tier4_autoware_utils/lib:/home/sws/autoware/install/tier4_perception_msgs/lib:/home/sws/autoware/install/kalman_filter/lib:/home/sws/autoware/install/autoware_auto_vehicle_msgs/lib:/home/sws/autoware/install/autoware_auto_planning_msgs/lib:/home/sws/autoware/install/autoware_auto_perception_msgs/lib:/home/sws/autoware/install/tier4_debug_msgs/lib:/home/sws/autoware/install/mussp/lib:/home/sws/autoware/install/autoware_auto_mapping_msgs/lib:/home/sws/autoware/install/autoware_auto_geometry_msgs/lib:${LD_LIBRARY_PATH} PYTHONPATH=/home/sws/autoware/install/tier4_perception_msgs/local/lib/python3.10/dist-packages:/home/sws/autoware/install/autoware_auto_vehicle_msgs/local/lib/python3.10/dist-packages:/home/sws/autoware/install/autoware_auto_planning_msgs/local/lib/python3.10/dist-packages:/home/sws/autoware/install/autoware_auto_perception_msgs/local/lib/python3.10/dist-packages:/home/sws/autoware/install/tier4_debug_msgs/local/lib/python3.10/dist-packages:/home/sws/autoware/install/autoware_auto_mapping_msgs/local/lib/python3.10/dist-packages:/home/sws/autoware/install/autoware_auto_geometry_msgs/local/lib/python3.10/dist-packages:${PYTHONPATH} /usr/bin/cmake --build /home/sws/autoware/build/multi_object_tracker -- -j16 -l16
[205.846s] Invoking command in '/home/sws/autoware/build/multi_object_tracker': AMENT_PREFIX_PATH=/home/sws/autoware/install/perception_utils:/home/sws/autoware/install/interpolation:/home/sws/autoware/install/tier4_autoware_utils:/home/sws/autoware/install/tier4_perception_msgs:/home/sws/autoware/install/kalman_filter:/home/sws/autoware/install/autoware_auto_vehicle_msgs:/home/sws/autoware/install/autoware_cmake:/home/sws/autoware/install/autoware_auto_planning_msgs:/home/sws/autoware/install/autoware_auto_perception_msgs:/home/sws/autoware/install/tier4_debug_msgs:/home/sws/autoware/install/mussp:/home/sws/autoware/install/autoware_lint_common:/home/sws/autoware/install/autoware_auto_mapping_msgs:/home/sws/autoware/install/autoware_auto_geometry_msgs:${AMENT_PREFIX_PATH} CMAKE_PREFIX_PATH=/home/sws/autoware/install/perception_utils:/home/sws/autoware/install/interpolation:/home/sws/autoware/install/tier4_autoware_utils:/home/sws/autoware/install/tier4_perception_msgs:/home/sws/autoware/install/kalman_filter:/home/sws/autoware/install/autoware_auto_vehicle_msgs:/home/sws/autoware/install/autoware_cmake:/home/sws/autoware/install/autoware_auto_planning_msgs:/home/sws/autoware/install/autoware_auto_perception_msgs:/home/sws/autoware/install/tier4_debug_msgs:/home/sws/autoware/install/mussp:/home/sws/autoware/install/autoware_lint_common:/home/sws/autoware/install/autoware_auto_mapping_msgs:/home/sws/autoware/install/autoware_auto_geometry_msgs:/opt/ros/humble LD_LIBRARY_PATH=/home/sws/autoware/install/perception_utils/lib:/home/sws/autoware/install/interpolation/lib:/home/sws/autoware/install/tier4_autoware_utils/lib:/home/sws/autoware/install/tier4_perception_msgs/lib:/home/sws/autoware/install/kalman_filter/lib:/home/sws/autoware/install/autoware_auto_vehicle_msgs/lib:/home/sws/autoware/install/autoware_auto_planning_msgs/lib:/home/sws/autoware/install/autoware_auto_perception_msgs/lib:/home/sws/autoware/install/tier4_debug_msgs/lib:/home/sws/autoware/install/mussp/lib:/home/sws/autoware/install/autoware_auto_mapping_msgs/lib:/home/sws/autoware/install/autoware_auto_geometry_msgs/lib:${LD_LIBRARY_PATH} PYTHONPATH=/home/sws/autoware/install/tier4_perception_msgs/local/lib/python3.10/dist-packages:/home/sws/autoware/install/autoware_auto_vehicle_msgs/local/lib/python3.10/dist-packages:/home/sws/autoware/install/autoware_auto_planning_msgs/local/lib/python3.10/dist-packages:/home/sws/autoware/install/autoware_auto_perception_msgs/local/lib/python3.10/dist-packages:/home/sws/autoware/install/tier4_debug_msgs/local/lib/python3.10/dist-packages:/home/sws/autoware/install/autoware_auto_mapping_msgs/local/lib/python3.10/dist-packages:/home/sws/autoware/install/autoware_auto_geometry_msgs/local/lib/python3.10/dist-packages:${PYTHONPATH} /usr/bin/cmake --install /home/sws/autoware/build/multi_object_tracker
[235.831s] -- Install configuration: "Release"
[235.832s] -- Execute custom install script
[235.832s] -- Symlinking: /home/sws/autoware/install/multi_object_tracker/lib/multi_object_tracker/multi_object_tracker
[235.834s] -- Symlinking: /home/sws/autoware/install/multi_object_tracker/include/multi_object_tracker/data_association/data_association.hpp
[235.834s] -- Symlinking: /home/sws/autoware/install/multi_object_tracker/include/multi_object_tracker/data_association/solver/gnn_solver.hpp
[235.834s] -- Symlinking: /home/sws/autoware/install/multi_object_tracker/include/multi_object_tracker/data_association/solver/gnn_solver_interface.hpp
[235.834s] -- Symlinking: /home/sws/autoware/install/multi_object_tracker/include/multi_object_tracker/data_association/solver/mu_successive_shortest_path.hpp
[235.834s] -- Symlinking: /home/sws/autoware/install/multi_object_tracker/include/multi_object_tracker/data_association/solver/successive_shortest_path.hpp
[235.834s] -- Symlinking: /home/sws/autoware/install/multi_object_tracker/include/multi_object_tracker/multi_object_tracker_core.hpp
[235.834s] -- Symlinking: /home/sws/autoware/install/multi_object_tracker/include/multi_object_tracker/tracker/model/bicycle_tracker.hpp
[235.835s] -- Symlinking: /home/sws/autoware/install/multi_object_tracker/include/multi_object_tracker/tracker/model/big_vehicle_tracker.hpp
[235.835s] -- Symlinking: /home/sws/autoware/install/multi_object_tracker/include/multi_object_tracker/tracker/model/multiple_vehicle_tracker.hpp
[235.835s] -- Symlinking: /home/sws/autoware/install/multi_object_tracker/include/multi_object_tracker/tracker/model/normal_vehicle_tracker.hpp
[235.835s] -- Symlinking: /home/sws/autoware/install/multi_object_tracker/include/multi_object_tracker/tracker/model/pass_through_tracker.hpp
[235.835s] -- Symlinking: /home/sws/autoware/install/multi_object_tracker/include/multi_object_tracker/tracker/model/pedestrian_and_bicycle_tracker.hpp
[235.835s] -- Symlinking: /home/sws/autoware/install/multi_object_tracker/include/multi_object_tracker/tracker/model/pedestrian_tracker.hpp
[235.835s] -- Symlinking: /home/sws/autoware/install/multi_object_tracker/include/multi_object_tracker/tracker/model/tracker_base.hpp
[235.835s] -- Symlinking: /home/sws/autoware/install/multi_object_tracker/include/multi_object_tracker/tracker/model/unknown_tracker.hpp
[235.835s] -- Symlinking: /home/sws/autoware/install/multi_object_tracker/include/multi_object_tracker/tracker/tracker.hpp
[235.835s] -- Symlinking: /home/sws/autoware/install/multi_object_tracker/include/multi_object_tracker/utils/utils.hpp
[235.835s] -- Symlinking: /home/sws/autoware/install/multi_object_tracker/share/multi_object_tracker/environment/library_path.sh
[235.835s] -- Symlinking: /home/sws/autoware/install/multi_object_tracker/share/multi_object_tracker/environment/library_path.dsv
[235.836s] -- Symlinking: /home/sws/autoware/install/multi_object_tracker/lib/libmu_successive_shortest_path.so
[235.836s] -- Symlinking: /home/sws/autoware/install/multi_object_tracker/lib/libmulti_object_tracker_node.so
[235.836s] -- Symlinking: /home/sws/autoware/install/multi_object_tracker/share/multi_object_tracker/launch/multi_object_tracker.launch.xml
[235.836s] -- Symlinking: /home/sws/autoware/install/multi_object_tracker/share/multi_object_tracker/config/data_association_matrix.param.yaml
[235.836s] -- Symlinking: /home/sws/autoware/install/multi_object_tracker/share/multi_object_tracker/config/default_tracker.param.yaml
[235.836s] -- Symlinking: /home/sws/autoware/install/multi_object_tracker/share/multi_object_tracker/config/simulation_tracker.param.yaml
[235.836s] -- Symlinking: /home/sws/autoware/install/multi_object_tracker/share/ament_index/resource_index/package_run_dependencies/multi_object_tracker
[235.836s] -- Symlinking: /home/sws/autoware/install/multi_object_tracker/share/ament_index/resource_index/parent_prefix_path/multi_object_tracker
[235.836s] -- Symlinking: /home/sws/autoware/install/multi_object_tracker/share/multi_object_tracker/environment/ament_prefix_path.sh
[235.836s] -- Symlinking: /home/sws/autoware/install/multi_object_tracker/share/multi_object_tracker/environment/ament_prefix_path.dsv
[235.836s] -- Symlinking: /home/sws/autoware/install/multi_object_tracker/share/multi_object_tracker/environment/path.sh
[235.837s] -- Symlinking: /home/sws/autoware/install/multi_object_tracker/share/multi_object_tracker/environment/path.dsv
[235.837s] -- Symlinking: /home/sws/autoware/install/multi_object_tracker/share/multi_object_tracker/local_setup.bash
[235.837s] -- Symlinking: /home/sws/autoware/install/multi_object_tracker/share/multi_object_tracker/local_setup.sh
[235.837s] -- Symlinking: /home/sws/autoware/install/multi_object_tracker/share/multi_object_tracker/local_setup.zsh
[235.837s] -- Symlinking: /home/sws/autoware/install/multi_object_tracker/share/multi_object_tracker/local_setup.dsv
[235.837s] -- Symlinking: /home/sws/autoware/install/multi_object_tracker/share/multi_object_tracker/package.dsv
[235.837s] -- Symlinking: /home/sws/autoware/install/multi_object_tracker/share/ament_index/resource_index/packages/multi_object_tracker
[235.837s] -- Symlinking: /home/sws/autoware/install/multi_object_tracker/share/ament_index/resource_index/rclcpp_components/multi_object_tracker
[235.837s] -- Symlinking: /home/sws/autoware/install/multi_object_tracker/share/multi_object_tracker/cmake/ament_cmake_export_dependencies-extras.cmake
[235.837s] -- Symlinking: /home/sws/autoware/install/multi_object_tracker/share/multi_object_tracker/cmake/ament_cmake_export_include_directories-extras.cmake
[235.837s] -- Symlinking: /home/sws/autoware/install/multi_object_tracker/share/multi_object_tracker/cmake/ament_cmake_export_libraries-extras.cmake
[235.838s] -- Symlinking: /home/sws/autoware/install/multi_object_tracker/share/multi_object_tracker/cmake/multi_object_trackerConfig.cmake
[235.838s] -- Symlinking: /home/sws/autoware/install/multi_object_tracker/share/multi_object_tracker/cmake/multi_object_trackerConfig-version.cmake
[235.838s] -- Symlinking: /home/sws/autoware/install/multi_object_tracker/share/multi_object_tracker/package.xml
[235.861s] Invoked command in '/home/sws/autoware/build/multi_object_tracker' returned '0': AMENT_PREFIX_PATH=/home/sws/autoware/install/perception_utils:/home/sws/autoware/install/interpolation:/home/sws/autoware/install/tier4_autoware_utils:/home/sws/autoware/install/tier4_perception_msgs:/home/sws/autoware/install/kalman_filter:/home/sws/autoware/install/autoware_auto_vehicle_msgs:/home/sws/autoware/install/autoware_cmake:/home/sws/autoware/install/autoware_auto_planning_msgs:/home/sws/autoware/install/autoware_auto_perception_msgs:/home/sws/autoware/install/tier4_debug_msgs:/home/sws/autoware/install/mussp:/home/sws/autoware/install/autoware_lint_common:/home/sws/autoware/install/autoware_auto_mapping_msgs:/home/sws/autoware/install/autoware_auto_geometry_msgs:${AMENT_PREFIX_PATH} CMAKE_PREFIX_PATH=/home/sws/autoware/install/perception_utils:/home/sws/autoware/install/interpolation:/home/sws/autoware/install/tier4_autoware_utils:/home/sws/autoware/install/tier4_perception_msgs:/home/sws/autoware/install/kalman_filter:/home/sws/autoware/install/autoware_auto_vehicle_msgs:/home/sws/autoware/install/autoware_cmake:/home/sws/autoware/install/autoware_auto_planning_msgs:/home/sws/autoware/install/autoware_auto_perception_msgs:/home/sws/autoware/install/tier4_debug_msgs:/home/sws/autoware/install/mussp:/home/sws/autoware/install/autoware_lint_common:/home/sws/autoware/install/autoware_auto_mapping_msgs:/home/sws/autoware/install/autoware_auto_geometry_msgs:/opt/ros/humble LD_LIBRARY_PATH=/home/sws/autoware/install/perception_utils/lib:/home/sws/autoware/install/interpolation/lib:/home/sws/autoware/install/tier4_autoware_utils/lib:/home/sws/autoware/install/tier4_perception_msgs/lib:/home/sws/autoware/install/kalman_filter/lib:/home/sws/autoware/install/autoware_auto_vehicle_msgs/lib:/home/sws/autoware/install/autoware_auto_planning_msgs/lib:/home/sws/autoware/install/autoware_auto_perception_msgs/lib:/home/sws/autoware/install/tier4_debug_msgs/lib:/home/sws/autoware/install/mussp/lib:/home/sws/autoware/install/autoware_auto_mapping_msgs/lib:/home/sws/autoware/install/autoware_auto_geometry_msgs/lib:${LD_LIBRARY_PATH} PYTHONPATH=/home/sws/autoware/install/tier4_perception_msgs/local/lib/python3.10/dist-packages:/home/sws/autoware/install/autoware_auto_vehicle_msgs/local/lib/python3.10/dist-packages:/home/sws/autoware/install/autoware_auto_planning_msgs/local/lib/python3.10/dist-packages:/home/sws/autoware/install/autoware_auto_perception_msgs/local/lib/python3.10/dist-packages:/home/sws/autoware/install/tier4_debug_msgs/local/lib/python3.10/dist-packages:/home/sws/autoware/install/autoware_auto_mapping_msgs/local/lib/python3.10/dist-packages:/home/sws/autoware/install/autoware_auto_geometry_msgs/local/lib/python3.10/dist-packages:${PYTHONPATH} /usr/bin/cmake --install /home/sws/autoware/build/multi_object_tracker
