-- The C compiler identification is GNU 11.3.0
-- The CXX compiler identification is GNU 11.3.0
-- Detecting C compiler ABI info
-- Detecting C compiler ABI info - done
-- Check for working C compiler: /usr/bin/cc - skipped
-- Detecting C compile features
-- Detecting C compile features - done
-- Detecting CXX compiler ABI info
-- Detecting CXX compiler ABI info - done
-- Check for working CXX compiler: /usr/bin/c++ - skipped
-- Detecting CXX compile features
-- Detecting CXX compile features - done
-- Found autoware_cmake: 0.1.0 (/home/sws/autoware/install/autoware_cmake/share/autoware_cmake/cmake)
-- Found Python3: /usr/bin/python3.10 (found version "3.10.6") found components: Interpreter 
-- Override CMake install command with custom implementation using symlinks instead of copying resources
-- Found rosidl_generator_c: 3.1.4 (/opt/ros/humble/share/rosidl_generator_c/cmake)
-- Found rosidl_adapter: 3.1.4 (/opt/ros/humble/share/rosidl_adapter/cmake)
-- Found rosidl_generator_cpp: 3.1.4 (/opt/ros/humble/share/rosidl_generator_cpp/cmake)
-- Using all available rosidl_typesupport_c: rosidl_typesupport_fastrtps_c;rosidl_typesupport_introspection_c
-- Using all available rosidl_typesupport_cpp: rosidl_typesupport_fastrtps_cpp;rosidl_typesupport_introspection_cpp
-- Found eigen3_cmake_module: 0.1.1 (/opt/ros/humble/share/eigen3_cmake_module/cmake)
-- Found Eigen3: TRUE (found version "3.4.0") 
-- Ensuring Eigen3 include directory is part of orocos-kdl CMake target
-- Found rmw_implementation_cmake: 6.1.1 (/opt/ros/humble/share/rmw_implementation_cmake/cmake)
-- Found rmw_fastrtps_cpp: 6.2.2 (/opt/ros/humble/share/rmw_fastrtps_cpp/cmake)
-- Found OpenSSL: /usr/lib/x86_64-linux-gnu/libcrypto.so (found version "3.0.2")  
-- Found FastRTPS: /opt/ros/humble/include  
-- Using RMW implementation 'rmw_fastrtps_cpp' as default
-- Looking for pthread.h
-- Looking for pthread.h - found
-- Performing Test CMAKE_HAVE_LIBC_PTHREAD
-- Performing Test CMAKE_HAVE_LIBC_PTHREAD - Success
-- Found Threads: TRUE  
-- Found ament_lint_auto: 0.12.5 (/opt/ros/humble/share/ament_lint_auto/cmake)
-- Found gtest sources under '/opt/ros/humble/src/gtest_vendor': C++ tests using 'Google Test' will be built
-- Added test 'copyright' to check source files copyright and LICENSE
-- Added test 'cppcheck' to perform static code analysis on C / C++ code
-- Configured cppcheck include dirs: /home/sws/autoware/src/universe/autoware.universe/localization/gyro_odometer/include
-- Configured cppcheck exclude dirs and/or files: 
-- Added test 'lint_cmake' to check CMake code style
-- Added test 'xmllint' to check XML markup files
-- Configuring done
-- Generating done
-- Build files have been written to: /home/sws/autoware/build/gyro_odometer
[  7%] [32mBuilding CXX object CMakeFiles/gyro_odometer.dir/src/gyro_odometer_node.cpp.o[0m
[ 15%] [32mBuilding CXX object CMakeFiles/gyro_odometer.dir/src/gyro_odometer_core.cpp.o[0m
[ 23%] [32m[1mLinking CXX executable gyro_odometer[0m
[ 23%] Built target gyro_odometer
[ 30%] [32mBuilding CXX object gtest/CMakeFiles/gtest.dir/src/gtest-all.cc.o[0m
[ 38%] [32m[1mLinking CXX static library libgtest.a[0m
[ 38%] Built target gtest
[ 46%] [32mBuilding CXX object CMakeFiles/gyro_odometer_node.dir/src/gyro_odometer_core.cpp.o[0m
[ 53%] [32mBuilding CXX object gtest/CMakeFiles/gtest_main.dir/src/gtest_main.cc.o[0m
[ 61%] [32m[1mLinking CXX static library libgtest_main.a[0m
[ 61%] Built target gtest_main
[ 69%] [32m[1mLinking CXX shared library libgyro_odometer_node.so[0m
[ 69%] Built target gyro_odometer_node
[ 76%] [32mBuilding CXX object CMakeFiles/test_gyro_odometer.dir/test/test_main.cpp.o[0m
[ 84%] [32mBuilding CXX object CMakeFiles/test_gyro_odometer.dir/test/test_gyro_odometer_helper.cpp.o[0m
[ 92%] [32mBuilding CXX object CMakeFiles/test_gyro_odometer.dir/test/test_gyro_odometer_pubsub.cpp.o[0m
[100%] [32m[1mLinking CXX executable test_gyro_odometer[0m
[100%] Built target test_gyro_odometer
-- Install configuration: "Release"
-- Execute custom install script
-- Symlinking: /home/sws/autoware/install/gyro_odometer/include/gyro_odometer/gyro_odometer_core.hpp
-- Symlinking: /home/sws/autoware/install/gyro_odometer/share/gyro_odometer/environment/library_path.sh
-- Symlinking: /home/sws/autoware/install/gyro_odometer/share/gyro_odometer/environment/library_path.dsv
-- Symlinking: /home/sws/autoware/install/gyro_odometer/lib/libgyro_odometer_node.so
-- Symlinking: /home/sws/autoware/install/gyro_odometer/lib/gyro_odometer/gyro_odometer
-- Symlinking: /home/sws/autoware/install/gyro_odometer/share/gyro_odometer/launch/gyro_odometer.launch.xml
-- Symlinking: /home/sws/autoware/install/gyro_odometer/share/ament_index/resource_index/package_run_dependencies/gyro_odometer
-- Symlinking: /home/sws/autoware/install/gyro_odometer/share/ament_index/resource_index/parent_prefix_path/gyro_odometer
-- Symlinking: /home/sws/autoware/install/gyro_odometer/share/gyro_odometer/environment/ament_prefix_path.sh
-- Symlinking: /home/sws/autoware/install/gyro_odometer/share/gyro_odometer/environment/ament_prefix_path.dsv
-- Symlinking: /home/sws/autoware/install/gyro_odometer/share/gyro_odometer/environment/path.sh
-- Symlinking: /home/sws/autoware/install/gyro_odometer/share/gyro_odometer/environment/path.dsv
-- Symlinking: /home/sws/autoware/install/gyro_odometer/share/gyro_odometer/local_setup.bash
-- Symlinking: /home/sws/autoware/install/gyro_odometer/share/gyro_odometer/local_setup.sh
-- Symlinking: /home/sws/autoware/install/gyro_odometer/share/gyro_odometer/local_setup.zsh
-- Symlinking: /home/sws/autoware/install/gyro_odometer/share/gyro_odometer/local_setup.dsv
-- Symlinking: /home/sws/autoware/install/gyro_odometer/share/gyro_odometer/package.dsv
-- Symlinking: /home/sws/autoware/install/gyro_odometer/share/ament_index/resource_index/packages/gyro_odometer
-- Symlinking: /home/sws/autoware/install/gyro_odometer/share/gyro_odometer/cmake/ament_cmake_export_dependencies-extras.cmake
-- Symlinking: /home/sws/autoware/install/gyro_odometer/share/gyro_odometer/cmake/ament_cmake_export_include_directories-extras.cmake
-- Symlinking: /home/sws/autoware/install/gyro_odometer/share/gyro_odometer/cmake/ament_cmake_export_libraries-extras.cmake
-- Symlinking: /home/sws/autoware/install/gyro_odometer/share/gyro_odometer/cmake/gyro_odometerConfig.cmake
-- Symlinking: /home/sws/autoware/install/gyro_odometer/share/gyro_odometer/cmake/gyro_odometerConfig-version.cmake
-- Symlinking: /home/sws/autoware/install/gyro_odometer/share/gyro_odometer/package.xml
