[0.098s] Invoking command in '/home/sws/autoware/build/component_state_monitor': AMENT_PREFIX_PATH=/home/sws/autoware/install/topic_state_monitor:/home/sws/autoware/install/tier4_system_msgs:/home/sws/autoware/install/autoware_cmake:/home/sws/autoware/install/autoware_lint_common:/home/sws/autoware/install/autoware_common_msgs:${AMENT_PREFIX_PATH} CMAKE_PREFIX_PATH=/home/sws/autoware/install/topic_state_monitor:/home/sws/autoware/install/tier4_system_msgs:/home/sws/autoware/install/autoware_cmake:/home/sws/autoware/install/autoware_lint_common:/home/sws/autoware/install/autoware_common_msgs:/opt/ros/humble LD_LIBRARY_PATH=/home/sws/autoware/install/topic_state_monitor/lib:/home/sws/autoware/install/tier4_system_msgs/lib:/home/sws/autoware/install/autoware_common_msgs/lib:${LD_LIBRARY_PATH} PYTHONPATH=/home/sws/autoware/install/tier4_system_msgs/local/lib/python3.10/dist-packages:/home/sws/autoware/install/autoware_common_msgs/local/lib/python3.10/dist-packages:${PYTHONPATH} /usr/bin/cmake /home/sws/autoware/src/universe/autoware.universe/system/component_state_monitor -DCMAKE_BUILD_TYPE=Release -DAMENT_CMAKE_SYMLINK_INSTALL=1 -DCMAKE_INSTALL_PREFIX=/home/sws/autoware/install/component_state_monitor
[9.208s] -- The C compiler identification is GNU 11.3.0
[9.209s] -- The CXX compiler identification is GNU 11.3.0
[9.209s] -- Detecting C compiler ABI info
[9.209s] -- Detecting C compiler ABI info - done
[9.209s] -- Check for working C compiler: /usr/bin/cc - skipped
[9.209s] -- Detecting C compile features
[9.209s] -- Detecting C compile features - done
[9.210s] -- Detecting CXX compiler ABI info
[9.210s] -- Detecting CXX compiler ABI info - done
[9.210s] -- Check for working CXX compiler: /usr/bin/c++ - skipped
[9.210s] -- Detecting CXX compile features
[9.210s] -- Detecting CXX compile features - done
[9.210s] -- Found autoware_cmake: 0.1.0 (/home/sws/autoware/install/autoware_cmake/share/autoware_cmake/cmake)
[9.210s] -- Found Python3: /usr/bin/python3.10 (found version "3.10.6") found components: Interpreter 
[9.210s] -- Override CMake install command with custom implementation using symlinks instead of copying resources
[9.210s] -- Found rosidl_generator_c: 3.1.4 (/opt/ros/humble/share/rosidl_generator_c/cmake)
[9.210s] -- Found rosidl_adapter: 3.1.4 (/opt/ros/humble/share/rosidl_adapter/cmake)
[9.210s] -- Found rosidl_generator_cpp: 3.1.4 (/opt/ros/humble/share/rosidl_generator_cpp/cmake)
[9.210s] -- Using all available rosidl_typesupport_c: rosidl_typesupport_fastrtps_c;rosidl_typesupport_introspection_c
[9.210s] -- Using all available rosidl_typesupport_cpp: rosidl_typesupport_fastrtps_cpp;rosidl_typesupport_introspection_cpp
[9.210s] -- Found rmw_implementation_cmake: 6.1.1 (/opt/ros/humble/share/rmw_implementation_cmake/cmake)
[9.210s] -- Found rmw_fastrtps_cpp: 6.2.2 (/opt/ros/humble/share/rmw_fastrtps_cpp/cmake)
[9.211s] -- Found OpenSSL: /usr/lib/x86_64-linux-gnu/libcrypto.so (found version "3.0.2")  
[9.211s] -- Found FastRTPS: /opt/ros/humble/include  
[9.211s] -- Using RMW implementation 'rmw_fastrtps_cpp' as default
[9.211s] -- Looking for pthread.h
[9.211s] -- Looking for pthread.h - found
[9.211s] -- Performing Test CMAKE_HAVE_LIBC_PTHREAD
[9.212s] -- Performing Test CMAKE_HAVE_LIBC_PTHREAD - Success
[9.212s] -- Found Threads: TRUE  
[9.212s] -- Found ament_lint_auto: 0.12.5 (/opt/ros/humble/share/ament_lint_auto/cmake)
[9.212s] -- Added test 'copyright' to check source files copyright and LICENSE
[9.212s] -- Added test 'cppcheck' to perform static code analysis on C / C++ code
[9.212s] -- Configured cppcheck include dirs: 
[9.212s] -- Configured cppcheck exclude dirs and/or files: 
[9.212s] -- Added test 'lint_cmake' to check CMake code style
[9.212s] -- Added test 'xmllint' to check XML markup files
[9.213s] -- Configuring done
[9.213s] -- Generating done
[9.213s] -- Build files have been written to: /home/sws/autoware/build/component_state_monitor
[9.250s] Invoked command in '/home/sws/autoware/build/component_state_monitor' returned '0': AMENT_PREFIX_PATH=/home/sws/autoware/install/topic_state_monitor:/home/sws/autoware/install/tier4_system_msgs:/home/sws/autoware/install/autoware_cmake:/home/sws/autoware/install/autoware_lint_common:/home/sws/autoware/install/autoware_common_msgs:${AMENT_PREFIX_PATH} CMAKE_PREFIX_PATH=/home/sws/autoware/install/topic_state_monitor:/home/sws/autoware/install/tier4_system_msgs:/home/sws/autoware/install/autoware_cmake:/home/sws/autoware/install/autoware_lint_common:/home/sws/autoware/install/autoware_common_msgs:/opt/ros/humble LD_LIBRARY_PATH=/home/sws/autoware/install/topic_state_monitor/lib:/home/sws/autoware/install/tier4_system_msgs/lib:/home/sws/autoware/install/autoware_common_msgs/lib:${LD_LIBRARY_PATH} PYTHONPATH=/home/sws/autoware/install/tier4_system_msgs/local/lib/python3.10/dist-packages:/home/sws/autoware/install/autoware_common_msgs/local/lib/python3.10/dist-packages:${PYTHONPATH} /usr/bin/cmake /home/sws/autoware/src/universe/autoware.universe/system/component_state_monitor -DCMAKE_BUILD_TYPE=Release -DAMENT_CMAKE_SYMLINK_INSTALL=1 -DCMAKE_INSTALL_PREFIX=/home/sws/autoware/install/component_state_monitor
[9.253s] Invoking command in '/home/sws/autoware/build/component_state_monitor': AMENT_PREFIX_PATH=/home/sws/autoware/install/topic_state_monitor:/home/sws/autoware/install/tier4_system_msgs:/home/sws/autoware/install/autoware_cmake:/home/sws/autoware/install/autoware_lint_common:/home/sws/autoware/install/autoware_common_msgs:${AMENT_PREFIX_PATH} CMAKE_PREFIX_PATH=/home/sws/autoware/install/topic_state_monitor:/home/sws/autoware/install/tier4_system_msgs:/home/sws/autoware/install/autoware_cmake:/home/sws/autoware/install/autoware_lint_common:/home/sws/autoware/install/autoware_common_msgs:/opt/ros/humble LD_LIBRARY_PATH=/home/sws/autoware/install/topic_state_monitor/lib:/home/sws/autoware/install/tier4_system_msgs/lib:/home/sws/autoware/install/autoware_common_msgs/lib:${LD_LIBRARY_PATH} PYTHONPATH=/home/sws/autoware/install/tier4_system_msgs/local/lib/python3.10/dist-packages:/home/sws/autoware/install/autoware_common_msgs/local/lib/python3.10/dist-packages:${PYTHONPATH} /usr/bin/cmake --build /home/sws/autoware/build/component_state_monitor -- -j16 -l16
[9.339s] [ 50%] [32mBuilding CXX object CMakeFiles/component_state_monitor.dir/src/main.cpp.o[0m
[26.844s] [100%] [32m[1mLinking CXX shared library libcomponent_state_monitor.so[0m
[27.086s] [100%] Built target component_state_monitor
[27.108s] Invoked command in '/home/sws/autoware/build/component_state_monitor' returned '0': AMENT_PREFIX_PATH=/home/sws/autoware/install/topic_state_monitor:/home/sws/autoware/install/tier4_system_msgs:/home/sws/autoware/install/autoware_cmake:/home/sws/autoware/install/autoware_lint_common:/home/sws/autoware/install/autoware_common_msgs:${AMENT_PREFIX_PATH} CMAKE_PREFIX_PATH=/home/sws/autoware/install/topic_state_monitor:/home/sws/autoware/install/tier4_system_msgs:/home/sws/autoware/install/autoware_cmake:/home/sws/autoware/install/autoware_lint_common:/home/sws/autoware/install/autoware_common_msgs:/opt/ros/humble LD_LIBRARY_PATH=/home/sws/autoware/install/topic_state_monitor/lib:/home/sws/autoware/install/tier4_system_msgs/lib:/home/sws/autoware/install/autoware_common_msgs/lib:${LD_LIBRARY_PATH} PYTHONPATH=/home/sws/autoware/install/tier4_system_msgs/local/lib/python3.10/dist-packages:/home/sws/autoware/install/autoware_common_msgs/local/lib/python3.10/dist-packages:${PYTHONPATH} /usr/bin/cmake --build /home/sws/autoware/build/component_state_monitor -- -j16 -l16
[27.153s] Invoking command in '/home/sws/autoware/build/component_state_monitor': AMENT_PREFIX_PATH=/home/sws/autoware/install/topic_state_monitor:/home/sws/autoware/install/tier4_system_msgs:/home/sws/autoware/install/autoware_cmake:/home/sws/autoware/install/autoware_lint_common:/home/sws/autoware/install/autoware_common_msgs:${AMENT_PREFIX_PATH} CMAKE_PREFIX_PATH=/home/sws/autoware/install/topic_state_monitor:/home/sws/autoware/install/tier4_system_msgs:/home/sws/autoware/install/autoware_cmake:/home/sws/autoware/install/autoware_lint_common:/home/sws/autoware/install/autoware_common_msgs:/opt/ros/humble LD_LIBRARY_PATH=/home/sws/autoware/install/topic_state_monitor/lib:/home/sws/autoware/install/tier4_system_msgs/lib:/home/sws/autoware/install/autoware_common_msgs/lib:${LD_LIBRARY_PATH} PYTHONPATH=/home/sws/autoware/install/tier4_system_msgs/local/lib/python3.10/dist-packages:/home/sws/autoware/install/autoware_common_msgs/local/lib/python3.10/dist-packages:${PYTHONPATH} /usr/bin/cmake --install /home/sws/autoware/build/component_state_monitor
[27.884s] -- Install configuration: "Release"
[27.884s] -- Execute custom install script
[27.884s] -- Symlinking: /home/sws/autoware/install/component_state_monitor/share/component_state_monitor/environment/library_path.sh
[27.884s] -- Symlinking: /home/sws/autoware/install/component_state_monitor/share/component_state_monitor/environment/library_path.dsv
[27.884s] -- Symlinking: /home/sws/autoware/install/component_state_monitor/lib/libcomponent_state_monitor.so
[27.887s] -- Symlinking: /home/sws/autoware/install/component_state_monitor/share/component_state_monitor/config/topics.yaml
[27.887s] -- Symlinking: /home/sws/autoware/install/component_state_monitor/share/component_state_monitor/launch/component_state_monitor.launch.py
[27.887s] -- Symlinking: /home/sws/autoware/install/component_state_monitor/share/ament_index/resource_index/package_run_dependencies/component_state_monitor
[27.887s] -- Symlinking: /home/sws/autoware/install/component_state_monitor/share/ament_index/resource_index/parent_prefix_path/component_state_monitor
[27.887s] -- Symlinking: /home/sws/autoware/install/component_state_monitor/share/component_state_monitor/environment/ament_prefix_path.sh
[27.887s] -- Symlinking: /home/sws/autoware/install/component_state_monitor/share/component_state_monitor/environment/ament_prefix_path.dsv
[27.887s] -- Symlinking: /home/sws/autoware/install/component_state_monitor/share/component_state_monitor/environment/path.sh
[27.887s] -- Symlinking: /home/sws/autoware/install/component_state_monitor/share/component_state_monitor/environment/path.dsv
[27.887s] -- Symlinking: /home/sws/autoware/install/component_state_monitor/share/component_state_monitor/local_setup.bash
[27.888s] -- Symlinking: /home/sws/autoware/install/component_state_monitor/share/component_state_monitor/local_setup.sh
[27.888s] -- Symlinking: /home/sws/autoware/install/component_state_monitor/share/component_state_monitor/local_setup.zsh
[27.888s] -- Symlinking: /home/sws/autoware/install/component_state_monitor/share/component_state_monitor/local_setup.dsv
[27.888s] -- Symlinking: /home/sws/autoware/install/component_state_monitor/share/component_state_monitor/package.dsv
[27.888s] -- Symlinking: /home/sws/autoware/install/component_state_monitor/share/ament_index/resource_index/packages/component_state_monitor
[27.888s] -- Symlinking: /home/sws/autoware/install/component_state_monitor/share/ament_index/resource_index/rclcpp_components/component_state_monitor
[27.888s] -- Symlinking: /home/sws/autoware/install/component_state_monitor/share/component_state_monitor/cmake/ament_cmake_export_dependencies-extras.cmake
[27.888s] -- Symlinking: /home/sws/autoware/install/component_state_monitor/share/component_state_monitor/cmake/ament_cmake_export_libraries-extras.cmake
[27.888s] -- Symlinking: /home/sws/autoware/install/component_state_monitor/share/component_state_monitor/cmake/component_state_monitorConfig.cmake
[27.888s] -- Symlinking: /home/sws/autoware/install/component_state_monitor/share/component_state_monitor/cmake/component_state_monitorConfig-version.cmake
[27.888s] -- Symlinking: /home/sws/autoware/install/component_state_monitor/share/component_state_monitor/package.xml
[27.931s] Invoked command in '/home/sws/autoware/build/component_state_monitor' returned '0': AMENT_PREFIX_PATH=/home/sws/autoware/install/topic_state_monitor:/home/sws/autoware/install/tier4_system_msgs:/home/sws/autoware/install/autoware_cmake:/home/sws/autoware/install/autoware_lint_common:/home/sws/autoware/install/autoware_common_msgs:${AMENT_PREFIX_PATH} CMAKE_PREFIX_PATH=/home/sws/autoware/install/topic_state_monitor:/home/sws/autoware/install/tier4_system_msgs:/home/sws/autoware/install/autoware_cmake:/home/sws/autoware/install/autoware_lint_common:/home/sws/autoware/install/autoware_common_msgs:/opt/ros/humble LD_LIBRARY_PATH=/home/sws/autoware/install/topic_state_monitor/lib:/home/sws/autoware/install/tier4_system_msgs/lib:/home/sws/autoware/install/autoware_common_msgs/lib:${LD_LIBRARY_PATH} PYTHONPATH=/home/sws/autoware/install/tier4_system_msgs/local/lib/python3.10/dist-packages:/home/sws/autoware/install/autoware_common_msgs/local/lib/python3.10/dist-packages:${PYTHONPATH} /usr/bin/cmake --install /home/sws/autoware/build/component_state_monitor
