[0.062s] Invoking command in '/home/sws/autoware/build/vehicle_info_util': AMENT_PREFIX_PATH=/home/sws/autoware/install/tier4_autoware_utils:/home/sws/autoware/install/autoware_auto_vehicle_msgs:/home/sws/autoware/install/autoware_cmake:/home/sws/autoware/install/autoware_auto_planning_msgs:/home/sws/autoware/install/autoware_auto_perception_msgs:/home/sws/autoware/install/tier4_debug_msgs:/home/sws/autoware/install/autoware_lint_common:/home/sws/autoware/install/autoware_auto_mapping_msgs:/home/sws/autoware/install/autoware_auto_geometry_msgs:${AMENT_PREFIX_PATH} CMAKE_PREFIX_PATH=/home/sws/autoware/install/tier4_autoware_utils:/home/sws/autoware/install/autoware_auto_vehicle_msgs:/home/sws/autoware/install/autoware_cmake:/home/sws/autoware/install/autoware_auto_planning_msgs:/home/sws/autoware/install/autoware_auto_perception_msgs:/home/sws/autoware/install/tier4_debug_msgs:/home/sws/autoware/install/autoware_lint_common:/home/sws/autoware/install/autoware_auto_mapping_msgs:/home/sws/autoware/install/autoware_auto_geometry_msgs:/opt/ros/humble LD_LIBRARY_PATH=/home/sws/autoware/install/tier4_autoware_utils/lib:/home/sws/autoware/install/autoware_auto_vehicle_msgs/lib:/home/sws/autoware/install/autoware_auto_planning_msgs/lib:/home/sws/autoware/install/autoware_auto_perception_msgs/lib:/home/sws/autoware/install/tier4_debug_msgs/lib:/home/sws/autoware/install/autoware_auto_mapping_msgs/lib:/home/sws/autoware/install/autoware_auto_geometry_msgs/lib:${LD_LIBRARY_PATH} PYTHONPATH=/home/sws/autoware/install/autoware_auto_vehicle_msgs/local/lib/python3.10/dist-packages:/home/sws/autoware/install/autoware_auto_planning_msgs/local/lib/python3.10/dist-packages:/home/sws/autoware/install/autoware_auto_perception_msgs/local/lib/python3.10/dist-packages:/home/sws/autoware/install/tier4_debug_msgs/local/lib/python3.10/dist-packages:/home/sws/autoware/install/autoware_auto_mapping_msgs/local/lib/python3.10/dist-packages:/home/sws/autoware/install/autoware_auto_geometry_msgs/local/lib/python3.10/dist-packages:${PYTHONPATH} /usr/bin/cmake /home/sws/autoware/src/universe/autoware.universe/vehicle/vehicle_info_util -DCMAKE_BUILD_TYPE=Release -DAMENT_CMAKE_SYMLINK_INSTALL=1 -DCMAKE_INSTALL_PREFIX=/home/sws/autoware/install/vehicle_info_util
[5.001s] -- The C compiler identification is GNU 11.3.0
[5.001s] -- The CXX compiler identification is GNU 11.3.0
[5.001s] -- Detecting C compiler ABI info
[5.001s] -- Detecting C compiler ABI info - done
[5.001s] -- Check for working C compiler: /usr/bin/cc - skipped
[5.001s] -- Detecting C compile features
[5.001s] -- Detecting C compile features - done
[5.001s] -- Detecting CXX compiler ABI info
[5.001s] -- Detecting CXX compiler ABI info - done
[5.003s] -- Check for working CXX compiler: /usr/bin/c++ - skipped
[5.004s] -- Detecting CXX compile features
[5.004s] -- Detecting CXX compile features - done
[5.004s] -- Found autoware_cmake: 0.1.0 (/home/sws/autoware/install/autoware_cmake/share/autoware_cmake/cmake)
[5.004s] -- Found Python3: /usr/bin/python3.10 (found version "3.10.6") found components: Interpreter 
[5.004s] -- Override CMake install command with custom implementation using symlinks instead of copying resources
[5.004s] -- Found rosidl_generator_c: 3.1.4 (/opt/ros/humble/share/rosidl_generator_c/cmake)
[5.004s] -- Found rosidl_adapter: 3.1.4 (/opt/ros/humble/share/rosidl_adapter/cmake)
[5.004s] -- Found rosidl_generator_cpp: 3.1.4 (/opt/ros/humble/share/rosidl_generator_cpp/cmake)
[5.004s] -- Using all available rosidl_typesupport_c: rosidl_typesupport_fastrtps_c;rosidl_typesupport_introspection_c
[5.004s] -- Using all available rosidl_typesupport_cpp: rosidl_typesupport_fastrtps_cpp;rosidl_typesupport_introspection_cpp
[5.004s] -- Found rmw_implementation_cmake: 6.1.1 (/opt/ros/humble/share/rmw_implementation_cmake/cmake)
[5.006s] -- Found rmw_fastrtps_cpp: 6.2.2 (/opt/ros/humble/share/rmw_fastrtps_cpp/cmake)
[5.006s] -- Found OpenSSL: /usr/lib/x86_64-linux-gnu/libcrypto.so (found version "3.0.2")  
[5.006s] -- Found FastRTPS: /opt/ros/humble/include  
[5.006s] -- Using RMW implementation 'rmw_fastrtps_cpp' as default
[5.007s] -- Looking for pthread.h
[5.007s] -- Looking for pthread.h - found
[5.007s] -- Performing Test CMAKE_HAVE_LIBC_PTHREAD
[5.007s] -- Performing Test CMAKE_HAVE_LIBC_PTHREAD - Success
[5.007s] -- Found Threads: TRUE  
[5.007s] -- Found eigen3_cmake_module: 0.1.1 (/opt/ros/humble/share/eigen3_cmake_module/cmake)
[5.007s] -- Found Eigen3: TRUE (found version "3.4.0") 
[5.007s] -- Ensuring Eigen3 include directory is part of orocos-kdl CMake target
[5.092s] -- Found ament_lint_auto: 0.12.5 (/opt/ros/humble/share/ament_lint_auto/cmake)
[5.622s] -- Added test 'copyright' to check source files copyright and LICENSE
[5.624s] -- Added test 'cppcheck' to perform static code analysis on C / C++ code
[5.625s] -- Configured cppcheck include dirs: /home/sws/autoware/src/universe/autoware.universe/vehicle/vehicle_info_util/include
[5.625s] -- Configured cppcheck exclude dirs and/or files: 
[5.626s] -- Added test 'lint_cmake' to check CMake code style
[5.627s] -- Added test 'xmllint' to check XML markup files
[5.635s] -- Configuring done
[5.692s] -- Generating done
[5.695s] -- Build files have been written to: /home/sws/autoware/build/vehicle_info_util
[5.718s] Invoked command in '/home/sws/autoware/build/vehicle_info_util' returned '0': AMENT_PREFIX_PATH=/home/sws/autoware/install/tier4_autoware_utils:/home/sws/autoware/install/autoware_auto_vehicle_msgs:/home/sws/autoware/install/autoware_cmake:/home/sws/autoware/install/autoware_auto_planning_msgs:/home/sws/autoware/install/autoware_auto_perception_msgs:/home/sws/autoware/install/tier4_debug_msgs:/home/sws/autoware/install/autoware_lint_common:/home/sws/autoware/install/autoware_auto_mapping_msgs:/home/sws/autoware/install/autoware_auto_geometry_msgs:${AMENT_PREFIX_PATH} CMAKE_PREFIX_PATH=/home/sws/autoware/install/tier4_autoware_utils:/home/sws/autoware/install/autoware_auto_vehicle_msgs:/home/sws/autoware/install/autoware_cmake:/home/sws/autoware/install/autoware_auto_planning_msgs:/home/sws/autoware/install/autoware_auto_perception_msgs:/home/sws/autoware/install/tier4_debug_msgs:/home/sws/autoware/install/autoware_lint_common:/home/sws/autoware/install/autoware_auto_mapping_msgs:/home/sws/autoware/install/autoware_auto_geometry_msgs:/opt/ros/humble LD_LIBRARY_PATH=/home/sws/autoware/install/tier4_autoware_utils/lib:/home/sws/autoware/install/autoware_auto_vehicle_msgs/lib:/home/sws/autoware/install/autoware_auto_planning_msgs/lib:/home/sws/autoware/install/autoware_auto_perception_msgs/lib:/home/sws/autoware/install/tier4_debug_msgs/lib:/home/sws/autoware/install/autoware_auto_mapping_msgs/lib:/home/sws/autoware/install/autoware_auto_geometry_msgs/lib:${LD_LIBRARY_PATH} PYTHONPATH=/home/sws/autoware/install/autoware_auto_vehicle_msgs/local/lib/python3.10/dist-packages:/home/sws/autoware/install/autoware_auto_planning_msgs/local/lib/python3.10/dist-packages:/home/sws/autoware/install/autoware_auto_perception_msgs/local/lib/python3.10/dist-packages:/home/sws/autoware/install/tier4_debug_msgs/local/lib/python3.10/dist-packages:/home/sws/autoware/install/autoware_auto_mapping_msgs/local/lib/python3.10/dist-packages:/home/sws/autoware/install/autoware_auto_geometry_msgs/local/lib/python3.10/dist-packages:${PYTHONPATH} /usr/bin/cmake /home/sws/autoware/src/universe/autoware.universe/vehicle/vehicle_info_util -DCMAKE_BUILD_TYPE=Release -DAMENT_CMAKE_SYMLINK_INSTALL=1 -DCMAKE_INSTALL_PREFIX=/home/sws/autoware/install/vehicle_info_util
[5.719s] Invoking command in '/home/sws/autoware/build/vehicle_info_util': AMENT_PREFIX_PATH=/home/sws/autoware/install/tier4_autoware_utils:/home/sws/autoware/install/autoware_auto_vehicle_msgs:/home/sws/autoware/install/autoware_cmake:/home/sws/autoware/install/autoware_auto_planning_msgs:/home/sws/autoware/install/autoware_auto_perception_msgs:/home/sws/autoware/install/tier4_debug_msgs:/home/sws/autoware/install/autoware_lint_common:/home/sws/autoware/install/autoware_auto_mapping_msgs:/home/sws/autoware/install/autoware_auto_geometry_msgs:${AMENT_PREFIX_PATH} CMAKE_PREFIX_PATH=/home/sws/autoware/install/tier4_autoware_utils:/home/sws/autoware/install/autoware_auto_vehicle_msgs:/home/sws/autoware/install/autoware_cmake:/home/sws/autoware/install/autoware_auto_planning_msgs:/home/sws/autoware/install/autoware_auto_perception_msgs:/home/sws/autoware/install/tier4_debug_msgs:/home/sws/autoware/install/autoware_lint_common:/home/sws/autoware/install/autoware_auto_mapping_msgs:/home/sws/autoware/install/autoware_auto_geometry_msgs:/opt/ros/humble LD_LIBRARY_PATH=/home/sws/autoware/install/tier4_autoware_utils/lib:/home/sws/autoware/install/autoware_auto_vehicle_msgs/lib:/home/sws/autoware/install/autoware_auto_planning_msgs/lib:/home/sws/autoware/install/autoware_auto_perception_msgs/lib:/home/sws/autoware/install/tier4_debug_msgs/lib:/home/sws/autoware/install/autoware_auto_mapping_msgs/lib:/home/sws/autoware/install/autoware_auto_geometry_msgs/lib:${LD_LIBRARY_PATH} PYTHONPATH=/home/sws/autoware/install/autoware_auto_vehicle_msgs/local/lib/python3.10/dist-packages:/home/sws/autoware/install/autoware_auto_planning_msgs/local/lib/python3.10/dist-packages:/home/sws/autoware/install/autoware_auto_perception_msgs/local/lib/python3.10/dist-packages:/home/sws/autoware/install/tier4_debug_msgs/local/lib/python3.10/dist-packages:/home/sws/autoware/install/autoware_auto_mapping_msgs/local/lib/python3.10/dist-packages:/home/sws/autoware/install/autoware_auto_geometry_msgs/local/lib/python3.10/dist-packages:${PYTHONPATH} /usr/bin/cmake --build /home/sws/autoware/build/vehicle_info_util -- -j16 -l16
[22.480s] [ 50%] [32mBuilding CXX object CMakeFiles/vehicle_info_util.dir/src/vehicle_info_util.cpp.o[0m
[22.481s] [100%] [32m[1mLinking CXX shared library libvehicle_info_util.so[0m
[22.481s] [100%] Built target vehicle_info_util
[22.500s] Invoked command in '/home/sws/autoware/build/vehicle_info_util' returned '0': AMENT_PREFIX_PATH=/home/sws/autoware/install/tier4_autoware_utils:/home/sws/autoware/install/autoware_auto_vehicle_msgs:/home/sws/autoware/install/autoware_cmake:/home/sws/autoware/install/autoware_auto_planning_msgs:/home/sws/autoware/install/autoware_auto_perception_msgs:/home/sws/autoware/install/tier4_debug_msgs:/home/sws/autoware/install/autoware_lint_common:/home/sws/autoware/install/autoware_auto_mapping_msgs:/home/sws/autoware/install/autoware_auto_geometry_msgs:${AMENT_PREFIX_PATH} CMAKE_PREFIX_PATH=/home/sws/autoware/install/tier4_autoware_utils:/home/sws/autoware/install/autoware_auto_vehicle_msgs:/home/sws/autoware/install/autoware_cmake:/home/sws/autoware/install/autoware_auto_planning_msgs:/home/sws/autoware/install/autoware_auto_perception_msgs:/home/sws/autoware/install/tier4_debug_msgs:/home/sws/autoware/install/autoware_lint_common:/home/sws/autoware/install/autoware_auto_mapping_msgs:/home/sws/autoware/install/autoware_auto_geometry_msgs:/opt/ros/humble LD_LIBRARY_PATH=/home/sws/autoware/install/tier4_autoware_utils/lib:/home/sws/autoware/install/autoware_auto_vehicle_msgs/lib:/home/sws/autoware/install/autoware_auto_planning_msgs/lib:/home/sws/autoware/install/autoware_auto_perception_msgs/lib:/home/sws/autoware/install/tier4_debug_msgs/lib:/home/sws/autoware/install/autoware_auto_mapping_msgs/lib:/home/sws/autoware/install/autoware_auto_geometry_msgs/lib:${LD_LIBRARY_PATH} PYTHONPATH=/home/sws/autoware/install/autoware_auto_vehicle_msgs/local/lib/python3.10/dist-packages:/home/sws/autoware/install/autoware_auto_planning_msgs/local/lib/python3.10/dist-packages:/home/sws/autoware/install/autoware_auto_perception_msgs/local/lib/python3.10/dist-packages:/home/sws/autoware/install/tier4_debug_msgs/local/lib/python3.10/dist-packages:/home/sws/autoware/install/autoware_auto_mapping_msgs/local/lib/python3.10/dist-packages:/home/sws/autoware/install/autoware_auto_geometry_msgs/local/lib/python3.10/dist-packages:${PYTHONPATH} /usr/bin/cmake --build /home/sws/autoware/build/vehicle_info_util -- -j16 -l16
[22.520s] Invoking command in '/home/sws/autoware/build/vehicle_info_util': AMENT_PREFIX_PATH=/home/sws/autoware/install/tier4_autoware_utils:/home/sws/autoware/install/autoware_auto_vehicle_msgs:/home/sws/autoware/install/autoware_cmake:/home/sws/autoware/install/autoware_auto_planning_msgs:/home/sws/autoware/install/autoware_auto_perception_msgs:/home/sws/autoware/install/tier4_debug_msgs:/home/sws/autoware/install/autoware_lint_common:/home/sws/autoware/install/autoware_auto_mapping_msgs:/home/sws/autoware/install/autoware_auto_geometry_msgs:${AMENT_PREFIX_PATH} CMAKE_PREFIX_PATH=/home/sws/autoware/install/tier4_autoware_utils:/home/sws/autoware/install/autoware_auto_vehicle_msgs:/home/sws/autoware/install/autoware_cmake:/home/sws/autoware/install/autoware_auto_planning_msgs:/home/sws/autoware/install/autoware_auto_perception_msgs:/home/sws/autoware/install/tier4_debug_msgs:/home/sws/autoware/install/autoware_lint_common:/home/sws/autoware/install/autoware_auto_mapping_msgs:/home/sws/autoware/install/autoware_auto_geometry_msgs:/opt/ros/humble LD_LIBRARY_PATH=/home/sws/autoware/install/tier4_autoware_utils/lib:/home/sws/autoware/install/autoware_auto_vehicle_msgs/lib:/home/sws/autoware/install/autoware_auto_planning_msgs/lib:/home/sws/autoware/install/autoware_auto_perception_msgs/lib:/home/sws/autoware/install/tier4_debug_msgs/lib:/home/sws/autoware/install/autoware_auto_mapping_msgs/lib:/home/sws/autoware/install/autoware_auto_geometry_msgs/lib:${LD_LIBRARY_PATH} PYTHONPATH=/home/sws/autoware/install/autoware_auto_vehicle_msgs/local/lib/python3.10/dist-packages:/home/sws/autoware/install/autoware_auto_planning_msgs/local/lib/python3.10/dist-packages:/home/sws/autoware/install/autoware_auto_perception_msgs/local/lib/python3.10/dist-packages:/home/sws/autoware/install/tier4_debug_msgs/local/lib/python3.10/dist-packages:/home/sws/autoware/install/autoware_auto_mapping_msgs/local/lib/python3.10/dist-packages:/home/sws/autoware/install/autoware_auto_geometry_msgs/local/lib/python3.10/dist-packages:${PYTHONPATH} /usr/bin/cmake --install /home/sws/autoware/build/vehicle_info_util
[28.466s] -- Install configuration: "Release"
[28.466s] -- Execute custom install script
[28.466s] -- Symlinking: /home/sws/autoware/install/vehicle_info_util/include/vehicle_info_util/vehicle_info.hpp
[28.466s] -- Symlinking: /home/sws/autoware/install/vehicle_info_util/include/vehicle_info_util/vehicle_info_util.hpp
[28.466s] -- Symlinking: /home/sws/autoware/install/vehicle_info_util/share/vehicle_info_util/environment/library_path.sh
[28.466s] -- Symlinking: /home/sws/autoware/install/vehicle_info_util/share/vehicle_info_util/environment/library_path.dsv
[28.467s] -- Symlinking: /home/sws/autoware/install/vehicle_info_util/lib/libvehicle_info_util.so
[28.467s] -- Symlinking: /home/sws/autoware/install/vehicle_info_util/share/vehicle_info_util/config/polygon_remover.yaml
[28.467s] -- Symlinking: /home/sws/autoware/install/vehicle_info_util/share/vehicle_info_util/config/vehicle_info.param.yaml
[28.467s] -- Symlinking: /home/sws/autoware/install/vehicle_info_util/share/vehicle_info_util/config/vehicle_mirror.param.yaml
[28.467s] -- Symlinking: /home/sws/autoware/install/vehicle_info_util/share/vehicle_info_util/launch/sample.launch.py
[28.467s] -- Symlinking: /home/sws/autoware/install/vehicle_info_util/share/vehicle_info_util/launch/vehicle_info.launch.py
[28.468s] -- Symlinking: /home/sws/autoware/install/vehicle_info_util/share/ament_index/resource_index/package_run_dependencies/vehicle_info_util
[28.468s] -- Symlinking: /home/sws/autoware/install/vehicle_info_util/share/ament_index/resource_index/parent_prefix_path/vehicle_info_util
[28.469s] -- Symlinking: /home/sws/autoware/install/vehicle_info_util/share/vehicle_info_util/environment/ament_prefix_path.sh
[28.469s] -- Symlinking: /home/sws/autoware/install/vehicle_info_util/share/vehicle_info_util/environment/ament_prefix_path.dsv
[28.469s] -- Symlinking: /home/sws/autoware/install/vehicle_info_util/share/vehicle_info_util/environment/path.sh
[28.469s] -- Symlinking: /home/sws/autoware/install/vehicle_info_util/share/vehicle_info_util/environment/path.dsv
[28.469s] -- Symlinking: /home/sws/autoware/install/vehicle_info_util/share/vehicle_info_util/local_setup.bash
[28.473s] -- Symlinking: /home/sws/autoware/install/vehicle_info_util/share/vehicle_info_util/local_setup.sh
[28.474s] -- Symlinking: /home/sws/autoware/install/vehicle_info_util/share/vehicle_info_util/local_setup.zsh
[28.474s] -- Symlinking: /home/sws/autoware/install/vehicle_info_util/share/vehicle_info_util/local_setup.dsv
[28.474s] -- Symlinking: /home/sws/autoware/install/vehicle_info_util/share/vehicle_info_util/package.dsv
[28.474s] -- Symlinking: /home/sws/autoware/install/vehicle_info_util/share/ament_index/resource_index/packages/vehicle_info_util
[28.474s] -- Symlinking: /home/sws/autoware/install/vehicle_info_util/share/vehicle_info_util/cmake/ament_cmake_export_dependencies-extras.cmake
[28.474s] -- Symlinking: /home/sws/autoware/install/vehicle_info_util/share/vehicle_info_util/cmake/ament_cmake_export_include_directories-extras.cmake
[28.474s] -- Symlinking: /home/sws/autoware/install/vehicle_info_util/share/vehicle_info_util/cmake/ament_cmake_export_libraries-extras.cmake
[28.475s] -- Symlinking: /home/sws/autoware/install/vehicle_info_util/share/vehicle_info_util/cmake/vehicle_info_utilConfig.cmake
[28.475s] -- Symlinking: /home/sws/autoware/install/vehicle_info_util/share/vehicle_info_util/cmake/vehicle_info_utilConfig-version.cmake
[28.475s] -- Symlinking: /home/sws/autoware/install/vehicle_info_util/share/vehicle_info_util/package.xml
[28.475s] -- Symlinking: /home/sws/autoware/install/vehicle_info_util/lib/vehicle_info_util/min_turning_radius_calculator.py
[28.496s] Invoked command in '/home/sws/autoware/build/vehicle_info_util' returned '0': AMENT_PREFIX_PATH=/home/sws/autoware/install/tier4_autoware_utils:/home/sws/autoware/install/autoware_auto_vehicle_msgs:/home/sws/autoware/install/autoware_cmake:/home/sws/autoware/install/autoware_auto_planning_msgs:/home/sws/autoware/install/autoware_auto_perception_msgs:/home/sws/autoware/install/tier4_debug_msgs:/home/sws/autoware/install/autoware_lint_common:/home/sws/autoware/install/autoware_auto_mapping_msgs:/home/sws/autoware/install/autoware_auto_geometry_msgs:${AMENT_PREFIX_PATH} CMAKE_PREFIX_PATH=/home/sws/autoware/install/tier4_autoware_utils:/home/sws/autoware/install/autoware_auto_vehicle_msgs:/home/sws/autoware/install/autoware_cmake:/home/sws/autoware/install/autoware_auto_planning_msgs:/home/sws/autoware/install/autoware_auto_perception_msgs:/home/sws/autoware/install/tier4_debug_msgs:/home/sws/autoware/install/autoware_lint_common:/home/sws/autoware/install/autoware_auto_mapping_msgs:/home/sws/autoware/install/autoware_auto_geometry_msgs:/opt/ros/humble LD_LIBRARY_PATH=/home/sws/autoware/install/tier4_autoware_utils/lib:/home/sws/autoware/install/autoware_auto_vehicle_msgs/lib:/home/sws/autoware/install/autoware_auto_planning_msgs/lib:/home/sws/autoware/install/autoware_auto_perception_msgs/lib:/home/sws/autoware/install/tier4_debug_msgs/lib:/home/sws/autoware/install/autoware_auto_mapping_msgs/lib:/home/sws/autoware/install/autoware_auto_geometry_msgs/lib:${LD_LIBRARY_PATH} PYTHONPATH=/home/sws/autoware/install/autoware_auto_vehicle_msgs/local/lib/python3.10/dist-packages:/home/sws/autoware/install/autoware_auto_planning_msgs/local/lib/python3.10/dist-packages:/home/sws/autoware/install/autoware_auto_perception_msgs/local/lib/python3.10/dist-packages:/home/sws/autoware/install/tier4_debug_msgs/local/lib/python3.10/dist-packages:/home/sws/autoware/install/autoware_auto_mapping_msgs/local/lib/python3.10/dist-packages:/home/sws/autoware/install/autoware_auto_geometry_msgs/local/lib/python3.10/dist-packages:${PYTHONPATH} /usr/bin/cmake --install /home/sws/autoware/build/vehicle_info_util
