[0.057s] Invoking command in '/home/sws/autoware/build/tier4_vehicle_rviz_plugin': AMENT_PREFIX_PATH=/home/sws/autoware/install/tier4_autoware_utils:/home/sws/autoware/install/autoware_auto_vehicle_msgs:/home/sws/autoware/install/autoware_cmake:/home/sws/autoware/install/autoware_auto_planning_msgs:/home/sws/autoware/install/autoware_auto_perception_msgs:/home/sws/autoware/install/tier4_debug_msgs:/home/sws/autoware/install/autoware_lint_common:/home/sws/autoware/install/autoware_auto_mapping_msgs:/home/sws/autoware/install/autoware_auto_geometry_msgs:${AMENT_PREFIX_PATH} CMAKE_PREFIX_PATH=/home/sws/autoware/install/tier4_autoware_utils:/home/sws/autoware/install/autoware_auto_vehicle_msgs:/home/sws/autoware/install/autoware_cmake:/home/sws/autoware/install/autoware_auto_planning_msgs:/home/sws/autoware/install/autoware_auto_perception_msgs:/home/sws/autoware/install/tier4_debug_msgs:/home/sws/autoware/install/autoware_lint_common:/home/sws/autoware/install/autoware_auto_mapping_msgs:/home/sws/autoware/install/autoware_auto_geometry_msgs:/opt/ros/humble LD_LIBRARY_PATH=/home/sws/autoware/install/tier4_autoware_utils/lib:/home/sws/autoware/install/autoware_auto_vehicle_msgs/lib:/home/sws/autoware/install/autoware_auto_planning_msgs/lib:/home/sws/autoware/install/autoware_auto_perception_msgs/lib:/home/sws/autoware/install/tier4_debug_msgs/lib:/home/sws/autoware/install/autoware_auto_mapping_msgs/lib:/home/sws/autoware/install/autoware_auto_geometry_msgs/lib:${LD_LIBRARY_PATH} PYTHONPATH=/home/sws/autoware/install/autoware_auto_vehicle_msgs/local/lib/python3.10/dist-packages:/home/sws/autoware/install/autoware_auto_planning_msgs/local/lib/python3.10/dist-packages:/home/sws/autoware/install/autoware_auto_perception_msgs/local/lib/python3.10/dist-packages:/home/sws/autoware/install/tier4_debug_msgs/local/lib/python3.10/dist-packages:/home/sws/autoware/install/autoware_auto_mapping_msgs/local/lib/python3.10/dist-packages:/home/sws/autoware/install/autoware_auto_geometry_msgs/local/lib/python3.10/dist-packages:${PYTHONPATH} /usr/bin/cmake /home/sws/autoware/src/universe/autoware.universe/common/tier4_vehicle_rviz_plugin -DCMAKE_BUILD_TYPE=Release -DAMENT_CMAKE_SYMLINK_INSTALL=1 -DCMAKE_INSTALL_PREFIX=/home/sws/autoware/install/tier4_vehicle_rviz_plugin
[50.309s] -- The C compiler identification is GNU 11.3.0
[50.309s] -- The CXX compiler identification is GNU 11.3.0
[50.309s] -- Detecting C compiler ABI info
[50.309s] -- Detecting C compiler ABI info - done
[50.309s] -- Check for working C compiler: /usr/bin/cc - skipped
[50.309s] -- Detecting C compile features
[50.310s] -- Detecting C compile features - done
[50.310s] -- Detecting CXX compiler ABI info
[50.310s] -- Detecting CXX compiler ABI info - done
[50.310s] -- Check for working CXX compiler: /usr/bin/c++ - skipped
[50.310s] -- Detecting CXX compile features
[50.310s] -- Detecting CXX compile features - done
[50.310s] -- Found autoware_cmake: 0.1.0 (/home/sws/autoware/install/autoware_cmake/share/autoware_cmake/cmake)
[50.311s] -- Found Python3: /usr/bin/python3.10 (found version "3.10.6") found components: Interpreter 
[50.311s] -- Override CMake install command with custom implementation using symlinks instead of copying resources
[50.311s] -- Found rosidl_generator_c: 3.1.4 (/opt/ros/humble/share/rosidl_generator_c/cmake)
[50.311s] -- Found rosidl_adapter: 3.1.4 (/opt/ros/humble/share/rosidl_adapter/cmake)
[50.311s] -- Found rosidl_generator_cpp: 3.1.4 (/opt/ros/humble/share/rosidl_generator_cpp/cmake)
[50.311s] -- Using all available rosidl_typesupport_c: rosidl_typesupport_fastrtps_c;rosidl_typesupport_introspection_c
[50.311s] -- Using all available rosidl_typesupport_cpp: rosidl_typesupport_fastrtps_cpp;rosidl_typesupport_introspection_cpp
[50.311s] -- Setting OGRE_DIR to: '/opt/ros/humble/share/rviz_ogre_vendor/cmake/../../../opt/rviz_ogre_vendor/lib/OGRE/cmake'
[50.311s] -- Found OGRE
[50.311s] --   static     : OFF
[50.311s] --   components : HLMS;MeshLodGenerator;Overlay;Paging;Property;RTShaderSystem;Terrain;Volume
[50.312s] --   plugins    : Plugin_BSPSceneManager;Plugin_OctreeSceneManager;Plugin_PCZSceneManager;Plugin_ParticleFX;RenderSystem_GL;RenderSystem_GL3Plus;Codec_STBI
[50.312s] --   media      : /opt/ros/humble/opt/rviz_ogre_vendor/share/OGRE/Media
[50.312s] -- OGRE_LIBRARIES: OgreHLMS;OgreMeshLodGenerator;OgreOverlay;OgrePaging;OgreProperty;OgreRTShaderSystem;OgreTerrain;OgreVolume;OgreMain
[50.312s] -- OGRE_LIBRARY_DIRS: /opt/ros/humble/opt/rviz_ogre_vendor/lib
[50.312s] -- OGRE_PLUGINS: Plugin_BSPSceneManager;Plugin_OctreeSceneManager;Plugin_PCZSceneManager;Plugin_ParticleFX;RenderSystem_GL;RenderSystem_GL3Plus;Codec_STBI
[50.312s] -- OGRE_PLUGIN_DIR: /opt/ros/humble/opt/rviz_ogre_vendor/lib/OGRE
[50.312s] -- rviz_ogre_vendor::OgreOverlay for IMPORTED_LOCATION_RELEASE: /opt/ros/humble/opt/rviz_ogre_vendor/lib/libOgreOverlay.so
[50.312s] -- rviz_ogre_vendor::OgreOverlay for IMPORTED_LOCATION_DEBUG: /opt/ros/humble/opt/rviz_ogre_vendor/lib/libOgreOverlay.so
[50.312s] -- rviz_ogre_vendor::OgreMain for IMPORTED_LOCATION_RELEASE: /opt/ros/humble/opt/rviz_ogre_vendor/lib/libOgreMain.so
[50.312s] -- rviz_ogre_vendor::OgreMain for IMPORTED_LOCATION_DEBUG: /opt/ros/humble/opt/rviz_ogre_vendor/lib/libOgreMain.so
[50.313s] -- Could not find freeimage library
[50.313s] -- Found ZLIB: /usr/lib/x86_64-linux-gnu/libz.so (found version "1.2.11") 
[50.313s] -- Found OpenGL: /usr/lib/x86_64-linux-gnu/libOpenGL.so   
[50.313s] -- Found X11: /usr/include   
[50.313s] -- Looking for XOpenDisplay in /usr/lib/x86_64-linux-gnu/libX11.so;/usr/lib/x86_64-linux-gnu/libXext.so
[50.313s] -- Looking for XOpenDisplay in /usr/lib/x86_64-linux-gnu/libX11.so;/usr/lib/x86_64-linux-gnu/libXext.so - found
[50.313s] -- Looking for gethostbyname
[50.313s] -- Looking for gethostbyname - found
[50.313s] -- Looking for connect
[50.313s] -- Looking for connect - found
[50.313s] -- Looking for remove
[50.314s] -- Looking for remove - found
[50.314s] -- Looking for shmat
[50.314s] -- Looking for shmat - found
[50.314s] -- Looking for IceConnectionNumber in ICE
[50.314s] -- Looking for IceConnectionNumber in ICE - found
[50.314s] -- rviz_ogre_vendor::RenderSystem_GL for IMPORTED_LOCATION_RELEASE: _render_system_gl_static_library_abs-NOTFOUND
[50.314s] -- rviz_ogre_vendor::RenderSystem_GL for IMPORTED_LOCATION_DEBUG: _render_system_gl_static_library_abs-NOTFOUND
[50.314s] -- library: /usr/lib/x86_64-linux-gnu/libcurl.so
[50.314s] -- Found rmw_implementation_cmake: 6.1.1 (/opt/ros/humble/share/rmw_implementation_cmake/cmake)
[50.314s] -- Found rmw_fastrtps_cpp: 6.2.2 (/opt/ros/humble/share/rmw_fastrtps_cpp/cmake)
[50.315s] -- Found OpenSSL: /usr/lib/x86_64-linux-gnu/libcrypto.so (found version "3.0.2")  
[50.315s] -- Found FastRTPS: /opt/ros/humble/include  
[50.315s] -- Using RMW implementation 'rmw_fastrtps_cpp' as default
[50.315s] -- Looking for pthread.h
[50.315s] -- Looking for pthread.h - found
[50.315s] -- Performing Test CMAKE_HAVE_LIBC_PTHREAD
[50.315s] -- Performing Test CMAKE_HAVE_LIBC_PTHREAD - Success
[50.315s] -- Found Threads: TRUE  
[50.315s] -- Found Eigen3: TRUE (found version "3.4.0") 
[50.316s] -- Ensuring Eigen3 include directory is part of orocos-kdl CMake target
[50.316s] -- Found ament_lint_auto: 0.12.5 (/opt/ros/humble/share/ament_lint_auto/cmake)
[50.316s] -- Added test 'copyright' to check source files copyright and LICENSE
[50.316s] -- Added test 'cppcheck' to perform static code analysis on C / C++ code
[50.316s] -- Configured cppcheck include dirs: 
[50.316s] -- Configured cppcheck exclude dirs and/or files: 
[50.316s] -- Added test 'lint_cmake' to check CMake code style
[50.316s] -- Added test 'xmllint' to check XML markup files
[50.316s] -- Configuring done
[50.317s] -- Generating done
[50.317s] -- Build files have been written to: /home/sws/autoware/build/tier4_vehicle_rviz_plugin
[50.454s] Invoked command in '/home/sws/autoware/build/tier4_vehicle_rviz_plugin' returned '0': AMENT_PREFIX_PATH=/home/sws/autoware/install/tier4_autoware_utils:/home/sws/autoware/install/autoware_auto_vehicle_msgs:/home/sws/autoware/install/autoware_cmake:/home/sws/autoware/install/autoware_auto_planning_msgs:/home/sws/autoware/install/autoware_auto_perception_msgs:/home/sws/autoware/install/tier4_debug_msgs:/home/sws/autoware/install/autoware_lint_common:/home/sws/autoware/install/autoware_auto_mapping_msgs:/home/sws/autoware/install/autoware_auto_geometry_msgs:${AMENT_PREFIX_PATH} CMAKE_PREFIX_PATH=/home/sws/autoware/install/tier4_autoware_utils:/home/sws/autoware/install/autoware_auto_vehicle_msgs:/home/sws/autoware/install/autoware_cmake:/home/sws/autoware/install/autoware_auto_planning_msgs:/home/sws/autoware/install/autoware_auto_perception_msgs:/home/sws/autoware/install/tier4_debug_msgs:/home/sws/autoware/install/autoware_lint_common:/home/sws/autoware/install/autoware_auto_mapping_msgs:/home/sws/autoware/install/autoware_auto_geometry_msgs:/opt/ros/humble LD_LIBRARY_PATH=/home/sws/autoware/install/tier4_autoware_utils/lib:/home/sws/autoware/install/autoware_auto_vehicle_msgs/lib:/home/sws/autoware/install/autoware_auto_planning_msgs/lib:/home/sws/autoware/install/autoware_auto_perception_msgs/lib:/home/sws/autoware/install/tier4_debug_msgs/lib:/home/sws/autoware/install/autoware_auto_mapping_msgs/lib:/home/sws/autoware/install/autoware_auto_geometry_msgs/lib:${LD_LIBRARY_PATH} PYTHONPATH=/home/sws/autoware/install/autoware_auto_vehicle_msgs/local/lib/python3.10/dist-packages:/home/sws/autoware/install/autoware_auto_planning_msgs/local/lib/python3.10/dist-packages:/home/sws/autoware/install/autoware_auto_perception_msgs/local/lib/python3.10/dist-packages:/home/sws/autoware/install/tier4_debug_msgs/local/lib/python3.10/dist-packages:/home/sws/autoware/install/autoware_auto_mapping_msgs/local/lib/python3.10/dist-packages:/home/sws/autoware/install/autoware_auto_geometry_msgs/local/lib/python3.10/dist-packages:${PYTHONPATH} /usr/bin/cmake /home/sws/autoware/src/universe/autoware.universe/common/tier4_vehicle_rviz_plugin -DCMAKE_BUILD_TYPE=Release -DAMENT_CMAKE_SYMLINK_INSTALL=1 -DCMAKE_INSTALL_PREFIX=/home/sws/autoware/install/tier4_vehicle_rviz_plugin
[50.468s] Invoking command in '/home/sws/autoware/build/tier4_vehicle_rviz_plugin': AMENT_PREFIX_PATH=/home/sws/autoware/install/tier4_autoware_utils:/home/sws/autoware/install/autoware_auto_vehicle_msgs:/home/sws/autoware/install/autoware_cmake:/home/sws/autoware/install/autoware_auto_planning_msgs:/home/sws/autoware/install/autoware_auto_perception_msgs:/home/sws/autoware/install/tier4_debug_msgs:/home/sws/autoware/install/autoware_lint_common:/home/sws/autoware/install/autoware_auto_mapping_msgs:/home/sws/autoware/install/autoware_auto_geometry_msgs:${AMENT_PREFIX_PATH} CMAKE_PREFIX_PATH=/home/sws/autoware/install/tier4_autoware_utils:/home/sws/autoware/install/autoware_auto_vehicle_msgs:/home/sws/autoware/install/autoware_cmake:/home/sws/autoware/install/autoware_auto_planning_msgs:/home/sws/autoware/install/autoware_auto_perception_msgs:/home/sws/autoware/install/tier4_debug_msgs:/home/sws/autoware/install/autoware_lint_common:/home/sws/autoware/install/autoware_auto_mapping_msgs:/home/sws/autoware/install/autoware_auto_geometry_msgs:/opt/ros/humble LD_LIBRARY_PATH=/home/sws/autoware/install/tier4_autoware_utils/lib:/home/sws/autoware/install/autoware_auto_vehicle_msgs/lib:/home/sws/autoware/install/autoware_auto_planning_msgs/lib:/home/sws/autoware/install/autoware_auto_perception_msgs/lib:/home/sws/autoware/install/tier4_debug_msgs/lib:/home/sws/autoware/install/autoware_auto_mapping_msgs/lib:/home/sws/autoware/install/autoware_auto_geometry_msgs/lib:${LD_LIBRARY_PATH} PYTHONPATH=/home/sws/autoware/install/autoware_auto_vehicle_msgs/local/lib/python3.10/dist-packages:/home/sws/autoware/install/autoware_auto_planning_msgs/local/lib/python3.10/dist-packages:/home/sws/autoware/install/autoware_auto_perception_msgs/local/lib/python3.10/dist-packages:/home/sws/autoware/install/tier4_debug_msgs/local/lib/python3.10/dist-packages:/home/sws/autoware/install/autoware_auto_mapping_msgs/local/lib/python3.10/dist-packages:/home/sws/autoware/install/autoware_auto_geometry_msgs/local/lib/python3.10/dist-packages:${PYTHONPATH} /usr/bin/cmake --build /home/sws/autoware/build/tier4_vehicle_rviz_plugin -- -j16 -l16
[57.046s] [ 12%] [34m[1mAutomatic MOC for target tier4_vehicle_rviz_plugin[0m
[57.047s] [ 12%] Built target tier4_vehicle_rviz_plugin_autogen
[57.047s] [ 25%] [32mBuilding CXX object CMakeFiles/tier4_vehicle_rviz_plugin.dir/tier4_vehicle_rviz_plugin_autogen/mocs_compilation.cpp.o[0m
[95.281s] [ 37%] [32mBuilding CXX object CMakeFiles/tier4_vehicle_rviz_plugin.dir/src/tools/velocity_history.cpp.o[0m
[115.557s] [ 50%] [32mBuilding CXX object CMakeFiles/tier4_vehicle_rviz_plugin.dir/src/tools/jsk_overlay_utils.cpp.o[0m
[123.045s] [ 62%] [32mBuilding CXX object CMakeFiles/tier4_vehicle_rviz_plugin.dir/src/tools/steering_angle.cpp.o[0m
[139.900s] [ 75%] [32mBuilding CXX object CMakeFiles/tier4_vehicle_rviz_plugin.dir/src/tools/console_meter.cpp.o[0m
[175.320s] [ 87%] [32mBuilding CXX object CMakeFiles/tier4_vehicle_rviz_plugin.dir/src/tools/turn_signal.cpp.o[0m
[195.868s] [100%] [32m[1mLinking CXX shared library libtier4_vehicle_rviz_plugin.so[0m
[198.321s] [100%] Built target tier4_vehicle_rviz_plugin
[198.336s] Invoked command in '/home/sws/autoware/build/tier4_vehicle_rviz_plugin' returned '0': AMENT_PREFIX_PATH=/home/sws/autoware/install/tier4_autoware_utils:/home/sws/autoware/install/autoware_auto_vehicle_msgs:/home/sws/autoware/install/autoware_cmake:/home/sws/autoware/install/autoware_auto_planning_msgs:/home/sws/autoware/install/autoware_auto_perception_msgs:/home/sws/autoware/install/tier4_debug_msgs:/home/sws/autoware/install/autoware_lint_common:/home/sws/autoware/install/autoware_auto_mapping_msgs:/home/sws/autoware/install/autoware_auto_geometry_msgs:${AMENT_PREFIX_PATH} CMAKE_PREFIX_PATH=/home/sws/autoware/install/tier4_autoware_utils:/home/sws/autoware/install/autoware_auto_vehicle_msgs:/home/sws/autoware/install/autoware_cmake:/home/sws/autoware/install/autoware_auto_planning_msgs:/home/sws/autoware/install/autoware_auto_perception_msgs:/home/sws/autoware/install/tier4_debug_msgs:/home/sws/autoware/install/autoware_lint_common:/home/sws/autoware/install/autoware_auto_mapping_msgs:/home/sws/autoware/install/autoware_auto_geometry_msgs:/opt/ros/humble LD_LIBRARY_PATH=/home/sws/autoware/install/tier4_autoware_utils/lib:/home/sws/autoware/install/autoware_auto_vehicle_msgs/lib:/home/sws/autoware/install/autoware_auto_planning_msgs/lib:/home/sws/autoware/install/autoware_auto_perception_msgs/lib:/home/sws/autoware/install/tier4_debug_msgs/lib:/home/sws/autoware/install/autoware_auto_mapping_msgs/lib:/home/sws/autoware/install/autoware_auto_geometry_msgs/lib:${LD_LIBRARY_PATH} PYTHONPATH=/home/sws/autoware/install/autoware_auto_vehicle_msgs/local/lib/python3.10/dist-packages:/home/sws/autoware/install/autoware_auto_planning_msgs/local/lib/python3.10/dist-packages:/home/sws/autoware/install/autoware_auto_perception_msgs/local/lib/python3.10/dist-packages:/home/sws/autoware/install/tier4_debug_msgs/local/lib/python3.10/dist-packages:/home/sws/autoware/install/autoware_auto_mapping_msgs/local/lib/python3.10/dist-packages:/home/sws/autoware/install/autoware_auto_geometry_msgs/local/lib/python3.10/dist-packages:${PYTHONPATH} /usr/bin/cmake --build /home/sws/autoware/build/tier4_vehicle_rviz_plugin -- -j16 -l16
[198.417s] Invoking command in '/home/sws/autoware/build/tier4_vehicle_rviz_plugin': AMENT_PREFIX_PATH=/home/sws/autoware/install/tier4_autoware_utils:/home/sws/autoware/install/autoware_auto_vehicle_msgs:/home/sws/autoware/install/autoware_cmake:/home/sws/autoware/install/autoware_auto_planning_msgs:/home/sws/autoware/install/autoware_auto_perception_msgs:/home/sws/autoware/install/tier4_debug_msgs:/home/sws/autoware/install/autoware_lint_common:/home/sws/autoware/install/autoware_auto_mapping_msgs:/home/sws/autoware/install/autoware_auto_geometry_msgs:${AMENT_PREFIX_PATH} CMAKE_PREFIX_PATH=/home/sws/autoware/install/tier4_autoware_utils:/home/sws/autoware/install/autoware_auto_vehicle_msgs:/home/sws/autoware/install/autoware_cmake:/home/sws/autoware/install/autoware_auto_planning_msgs:/home/sws/autoware/install/autoware_auto_perception_msgs:/home/sws/autoware/install/tier4_debug_msgs:/home/sws/autoware/install/autoware_lint_common:/home/sws/autoware/install/autoware_auto_mapping_msgs:/home/sws/autoware/install/autoware_auto_geometry_msgs:/opt/ros/humble LD_LIBRARY_PATH=/home/sws/autoware/install/tier4_autoware_utils/lib:/home/sws/autoware/install/autoware_auto_vehicle_msgs/lib:/home/sws/autoware/install/autoware_auto_planning_msgs/lib:/home/sws/autoware/install/autoware_auto_perception_msgs/lib:/home/sws/autoware/install/tier4_debug_msgs/lib:/home/sws/autoware/install/autoware_auto_mapping_msgs/lib:/home/sws/autoware/install/autoware_auto_geometry_msgs/lib:${LD_LIBRARY_PATH} PYTHONPATH=/home/sws/autoware/install/autoware_auto_vehicle_msgs/local/lib/python3.10/dist-packages:/home/sws/autoware/install/autoware_auto_planning_msgs/local/lib/python3.10/dist-packages:/home/sws/autoware/install/autoware_auto_perception_msgs/local/lib/python3.10/dist-packages:/home/sws/autoware/install/tier4_debug_msgs/local/lib/python3.10/dist-packages:/home/sws/autoware/install/autoware_auto_mapping_msgs/local/lib/python3.10/dist-packages:/home/sws/autoware/install/autoware_auto_geometry_msgs/local/lib/python3.10/dist-packages:${PYTHONPATH} /usr/bin/cmake --install /home/sws/autoware/build/tier4_vehicle_rviz_plugin
[205.612s] -- Install configuration: "Release"
[205.612s] -- Execute custom install script
[205.612s] -- Symlinking: /home/sws/autoware/install/tier4_vehicle_rviz_plugin/share/tier4_vehicle_rviz_plugin/plugins/plugin_description.xml
[205.612s] -- Symlinking: /home/sws/autoware/install/tier4_vehicle_rviz_plugin/share/tier4_vehicle_rviz_plugin/environment/library_path.sh
[205.613s] -- Symlinking: /home/sws/autoware/install/tier4_vehicle_rviz_plugin/share/tier4_vehicle_rviz_plugin/environment/library_path.dsv
[205.613s] -- Symlinking: /home/sws/autoware/install/tier4_vehicle_rviz_plugin/lib/libtier4_vehicle_rviz_plugin.so
[205.613s] -- Symlinking: /home/sws/autoware/install/tier4_vehicle_rviz_plugin/share/tier4_vehicle_rviz_plugin/icons/classes/ConsoleMeter.png
[205.613s] -- Symlinking: /home/sws/autoware/install/tier4_vehicle_rviz_plugin/share/tier4_vehicle_rviz_plugin/icons/classes/SteeringAngle.png
[205.613s] -- Symlinking: /home/sws/autoware/install/tier4_vehicle_rviz_plugin/share/tier4_vehicle_rviz_plugin/icons/classes/TurnSignal.png
[205.613s] -- Symlinking: /home/sws/autoware/install/tier4_vehicle_rviz_plugin/share/tier4_vehicle_rviz_plugin/icons/classes/VelocityHistory.png
[205.613s] -- Symlinking: /home/sws/autoware/install/tier4_vehicle_rviz_plugin/share/tier4_vehicle_rviz_plugin/images/handle.png
[205.613s] -- Symlinking: /home/sws/autoware/install/tier4_vehicle_rviz_plugin/share/tier4_vehicle_rviz_plugin/images/select_add.png
[205.613s] -- Symlinking: /home/sws/autoware/install/tier4_vehicle_rviz_plugin/share/tier4_vehicle_rviz_plugin/images/select_topic_name.png
[205.613s] -- Symlinking: /home/sws/autoware/install/tier4_vehicle_rviz_plugin/share/tier4_vehicle_rviz_plugin/images/select_vehicle_plugin.png
[205.613s] -- Up-to-date symlink: /home/sws/autoware/install/tier4_vehicle_rviz_plugin/share/tier4_vehicle_rviz_plugin/plugins/plugin_description.xml
[205.613s] -- Symlinking: /home/sws/autoware/install/tier4_vehicle_rviz_plugin/share/ament_index/resource_index/package_run_dependencies/tier4_vehicle_rviz_plugin
[205.613s] -- Symlinking: /home/sws/autoware/install/tier4_vehicle_rviz_plugin/share/ament_index/resource_index/parent_prefix_path/tier4_vehicle_rviz_plugin
[205.613s] -- Symlinking: /home/sws/autoware/install/tier4_vehicle_rviz_plugin/share/tier4_vehicle_rviz_plugin/environment/ament_prefix_path.sh
[205.614s] -- Symlinking: /home/sws/autoware/install/tier4_vehicle_rviz_plugin/share/tier4_vehicle_rviz_plugin/environment/ament_prefix_path.dsv
[205.614s] -- Symlinking: /home/sws/autoware/install/tier4_vehicle_rviz_plugin/share/tier4_vehicle_rviz_plugin/environment/path.sh
[205.614s] -- Symlinking: /home/sws/autoware/install/tier4_vehicle_rviz_plugin/share/tier4_vehicle_rviz_plugin/environment/path.dsv
[205.614s] -- Symlinking: /home/sws/autoware/install/tier4_vehicle_rviz_plugin/share/tier4_vehicle_rviz_plugin/local_setup.bash
[205.614s] -- Symlinking: /home/sws/autoware/install/tier4_vehicle_rviz_plugin/share/tier4_vehicle_rviz_plugin/local_setup.sh
[205.614s] -- Symlinking: /home/sws/autoware/install/tier4_vehicle_rviz_plugin/share/tier4_vehicle_rviz_plugin/local_setup.zsh
[205.614s] -- Symlinking: /home/sws/autoware/install/tier4_vehicle_rviz_plugin/share/tier4_vehicle_rviz_plugin/local_setup.dsv
[205.614s] -- Symlinking: /home/sws/autoware/install/tier4_vehicle_rviz_plugin/share/tier4_vehicle_rviz_plugin/package.dsv
[205.614s] -- Symlinking: /home/sws/autoware/install/tier4_vehicle_rviz_plugin/share/ament_index/resource_index/packages/tier4_vehicle_rviz_plugin
[205.614s] -- Symlinking: /home/sws/autoware/install/tier4_vehicle_rviz_plugin/share/ament_index/resource_index/rviz_common__pluginlib__plugin/tier4_vehicle_rviz_plugin
[205.614s] -- Symlinking: /home/sws/autoware/install/tier4_vehicle_rviz_plugin/share/tier4_vehicle_rviz_plugin/cmake/ament_cmake_export_dependencies-extras.cmake
[205.614s] -- Symlinking: /home/sws/autoware/install/tier4_vehicle_rviz_plugin/share/tier4_vehicle_rviz_plugin/cmake/ament_cmake_export_libraries-extras.cmake
[205.614s] -- Symlinking: /home/sws/autoware/install/tier4_vehicle_rviz_plugin/share/tier4_vehicle_rviz_plugin/cmake/tier4_vehicle_rviz_pluginConfig.cmake
[205.615s] -- Symlinking: /home/sws/autoware/install/tier4_vehicle_rviz_plugin/share/tier4_vehicle_rviz_plugin/cmake/tier4_vehicle_rviz_pluginConfig-version.cmake
[205.615s] -- Symlinking: /home/sws/autoware/install/tier4_vehicle_rviz_plugin/share/tier4_vehicle_rviz_plugin/package.xml
[205.626s] Invoked command in '/home/sws/autoware/build/tier4_vehicle_rviz_plugin' returned '0': AMENT_PREFIX_PATH=/home/sws/autoware/install/tier4_autoware_utils:/home/sws/autoware/install/autoware_auto_vehicle_msgs:/home/sws/autoware/install/autoware_cmake:/home/sws/autoware/install/autoware_auto_planning_msgs:/home/sws/autoware/install/autoware_auto_perception_msgs:/home/sws/autoware/install/tier4_debug_msgs:/home/sws/autoware/install/autoware_lint_common:/home/sws/autoware/install/autoware_auto_mapping_msgs:/home/sws/autoware/install/autoware_auto_geometry_msgs:${AMENT_PREFIX_PATH} CMAKE_PREFIX_PATH=/home/sws/autoware/install/tier4_autoware_utils:/home/sws/autoware/install/autoware_auto_vehicle_msgs:/home/sws/autoware/install/autoware_cmake:/home/sws/autoware/install/autoware_auto_planning_msgs:/home/sws/autoware/install/autoware_auto_perception_msgs:/home/sws/autoware/install/tier4_debug_msgs:/home/sws/autoware/install/autoware_lint_common:/home/sws/autoware/install/autoware_auto_mapping_msgs:/home/sws/autoware/install/autoware_auto_geometry_msgs:/opt/ros/humble LD_LIBRARY_PATH=/home/sws/autoware/install/tier4_autoware_utils/lib:/home/sws/autoware/install/autoware_auto_vehicle_msgs/lib:/home/sws/autoware/install/autoware_auto_planning_msgs/lib:/home/sws/autoware/install/autoware_auto_perception_msgs/lib:/home/sws/autoware/install/tier4_debug_msgs/lib:/home/sws/autoware/install/autoware_auto_mapping_msgs/lib:/home/sws/autoware/install/autoware_auto_geometry_msgs/lib:${LD_LIBRARY_PATH} PYTHONPATH=/home/sws/autoware/install/autoware_auto_vehicle_msgs/local/lib/python3.10/dist-packages:/home/sws/autoware/install/autoware_auto_planning_msgs/local/lib/python3.10/dist-packages:/home/sws/autoware/install/autoware_auto_perception_msgs/local/lib/python3.10/dist-packages:/home/sws/autoware/install/tier4_debug_msgs/local/lib/python3.10/dist-packages:/home/sws/autoware/install/autoware_auto_mapping_msgs/local/lib/python3.10/dist-packages:/home/sws/autoware/install/autoware_auto_geometry_msgs/local/lib/python3.10/dist-packages:${PYTHONPATH} /usr/bin/cmake --install /home/sws/autoware/build/tier4_vehicle_rviz_plugin
