[0.085s] Invoking command in '/home/sws/autoware/build/ndt_omp': CMAKE_PREFIX_PATH=/opt/ros/humble /usr/bin/cmake /home/sws/autoware/src/universe/external/ndt_omp -DCMAKE_BUILD_TYPE=Release -DAMENT_CMAKE_SYMLINK_INSTALL=1 -DCMAKE_INSTALL_PREFIX=/home/sws/autoware/install/ndt_omp
[6.119s] -- The C compiler identification is GNU 11.3.0
[6.120s] -- The CXX compiler identification is GNU 11.3.0
[6.121s] -- Detecting C compiler ABI info
[6.122s] -- Detecting C compiler ABI info - done
[6.122s] -- Check for working C compiler: /usr/bin/cc - skipped
[6.122s] -- Detecting C compile features
[6.122s] -- Detecting C compile features - done
[6.122s] -- Detecting CXX compiler ABI info
[6.122s] -- Detecting CXX compiler ABI info - done
[6.122s] -- Check for working CXX compiler: /usr/bin/c++ - skipped
[6.122s] -- Detecting CXX compile features
[6.122s] -- Detecting CXX compile features - done
[6.122s] -- Found ament_cmake_auto: 1.3.3 (/opt/ros/humble/share/ament_cmake_auto/cmake)
[6.123s] -- Found Python3: /usr/bin/python3.10 (found version "3.10.6") found components: Interpreter 
[6.123s] -- Override CMake install command with custom implementation using symlinks instead of copying resources
[6.123s] -- Checking for module 'eigen3'
[6.123s] --   Found eigen3, version 3.4.0
[6.123s] -- Found Eigen: /usr/include/eigen3 (Required is at least version "3.1") 
[6.123s] -- Eigen found (include: /usr/include/eigen3, version: 3.4.0)
[6.123s] -- Found Boost: /usr/lib/x86_64-linux-gnu/cmake/Boost-1.74.0/BoostConfig.cmake (found suitable version "1.74.0", minimum required is "1.65.0") found components: system filesystem date_time iostreams serialization 
[6.123s] -- Checking for module 'flann'
[6.123s] --   Found flann, version 1.9.1
[6.123s] -- Found FLANN: /usr/lib/x86_64-linux-gnu/libflann_cpp.so  
[6.124s] -- FLANN found (include: /usr/include, lib: /usr/lib/x86_64-linux-gnu/libflann_cpp.so)
[6.124s] -- Looking for pthread.h
[6.124s] -- Looking for pthread.h - found
[6.124s] -- Performing Test CMAKE_HAVE_LIBC_PTHREAD
[6.124s] -- Performing Test CMAKE_HAVE_LIBC_PTHREAD - Success
[6.124s] -- Found Threads: TRUE  
[6.124s] -- Found GLEW: /usr/lib/x86_64-linux-gnu/libGLEW.so  
[6.124s] -- Found OpenGL: /usr/lib/x86_64-linux-gnu/libOpenGL.so  found components: OpenGL GLX 
[6.124s] -- Found MPI_C: /usr/lib/x86_64-linux-gnu/libmpi.so (found version "3.1") 
[6.124s] -- Found MPI: TRUE (found version "3.1") found components: C 
[6.125s] -- Found JsonCpp: /usr/lib/x86_64-linux-gnu/libjsoncpp.so (found suitable version "1.9.5", minimum required is "0.7.0") 
[6.125s] -- Found ZLIB: /usr/lib/x86_64-linux-gnu/libz.so (found version "1.2.11") 
[6.125s] -- Found PNG: /usr/lib/x86_64-linux-gnu/libpng.so (found version "1.6.37") 
[6.125s] -- Found Eigen3: /usr/include/eigen3 (found version "3.4.0") 
[6.125s] -- Found X11: /usr/include   
[6.125s] -- Looking for XOpenDisplay in /usr/lib/x86_64-linux-gnu/libX11.so;/usr/lib/x86_64-linux-gnu/libXext.so
[6.125s] -- Looking for XOpenDisplay in /usr/lib/x86_64-linux-gnu/libX11.so;/usr/lib/x86_64-linux-gnu/libXext.so - found
[6.125s] -- Looking for gethostbyname
[6.126s] -- Looking for gethostbyname - found
[6.128s] -- Looking for connect
[6.128s] -- Looking for connect - found
[6.128s] -- Looking for remove
[6.128s] -- Looking for remove - found
[6.128s] -- Looking for shmat
[6.129s] -- Looking for shmat - found
[6.129s] -- Looking for IceConnectionNumber in ICE
[6.129s] -- Looking for IceConnectionNumber in ICE - found
[6.129s] -- Found EXPAT: /usr/lib/x86_64-linux-gnu/libexpat.so (found version "2.4.7") 
[6.129s] -- Found double-conversion: /usr/lib/x86_64-linux-gnu/libdouble-conversion.so  
[6.129s] -- Found LZ4: /usr/lib/x86_64-linux-gnu/liblz4.so (found version "1.9.3") 
[6.129s] -- Found LZMA: /usr/lib/x86_64-linux-gnu/liblzma.so (found version "5.2.5") 
[6.129s] -- Found JPEG: /usr/lib/x86_64-linux-gnu/libjpeg.so (found version "80") 
[6.129s] -- Found TIFF: /usr/lib/x86_64-linux-gnu/libtiff.so (found version "4.3.0")  
[6.129s] -- Found Freetype: /usr/lib/x86_64-linux-gnu/libfreetype.so (found version "2.11.1") 
[6.130s] -- Found utf8cpp: /usr/include/utf8cpp  
[6.130s] -- Checking for module 'libusb-1.0'
[6.130s] --   Found libusb-1.0, version 1.0.25
[6.130s] -- Found libusb: /usr/lib/x86_64-linux-gnu/libusb-1.0.so  
[6.130s] -- Found OpenNI: /usr/lib/libOpenNI.so;libusb::libusb (found version "1.5.4.0") 
[6.130s] -- OpenNI found (version: 1.5.4.0, include: /usr/include/ni, lib: /usr/lib/libOpenNI.so;libusb::libusb)
[6.130s] -- Found OpenNI2: /usr/lib/x86_64-linux-gnu/libOpenNI2.so;libusb::libusb (found version "2.2.0.33") 
[6.130s] -- OpenNI2 found (version: 2.2.0.33, include: /usr/include/openni2, lib: /usr/lib/x86_64-linux-gnu/libOpenNI2.so;libusb::libusb)
[6.131s] -- Eigen found (include: /usr/include/eigen3, version: 3.4.0)
[6.131s] [0m** WARNING ** io features related to pcap will be disabled[0m
[6.131s] -- OpenNI found (version: 1.5.4.0, include: /usr/include/ni, lib: /usr/lib/libOpenNI.so;libusb::libusb)
[6.133s] -- OpenNI2 found (version: 2.2.0.33, include: /usr/include/openni2, lib: /usr/lib/x86_64-linux-gnu/libOpenNI2.so;libusb::libusb)
[6.133s] -- Found Qhull version 8.0.2
[6.133s] -- OpenNI found (version: 1.5.4.0, include: /usr/include/ni, lib: /usr/lib/libOpenNI.so;libusb::libusb)
[6.133s] -- looking for PCL_COMMON
[6.133s] -- Found PCL_COMMON: /usr/lib/x86_64-linux-gnu/libpcl_common.so  
[6.133s] -- looking for PCL_KDTREE
[6.133s] -- Found PCL_KDTREE: /usr/lib/x86_64-linux-gnu/libpcl_kdtree.so  
[6.134s] -- looking for PCL_OCTREE
[6.134s] -- Found PCL_OCTREE: /usr/lib/x86_64-linux-gnu/libpcl_octree.so  
[6.134s] -- looking for PCL_SEARCH
[6.134s] -- Found PCL_SEARCH: /usr/lib/x86_64-linux-gnu/libpcl_search.so  
[6.134s] -- looking for PCL_SAMPLE_CONSENSUS
[6.134s] -- Found PCL_SAMPLE_CONSENSUS: /usr/lib/x86_64-linux-gnu/libpcl_sample_consensus.so  
[6.134s] -- looking for PCL_FILTERS
[6.134s] -- Found PCL_FILTERS: /usr/lib/x86_64-linux-gnu/libpcl_filters.so  
[6.134s] -- looking for PCL_2D
[6.134s] -- Found PCL_2D: /usr/include/pcl-1.12  
[6.134s] -- looking for PCL_GEOMETRY
[6.135s] -- Found PCL_GEOMETRY: /usr/include/pcl-1.12  
[6.135s] -- looking for PCL_IO
[6.135s] -- Found PCL_IO: /usr/lib/x86_64-linux-gnu/libpcl_io.so  
[6.135s] -- looking for PCL_FEATURES
[6.135s] -- Found PCL_FEATURES: /usr/lib/x86_64-linux-gnu/libpcl_features.so  
[6.135s] -- looking for PCL_ML
[6.135s] -- Found PCL_ML: /usr/lib/x86_64-linux-gnu/libpcl_ml.so  
[6.135s] -- looking for PCL_SEGMENTATION
[6.135s] -- Found PCL_SEGMENTATION: /usr/lib/x86_64-linux-gnu/libpcl_segmentation.so  
[6.136s] -- looking for PCL_VISUALIZATION
[6.136s] -- Found PCL_VISUALIZATION: /usr/lib/x86_64-linux-gnu/libpcl_visualization.so  
[6.136s] -- looking for PCL_SURFACE
[6.136s] -- Found PCL_SURFACE: /usr/lib/x86_64-linux-gnu/libpcl_surface.so  
[6.136s] -- looking for PCL_REGISTRATION
[6.136s] -- Found PCL_REGISTRATION: /usr/lib/x86_64-linux-gnu/libpcl_registration.so  
[6.136s] -- looking for PCL_KEYPOINTS
[6.136s] -- Found PCL_KEYPOINTS: /usr/lib/x86_64-linux-gnu/libpcl_keypoints.so  
[6.136s] -- looking for PCL_TRACKING
[6.136s] -- Found PCL_TRACKING: /usr/lib/x86_64-linux-gnu/libpcl_tracking.so  
[6.136s] -- looking for PCL_RECOGNITION
[6.136s] -- Found PCL_RECOGNITION: /usr/lib/x86_64-linux-gnu/libpcl_recognition.so  
[6.137s] -- looking for PCL_STEREO
[6.137s] -- Found PCL_STEREO: /usr/lib/x86_64-linux-gnu/libpcl_stereo.so  
[6.137s] -- looking for PCL_APPS
[6.137s] -- Found PCL_APPS: /usr/lib/x86_64-linux-gnu/libpcl_apps.so  
[6.137s] -- looking for PCL_IN_HAND_SCANNER
[6.137s] -- Found PCL_IN_HAND_SCANNER: /usr/include/pcl-1.12  
[6.137s] -- looking for PCL_MODELER
[6.137s] -- Found PCL_MODELER: /usr/include/pcl-1.12  
[6.137s] -- looking for PCL_POINT_CLOUD_EDITOR
[6.137s] -- Found PCL_POINT_CLOUD_EDITOR: /usr/include/pcl-1.12  
[6.137s] -- looking for PCL_OUTOFCORE
[6.138s] -- Found PCL_OUTOFCORE: /usr/lib/x86_64-linux-gnu/libpcl_outofcore.so  
[6.138s] -- looking for PCL_PEOPLE
[6.138s] -- Found PCL_PEOPLE: /usr/lib/x86_64-linux-gnu/libpcl_people.so  
[6.138s] -- Found PCL: pcl_common;pcl_kdtree;pcl_octree;pcl_search;pcl_sample_consensus;pcl_filters;pcl_io;pcl_features;pcl_ml;pcl_segmentation;pcl_visualization;pcl_surface;pcl_registration;pcl_keypoints;pcl_tracking;pcl_recognition;pcl_stereo;pcl_apps;pcl_outofcore;pcl_people;Boost::system;Boost::filesystem;Boost::date_time;Boost::iostreams;Boost::serialization;/usr/lib/libOpenNI.so;libusb::libusb;/usr/lib/x86_64-linux-gnu/libOpenNI2.so;libusb::libusb;VTK::ChartsCore;VTK::CommonColor;VTK::CommonComputationalGeometry;VTK::CommonCore;VTK::CommonDataModel;VTK::CommonExecutionModel;VTK::CommonMath;VTK::CommonMisc;VTK::CommonTransforms;VTK::FiltersCore;VTK::FiltersExtraction;VTK::FiltersGeneral;VTK::FiltersGeometry;VTK::FiltersModeling;VTK::FiltersSources;VTK::ImagingCore;VTK::ImagingSources;VTK::InteractionImage;VTK::InteractionStyle;VTK::InteractionWidgets;VTK::IOCore;VTK::IOGeometry;VTK::IOImage;VTK::IOLegacy;VTK::IOPLY;VTK::RenderingAnnotation;VTK::RenderingCore;VTK::RenderingContext2D;VTK::RenderingLOD;VTK::RenderingFreeType;VTK::ViewsCore;VTK::ViewsContext2D;VTK::RenderingOpenGL2;VTK::GUISupportQt;FLANN::FLANN;QHULL::QHULL (Required is at least version "1.7") 
[6.138s] -- PCL_INCLUDE_DIRS:/usr/include/pcl-1.12/usr/include/eigen3/usr/include/usr/include/ni/usr/include/openni2
[6.138s] -- PCL_LIBRARY_DIRS:/usr/lib/x86_64-linux-gnu
[6.138s] -- PCL_DEFINITIONS:-DDISABLE_PCAP
[6.138s] -- Found OpenMP_C: -fopenmp (found version "4.5") 
[6.138s] -- Found OpenMP_CXX: -fopenmp (found version "4.5") 
[6.138s] -- Found OpenMP: TRUE (found version "4.5")  
[6.138s] -- Configuring done
[6.139s] -- Generating done
[6.139s] -- Build files have been written to: /home/sws/autoware/build/ndt_omp
[6.166s] Invoked command in '/home/sws/autoware/build/ndt_omp' returned '0': CMAKE_PREFIX_PATH=/opt/ros/humble /usr/bin/cmake /home/sws/autoware/src/universe/external/ndt_omp -DCMAKE_BUILD_TYPE=Release -DAMENT_CMAKE_SYMLINK_INSTALL=1 -DCMAKE_INSTALL_PREFIX=/home/sws/autoware/install/ndt_omp
[6.174s] Invoking command in '/home/sws/autoware/build/ndt_omp': CMAKE_PREFIX_PATH=/opt/ros/humble /usr/bin/cmake --build /home/sws/autoware/build/ndt_omp -- -j16 -l16
[6.623s] [ 14%] [32mBuilding CXX object CMakeFiles/ndt_omp.dir/src/pclomp/voxel_grid_covariance_omp.cpp.o[0m
[19.409s] [ 28%] [32mBuilding CXX object CMakeFiles/ndt_omp.dir/src/pclomp/gicp_omp.cpp.o[0m
[26.696s] In file included from [01m[K/home/sws/autoware/src/universe/external/ndt_omp/src/pclomp/gicp_omp.cpp:2[m[K:
[26.696s] /home/sws/autoware/src/universe/external/ndt_omp/include/pclomp/gicp_omp_impl.hpp: In instantiation of ‘[01m[Kvoid pclomp::GeneralizedIterativeClosestPoint<PointSource, PointTarget>::estimateRigidTransformationBFGS(const PointCloudSource&, const std::vector<int, std::allocator<int> >&, const PointCloudTarget&, const std::vector<int, std::allocator<int> >&, Eigen::Matrix4f&) [with PointSource = pcl::PointXYZ; PointTarget = pcl::PointXYZ; pclomp::GeneralizedIterativeClosestPoint<PointSource, PointTarget>::PointCloudSource = pcl::PointCloud<pcl::PointXYZ>; pclomp::GeneralizedIterativeClosestPoint<PointSource, PointTarget>::PointCloudTarget = pcl::PointCloud<pcl::PointXYZ>; Eigen::Matrix4f = Eigen::Matrix<float, 4, 4>][m[K’:
[26.696s] [01m[K/home/sws/autoware/src/universe/external/ndt_omp/src/pclomp/gicp_omp.cpp:4:24:[m[K   required from here
[26.696s] [01m[K/home/sws/autoware/src/universe/external/ndt_omp/include/pclomp/gicp_omp_impl.hpp:230:31:[m[K [01;35m[Kwarning: [m[K‘[01m[KBFGSSpace::Status BFGS<FunctorType>::testGradient(BFGS<FunctorType>::Scalar) [with FunctorType = pclomp::GeneralizedIterativeClosestPoint<pcl::PointXYZ, pcl::PointXYZ>::OptimizationFunctorWithIndices; BFGS<FunctorType>::Scalar = double][m[K’ is deprecated: Use `testGradient()` instead (It will be removed in PCL 1.13) [[01;35m[K]8;;https://gcc.gnu.org/onlinedocs/gcc/Warning-Options.html#index-Wdeprecated-declarations-Wdeprecated-declarations]8;;[m[K]
[26.697s]   230 |     result = [01;35m[Kbfgs.testGradient(gradient_tol)[m[K;
[26.697s]       |              [01;35m[K~~~~~~~~~~~~~~~~~^~~~~~~~~~~~~~[m[K
[26.697s] In file included from [01m[K/home/sws/autoware/src/universe/external/ndt_omp/include/pclomp/gicp_omp.h:45[m[K,
[26.697s]                  from [01m[K/home/sws/autoware/src/universe/external/ndt_omp/src/pclomp/gicp_omp.cpp:1[m[K:
[26.697s] [01m[K/usr/include/pcl-1.12/pcl/registration/bfgs.h:164:21:[m[K [01;36m[Knote: [m[Kdeclared here
[26.697s]   164 |   BFGSSpace::Status [01;36m[KtestGradient[m[K(Scalar) { return testGradient(); }
[26.697s]       |                     [01;36m[K^~~~~~~~~~~~[m[K
[27.137s] In file included from [01m[K/home/sws/autoware/src/universe/external/ndt_omp/src/pclomp/gicp_omp.cpp:2[m[K:
[27.137s] /home/sws/autoware/src/universe/external/ndt_omp/include/pclomp/gicp_omp_impl.hpp: In instantiation of ‘[01m[Kvoid pclomp::GeneralizedIterativeClosestPoint<PointSource, PointTarget>::estimateRigidTransformationBFGS(const PointCloudSource&, const std::vector<int, std::allocator<int> >&, const PointCloudTarget&, const std::vector<int, std::allocator<int> >&, Eigen::Matrix4f&) [with PointSource = pcl::PointXYZI; PointTarget = pcl::PointXYZI; pclomp::GeneralizedIterativeClosestPoint<PointSource, PointTarget>::PointCloudSource = pcl::PointCloud<pcl::PointXYZI>; pclomp::GeneralizedIterativeClosestPoint<PointSource, PointTarget>::PointCloudTarget = pcl::PointCloud<pcl::PointXYZI>; Eigen::Matrix4f = Eigen::Matrix<float, 4, 4>][m[K’:
[27.137s] [01m[K/home/sws/autoware/src/universe/external/ndt_omp/src/pclomp/gicp_omp.cpp:5:24:[m[K   required from here
[27.137s] [01m[K/home/sws/autoware/src/universe/external/ndt_omp/include/pclomp/gicp_omp_impl.hpp:230:31:[m[K [01;35m[Kwarning: [m[K‘[01m[KBFGSSpace::Status BFGS<FunctorType>::testGradient(BFGS<FunctorType>::Scalar) [with FunctorType = pclomp::GeneralizedIterativeClosestPoint<pcl::PointXYZI, pcl::PointXYZI>::OptimizationFunctorWithIndices; BFGS<FunctorType>::Scalar = double][m[K’ is deprecated: Use `testGradient()` instead (It will be removed in PCL 1.13) [[01;35m[K]8;;https://gcc.gnu.org/onlinedocs/gcc/Warning-Options.html#index-Wdeprecated-declarations-Wdeprecated-declarations]8;;[m[K]
[27.137s]   230 |     result = [01;35m[Kbfgs.testGradient(gradient_tol)[m[K;
[27.137s]       |              [01;35m[K~~~~~~~~~~~~~~~~~^~~~~~~~~~~~~~[m[K
[27.138s] In file included from [01m[K/home/sws/autoware/src/universe/external/ndt_omp/include/pclomp/gicp_omp.h:45[m[K,
[27.138s]                  from [01m[K/home/sws/autoware/src/universe/external/ndt_omp/src/pclomp/gicp_omp.cpp:1[m[K:
[27.138s] [01m[K/usr/include/pcl-1.12/pcl/registration/bfgs.h:164:21:[m[K [01;36m[Knote: [m[Kdeclared here
[27.138s]   164 |   BFGSSpace::Status [01;36m[KtestGradient[m[K(Scalar) { return testGradient(); }
[27.138s]       |                     [01;36m[K^~~~~~~~~~~~[m[K
[46.596s] [ 42%] [32mBuilding CXX object CMakeFiles/ndt_omp.dir/src/pclomp/ndt_omp.cpp.o[0m
[63.452s] [ 57%] [32m[1mLinking CXX shared library libndt_omp.so[0m
[65.545s] [ 57%] Built target ndt_omp
[65.562s] [ 71%] [32mBuilding CXX object CMakeFiles/multigrid_ndt_omp.dir/src/multigrid_pclomp/multi_voxel_grid_covariance_omp.cpp.o[0m
[65.566s] [ 85%] [32mBuilding CXX object CMakeFiles/multigrid_ndt_omp.dir/src/multigrid_pclomp/multigrid_ndt_omp.cpp.o[0m
[87.148s] [100%] [32m[1mLinking CXX shared library libmultigrid_ndt_omp.so[0m
[88.721s] [100%] Built target multigrid_ndt_omp
[88.730s] Invoked command in '/home/sws/autoware/build/ndt_omp' returned '0': CMAKE_PREFIX_PATH=/opt/ros/humble /usr/bin/cmake --build /home/sws/autoware/build/ndt_omp -- -j16 -l16
[88.758s] Invoking command in '/home/sws/autoware/build/ndt_omp': CMAKE_PREFIX_PATH=/opt/ros/humble /usr/bin/cmake --install /home/sws/autoware/build/ndt_omp
[88.862s] -- Install configuration: "RELEASE"
[88.862s] -- Execute custom install script
[88.862s] -- Symlinking: /home/sws/autoware/install/ndt_omp/include/multigrid_pclomp/multi_voxel_grid_covariance_omp.h
[88.863s] -- Symlinking: /home/sws/autoware/install/ndt_omp/include/multigrid_pclomp/multi_voxel_grid_covariance_omp_impl.hpp
[88.863s] -- Symlinking: /home/sws/autoware/install/ndt_omp/include/multigrid_pclomp/multigrid_ndt_omp.h
[88.863s] -- Symlinking: /home/sws/autoware/install/ndt_omp/include/multigrid_pclomp/multigrid_ndt_omp_impl.hpp
[88.863s] -- Symlinking: /home/sws/autoware/install/ndt_omp/include/pclomp/gicp_omp.h
[88.863s] -- Symlinking: /home/sws/autoware/install/ndt_omp/include/pclomp/gicp_omp_impl.hpp
[88.863s] -- Symlinking: /home/sws/autoware/install/ndt_omp/include/pclomp/ndt_omp.h
[88.863s] -- Symlinking: /home/sws/autoware/install/ndt_omp/include/pclomp/ndt_omp_impl.hpp
[88.870s] -- Symlinking: /home/sws/autoware/install/ndt_omp/include/pclomp/voxel_grid_covariance_omp.h
[88.871s] -- Symlinking: /home/sws/autoware/install/ndt_omp/include/pclomp/voxel_grid_covariance_omp_impl.hpp
[88.871s] -- Symlinking: /home/sws/autoware/install/ndt_omp/share/ndt_omp/environment/library_path.sh
[88.871s] -- Symlinking: /home/sws/autoware/install/ndt_omp/share/ndt_omp/environment/library_path.dsv
[88.872s] -- Symlinking: /home/sws/autoware/install/ndt_omp/lib/libndt_omp.so
[88.878s] -- Symlinking: /home/sws/autoware/install/ndt_omp/lib/libmultigrid_ndt_omp.so
[88.888s] -- Symlinking: /home/sws/autoware/install/ndt_omp/share/ament_index/resource_index/package_run_dependencies/ndt_omp
[88.899s] -- Symlinking: /home/sws/autoware/install/ndt_omp/share/ament_index/resource_index/parent_prefix_path/ndt_omp
[88.909s] -- Symlinking: /home/sws/autoware/install/ndt_omp/share/ndt_omp/environment/ament_prefix_path.sh
[88.918s] -- Symlinking: /home/sws/autoware/install/ndt_omp/share/ndt_omp/environment/ament_prefix_path.dsv
[88.926s] -- Symlinking: /home/sws/autoware/install/ndt_omp/share/ndt_omp/environment/path.sh
[88.940s] -- Symlinking: /home/sws/autoware/install/ndt_omp/share/ndt_omp/environment/path.dsv
[88.944s] -- Symlinking: /home/sws/autoware/install/ndt_omp/share/ndt_omp/local_setup.bash
[88.953s] -- Symlinking: /home/sws/autoware/install/ndt_omp/share/ndt_omp/local_setup.sh
[88.964s] -- Symlinking: /home/sws/autoware/install/ndt_omp/share/ndt_omp/local_setup.zsh
[88.974s] -- Symlinking: /home/sws/autoware/install/ndt_omp/share/ndt_omp/local_setup.dsv
[88.984s] -- Symlinking: /home/sws/autoware/install/ndt_omp/share/ndt_omp/package.dsv
[88.992s] -- Symlinking: /home/sws/autoware/install/ndt_omp/share/ament_index/resource_index/packages/ndt_omp
[89.000s] -- Symlinking: /home/sws/autoware/install/ndt_omp/share/ndt_omp/cmake/ament_cmake_export_include_directories-extras.cmake
[89.010s] -- Symlinking: /home/sws/autoware/install/ndt_omp/share/ndt_omp/cmake/ament_cmake_export_libraries-extras.cmake
[89.019s] -- Symlinking: /home/sws/autoware/install/ndt_omp/share/ndt_omp/cmake/ndt_ompConfig.cmake
[89.027s] -- Symlinking: /home/sws/autoware/install/ndt_omp/share/ndt_omp/cmake/ndt_ompConfig-version.cmake
[89.037s] -- Symlinking: /home/sws/autoware/install/ndt_omp/share/ndt_omp/package.xml
[89.053s] Invoked command in '/home/sws/autoware/build/ndt_omp' returned '0': CMAKE_PREFIX_PATH=/opt/ros/humble /usr/bin/cmake --install /home/sws/autoware/build/ndt_omp
