[0.168s] Invoking command in '/home/sws/autoware/build/camera_description': CMAKE_PREFIX_PATH=/opt/ros/humble /usr/bin/cmake /home/sws/autoware/src/sensor_component/external/sensor_component_description/camera_description -DCMAKE_BUILD_TYPE=Release -DAMENT_CMAKE_SYMLINK_INSTALL=1 -DCMAKE_INSTALL_PREFIX=/home/sws/autoware/install/camera_description
[9.996s] -- The C compiler identification is GNU 11.3.0
[9.998s] -- The CXX compiler identification is GNU 11.3.0
[9.999s] -- Detecting C compiler ABI info
[10.003s] -- Detecting C compiler ABI info - done
[10.003s] -- Check for working C compiler: /usr/bin/cc - skipped
[10.003s] -- Detecting C compile features
[10.004s] -- Detecting C compile features - done
[10.004s] -- Detecting CXX compiler ABI info
[10.004s] -- Detecting CXX compiler ABI info - done
[10.004s] -- Check for working CXX compiler: /usr/bin/c++ - skipped
[10.004s] -- Detecting CXX compile features
[10.004s] -- Detecting CXX compile features - done
[10.004s] -- Found ament_cmake_auto: 1.3.3 (/opt/ros/humble/share/ament_cmake_auto/cmake)
[10.004s] -- Found Python3: /usr/bin/python3.10 (found version "3.10.6") found components: Interpreter 
[10.004s] -- Override CMake install command with custom implementation using symlinks instead of copying resources
[10.004s] -- Configuring done
[10.004s] -- Generating done
[10.004s] -- Build files have been written to: /home/sws/autoware/build/camera_description
[10.020s] Invoked command in '/home/sws/autoware/build/camera_description' returned '0': CMAKE_PREFIX_PATH=/opt/ros/humble /usr/bin/cmake /home/sws/autoware/src/sensor_component/external/sensor_component_description/camera_description -DCMAKE_BUILD_TYPE=Release -DAMENT_CMAKE_SYMLINK_INSTALL=1 -DCMAKE_INSTALL_PREFIX=/home/sws/autoware/install/camera_description
[10.029s] Invoking command in '/home/sws/autoware/build/camera_description': CMAKE_PREFIX_PATH=/opt/ros/humble /usr/bin/cmake --build /home/sws/autoware/build/camera_description -- -j16 -l16
[11.068s] Invoked command in '/home/sws/autoware/build/camera_description' returned '0': CMAKE_PREFIX_PATH=/opt/ros/humble /usr/bin/cmake --build /home/sws/autoware/build/camera_description -- -j16 -l16
[11.099s] Invoking command in '/home/sws/autoware/build/camera_description': CMAKE_PREFIX_PATH=/opt/ros/humble /usr/bin/cmake --install /home/sws/autoware/build/camera_description
[12.833s] -- Install configuration: "Release"
[12.833s] -- Execute custom install script
[12.833s] -- Symlinking: /home/sws/autoware/install/camera_description/share/camera_description/urdf/monocular_camera.xacro
[12.833s] -- Symlinking: /home/sws/autoware/install/camera_description/share/ament_index/resource_index/package_run_dependencies/camera_description
[12.833s] -- Symlinking: /home/sws/autoware/install/camera_description/share/ament_index/resource_index/parent_prefix_path/camera_description
[12.833s] -- Symlinking: /home/sws/autoware/install/camera_description/share/camera_description/environment/ament_prefix_path.sh
[12.833s] -- Symlinking: /home/sws/autoware/install/camera_description/share/camera_description/environment/ament_prefix_path.dsv
[12.833s] -- Symlinking: /home/sws/autoware/install/camera_description/share/camera_description/environment/path.sh
[12.834s] -- Symlinking: /home/sws/autoware/install/camera_description/share/camera_description/environment/path.dsv
[12.834s] -- Symlinking: /home/sws/autoware/install/camera_description/share/camera_description/local_setup.bash
[12.834s] -- Symlinking: /home/sws/autoware/install/camera_description/share/camera_description/local_setup.sh
[12.838s] -- Symlinking: /home/sws/autoware/install/camera_description/share/camera_description/local_setup.zsh
[12.838s] -- Symlinking: /home/sws/autoware/install/camera_description/share/camera_description/local_setup.dsv
[12.839s] -- Symlinking: /home/sws/autoware/install/camera_description/share/camera_description/package.dsv
[12.839s] -- Symlinking: /home/sws/autoware/install/camera_description/share/ament_index/resource_index/packages/camera_description
[12.839s] -- Symlinking: /home/sws/autoware/install/camera_description/share/camera_description/cmake/camera_descriptionConfig.cmake
[12.839s] -- Symlinking: /home/sws/autoware/install/camera_description/share/camera_description/cmake/camera_descriptionConfig-version.cmake
[12.839s] -- Symlinking: /home/sws/autoware/install/camera_description/share/camera_description/package.xml
[12.862s] Invoked command in '/home/sws/autoware/build/camera_description' returned '0': CMAKE_PREFIX_PATH=/opt/ros/humble /usr/bin/cmake --install /home/sws/autoware/build/camera_description
