[0.056s] Invoking command in '/home/sws/autoware/build/livox_description': CMAKE_PREFIX_PATH=/opt/ros/humble /usr/bin/cmake /home/sws/autoware/src/sensor_component/external/sensor_component_description/livox_description -DCMAKE_BUILD_TYPE=Release -DAMENT_CMAKE_SYMLINK_INSTALL=1 -DCMAKE_INSTALL_PREFIX=/home/sws/autoware/install/livox_description
[5.974s] -- The C compiler identification is GNU 11.3.0
[5.974s] -- The CXX compiler identification is GNU 11.3.0
[5.974s] -- Detecting C compiler ABI info
[5.974s] -- Detecting C compiler ABI info - done
[5.974s] -- Check for working C compiler: /usr/bin/cc - skipped
[5.974s] -- Detecting C compile features
[5.974s] -- Detecting C compile features - done
[5.974s] -- Detecting CXX compiler ABI info
[5.975s] -- Detecting CXX compiler ABI info - done
[5.975s] -- Check for working CXX compiler: /usr/bin/c++ - skipped
[5.975s] -- Detecting CXX compile features
[5.975s] -- Detecting CXX compile features - done
[5.975s] -- Found ament_cmake_auto: 1.3.3 (/opt/ros/humble/share/ament_cmake_auto/cmake)
[5.975s] -- Found Python3: /usr/bin/python3.10 (found version "3.10.6") found components: Interpreter 
[5.975s] -- Override CMake install command with custom implementation using symlinks instead of copying resources
[5.979s] -- Configuring done
[5.980s] -- Generating done
[5.980s] -- Build files have been written to: /home/sws/autoware/build/livox_description
[6.008s] Invoked command in '/home/sws/autoware/build/livox_description' returned '0': CMAKE_PREFIX_PATH=/opt/ros/humble /usr/bin/cmake /home/sws/autoware/src/sensor_component/external/sensor_component_description/livox_description -DCMAKE_BUILD_TYPE=Release -DAMENT_CMAKE_SYMLINK_INSTALL=1 -DCMAKE_INSTALL_PREFIX=/home/sws/autoware/install/livox_description
[6.010s] Invoking command in '/home/sws/autoware/build/livox_description': CMAKE_PREFIX_PATH=/opt/ros/humble /usr/bin/cmake --build /home/sws/autoware/build/livox_description -- -j16 -l16
[7.025s] Invoked command in '/home/sws/autoware/build/livox_description' returned '0': CMAKE_PREFIX_PATH=/opt/ros/humble /usr/bin/cmake --build /home/sws/autoware/build/livox_description -- -j16 -l16
[7.056s] Invoking command in '/home/sws/autoware/build/livox_description': CMAKE_PREFIX_PATH=/opt/ros/humble /usr/bin/cmake --install /home/sws/autoware/build/livox_description
[8.793s] -- Install configuration: "Release"
[8.794s] -- Execute custom install script
[8.794s] -- Symlinking: /home/sws/autoware/install/livox_description/share/livox_description/urdf/livox_horizon.xacro
[8.794s] -- Symlinking: /home/sws/autoware/install/livox_description/share/ament_index/resource_index/package_run_dependencies/livox_description
[8.794s] -- Symlinking: /home/sws/autoware/install/livox_description/share/ament_index/resource_index/parent_prefix_path/livox_description
[8.794s] -- Symlinking: /home/sws/autoware/install/livox_description/share/livox_description/environment/ament_prefix_path.sh
[8.794s] -- Symlinking: /home/sws/autoware/install/livox_description/share/livox_description/environment/ament_prefix_path.dsv
[8.794s] -- Symlinking: /home/sws/autoware/install/livox_description/share/livox_description/environment/path.sh
[8.794s] -- Symlinking: /home/sws/autoware/install/livox_description/share/livox_description/environment/path.dsv
[8.794s] -- Symlinking: /home/sws/autoware/install/livox_description/share/livox_description/local_setup.bash
[8.794s] -- Symlinking: /home/sws/autoware/install/livox_description/share/livox_description/local_setup.sh
[8.794s] -- Symlinking: /home/sws/autoware/install/livox_description/share/livox_description/local_setup.zsh
[8.794s] -- Symlinking: /home/sws/autoware/install/livox_description/share/livox_description/local_setup.dsv
[8.795s] -- Symlinking: /home/sws/autoware/install/livox_description/share/livox_description/package.dsv
[8.795s] -- Symlinking: /home/sws/autoware/install/livox_description/share/ament_index/resource_index/packages/livox_description
[8.795s] -- Symlinking: /home/sws/autoware/install/livox_description/share/livox_description/cmake/livox_descriptionConfig.cmake
[8.795s] -- Symlinking: /home/sws/autoware/install/livox_description/share/livox_description/cmake/livox_descriptionConfig-version.cmake
[8.795s] -- Symlinking: /home/sws/autoware/install/livox_description/share/livox_description/package.xml
[8.830s] Invoked command in '/home/sws/autoware/build/livox_description' returned '0': CMAKE_PREFIX_PATH=/opt/ros/humble /usr/bin/cmake --install /home/sws/autoware/build/livox_description
