[0.018s] Invoking command in '/home/sws/autoware/build/tensorrt_common': AMENT_PREFIX_PATH=/home/sws/autoware/install/autoware_cmake:/home/sws/autoware/install/autoware_lint_common:${AMENT_PREFIX_PATH} CMAKE_PREFIX_PATH=/home/sws/autoware/install/autoware_cmake:/home/sws/autoware/install/autoware_lint_common:/opt/ros/humble /usr/bin/cmake /home/sws/autoware/src/universe/autoware.universe/common/tensorrt_common -DCMAKE_BUILD_TYPE=Release -DAMENT_CMAKE_SYMLINK_INSTALL=1 -DCMAKE_INSTALL_PREFIX=/home/sws/autoware/install/tensorrt_common
[2.111s] -- The C compiler identification is GNU 11.3.0
[2.111s] -- The CXX compiler identification is GNU 11.3.0
[2.111s] -- Detecting C compiler ABI info
[2.111s] -- Detecting C compiler ABI info - done
[2.111s] -- Check for working C compiler: /usr/bin/cc - skipped
[2.111s] -- Detecting C compile features
[2.111s] -- Detecting C compile features - done
[2.111s] -- Detecting CXX compiler ABI info
[2.112s] -- Detecting CXX compiler ABI info - done
[2.112s] -- Check for working CXX compiler: /usr/bin/c++ - skipped
[2.112s] -- Detecting CXX compile features
[2.112s] -- Detecting CXX compile features - done
[2.112s] -- Found autoware_cmake: 0.1.0 (/home/sws/autoware/install/autoware_cmake/share/autoware_cmake/cmake)
[2.112s] -- Found Python3: /usr/bin/python3.10 (found version "3.10.6") found components: Interpreter 
[2.112s] -- Override CMake install command with custom implementation using symlinks instead of copying resources
[2.112s] -- Found rosidl_generator_c: 3.1.4 (/opt/ros/humble/share/rosidl_generator_c/cmake)
[2.112s] -- Found rosidl_adapter: 3.1.4 (/opt/ros/humble/share/rosidl_adapter/cmake)
[2.112s] -- Found rosidl_generator_cpp: 3.1.4 (/opt/ros/humble/share/rosidl_generator_cpp/cmake)
[2.113s] -- Using all available rosidl_typesupport_c: rosidl_typesupport_fastrtps_c;rosidl_typesupport_introspection_c
[2.113s] -- Using all available rosidl_typesupport_cpp: rosidl_typesupport_fastrtps_cpp;rosidl_typesupport_introspection_cpp
[2.113s] -- Found rmw_implementation_cmake: 6.1.1 (/opt/ros/humble/share/rmw_implementation_cmake/cmake)
[2.113s] -- Found rmw_fastrtps_cpp: 6.2.2 (/opt/ros/humble/share/rmw_fastrtps_cpp/cmake)
[2.113s] -- Found OpenSSL: /usr/lib/x86_64-linux-gnu/libcrypto.so (found version "3.0.2")  
[2.113s] -- Found FastRTPS: /opt/ros/humble/include  
[2.113s] -- Using RMW implementation 'rmw_fastrtps_cpp' as default
[2.113s] -- Looking for pthread.h
[2.113s] -- Looking for pthread.h - found
[2.113s] -- Performing Test CMAKE_HAVE_LIBC_PTHREAD
[2.114s] -- Performing Test CMAKE_HAVE_LIBC_PTHREAD - Success
[2.114s] -- Found Threads: TRUE  
[2.414s] -- Found ament_lint_auto: 0.12.5 (/opt/ros/humble/share/ament_lint_auto/cmake)
[2.468s] -- Found CUDA: /usr/local/cuda (found version "11.6") 
[2.473s] -- Found CUDNN: /usr/lib/x86_64-linux-gnu/libcudnn.so (found version "8.4.1") 
[2.475s] -- Found TensorRT headers at /usr/include/x86_64-linux-gnu
[2.482s] -- Found TensorRT libs at /usr/lib/x86_64-linux-gnu/libnvinfer.so;/usr/lib/x86_64-linux-gnu/libnvinfer_plugin.so;/usr/lib/x86_64-linux-gnu/libnvparsers.so;/usr/lib/x86_64-linux-gnu/libnvonnxparser.so
[2.482s] -- Found TENSORRT: /usr/include/x86_64-linux-gnu (found version "8.4.2") 
[2.493s] -- Added test 'copyright' to check source files copyright and LICENSE
[2.495s] -- Added test 'cppcheck' to perform static code analysis on C / C++ code
[2.495s] -- Configured cppcheck include dirs: $<BUILD_INTERFACE:/home/sws/autoware/src/universe/autoware.universe/common/tensorrt_common/include>
[2.495s] -- Configured cppcheck exclude dirs and/or files: 
[2.496s] -- Added test 'lint_cmake' to check CMake code style
[2.498s] -- Added test 'xmllint' to check XML markup files
[2.501s] -- Configuring done
[2.516s] -- Generating done
[2.519s] -- Build files have been written to: /home/sws/autoware/build/tensorrt_common
[2.534s] Invoked command in '/home/sws/autoware/build/tensorrt_common' returned '0': AMENT_PREFIX_PATH=/home/sws/autoware/install/autoware_cmake:/home/sws/autoware/install/autoware_lint_common:${AMENT_PREFIX_PATH} CMAKE_PREFIX_PATH=/home/sws/autoware/install/autoware_cmake:/home/sws/autoware/install/autoware_lint_common:/opt/ros/humble /usr/bin/cmake /home/sws/autoware/src/universe/autoware.universe/common/tensorrt_common -DCMAKE_BUILD_TYPE=Release -DAMENT_CMAKE_SYMLINK_INSTALL=1 -DCMAKE_INSTALL_PREFIX=/home/sws/autoware/install/tensorrt_common
[2.539s] Invoking command in '/home/sws/autoware/build/tensorrt_common': AMENT_PREFIX_PATH=/home/sws/autoware/install/autoware_cmake:/home/sws/autoware/install/autoware_lint_common:${AMENT_PREFIX_PATH} CMAKE_PREFIX_PATH=/home/sws/autoware/install/autoware_cmake:/home/sws/autoware/install/autoware_lint_common:/opt/ros/humble /usr/bin/cmake --build /home/sws/autoware/build/tensorrt_common -- -j16 -l16
[3.993s] [ 50%] [32mBuilding CXX object CMakeFiles/tensorrt_common.dir/src/tensorrt_common.cpp.o[0m
[8.316s] [100%] [32m[1mLinking CXX shared library libtensorrt_common.so[0m
[8.578s] [100%] Built target tensorrt_common
[8.599s] Invoked command in '/home/sws/autoware/build/tensorrt_common' returned '0': AMENT_PREFIX_PATH=/home/sws/autoware/install/autoware_cmake:/home/sws/autoware/install/autoware_lint_common:${AMENT_PREFIX_PATH} CMAKE_PREFIX_PATH=/home/sws/autoware/install/autoware_cmake:/home/sws/autoware/install/autoware_lint_common:/opt/ros/humble /usr/bin/cmake --build /home/sws/autoware/build/tensorrt_common -- -j16 -l16
[8.668s] Invoking command in '/home/sws/autoware/build/tensorrt_common': AMENT_PREFIX_PATH=/home/sws/autoware/install/autoware_cmake:/home/sws/autoware/install/autoware_lint_common:${AMENT_PREFIX_PATH} CMAKE_PREFIX_PATH=/home/sws/autoware/install/autoware_cmake:/home/sws/autoware/install/autoware_lint_common:/opt/ros/humble /usr/bin/cmake --install /home/sws/autoware/build/tensorrt_common
[17.995s] -- Install configuration: "Release"
[18.000s] -- Execute custom install script
[18.002s] -- Symlinking: /home/sws/autoware/install/tensorrt_common/include/tensorrt_common/tensorrt_common.hpp
[18.002s] -- Symlinking: /home/sws/autoware/install/tensorrt_common/share/tensorrt_common/environment/library_path.sh
[18.002s] -- Symlinking: /home/sws/autoware/install/tensorrt_common/share/tensorrt_common/environment/library_path.dsv
[18.002s] -- Symlinking: /home/sws/autoware/install/tensorrt_common/lib/libtensorrt_common.so
[18.002s] -- Symlinking: /home/sws/autoware/install/tensorrt_common/share/ament_index/resource_index/package_run_dependencies/tensorrt_common
[18.002s] -- Symlinking: /home/sws/autoware/install/tensorrt_common/share/ament_index/resource_index/parent_prefix_path/tensorrt_common
[18.002s] -- Symlinking: /home/sws/autoware/install/tensorrt_common/share/tensorrt_common/environment/ament_prefix_path.sh
[18.002s] -- Symlinking: /home/sws/autoware/install/tensorrt_common/share/tensorrt_common/environment/ament_prefix_path.dsv
[18.003s] -- Symlinking: /home/sws/autoware/install/tensorrt_common/share/tensorrt_common/environment/path.sh
[18.003s] -- Symlinking: /home/sws/autoware/install/tensorrt_common/share/tensorrt_common/environment/path.dsv
[18.003s] -- Symlinking: /home/sws/autoware/install/tensorrt_common/share/tensorrt_common/local_setup.bash
[18.003s] -- Symlinking: /home/sws/autoware/install/tensorrt_common/share/tensorrt_common/local_setup.sh
[18.003s] -- Symlinking: /home/sws/autoware/install/tensorrt_common/share/tensorrt_common/local_setup.zsh
[18.003s] -- Symlinking: /home/sws/autoware/install/tensorrt_common/share/tensorrt_common/local_setup.dsv
[18.003s] -- Symlinking: /home/sws/autoware/install/tensorrt_common/share/tensorrt_common/package.dsv
[18.003s] -- Symlinking: /home/sws/autoware/install/tensorrt_common/share/ament_index/resource_index/packages/tensorrt_common
[18.003s] -- Symlinking: /home/sws/autoware/install/tensorrt_common/share/tensorrt_common/cmake/ament_cmake_export_include_directories-extras.cmake
[18.003s] -- Symlinking: /home/sws/autoware/install/tensorrt_common/share/tensorrt_common/cmake/ament_cmake_export_dependencies-extras.cmake
[18.003s] -- Symlinking: /home/sws/autoware/install/tensorrt_common/share/tensorrt_common/cmake/ament_cmake_export_libraries-extras.cmake
[18.003s] -- Symlinking: /home/sws/autoware/install/tensorrt_common/share/tensorrt_common/cmake/tensorrt_commonConfig.cmake
[18.004s] -- Symlinking: /home/sws/autoware/install/tensorrt_common/share/tensorrt_common/cmake/tensorrt_commonConfig-version.cmake
[18.004s] -- Symlinking: /home/sws/autoware/install/tensorrt_common/share/tensorrt_common/package.xml
[18.009s] Invoked command in '/home/sws/autoware/build/tensorrt_common' returned '0': AMENT_PREFIX_PATH=/home/sws/autoware/install/autoware_cmake:/home/sws/autoware/install/autoware_lint_common:${AMENT_PREFIX_PATH} CMAKE_PREFIX_PATH=/home/sws/autoware/install/autoware_cmake:/home/sws/autoware/install/autoware_lint_common:/opt/ros/humble /usr/bin/cmake --install /home/sws/autoware/build/tensorrt_common
