-- The C compiler identification is GNU 11.3.0
-- The CXX compiler identification is GNU 11.3.0
-- Detecting C compiler ABI info
-- Detecting C compiler ABI info - done
-- Check for working C compiler: /usr/bin/cc - skipped
-- Detecting C compile features
-- Detecting C compile features - done
-- Detecting CXX compiler ABI info
-- Detecting CXX compiler ABI info - done
-- Check for working CXX compiler: /usr/bin/c++ - skipped
-- Detecting CXX compile features
-- Detecting CXX compile features - done
-- Found ament_cmake_auto: 1.3.3 (/opt/ros/humble/share/ament_cmake_auto/cmake)
-- Found Python3: /usr/bin/python3.10 (found version "3.10.6") found components: Interpreter 
-- Override CMake install command with custom implementation using symlinks instead of copying resources
-- Found rosidl_generator_c: 3.1.4 (/opt/ros/humble/share/rosidl_generator_c/cmake)
-- Found rosidl_adapter: 3.1.4 (/opt/ros/humble/share/rosidl_adapter/cmake)
-- Found rosidl_generator_cpp: 3.1.4 (/opt/ros/humble/share/rosidl_generator_cpp/cmake)
-- Using all available rosidl_typesupport_c: rosidl_typesupport_fastrtps_c;rosidl_typesupport_introspection_c
-- Using all available rosidl_typesupport_cpp: rosidl_typesupport_fastrtps_cpp;rosidl_typesupport_introspection_cpp
-- Found ament_cmake_ros: 0.10.0 (/opt/ros/humble/share/ament_cmake_ros/cmake)
-- Using all available rosidl_typesupport_c: rosidl_typesupport_fastrtps_c;rosidl_typesupport_introspection_c
-- Using all available rosidl_typesupport_cpp: rosidl_typesupport_fastrtps_cpp;rosidl_typesupport_introspection_cpp
-- Found PythonInterp: /usr/bin/python3 (found suitable version "3.10.6", minimum required is "3.6") 
-- Found python_cmake_module: 0.10.0 (/opt/ros/humble/share/python_cmake_module/cmake)
-- Found PythonLibs: /usr/lib/x86_64-linux-gnu/libpython3.10.so (found suitable version "3.10.6", minimum required is "3.5") 
-- Using PYTHON_EXECUTABLE: /usr/bin/python3
-- Using PYTHON_INCLUDE_DIRS: /usr/include/python3.10
-- Using PYTHON_LIBRARIES: /usr/lib/x86_64-linux-gnu/libpython3.10.so
-- Found PythonExtra: .so  
-- Found ament_lint_auto: 0.12.5 (/opt/ros/humble/share/ament_lint_auto/cmake)
-- Added test 'copyright' to check source files copyright and LICENSE
-- Added test 'lint_cmake' to check CMake code style
-- Added test 'xmllint' to check XML markup files
-- Configuring done
-- Generating done
-- Build files have been written to: /home/sws/autoware/build/tier4_hmi_msgs
[  3%] [34m[1mGenerating C code for ROS interfaces[0m
[  6%] [34m[1mGenerating C++ code for ROS interfaces[0m
[  6%] Built target tier4_hmi_msgs__cpp
[  6%] Built target ament_cmake_python_symlink_tier4_hmi_msgs
[  9%] [32mBuilding C object CMakeFiles/tier4_hmi_msgs__rosidl_generator_c.dir/rosidl_generator_c/tier4_hmi_msgs/srv/detail/announce__functions.c.o[0m
[ 12%] [34m[1mGenerating C++ introspection for ROS interfaces[0m
[ 16%] [32m[1mLinking C shared library libtier4_hmi_msgs__rosidl_generator_c.so[0m
[ 16%] Built target tier4_hmi_msgs__rosidl_generator_c
[ 19%] [32mBuilding CXX object CMakeFiles/tier4_hmi_msgs__rosidl_typesupport_introspection_cpp.dir/rosidl_typesupport_introspection_cpp/tier4_hmi_msgs/srv/detail/announce__type_support.cpp.o[0m
running egg_info
creating tier4_hmi_msgs.egg-info
writing tier4_hmi_msgs.egg-info/PKG-INFO
writing dependency_links to tier4_hmi_msgs.egg-info/dependency_links.txt
writing top-level names to tier4_hmi_msgs.egg-info/top_level.txt
writing manifest file 'tier4_hmi_msgs.egg-info/SOURCES.txt'
reading manifest file 'tier4_hmi_msgs.egg-info/SOURCES.txt'
writing manifest file 'tier4_hmi_msgs.egg-info/SOURCES.txt'
[ 19%] Built target ament_cmake_python_build_tier4_hmi_msgs_egg
[ 22%] [34m[1mGenerating C type support dispatch for ROS interfaces[0m
[ 25%] [32m[1mLinking CXX shared library libtier4_hmi_msgs__rosidl_typesupport_introspection_cpp.so[0m
[ 29%] [32mBuilding CXX object CMakeFiles/tier4_hmi_msgs__rosidl_typesupport_c.dir/rosidl_typesupport_c/tier4_hmi_msgs/srv/announce__type_support.cpp.o[0m
[ 29%] Built target tier4_hmi_msgs__rosidl_typesupport_introspection_cpp
[ 32%] [34m[1mGenerating C introspection for ROS interfaces[0m
[ 35%] [32m[1mLinking CXX shared library libtier4_hmi_msgs__rosidl_typesupport_c.so[0m
[ 35%] Built target tier4_hmi_msgs__rosidl_typesupport_c
[ 38%] [34m[1mGenerating C type support for eProsima Fast-RTPS[0m
[ 41%] [32mBuilding C object CMakeFiles/tier4_hmi_msgs__rosidl_typesupport_introspection_c.dir/rosidl_typesupport_introspection_c/tier4_hmi_msgs/srv/detail/announce__type_support.c.o[0m
[ 45%] [32m[1mLinking C shared library libtier4_hmi_msgs__rosidl_typesupport_introspection_c.so[0m
[ 45%] Built target tier4_hmi_msgs__rosidl_typesupport_introspection_c
[ 48%] [32mBuilding CXX object CMakeFiles/tier4_hmi_msgs__rosidl_typesupport_fastrtps_c.dir/rosidl_typesupport_fastrtps_c/tier4_hmi_msgs/srv/detail/announce__type_support_c.cpp.o[0m
[ 51%] [34m[1mGenerating C++ type support for eProsima Fast-RTPS[0m
[ 54%] [32mBuilding CXX object CMakeFiles/tier4_hmi_msgs__rosidl_typesupport_fastrtps_cpp.dir/rosidl_typesupport_fastrtps_cpp/tier4_hmi_msgs/srv/detail/dds_fastrtps/announce__type_support.cpp.o[0m
[ 58%] [32m[1mLinking CXX shared library libtier4_hmi_msgs__rosidl_typesupport_fastrtps_c.so[0m
[ 58%] Built target tier4_hmi_msgs__rosidl_typesupport_fastrtps_c
[ 61%] [34m[1mGenerating C++ type support dispatch for ROS interfaces[0m
[ 64%] [32m[1mLinking CXX shared library libtier4_hmi_msgs__rosidl_typesupport_fastrtps_cpp.so[0m
[ 64%] Built target tier4_hmi_msgs__rosidl_typesupport_fastrtps_cpp
[ 67%] [32mBuilding CXX object CMakeFiles/tier4_hmi_msgs__rosidl_typesupport_cpp.dir/rosidl_typesupport_cpp/tier4_hmi_msgs/srv/announce__type_support.cpp.o[0m
[ 70%] [32m[1mLinking CXX shared library libtier4_hmi_msgs__rosidl_typesupport_cpp.so[0m
[ 70%] Built target tier4_hmi_msgs__rosidl_typesupport_cpp
[ 70%] Built target tier4_hmi_msgs
[ 74%] [34m[1mGenerating Python code for ROS interfaces[0m
[ 74%] Built target tier4_hmi_msgs__py
[ 77%] [32mBuilding C object CMakeFiles/tier4_hmi_msgs__rosidl_generator_py.dir/rosidl_generator_py/tier4_hmi_msgs/srv/_announce_s.c.o[0m
[ 80%] [32m[1mLinking C shared library rosidl_generator_py/tier4_hmi_msgs/libtier4_hmi_msgs__rosidl_generator_py.so[0m
[ 80%] Built target tier4_hmi_msgs__rosidl_generator_py
[ 83%] [32mBuilding C object CMakeFiles/tier4_hmi_msgs__rosidl_typesupport_fastrtps_c__pyext.dir/rosidl_generator_py/tier4_hmi_msgs/_tier4_hmi_msgs_s.ep.rosidl_typesupport_fastrtps_c.c.o[0m
[ 87%] [32m[1mLinking C shared library rosidl_generator_py/tier4_hmi_msgs/tier4_hmi_msgs_s__rosidl_typesupport_fastrtps_c.cpython-310-x86_64-linux-gnu.so[0m
[ 87%] Built target tier4_hmi_msgs__rosidl_typesupport_fastrtps_c__pyext
[ 90%] [32mBuilding C object CMakeFiles/tier4_hmi_msgs__rosidl_typesupport_c__pyext.dir/rosidl_generator_py/tier4_hmi_msgs/_tier4_hmi_msgs_s.ep.rosidl_typesupport_c.c.o[0m
[ 93%] [32m[1mLinking C shared library rosidl_generator_py/tier4_hmi_msgs/tier4_hmi_msgs_s__rosidl_typesupport_c.cpython-310-x86_64-linux-gnu.so[0m
[ 93%] Built target tier4_hmi_msgs__rosidl_typesupport_c__pyext
[ 96%] [32mBuilding C object CMakeFiles/tier4_hmi_msgs__rosidl_typesupport_introspection_c__pyext.dir/rosidl_generator_py/tier4_hmi_msgs/_tier4_hmi_msgs_s.ep.rosidl_typesupport_introspection_c.c.o[0m
[100%] [32m[1mLinking C shared library rosidl_generator_py/tier4_hmi_msgs/tier4_hmi_msgs_s__rosidl_typesupport_introspection_c.cpython-310-x86_64-linux-gnu.so[0m
[100%] Built target tier4_hmi_msgs__rosidl_typesupport_introspection_c__pyext
-- Install configuration: "Release"
-- Execute custom install script
-- Symlinking: /home/sws/autoware/install/tier4_hmi_msgs/share/ament_index/resource_index/rosidl_interfaces/tier4_hmi_msgs
-- Symlinking: /home/sws/autoware/install/tier4_hmi_msgs/include/tier4_hmi_msgs/tier4_hmi_msgs/msg/rosidl_generator_c__visibility_control.h
-- Symlinking: /home/sws/autoware/install/tier4_hmi_msgs/include/tier4_hmi_msgs/tier4_hmi_msgs/srv/announce.h
-- Symlinking: /home/sws/autoware/install/tier4_hmi_msgs/include/tier4_hmi_msgs/tier4_hmi_msgs/srv/detail/announce__functions.h
-- Symlinking: /home/sws/autoware/install/tier4_hmi_msgs/include/tier4_hmi_msgs/tier4_hmi_msgs/srv/detail/announce__struct.h
-- Symlinking: /home/sws/autoware/install/tier4_hmi_msgs/include/tier4_hmi_msgs/tier4_hmi_msgs/srv/detail/announce__type_support.h
-- Symlinking: /home/sws/autoware/install/tier4_hmi_msgs/share/tier4_hmi_msgs/environment/library_path.sh
-- Symlinking: /home/sws/autoware/install/tier4_hmi_msgs/share/tier4_hmi_msgs/environment/library_path.dsv
-- Symlinking: /home/sws/autoware/install/tier4_hmi_msgs/include/tier4_hmi_msgs/tier4_hmi_msgs/msg/rosidl_typesupport_fastrtps_c__visibility_control.h
-- Symlinking: /home/sws/autoware/install/tier4_hmi_msgs/include/tier4_hmi_msgs/tier4_hmi_msgs/srv/detail/announce__rosidl_typesupport_fastrtps_c.h
-- Symlinking: /home/sws/autoware/install/tier4_hmi_msgs/include/tier4_hmi_msgs/tier4_hmi_msgs/srv/announce.hpp
-- Symlinking: /home/sws/autoware/install/tier4_hmi_msgs/include/tier4_hmi_msgs/tier4_hmi_msgs/srv/detail/announce__builder.hpp
-- Symlinking: /home/sws/autoware/install/tier4_hmi_msgs/include/tier4_hmi_msgs/tier4_hmi_msgs/srv/detail/announce__struct.hpp
-- Symlinking: /home/sws/autoware/install/tier4_hmi_msgs/include/tier4_hmi_msgs/tier4_hmi_msgs/srv/detail/announce__traits.hpp
-- Symlinking: /home/sws/autoware/install/tier4_hmi_msgs/include/tier4_hmi_msgs/tier4_hmi_msgs/msg/rosidl_typesupport_fastrtps_cpp__visibility_control.h
-- Symlinking: /home/sws/autoware/install/tier4_hmi_msgs/include/tier4_hmi_msgs/tier4_hmi_msgs/srv/detail/announce__rosidl_typesupport_fastrtps_cpp.hpp
-- Symlinking: /home/sws/autoware/install/tier4_hmi_msgs/include/tier4_hmi_msgs/tier4_hmi_msgs/msg/rosidl_typesupport_introspection_c__visibility_control.h
-- Symlinking: /home/sws/autoware/install/tier4_hmi_msgs/include/tier4_hmi_msgs/tier4_hmi_msgs/srv/detail/announce__rosidl_typesupport_introspection_c.h
-- Symlinking: /home/sws/autoware/install/tier4_hmi_msgs/include/tier4_hmi_msgs/tier4_hmi_msgs/srv/detail/announce__rosidl_typesupport_introspection_cpp.hpp
-- Symlinking: /home/sws/autoware/install/tier4_hmi_msgs/share/tier4_hmi_msgs/environment/pythonpath.sh
-- Symlinking: /home/sws/autoware/install/tier4_hmi_msgs/share/tier4_hmi_msgs/environment/pythonpath.dsv
-- Symlinking: /home/sws/autoware/install/tier4_hmi_msgs/local/lib/python3.10/dist-packages/tier4_hmi_msgs-0.1.0-py3.10.egg-info/PKG-INFO
-- Symlinking: /home/sws/autoware/install/tier4_hmi_msgs/local/lib/python3.10/dist-packages/tier4_hmi_msgs-0.1.0-py3.10.egg-info/SOURCES.txt
-- Symlinking: /home/sws/autoware/install/tier4_hmi_msgs/local/lib/python3.10/dist-packages/tier4_hmi_msgs-0.1.0-py3.10.egg-info/dependency_links.txt
-- Symlinking: /home/sws/autoware/install/tier4_hmi_msgs/local/lib/python3.10/dist-packages/tier4_hmi_msgs-0.1.0-py3.10.egg-info/top_level.txt
-- Symlinking: /home/sws/autoware/install/tier4_hmi_msgs/local/lib/python3.10/dist-packages/tier4_hmi_msgs/__init__.py
-- Symlinking: /home/sws/autoware/install/tier4_hmi_msgs/local/lib/python3.10/dist-packages/tier4_hmi_msgs/_tier4_hmi_msgs_s.ep.rosidl_typesupport_c.c
-- Symlinking: /home/sws/autoware/install/tier4_hmi_msgs/local/lib/python3.10/dist-packages/tier4_hmi_msgs/_tier4_hmi_msgs_s.ep.rosidl_typesupport_fastrtps_c.c
-- Symlinking: /home/sws/autoware/install/tier4_hmi_msgs/local/lib/python3.10/dist-packages/tier4_hmi_msgs/_tier4_hmi_msgs_s.ep.rosidl_typesupport_introspection_c.c
-- Symlinking: /home/sws/autoware/install/tier4_hmi_msgs/local/lib/python3.10/dist-packages/tier4_hmi_msgs/libtier4_hmi_msgs__rosidl_generator_py.so
-- Symlinking: /home/sws/autoware/install/tier4_hmi_msgs/local/lib/python3.10/dist-packages/tier4_hmi_msgs/srv/__init__.py
-- Symlinking: /home/sws/autoware/install/tier4_hmi_msgs/local/lib/python3.10/dist-packages/tier4_hmi_msgs/srv/_announce.py
-- Symlinking: /home/sws/autoware/install/tier4_hmi_msgs/local/lib/python3.10/dist-packages/tier4_hmi_msgs/srv/_announce_s.c
-- Symlinking: /home/sws/autoware/install/tier4_hmi_msgs/local/lib/python3.10/dist-packages/tier4_hmi_msgs/tier4_hmi_msgs_s__rosidl_typesupport_c.cpython-310-x86_64-linux-gnu.so
-- Symlinking: /home/sws/autoware/install/tier4_hmi_msgs/local/lib/python3.10/dist-packages/tier4_hmi_msgs/tier4_hmi_msgs_s__rosidl_typesupport_fastrtps_c.cpython-310-x86_64-linux-gnu.so
-- Symlinking: /home/sws/autoware/install/tier4_hmi_msgs/local/lib/python3.10/dist-packages/tier4_hmi_msgs/tier4_hmi_msgs_s__rosidl_typesupport_introspection_c.cpython-310-x86_64-linux-gnu.so
-- Up-to-date symlink: /home/sws/autoware/install/tier4_hmi_msgs/local/lib/python3.10/dist-packages/tier4_hmi_msgs/tier4_hmi_msgs_s__rosidl_typesupport_fastrtps_c.cpython-310-x86_64-linux-gnu.so
-- Up-to-date symlink: /home/sws/autoware/install/tier4_hmi_msgs/local/lib/python3.10/dist-packages/tier4_hmi_msgs/tier4_hmi_msgs_s__rosidl_typesupport_introspection_c.cpython-310-x86_64-linux-gnu.so
-- Up-to-date symlink: /home/sws/autoware/install/tier4_hmi_msgs/local/lib/python3.10/dist-packages/tier4_hmi_msgs/tier4_hmi_msgs_s__rosidl_typesupport_c.cpython-310-x86_64-linux-gnu.so
-- Symlinking: /home/sws/autoware/install/tier4_hmi_msgs/share/tier4_hmi_msgs/srv/Announce.idl
-- Symlinking: /home/sws/autoware/install/tier4_hmi_msgs/share/tier4_hmi_msgs/srv/Announce.srv
-- Symlinking: /home/sws/autoware/install/tier4_hmi_msgs/share/tier4_hmi_msgs/srv/Announce_Request.msg
-- Symlinking: /home/sws/autoware/install/tier4_hmi_msgs/share/tier4_hmi_msgs/srv/Announce_Response.msg
-- Symlinking: /home/sws/autoware/install/tier4_hmi_msgs/share/ament_index/resource_index/package_run_dependencies/tier4_hmi_msgs
-- Symlinking: /home/sws/autoware/install/tier4_hmi_msgs/share/ament_index/resource_index/parent_prefix_path/tier4_hmi_msgs
-- Symlinking: /home/sws/autoware/install/tier4_hmi_msgs/share/tier4_hmi_msgs/environment/ament_prefix_path.sh
-- Symlinking: /home/sws/autoware/install/tier4_hmi_msgs/share/tier4_hmi_msgs/environment/ament_prefix_path.dsv
-- Symlinking: /home/sws/autoware/install/tier4_hmi_msgs/share/tier4_hmi_msgs/environment/path.sh
-- Symlinking: /home/sws/autoware/install/tier4_hmi_msgs/share/tier4_hmi_msgs/environment/path.dsv
-- Symlinking: /home/sws/autoware/install/tier4_hmi_msgs/share/tier4_hmi_msgs/local_setup.bash
-- Symlinking: /home/sws/autoware/install/tier4_hmi_msgs/share/tier4_hmi_msgs/local_setup.sh
-- Symlinking: /home/sws/autoware/install/tier4_hmi_msgs/share/tier4_hmi_msgs/local_setup.zsh
-- Symlinking: /home/sws/autoware/install/tier4_hmi_msgs/share/tier4_hmi_msgs/local_setup.dsv
-- Symlinking: /home/sws/autoware/install/tier4_hmi_msgs/share/tier4_hmi_msgs/package.dsv
-- Symlinking: /home/sws/autoware/install/tier4_hmi_msgs/share/ament_index/resource_index/packages/tier4_hmi_msgs
-- Symlinking: /home/sws/autoware/install/tier4_hmi_msgs/share/tier4_hmi_msgs/cmake/rosidl_cmake-extras.cmake
-- Symlinking: /home/sws/autoware/install/tier4_hmi_msgs/share/tier4_hmi_msgs/cmake/ament_cmake_export_dependencies-extras.cmake
-- Symlinking: /home/sws/autoware/install/tier4_hmi_msgs/share/tier4_hmi_msgs/cmake/ament_cmake_export_include_directories-extras.cmake
-- Symlinking: /home/sws/autoware/install/tier4_hmi_msgs/share/tier4_hmi_msgs/cmake/ament_cmake_export_libraries-extras.cmake
-- Symlinking: /home/sws/autoware/install/tier4_hmi_msgs/share/tier4_hmi_msgs/cmake/ament_cmake_export_targets-extras.cmake
-- Symlinking: /home/sws/autoware/install/tier4_hmi_msgs/share/tier4_hmi_msgs/cmake/rosidl_cmake_export_typesupport_targets-extras.cmake
-- Symlinking: /home/sws/autoware/install/tier4_hmi_msgs/share/tier4_hmi_msgs/cmake/rosidl_cmake_export_typesupport_libraries-extras.cmake
-- Symlinking: /home/sws/autoware/install/tier4_hmi_msgs/share/tier4_hmi_msgs/cmake/tier4_hmi_msgsConfig.cmake
-- Symlinking: /home/sws/autoware/install/tier4_hmi_msgs/share/tier4_hmi_msgs/cmake/tier4_hmi_msgsConfig-version.cmake
-- Symlinking: /home/sws/autoware/install/tier4_hmi_msgs/share/tier4_hmi_msgs/package.xml
-- Installing: /home/sws/autoware/install/tier4_hmi_msgs/lib/libtier4_hmi_msgs__rosidl_generator_c.so
-- Set runtime path of "/home/sws/autoware/install/tier4_hmi_msgs/lib/libtier4_hmi_msgs__rosidl_generator_c.so" to ""
-- Installing: /home/sws/autoware/install/tier4_hmi_msgs/lib/libtier4_hmi_msgs__rosidl_typesupport_fastrtps_c.so
-- Set runtime path of "/home/sws/autoware/install/tier4_hmi_msgs/lib/libtier4_hmi_msgs__rosidl_typesupport_fastrtps_c.so" to ""
-- Installing: /home/sws/autoware/install/tier4_hmi_msgs/lib/libtier4_hmi_msgs__rosidl_typesupport_fastrtps_cpp.so
-- Set runtime path of "/home/sws/autoware/install/tier4_hmi_msgs/lib/libtier4_hmi_msgs__rosidl_typesupport_fastrtps_cpp.so" to ""
-- Installing: /home/sws/autoware/install/tier4_hmi_msgs/lib/libtier4_hmi_msgs__rosidl_typesupport_introspection_c.so
-- Set runtime path of "/home/sws/autoware/install/tier4_hmi_msgs/lib/libtier4_hmi_msgs__rosidl_typesupport_introspection_c.so" to ""
-- Installing: /home/sws/autoware/install/tier4_hmi_msgs/lib/libtier4_hmi_msgs__rosidl_typesupport_c.so
-- Set runtime path of "/home/sws/autoware/install/tier4_hmi_msgs/lib/libtier4_hmi_msgs__rosidl_typesupport_c.so" to ""
-- Installing: /home/sws/autoware/install/tier4_hmi_msgs/lib/libtier4_hmi_msgs__rosidl_typesupport_introspection_cpp.so
-- Set runtime path of "/home/sws/autoware/install/tier4_hmi_msgs/lib/libtier4_hmi_msgs__rosidl_typesupport_introspection_cpp.so" to ""
-- Installing: /home/sws/autoware/install/tier4_hmi_msgs/lib/libtier4_hmi_msgs__rosidl_typesupport_cpp.so
-- Set runtime path of "/home/sws/autoware/install/tier4_hmi_msgs/lib/libtier4_hmi_msgs__rosidl_typesupport_cpp.so" to ""
Listing '/home/sws/autoware/install/tier4_hmi_msgs/local/lib/python3.10/dist-packages/tier4_hmi_msgs'...
Compiling '/home/sws/autoware/install/tier4_hmi_msgs/local/lib/python3.10/dist-packages/tier4_hmi_msgs/__init__.py'...
Listing '/home/sws/autoware/install/tier4_hmi_msgs/local/lib/python3.10/dist-packages/tier4_hmi_msgs/srv'...
Compiling '/home/sws/autoware/install/tier4_hmi_msgs/local/lib/python3.10/dist-packages/tier4_hmi_msgs/srv/__init__.py'...
Compiling '/home/sws/autoware/install/tier4_hmi_msgs/local/lib/python3.10/dist-packages/tier4_hmi_msgs/srv/_announce.py'...
-- Installing: /home/sws/autoware/install/tier4_hmi_msgs/lib/libtier4_hmi_msgs__rosidl_generator_py.so
-- Set runtime path of "/home/sws/autoware/install/tier4_hmi_msgs/lib/libtier4_hmi_msgs__rosidl_generator_py.so" to ""
-- Installing: /home/sws/autoware/install/tier4_hmi_msgs/share/tier4_hmi_msgs/cmake/export_tier4_hmi_msgs__rosidl_generator_cExport.cmake
-- Installing: /home/sws/autoware/install/tier4_hmi_msgs/share/tier4_hmi_msgs/cmake/export_tier4_hmi_msgs__rosidl_generator_cExport-release.cmake
-- Installing: /home/sws/autoware/install/tier4_hmi_msgs/share/tier4_hmi_msgs/cmake/export_tier4_hmi_msgs__rosidl_typesupport_fastrtps_cExport.cmake
-- Installing: /home/sws/autoware/install/tier4_hmi_msgs/share/tier4_hmi_msgs/cmake/export_tier4_hmi_msgs__rosidl_typesupport_fastrtps_cExport-release.cmake
-- Installing: /home/sws/autoware/install/tier4_hmi_msgs/share/tier4_hmi_msgs/cmake/export_tier4_hmi_msgs__rosidl_generator_cppExport.cmake
-- Installing: /home/sws/autoware/install/tier4_hmi_msgs/share/tier4_hmi_msgs/cmake/export_tier4_hmi_msgs__rosidl_typesupport_fastrtps_cppExport.cmake
-- Installing: /home/sws/autoware/install/tier4_hmi_msgs/share/tier4_hmi_msgs/cmake/export_tier4_hmi_msgs__rosidl_typesupport_fastrtps_cppExport-release.cmake
-- Installing: /home/sws/autoware/install/tier4_hmi_msgs/share/tier4_hmi_msgs/cmake/tier4_hmi_msgs__rosidl_typesupport_introspection_cExport.cmake
-- Installing: /home/sws/autoware/install/tier4_hmi_msgs/share/tier4_hmi_msgs/cmake/tier4_hmi_msgs__rosidl_typesupport_introspection_cExport-release.cmake
-- Installing: /home/sws/autoware/install/tier4_hmi_msgs/share/tier4_hmi_msgs/cmake/tier4_hmi_msgs__rosidl_typesupport_cExport.cmake
-- Installing: /home/sws/autoware/install/tier4_hmi_msgs/share/tier4_hmi_msgs/cmake/tier4_hmi_msgs__rosidl_typesupport_cExport-release.cmake
-- Installing: /home/sws/autoware/install/tier4_hmi_msgs/share/tier4_hmi_msgs/cmake/tier4_hmi_msgs__rosidl_typesupport_introspection_cppExport.cmake
-- Installing: /home/sws/autoware/install/tier4_hmi_msgs/share/tier4_hmi_msgs/cmake/tier4_hmi_msgs__rosidl_typesupport_introspection_cppExport-release.cmake
-- Installing: /home/sws/autoware/install/tier4_hmi_msgs/share/tier4_hmi_msgs/cmake/tier4_hmi_msgs__rosidl_typesupport_cppExport.cmake
-- Installing: /home/sws/autoware/install/tier4_hmi_msgs/share/tier4_hmi_msgs/cmake/tier4_hmi_msgs__rosidl_typesupport_cppExport-release.cmake
-- Installing: /home/sws/autoware/install/tier4_hmi_msgs/share/tier4_hmi_msgs/cmake/export_tier4_hmi_msgs__rosidl_generator_pyExport.cmake
-- Installing: /home/sws/autoware/install/tier4_hmi_msgs/share/tier4_hmi_msgs/cmake/export_tier4_hmi_msgs__rosidl_generator_pyExport-release.cmake
