[0.012s] Invoking command in '/home/sws/autoware/build/tier4_hmi_msgs': AMENT_PREFIX_PATH=/home/sws/autoware/install/tier4_external_api_msgs:${AMENT_PREFIX_PATH} CMAKE_PREFIX_PATH=/home/sws/autoware/install/tier4_external_api_msgs:/opt/ros/humble LD_LIBRARY_PATH=/home/sws/autoware/install/tier4_external_api_msgs/lib:${LD_LIBRARY_PATH} PYTHONPATH=/home/sws/autoware/install/tier4_external_api_msgs/local/lib/python3.10/dist-packages:${PYTHONPATH} /usr/bin/cmake /home/sws/autoware/src/universe/external/tier4_autoware_msgs/tier4_hmi_msgs -DCMAKE_BUILD_TYPE=Release -DAMENT_CMAKE_SYMLINK_INSTALL=1 -DCMAKE_INSTALL_PREFIX=/home/sws/autoware/install/tier4_hmi_msgs
[6.470s] -- The C compiler identification is GNU 11.3.0
[6.472s] -- The CXX compiler identification is GNU 11.3.0
[6.472s] -- Detecting C compiler ABI info
[6.472s] -- Detecting C compiler ABI info - done
[6.472s] -- Check for working C compiler: /usr/bin/cc - skipped
[6.472s] -- Detecting C compile features
[6.472s] -- Detecting C compile features - done
[6.472s] -- Detecting CXX compiler ABI info
[6.473s] -- Detecting CXX compiler ABI info - done
[6.473s] -- Check for working CXX compiler: /usr/bin/c++ - skipped
[6.473s] -- Detecting CXX compile features
[6.473s] -- Detecting CXX compile features - done
[6.473s] -- Found ament_cmake_auto: 1.3.3 (/opt/ros/humble/share/ament_cmake_auto/cmake)
[6.473s] -- Found Python3: /usr/bin/python3.10 (found version "3.10.6") found components: Interpreter 
[6.473s] -- Override CMake install command with custom implementation using symlinks instead of copying resources
[6.473s] -- Found rosidl_generator_c: 3.1.4 (/opt/ros/humble/share/rosidl_generator_c/cmake)
[6.473s] -- Found rosidl_adapter: 3.1.4 (/opt/ros/humble/share/rosidl_adapter/cmake)
[6.474s] -- Found rosidl_generator_cpp: 3.1.4 (/opt/ros/humble/share/rosidl_generator_cpp/cmake)
[6.474s] -- Using all available rosidl_typesupport_c: rosidl_typesupport_fastrtps_c;rosidl_typesupport_introspection_c
[6.474s] -- Using all available rosidl_typesupport_cpp: rosidl_typesupport_fastrtps_cpp;rosidl_typesupport_introspection_cpp
[6.474s] -- Found ament_cmake_ros: 0.10.0 (/opt/ros/humble/share/ament_cmake_ros/cmake)
[6.474s] -- Using all available rosidl_typesupport_c: rosidl_typesupport_fastrtps_c;rosidl_typesupport_introspection_c
[6.474s] -- Using all available rosidl_typesupport_cpp: rosidl_typesupport_fastrtps_cpp;rosidl_typesupport_introspection_cpp
[6.474s] -- Found PythonInterp: /usr/bin/python3 (found suitable version "3.10.6", minimum required is "3.6") 
[6.474s] -- Found python_cmake_module: 0.10.0 (/opt/ros/humble/share/python_cmake_module/cmake)
[6.474s] -- Found PythonLibs: /usr/lib/x86_64-linux-gnu/libpython3.10.so (found suitable version "3.10.6", minimum required is "3.5") 
[6.474s] -- Using PYTHON_EXECUTABLE: /usr/bin/python3
[6.474s] -- Using PYTHON_INCLUDE_DIRS: /usr/include/python3.10
[6.475s] -- Using PYTHON_LIBRARIES: /usr/lib/x86_64-linux-gnu/libpython3.10.so
[6.475s] -- Found PythonExtra: .so  
[6.475s] -- Found ament_lint_auto: 0.12.5 (/opt/ros/humble/share/ament_lint_auto/cmake)
[6.475s] -- Added test 'copyright' to check source files copyright and LICENSE
[6.475s] -- Added test 'lint_cmake' to check CMake code style
[6.475s] -- Added test 'xmllint' to check XML markup files
[6.475s] -- Configuring done
[6.475s] -- Generating done
[6.475s] -- Build files have been written to: /home/sws/autoware/build/tier4_hmi_msgs
[6.494s] Invoked command in '/home/sws/autoware/build/tier4_hmi_msgs' returned '0': AMENT_PREFIX_PATH=/home/sws/autoware/install/tier4_external_api_msgs:${AMENT_PREFIX_PATH} CMAKE_PREFIX_PATH=/home/sws/autoware/install/tier4_external_api_msgs:/opt/ros/humble LD_LIBRARY_PATH=/home/sws/autoware/install/tier4_external_api_msgs/lib:${LD_LIBRARY_PATH} PYTHONPATH=/home/sws/autoware/install/tier4_external_api_msgs/local/lib/python3.10/dist-packages:${PYTHONPATH} /usr/bin/cmake /home/sws/autoware/src/universe/external/tier4_autoware_msgs/tier4_hmi_msgs -DCMAKE_BUILD_TYPE=Release -DAMENT_CMAKE_SYMLINK_INSTALL=1 -DCMAKE_INSTALL_PREFIX=/home/sws/autoware/install/tier4_hmi_msgs
[6.494s] Invoking command in '/home/sws/autoware/build/tier4_hmi_msgs': AMENT_PREFIX_PATH=/home/sws/autoware/install/tier4_external_api_msgs:${AMENT_PREFIX_PATH} CMAKE_PREFIX_PATH=/home/sws/autoware/install/tier4_external_api_msgs:/opt/ros/humble LD_LIBRARY_PATH=/home/sws/autoware/install/tier4_external_api_msgs/lib:${LD_LIBRARY_PATH} PYTHONPATH=/home/sws/autoware/install/tier4_external_api_msgs/local/lib/python3.10/dist-packages:${PYTHONPATH} /usr/bin/cmake --build /home/sws/autoware/build/tier4_hmi_msgs -- -j16 -l16
[18.393s] [  3%] [34m[1mGenerating C code for ROS interfaces[0m
[18.394s] [  6%] [34m[1mGenerating C++ code for ROS interfaces[0m
[18.394s] [  6%] Built target tier4_hmi_msgs__cpp
[18.394s] [  6%] Built target ament_cmake_python_symlink_tier4_hmi_msgs
[18.394s] [  9%] [32mBuilding C object CMakeFiles/tier4_hmi_msgs__rosidl_generator_c.dir/rosidl_generator_c/tier4_hmi_msgs/srv/detail/announce__functions.c.o[0m
[18.394s] [ 12%] [34m[1mGenerating C++ introspection for ROS interfaces[0m
[18.394s] [ 16%] [32m[1mLinking C shared library libtier4_hmi_msgs__rosidl_generator_c.so[0m
[18.394s] [ 16%] Built target tier4_hmi_msgs__rosidl_generator_c
[18.394s] [ 19%] [32mBuilding CXX object CMakeFiles/tier4_hmi_msgs__rosidl_typesupport_introspection_cpp.dir/rosidl_typesupport_introspection_cpp/tier4_hmi_msgs/srv/detail/announce__type_support.cpp.o[0m
[18.394s] running egg_info
[18.395s] creating tier4_hmi_msgs.egg-info
[18.395s] writing tier4_hmi_msgs.egg-info/PKG-INFO
[18.395s] writing dependency_links to tier4_hmi_msgs.egg-info/dependency_links.txt
[18.395s] writing top-level names to tier4_hmi_msgs.egg-info/top_level.txt
[18.395s] writing manifest file 'tier4_hmi_msgs.egg-info/SOURCES.txt'
[18.395s] reading manifest file 'tier4_hmi_msgs.egg-info/SOURCES.txt'
[18.395s] writing manifest file 'tier4_hmi_msgs.egg-info/SOURCES.txt'
[18.395s] [ 19%] Built target ament_cmake_python_build_tier4_hmi_msgs_egg
[18.395s] [ 22%] [34m[1mGenerating C type support dispatch for ROS interfaces[0m
[18.395s] [ 25%] [32m[1mLinking CXX shared library libtier4_hmi_msgs__rosidl_typesupport_introspection_cpp.so[0m
[18.395s] [ 29%] [32mBuilding CXX object CMakeFiles/tier4_hmi_msgs__rosidl_typesupport_c.dir/rosidl_typesupport_c/tier4_hmi_msgs/srv/announce__type_support.cpp.o[0m
[18.396s] [ 29%] Built target tier4_hmi_msgs__rosidl_typesupport_introspection_cpp
[18.396s] [ 32%] [34m[1mGenerating C introspection for ROS interfaces[0m
[18.396s] [ 35%] [32m[1mLinking CXX shared library libtier4_hmi_msgs__rosidl_typesupport_c.so[0m
[18.396s] [ 35%] Built target tier4_hmi_msgs__rosidl_typesupport_c
[18.396s] [ 38%] [34m[1mGenerating C type support for eProsima Fast-RTPS[0m
[18.396s] [ 41%] [32mBuilding C object CMakeFiles/tier4_hmi_msgs__rosidl_typesupport_introspection_c.dir/rosidl_typesupport_introspection_c/tier4_hmi_msgs/srv/detail/announce__type_support.c.o[0m
[18.396s] [ 45%] [32m[1mLinking C shared library libtier4_hmi_msgs__rosidl_typesupport_introspection_c.so[0m
[18.396s] [ 45%] Built target tier4_hmi_msgs__rosidl_typesupport_introspection_c
[18.396s] [ 48%] [32mBuilding CXX object CMakeFiles/tier4_hmi_msgs__rosidl_typesupport_fastrtps_c.dir/rosidl_typesupport_fastrtps_c/tier4_hmi_msgs/srv/detail/announce__type_support_c.cpp.o[0m
[18.396s] [ 51%] [34m[1mGenerating C++ type support for eProsima Fast-RTPS[0m
[18.396s] [ 54%] [32mBuilding CXX object CMakeFiles/tier4_hmi_msgs__rosidl_typesupport_fastrtps_cpp.dir/rosidl_typesupport_fastrtps_cpp/tier4_hmi_msgs/srv/detail/dds_fastrtps/announce__type_support.cpp.o[0m
[18.397s] [ 58%] [32m[1mLinking CXX shared library libtier4_hmi_msgs__rosidl_typesupport_fastrtps_c.so[0m
[18.397s] [ 58%] Built target tier4_hmi_msgs__rosidl_typesupport_fastrtps_c
[18.397s] [ 61%] [34m[1mGenerating C++ type support dispatch for ROS interfaces[0m
[18.397s] [ 64%] [32m[1mLinking CXX shared library libtier4_hmi_msgs__rosidl_typesupport_fastrtps_cpp.so[0m
[18.397s] [ 64%] Built target tier4_hmi_msgs__rosidl_typesupport_fastrtps_cpp
[18.397s] [ 67%] [32mBuilding CXX object CMakeFiles/tier4_hmi_msgs__rosidl_typesupport_cpp.dir/rosidl_typesupport_cpp/tier4_hmi_msgs/srv/announce__type_support.cpp.o[0m
[18.397s] [ 70%] [32m[1mLinking CXX shared library libtier4_hmi_msgs__rosidl_typesupport_cpp.so[0m
[18.397s] [ 70%] Built target tier4_hmi_msgs__rosidl_typesupport_cpp
[18.397s] [ 70%] Built target tier4_hmi_msgs
[18.397s] [ 74%] [34m[1mGenerating Python code for ROS interfaces[0m
[18.397s] [ 74%] Built target tier4_hmi_msgs__py
[18.398s] [ 77%] [32mBuilding C object CMakeFiles/tier4_hmi_msgs__rosidl_generator_py.dir/rosidl_generator_py/tier4_hmi_msgs/srv/_announce_s.c.o[0m
[18.398s] [ 80%] [32m[1mLinking C shared library rosidl_generator_py/tier4_hmi_msgs/libtier4_hmi_msgs__rosidl_generator_py.so[0m
[18.398s] [ 80%] Built target tier4_hmi_msgs__rosidl_generator_py
[18.398s] [ 83%] [32mBuilding C object CMakeFiles/tier4_hmi_msgs__rosidl_typesupport_fastrtps_c__pyext.dir/rosidl_generator_py/tier4_hmi_msgs/_tier4_hmi_msgs_s.ep.rosidl_typesupport_fastrtps_c.c.o[0m
[18.398s] [ 87%] [32m[1mLinking C shared library rosidl_generator_py/tier4_hmi_msgs/tier4_hmi_msgs_s__rosidl_typesupport_fastrtps_c.cpython-310-x86_64-linux-gnu.so[0m
[18.398s] [ 87%] Built target tier4_hmi_msgs__rosidl_typesupport_fastrtps_c__pyext
[18.398s] [ 90%] [32mBuilding C object CMakeFiles/tier4_hmi_msgs__rosidl_typesupport_c__pyext.dir/rosidl_generator_py/tier4_hmi_msgs/_tier4_hmi_msgs_s.ep.rosidl_typesupport_c.c.o[0m
[18.398s] [ 93%] [32m[1mLinking C shared library rosidl_generator_py/tier4_hmi_msgs/tier4_hmi_msgs_s__rosidl_typesupport_c.cpython-310-x86_64-linux-gnu.so[0m
[18.398s] [ 93%] Built target tier4_hmi_msgs__rosidl_typesupport_c__pyext
[18.398s] [ 96%] [32mBuilding C object CMakeFiles/tier4_hmi_msgs__rosidl_typesupport_introspection_c__pyext.dir/rosidl_generator_py/tier4_hmi_msgs/_tier4_hmi_msgs_s.ep.rosidl_typesupport_introspection_c.c.o[0m
[18.399s] [100%] [32m[1mLinking C shared library rosidl_generator_py/tier4_hmi_msgs/tier4_hmi_msgs_s__rosidl_typesupport_introspection_c.cpython-310-x86_64-linux-gnu.so[0m
[18.399s] [100%] Built target tier4_hmi_msgs__rosidl_typesupport_introspection_c__pyext
[18.407s] Invoked command in '/home/sws/autoware/build/tier4_hmi_msgs' returned '0': AMENT_PREFIX_PATH=/home/sws/autoware/install/tier4_external_api_msgs:${AMENT_PREFIX_PATH} CMAKE_PREFIX_PATH=/home/sws/autoware/install/tier4_external_api_msgs:/opt/ros/humble LD_LIBRARY_PATH=/home/sws/autoware/install/tier4_external_api_msgs/lib:${LD_LIBRARY_PATH} PYTHONPATH=/home/sws/autoware/install/tier4_external_api_msgs/local/lib/python3.10/dist-packages:${PYTHONPATH} /usr/bin/cmake --build /home/sws/autoware/build/tier4_hmi_msgs -- -j16 -l16
[18.786s] Invoking command in '/home/sws/autoware/build/tier4_hmi_msgs': AMENT_PREFIX_PATH=/home/sws/autoware/install/tier4_external_api_msgs:${AMENT_PREFIX_PATH} CMAKE_PREFIX_PATH=/home/sws/autoware/install/tier4_external_api_msgs:/opt/ros/humble LD_LIBRARY_PATH=/home/sws/autoware/install/tier4_external_api_msgs/lib:${LD_LIBRARY_PATH} PYTHONPATH=/home/sws/autoware/install/tier4_external_api_msgs/local/lib/python3.10/dist-packages:${PYTHONPATH} /usr/bin/cmake --install /home/sws/autoware/build/tier4_hmi_msgs
[21.374s] -- Install configuration: "Release"
[21.374s] -- Execute custom install script
[21.374s] -- Symlinking: /home/sws/autoware/install/tier4_hmi_msgs/share/ament_index/resource_index/rosidl_interfaces/tier4_hmi_msgs
[21.374s] -- Symlinking: /home/sws/autoware/install/tier4_hmi_msgs/include/tier4_hmi_msgs/tier4_hmi_msgs/msg/rosidl_generator_c__visibility_control.h
[21.374s] -- Symlinking: /home/sws/autoware/install/tier4_hmi_msgs/include/tier4_hmi_msgs/tier4_hmi_msgs/srv/announce.h
[21.374s] -- Symlinking: /home/sws/autoware/install/tier4_hmi_msgs/include/tier4_hmi_msgs/tier4_hmi_msgs/srv/detail/announce__functions.h
[21.374s] -- Symlinking: /home/sws/autoware/install/tier4_hmi_msgs/include/tier4_hmi_msgs/tier4_hmi_msgs/srv/detail/announce__struct.h
[21.374s] -- Symlinking: /home/sws/autoware/install/tier4_hmi_msgs/include/tier4_hmi_msgs/tier4_hmi_msgs/srv/detail/announce__type_support.h
[21.374s] -- Symlinking: /home/sws/autoware/install/tier4_hmi_msgs/share/tier4_hmi_msgs/environment/library_path.sh
[21.374s] -- Symlinking: /home/sws/autoware/install/tier4_hmi_msgs/share/tier4_hmi_msgs/environment/library_path.dsv
[21.375s] -- Symlinking: /home/sws/autoware/install/tier4_hmi_msgs/include/tier4_hmi_msgs/tier4_hmi_msgs/msg/rosidl_typesupport_fastrtps_c__visibility_control.h
[21.375s] -- Symlinking: /home/sws/autoware/install/tier4_hmi_msgs/include/tier4_hmi_msgs/tier4_hmi_msgs/srv/detail/announce__rosidl_typesupport_fastrtps_c.h
[21.375s] -- Symlinking: /home/sws/autoware/install/tier4_hmi_msgs/include/tier4_hmi_msgs/tier4_hmi_msgs/srv/announce.hpp
[21.375s] -- Symlinking: /home/sws/autoware/install/tier4_hmi_msgs/include/tier4_hmi_msgs/tier4_hmi_msgs/srv/detail/announce__builder.hpp
[21.375s] -- Symlinking: /home/sws/autoware/install/tier4_hmi_msgs/include/tier4_hmi_msgs/tier4_hmi_msgs/srv/detail/announce__struct.hpp
[21.375s] -- Symlinking: /home/sws/autoware/install/tier4_hmi_msgs/include/tier4_hmi_msgs/tier4_hmi_msgs/srv/detail/announce__traits.hpp
[21.375s] -- Symlinking: /home/sws/autoware/install/tier4_hmi_msgs/include/tier4_hmi_msgs/tier4_hmi_msgs/msg/rosidl_typesupport_fastrtps_cpp__visibility_control.h
[21.375s] -- Symlinking: /home/sws/autoware/install/tier4_hmi_msgs/include/tier4_hmi_msgs/tier4_hmi_msgs/srv/detail/announce__rosidl_typesupport_fastrtps_cpp.hpp
[21.375s] -- Symlinking: /home/sws/autoware/install/tier4_hmi_msgs/include/tier4_hmi_msgs/tier4_hmi_msgs/msg/rosidl_typesupport_introspection_c__visibility_control.h
[21.375s] -- Symlinking: /home/sws/autoware/install/tier4_hmi_msgs/include/tier4_hmi_msgs/tier4_hmi_msgs/srv/detail/announce__rosidl_typesupport_introspection_c.h
[21.375s] -- Symlinking: /home/sws/autoware/install/tier4_hmi_msgs/include/tier4_hmi_msgs/tier4_hmi_msgs/srv/detail/announce__rosidl_typesupport_introspection_cpp.hpp
[21.376s] -- Symlinking: /home/sws/autoware/install/tier4_hmi_msgs/share/tier4_hmi_msgs/environment/pythonpath.sh
[21.376s] -- Symlinking: /home/sws/autoware/install/tier4_hmi_msgs/share/tier4_hmi_msgs/environment/pythonpath.dsv
[21.376s] -- Symlinking: /home/sws/autoware/install/tier4_hmi_msgs/local/lib/python3.10/dist-packages/tier4_hmi_msgs-0.1.0-py3.10.egg-info/PKG-INFO
[21.376s] -- Symlinking: /home/sws/autoware/install/tier4_hmi_msgs/local/lib/python3.10/dist-packages/tier4_hmi_msgs-0.1.0-py3.10.egg-info/SOURCES.txt
[21.376s] -- Symlinking: /home/sws/autoware/install/tier4_hmi_msgs/local/lib/python3.10/dist-packages/tier4_hmi_msgs-0.1.0-py3.10.egg-info/dependency_links.txt
[21.376s] -- Symlinking: /home/sws/autoware/install/tier4_hmi_msgs/local/lib/python3.10/dist-packages/tier4_hmi_msgs-0.1.0-py3.10.egg-info/top_level.txt
[21.376s] -- Symlinking: /home/sws/autoware/install/tier4_hmi_msgs/local/lib/python3.10/dist-packages/tier4_hmi_msgs/__init__.py
[21.376s] -- Symlinking: /home/sws/autoware/install/tier4_hmi_msgs/local/lib/python3.10/dist-packages/tier4_hmi_msgs/_tier4_hmi_msgs_s.ep.rosidl_typesupport_c.c
[21.376s] -- Symlinking: /home/sws/autoware/install/tier4_hmi_msgs/local/lib/python3.10/dist-packages/tier4_hmi_msgs/_tier4_hmi_msgs_s.ep.rosidl_typesupport_fastrtps_c.c
[21.376s] -- Symlinking: /home/sws/autoware/install/tier4_hmi_msgs/local/lib/python3.10/dist-packages/tier4_hmi_msgs/_tier4_hmi_msgs_s.ep.rosidl_typesupport_introspection_c.c
[21.377s] -- Symlinking: /home/sws/autoware/install/tier4_hmi_msgs/local/lib/python3.10/dist-packages/tier4_hmi_msgs/libtier4_hmi_msgs__rosidl_generator_py.so
[21.377s] -- Symlinking: /home/sws/autoware/install/tier4_hmi_msgs/local/lib/python3.10/dist-packages/tier4_hmi_msgs/srv/__init__.py
[21.377s] -- Symlinking: /home/sws/autoware/install/tier4_hmi_msgs/local/lib/python3.10/dist-packages/tier4_hmi_msgs/srv/_announce.py
[21.377s] -- Symlinking: /home/sws/autoware/install/tier4_hmi_msgs/local/lib/python3.10/dist-packages/tier4_hmi_msgs/srv/_announce_s.c
[21.377s] -- Symlinking: /home/sws/autoware/install/tier4_hmi_msgs/local/lib/python3.10/dist-packages/tier4_hmi_msgs/tier4_hmi_msgs_s__rosidl_typesupport_c.cpython-310-x86_64-linux-gnu.so
[21.377s] -- Symlinking: /home/sws/autoware/install/tier4_hmi_msgs/local/lib/python3.10/dist-packages/tier4_hmi_msgs/tier4_hmi_msgs_s__rosidl_typesupport_fastrtps_c.cpython-310-x86_64-linux-gnu.so
[21.377s] -- Symlinking: /home/sws/autoware/install/tier4_hmi_msgs/local/lib/python3.10/dist-packages/tier4_hmi_msgs/tier4_hmi_msgs_s__rosidl_typesupport_introspection_c.cpython-310-x86_64-linux-gnu.so
[21.377s] -- Up-to-date symlink: /home/sws/autoware/install/tier4_hmi_msgs/local/lib/python3.10/dist-packages/tier4_hmi_msgs/tier4_hmi_msgs_s__rosidl_typesupport_fastrtps_c.cpython-310-x86_64-linux-gnu.so
[21.377s] -- Up-to-date symlink: /home/sws/autoware/install/tier4_hmi_msgs/local/lib/python3.10/dist-packages/tier4_hmi_msgs/tier4_hmi_msgs_s__rosidl_typesupport_introspection_c.cpython-310-x86_64-linux-gnu.so
[21.377s] -- Up-to-date symlink: /home/sws/autoware/install/tier4_hmi_msgs/local/lib/python3.10/dist-packages/tier4_hmi_msgs/tier4_hmi_msgs_s__rosidl_typesupport_c.cpython-310-x86_64-linux-gnu.so
[21.377s] -- Symlinking: /home/sws/autoware/install/tier4_hmi_msgs/share/tier4_hmi_msgs/srv/Announce.idl
[21.378s] -- Symlinking: /home/sws/autoware/install/tier4_hmi_msgs/share/tier4_hmi_msgs/srv/Announce.srv
[21.378s] -- Symlinking: /home/sws/autoware/install/tier4_hmi_msgs/share/tier4_hmi_msgs/srv/Announce_Request.msg
[21.378s] -- Symlinking: /home/sws/autoware/install/tier4_hmi_msgs/share/tier4_hmi_msgs/srv/Announce_Response.msg
[21.378s] -- Symlinking: /home/sws/autoware/install/tier4_hmi_msgs/share/ament_index/resource_index/package_run_dependencies/tier4_hmi_msgs
[21.378s] -- Symlinking: /home/sws/autoware/install/tier4_hmi_msgs/share/ament_index/resource_index/parent_prefix_path/tier4_hmi_msgs
[21.378s] -- Symlinking: /home/sws/autoware/install/tier4_hmi_msgs/share/tier4_hmi_msgs/environment/ament_prefix_path.sh
[21.378s] -- Symlinking: /home/sws/autoware/install/tier4_hmi_msgs/share/tier4_hmi_msgs/environment/ament_prefix_path.dsv
[21.378s] -- Symlinking: /home/sws/autoware/install/tier4_hmi_msgs/share/tier4_hmi_msgs/environment/path.sh
[21.378s] -- Symlinking: /home/sws/autoware/install/tier4_hmi_msgs/share/tier4_hmi_msgs/environment/path.dsv
[21.378s] -- Symlinking: /home/sws/autoware/install/tier4_hmi_msgs/share/tier4_hmi_msgs/local_setup.bash
[21.378s] -- Symlinking: /home/sws/autoware/install/tier4_hmi_msgs/share/tier4_hmi_msgs/local_setup.sh
[21.379s] -- Symlinking: /home/sws/autoware/install/tier4_hmi_msgs/share/tier4_hmi_msgs/local_setup.zsh
[21.379s] -- Symlinking: /home/sws/autoware/install/tier4_hmi_msgs/share/tier4_hmi_msgs/local_setup.dsv
[21.379s] -- Symlinking: /home/sws/autoware/install/tier4_hmi_msgs/share/tier4_hmi_msgs/package.dsv
[21.379s] -- Symlinking: /home/sws/autoware/install/tier4_hmi_msgs/share/ament_index/resource_index/packages/tier4_hmi_msgs
[21.379s] -- Symlinking: /home/sws/autoware/install/tier4_hmi_msgs/share/tier4_hmi_msgs/cmake/rosidl_cmake-extras.cmake
[21.379s] -- Symlinking: /home/sws/autoware/install/tier4_hmi_msgs/share/tier4_hmi_msgs/cmake/ament_cmake_export_dependencies-extras.cmake
[21.379s] -- Symlinking: /home/sws/autoware/install/tier4_hmi_msgs/share/tier4_hmi_msgs/cmake/ament_cmake_export_include_directories-extras.cmake
[21.379s] -- Symlinking: /home/sws/autoware/install/tier4_hmi_msgs/share/tier4_hmi_msgs/cmake/ament_cmake_export_libraries-extras.cmake
[21.379s] -- Symlinking: /home/sws/autoware/install/tier4_hmi_msgs/share/tier4_hmi_msgs/cmake/ament_cmake_export_targets-extras.cmake
[21.379s] -- Symlinking: /home/sws/autoware/install/tier4_hmi_msgs/share/tier4_hmi_msgs/cmake/rosidl_cmake_export_typesupport_targets-extras.cmake
[21.379s] -- Symlinking: /home/sws/autoware/install/tier4_hmi_msgs/share/tier4_hmi_msgs/cmake/rosidl_cmake_export_typesupport_libraries-extras.cmake
[21.380s] -- Symlinking: /home/sws/autoware/install/tier4_hmi_msgs/share/tier4_hmi_msgs/cmake/tier4_hmi_msgsConfig.cmake
[21.380s] -- Symlinking: /home/sws/autoware/install/tier4_hmi_msgs/share/tier4_hmi_msgs/cmake/tier4_hmi_msgsConfig-version.cmake
[21.380s] -- Symlinking: /home/sws/autoware/install/tier4_hmi_msgs/share/tier4_hmi_msgs/package.xml
[21.380s] -- Installing: /home/sws/autoware/install/tier4_hmi_msgs/lib/libtier4_hmi_msgs__rosidl_generator_c.so
[21.380s] -- Set runtime path of "/home/sws/autoware/install/tier4_hmi_msgs/lib/libtier4_hmi_msgs__rosidl_generator_c.so" to ""
[21.380s] -- Installing: /home/sws/autoware/install/tier4_hmi_msgs/lib/libtier4_hmi_msgs__rosidl_typesupport_fastrtps_c.so
[21.380s] -- Set runtime path of "/home/sws/autoware/install/tier4_hmi_msgs/lib/libtier4_hmi_msgs__rosidl_typesupport_fastrtps_c.so" to ""
[21.380s] -- Installing: /home/sws/autoware/install/tier4_hmi_msgs/lib/libtier4_hmi_msgs__rosidl_typesupport_fastrtps_cpp.so
[21.380s] -- Set runtime path of "/home/sws/autoware/install/tier4_hmi_msgs/lib/libtier4_hmi_msgs__rosidl_typesupport_fastrtps_cpp.so" to ""
[21.380s] -- Installing: /home/sws/autoware/install/tier4_hmi_msgs/lib/libtier4_hmi_msgs__rosidl_typesupport_introspection_c.so
[21.380s] -- Set runtime path of "/home/sws/autoware/install/tier4_hmi_msgs/lib/libtier4_hmi_msgs__rosidl_typesupport_introspection_c.so" to ""
[21.380s] -- Installing: /home/sws/autoware/install/tier4_hmi_msgs/lib/libtier4_hmi_msgs__rosidl_typesupport_c.so
[21.381s] -- Set runtime path of "/home/sws/autoware/install/tier4_hmi_msgs/lib/libtier4_hmi_msgs__rosidl_typesupport_c.so" to ""
[21.381s] -- Installing: /home/sws/autoware/install/tier4_hmi_msgs/lib/libtier4_hmi_msgs__rosidl_typesupport_introspection_cpp.so
[21.381s] -- Set runtime path of "/home/sws/autoware/install/tier4_hmi_msgs/lib/libtier4_hmi_msgs__rosidl_typesupport_introspection_cpp.so" to ""
[21.381s] -- Installing: /home/sws/autoware/install/tier4_hmi_msgs/lib/libtier4_hmi_msgs__rosidl_typesupport_cpp.so
[21.381s] -- Set runtime path of "/home/sws/autoware/install/tier4_hmi_msgs/lib/libtier4_hmi_msgs__rosidl_typesupport_cpp.so" to ""
[21.381s] Listing '/home/sws/autoware/install/tier4_hmi_msgs/local/lib/python3.10/dist-packages/tier4_hmi_msgs'...
[21.381s] Compiling '/home/sws/autoware/install/tier4_hmi_msgs/local/lib/python3.10/dist-packages/tier4_hmi_msgs/__init__.py'...
[21.381s] Listing '/home/sws/autoware/install/tier4_hmi_msgs/local/lib/python3.10/dist-packages/tier4_hmi_msgs/srv'...
[21.381s] Compiling '/home/sws/autoware/install/tier4_hmi_msgs/local/lib/python3.10/dist-packages/tier4_hmi_msgs/srv/__init__.py'...
[21.381s] Compiling '/home/sws/autoware/install/tier4_hmi_msgs/local/lib/python3.10/dist-packages/tier4_hmi_msgs/srv/_announce.py'...
[21.381s] -- Installing: /home/sws/autoware/install/tier4_hmi_msgs/lib/libtier4_hmi_msgs__rosidl_generator_py.so
[21.382s] -- Set runtime path of "/home/sws/autoware/install/tier4_hmi_msgs/lib/libtier4_hmi_msgs__rosidl_generator_py.so" to ""
[21.382s] -- Installing: /home/sws/autoware/install/tier4_hmi_msgs/share/tier4_hmi_msgs/cmake/export_tier4_hmi_msgs__rosidl_generator_cExport.cmake
[21.382s] -- Installing: /home/sws/autoware/install/tier4_hmi_msgs/share/tier4_hmi_msgs/cmake/export_tier4_hmi_msgs__rosidl_generator_cExport-release.cmake
[21.382s] -- Installing: /home/sws/autoware/install/tier4_hmi_msgs/share/tier4_hmi_msgs/cmake/export_tier4_hmi_msgs__rosidl_typesupport_fastrtps_cExport.cmake
[21.382s] -- Installing: /home/sws/autoware/install/tier4_hmi_msgs/share/tier4_hmi_msgs/cmake/export_tier4_hmi_msgs__rosidl_typesupport_fastrtps_cExport-release.cmake
[21.382s] -- Installing: /home/sws/autoware/install/tier4_hmi_msgs/share/tier4_hmi_msgs/cmake/export_tier4_hmi_msgs__rosidl_generator_cppExport.cmake
[21.382s] -- Installing: /home/sws/autoware/install/tier4_hmi_msgs/share/tier4_hmi_msgs/cmake/export_tier4_hmi_msgs__rosidl_typesupport_fastrtps_cppExport.cmake
[21.382s] -- Installing: /home/sws/autoware/install/tier4_hmi_msgs/share/tier4_hmi_msgs/cmake/export_tier4_hmi_msgs__rosidl_typesupport_fastrtps_cppExport-release.cmake
[21.382s] -- Installing: /home/sws/autoware/install/tier4_hmi_msgs/share/tier4_hmi_msgs/cmake/tier4_hmi_msgs__rosidl_typesupport_introspection_cExport.cmake
[21.382s] -- Installing: /home/sws/autoware/install/tier4_hmi_msgs/share/tier4_hmi_msgs/cmake/tier4_hmi_msgs__rosidl_typesupport_introspection_cExport-release.cmake
[21.383s] -- Installing: /home/sws/autoware/install/tier4_hmi_msgs/share/tier4_hmi_msgs/cmake/tier4_hmi_msgs__rosidl_typesupport_cExport.cmake
[21.383s] -- Installing: /home/sws/autoware/install/tier4_hmi_msgs/share/tier4_hmi_msgs/cmake/tier4_hmi_msgs__rosidl_typesupport_cExport-release.cmake
[21.383s] -- Installing: /home/sws/autoware/install/tier4_hmi_msgs/share/tier4_hmi_msgs/cmake/tier4_hmi_msgs__rosidl_typesupport_introspection_cppExport.cmake
[21.383s] -- Installing: /home/sws/autoware/install/tier4_hmi_msgs/share/tier4_hmi_msgs/cmake/tier4_hmi_msgs__rosidl_typesupport_introspection_cppExport-release.cmake
[21.383s] -- Installing: /home/sws/autoware/install/tier4_hmi_msgs/share/tier4_hmi_msgs/cmake/tier4_hmi_msgs__rosidl_typesupport_cppExport.cmake
[21.383s] -- Installing: /home/sws/autoware/install/tier4_hmi_msgs/share/tier4_hmi_msgs/cmake/tier4_hmi_msgs__rosidl_typesupport_cppExport-release.cmake
[21.383s] -- Installing: /home/sws/autoware/install/tier4_hmi_msgs/share/tier4_hmi_msgs/cmake/export_tier4_hmi_msgs__rosidl_generator_pyExport.cmake
[21.383s] -- Installing: /home/sws/autoware/install/tier4_hmi_msgs/share/tier4_hmi_msgs/cmake/export_tier4_hmi_msgs__rosidl_generator_pyExport-release.cmake
[21.449s] Invoked command in '/home/sws/autoware/build/tier4_hmi_msgs' returned '0': AMENT_PREFIX_PATH=/home/sws/autoware/install/tier4_external_api_msgs:${AMENT_PREFIX_PATH} CMAKE_PREFIX_PATH=/home/sws/autoware/install/tier4_external_api_msgs:/opt/ros/humble LD_LIBRARY_PATH=/home/sws/autoware/install/tier4_external_api_msgs/lib:${LD_LIBRARY_PATH} PYTHONPATH=/home/sws/autoware/install/tier4_external_api_msgs/local/lib/python3.10/dist-packages:${PYTHONPATH} /usr/bin/cmake --install /home/sws/autoware/build/tier4_hmi_msgs
