-- The C compiler identification is GNU 11.3.0
-- The CXX compiler identification is GNU 11.3.0
-- Detecting C compiler ABI info
-- Detecting C compiler ABI info - done
-- Check for working C compiler: /usr/bin/cc - skipped
-- Detecting C compile features
-- Detecting C compile features - done
-- Detecting CXX compiler ABI info
-- Detecting CXX compiler ABI info - done
-- Check for working CXX compiler: /usr/bin/c++ - skipped
-- Detecting CXX compile features
-- Detecting CXX compile features - done
-- Found ament_cmake_auto: 1.3.3 (/opt/ros/humble/share/ament_cmake_auto/cmake)
-- Found Python3: /usr/bin/python3.10 (found version "3.10.6") found components: Interpreter 
-- Override CMake install command with custom implementation using symlinks instead of copying resources
-- Using all available rosidl_typesupport_c: rosidl_typesupport_fastrtps_c;rosidl_typesupport_introspection_c
-- Found rosidl_adapter: 3.1.4 (/opt/ros/humble/share/rosidl_adapter/cmake)
-- Using all available rosidl_typesupport_cpp: rosidl_typesupport_fastrtps_cpp;rosidl_typesupport_introspection_cpp
-- Found ament_cmake_ros: 0.10.0 (/opt/ros/humble/share/ament_cmake_ros/cmake)
-- Using all available rosidl_typesupport_c: rosidl_typesupport_fastrtps_c;rosidl_typesupport_introspection_c
-- Using all available rosidl_typesupport_cpp: rosidl_typesupport_fastrtps_cpp;rosidl_typesupport_introspection_cpp
-- Found PythonInterp: /usr/bin/python3 (found suitable version "3.10.6", minimum required is "3.6") 
-- Found python_cmake_module: 0.10.0 (/opt/ros/humble/share/python_cmake_module/cmake)
-- Found PythonLibs: /usr/lib/x86_64-linux-gnu/libpython3.10.so (found suitable version "3.10.6", minimum required is "3.5") 
-- Using PYTHON_EXECUTABLE: /usr/bin/python3
-- Using PYTHON_INCLUDE_DIRS: /usr/include/python3.10
-- Using PYTHON_LIBRARIES: /usr/lib/x86_64-linux-gnu/libpython3.10.so
-- Found PythonExtra: .so  
-- Found ament_lint_auto: 0.12.5 (/opt/ros/humble/share/ament_lint_auto/cmake)
-- Added test 'copyright' to check source files copyright and LICENSE
-- Added test 'lint_cmake' to check CMake code style
-- Added test 'xmllint' to check XML markup files
-- Configuring done
-- Generating done
-- Build files have been written to: /home/sws/autoware/build/tier4_perception_msgs
[  1%] [34m[1mGenerating C++ code for ROS interfaces[0m
[  1%] Built target tier4_perception_msgs__cpp
[  1%] Built target ament_cmake_python_symlink_tier4_perception_msgs
[  2%] [34m[1mGenerating C++ introspection for ROS interfaces[0m
[  3%] [32mBuilding CXX object CMakeFiles/tier4_perception_msgs__rosidl_typesupport_introspection_cpp.dir/rosidl_typesupport_introspection_cpp/tier4_perception_msgs/msg/detail/detected_object_with_feature__type_support.cpp.o[0m
[  4%] [32mBuilding CXX object CMakeFiles/tier4_perception_msgs__rosidl_typesupport_introspection_cpp.dir/rosidl_typesupport_introspection_cpp/tier4_perception_msgs/msg/detail/state__type_support.cpp.o[0m
[  5%] [32mBuilding CXX object CMakeFiles/tier4_perception_msgs__rosidl_typesupport_introspection_cpp.dir/rosidl_typesupport_introspection_cpp/tier4_perception_msgs/msg/detail/shape__type_support.cpp.o[0m
[  6%] [32mBuilding CXX object CMakeFiles/tier4_perception_msgs__rosidl_typesupport_introspection_cpp.dir/rosidl_typesupport_introspection_cpp/tier4_perception_msgs/msg/detail/semantic__type_support.cpp.o[0m
[  7%] [32mBuilding CXX object CMakeFiles/tier4_perception_msgs__rosidl_typesupport_introspection_cpp.dir/rosidl_typesupport_introspection_cpp/tier4_perception_msgs/msg/detail/predicted_path__type_support.cpp.o[0m
[  8%] [32mBuilding CXX object CMakeFiles/tier4_perception_msgs__rosidl_typesupport_introspection_cpp.dir/rosidl_typesupport_introspection_cpp/tier4_perception_msgs/msg/detail/feature__type_support.cpp.o[0m
[  9%] [32mBuilding CXX object CMakeFiles/tier4_perception_msgs__rosidl_typesupport_introspection_cpp.dir/rosidl_typesupport_introspection_cpp/tier4_perception_msgs/msg/detail/dynamic_object_array__type_support.cpp.o[0m
[ 10%] [32mBuilding CXX object CMakeFiles/tier4_perception_msgs__rosidl_typesupport_introspection_cpp.dir/rosidl_typesupport_introspection_cpp/tier4_perception_msgs/msg/detail/dynamic_object__type_support.cpp.o[0m
[ 11%] [32mBuilding CXX object CMakeFiles/tier4_perception_msgs__rosidl_typesupport_introspection_cpp.dir/rosidl_typesupport_introspection_cpp/tier4_perception_msgs/msg/detail/detected_objects_with_feature__type_support.cpp.o[0m
[ 12%] [32m[1mLinking CXX shared library libtier4_perception_msgs__rosidl_typesupport_introspection_cpp.so[0m
[ 12%] Built target tier4_perception_msgs__rosidl_typesupport_introspection_cpp
[ 13%] [34m[1mGenerating C++ type support for eProsima Fast-RTPS[0m
running egg_info
creating tier4_perception_msgs.egg-info
writing tier4_perception_msgs.egg-info/PKG-INFO
writing dependency_links to tier4_perception_msgs.egg-info/dependency_links.txt
writing top-level names to tier4_perception_msgs.egg-info/top_level.txt
writing manifest file 'tier4_perception_msgs.egg-info/SOURCES.txt'
reading manifest file 'tier4_perception_msgs.egg-info/SOURCES.txt'
writing manifest file 'tier4_perception_msgs.egg-info/SOURCES.txt'
[ 13%] Built target ament_cmake_python_build_tier4_perception_msgs_egg
[ 14%] [34m[1mGenerating C++ type support dispatch for ROS interfaces[0m
[ 15%] [32mBuilding CXX object CMakeFiles/tier4_perception_msgs__rosidl_typesupport_fastrtps_cpp.dir/rosidl_typesupport_fastrtps_cpp/tier4_perception_msgs/msg/detail/dds_fastrtps/detected_object_with_feature__type_support.cpp.o[0m
[ 16%] [32mBuilding CXX object CMakeFiles/tier4_perception_msgs__rosidl_typesupport_fastrtps_cpp.dir/rosidl_typesupport_fastrtps_cpp/tier4_perception_msgs/msg/detail/dds_fastrtps/detected_objects_with_feature__type_support.cpp.o[0m
[ 17%] [32mBuilding CXX object CMakeFiles/tier4_perception_msgs__rosidl_typesupport_cpp.dir/rosidl_typesupport_cpp/tier4_perception_msgs/msg/detected_object_with_feature__type_support.cpp.o[0m
[ 18%] [32mBuilding CXX object CMakeFiles/tier4_perception_msgs__rosidl_typesupport_cpp.dir/rosidl_typesupport_cpp/tier4_perception_msgs/msg/detected_objects_with_feature__type_support.cpp.o[0m
[ 20%] [32mBuilding CXX object CMakeFiles/tier4_perception_msgs__rosidl_typesupport_fastrtps_cpp.dir/rosidl_typesupport_fastrtps_cpp/tier4_perception_msgs/msg/detail/dds_fastrtps/state__type_support.cpp.o[0m
[ 21%] [32mBuilding CXX object CMakeFiles/tier4_perception_msgs__rosidl_typesupport_cpp.dir/rosidl_typesupport_cpp/tier4_perception_msgs/msg/semantic__type_support.cpp.o[0m
[ 22%] [32mBuilding CXX object CMakeFiles/tier4_perception_msgs__rosidl_typesupport_cpp.dir/rosidl_typesupport_cpp/tier4_perception_msgs/msg/shape__type_support.cpp.o[0m
[ 23%] [32mBuilding CXX object CMakeFiles/tier4_perception_msgs__rosidl_typesupport_fastrtps_cpp.dir/rosidl_typesupport_fastrtps_cpp/tier4_perception_msgs/msg/detail/dds_fastrtps/shape__type_support.cpp.o[0m
[ 24%] [32mBuilding CXX object CMakeFiles/tier4_perception_msgs__rosidl_typesupport_cpp.dir/rosidl_typesupport_cpp/tier4_perception_msgs/msg/state__type_support.cpp.o[0m
[ 25%] [32mBuilding CXX object CMakeFiles/tier4_perception_msgs__rosidl_typesupport_cpp.dir/rosidl_typesupport_cpp/tier4_perception_msgs/msg/predicted_path__type_support.cpp.o[0m
[ 26%] [32mBuilding CXX object CMakeFiles/tier4_perception_msgs__rosidl_typesupport_fastrtps_cpp.dir/rosidl_typesupport_fastrtps_cpp/tier4_perception_msgs/msg/detail/dds_fastrtps/semantic__type_support.cpp.o[0m
[ 27%] [32mBuilding CXX object CMakeFiles/tier4_perception_msgs__rosidl_typesupport_cpp.dir/rosidl_typesupport_cpp/tier4_perception_msgs/msg/feature__type_support.cpp.o[0m
[ 28%] [32mBuilding CXX object CMakeFiles/tier4_perception_msgs__rosidl_typesupport_fastrtps_cpp.dir/rosidl_typesupport_fastrtps_cpp/tier4_perception_msgs/msg/detail/dds_fastrtps/predicted_path__type_support.cpp.o[0m
[ 29%] [32mBuilding CXX object CMakeFiles/tier4_perception_msgs__rosidl_typesupport_cpp.dir/rosidl_typesupport_cpp/tier4_perception_msgs/msg/dynamic_object_array__type_support.cpp.o[0m
[ 30%] [32mBuilding CXX object CMakeFiles/tier4_perception_msgs__rosidl_typesupport_fastrtps_cpp.dir/rosidl_typesupport_fastrtps_cpp/tier4_perception_msgs/msg/detail/dds_fastrtps/feature__type_support.cpp.o[0m
[ 31%] [32mBuilding CXX object CMakeFiles/tier4_perception_msgs__rosidl_typesupport_cpp.dir/rosidl_typesupport_cpp/tier4_perception_msgs/msg/dynamic_object__type_support.cpp.o[0m
[ 32%] [32m[1mLinking CXX shared library libtier4_perception_msgs__rosidl_typesupport_cpp.so[0m
[ 32%] Built target tier4_perception_msgs__rosidl_typesupport_cpp
[ 33%] [32mBuilding CXX object CMakeFiles/tier4_perception_msgs__rosidl_typesupport_fastrtps_cpp.dir/rosidl_typesupport_fastrtps_cpp/tier4_perception_msgs/msg/detail/dds_fastrtps/dynamic_object_array__type_support.cpp.o[0m
[ 34%] [32mBuilding CXX object CMakeFiles/tier4_perception_msgs__rosidl_typesupport_fastrtps_cpp.dir/rosidl_typesupport_fastrtps_cpp/tier4_perception_msgs/msg/detail/dds_fastrtps/dynamic_object__type_support.cpp.o[0m
[ 35%] [32m[1mLinking CXX shared library libtier4_perception_msgs__rosidl_typesupport_fastrtps_cpp.so[0m
[ 35%] Built target tier4_perception_msgs__rosidl_typesupport_fastrtps_cpp
[ 36%] [34m[1mGenerating C code for ROS interfaces[0m
[ 37%] [32mBuilding C object CMakeFiles/tier4_perception_msgs__rosidl_generator_c.dir/rosidl_generator_c/tier4_perception_msgs/msg/detail/detected_object_with_feature__functions.c.o[0m
[ 38%] [32mBuilding C object CMakeFiles/tier4_perception_msgs__rosidl_generator_c.dir/rosidl_generator_c/tier4_perception_msgs/msg/detail/state__functions.c.o[0m
[ 40%] [32mBuilding C object CMakeFiles/tier4_perception_msgs__rosidl_generator_c.dir/rosidl_generator_c/tier4_perception_msgs/msg/detail/shape__functions.c.o[0m
[ 41%] [32mBuilding C object CMakeFiles/tier4_perception_msgs__rosidl_generator_c.dir/rosidl_generator_c/tier4_perception_msgs/msg/detail/semantic__functions.c.o[0m
[ 42%] [32mBuilding C object CMakeFiles/tier4_perception_msgs__rosidl_generator_c.dir/rosidl_generator_c/tier4_perception_msgs/msg/detail/predicted_path__functions.c.o[0m
[ 43%] [32mBuilding C object CMakeFiles/tier4_perception_msgs__rosidl_generator_c.dir/rosidl_generator_c/tier4_perception_msgs/msg/detail/feature__functions.c.o[0m
[ 44%] [32mBuilding C object CMakeFiles/tier4_perception_msgs__rosidl_generator_c.dir/rosidl_generator_c/tier4_perception_msgs/msg/detail/dynamic_object_array__functions.c.o[0m
[ 45%] [32mBuilding C object CMakeFiles/tier4_perception_msgs__rosidl_generator_c.dir/rosidl_generator_c/tier4_perception_msgs/msg/detail/dynamic_object__functions.c.o[0m
[ 46%] [32mBuilding C object CMakeFiles/tier4_perception_msgs__rosidl_generator_c.dir/rosidl_generator_c/tier4_perception_msgs/msg/detail/detected_objects_with_feature__functions.c.o[0m
[ 47%] [32m[1mLinking C shared library libtier4_perception_msgs__rosidl_generator_c.so[0m
[ 47%] Built target tier4_perception_msgs__rosidl_generator_c
[ 48%] [34m[1mGenerating C type support for eProsima Fast-RTPS[0m
[ 49%] [32mBuilding CXX object CMakeFiles/tier4_perception_msgs__rosidl_typesupport_fastrtps_c.dir/rosidl_typesupport_fastrtps_c/tier4_perception_msgs/msg/detail/detected_object_with_feature__type_support_c.cpp.o[0m
[ 50%] [32mBuilding CXX object CMakeFiles/tier4_perception_msgs__rosidl_typesupport_fastrtps_c.dir/rosidl_typesupport_fastrtps_c/tier4_perception_msgs/msg/detail/state__type_support_c.cpp.o[0m
[ 51%] [32mBuilding CXX object CMakeFiles/tier4_perception_msgs__rosidl_typesupport_fastrtps_c.dir/rosidl_typesupport_fastrtps_c/tier4_perception_msgs/msg/detail/shape__type_support_c.cpp.o[0m
[ 52%] [32mBuilding CXX object CMakeFiles/tier4_perception_msgs__rosidl_typesupport_fastrtps_c.dir/rosidl_typesupport_fastrtps_c/tier4_perception_msgs/msg/detail/semantic__type_support_c.cpp.o[0m
[ 53%] [32mBuilding CXX object CMakeFiles/tier4_perception_msgs__rosidl_typesupport_fastrtps_c.dir/rosidl_typesupport_fastrtps_c/tier4_perception_msgs/msg/detail/predicted_path__type_support_c.cpp.o[0m
[ 54%] [32mBuilding CXX object CMakeFiles/tier4_perception_msgs__rosidl_typesupport_fastrtps_c.dir/rosidl_typesupport_fastrtps_c/tier4_perception_msgs/msg/detail/feature__type_support_c.cpp.o[0m
[ 55%] [32mBuilding CXX object CMakeFiles/tier4_perception_msgs__rosidl_typesupport_fastrtps_c.dir/rosidl_typesupport_fastrtps_c/tier4_perception_msgs/msg/detail/dynamic_object_array__type_support_c.cpp.o[0m
[ 56%] [32mBuilding CXX object CMakeFiles/tier4_perception_msgs__rosidl_typesupport_fastrtps_c.dir/rosidl_typesupport_fastrtps_c/tier4_perception_msgs/msg/detail/dynamic_object__type_support_c.cpp.o[0m
[ 57%] [32mBuilding CXX object CMakeFiles/tier4_perception_msgs__rosidl_typesupport_fastrtps_c.dir/rosidl_typesupport_fastrtps_c/tier4_perception_msgs/msg/detail/detected_objects_with_feature__type_support_c.cpp.o[0m
[ 58%] [32m[1mLinking CXX shared library libtier4_perception_msgs__rosidl_typesupport_fastrtps_c.so[0m
[ 58%] Built target tier4_perception_msgs__rosidl_typesupport_fastrtps_c
[ 60%] [34m[1mGenerating C type support dispatch for ROS interfaces[0m
[ 61%] [32mBuilding CXX object CMakeFiles/tier4_perception_msgs__rosidl_typesupport_c.dir/rosidl_typesupport_c/tier4_perception_msgs/msg/detected_object_with_feature__type_support.cpp.o[0m
[ 62%] [32mBuilding CXX object CMakeFiles/tier4_perception_msgs__rosidl_typesupport_c.dir/rosidl_typesupport_c/tier4_perception_msgs/msg/state__type_support.cpp.o[0m
[ 63%] [32mBuilding CXX object CMakeFiles/tier4_perception_msgs__rosidl_typesupport_c.dir/rosidl_typesupport_c/tier4_perception_msgs/msg/shape__type_support.cpp.o[0m
[ 64%] [32mBuilding CXX object CMakeFiles/tier4_perception_msgs__rosidl_typesupport_c.dir/rosidl_typesupport_c/tier4_perception_msgs/msg/semantic__type_support.cpp.o[0m
[ 65%] [32mBuilding CXX object CMakeFiles/tier4_perception_msgs__rosidl_typesupport_c.dir/rosidl_typesupport_c/tier4_perception_msgs/msg/predicted_path__type_support.cpp.o[0m
[ 66%] [32mBuilding CXX object CMakeFiles/tier4_perception_msgs__rosidl_typesupport_c.dir/rosidl_typesupport_c/tier4_perception_msgs/msg/feature__type_support.cpp.o[0m
[ 67%] [32mBuilding CXX object CMakeFiles/tier4_perception_msgs__rosidl_typesupport_c.dir/rosidl_typesupport_c/tier4_perception_msgs/msg/dynamic_object_array__type_support.cpp.o[0m
[ 68%] [32mBuilding CXX object CMakeFiles/tier4_perception_msgs__rosidl_typesupport_c.dir/rosidl_typesupport_c/tier4_perception_msgs/msg/dynamic_object__type_support.cpp.o[0m
[ 69%] [32mBuilding CXX object CMakeFiles/tier4_perception_msgs__rosidl_typesupport_c.dir/rosidl_typesupport_c/tier4_perception_msgs/msg/detected_objects_with_feature__type_support.cpp.o[0m
[ 70%] [32m[1mLinking CXX shared library libtier4_perception_msgs__rosidl_typesupport_c.so[0m
[ 70%] Built target tier4_perception_msgs__rosidl_typesupport_c
[ 71%] [34m[1mGenerating C introspection for ROS interfaces[0m
[ 72%] [32mBuilding C object CMakeFiles/tier4_perception_msgs__rosidl_typesupport_introspection_c.dir/rosidl_typesupport_introspection_c/tier4_perception_msgs/msg/detail/detected_object_with_feature__type_support.c.o[0m
[ 73%] [32mBuilding C object CMakeFiles/tier4_perception_msgs__rosidl_typesupport_introspection_c.dir/rosidl_typesupport_introspection_c/tier4_perception_msgs/msg/detail/state__type_support.c.o[0m
[ 74%] [32mBuilding C object CMakeFiles/tier4_perception_msgs__rosidl_typesupport_introspection_c.dir/rosidl_typesupport_introspection_c/tier4_perception_msgs/msg/detail/shape__type_support.c.o[0m
[ 75%] [32mBuilding C object CMakeFiles/tier4_perception_msgs__rosidl_typesupport_introspection_c.dir/rosidl_typesupport_introspection_c/tier4_perception_msgs/msg/detail/semantic__type_support.c.o[0m
[ 76%] [32mBuilding C object CMakeFiles/tier4_perception_msgs__rosidl_typesupport_introspection_c.dir/rosidl_typesupport_introspection_c/tier4_perception_msgs/msg/detail/predicted_path__type_support.c.o[0m
[ 77%] [32mBuilding C object CMakeFiles/tier4_perception_msgs__rosidl_typesupport_introspection_c.dir/rosidl_typesupport_introspection_c/tier4_perception_msgs/msg/detail/feature__type_support.c.o[0m
[ 78%] [32mBuilding C object CMakeFiles/tier4_perception_msgs__rosidl_typesupport_introspection_c.dir/rosidl_typesupport_introspection_c/tier4_perception_msgs/msg/detail/dynamic_object_array__type_support.c.o[0m
[ 80%] [32mBuilding C object CMakeFiles/tier4_perception_msgs__rosidl_typesupport_introspection_c.dir/rosidl_typesupport_introspection_c/tier4_perception_msgs/msg/detail/dynamic_object__type_support.c.o[0m
[ 81%] [32mBuilding C object CMakeFiles/tier4_perception_msgs__rosidl_typesupport_introspection_c.dir/rosidl_typesupport_introspection_c/tier4_perception_msgs/msg/detail/detected_objects_with_feature__type_support.c.o[0m
[ 82%] [32m[1mLinking C shared library libtier4_perception_msgs__rosidl_typesupport_introspection_c.so[0m
[ 82%] Built target tier4_perception_msgs__rosidl_typesupport_introspection_c
[ 82%] Built target tier4_perception_msgs
[ 83%] [34m[1mGenerating Python code for ROS interfaces[0m
[ 83%] Built target tier4_perception_msgs__py
[ 84%] [32mBuilding C object CMakeFiles/tier4_perception_msgs__rosidl_generator_py.dir/rosidl_generator_py/tier4_perception_msgs/msg/_detected_object_with_feature_s.c.o[0m
[ 85%] [32mBuilding C object CMakeFiles/tier4_perception_msgs__rosidl_generator_py.dir/rosidl_generator_py/tier4_perception_msgs/msg/_state_s.c.o[0m
[ 86%] [32mBuilding C object CMakeFiles/tier4_perception_msgs__rosidl_generator_py.dir/rosidl_generator_py/tier4_perception_msgs/msg/_shape_s.c.o[0m
[ 87%] [32mBuilding C object CMakeFiles/tier4_perception_msgs__rosidl_generator_py.dir/rosidl_generator_py/tier4_perception_msgs/msg/_semantic_s.c.o[0m
[ 88%] [32mBuilding C object CMakeFiles/tier4_perception_msgs__rosidl_generator_py.dir/rosidl_generator_py/tier4_perception_msgs/msg/_predicted_path_s.c.o[0m
[ 89%] [32mBuilding C object CMakeFiles/tier4_perception_msgs__rosidl_generator_py.dir/rosidl_generator_py/tier4_perception_msgs/msg/_feature_s.c.o[0m
[ 90%] [32mBuilding C object CMakeFiles/tier4_perception_msgs__rosidl_generator_py.dir/rosidl_generator_py/tier4_perception_msgs/msg/_dynamic_object_array_s.c.o[0m
[ 91%] [32mBuilding C object CMakeFiles/tier4_perception_msgs__rosidl_generator_py.dir/rosidl_generator_py/tier4_perception_msgs/msg/_dynamic_object_s.c.o[0m
[ 92%] [32mBuilding C object CMakeFiles/tier4_perception_msgs__rosidl_generator_py.dir/rosidl_generator_py/tier4_perception_msgs/msg/_detected_objects_with_feature_s.c.o[0m
[ 93%] [32m[1mLinking C shared library rosidl_generator_py/tier4_perception_msgs/libtier4_perception_msgs__rosidl_generator_py.so[0m
[ 93%] Built target tier4_perception_msgs__rosidl_generator_py
[ 94%] [32mBuilding C object CMakeFiles/tier4_perception_msgs__rosidl_typesupport_fastrtps_c__pyext.dir/rosidl_generator_py/tier4_perception_msgs/_tier4_perception_msgs_s.ep.rosidl_typesupport_fastrtps_c.c.o[0m
[ 95%] [32m[1mLinking C shared library rosidl_generator_py/tier4_perception_msgs/tier4_perception_msgs_s__rosidl_typesupport_fastrtps_c.cpython-310-x86_64-linux-gnu.so[0m
[ 95%] Built target tier4_perception_msgs__rosidl_typesupport_fastrtps_c__pyext
[ 96%] [32mBuilding C object CMakeFiles/tier4_perception_msgs__rosidl_typesupport_c__pyext.dir/rosidl_generator_py/tier4_perception_msgs/_tier4_perception_msgs_s.ep.rosidl_typesupport_c.c.o[0m
[ 97%] [32m[1mLinking C shared library rosidl_generator_py/tier4_perception_msgs/tier4_perception_msgs_s__rosidl_typesupport_c.cpython-310-x86_64-linux-gnu.so[0m
[ 97%] Built target tier4_perception_msgs__rosidl_typesupport_c__pyext
[ 98%] [32mBuilding C object CMakeFiles/tier4_perception_msgs__rosidl_typesupport_introspection_c__pyext.dir/rosidl_generator_py/tier4_perception_msgs/_tier4_perception_msgs_s.ep.rosidl_typesupport_introspection_c.c.o[0m
[100%] [32m[1mLinking C shared library rosidl_generator_py/tier4_perception_msgs/tier4_perception_msgs_s__rosidl_typesupport_introspection_c.cpython-310-x86_64-linux-gnu.so[0m
[100%] Built target tier4_perception_msgs__rosidl_typesupport_introspection_c__pyext
-- Install configuration: "Release"
-- Execute custom install script
-- Symlinking: /home/sws/autoware/install/tier4_perception_msgs/share/ament_index/resource_index/rosidl_interfaces/tier4_perception_msgs
-- Symlinking: /home/sws/autoware/install/tier4_perception_msgs/include/tier4_perception_msgs/tier4_perception_msgs/msg/detail/detected_object_with_feature__functions.h
-- Symlinking: /home/sws/autoware/install/tier4_perception_msgs/include/tier4_perception_msgs/tier4_perception_msgs/msg/detail/detected_object_with_feature__struct.h
-- Symlinking: /home/sws/autoware/install/tier4_perception_msgs/include/tier4_perception_msgs/tier4_perception_msgs/msg/detail/detected_object_with_feature__type_support.h
-- Symlinking: /home/sws/autoware/install/tier4_perception_msgs/include/tier4_perception_msgs/tier4_perception_msgs/msg/detail/detected_objects_with_feature__functions.h
-- Symlinking: /home/sws/autoware/install/tier4_perception_msgs/include/tier4_perception_msgs/tier4_perception_msgs/msg/detail/detected_objects_with_feature__struct.h
-- Symlinking: /home/sws/autoware/install/tier4_perception_msgs/include/tier4_perception_msgs/tier4_perception_msgs/msg/detail/detected_objects_with_feature__type_support.h
-- Symlinking: /home/sws/autoware/install/tier4_perception_msgs/include/tier4_perception_msgs/tier4_perception_msgs/msg/detail/dynamic_object__functions.h
-- Symlinking: /home/sws/autoware/install/tier4_perception_msgs/include/tier4_perception_msgs/tier4_perception_msgs/msg/detail/dynamic_object__struct.h
-- Symlinking: /home/sws/autoware/install/tier4_perception_msgs/include/tier4_perception_msgs/tier4_perception_msgs/msg/detail/dynamic_object__type_support.h
-- Symlinking: /home/sws/autoware/install/tier4_perception_msgs/include/tier4_perception_msgs/tier4_perception_msgs/msg/detail/dynamic_object_array__functions.h
-- Symlinking: /home/sws/autoware/install/tier4_perception_msgs/include/tier4_perception_msgs/tier4_perception_msgs/msg/detail/dynamic_object_array__struct.h
-- Symlinking: /home/sws/autoware/install/tier4_perception_msgs/include/tier4_perception_msgs/tier4_perception_msgs/msg/detail/dynamic_object_array__type_support.h
-- Symlinking: /home/sws/autoware/install/tier4_perception_msgs/include/tier4_perception_msgs/tier4_perception_msgs/msg/detail/feature__functions.h
-- Symlinking: /home/sws/autoware/install/tier4_perception_msgs/include/tier4_perception_msgs/tier4_perception_msgs/msg/detail/feature__struct.h
-- Symlinking: /home/sws/autoware/install/tier4_perception_msgs/include/tier4_perception_msgs/tier4_perception_msgs/msg/detail/feature__type_support.h
-- Symlinking: /home/sws/autoware/install/tier4_perception_msgs/include/tier4_perception_msgs/tier4_perception_msgs/msg/detail/predicted_path__functions.h
-- Symlinking: /home/sws/autoware/install/tier4_perception_msgs/include/tier4_perception_msgs/tier4_perception_msgs/msg/detail/predicted_path__struct.h
-- Symlinking: /home/sws/autoware/install/tier4_perception_msgs/include/tier4_perception_msgs/tier4_perception_msgs/msg/detail/predicted_path__type_support.h
-- Symlinking: /home/sws/autoware/install/tier4_perception_msgs/include/tier4_perception_msgs/tier4_perception_msgs/msg/detail/semantic__functions.h
-- Symlinking: /home/sws/autoware/install/tier4_perception_msgs/include/tier4_perception_msgs/tier4_perception_msgs/msg/detail/semantic__struct.h
-- Symlinking: /home/sws/autoware/install/tier4_perception_msgs/include/tier4_perception_msgs/tier4_perception_msgs/msg/detail/semantic__type_support.h
-- Symlinking: /home/sws/autoware/install/tier4_perception_msgs/include/tier4_perception_msgs/tier4_perception_msgs/msg/detail/shape__functions.h
-- Symlinking: /home/sws/autoware/install/tier4_perception_msgs/include/tier4_perception_msgs/tier4_perception_msgs/msg/detail/shape__struct.h
-- Symlinking: /home/sws/autoware/install/tier4_perception_msgs/include/tier4_perception_msgs/tier4_perception_msgs/msg/detail/shape__type_support.h
-- Symlinking: /home/sws/autoware/install/tier4_perception_msgs/include/tier4_perception_msgs/tier4_perception_msgs/msg/detail/state__functions.h
-- Symlinking: /home/sws/autoware/install/tier4_perception_msgs/include/tier4_perception_msgs/tier4_perception_msgs/msg/detail/state__struct.h
-- Symlinking: /home/sws/autoware/install/tier4_perception_msgs/include/tier4_perception_msgs/tier4_perception_msgs/msg/detail/state__type_support.h
-- Symlinking: /home/sws/autoware/install/tier4_perception_msgs/include/tier4_perception_msgs/tier4_perception_msgs/msg/detected_object_with_feature.h
-- Symlinking: /home/sws/autoware/install/tier4_perception_msgs/include/tier4_perception_msgs/tier4_perception_msgs/msg/detected_objects_with_feature.h
-- Symlinking: /home/sws/autoware/install/tier4_perception_msgs/include/tier4_perception_msgs/tier4_perception_msgs/msg/dynamic_object.h
-- Symlinking: /home/sws/autoware/install/tier4_perception_msgs/include/tier4_perception_msgs/tier4_perception_msgs/msg/dynamic_object_array.h
-- Symlinking: /home/sws/autoware/install/tier4_perception_msgs/include/tier4_perception_msgs/tier4_perception_msgs/msg/feature.h
-- Symlinking: /home/sws/autoware/install/tier4_perception_msgs/include/tier4_perception_msgs/tier4_perception_msgs/msg/predicted_path.h
-- Symlinking: /home/sws/autoware/install/tier4_perception_msgs/include/tier4_perception_msgs/tier4_perception_msgs/msg/rosidl_generator_c__visibility_control.h
-- Symlinking: /home/sws/autoware/install/tier4_perception_msgs/include/tier4_perception_msgs/tier4_perception_msgs/msg/semantic.h
-- Symlinking: /home/sws/autoware/install/tier4_perception_msgs/include/tier4_perception_msgs/tier4_perception_msgs/msg/shape.h
-- Symlinking: /home/sws/autoware/install/tier4_perception_msgs/include/tier4_perception_msgs/tier4_perception_msgs/msg/state.h
-- Symlinking: /home/sws/autoware/install/tier4_perception_msgs/share/tier4_perception_msgs/environment/library_path.sh
-- Symlinking: /home/sws/autoware/install/tier4_perception_msgs/share/tier4_perception_msgs/environment/library_path.dsv
-- Symlinking: /home/sws/autoware/install/tier4_perception_msgs/include/tier4_perception_msgs/tier4_perception_msgs/msg/detail/detected_object_with_feature__rosidl_typesupport_fastrtps_c.h
-- Symlinking: /home/sws/autoware/install/tier4_perception_msgs/include/tier4_perception_msgs/tier4_perception_msgs/msg/detail/detected_objects_with_feature__rosidl_typesupport_fastrtps_c.h
-- Symlinking: /home/sws/autoware/install/tier4_perception_msgs/include/tier4_perception_msgs/tier4_perception_msgs/msg/detail/dynamic_object__rosidl_typesupport_fastrtps_c.h
-- Symlinking: /home/sws/autoware/install/tier4_perception_msgs/include/tier4_perception_msgs/tier4_perception_msgs/msg/detail/dynamic_object_array__rosidl_typesupport_fastrtps_c.h
-- Symlinking: /home/sws/autoware/install/tier4_perception_msgs/include/tier4_perception_msgs/tier4_perception_msgs/msg/detail/feature__rosidl_typesupport_fastrtps_c.h
-- Symlinking: /home/sws/autoware/install/tier4_perception_msgs/include/tier4_perception_msgs/tier4_perception_msgs/msg/detail/predicted_path__rosidl_typesupport_fastrtps_c.h
-- Symlinking: /home/sws/autoware/install/tier4_perception_msgs/include/tier4_perception_msgs/tier4_perception_msgs/msg/detail/semantic__rosidl_typesupport_fastrtps_c.h
-- Symlinking: /home/sws/autoware/install/tier4_perception_msgs/include/tier4_perception_msgs/tier4_perception_msgs/msg/detail/shape__rosidl_typesupport_fastrtps_c.h
-- Symlinking: /home/sws/autoware/install/tier4_perception_msgs/include/tier4_perception_msgs/tier4_perception_msgs/msg/detail/state__rosidl_typesupport_fastrtps_c.h
-- Symlinking: /home/sws/autoware/install/tier4_perception_msgs/include/tier4_perception_msgs/tier4_perception_msgs/msg/rosidl_typesupport_fastrtps_c__visibility_control.h
-- Symlinking: /home/sws/autoware/install/tier4_perception_msgs/include/tier4_perception_msgs/tier4_perception_msgs/msg/detail/detected_object_with_feature__rosidl_typesupport_introspection_c.h
-- Symlinking: /home/sws/autoware/install/tier4_perception_msgs/include/tier4_perception_msgs/tier4_perception_msgs/msg/detail/detected_objects_with_feature__rosidl_typesupport_introspection_c.h
-- Symlinking: /home/sws/autoware/install/tier4_perception_msgs/include/tier4_perception_msgs/tier4_perception_msgs/msg/detail/dynamic_object__rosidl_typesupport_introspection_c.h
-- Symlinking: /home/sws/autoware/install/tier4_perception_msgs/include/tier4_perception_msgs/tier4_perception_msgs/msg/detail/dynamic_object_array__rosidl_typesupport_introspection_c.h
-- Symlinking: /home/sws/autoware/install/tier4_perception_msgs/include/tier4_perception_msgs/tier4_perception_msgs/msg/detail/feature__rosidl_typesupport_introspection_c.h
-- Symlinking: /home/sws/autoware/install/tier4_perception_msgs/include/tier4_perception_msgs/tier4_perception_msgs/msg/detail/predicted_path__rosidl_typesupport_introspection_c.h
-- Symlinking: /home/sws/autoware/install/tier4_perception_msgs/include/tier4_perception_msgs/tier4_perception_msgs/msg/detail/semantic__rosidl_typesupport_introspection_c.h
-- Symlinking: /home/sws/autoware/install/tier4_perception_msgs/include/tier4_perception_msgs/tier4_perception_msgs/msg/detail/shape__rosidl_typesupport_introspection_c.h
-- Symlinking: /home/sws/autoware/install/tier4_perception_msgs/include/tier4_perception_msgs/tier4_perception_msgs/msg/detail/state__rosidl_typesupport_introspection_c.h
-- Symlinking: /home/sws/autoware/install/tier4_perception_msgs/include/tier4_perception_msgs/tier4_perception_msgs/msg/rosidl_typesupport_introspection_c__visibility_control.h
-- Symlinking: /home/sws/autoware/install/tier4_perception_msgs/include/tier4_perception_msgs/tier4_perception_msgs/msg/detail/detected_object_with_feature__builder.hpp
-- Symlinking: /home/sws/autoware/install/tier4_perception_msgs/include/tier4_perception_msgs/tier4_perception_msgs/msg/detail/detected_object_with_feature__struct.hpp
-- Symlinking: /home/sws/autoware/install/tier4_perception_msgs/include/tier4_perception_msgs/tier4_perception_msgs/msg/detail/detected_object_with_feature__traits.hpp
-- Symlinking: /home/sws/autoware/install/tier4_perception_msgs/include/tier4_perception_msgs/tier4_perception_msgs/msg/detail/detected_objects_with_feature__builder.hpp
-- Symlinking: /home/sws/autoware/install/tier4_perception_msgs/include/tier4_perception_msgs/tier4_perception_msgs/msg/detail/detected_objects_with_feature__struct.hpp
-- Symlinking: /home/sws/autoware/install/tier4_perception_msgs/include/tier4_perception_msgs/tier4_perception_msgs/msg/detail/detected_objects_with_feature__traits.hpp
-- Symlinking: /home/sws/autoware/install/tier4_perception_msgs/include/tier4_perception_msgs/tier4_perception_msgs/msg/detail/dynamic_object__builder.hpp
-- Symlinking: /home/sws/autoware/install/tier4_perception_msgs/include/tier4_perception_msgs/tier4_perception_msgs/msg/detail/dynamic_object__struct.hpp
-- Symlinking: /home/sws/autoware/install/tier4_perception_msgs/include/tier4_perception_msgs/tier4_perception_msgs/msg/detail/dynamic_object__traits.hpp
-- Symlinking: /home/sws/autoware/install/tier4_perception_msgs/include/tier4_perception_msgs/tier4_perception_msgs/msg/detail/dynamic_object_array__builder.hpp
-- Symlinking: /home/sws/autoware/install/tier4_perception_msgs/include/tier4_perception_msgs/tier4_perception_msgs/msg/detail/dynamic_object_array__struct.hpp
-- Symlinking: /home/sws/autoware/install/tier4_perception_msgs/include/tier4_perception_msgs/tier4_perception_msgs/msg/detail/dynamic_object_array__traits.hpp
-- Symlinking: /home/sws/autoware/install/tier4_perception_msgs/include/tier4_perception_msgs/tier4_perception_msgs/msg/detail/feature__builder.hpp
-- Symlinking: /home/sws/autoware/install/tier4_perception_msgs/include/tier4_perception_msgs/tier4_perception_msgs/msg/detail/feature__struct.hpp
-- Symlinking: /home/sws/autoware/install/tier4_perception_msgs/include/tier4_perception_msgs/tier4_perception_msgs/msg/detail/feature__traits.hpp
-- Symlinking: /home/sws/autoware/install/tier4_perception_msgs/include/tier4_perception_msgs/tier4_perception_msgs/msg/detail/predicted_path__builder.hpp
-- Symlinking: /home/sws/autoware/install/tier4_perception_msgs/include/tier4_perception_msgs/tier4_perception_msgs/msg/detail/predicted_path__struct.hpp
-- Symlinking: /home/sws/autoware/install/tier4_perception_msgs/include/tier4_perception_msgs/tier4_perception_msgs/msg/detail/predicted_path__traits.hpp
-- Symlinking: /home/sws/autoware/install/tier4_perception_msgs/include/tier4_perception_msgs/tier4_perception_msgs/msg/detail/semantic__builder.hpp
-- Symlinking: /home/sws/autoware/install/tier4_perception_msgs/include/tier4_perception_msgs/tier4_perception_msgs/msg/detail/semantic__struct.hpp
-- Symlinking: /home/sws/autoware/install/tier4_perception_msgs/include/tier4_perception_msgs/tier4_perception_msgs/msg/detail/semantic__traits.hpp
-- Symlinking: /home/sws/autoware/install/tier4_perception_msgs/include/tier4_perception_msgs/tier4_perception_msgs/msg/detail/shape__builder.hpp
-- Symlinking: /home/sws/autoware/install/tier4_perception_msgs/include/tier4_perception_msgs/tier4_perception_msgs/msg/detail/shape__struct.hpp
-- Symlinking: /home/sws/autoware/install/tier4_perception_msgs/include/tier4_perception_msgs/tier4_perception_msgs/msg/detail/shape__traits.hpp
-- Symlinking: /home/sws/autoware/install/tier4_perception_msgs/include/tier4_perception_msgs/tier4_perception_msgs/msg/detail/state__builder.hpp
-- Symlinking: /home/sws/autoware/install/tier4_perception_msgs/include/tier4_perception_msgs/tier4_perception_msgs/msg/detail/state__struct.hpp
-- Symlinking: /home/sws/autoware/install/tier4_perception_msgs/include/tier4_perception_msgs/tier4_perception_msgs/msg/detail/state__traits.hpp
-- Symlinking: /home/sws/autoware/install/tier4_perception_msgs/include/tier4_perception_msgs/tier4_perception_msgs/msg/detected_object_with_feature.hpp
-- Symlinking: /home/sws/autoware/install/tier4_perception_msgs/include/tier4_perception_msgs/tier4_perception_msgs/msg/detected_objects_with_feature.hpp
-- Symlinking: /home/sws/autoware/install/tier4_perception_msgs/include/tier4_perception_msgs/tier4_perception_msgs/msg/dynamic_object.hpp
-- Symlinking: /home/sws/autoware/install/tier4_perception_msgs/include/tier4_perception_msgs/tier4_perception_msgs/msg/dynamic_object_array.hpp
-- Symlinking: /home/sws/autoware/install/tier4_perception_msgs/include/tier4_perception_msgs/tier4_perception_msgs/msg/feature.hpp
-- Symlinking: /home/sws/autoware/install/tier4_perception_msgs/include/tier4_perception_msgs/tier4_perception_msgs/msg/predicted_path.hpp
-- Symlinking: /home/sws/autoware/install/tier4_perception_msgs/include/tier4_perception_msgs/tier4_perception_msgs/msg/semantic.hpp
-- Symlinking: /home/sws/autoware/install/tier4_perception_msgs/include/tier4_perception_msgs/tier4_perception_msgs/msg/shape.hpp
-- Symlinking: /home/sws/autoware/install/tier4_perception_msgs/include/tier4_perception_msgs/tier4_perception_msgs/msg/state.hpp
-- Symlinking: /home/sws/autoware/install/tier4_perception_msgs/include/tier4_perception_msgs/tier4_perception_msgs/msg/detail/detected_object_with_feature__rosidl_typesupport_fastrtps_cpp.hpp
-- Symlinking: /home/sws/autoware/install/tier4_perception_msgs/include/tier4_perception_msgs/tier4_perception_msgs/msg/detail/detected_objects_with_feature__rosidl_typesupport_fastrtps_cpp.hpp
-- Symlinking: /home/sws/autoware/install/tier4_perception_msgs/include/tier4_perception_msgs/tier4_perception_msgs/msg/detail/dynamic_object__rosidl_typesupport_fastrtps_cpp.hpp
-- Symlinking: /home/sws/autoware/install/tier4_perception_msgs/include/tier4_perception_msgs/tier4_perception_msgs/msg/detail/dynamic_object_array__rosidl_typesupport_fastrtps_cpp.hpp
-- Symlinking: /home/sws/autoware/install/tier4_perception_msgs/include/tier4_perception_msgs/tier4_perception_msgs/msg/detail/feature__rosidl_typesupport_fastrtps_cpp.hpp
-- Symlinking: /home/sws/autoware/install/tier4_perception_msgs/include/tier4_perception_msgs/tier4_perception_msgs/msg/detail/predicted_path__rosidl_typesupport_fastrtps_cpp.hpp
-- Symlinking: /home/sws/autoware/install/tier4_perception_msgs/include/tier4_perception_msgs/tier4_perception_msgs/msg/detail/semantic__rosidl_typesupport_fastrtps_cpp.hpp
-- Symlinking: /home/sws/autoware/install/tier4_perception_msgs/include/tier4_perception_msgs/tier4_perception_msgs/msg/detail/shape__rosidl_typesupport_fastrtps_cpp.hpp
-- Symlinking: /home/sws/autoware/install/tier4_perception_msgs/include/tier4_perception_msgs/tier4_perception_msgs/msg/detail/state__rosidl_typesupport_fastrtps_cpp.hpp
-- Symlinking: /home/sws/autoware/install/tier4_perception_msgs/include/tier4_perception_msgs/tier4_perception_msgs/msg/rosidl_typesupport_fastrtps_cpp__visibility_control.h
-- Symlinking: /home/sws/autoware/install/tier4_perception_msgs/include/tier4_perception_msgs/tier4_perception_msgs/msg/detail/detected_object_with_feature__rosidl_typesupport_introspection_cpp.hpp
-- Symlinking: /home/sws/autoware/install/tier4_perception_msgs/include/tier4_perception_msgs/tier4_perception_msgs/msg/detail/detected_objects_with_feature__rosidl_typesupport_introspection_cpp.hpp
-- Symlinking: /home/sws/autoware/install/tier4_perception_msgs/include/tier4_perception_msgs/tier4_perception_msgs/msg/detail/dynamic_object__rosidl_typesupport_introspection_cpp.hpp
-- Symlinking: /home/sws/autoware/install/tier4_perception_msgs/include/tier4_perception_msgs/tier4_perception_msgs/msg/detail/dynamic_object_array__rosidl_typesupport_introspection_cpp.hpp
-- Symlinking: /home/sws/autoware/install/tier4_perception_msgs/include/tier4_perception_msgs/tier4_perception_msgs/msg/detail/feature__rosidl_typesupport_introspection_cpp.hpp
-- Symlinking: /home/sws/autoware/install/tier4_perception_msgs/include/tier4_perception_msgs/tier4_perception_msgs/msg/detail/predicted_path__rosidl_typesupport_introspection_cpp.hpp
-- Symlinking: /home/sws/autoware/install/tier4_perception_msgs/include/tier4_perception_msgs/tier4_perception_msgs/msg/detail/semantic__rosidl_typesupport_introspection_cpp.hpp
-- Symlinking: /home/sws/autoware/install/tier4_perception_msgs/include/tier4_perception_msgs/tier4_perception_msgs/msg/detail/shape__rosidl_typesupport_introspection_cpp.hpp
-- Symlinking: /home/sws/autoware/install/tier4_perception_msgs/include/tier4_perception_msgs/tier4_perception_msgs/msg/detail/state__rosidl_typesupport_introspection_cpp.hpp
-- Symlinking: /home/sws/autoware/install/tier4_perception_msgs/share/tier4_perception_msgs/environment/pythonpath.sh
-- Symlinking: /home/sws/autoware/install/tier4_perception_msgs/share/tier4_perception_msgs/environment/pythonpath.dsv
-- Symlinking: /home/sws/autoware/install/tier4_perception_msgs/local/lib/python3.10/dist-packages/tier4_perception_msgs-0.1.0-py3.10.egg-info/PKG-INFO
-- Symlinking: /home/sws/autoware/install/tier4_perception_msgs/local/lib/python3.10/dist-packages/tier4_perception_msgs-0.1.0-py3.10.egg-info/SOURCES.txt
-- Symlinking: /home/sws/autoware/install/tier4_perception_msgs/local/lib/python3.10/dist-packages/tier4_perception_msgs-0.1.0-py3.10.egg-info/dependency_links.txt
-- Symlinking: /home/sws/autoware/install/tier4_perception_msgs/local/lib/python3.10/dist-packages/tier4_perception_msgs-0.1.0-py3.10.egg-info/top_level.txt
-- Symlinking: /home/sws/autoware/install/tier4_perception_msgs/local/lib/python3.10/dist-packages/tier4_perception_msgs/__init__.py
-- Symlinking: /home/sws/autoware/install/tier4_perception_msgs/local/lib/python3.10/dist-packages/tier4_perception_msgs/_tier4_perception_msgs_s.ep.rosidl_typesupport_c.c
-- Symlinking: /home/sws/autoware/install/tier4_perception_msgs/local/lib/python3.10/dist-packages/tier4_perception_msgs/_tier4_perception_msgs_s.ep.rosidl_typesupport_fastrtps_c.c
-- Symlinking: /home/sws/autoware/install/tier4_perception_msgs/local/lib/python3.10/dist-packages/tier4_perception_msgs/_tier4_perception_msgs_s.ep.rosidl_typesupport_introspection_c.c
-- Symlinking: /home/sws/autoware/install/tier4_perception_msgs/local/lib/python3.10/dist-packages/tier4_perception_msgs/libtier4_perception_msgs__rosidl_generator_py.so
-- Symlinking: /home/sws/autoware/install/tier4_perception_msgs/local/lib/python3.10/dist-packages/tier4_perception_msgs/msg/__init__.py
-- Symlinking: /home/sws/autoware/install/tier4_perception_msgs/local/lib/python3.10/dist-packages/tier4_perception_msgs/msg/_detected_object_with_feature.py
-- Symlinking: /home/sws/autoware/install/tier4_perception_msgs/local/lib/python3.10/dist-packages/tier4_perception_msgs/msg/_detected_object_with_feature_s.c
-- Symlinking: /home/sws/autoware/install/tier4_perception_msgs/local/lib/python3.10/dist-packages/tier4_perception_msgs/msg/_detected_objects_with_feature.py
-- Symlinking: /home/sws/autoware/install/tier4_perception_msgs/local/lib/python3.10/dist-packages/tier4_perception_msgs/msg/_detected_objects_with_feature_s.c
-- Symlinking: /home/sws/autoware/install/tier4_perception_msgs/local/lib/python3.10/dist-packages/tier4_perception_msgs/msg/_dynamic_object.py
-- Symlinking: /home/sws/autoware/install/tier4_perception_msgs/local/lib/python3.10/dist-packages/tier4_perception_msgs/msg/_dynamic_object_array.py
-- Symlinking: /home/sws/autoware/install/tier4_perception_msgs/local/lib/python3.10/dist-packages/tier4_perception_msgs/msg/_dynamic_object_array_s.c
-- Symlinking: /home/sws/autoware/install/tier4_perception_msgs/local/lib/python3.10/dist-packages/tier4_perception_msgs/msg/_dynamic_object_s.c
-- Symlinking: /home/sws/autoware/install/tier4_perception_msgs/local/lib/python3.10/dist-packages/tier4_perception_msgs/msg/_feature.py
-- Symlinking: /home/sws/autoware/install/tier4_perception_msgs/local/lib/python3.10/dist-packages/tier4_perception_msgs/msg/_feature_s.c
-- Symlinking: /home/sws/autoware/install/tier4_perception_msgs/local/lib/python3.10/dist-packages/tier4_perception_msgs/msg/_predicted_path.py
-- Symlinking: /home/sws/autoware/install/tier4_perception_msgs/local/lib/python3.10/dist-packages/tier4_perception_msgs/msg/_predicted_path_s.c
-- Symlinking: /home/sws/autoware/install/tier4_perception_msgs/local/lib/python3.10/dist-packages/tier4_perception_msgs/msg/_semantic.py
-- Symlinking: /home/sws/autoware/install/tier4_perception_msgs/local/lib/python3.10/dist-packages/tier4_perception_msgs/msg/_semantic_s.c
-- Symlinking: /home/sws/autoware/install/tier4_perception_msgs/local/lib/python3.10/dist-packages/tier4_perception_msgs/msg/_shape.py
-- Symlinking: /home/sws/autoware/install/tier4_perception_msgs/local/lib/python3.10/dist-packages/tier4_perception_msgs/msg/_shape_s.c
-- Symlinking: /home/sws/autoware/install/tier4_perception_msgs/local/lib/python3.10/dist-packages/tier4_perception_msgs/msg/_state.py
-- Symlinking: /home/sws/autoware/install/tier4_perception_msgs/local/lib/python3.10/dist-packages/tier4_perception_msgs/msg/_state_s.c
-- Symlinking: /home/sws/autoware/install/tier4_perception_msgs/local/lib/python3.10/dist-packages/tier4_perception_msgs/tier4_perception_msgs_s__rosidl_typesupport_c.cpython-310-x86_64-linux-gnu.so
-- Symlinking: /home/sws/autoware/install/tier4_perception_msgs/local/lib/python3.10/dist-packages/tier4_perception_msgs/tier4_perception_msgs_s__rosidl_typesupport_fastrtps_c.cpython-310-x86_64-linux-gnu.so
-- Symlinking: /home/sws/autoware/install/tier4_perception_msgs/local/lib/python3.10/dist-packages/tier4_perception_msgs/tier4_perception_msgs_s__rosidl_typesupport_introspection_c.cpython-310-x86_64-linux-gnu.so
-- Up-to-date symlink: /home/sws/autoware/install/tier4_perception_msgs/local/lib/python3.10/dist-packages/tier4_perception_msgs/tier4_perception_msgs_s__rosidl_typesupport_fastrtps_c.cpython-310-x86_64-linux-gnu.so
-- Up-to-date symlink: /home/sws/autoware/install/tier4_perception_msgs/local/lib/python3.10/dist-packages/tier4_perception_msgs/tier4_perception_msgs_s__rosidl_typesupport_introspection_c.cpython-310-x86_64-linux-gnu.so
-- Up-to-date symlink: /home/sws/autoware/install/tier4_perception_msgs/local/lib/python3.10/dist-packages/tier4_perception_msgs/tier4_perception_msgs_s__rosidl_typesupport_c.cpython-310-x86_64-linux-gnu.so
-- Symlinking: /home/sws/autoware/install/tier4_perception_msgs/share/tier4_perception_msgs/msg/DetectedObjectWithFeature.idl
-- Symlinking: /home/sws/autoware/install/tier4_perception_msgs/share/tier4_perception_msgs/msg/DetectedObjectsWithFeature.idl
-- Symlinking: /home/sws/autoware/install/tier4_perception_msgs/share/tier4_perception_msgs/msg/DynamicObject.idl
-- Symlinking: /home/sws/autoware/install/tier4_perception_msgs/share/tier4_perception_msgs/msg/DynamicObjectArray.idl
-- Symlinking: /home/sws/autoware/install/tier4_perception_msgs/share/tier4_perception_msgs/msg/Feature.idl
-- Symlinking: /home/sws/autoware/install/tier4_perception_msgs/share/tier4_perception_msgs/msg/PredictedPath.idl
-- Symlinking: /home/sws/autoware/install/tier4_perception_msgs/share/tier4_perception_msgs/msg/Semantic.idl
-- Symlinking: /home/sws/autoware/install/tier4_perception_msgs/share/tier4_perception_msgs/msg/Shape.idl
-- Symlinking: /home/sws/autoware/install/tier4_perception_msgs/share/tier4_perception_msgs/msg/State.idl
-- Symlinking: /home/sws/autoware/install/tier4_perception_msgs/share/tier4_perception_msgs/object_recognition/DetectedObjectWithFeature.msg
-- Symlinking: /home/sws/autoware/install/tier4_perception_msgs/share/tier4_perception_msgs/object_recognition/DetectedObjectsWithFeature.msg
-- Symlinking: /home/sws/autoware/install/tier4_perception_msgs/share/tier4_perception_msgs/object_recognition/DynamicObject.msg
-- Symlinking: /home/sws/autoware/install/tier4_perception_msgs/share/tier4_perception_msgs/object_recognition/DynamicObjectArray.msg
-- Symlinking: /home/sws/autoware/install/tier4_perception_msgs/share/tier4_perception_msgs/object_recognition/Feature.msg
-- Symlinking: /home/sws/autoware/install/tier4_perception_msgs/share/tier4_perception_msgs/object_recognition/PredictedPath.msg
-- Symlinking: /home/sws/autoware/install/tier4_perception_msgs/share/tier4_perception_msgs/object_recognition/Semantic.msg
-- Symlinking: /home/sws/autoware/install/tier4_perception_msgs/share/tier4_perception_msgs/object_recognition/Shape.msg
-- Symlinking: /home/sws/autoware/install/tier4_perception_msgs/share/tier4_perception_msgs/object_recognition/State.msg
-- Symlinking: /home/sws/autoware/install/tier4_perception_msgs/share/ament_index/resource_index/package_run_dependencies/tier4_perception_msgs
-- Symlinking: /home/sws/autoware/install/tier4_perception_msgs/share/ament_index/resource_index/parent_prefix_path/tier4_perception_msgs
-- Symlinking: /home/sws/autoware/install/tier4_perception_msgs/share/tier4_perception_msgs/environment/ament_prefix_path.sh
-- Symlinking: /home/sws/autoware/install/tier4_perception_msgs/share/tier4_perception_msgs/environment/ament_prefix_path.dsv
-- Symlinking: /home/sws/autoware/install/tier4_perception_msgs/share/tier4_perception_msgs/environment/path.sh
-- Symlinking: /home/sws/autoware/install/tier4_perception_msgs/share/tier4_perception_msgs/environment/path.dsv
-- Symlinking: /home/sws/autoware/install/tier4_perception_msgs/share/tier4_perception_msgs/local_setup.bash
-- Symlinking: /home/sws/autoware/install/tier4_perception_msgs/share/tier4_perception_msgs/local_setup.sh
-- Symlinking: /home/sws/autoware/install/tier4_perception_msgs/share/tier4_perception_msgs/local_setup.zsh
-- Symlinking: /home/sws/autoware/install/tier4_perception_msgs/share/tier4_perception_msgs/local_setup.dsv
-- Symlinking: /home/sws/autoware/install/tier4_perception_msgs/share/tier4_perception_msgs/package.dsv
-- Symlinking: /home/sws/autoware/install/tier4_perception_msgs/share/ament_index/resource_index/packages/tier4_perception_msgs
-- Symlinking: /home/sws/autoware/install/tier4_perception_msgs/share/tier4_perception_msgs/cmake/rosidl_cmake-extras.cmake
-- Symlinking: /home/sws/autoware/install/tier4_perception_msgs/share/tier4_perception_msgs/cmake/ament_cmake_export_dependencies-extras.cmake
-- Symlinking: /home/sws/autoware/install/tier4_perception_msgs/share/tier4_perception_msgs/cmake/ament_cmake_export_include_directories-extras.cmake
-- Symlinking: /home/sws/autoware/install/tier4_perception_msgs/share/tier4_perception_msgs/cmake/ament_cmake_export_libraries-extras.cmake
-- Symlinking: /home/sws/autoware/install/tier4_perception_msgs/share/tier4_perception_msgs/cmake/ament_cmake_export_targets-extras.cmake
-- Symlinking: /home/sws/autoware/install/tier4_perception_msgs/share/tier4_perception_msgs/cmake/rosidl_cmake_export_typesupport_targets-extras.cmake
-- Symlinking: /home/sws/autoware/install/tier4_perception_msgs/share/tier4_perception_msgs/cmake/rosidl_cmake_export_typesupport_libraries-extras.cmake
-- Symlinking: /home/sws/autoware/install/tier4_perception_msgs/share/tier4_perception_msgs/cmake/tier4_perception_msgsConfig.cmake
-- Symlinking: /home/sws/autoware/install/tier4_perception_msgs/share/tier4_perception_msgs/cmake/tier4_perception_msgsConfig-version.cmake
-- Symlinking: /home/sws/autoware/install/tier4_perception_msgs/share/tier4_perception_msgs/package.xml
-- Installing: /home/sws/autoware/install/tier4_perception_msgs/lib/libtier4_perception_msgs__rosidl_generator_c.so
-- Set runtime path of "/home/sws/autoware/install/tier4_perception_msgs/lib/libtier4_perception_msgs__rosidl_generator_c.so" to ""
-- Installing: /home/sws/autoware/install/tier4_perception_msgs/lib/libtier4_perception_msgs__rosidl_typesupport_fastrtps_c.so
-- Set runtime path of "/home/sws/autoware/install/tier4_perception_msgs/lib/libtier4_perception_msgs__rosidl_typesupport_fastrtps_c.so" to ""
-- Installing: /home/sws/autoware/install/tier4_perception_msgs/lib/libtier4_perception_msgs__rosidl_typesupport_introspection_c.so
-- Set runtime path of "/home/sws/autoware/install/tier4_perception_msgs/lib/libtier4_perception_msgs__rosidl_typesupport_introspection_c.so" to ""
-- Installing: /home/sws/autoware/install/tier4_perception_msgs/lib/libtier4_perception_msgs__rosidl_typesupport_c.so
-- Set runtime path of "/home/sws/autoware/install/tier4_perception_msgs/lib/libtier4_perception_msgs__rosidl_typesupport_c.so" to ""
-- Installing: /home/sws/autoware/install/tier4_perception_msgs/lib/libtier4_perception_msgs__rosidl_typesupport_fastrtps_cpp.so
-- Set runtime path of "/home/sws/autoware/install/tier4_perception_msgs/lib/libtier4_perception_msgs__rosidl_typesupport_fastrtps_cpp.so" to ""
-- Installing: /home/sws/autoware/install/tier4_perception_msgs/lib/libtier4_perception_msgs__rosidl_typesupport_introspection_cpp.so
-- Set runtime path of "/home/sws/autoware/install/tier4_perception_msgs/lib/libtier4_perception_msgs__rosidl_typesupport_introspection_cpp.so" to ""
-- Installing: /home/sws/autoware/install/tier4_perception_msgs/lib/libtier4_perception_msgs__rosidl_typesupport_cpp.so
-- Set runtime path of "/home/sws/autoware/install/tier4_perception_msgs/lib/libtier4_perception_msgs__rosidl_typesupport_cpp.so" to ""
Listing '/home/sws/autoware/install/tier4_perception_msgs/local/lib/python3.10/dist-packages/tier4_perception_msgs'...
Compiling '/home/sws/autoware/install/tier4_perception_msgs/local/lib/python3.10/dist-packages/tier4_perception_msgs/__init__.py'...
Listing '/home/sws/autoware/install/tier4_perception_msgs/local/lib/python3.10/dist-packages/tier4_perception_msgs/msg'...
Compiling '/home/sws/autoware/install/tier4_perception_msgs/local/lib/python3.10/dist-packages/tier4_perception_msgs/msg/__init__.py'...
Compiling '/home/sws/autoware/install/tier4_perception_msgs/local/lib/python3.10/dist-packages/tier4_perception_msgs/msg/_detected_object_with_feature.py'...
Compiling '/home/sws/autoware/install/tier4_perception_msgs/local/lib/python3.10/dist-packages/tier4_perception_msgs/msg/_detected_objects_with_feature.py'...
Compiling '/home/sws/autoware/install/tier4_perception_msgs/local/lib/python3.10/dist-packages/tier4_perception_msgs/msg/_dynamic_object.py'...
Compiling '/home/sws/autoware/install/tier4_perception_msgs/local/lib/python3.10/dist-packages/tier4_perception_msgs/msg/_dynamic_object_array.py'...
Compiling '/home/sws/autoware/install/tier4_perception_msgs/local/lib/python3.10/dist-packages/tier4_perception_msgs/msg/_feature.py'...
Compiling '/home/sws/autoware/install/tier4_perception_msgs/local/lib/python3.10/dist-packages/tier4_perception_msgs/msg/_predicted_path.py'...
Compiling '/home/sws/autoware/install/tier4_perception_msgs/local/lib/python3.10/dist-packages/tier4_perception_msgs/msg/_semantic.py'...
Compiling '/home/sws/autoware/install/tier4_perception_msgs/local/lib/python3.10/dist-packages/tier4_perception_msgs/msg/_shape.py'...
Compiling '/home/sws/autoware/install/tier4_perception_msgs/local/lib/python3.10/dist-packages/tier4_perception_msgs/msg/_state.py'...
-- Installing: /home/sws/autoware/install/tier4_perception_msgs/lib/libtier4_perception_msgs__rosidl_generator_py.so
-- Set runtime path of "/home/sws/autoware/install/tier4_perception_msgs/lib/libtier4_perception_msgs__rosidl_generator_py.so" to ""
-- Installing: /home/sws/autoware/install/tier4_perception_msgs/share/tier4_perception_msgs/cmake/export_tier4_perception_msgs__rosidl_generator_cExport.cmake
-- Installing: /home/sws/autoware/install/tier4_perception_msgs/share/tier4_perception_msgs/cmake/export_tier4_perception_msgs__rosidl_generator_cExport-release.cmake
-- Installing: /home/sws/autoware/install/tier4_perception_msgs/share/tier4_perception_msgs/cmake/export_tier4_perception_msgs__rosidl_typesupport_fastrtps_cExport.cmake
-- Installing: /home/sws/autoware/install/tier4_perception_msgs/share/tier4_perception_msgs/cmake/export_tier4_perception_msgs__rosidl_typesupport_fastrtps_cExport-release.cmake
-- Installing: /home/sws/autoware/install/tier4_perception_msgs/share/tier4_perception_msgs/cmake/tier4_perception_msgs__rosidl_typesupport_introspection_cExport.cmake
-- Installing: /home/sws/autoware/install/tier4_perception_msgs/share/tier4_perception_msgs/cmake/tier4_perception_msgs__rosidl_typesupport_introspection_cExport-release.cmake
-- Installing: /home/sws/autoware/install/tier4_perception_msgs/share/tier4_perception_msgs/cmake/tier4_perception_msgs__rosidl_typesupport_cExport.cmake
-- Installing: /home/sws/autoware/install/tier4_perception_msgs/share/tier4_perception_msgs/cmake/tier4_perception_msgs__rosidl_typesupport_cExport-release.cmake
-- Installing: /home/sws/autoware/install/tier4_perception_msgs/share/tier4_perception_msgs/cmake/export_tier4_perception_msgs__rosidl_generator_cppExport.cmake
-- Installing: /home/sws/autoware/install/tier4_perception_msgs/share/tier4_perception_msgs/cmake/export_tier4_perception_msgs__rosidl_typesupport_fastrtps_cppExport.cmake
-- Installing: /home/sws/autoware/install/tier4_perception_msgs/share/tier4_perception_msgs/cmake/export_tier4_perception_msgs__rosidl_typesupport_fastrtps_cppExport-release.cmake
-- Installing: /home/sws/autoware/install/tier4_perception_msgs/share/tier4_perception_msgs/cmake/tier4_perception_msgs__rosidl_typesupport_introspection_cppExport.cmake
-- Installing: /home/sws/autoware/install/tier4_perception_msgs/share/tier4_perception_msgs/cmake/tier4_perception_msgs__rosidl_typesupport_introspection_cppExport-release.cmake
-- Installing: /home/sws/autoware/install/tier4_perception_msgs/share/tier4_perception_msgs/cmake/tier4_perception_msgs__rosidl_typesupport_cppExport.cmake
-- Installing: /home/sws/autoware/install/tier4_perception_msgs/share/tier4_perception_msgs/cmake/tier4_perception_msgs__rosidl_typesupport_cppExport-release.cmake
-- Installing: /home/sws/autoware/install/tier4_perception_msgs/share/tier4_perception_msgs/cmake/export_tier4_perception_msgs__rosidl_generator_pyExport.cmake
-- Installing: /home/sws/autoware/install/tier4_perception_msgs/share/tier4_perception_msgs/cmake/export_tier4_perception_msgs__rosidl_generator_pyExport-release.cmake
