[0.024s] Invoking command in '/home/sws/autoware/build/tier4_perception_msgs': AMENT_PREFIX_PATH=/home/sws/autoware/install/autoware_auto_perception_msgs:/home/sws/autoware/install/autoware_auto_geometry_msgs:${AMENT_PREFIX_PATH} CMAKE_PREFIX_PATH=/home/sws/autoware/install/autoware_auto_perception_msgs:/home/sws/autoware/install/autoware_auto_geometry_msgs:/opt/ros/humble LD_LIBRARY_PATH=/home/sws/autoware/install/autoware_auto_perception_msgs/lib:/home/sws/autoware/install/autoware_auto_geometry_msgs/lib:${LD_LIBRARY_PATH} PYTHONPATH=/home/sws/autoware/install/autoware_auto_perception_msgs/local/lib/python3.10/dist-packages:/home/sws/autoware/install/autoware_auto_geometry_msgs/local/lib/python3.10/dist-packages:${PYTHONPATH} /usr/bin/cmake /home/sws/autoware/src/universe/external/tier4_autoware_msgs/tier4_perception_msgs -DCMAKE_BUILD_TYPE=Release -DAMENT_CMAKE_SYMLINK_INSTALL=1 -DCMAKE_INSTALL_PREFIX=/home/sws/autoware/install/tier4_perception_msgs
[15.097s] -- The C compiler identification is GNU 11.3.0
[15.097s] -- The CXX compiler identification is GNU 11.3.0
[15.097s] -- Detecting C compiler ABI info
[15.097s] -- Detecting C compiler ABI info - done
[15.097s] -- Check for working C compiler: /usr/bin/cc - skipped
[15.097s] -- Detecting C compile features
[15.097s] -- Detecting C compile features - done
[15.097s] -- Detecting CXX compiler ABI info
[15.097s] -- Detecting CXX compiler ABI info - done
[15.097s] -- Check for working CXX compiler: /usr/bin/c++ - skipped
[15.097s] -- Detecting CXX compile features
[15.098s] -- Detecting CXX compile features - done
[15.098s] -- Found ament_cmake_auto: 1.3.3 (/opt/ros/humble/share/ament_cmake_auto/cmake)
[15.098s] -- Found Python3: /usr/bin/python3.10 (found version "3.10.6") found components: Interpreter 
[15.098s] -- Override CMake install command with custom implementation using symlinks instead of copying resources
[15.098s] -- Using all available rosidl_typesupport_c: rosidl_typesupport_fastrtps_c;rosidl_typesupport_introspection_c
[15.098s] -- Found rosidl_adapter: 3.1.4 (/opt/ros/humble/share/rosidl_adapter/cmake)
[15.098s] -- Using all available rosidl_typesupport_cpp: rosidl_typesupport_fastrtps_cpp;rosidl_typesupport_introspection_cpp
[15.098s] -- Found ament_cmake_ros: 0.10.0 (/opt/ros/humble/share/ament_cmake_ros/cmake)
[15.098s] -- Using all available rosidl_typesupport_c: rosidl_typesupport_fastrtps_c;rosidl_typesupport_introspection_c
[15.098s] -- Using all available rosidl_typesupport_cpp: rosidl_typesupport_fastrtps_cpp;rosidl_typesupport_introspection_cpp
[15.098s] -- Found PythonInterp: /usr/bin/python3 (found suitable version "3.10.6", minimum required is "3.6") 
[15.098s] -- Found python_cmake_module: 0.10.0 (/opt/ros/humble/share/python_cmake_module/cmake)
[15.099s] -- Found PythonLibs: /usr/lib/x86_64-linux-gnu/libpython3.10.so (found suitable version "3.10.6", minimum required is "3.5") 
[15.099s] -- Using PYTHON_EXECUTABLE: /usr/bin/python3
[15.099s] -- Using PYTHON_INCLUDE_DIRS: /usr/include/python3.10
[15.099s] -- Using PYTHON_LIBRARIES: /usr/lib/x86_64-linux-gnu/libpython3.10.so
[15.099s] -- Found PythonExtra: .so  
[15.099s] -- Found ament_lint_auto: 0.12.5 (/opt/ros/humble/share/ament_lint_auto/cmake)
[15.099s] -- Added test 'copyright' to check source files copyright and LICENSE
[15.099s] -- Added test 'lint_cmake' to check CMake code style
[15.099s] -- Added test 'xmllint' to check XML markup files
[15.099s] -- Configuring done
[15.099s] -- Generating done
[15.099s] -- Build files have been written to: /home/sws/autoware/build/tier4_perception_msgs
[15.114s] Invoked command in '/home/sws/autoware/build/tier4_perception_msgs' returned '0': AMENT_PREFIX_PATH=/home/sws/autoware/install/autoware_auto_perception_msgs:/home/sws/autoware/install/autoware_auto_geometry_msgs:${AMENT_PREFIX_PATH} CMAKE_PREFIX_PATH=/home/sws/autoware/install/autoware_auto_perception_msgs:/home/sws/autoware/install/autoware_auto_geometry_msgs:/opt/ros/humble LD_LIBRARY_PATH=/home/sws/autoware/install/autoware_auto_perception_msgs/lib:/home/sws/autoware/install/autoware_auto_geometry_msgs/lib:${LD_LIBRARY_PATH} PYTHONPATH=/home/sws/autoware/install/autoware_auto_perception_msgs/local/lib/python3.10/dist-packages:/home/sws/autoware/install/autoware_auto_geometry_msgs/local/lib/python3.10/dist-packages:${PYTHONPATH} /usr/bin/cmake /home/sws/autoware/src/universe/external/tier4_autoware_msgs/tier4_perception_msgs -DCMAKE_BUILD_TYPE=Release -DAMENT_CMAKE_SYMLINK_INSTALL=1 -DCMAKE_INSTALL_PREFIX=/home/sws/autoware/install/tier4_perception_msgs
[15.114s] Invoking command in '/home/sws/autoware/build/tier4_perception_msgs': AMENT_PREFIX_PATH=/home/sws/autoware/install/autoware_auto_perception_msgs:/home/sws/autoware/install/autoware_auto_geometry_msgs:${AMENT_PREFIX_PATH} CMAKE_PREFIX_PATH=/home/sws/autoware/install/autoware_auto_perception_msgs:/home/sws/autoware/install/autoware_auto_geometry_msgs:/opt/ros/humble LD_LIBRARY_PATH=/home/sws/autoware/install/autoware_auto_perception_msgs/lib:/home/sws/autoware/install/autoware_auto_geometry_msgs/lib:${LD_LIBRARY_PATH} PYTHONPATH=/home/sws/autoware/install/autoware_auto_perception_msgs/local/lib/python3.10/dist-packages:/home/sws/autoware/install/autoware_auto_geometry_msgs/local/lib/python3.10/dist-packages:${PYTHONPATH} /usr/bin/cmake --build /home/sws/autoware/build/tier4_perception_msgs -- -j16 -l16
[19.653s] [  1%] [34m[1mGenerating C++ code for ROS interfaces[0m
[19.654s] [  1%] Built target tier4_perception_msgs__cpp
[19.654s] [  1%] Built target ament_cmake_python_symlink_tier4_perception_msgs
[19.654s] [  2%] [34m[1mGenerating C++ introspection for ROS interfaces[0m
[19.654s] [  3%] [32mBuilding CXX object CMakeFiles/tier4_perception_msgs__rosidl_typesupport_introspection_cpp.dir/rosidl_typesupport_introspection_cpp/tier4_perception_msgs/msg/detail/detected_object_with_feature__type_support.cpp.o[0m
[19.654s] [  4%] [32mBuilding CXX object CMakeFiles/tier4_perception_msgs__rosidl_typesupport_introspection_cpp.dir/rosidl_typesupport_introspection_cpp/tier4_perception_msgs/msg/detail/state__type_support.cpp.o[0m
[19.974s] [  5%] [32mBuilding CXX object CMakeFiles/tier4_perception_msgs__rosidl_typesupport_introspection_cpp.dir/rosidl_typesupport_introspection_cpp/tier4_perception_msgs/msg/detail/shape__type_support.cpp.o[0m
[20.588s] [  6%] [32mBuilding CXX object CMakeFiles/tier4_perception_msgs__rosidl_typesupport_introspection_cpp.dir/rosidl_typesupport_introspection_cpp/tier4_perception_msgs/msg/detail/semantic__type_support.cpp.o[0m
[21.035s] [  7%] [32mBuilding CXX object CMakeFiles/tier4_perception_msgs__rosidl_typesupport_introspection_cpp.dir/rosidl_typesupport_introspection_cpp/tier4_perception_msgs/msg/detail/predicted_path__type_support.cpp.o[0m
[21.512s] [  8%] [32mBuilding CXX object CMakeFiles/tier4_perception_msgs__rosidl_typesupport_introspection_cpp.dir/rosidl_typesupport_introspection_cpp/tier4_perception_msgs/msg/detail/feature__type_support.cpp.o[0m
[21.919s] [  9%] [32mBuilding CXX object CMakeFiles/tier4_perception_msgs__rosidl_typesupport_introspection_cpp.dir/rosidl_typesupport_introspection_cpp/tier4_perception_msgs/msg/detail/dynamic_object_array__type_support.cpp.o[0m
[22.902s] [ 10%] [32mBuilding CXX object CMakeFiles/tier4_perception_msgs__rosidl_typesupport_introspection_cpp.dir/rosidl_typesupport_introspection_cpp/tier4_perception_msgs/msg/detail/dynamic_object__type_support.cpp.o[0m
[23.632s] [ 11%] [32mBuilding CXX object CMakeFiles/tier4_perception_msgs__rosidl_typesupport_introspection_cpp.dir/rosidl_typesupport_introspection_cpp/tier4_perception_msgs/msg/detail/detected_objects_with_feature__type_support.cpp.o[0m
[24.918s] [ 12%] [32m[1mLinking CXX shared library libtier4_perception_msgs__rosidl_typesupport_introspection_cpp.so[0m
[25.194s] [ 12%] Built target tier4_perception_msgs__rosidl_typesupport_introspection_cpp
[25.256s] [ 13%] [34m[1mGenerating C++ type support for eProsima Fast-RTPS[0m
[25.966s] running egg_info
[25.967s] creating tier4_perception_msgs.egg-info
[25.967s] writing tier4_perception_msgs.egg-info/PKG-INFO
[25.968s] writing dependency_links to tier4_perception_msgs.egg-info/dependency_links.txt
[25.968s] writing top-level names to tier4_perception_msgs.egg-info/top_level.txt
[25.969s] writing manifest file 'tier4_perception_msgs.egg-info/SOURCES.txt'
[25.974s] reading manifest file 'tier4_perception_msgs.egg-info/SOURCES.txt'
[25.975s] writing manifest file 'tier4_perception_msgs.egg-info/SOURCES.txt'
[26.011s] [ 13%] Built target ament_cmake_python_build_tier4_perception_msgs_egg
[26.050s] [ 14%] [34m[1mGenerating C++ type support dispatch for ROS interfaces[0m
[26.773s] [ 15%] [32mBuilding CXX object CMakeFiles/tier4_perception_msgs__rosidl_typesupport_fastrtps_cpp.dir/rosidl_typesupport_fastrtps_cpp/tier4_perception_msgs/msg/detail/dds_fastrtps/detected_object_with_feature__type_support.cpp.o[0m
[26.793s] [ 16%] [32mBuilding CXX object CMakeFiles/tier4_perception_msgs__rosidl_typesupport_fastrtps_cpp.dir/rosidl_typesupport_fastrtps_cpp/tier4_perception_msgs/msg/detail/dds_fastrtps/detected_objects_with_feature__type_support.cpp.o[0m
[27.230s] [ 17%] [32mBuilding CXX object CMakeFiles/tier4_perception_msgs__rosidl_typesupport_cpp.dir/rosidl_typesupport_cpp/tier4_perception_msgs/msg/detected_object_with_feature__type_support.cpp.o[0m
[27.230s] [ 18%] [32mBuilding CXX object CMakeFiles/tier4_perception_msgs__rosidl_typesupport_cpp.dir/rosidl_typesupport_cpp/tier4_perception_msgs/msg/detected_objects_with_feature__type_support.cpp.o[0m
[27.567s] [ 20%] [32mBuilding CXX object CMakeFiles/tier4_perception_msgs__rosidl_typesupport_fastrtps_cpp.dir/rosidl_typesupport_fastrtps_cpp/tier4_perception_msgs/msg/detail/dds_fastrtps/state__type_support.cpp.o[0m
[27.895s] [ 21%] [32mBuilding CXX object CMakeFiles/tier4_perception_msgs__rosidl_typesupport_cpp.dir/rosidl_typesupport_cpp/tier4_perception_msgs/msg/semantic__type_support.cpp.o[0m
[27.907s] [ 22%] [32mBuilding CXX object CMakeFiles/tier4_perception_msgs__rosidl_typesupport_cpp.dir/rosidl_typesupport_cpp/tier4_perception_msgs/msg/shape__type_support.cpp.o[0m
[28.398s] [ 23%] [32mBuilding CXX object CMakeFiles/tier4_perception_msgs__rosidl_typesupport_fastrtps_cpp.dir/rosidl_typesupport_fastrtps_cpp/tier4_perception_msgs/msg/detail/dds_fastrtps/shape__type_support.cpp.o[0m
[28.411s] [ 24%] [32mBuilding CXX object CMakeFiles/tier4_perception_msgs__rosidl_typesupport_cpp.dir/rosidl_typesupport_cpp/tier4_perception_msgs/msg/state__type_support.cpp.o[0m
[28.932s] [ 25%] [32mBuilding CXX object CMakeFiles/tier4_perception_msgs__rosidl_typesupport_cpp.dir/rosidl_typesupport_cpp/tier4_perception_msgs/msg/predicted_path__type_support.cpp.o[0m
[29.030s] [ 26%] [32mBuilding CXX object CMakeFiles/tier4_perception_msgs__rosidl_typesupport_fastrtps_cpp.dir/rosidl_typesupport_fastrtps_cpp/tier4_perception_msgs/msg/detail/dds_fastrtps/semantic__type_support.cpp.o[0m
[29.351s] [ 27%] [32mBuilding CXX object CMakeFiles/tier4_perception_msgs__rosidl_typesupport_cpp.dir/rosidl_typesupport_cpp/tier4_perception_msgs/msg/feature__type_support.cpp.o[0m
[29.511s] [ 28%] [32mBuilding CXX object CMakeFiles/tier4_perception_msgs__rosidl_typesupport_fastrtps_cpp.dir/rosidl_typesupport_fastrtps_cpp/tier4_perception_msgs/msg/detail/dds_fastrtps/predicted_path__type_support.cpp.o[0m
[29.665s] [ 29%] [32mBuilding CXX object CMakeFiles/tier4_perception_msgs__rosidl_typesupport_cpp.dir/rosidl_typesupport_cpp/tier4_perception_msgs/msg/dynamic_object_array__type_support.cpp.o[0m
[30.032s] [ 30%] [32mBuilding CXX object CMakeFiles/tier4_perception_msgs__rosidl_typesupport_fastrtps_cpp.dir/rosidl_typesupport_fastrtps_cpp/tier4_perception_msgs/msg/detail/dds_fastrtps/feature__type_support.cpp.o[0m
[30.110s] [ 31%] [32mBuilding CXX object CMakeFiles/tier4_perception_msgs__rosidl_typesupport_cpp.dir/rosidl_typesupport_cpp/tier4_perception_msgs/msg/dynamic_object__type_support.cpp.o[0m
[30.460s] [ 32%] [32m[1mLinking CXX shared library libtier4_perception_msgs__rosidl_typesupport_cpp.so[0m
[30.500s] [ 32%] Built target tier4_perception_msgs__rosidl_typesupport_cpp
[30.609s] [ 33%] [32mBuilding CXX object CMakeFiles/tier4_perception_msgs__rosidl_typesupport_fastrtps_cpp.dir/rosidl_typesupport_fastrtps_cpp/tier4_perception_msgs/msg/detail/dds_fastrtps/dynamic_object_array__type_support.cpp.o[0m
[31.436s] [ 34%] [32mBuilding CXX object CMakeFiles/tier4_perception_msgs__rosidl_typesupport_fastrtps_cpp.dir/rosidl_typesupport_fastrtps_cpp/tier4_perception_msgs/msg/detail/dds_fastrtps/dynamic_object__type_support.cpp.o[0m
[32.020s] [ 35%] [32m[1mLinking CXX shared library libtier4_perception_msgs__rosidl_typesupport_fastrtps_cpp.so[0m
[32.091s] [ 35%] Built target tier4_perception_msgs__rosidl_typesupport_fastrtps_cpp
[32.100s] [ 36%] [34m[1mGenerating C code for ROS interfaces[0m
[33.073s] [ 37%] [32mBuilding C object CMakeFiles/tier4_perception_msgs__rosidl_generator_c.dir/rosidl_generator_c/tier4_perception_msgs/msg/detail/detected_object_with_feature__functions.c.o[0m
[33.214s] [ 38%] [32mBuilding C object CMakeFiles/tier4_perception_msgs__rosidl_generator_c.dir/rosidl_generator_c/tier4_perception_msgs/msg/detail/state__functions.c.o[0m
[33.364s] [ 40%] [32mBuilding C object CMakeFiles/tier4_perception_msgs__rosidl_generator_c.dir/rosidl_generator_c/tier4_perception_msgs/msg/detail/shape__functions.c.o[0m
[33.468s] [ 41%] [32mBuilding C object CMakeFiles/tier4_perception_msgs__rosidl_generator_c.dir/rosidl_generator_c/tier4_perception_msgs/msg/detail/semantic__functions.c.o[0m
[33.574s] [ 42%] [32mBuilding C object CMakeFiles/tier4_perception_msgs__rosidl_generator_c.dir/rosidl_generator_c/tier4_perception_msgs/msg/detail/predicted_path__functions.c.o[0m
[33.691s] [ 43%] [32mBuilding C object CMakeFiles/tier4_perception_msgs__rosidl_generator_c.dir/rosidl_generator_c/tier4_perception_msgs/msg/detail/feature__functions.c.o[0m
[33.829s] [ 44%] [32mBuilding C object CMakeFiles/tier4_perception_msgs__rosidl_generator_c.dir/rosidl_generator_c/tier4_perception_msgs/msg/detail/dynamic_object_array__functions.c.o[0m
[33.974s] [ 45%] [32mBuilding C object CMakeFiles/tier4_perception_msgs__rosidl_generator_c.dir/rosidl_generator_c/tier4_perception_msgs/msg/detail/dynamic_object__functions.c.o[0m
[34.122s] [ 46%] [32mBuilding C object CMakeFiles/tier4_perception_msgs__rosidl_generator_c.dir/rosidl_generator_c/tier4_perception_msgs/msg/detail/detected_objects_with_feature__functions.c.o[0m
[34.268s] [ 47%] [32m[1mLinking C shared library libtier4_perception_msgs__rosidl_generator_c.so[0m
[34.320s] [ 47%] Built target tier4_perception_msgs__rosidl_generator_c
[34.332s] [ 48%] [34m[1mGenerating C type support for eProsima Fast-RTPS[0m
[35.478s] [ 49%] [32mBuilding CXX object CMakeFiles/tier4_perception_msgs__rosidl_typesupport_fastrtps_c.dir/rosidl_typesupport_fastrtps_c/tier4_perception_msgs/msg/detail/detected_object_with_feature__type_support_c.cpp.o[0m
[35.871s] [ 50%] [32mBuilding CXX object CMakeFiles/tier4_perception_msgs__rosidl_typesupport_fastrtps_c.dir/rosidl_typesupport_fastrtps_c/tier4_perception_msgs/msg/detail/state__type_support_c.cpp.o[0m
[36.302s] [ 51%] [32mBuilding CXX object CMakeFiles/tier4_perception_msgs__rosidl_typesupport_fastrtps_c.dir/rosidl_typesupport_fastrtps_c/tier4_perception_msgs/msg/detail/shape__type_support_c.cpp.o[0m
[36.791s] [ 52%] [32mBuilding CXX object CMakeFiles/tier4_perception_msgs__rosidl_typesupport_fastrtps_c.dir/rosidl_typesupport_fastrtps_c/tier4_perception_msgs/msg/detail/semantic__type_support_c.cpp.o[0m
[37.285s] [ 53%] [32mBuilding CXX object CMakeFiles/tier4_perception_msgs__rosidl_typesupport_fastrtps_c.dir/rosidl_typesupport_fastrtps_c/tier4_perception_msgs/msg/detail/predicted_path__type_support_c.cpp.o[0m
[37.787s] [ 54%] [32mBuilding CXX object CMakeFiles/tier4_perception_msgs__rosidl_typesupport_fastrtps_c.dir/rosidl_typesupport_fastrtps_c/tier4_perception_msgs/msg/detail/feature__type_support_c.cpp.o[0m
[38.259s] [ 55%] [32mBuilding CXX object CMakeFiles/tier4_perception_msgs__rosidl_typesupport_fastrtps_c.dir/rosidl_typesupport_fastrtps_c/tier4_perception_msgs/msg/detail/dynamic_object_array__type_support_c.cpp.o[0m
[38.773s] [ 56%] [32mBuilding CXX object CMakeFiles/tier4_perception_msgs__rosidl_typesupport_fastrtps_c.dir/rosidl_typesupport_fastrtps_c/tier4_perception_msgs/msg/detail/dynamic_object__type_support_c.cpp.o[0m
[39.221s] [ 57%] [32mBuilding CXX object CMakeFiles/tier4_perception_msgs__rosidl_typesupport_fastrtps_c.dir/rosidl_typesupport_fastrtps_c/tier4_perception_msgs/msg/detail/detected_objects_with_feature__type_support_c.cpp.o[0m
[39.598s] [ 58%] [32m[1mLinking CXX shared library libtier4_perception_msgs__rosidl_typesupport_fastrtps_c.so[0m
[39.675s] [ 58%] Built target tier4_perception_msgs__rosidl_typesupport_fastrtps_c
[39.684s] [ 60%] [34m[1mGenerating C type support dispatch for ROS interfaces[0m
[40.286s] [ 61%] [32mBuilding CXX object CMakeFiles/tier4_perception_msgs__rosidl_typesupport_c.dir/rosidl_typesupport_c/tier4_perception_msgs/msg/detected_object_with_feature__type_support.cpp.o[0m
[40.321s] [ 62%] [32mBuilding CXX object CMakeFiles/tier4_perception_msgs__rosidl_typesupport_c.dir/rosidl_typesupport_c/tier4_perception_msgs/msg/state__type_support.cpp.o[0m
[40.355s] [ 63%] [32mBuilding CXX object CMakeFiles/tier4_perception_msgs__rosidl_typesupport_c.dir/rosidl_typesupport_c/tier4_perception_msgs/msg/shape__type_support.cpp.o[0m
[40.389s] [ 64%] [32mBuilding CXX object CMakeFiles/tier4_perception_msgs__rosidl_typesupport_c.dir/rosidl_typesupport_c/tier4_perception_msgs/msg/semantic__type_support.cpp.o[0m
[40.417s] [ 65%] [32mBuilding CXX object CMakeFiles/tier4_perception_msgs__rosidl_typesupport_c.dir/rosidl_typesupport_c/tier4_perception_msgs/msg/predicted_path__type_support.cpp.o[0m
[40.449s] [ 66%] [32mBuilding CXX object CMakeFiles/tier4_perception_msgs__rosidl_typesupport_c.dir/rosidl_typesupport_c/tier4_perception_msgs/msg/feature__type_support.cpp.o[0m
[40.480s] [ 67%] [32mBuilding CXX object CMakeFiles/tier4_perception_msgs__rosidl_typesupport_c.dir/rosidl_typesupport_c/tier4_perception_msgs/msg/dynamic_object_array__type_support.cpp.o[0m
[40.513s] [ 68%] [32mBuilding CXX object CMakeFiles/tier4_perception_msgs__rosidl_typesupport_c.dir/rosidl_typesupport_c/tier4_perception_msgs/msg/dynamic_object__type_support.cpp.o[0m
[40.547s] [ 69%] [32mBuilding CXX object CMakeFiles/tier4_perception_msgs__rosidl_typesupport_c.dir/rosidl_typesupport_c/tier4_perception_msgs/msg/detected_objects_with_feature__type_support.cpp.o[0m
[40.582s] [ 70%] [32m[1mLinking CXX shared library libtier4_perception_msgs__rosidl_typesupport_c.so[0m
[40.632s] [ 70%] Built target tier4_perception_msgs__rosidl_typesupport_c
[40.643s] [ 71%] [34m[1mGenerating C introspection for ROS interfaces[0m
[41.341s] [ 72%] [32mBuilding C object CMakeFiles/tier4_perception_msgs__rosidl_typesupport_introspection_c.dir/rosidl_typesupport_introspection_c/tier4_perception_msgs/msg/detail/detected_object_with_feature__type_support.c.o[0m
[41.392s] [ 73%] [32mBuilding C object CMakeFiles/tier4_perception_msgs__rosidl_typesupport_introspection_c.dir/rosidl_typesupport_introspection_c/tier4_perception_msgs/msg/detail/state__type_support.c.o[0m
[41.451s] [ 74%] [32mBuilding C object CMakeFiles/tier4_perception_msgs__rosidl_typesupport_introspection_c.dir/rosidl_typesupport_introspection_c/tier4_perception_msgs/msg/detail/shape__type_support.c.o[0m
[41.505s] [ 75%] [32mBuilding C object CMakeFiles/tier4_perception_msgs__rosidl_typesupport_introspection_c.dir/rosidl_typesupport_introspection_c/tier4_perception_msgs/msg/detail/semantic__type_support.c.o[0m
[41.539s] [ 76%] [32mBuilding C object CMakeFiles/tier4_perception_msgs__rosidl_typesupport_introspection_c.dir/rosidl_typesupport_introspection_c/tier4_perception_msgs/msg/detail/predicted_path__type_support.c.o[0m
[41.582s] [ 77%] [32mBuilding C object CMakeFiles/tier4_perception_msgs__rosidl_typesupport_introspection_c.dir/rosidl_typesupport_introspection_c/tier4_perception_msgs/msg/detail/feature__type_support.c.o[0m
[41.618s] [ 78%] [32mBuilding C object CMakeFiles/tier4_perception_msgs__rosidl_typesupport_introspection_c.dir/rosidl_typesupport_introspection_c/tier4_perception_msgs/msg/detail/dynamic_object_array__type_support.c.o[0m
[41.682s] [ 80%] [32mBuilding C object CMakeFiles/tier4_perception_msgs__rosidl_typesupport_introspection_c.dir/rosidl_typesupport_introspection_c/tier4_perception_msgs/msg/detail/dynamic_object__type_support.c.o[0m
[41.721s] [ 81%] [32mBuilding C object CMakeFiles/tier4_perception_msgs__rosidl_typesupport_introspection_c.dir/rosidl_typesupport_introspection_c/tier4_perception_msgs/msg/detail/detected_objects_with_feature__type_support.c.o[0m
[41.766s] [ 82%] [32m[1mLinking C shared library libtier4_perception_msgs__rosidl_typesupport_introspection_c.so[0m
[41.798s] [ 82%] Built target tier4_perception_msgs__rosidl_typesupport_introspection_c
[41.815s] [ 82%] Built target tier4_perception_msgs
[41.834s] [ 83%] [34m[1mGenerating Python code for ROS interfaces[0m
[43.490s] [ 83%] Built target tier4_perception_msgs__py
[43.515s] [ 84%] [32mBuilding C object CMakeFiles/tier4_perception_msgs__rosidl_generator_py.dir/rosidl_generator_py/tier4_perception_msgs/msg/_detected_object_with_feature_s.c.o[0m
[43.681s] [ 85%] [32mBuilding C object CMakeFiles/tier4_perception_msgs__rosidl_generator_py.dir/rosidl_generator_py/tier4_perception_msgs/msg/_state_s.c.o[0m
[43.918s] [ 86%] [32mBuilding C object CMakeFiles/tier4_perception_msgs__rosidl_generator_py.dir/rosidl_generator_py/tier4_perception_msgs/msg/_shape_s.c.o[0m
[44.045s] [ 87%] [32mBuilding C object CMakeFiles/tier4_perception_msgs__rosidl_generator_py.dir/rosidl_generator_py/tier4_perception_msgs/msg/_semantic_s.c.o[0m
[44.164s] [ 88%] [32mBuilding C object CMakeFiles/tier4_perception_msgs__rosidl_generator_py.dir/rosidl_generator_py/tier4_perception_msgs/msg/_predicted_path_s.c.o[0m
[44.374s] [ 89%] [32mBuilding C object CMakeFiles/tier4_perception_msgs__rosidl_generator_py.dir/rosidl_generator_py/tier4_perception_msgs/msg/_feature_s.c.o[0m
[44.570s] [ 90%] [32mBuilding C object CMakeFiles/tier4_perception_msgs__rosidl_generator_py.dir/rosidl_generator_py/tier4_perception_msgs/msg/_dynamic_object_array_s.c.o[0m
[44.894s] [ 91%] [32mBuilding C object CMakeFiles/tier4_perception_msgs__rosidl_generator_py.dir/rosidl_generator_py/tier4_perception_msgs/msg/_dynamic_object_s.c.o[0m
[45.216s] [ 92%] [32mBuilding C object CMakeFiles/tier4_perception_msgs__rosidl_generator_py.dir/rosidl_generator_py/tier4_perception_msgs/msg/_detected_objects_with_feature_s.c.o[0m
[45.482s] [ 93%] [32m[1mLinking C shared library rosidl_generator_py/tier4_perception_msgs/libtier4_perception_msgs__rosidl_generator_py.so[0m
[45.575s] [ 93%] Built target tier4_perception_msgs__rosidl_generator_py
[45.616s] [ 94%] [32mBuilding C object CMakeFiles/tier4_perception_msgs__rosidl_typesupport_fastrtps_c__pyext.dir/rosidl_generator_py/tier4_perception_msgs/_tier4_perception_msgs_s.ep.rosidl_typesupport_fastrtps_c.c.o[0m
[46.080s] [ 95%] [32m[1mLinking C shared library rosidl_generator_py/tier4_perception_msgs/tier4_perception_msgs_s__rosidl_typesupport_fastrtps_c.cpython-310-x86_64-linux-gnu.so[0m
[46.146s] [ 95%] Built target tier4_perception_msgs__rosidl_typesupport_fastrtps_c__pyext
[46.172s] [ 96%] [32mBuilding C object CMakeFiles/tier4_perception_msgs__rosidl_typesupport_c__pyext.dir/rosidl_generator_py/tier4_perception_msgs/_tier4_perception_msgs_s.ep.rosidl_typesupport_c.c.o[0m
[46.510s] [ 97%] [32m[1mLinking C shared library rosidl_generator_py/tier4_perception_msgs/tier4_perception_msgs_s__rosidl_typesupport_c.cpython-310-x86_64-linux-gnu.so[0m
[46.577s] [ 97%] Built target tier4_perception_msgs__rosidl_typesupport_c__pyext
[46.602s] [ 98%] [32mBuilding C object CMakeFiles/tier4_perception_msgs__rosidl_typesupport_introspection_c__pyext.dir/rosidl_generator_py/tier4_perception_msgs/_tier4_perception_msgs_s.ep.rosidl_typesupport_introspection_c.c.o[0m
[47.007s] [100%] [32m[1mLinking C shared library rosidl_generator_py/tier4_perception_msgs/tier4_perception_msgs_s__rosidl_typesupport_introspection_c.cpython-310-x86_64-linux-gnu.so[0m
[47.053s] [100%] Built target tier4_perception_msgs__rosidl_typesupport_introspection_c__pyext
[47.071s] Invoked command in '/home/sws/autoware/build/tier4_perception_msgs' returned '0': AMENT_PREFIX_PATH=/home/sws/autoware/install/autoware_auto_perception_msgs:/home/sws/autoware/install/autoware_auto_geometry_msgs:${AMENT_PREFIX_PATH} CMAKE_PREFIX_PATH=/home/sws/autoware/install/autoware_auto_perception_msgs:/home/sws/autoware/install/autoware_auto_geometry_msgs:/opt/ros/humble LD_LIBRARY_PATH=/home/sws/autoware/install/autoware_auto_perception_msgs/lib:/home/sws/autoware/install/autoware_auto_geometry_msgs/lib:${LD_LIBRARY_PATH} PYTHONPATH=/home/sws/autoware/install/autoware_auto_perception_msgs/local/lib/python3.10/dist-packages:/home/sws/autoware/install/autoware_auto_geometry_msgs/local/lib/python3.10/dist-packages:${PYTHONPATH} /usr/bin/cmake --build /home/sws/autoware/build/tier4_perception_msgs -- -j16 -l16
[47.273s] Invoking command in '/home/sws/autoware/build/tier4_perception_msgs': AMENT_PREFIX_PATH=/home/sws/autoware/install/autoware_auto_perception_msgs:/home/sws/autoware/install/autoware_auto_geometry_msgs:${AMENT_PREFIX_PATH} CMAKE_PREFIX_PATH=/home/sws/autoware/install/autoware_auto_perception_msgs:/home/sws/autoware/install/autoware_auto_geometry_msgs:/opt/ros/humble LD_LIBRARY_PATH=/home/sws/autoware/install/autoware_auto_perception_msgs/lib:/home/sws/autoware/install/autoware_auto_geometry_msgs/lib:${LD_LIBRARY_PATH} PYTHONPATH=/home/sws/autoware/install/autoware_auto_perception_msgs/local/lib/python3.10/dist-packages:/home/sws/autoware/install/autoware_auto_geometry_msgs/local/lib/python3.10/dist-packages:${PYTHONPATH} /usr/bin/cmake --install /home/sws/autoware/build/tier4_perception_msgs
[62.645s] -- Install configuration: "Release"
[62.645s] -- Execute custom install script
[62.645s] -- Symlinking: /home/sws/autoware/install/tier4_perception_msgs/share/ament_index/resource_index/rosidl_interfaces/tier4_perception_msgs
[62.645s] -- Symlinking: /home/sws/autoware/install/tier4_perception_msgs/include/tier4_perception_msgs/tier4_perception_msgs/msg/detail/detected_object_with_feature__functions.h
[62.645s] -- Symlinking: /home/sws/autoware/install/tier4_perception_msgs/include/tier4_perception_msgs/tier4_perception_msgs/msg/detail/detected_object_with_feature__struct.h
[62.646s] -- Symlinking: /home/sws/autoware/install/tier4_perception_msgs/include/tier4_perception_msgs/tier4_perception_msgs/msg/detail/detected_object_with_feature__type_support.h
[62.646s] -- Symlinking: /home/sws/autoware/install/tier4_perception_msgs/include/tier4_perception_msgs/tier4_perception_msgs/msg/detail/detected_objects_with_feature__functions.h
[62.646s] -- Symlinking: /home/sws/autoware/install/tier4_perception_msgs/include/tier4_perception_msgs/tier4_perception_msgs/msg/detail/detected_objects_with_feature__struct.h
[62.646s] -- Symlinking: /home/sws/autoware/install/tier4_perception_msgs/include/tier4_perception_msgs/tier4_perception_msgs/msg/detail/detected_objects_with_feature__type_support.h
[62.646s] -- Symlinking: /home/sws/autoware/install/tier4_perception_msgs/include/tier4_perception_msgs/tier4_perception_msgs/msg/detail/dynamic_object__functions.h
[62.646s] -- Symlinking: /home/sws/autoware/install/tier4_perception_msgs/include/tier4_perception_msgs/tier4_perception_msgs/msg/detail/dynamic_object__struct.h
[62.646s] -- Symlinking: /home/sws/autoware/install/tier4_perception_msgs/include/tier4_perception_msgs/tier4_perception_msgs/msg/detail/dynamic_object__type_support.h
[62.646s] -- Symlinking: /home/sws/autoware/install/tier4_perception_msgs/include/tier4_perception_msgs/tier4_perception_msgs/msg/detail/dynamic_object_array__functions.h
[62.646s] -- Symlinking: /home/sws/autoware/install/tier4_perception_msgs/include/tier4_perception_msgs/tier4_perception_msgs/msg/detail/dynamic_object_array__struct.h
[62.647s] -- Symlinking: /home/sws/autoware/install/tier4_perception_msgs/include/tier4_perception_msgs/tier4_perception_msgs/msg/detail/dynamic_object_array__type_support.h
[62.647s] -- Symlinking: /home/sws/autoware/install/tier4_perception_msgs/include/tier4_perception_msgs/tier4_perception_msgs/msg/detail/feature__functions.h
[62.647s] -- Symlinking: /home/sws/autoware/install/tier4_perception_msgs/include/tier4_perception_msgs/tier4_perception_msgs/msg/detail/feature__struct.h
[62.647s] -- Symlinking: /home/sws/autoware/install/tier4_perception_msgs/include/tier4_perception_msgs/tier4_perception_msgs/msg/detail/feature__type_support.h
[62.647s] -- Symlinking: /home/sws/autoware/install/tier4_perception_msgs/include/tier4_perception_msgs/tier4_perception_msgs/msg/detail/predicted_path__functions.h
[62.647s] -- Symlinking: /home/sws/autoware/install/tier4_perception_msgs/include/tier4_perception_msgs/tier4_perception_msgs/msg/detail/predicted_path__struct.h
[62.647s] -- Symlinking: /home/sws/autoware/install/tier4_perception_msgs/include/tier4_perception_msgs/tier4_perception_msgs/msg/detail/predicted_path__type_support.h
[62.647s] -- Symlinking: /home/sws/autoware/install/tier4_perception_msgs/include/tier4_perception_msgs/tier4_perception_msgs/msg/detail/semantic__functions.h
[62.647s] -- Symlinking: /home/sws/autoware/install/tier4_perception_msgs/include/tier4_perception_msgs/tier4_perception_msgs/msg/detail/semantic__struct.h
[62.647s] -- Symlinking: /home/sws/autoware/install/tier4_perception_msgs/include/tier4_perception_msgs/tier4_perception_msgs/msg/detail/semantic__type_support.h
[62.648s] -- Symlinking: /home/sws/autoware/install/tier4_perception_msgs/include/tier4_perception_msgs/tier4_perception_msgs/msg/detail/shape__functions.h
[62.648s] -- Symlinking: /home/sws/autoware/install/tier4_perception_msgs/include/tier4_perception_msgs/tier4_perception_msgs/msg/detail/shape__struct.h
[62.648s] -- Symlinking: /home/sws/autoware/install/tier4_perception_msgs/include/tier4_perception_msgs/tier4_perception_msgs/msg/detail/shape__type_support.h
[62.648s] -- Symlinking: /home/sws/autoware/install/tier4_perception_msgs/include/tier4_perception_msgs/tier4_perception_msgs/msg/detail/state__functions.h
[62.648s] -- Symlinking: /home/sws/autoware/install/tier4_perception_msgs/include/tier4_perception_msgs/tier4_perception_msgs/msg/detail/state__struct.h
[62.648s] -- Symlinking: /home/sws/autoware/install/tier4_perception_msgs/include/tier4_perception_msgs/tier4_perception_msgs/msg/detail/state__type_support.h
[62.648s] -- Symlinking: /home/sws/autoware/install/tier4_perception_msgs/include/tier4_perception_msgs/tier4_perception_msgs/msg/detected_object_with_feature.h
[62.648s] -- Symlinking: /home/sws/autoware/install/tier4_perception_msgs/include/tier4_perception_msgs/tier4_perception_msgs/msg/detected_objects_with_feature.h
[62.648s] -- Symlinking: /home/sws/autoware/install/tier4_perception_msgs/include/tier4_perception_msgs/tier4_perception_msgs/msg/dynamic_object.h
[62.648s] -- Symlinking: /home/sws/autoware/install/tier4_perception_msgs/include/tier4_perception_msgs/tier4_perception_msgs/msg/dynamic_object_array.h
[62.648s] -- Symlinking: /home/sws/autoware/install/tier4_perception_msgs/include/tier4_perception_msgs/tier4_perception_msgs/msg/feature.h
[62.649s] -- Symlinking: /home/sws/autoware/install/tier4_perception_msgs/include/tier4_perception_msgs/tier4_perception_msgs/msg/predicted_path.h
[62.649s] -- Symlinking: /home/sws/autoware/install/tier4_perception_msgs/include/tier4_perception_msgs/tier4_perception_msgs/msg/rosidl_generator_c__visibility_control.h
[62.649s] -- Symlinking: /home/sws/autoware/install/tier4_perception_msgs/include/tier4_perception_msgs/tier4_perception_msgs/msg/semantic.h
[62.649s] -- Symlinking: /home/sws/autoware/install/tier4_perception_msgs/include/tier4_perception_msgs/tier4_perception_msgs/msg/shape.h
[62.649s] -- Symlinking: /home/sws/autoware/install/tier4_perception_msgs/include/tier4_perception_msgs/tier4_perception_msgs/msg/state.h
[62.649s] -- Symlinking: /home/sws/autoware/install/tier4_perception_msgs/share/tier4_perception_msgs/environment/library_path.sh
[62.649s] -- Symlinking: /home/sws/autoware/install/tier4_perception_msgs/share/tier4_perception_msgs/environment/library_path.dsv
[62.649s] -- Symlinking: /home/sws/autoware/install/tier4_perception_msgs/include/tier4_perception_msgs/tier4_perception_msgs/msg/detail/detected_object_with_feature__rosidl_typesupport_fastrtps_c.h
[62.649s] -- Symlinking: /home/sws/autoware/install/tier4_perception_msgs/include/tier4_perception_msgs/tier4_perception_msgs/msg/detail/detected_objects_with_feature__rosidl_typesupport_fastrtps_c.h
[62.649s] -- Symlinking: /home/sws/autoware/install/tier4_perception_msgs/include/tier4_perception_msgs/tier4_perception_msgs/msg/detail/dynamic_object__rosidl_typesupport_fastrtps_c.h
[62.650s] -- Symlinking: /home/sws/autoware/install/tier4_perception_msgs/include/tier4_perception_msgs/tier4_perception_msgs/msg/detail/dynamic_object_array__rosidl_typesupport_fastrtps_c.h
[62.650s] -- Symlinking: /home/sws/autoware/install/tier4_perception_msgs/include/tier4_perception_msgs/tier4_perception_msgs/msg/detail/feature__rosidl_typesupport_fastrtps_c.h
[62.650s] -- Symlinking: /home/sws/autoware/install/tier4_perception_msgs/include/tier4_perception_msgs/tier4_perception_msgs/msg/detail/predicted_path__rosidl_typesupport_fastrtps_c.h
[62.650s] -- Symlinking: /home/sws/autoware/install/tier4_perception_msgs/include/tier4_perception_msgs/tier4_perception_msgs/msg/detail/semantic__rosidl_typesupport_fastrtps_c.h
[62.650s] -- Symlinking: /home/sws/autoware/install/tier4_perception_msgs/include/tier4_perception_msgs/tier4_perception_msgs/msg/detail/shape__rosidl_typesupport_fastrtps_c.h
[62.650s] -- Symlinking: /home/sws/autoware/install/tier4_perception_msgs/include/tier4_perception_msgs/tier4_perception_msgs/msg/detail/state__rosidl_typesupport_fastrtps_c.h
[62.650s] -- Symlinking: /home/sws/autoware/install/tier4_perception_msgs/include/tier4_perception_msgs/tier4_perception_msgs/msg/rosidl_typesupport_fastrtps_c__visibility_control.h
[62.650s] -- Symlinking: /home/sws/autoware/install/tier4_perception_msgs/include/tier4_perception_msgs/tier4_perception_msgs/msg/detail/detected_object_with_feature__rosidl_typesupport_introspection_c.h
[62.650s] -- Symlinking: /home/sws/autoware/install/tier4_perception_msgs/include/tier4_perception_msgs/tier4_perception_msgs/msg/detail/detected_objects_with_feature__rosidl_typesupport_introspection_c.h
[62.650s] -- Symlinking: /home/sws/autoware/install/tier4_perception_msgs/include/tier4_perception_msgs/tier4_perception_msgs/msg/detail/dynamic_object__rosidl_typesupport_introspection_c.h
[62.651s] -- Symlinking: /home/sws/autoware/install/tier4_perception_msgs/include/tier4_perception_msgs/tier4_perception_msgs/msg/detail/dynamic_object_array__rosidl_typesupport_introspection_c.h
[62.651s] -- Symlinking: /home/sws/autoware/install/tier4_perception_msgs/include/tier4_perception_msgs/tier4_perception_msgs/msg/detail/feature__rosidl_typesupport_introspection_c.h
[62.651s] -- Symlinking: /home/sws/autoware/install/tier4_perception_msgs/include/tier4_perception_msgs/tier4_perception_msgs/msg/detail/predicted_path__rosidl_typesupport_introspection_c.h
[62.651s] -- Symlinking: /home/sws/autoware/install/tier4_perception_msgs/include/tier4_perception_msgs/tier4_perception_msgs/msg/detail/semantic__rosidl_typesupport_introspection_c.h
[62.651s] -- Symlinking: /home/sws/autoware/install/tier4_perception_msgs/include/tier4_perception_msgs/tier4_perception_msgs/msg/detail/shape__rosidl_typesupport_introspection_c.h
[62.651s] -- Symlinking: /home/sws/autoware/install/tier4_perception_msgs/include/tier4_perception_msgs/tier4_perception_msgs/msg/detail/state__rosidl_typesupport_introspection_c.h
[62.651s] -- Symlinking: /home/sws/autoware/install/tier4_perception_msgs/include/tier4_perception_msgs/tier4_perception_msgs/msg/rosidl_typesupport_introspection_c__visibility_control.h
[62.651s] -- Symlinking: /home/sws/autoware/install/tier4_perception_msgs/include/tier4_perception_msgs/tier4_perception_msgs/msg/detail/detected_object_with_feature__builder.hpp
[62.651s] -- Symlinking: /home/sws/autoware/install/tier4_perception_msgs/include/tier4_perception_msgs/tier4_perception_msgs/msg/detail/detected_object_with_feature__struct.hpp
[62.651s] -- Symlinking: /home/sws/autoware/install/tier4_perception_msgs/include/tier4_perception_msgs/tier4_perception_msgs/msg/detail/detected_object_with_feature__traits.hpp
[62.652s] -- Symlinking: /home/sws/autoware/install/tier4_perception_msgs/include/tier4_perception_msgs/tier4_perception_msgs/msg/detail/detected_objects_with_feature__builder.hpp
[62.652s] -- Symlinking: /home/sws/autoware/install/tier4_perception_msgs/include/tier4_perception_msgs/tier4_perception_msgs/msg/detail/detected_objects_with_feature__struct.hpp
[62.652s] -- Symlinking: /home/sws/autoware/install/tier4_perception_msgs/include/tier4_perception_msgs/tier4_perception_msgs/msg/detail/detected_objects_with_feature__traits.hpp
[62.652s] -- Symlinking: /home/sws/autoware/install/tier4_perception_msgs/include/tier4_perception_msgs/tier4_perception_msgs/msg/detail/dynamic_object__builder.hpp
[62.652s] -- Symlinking: /home/sws/autoware/install/tier4_perception_msgs/include/tier4_perception_msgs/tier4_perception_msgs/msg/detail/dynamic_object__struct.hpp
[62.652s] -- Symlinking: /home/sws/autoware/install/tier4_perception_msgs/include/tier4_perception_msgs/tier4_perception_msgs/msg/detail/dynamic_object__traits.hpp
[62.652s] -- Symlinking: /home/sws/autoware/install/tier4_perception_msgs/include/tier4_perception_msgs/tier4_perception_msgs/msg/detail/dynamic_object_array__builder.hpp
[62.660s] -- Symlinking: /home/sws/autoware/install/tier4_perception_msgs/include/tier4_perception_msgs/tier4_perception_msgs/msg/detail/dynamic_object_array__struct.hpp
[62.660s] -- Symlinking: /home/sws/autoware/install/tier4_perception_msgs/include/tier4_perception_msgs/tier4_perception_msgs/msg/detail/dynamic_object_array__traits.hpp
[62.660s] -- Symlinking: /home/sws/autoware/install/tier4_perception_msgs/include/tier4_perception_msgs/tier4_perception_msgs/msg/detail/feature__builder.hpp
[62.660s] -- Symlinking: /home/sws/autoware/install/tier4_perception_msgs/include/tier4_perception_msgs/tier4_perception_msgs/msg/detail/feature__struct.hpp
[62.661s] -- Symlinking: /home/sws/autoware/install/tier4_perception_msgs/include/tier4_perception_msgs/tier4_perception_msgs/msg/detail/feature__traits.hpp
[62.661s] -- Symlinking: /home/sws/autoware/install/tier4_perception_msgs/include/tier4_perception_msgs/tier4_perception_msgs/msg/detail/predicted_path__builder.hpp
[62.661s] -- Symlinking: /home/sws/autoware/install/tier4_perception_msgs/include/tier4_perception_msgs/tier4_perception_msgs/msg/detail/predicted_path__struct.hpp
[62.661s] -- Symlinking: /home/sws/autoware/install/tier4_perception_msgs/include/tier4_perception_msgs/tier4_perception_msgs/msg/detail/predicted_path__traits.hpp
[62.661s] -- Symlinking: /home/sws/autoware/install/tier4_perception_msgs/include/tier4_perception_msgs/tier4_perception_msgs/msg/detail/semantic__builder.hpp
[62.661s] -- Symlinking: /home/sws/autoware/install/tier4_perception_msgs/include/tier4_perception_msgs/tier4_perception_msgs/msg/detail/semantic__struct.hpp
[62.661s] -- Symlinking: /home/sws/autoware/install/tier4_perception_msgs/include/tier4_perception_msgs/tier4_perception_msgs/msg/detail/semantic__traits.hpp
[62.661s] -- Symlinking: /home/sws/autoware/install/tier4_perception_msgs/include/tier4_perception_msgs/tier4_perception_msgs/msg/detail/shape__builder.hpp
[62.661s] -- Symlinking: /home/sws/autoware/install/tier4_perception_msgs/include/tier4_perception_msgs/tier4_perception_msgs/msg/detail/shape__struct.hpp
[62.662s] -- Symlinking: /home/sws/autoware/install/tier4_perception_msgs/include/tier4_perception_msgs/tier4_perception_msgs/msg/detail/shape__traits.hpp
[62.662s] -- Symlinking: /home/sws/autoware/install/tier4_perception_msgs/include/tier4_perception_msgs/tier4_perception_msgs/msg/detail/state__builder.hpp
[62.662s] -- Symlinking: /home/sws/autoware/install/tier4_perception_msgs/include/tier4_perception_msgs/tier4_perception_msgs/msg/detail/state__struct.hpp
[62.662s] -- Symlinking: /home/sws/autoware/install/tier4_perception_msgs/include/tier4_perception_msgs/tier4_perception_msgs/msg/detail/state__traits.hpp
[62.662s] -- Symlinking: /home/sws/autoware/install/tier4_perception_msgs/include/tier4_perception_msgs/tier4_perception_msgs/msg/detected_object_with_feature.hpp
[62.663s] -- Symlinking: /home/sws/autoware/install/tier4_perception_msgs/include/tier4_perception_msgs/tier4_perception_msgs/msg/detected_objects_with_feature.hpp
[62.663s] -- Symlinking: /home/sws/autoware/install/tier4_perception_msgs/include/tier4_perception_msgs/tier4_perception_msgs/msg/dynamic_object.hpp
[62.663s] -- Symlinking: /home/sws/autoware/install/tier4_perception_msgs/include/tier4_perception_msgs/tier4_perception_msgs/msg/dynamic_object_array.hpp
[62.663s] -- Symlinking: /home/sws/autoware/install/tier4_perception_msgs/include/tier4_perception_msgs/tier4_perception_msgs/msg/feature.hpp
[62.664s] -- Symlinking: /home/sws/autoware/install/tier4_perception_msgs/include/tier4_perception_msgs/tier4_perception_msgs/msg/predicted_path.hpp
[62.664s] -- Symlinking: /home/sws/autoware/install/tier4_perception_msgs/include/tier4_perception_msgs/tier4_perception_msgs/msg/semantic.hpp
[62.664s] -- Symlinking: /home/sws/autoware/install/tier4_perception_msgs/include/tier4_perception_msgs/tier4_perception_msgs/msg/shape.hpp
[62.664s] -- Symlinking: /home/sws/autoware/install/tier4_perception_msgs/include/tier4_perception_msgs/tier4_perception_msgs/msg/state.hpp
[62.664s] -- Symlinking: /home/sws/autoware/install/tier4_perception_msgs/include/tier4_perception_msgs/tier4_perception_msgs/msg/detail/detected_object_with_feature__rosidl_typesupport_fastrtps_cpp.hpp
[62.664s] -- Symlinking: /home/sws/autoware/install/tier4_perception_msgs/include/tier4_perception_msgs/tier4_perception_msgs/msg/detail/detected_objects_with_feature__rosidl_typesupport_fastrtps_cpp.hpp
[62.664s] -- Symlinking: /home/sws/autoware/install/tier4_perception_msgs/include/tier4_perception_msgs/tier4_perception_msgs/msg/detail/dynamic_object__rosidl_typesupport_fastrtps_cpp.hpp
[62.664s] -- Symlinking: /home/sws/autoware/install/tier4_perception_msgs/include/tier4_perception_msgs/tier4_perception_msgs/msg/detail/dynamic_object_array__rosidl_typesupport_fastrtps_cpp.hpp
[62.664s] -- Symlinking: /home/sws/autoware/install/tier4_perception_msgs/include/tier4_perception_msgs/tier4_perception_msgs/msg/detail/feature__rosidl_typesupport_fastrtps_cpp.hpp
[62.664s] -- Symlinking: /home/sws/autoware/install/tier4_perception_msgs/include/tier4_perception_msgs/tier4_perception_msgs/msg/detail/predicted_path__rosidl_typesupport_fastrtps_cpp.hpp
[62.664s] -- Symlinking: /home/sws/autoware/install/tier4_perception_msgs/include/tier4_perception_msgs/tier4_perception_msgs/msg/detail/semantic__rosidl_typesupport_fastrtps_cpp.hpp
[62.665s] -- Symlinking: /home/sws/autoware/install/tier4_perception_msgs/include/tier4_perception_msgs/tier4_perception_msgs/msg/detail/shape__rosidl_typesupport_fastrtps_cpp.hpp
[62.665s] -- Symlinking: /home/sws/autoware/install/tier4_perception_msgs/include/tier4_perception_msgs/tier4_perception_msgs/msg/detail/state__rosidl_typesupport_fastrtps_cpp.hpp
[62.665s] -- Symlinking: /home/sws/autoware/install/tier4_perception_msgs/include/tier4_perception_msgs/tier4_perception_msgs/msg/rosidl_typesupport_fastrtps_cpp__visibility_control.h
[62.666s] -- Symlinking: /home/sws/autoware/install/tier4_perception_msgs/include/tier4_perception_msgs/tier4_perception_msgs/msg/detail/detected_object_with_feature__rosidl_typesupport_introspection_cpp.hpp
[62.666s] -- Symlinking: /home/sws/autoware/install/tier4_perception_msgs/include/tier4_perception_msgs/tier4_perception_msgs/msg/detail/detected_objects_with_feature__rosidl_typesupport_introspection_cpp.hpp
[62.667s] -- Symlinking: /home/sws/autoware/install/tier4_perception_msgs/include/tier4_perception_msgs/tier4_perception_msgs/msg/detail/dynamic_object__rosidl_typesupport_introspection_cpp.hpp
[62.668s] -- Symlinking: /home/sws/autoware/install/tier4_perception_msgs/include/tier4_perception_msgs/tier4_perception_msgs/msg/detail/dynamic_object_array__rosidl_typesupport_introspection_cpp.hpp
[62.682s] -- Symlinking: /home/sws/autoware/install/tier4_perception_msgs/include/tier4_perception_msgs/tier4_perception_msgs/msg/detail/feature__rosidl_typesupport_introspection_cpp.hpp
[62.682s] -- Symlinking: /home/sws/autoware/install/tier4_perception_msgs/include/tier4_perception_msgs/tier4_perception_msgs/msg/detail/predicted_path__rosidl_typesupport_introspection_cpp.hpp
[62.682s] -- Symlinking: /home/sws/autoware/install/tier4_perception_msgs/include/tier4_perception_msgs/tier4_perception_msgs/msg/detail/semantic__rosidl_typesupport_introspection_cpp.hpp
[62.692s] -- Symlinking: /home/sws/autoware/install/tier4_perception_msgs/include/tier4_perception_msgs/tier4_perception_msgs/msg/detail/shape__rosidl_typesupport_introspection_cpp.hpp
[62.703s] -- Symlinking: /home/sws/autoware/install/tier4_perception_msgs/include/tier4_perception_msgs/tier4_perception_msgs/msg/detail/state__rosidl_typesupport_introspection_cpp.hpp
[62.715s] -- Symlinking: /home/sws/autoware/install/tier4_perception_msgs/share/tier4_perception_msgs/environment/pythonpath.sh
[62.727s] -- Symlinking: /home/sws/autoware/install/tier4_perception_msgs/share/tier4_perception_msgs/environment/pythonpath.dsv
[62.742s] -- Symlinking: /home/sws/autoware/install/tier4_perception_msgs/local/lib/python3.10/dist-packages/tier4_perception_msgs-0.1.0-py3.10.egg-info/PKG-INFO
[62.762s] -- Symlinking: /home/sws/autoware/install/tier4_perception_msgs/local/lib/python3.10/dist-packages/tier4_perception_msgs-0.1.0-py3.10.egg-info/SOURCES.txt
[62.782s] -- Symlinking: /home/sws/autoware/install/tier4_perception_msgs/local/lib/python3.10/dist-packages/tier4_perception_msgs-0.1.0-py3.10.egg-info/dependency_links.txt
[62.797s] -- Symlinking: /home/sws/autoware/install/tier4_perception_msgs/local/lib/python3.10/dist-packages/tier4_perception_msgs-0.1.0-py3.10.egg-info/top_level.txt
[62.809s] -- Symlinking: /home/sws/autoware/install/tier4_perception_msgs/local/lib/python3.10/dist-packages/tier4_perception_msgs/__init__.py
[62.820s] -- Symlinking: /home/sws/autoware/install/tier4_perception_msgs/local/lib/python3.10/dist-packages/tier4_perception_msgs/_tier4_perception_msgs_s.ep.rosidl_typesupport_c.c
[62.834s] -- Symlinking: /home/sws/autoware/install/tier4_perception_msgs/local/lib/python3.10/dist-packages/tier4_perception_msgs/_tier4_perception_msgs_s.ep.rosidl_typesupport_fastrtps_c.c
[62.845s] -- Symlinking: /home/sws/autoware/install/tier4_perception_msgs/local/lib/python3.10/dist-packages/tier4_perception_msgs/_tier4_perception_msgs_s.ep.rosidl_typesupport_introspection_c.c
[62.864s] -- Symlinking: /home/sws/autoware/install/tier4_perception_msgs/local/lib/python3.10/dist-packages/tier4_perception_msgs/libtier4_perception_msgs__rosidl_generator_py.so
[62.878s] -- Symlinking: /home/sws/autoware/install/tier4_perception_msgs/local/lib/python3.10/dist-packages/tier4_perception_msgs/msg/__init__.py
[62.898s] -- Symlinking: /home/sws/autoware/install/tier4_perception_msgs/local/lib/python3.10/dist-packages/tier4_perception_msgs/msg/_detected_object_with_feature.py
[62.932s] -- Symlinking: /home/sws/autoware/install/tier4_perception_msgs/local/lib/python3.10/dist-packages/tier4_perception_msgs/msg/_detected_object_with_feature_s.c
[62.966s] -- Symlinking: /home/sws/autoware/install/tier4_perception_msgs/local/lib/python3.10/dist-packages/tier4_perception_msgs/msg/_detected_objects_with_feature.py
[62.988s] -- Symlinking: /home/sws/autoware/install/tier4_perception_msgs/local/lib/python3.10/dist-packages/tier4_perception_msgs/msg/_detected_objects_with_feature_s.c
[63.021s] -- Symlinking: /home/sws/autoware/install/tier4_perception_msgs/local/lib/python3.10/dist-packages/tier4_perception_msgs/msg/_dynamic_object.py
[63.043s] -- Symlinking: /home/sws/autoware/install/tier4_perception_msgs/local/lib/python3.10/dist-packages/tier4_perception_msgs/msg/_dynamic_object_array.py
[63.064s] -- Symlinking: /home/sws/autoware/install/tier4_perception_msgs/local/lib/python3.10/dist-packages/tier4_perception_msgs/msg/_dynamic_object_array_s.c
[63.076s] -- Symlinking: /home/sws/autoware/install/tier4_perception_msgs/local/lib/python3.10/dist-packages/tier4_perception_msgs/msg/_dynamic_object_s.c
[63.088s] -- Symlinking: /home/sws/autoware/install/tier4_perception_msgs/local/lib/python3.10/dist-packages/tier4_perception_msgs/msg/_feature.py
[63.100s] -- Symlinking: /home/sws/autoware/install/tier4_perception_msgs/local/lib/python3.10/dist-packages/tier4_perception_msgs/msg/_feature_s.c
[63.112s] -- Symlinking: /home/sws/autoware/install/tier4_perception_msgs/local/lib/python3.10/dist-packages/tier4_perception_msgs/msg/_predicted_path.py
[63.145s] -- Symlinking: /home/sws/autoware/install/tier4_perception_msgs/local/lib/python3.10/dist-packages/tier4_perception_msgs/msg/_predicted_path_s.c
[63.157s] -- Symlinking: /home/sws/autoware/install/tier4_perception_msgs/local/lib/python3.10/dist-packages/tier4_perception_msgs/msg/_semantic.py
[63.169s] -- Symlinking: /home/sws/autoware/install/tier4_perception_msgs/local/lib/python3.10/dist-packages/tier4_perception_msgs/msg/_semantic_s.c
[63.183s] -- Symlinking: /home/sws/autoware/install/tier4_perception_msgs/local/lib/python3.10/dist-packages/tier4_perception_msgs/msg/_shape.py
[63.194s] -- Symlinking: /home/sws/autoware/install/tier4_perception_msgs/local/lib/python3.10/dist-packages/tier4_perception_msgs/msg/_shape_s.c
[63.208s] -- Symlinking: /home/sws/autoware/install/tier4_perception_msgs/local/lib/python3.10/dist-packages/tier4_perception_msgs/msg/_state.py
[63.220s] -- Symlinking: /home/sws/autoware/install/tier4_perception_msgs/local/lib/python3.10/dist-packages/tier4_perception_msgs/msg/_state_s.c
[63.242s] -- Symlinking: /home/sws/autoware/install/tier4_perception_msgs/local/lib/python3.10/dist-packages/tier4_perception_msgs/tier4_perception_msgs_s__rosidl_typesupport_c.cpython-310-x86_64-linux-gnu.so
[63.254s] -- Symlinking: /home/sws/autoware/install/tier4_perception_msgs/local/lib/python3.10/dist-packages/tier4_perception_msgs/tier4_perception_msgs_s__rosidl_typesupport_fastrtps_c.cpython-310-x86_64-linux-gnu.so
[63.269s] -- Symlinking: /home/sws/autoware/install/tier4_perception_msgs/local/lib/python3.10/dist-packages/tier4_perception_msgs/tier4_perception_msgs_s__rosidl_typesupport_introspection_c.cpython-310-x86_64-linux-gnu.so
[63.282s] -- Up-to-date symlink: /home/sws/autoware/install/tier4_perception_msgs/local/lib/python3.10/dist-packages/tier4_perception_msgs/tier4_perception_msgs_s__rosidl_typesupport_fastrtps_c.cpython-310-x86_64-linux-gnu.so
[63.282s] -- Up-to-date symlink: /home/sws/autoware/install/tier4_perception_msgs/local/lib/python3.10/dist-packages/tier4_perception_msgs/tier4_perception_msgs_s__rosidl_typesupport_introspection_c.cpython-310-x86_64-linux-gnu.so
[63.283s] -- Up-to-date symlink: /home/sws/autoware/install/tier4_perception_msgs/local/lib/python3.10/dist-packages/tier4_perception_msgs/tier4_perception_msgs_s__rosidl_typesupport_c.cpython-310-x86_64-linux-gnu.so
[63.283s] -- Symlinking: /home/sws/autoware/install/tier4_perception_msgs/share/tier4_perception_msgs/msg/DetectedObjectWithFeature.idl
[63.296s] -- Symlinking: /home/sws/autoware/install/tier4_perception_msgs/share/tier4_perception_msgs/msg/DetectedObjectsWithFeature.idl
[63.313s] -- Symlinking: /home/sws/autoware/install/tier4_perception_msgs/share/tier4_perception_msgs/msg/DynamicObject.idl
[63.326s] -- Symlinking: /home/sws/autoware/install/tier4_perception_msgs/share/tier4_perception_msgs/msg/DynamicObjectArray.idl
[63.339s] -- Symlinking: /home/sws/autoware/install/tier4_perception_msgs/share/tier4_perception_msgs/msg/Feature.idl
[63.351s] -- Symlinking: /home/sws/autoware/install/tier4_perception_msgs/share/tier4_perception_msgs/msg/PredictedPath.idl
[63.362s] -- Symlinking: /home/sws/autoware/install/tier4_perception_msgs/share/tier4_perception_msgs/msg/Semantic.idl
[63.385s] -- Symlinking: /home/sws/autoware/install/tier4_perception_msgs/share/tier4_perception_msgs/msg/Shape.idl
[63.398s] -- Symlinking: /home/sws/autoware/install/tier4_perception_msgs/share/tier4_perception_msgs/msg/State.idl
[63.417s] -- Symlinking: /home/sws/autoware/install/tier4_perception_msgs/share/tier4_perception_msgs/object_recognition/DetectedObjectWithFeature.msg
[63.430s] -- Symlinking: /home/sws/autoware/install/tier4_perception_msgs/share/tier4_perception_msgs/object_recognition/DetectedObjectsWithFeature.msg
[63.442s] -- Symlinking: /home/sws/autoware/install/tier4_perception_msgs/share/tier4_perception_msgs/object_recognition/DynamicObject.msg
[63.454s] -- Symlinking: /home/sws/autoware/install/tier4_perception_msgs/share/tier4_perception_msgs/object_recognition/DynamicObjectArray.msg
[63.469s] -- Symlinking: /home/sws/autoware/install/tier4_perception_msgs/share/tier4_perception_msgs/object_recognition/Feature.msg
[63.482s] -- Symlinking: /home/sws/autoware/install/tier4_perception_msgs/share/tier4_perception_msgs/object_recognition/PredictedPath.msg
[63.496s] -- Symlinking: /home/sws/autoware/install/tier4_perception_msgs/share/tier4_perception_msgs/object_recognition/Semantic.msg
[63.509s] -- Symlinking: /home/sws/autoware/install/tier4_perception_msgs/share/tier4_perception_msgs/object_recognition/Shape.msg
[63.523s] -- Symlinking: /home/sws/autoware/install/tier4_perception_msgs/share/tier4_perception_msgs/object_recognition/State.msg
[63.536s] -- Symlinking: /home/sws/autoware/install/tier4_perception_msgs/share/ament_index/resource_index/package_run_dependencies/tier4_perception_msgs
[63.550s] -- Symlinking: /home/sws/autoware/install/tier4_perception_msgs/share/ament_index/resource_index/parent_prefix_path/tier4_perception_msgs
[63.563s] -- Symlinking: /home/sws/autoware/install/tier4_perception_msgs/share/tier4_perception_msgs/environment/ament_prefix_path.sh
[63.577s] -- Symlinking: /home/sws/autoware/install/tier4_perception_msgs/share/tier4_perception_msgs/environment/ament_prefix_path.dsv
[63.588s] -- Symlinking: /home/sws/autoware/install/tier4_perception_msgs/share/tier4_perception_msgs/environment/path.sh
[63.599s] -- Symlinking: /home/sws/autoware/install/tier4_perception_msgs/share/tier4_perception_msgs/environment/path.dsv
[63.616s] -- Symlinking: /home/sws/autoware/install/tier4_perception_msgs/share/tier4_perception_msgs/local_setup.bash
[63.629s] -- Symlinking: /home/sws/autoware/install/tier4_perception_msgs/share/tier4_perception_msgs/local_setup.sh
[63.641s] -- Symlinking: /home/sws/autoware/install/tier4_perception_msgs/share/tier4_perception_msgs/local_setup.zsh
[63.678s] -- Symlinking: /home/sws/autoware/install/tier4_perception_msgs/share/tier4_perception_msgs/local_setup.dsv
[63.691s] -- Symlinking: /home/sws/autoware/install/tier4_perception_msgs/share/tier4_perception_msgs/package.dsv
[63.703s] -- Symlinking: /home/sws/autoware/install/tier4_perception_msgs/share/ament_index/resource_index/packages/tier4_perception_msgs
[63.726s] -- Symlinking: /home/sws/autoware/install/tier4_perception_msgs/share/tier4_perception_msgs/cmake/rosidl_cmake-extras.cmake
[63.738s] -- Symlinking: /home/sws/autoware/install/tier4_perception_msgs/share/tier4_perception_msgs/cmake/ament_cmake_export_dependencies-extras.cmake
[63.751s] -- Symlinking: /home/sws/autoware/install/tier4_perception_msgs/share/tier4_perception_msgs/cmake/ament_cmake_export_include_directories-extras.cmake
[63.763s] -- Symlinking: /home/sws/autoware/install/tier4_perception_msgs/share/tier4_perception_msgs/cmake/ament_cmake_export_libraries-extras.cmake
[63.777s] -- Symlinking: /home/sws/autoware/install/tier4_perception_msgs/share/tier4_perception_msgs/cmake/ament_cmake_export_targets-extras.cmake
[63.788s] -- Symlinking: /home/sws/autoware/install/tier4_perception_msgs/share/tier4_perception_msgs/cmake/rosidl_cmake_export_typesupport_targets-extras.cmake
[63.799s] -- Symlinking: /home/sws/autoware/install/tier4_perception_msgs/share/tier4_perception_msgs/cmake/rosidl_cmake_export_typesupport_libraries-extras.cmake
[63.832s] -- Symlinking: /home/sws/autoware/install/tier4_perception_msgs/share/tier4_perception_msgs/cmake/tier4_perception_msgsConfig.cmake
[63.844s] -- Symlinking: /home/sws/autoware/install/tier4_perception_msgs/share/tier4_perception_msgs/cmake/tier4_perception_msgsConfig-version.cmake
[63.859s] -- Symlinking: /home/sws/autoware/install/tier4_perception_msgs/share/tier4_perception_msgs/package.xml
[63.872s] -- Installing: /home/sws/autoware/install/tier4_perception_msgs/lib/libtier4_perception_msgs__rosidl_generator_c.so
[63.872s] -- Set runtime path of "/home/sws/autoware/install/tier4_perception_msgs/lib/libtier4_perception_msgs__rosidl_generator_c.so" to ""
[63.872s] -- Installing: /home/sws/autoware/install/tier4_perception_msgs/lib/libtier4_perception_msgs__rosidl_typesupport_fastrtps_c.so
[63.873s] -- Set runtime path of "/home/sws/autoware/install/tier4_perception_msgs/lib/libtier4_perception_msgs__rosidl_typesupport_fastrtps_c.so" to ""
[63.873s] -- Installing: /home/sws/autoware/install/tier4_perception_msgs/lib/libtier4_perception_msgs__rosidl_typesupport_introspection_c.so
[63.874s] -- Set runtime path of "/home/sws/autoware/install/tier4_perception_msgs/lib/libtier4_perception_msgs__rosidl_typesupport_introspection_c.so" to ""
[63.874s] -- Installing: /home/sws/autoware/install/tier4_perception_msgs/lib/libtier4_perception_msgs__rosidl_typesupport_c.so
[63.875s] -- Set runtime path of "/home/sws/autoware/install/tier4_perception_msgs/lib/libtier4_perception_msgs__rosidl_typesupport_c.so" to ""
[63.875s] -- Installing: /home/sws/autoware/install/tier4_perception_msgs/lib/libtier4_perception_msgs__rosidl_typesupport_fastrtps_cpp.so
[63.876s] -- Set runtime path of "/home/sws/autoware/install/tier4_perception_msgs/lib/libtier4_perception_msgs__rosidl_typesupport_fastrtps_cpp.so" to ""
[63.876s] -- Installing: /home/sws/autoware/install/tier4_perception_msgs/lib/libtier4_perception_msgs__rosidl_typesupport_introspection_cpp.so
[63.876s] -- Set runtime path of "/home/sws/autoware/install/tier4_perception_msgs/lib/libtier4_perception_msgs__rosidl_typesupport_introspection_cpp.so" to ""
[63.876s] -- Installing: /home/sws/autoware/install/tier4_perception_msgs/lib/libtier4_perception_msgs__rosidl_typesupport_cpp.so
[63.876s] -- Set runtime path of "/home/sws/autoware/install/tier4_perception_msgs/lib/libtier4_perception_msgs__rosidl_typesupport_cpp.so" to ""
[63.956s] Listing '/home/sws/autoware/install/tier4_perception_msgs/local/lib/python3.10/dist-packages/tier4_perception_msgs'...
[63.957s] Compiling '/home/sws/autoware/install/tier4_perception_msgs/local/lib/python3.10/dist-packages/tier4_perception_msgs/__init__.py'...
[63.957s] Listing '/home/sws/autoware/install/tier4_perception_msgs/local/lib/python3.10/dist-packages/tier4_perception_msgs/msg'...
[63.957s] Compiling '/home/sws/autoware/install/tier4_perception_msgs/local/lib/python3.10/dist-packages/tier4_perception_msgs/msg/__init__.py'...
[63.957s] Compiling '/home/sws/autoware/install/tier4_perception_msgs/local/lib/python3.10/dist-packages/tier4_perception_msgs/msg/_detected_object_with_feature.py'...
[63.957s] Compiling '/home/sws/autoware/install/tier4_perception_msgs/local/lib/python3.10/dist-packages/tier4_perception_msgs/msg/_detected_objects_with_feature.py'...
[63.957s] Compiling '/home/sws/autoware/install/tier4_perception_msgs/local/lib/python3.10/dist-packages/tier4_perception_msgs/msg/_dynamic_object.py'...
[63.957s] Compiling '/home/sws/autoware/install/tier4_perception_msgs/local/lib/python3.10/dist-packages/tier4_perception_msgs/msg/_dynamic_object_array.py'...
[63.957s] Compiling '/home/sws/autoware/install/tier4_perception_msgs/local/lib/python3.10/dist-packages/tier4_perception_msgs/msg/_feature.py'...
[63.958s] Compiling '/home/sws/autoware/install/tier4_perception_msgs/local/lib/python3.10/dist-packages/tier4_perception_msgs/msg/_predicted_path.py'...
[63.958s] Compiling '/home/sws/autoware/install/tier4_perception_msgs/local/lib/python3.10/dist-packages/tier4_perception_msgs/msg/_semantic.py'...
[63.958s] Compiling '/home/sws/autoware/install/tier4_perception_msgs/local/lib/python3.10/dist-packages/tier4_perception_msgs/msg/_shape.py'...
[63.958s] Compiling '/home/sws/autoware/install/tier4_perception_msgs/local/lib/python3.10/dist-packages/tier4_perception_msgs/msg/_state.py'...
[63.965s] -- Installing: /home/sws/autoware/install/tier4_perception_msgs/lib/libtier4_perception_msgs__rosidl_generator_py.so
[63.965s] -- Set runtime path of "/home/sws/autoware/install/tier4_perception_msgs/lib/libtier4_perception_msgs__rosidl_generator_py.so" to ""
[63.966s] -- Installing: /home/sws/autoware/install/tier4_perception_msgs/share/tier4_perception_msgs/cmake/export_tier4_perception_msgs__rosidl_generator_cExport.cmake
[63.966s] -- Installing: /home/sws/autoware/install/tier4_perception_msgs/share/tier4_perception_msgs/cmake/export_tier4_perception_msgs__rosidl_generator_cExport-release.cmake
[63.966s] -- Installing: /home/sws/autoware/install/tier4_perception_msgs/share/tier4_perception_msgs/cmake/export_tier4_perception_msgs__rosidl_typesupport_fastrtps_cExport.cmake
[63.966s] -- Installing: /home/sws/autoware/install/tier4_perception_msgs/share/tier4_perception_msgs/cmake/export_tier4_perception_msgs__rosidl_typesupport_fastrtps_cExport-release.cmake
[63.966s] -- Installing: /home/sws/autoware/install/tier4_perception_msgs/share/tier4_perception_msgs/cmake/tier4_perception_msgs__rosidl_typesupport_introspection_cExport.cmake
[63.966s] -- Installing: /home/sws/autoware/install/tier4_perception_msgs/share/tier4_perception_msgs/cmake/tier4_perception_msgs__rosidl_typesupport_introspection_cExport-release.cmake
[63.967s] -- Installing: /home/sws/autoware/install/tier4_perception_msgs/share/tier4_perception_msgs/cmake/tier4_perception_msgs__rosidl_typesupport_cExport.cmake
[63.967s] -- Installing: /home/sws/autoware/install/tier4_perception_msgs/share/tier4_perception_msgs/cmake/tier4_perception_msgs__rosidl_typesupport_cExport-release.cmake
[63.967s] -- Installing: /home/sws/autoware/install/tier4_perception_msgs/share/tier4_perception_msgs/cmake/export_tier4_perception_msgs__rosidl_generator_cppExport.cmake
[63.967s] -- Installing: /home/sws/autoware/install/tier4_perception_msgs/share/tier4_perception_msgs/cmake/export_tier4_perception_msgs__rosidl_typesupport_fastrtps_cppExport.cmake
[63.967s] -- Installing: /home/sws/autoware/install/tier4_perception_msgs/share/tier4_perception_msgs/cmake/export_tier4_perception_msgs__rosidl_typesupport_fastrtps_cppExport-release.cmake
[63.968s] -- Installing: /home/sws/autoware/install/tier4_perception_msgs/share/tier4_perception_msgs/cmake/tier4_perception_msgs__rosidl_typesupport_introspection_cppExport.cmake
[63.968s] -- Installing: /home/sws/autoware/install/tier4_perception_msgs/share/tier4_perception_msgs/cmake/tier4_perception_msgs__rosidl_typesupport_introspection_cppExport-release.cmake
[63.968s] -- Installing: /home/sws/autoware/install/tier4_perception_msgs/share/tier4_perception_msgs/cmake/tier4_perception_msgs__rosidl_typesupport_cppExport.cmake
[63.968s] -- Installing: /home/sws/autoware/install/tier4_perception_msgs/share/tier4_perception_msgs/cmake/tier4_perception_msgs__rosidl_typesupport_cppExport-release.cmake
[63.968s] -- Installing: /home/sws/autoware/install/tier4_perception_msgs/share/tier4_perception_msgs/cmake/export_tier4_perception_msgs__rosidl_generator_pyExport.cmake
[63.969s] -- Installing: /home/sws/autoware/install/tier4_perception_msgs/share/tier4_perception_msgs/cmake/export_tier4_perception_msgs__rosidl_generator_pyExport-release.cmake
[63.986s] Invoked command in '/home/sws/autoware/build/tier4_perception_msgs' returned '0': AMENT_PREFIX_PATH=/home/sws/autoware/install/autoware_auto_perception_msgs:/home/sws/autoware/install/autoware_auto_geometry_msgs:${AMENT_PREFIX_PATH} CMAKE_PREFIX_PATH=/home/sws/autoware/install/autoware_auto_perception_msgs:/home/sws/autoware/install/autoware_auto_geometry_msgs:/opt/ros/humble LD_LIBRARY_PATH=/home/sws/autoware/install/autoware_auto_perception_msgs/lib:/home/sws/autoware/install/autoware_auto_geometry_msgs/lib:${LD_LIBRARY_PATH} PYTHONPATH=/home/sws/autoware/install/autoware_auto_perception_msgs/local/lib/python3.10/dist-packages:/home/sws/autoware/install/autoware_auto_geometry_msgs/local/lib/python3.10/dist-packages:${PYTHONPATH} /usr/bin/cmake --install /home/sws/autoware/build/tier4_perception_msgs
