[0.013s] Invoking command in '/home/sws/autoware/build/tier4_api_utils': AMENT_PREFIX_PATH=/home/sws/autoware/install/autoware_cmake:/home/sws/autoware/install/tier4_external_api_msgs:/home/sws/autoware/install/autoware_lint_common:${AMENT_PREFIX_PATH} CMAKE_PREFIX_PATH=/home/sws/autoware/install/autoware_cmake:/home/sws/autoware/install/tier4_external_api_msgs:/home/sws/autoware/install/autoware_lint_common:/opt/ros/humble LD_LIBRARY_PATH=/home/sws/autoware/install/tier4_external_api_msgs/lib:${LD_LIBRARY_PATH} PYTHONPATH=/home/sws/autoware/install/tier4_external_api_msgs/local/lib/python3.10/dist-packages:${PYTHONPATH} /usr/bin/cmake /home/sws/autoware/src/universe/autoware.universe/common/tier4_api_utils -DCMAKE_BUILD_TYPE=Release -DAMENT_CMAKE_SYMLINK_INSTALL=1 -DCMAKE_INSTALL_PREFIX=/home/sws/autoware/install/tier4_api_utils
[9.140s] -- The C compiler identification is GNU 11.3.0
[9.141s] -- The CXX compiler identification is GNU 11.3.0
[9.141s] -- Detecting C compiler ABI info
[9.141s] -- Detecting C compiler ABI info - done
[9.141s] -- Check for working C compiler: /usr/bin/cc - skipped
[9.141s] -- Detecting C compile features
[9.141s] -- Detecting C compile features - done
[9.141s] -- Detecting CXX compiler ABI info
[9.141s] -- Detecting CXX compiler ABI info - done
[9.141s] -- Check for working CXX compiler: /usr/bin/c++ - skipped
[9.141s] -- Detecting CXX compile features
[9.141s] -- Detecting CXX compile features - done
[9.141s] -- Found autoware_cmake: 0.1.0 (/home/sws/autoware/install/autoware_cmake/share/autoware_cmake/cmake)
[9.141s] -- Found Python3: /usr/bin/python3.10 (found version "3.10.6") found components: Interpreter 
[9.142s] -- Override CMake install command with custom implementation using symlinks instead of copying resources
[9.142s] -- Found rosidl_generator_c: 3.1.4 (/opt/ros/humble/share/rosidl_generator_c/cmake)
[9.142s] -- Found rosidl_adapter: 3.1.4 (/opt/ros/humble/share/rosidl_adapter/cmake)
[9.142s] -- Found rosidl_generator_cpp: 3.1.4 (/opt/ros/humble/share/rosidl_generator_cpp/cmake)
[9.142s] -- Using all available rosidl_typesupport_c: rosidl_typesupport_fastrtps_c;rosidl_typesupport_introspection_c
[9.142s] -- Using all available rosidl_typesupport_cpp: rosidl_typesupport_fastrtps_cpp;rosidl_typesupport_introspection_cpp
[9.142s] -- Found rmw_implementation_cmake: 6.1.1 (/opt/ros/humble/share/rmw_implementation_cmake/cmake)
[9.142s] -- Found rmw_fastrtps_cpp: 6.2.2 (/opt/ros/humble/share/rmw_fastrtps_cpp/cmake)
[9.142s] -- Found OpenSSL: /usr/lib/x86_64-linux-gnu/libcrypto.so (found version "3.0.2")  
[9.142s] -- Found FastRTPS: /opt/ros/humble/include  
[9.142s] -- Using RMW implementation 'rmw_fastrtps_cpp' as default
[9.143s] -- Looking for pthread.h
[9.143s] -- Looking for pthread.h - found
[9.143s] -- Performing Test CMAKE_HAVE_LIBC_PTHREAD
[9.143s] -- Performing Test CMAKE_HAVE_LIBC_PTHREAD - Success
[9.143s] -- Found Threads: TRUE  
[9.143s] -- Found ament_lint_auto: 0.12.5 (/opt/ros/humble/share/ament_lint_auto/cmake)
[9.143s] -- Found gtest sources under '/opt/ros/humble/src/gtest_vendor': C++ tests using 'Google Test' will be built
[9.143s] -- Added test 'copyright' to check source files copyright and LICENSE
[9.143s] -- Added test 'cppcheck' to perform static code analysis on C / C++ code
[9.143s] -- Configured cppcheck include dirs: /home/sws/autoware/src/universe/autoware.universe/common/tier4_api_utils/include
[9.144s] -- Configured cppcheck exclude dirs and/or files: 
[9.145s] -- Added test 'lint_cmake' to check CMake code style
[9.145s] -- Added test 'xmllint' to check XML markup files
[9.145s] -- Configuring done
[9.145s] -- Generating done
[9.145s] -- Build files have been written to: /home/sws/autoware/build/tier4_api_utils
[9.158s] Invoked command in '/home/sws/autoware/build/tier4_api_utils' returned '0': AMENT_PREFIX_PATH=/home/sws/autoware/install/autoware_cmake:/home/sws/autoware/install/tier4_external_api_msgs:/home/sws/autoware/install/autoware_lint_common:${AMENT_PREFIX_PATH} CMAKE_PREFIX_PATH=/home/sws/autoware/install/autoware_cmake:/home/sws/autoware/install/tier4_external_api_msgs:/home/sws/autoware/install/autoware_lint_common:/opt/ros/humble LD_LIBRARY_PATH=/home/sws/autoware/install/tier4_external_api_msgs/lib:${LD_LIBRARY_PATH} PYTHONPATH=/home/sws/autoware/install/tier4_external_api_msgs/local/lib/python3.10/dist-packages:${PYTHONPATH} /usr/bin/cmake /home/sws/autoware/src/universe/autoware.universe/common/tier4_api_utils -DCMAKE_BUILD_TYPE=Release -DAMENT_CMAKE_SYMLINK_INSTALL=1 -DCMAKE_INSTALL_PREFIX=/home/sws/autoware/install/tier4_api_utils
[9.165s] Invoking command in '/home/sws/autoware/build/tier4_api_utils': AMENT_PREFIX_PATH=/home/sws/autoware/install/autoware_cmake:/home/sws/autoware/install/tier4_external_api_msgs:/home/sws/autoware/install/autoware_lint_common:${AMENT_PREFIX_PATH} CMAKE_PREFIX_PATH=/home/sws/autoware/install/autoware_cmake:/home/sws/autoware/install/tier4_external_api_msgs:/home/sws/autoware/install/autoware_lint_common:/opt/ros/humble LD_LIBRARY_PATH=/home/sws/autoware/install/tier4_external_api_msgs/lib:${LD_LIBRARY_PATH} PYTHONPATH=/home/sws/autoware/install/tier4_external_api_msgs/local/lib/python3.10/dist-packages:${PYTHONPATH} /usr/bin/cmake --build /home/sws/autoware/build/tier4_api_utils -- -j16 -l16
[9.920s] [ 16%] [32mBuilding CXX object gtest/CMakeFiles/gtest.dir/src/gtest-all.cc.o[0m
[9.920s] [ 33%] [32mBuilding CXX object gtest/CMakeFiles/gtest_main.dir/src/gtest_main.cc.o[0m
[11.075s] [ 50%] [32m[1mLinking CXX static library libgtest_main.a[0m
[11.178s] [ 50%] Built target gtest_main
[23.001s] [ 66%] [32m[1mLinking CXX static library libgtest.a[0m
[23.092s] [ 66%] Built target gtest
[23.119s] [ 83%] [32mBuilding CXX object CMakeFiles/tier4_api_utils_test.dir/test/test.cpp.o[0m
[29.055s] [100%] [32m[1mLinking CXX executable tier4_api_utils_test[0m
[29.259s] [100%] Built target tier4_api_utils_test
[29.276s] Invoked command in '/home/sws/autoware/build/tier4_api_utils' returned '0': AMENT_PREFIX_PATH=/home/sws/autoware/install/autoware_cmake:/home/sws/autoware/install/tier4_external_api_msgs:/home/sws/autoware/install/autoware_lint_common:${AMENT_PREFIX_PATH} CMAKE_PREFIX_PATH=/home/sws/autoware/install/autoware_cmake:/home/sws/autoware/install/tier4_external_api_msgs:/home/sws/autoware/install/autoware_lint_common:/opt/ros/humble LD_LIBRARY_PATH=/home/sws/autoware/install/tier4_external_api_msgs/lib:${LD_LIBRARY_PATH} PYTHONPATH=/home/sws/autoware/install/tier4_external_api_msgs/local/lib/python3.10/dist-packages:${PYTHONPATH} /usr/bin/cmake --build /home/sws/autoware/build/tier4_api_utils -- -j16 -l16
[29.309s] Invoking command in '/home/sws/autoware/build/tier4_api_utils': AMENT_PREFIX_PATH=/home/sws/autoware/install/autoware_cmake:/home/sws/autoware/install/tier4_external_api_msgs:/home/sws/autoware/install/autoware_lint_common:${AMENT_PREFIX_PATH} CMAKE_PREFIX_PATH=/home/sws/autoware/install/autoware_cmake:/home/sws/autoware/install/tier4_external_api_msgs:/home/sws/autoware/install/autoware_lint_common:/opt/ros/humble LD_LIBRARY_PATH=/home/sws/autoware/install/tier4_external_api_msgs/lib:${LD_LIBRARY_PATH} PYTHONPATH=/home/sws/autoware/install/tier4_external_api_msgs/local/lib/python3.10/dist-packages:${PYTHONPATH} /usr/bin/cmake --install /home/sws/autoware/build/tier4_api_utils
[32.335s] -- Install configuration: "Release"
[32.336s] -- Execute custom install script
[32.341s] -- Symlinking: /home/sws/autoware/install/tier4_api_utils/include/tier4_api_utils/rclcpp/client.hpp
[32.341s] -- Symlinking: /home/sws/autoware/install/tier4_api_utils/include/tier4_api_utils/rclcpp/proxy.hpp
[32.342s] -- Symlinking: /home/sws/autoware/install/tier4_api_utils/include/tier4_api_utils/rclcpp/service.hpp
[32.342s] -- Symlinking: /home/sws/autoware/install/tier4_api_utils/include/tier4_api_utils/tier4_api_utils.hpp
[32.342s] -- Symlinking: /home/sws/autoware/install/tier4_api_utils/include/tier4_api_utils/types/response.hpp
[32.342s] -- Symlinking: /home/sws/autoware/install/tier4_api_utils/share/ament_index/resource_index/package_run_dependencies/tier4_api_utils
[32.342s] -- Symlinking: /home/sws/autoware/install/tier4_api_utils/share/ament_index/resource_index/parent_prefix_path/tier4_api_utils
[32.342s] -- Symlinking: /home/sws/autoware/install/tier4_api_utils/share/tier4_api_utils/environment/ament_prefix_path.sh
[32.342s] -- Symlinking: /home/sws/autoware/install/tier4_api_utils/share/tier4_api_utils/environment/ament_prefix_path.dsv
[32.342s] -- Symlinking: /home/sws/autoware/install/tier4_api_utils/share/tier4_api_utils/environment/path.sh
[32.342s] -- Symlinking: /home/sws/autoware/install/tier4_api_utils/share/tier4_api_utils/environment/path.dsv
[32.342s] -- Symlinking: /home/sws/autoware/install/tier4_api_utils/share/tier4_api_utils/local_setup.bash
[32.343s] -- Symlinking: /home/sws/autoware/install/tier4_api_utils/share/tier4_api_utils/local_setup.sh
[32.343s] -- Symlinking: /home/sws/autoware/install/tier4_api_utils/share/tier4_api_utils/local_setup.zsh
[32.343s] -- Symlinking: /home/sws/autoware/install/tier4_api_utils/share/tier4_api_utils/local_setup.dsv
[32.343s] -- Symlinking: /home/sws/autoware/install/tier4_api_utils/share/tier4_api_utils/package.dsv
[32.343s] -- Symlinking: /home/sws/autoware/install/tier4_api_utils/share/ament_index/resource_index/packages/tier4_api_utils
[32.343s] -- Symlinking: /home/sws/autoware/install/tier4_api_utils/share/tier4_api_utils/cmake/ament_cmake_export_dependencies-extras.cmake
[32.343s] -- Symlinking: /home/sws/autoware/install/tier4_api_utils/share/tier4_api_utils/cmake/ament_cmake_export_include_directories-extras.cmake
[32.343s] -- Symlinking: /home/sws/autoware/install/tier4_api_utils/share/tier4_api_utils/cmake/tier4_api_utilsConfig.cmake
[32.343s] -- Symlinking: /home/sws/autoware/install/tier4_api_utils/share/tier4_api_utils/cmake/tier4_api_utilsConfig-version.cmake
[32.343s] -- Symlinking: /home/sws/autoware/install/tier4_api_utils/share/tier4_api_utils/package.xml
[32.353s] Invoked command in '/home/sws/autoware/build/tier4_api_utils' returned '0': AMENT_PREFIX_PATH=/home/sws/autoware/install/autoware_cmake:/home/sws/autoware/install/tier4_external_api_msgs:/home/sws/autoware/install/autoware_lint_common:${AMENT_PREFIX_PATH} CMAKE_PREFIX_PATH=/home/sws/autoware/install/autoware_cmake:/home/sws/autoware/install/tier4_external_api_msgs:/home/sws/autoware/install/autoware_lint_common:/opt/ros/humble LD_LIBRARY_PATH=/home/sws/autoware/install/tier4_external_api_msgs/lib:${LD_LIBRARY_PATH} PYTHONPATH=/home/sws/autoware/install/tier4_external_api_msgs/local/lib/python3.10/dist-packages:${PYTHONPATH} /usr/bin/cmake --install /home/sws/autoware/build/tier4_api_utils
