[0.129s] Invoking command in '/home/sws/autoware/build/compare_map_segmentation': AMENT_PREFIX_PATH=/home/sws/autoware/install/pointcloud_preprocessor:/home/sws/autoware/install/tier4_autoware_utils:/home/sws/autoware/install/lanelet2_extension:/home/sws/autoware/install/tier4_pcl_extensions:/home/sws/autoware/install/autoware_utils:/home/sws/autoware/install/autoware_point_types:/home/sws/autoware/install/autoware_auto_vehicle_msgs:/home/sws/autoware/install/autoware_planning_msgs:/home/sws/autoware/install/autoware_cmake:/home/sws/autoware/install/autoware_auto_planning_msgs:/home/sws/autoware/install/autoware_auto_perception_msgs:/home/sws/autoware/install/tier4_debug_msgs:/home/sws/autoware/install/autoware_map_msgs:/home/sws/autoware/install/autoware_lint_common:/home/sws/autoware/install/autoware_common_msgs:/home/sws/autoware/install/autoware_auto_mapping_msgs:/home/sws/autoware/install/autoware_auto_geometry_msgs:${AMENT_PREFIX_PATH} CMAKE_PREFIX_PATH=/home/sws/autoware/install/pointcloud_preprocessor:/home/sws/autoware/install/tier4_autoware_utils:/home/sws/autoware/install/lanelet2_extension:/home/sws/autoware/install/tier4_pcl_extensions:/home/sws/autoware/install/autoware_utils:/home/sws/autoware/install/autoware_point_types:/home/sws/autoware/install/autoware_auto_vehicle_msgs:/home/sws/autoware/install/autoware_planning_msgs:/home/sws/autoware/install/autoware_cmake:/home/sws/autoware/install/autoware_auto_planning_msgs:/home/sws/autoware/install/autoware_auto_perception_msgs:/home/sws/autoware/install/tier4_debug_msgs:/home/sws/autoware/install/autoware_map_msgs:/home/sws/autoware/install/autoware_lint_common:/home/sws/autoware/install/autoware_common_msgs:/home/sws/autoware/install/autoware_auto_mapping_msgs:/home/sws/autoware/install/autoware_auto_geometry_msgs:/opt/ros/humble LD_LIBRARY_PATH=/home/sws/autoware/install/pointcloud_preprocessor/lib:/home/sws/autoware/install/tier4_autoware_utils/lib:/home/sws/autoware/install/lanelet2_extension/lib:/home/sws/autoware/install/tier4_pcl_extensions/lib:/home/sws/autoware/install/autoware_utils/lib:/home/sws/autoware/install/autoware_auto_vehicle_msgs/lib:/home/sws/autoware/install/autoware_planning_msgs/lib:/home/sws/autoware/install/autoware_auto_planning_msgs/lib:/home/sws/autoware/install/autoware_auto_perception_msgs/lib:/home/sws/autoware/install/tier4_debug_msgs/lib:/home/sws/autoware/install/autoware_map_msgs/lib:/home/sws/autoware/install/autoware_common_msgs/lib:/home/sws/autoware/install/autoware_auto_mapping_msgs/lib:/home/sws/autoware/install/autoware_auto_geometry_msgs/lib:${LD_LIBRARY_PATH} PYTHONPATH=/home/sws/autoware/install/autoware_auto_vehicle_msgs/local/lib/python3.10/dist-packages:/home/sws/autoware/install/autoware_planning_msgs/local/lib/python3.10/dist-packages:/home/sws/autoware/install/autoware_auto_planning_msgs/local/lib/python3.10/dist-packages:/home/sws/autoware/install/autoware_auto_perception_msgs/local/lib/python3.10/dist-packages:/home/sws/autoware/install/tier4_debug_msgs/local/lib/python3.10/dist-packages:/home/sws/autoware/install/autoware_map_msgs/local/lib/python3.10/dist-packages:/home/sws/autoware/install/autoware_common_msgs/local/lib/python3.10/dist-packages:/home/sws/autoware/install/autoware_auto_mapping_msgs/local/lib/python3.10/dist-packages:/home/sws/autoware/install/autoware_auto_geometry_msgs/local/lib/python3.10/dist-packages:${PYTHONPATH} /usr/bin/cmake /home/sws/autoware/src/universe/autoware.universe/perception/compare_map_segmentation -DCMAKE_BUILD_TYPE=Release -DAMENT_CMAKE_SYMLINK_INSTALL=1 -DCMAKE_INSTALL_PREFIX=/home/sws/autoware/install/compare_map_segmentation
[5.587s] -- The C compiler identification is GNU 11.3.0
[5.587s] -- The CXX compiler identification is GNU 11.3.0
[5.587s] -- Detecting C compiler ABI info
[5.587s] -- Detecting C compiler ABI info - done
[5.588s] -- Check for working C compiler: /usr/bin/cc - skipped
[5.588s] -- Detecting C compile features
[5.588s] -- Detecting C compile features - done
[5.588s] -- Detecting CXX compiler ABI info
[5.588s] -- Detecting CXX compiler ABI info - done
[5.588s] -- Check for working CXX compiler: /usr/bin/c++ - skipped
[5.588s] -- Detecting CXX compile features
[5.588s] -- Detecting CXX compile features - done
[5.588s] -- Found autoware_cmake: 0.1.0 (/home/sws/autoware/install/autoware_cmake/share/autoware_cmake/cmake)
[5.588s] -- Found Python3: /usr/bin/python3.10 (found version "3.10.6") found components: Interpreter 
[5.588s] -- Override CMake install command with custom implementation using symlinks instead of copying resources
[5.588s] -- Found rosidl_generator_c: 3.1.4 (/opt/ros/humble/share/rosidl_generator_c/cmake)
[5.589s] -- Found rosidl_adapter: 3.1.4 (/opt/ros/humble/share/rosidl_adapter/cmake)
[5.589s] -- Found rosidl_generator_cpp: 3.1.4 (/opt/ros/humble/share/rosidl_generator_cpp/cmake)
[5.589s] -- Using all available rosidl_typesupport_c: rosidl_typesupport_fastrtps_c;rosidl_typesupport_introspection_c
[5.589s] -- Using all available rosidl_typesupport_cpp: rosidl_typesupport_fastrtps_cpp;rosidl_typesupport_introspection_cpp
[5.589s] -- Found rmw_implementation_cmake: 6.1.1 (/opt/ros/humble/share/rmw_implementation_cmake/cmake)
[5.589s] -- Found rmw_fastrtps_cpp: 6.2.2 (/opt/ros/humble/share/rmw_fastrtps_cpp/cmake)
[5.589s] -- Found OpenSSL: /usr/lib/x86_64-linux-gnu/libcrypto.so (found version "3.0.2")  
[5.589s] -- Found FastRTPS: /opt/ros/humble/include  
[5.589s] -- Using RMW implementation 'rmw_fastrtps_cpp' as default
[5.589s] -- Looking for pthread.h
[5.589s] -- Looking for pthread.h - found
[5.589s] -- Performing Test CMAKE_HAVE_LIBC_PTHREAD
[5.590s] -- Performing Test CMAKE_HAVE_LIBC_PTHREAD - Success
[5.590s] -- Found Threads: TRUE  
[5.666s] -- Found eigen3_cmake_module: 0.1.1 (/opt/ros/humble/share/eigen3_cmake_module/cmake)
[5.667s] -- Found Eigen3: TRUE (found version "3.4.0") 
[5.667s] -- Ensuring Eigen3 include directory is part of orocos-kdl CMake target
[6.023s] -- Checking for module 'eigen3'
[6.039s] --   Found eigen3, version 3.4.0
[6.076s] -- Found Eigen: /usr/include/eigen3 (Required is at least version "3.1") 
[6.076s] -- Eigen found (include: /usr/include/eigen3, version: 3.4.0)
[6.143s] -- Checking for module 'flann'
[6.161s] --   Found flann, version 1.9.1
[6.212s] -- Found FLANN: /usr/lib/x86_64-linux-gnu/libflann_cpp.so  
[6.212s] -- FLANN found (include: /usr/include, lib: /usr/lib/x86_64-linux-gnu/libflann_cpp.so)
[7.440s] -- Checking for module 'libusb-1.0'
[7.488s] --   Found libusb-1.0, version 1.0.25
[7.565s] -- Found libusb: /usr/lib/x86_64-linux-gnu/libusb-1.0.so  
[7.567s] -- OpenNI found (version: 1.5.4.0, include: /usr/include/ni, lib: /usr/lib/libOpenNI.so;libusb::libusb)
[7.688s] -- OpenNI2 found (version: 2.2.0.33, include: /usr/include/openni2, lib: /usr/lib/x86_64-linux-gnu/libOpenNI2.so;libusb::libusb)
[7.943s] -- Eigen found (include: /usr/include/eigen3, version: 3.4.0)
[7.954s] -- OpenNI found (version: 1.5.4.0, include: /usr/include/ni, lib: /usr/lib/libOpenNI.so;libusb::libusb)
[7.966s] -- OpenNI2 found (version: 2.2.0.33, include: /usr/include/openni2, lib: /usr/lib/x86_64-linux-gnu/libOpenNI2.so;libusb::libusb)
[8.170s] -- Found Qhull version 8.0.2
[8.375s] -- OpenNI found (version: 1.5.4.0, include: /usr/include/ni, lib: /usr/lib/libOpenNI.so;libusb::libusb)
[8.643s] -- Found PCL_COMMON: /usr/lib/x86_64-linux-gnu/libpcl_common.so  
[8.645s] -- Found PCL_KDTREE: /usr/lib/x86_64-linux-gnu/libpcl_kdtree.so  
[8.646s] -- Found PCL_OCTREE: /usr/lib/x86_64-linux-gnu/libpcl_octree.so  
[8.649s] -- Found PCL_SEARCH: /usr/lib/x86_64-linux-gnu/libpcl_search.so  
[8.649s] -- Found PCL_SAMPLE_CONSENSUS: /usr/lib/x86_64-linux-gnu/libpcl_sample_consensus.so  
[8.651s] -- Found PCL_FILTERS: /usr/lib/x86_64-linux-gnu/libpcl_filters.so  
[8.652s] -- Found PCL_2D: /usr/include/pcl-1.12  
[8.652s] -- Found PCL_GEOMETRY: /usr/include/pcl-1.12  
[8.655s] -- Found PCL_IO: /usr/lib/x86_64-linux-gnu/libpcl_io.so  
[8.656s] -- Found PCL_FEATURES: /usr/lib/x86_64-linux-gnu/libpcl_features.so  
[8.658s] -- Found PCL_ML: /usr/lib/x86_64-linux-gnu/libpcl_ml.so  
[8.659s] -- Found PCL_SEGMENTATION: /usr/lib/x86_64-linux-gnu/libpcl_segmentation.so  
[8.663s] -- Found PCL_VISUALIZATION: /usr/lib/x86_64-linux-gnu/libpcl_visualization.so  
[8.663s] -- Found PCL_SURFACE: /usr/lib/x86_64-linux-gnu/libpcl_surface.so  
[8.666s] -- Found PCL_REGISTRATION: /usr/lib/x86_64-linux-gnu/libpcl_registration.so  
[8.666s] -- Found PCL_KEYPOINTS: /usr/lib/x86_64-linux-gnu/libpcl_keypoints.so  
[8.667s] -- Found PCL_TRACKING: /usr/lib/x86_64-linux-gnu/libpcl_tracking.so  
[8.669s] -- Found PCL_RECOGNITION: /usr/lib/x86_64-linux-gnu/libpcl_recognition.so  
[8.670s] -- Found PCL_STEREO: /usr/lib/x86_64-linux-gnu/libpcl_stereo.so  
[8.672s] -- Found PCL_APPS: /usr/lib/x86_64-linux-gnu/libpcl_apps.so  
[8.673s] -- Found PCL_IN_HAND_SCANNER: /usr/include/pcl-1.12  
[8.673s] -- Found PCL_MODELER: /usr/include/pcl-1.12  
[8.674s] -- Found PCL_POINT_CLOUD_EDITOR: /usr/include/pcl-1.12  
[8.676s] -- Found PCL_OUTOFCORE: /usr/lib/x86_64-linux-gnu/libpcl_outofcore.so  
[8.677s] -- Found PCL_PEOPLE: /usr/lib/x86_64-linux-gnu/libpcl_people.so  
[9.446s] -- Found mrt_cmake_modules: 1.0.9 (/opt/ros/humble/share/mrt_cmake_modules/cmake)
[9.568s] -- Found Boost: /usr/lib/x86_64-linux-gnu/cmake/Boost-1.74.0/BoostConfig.cmake (found version "1.74.0") found components: wserialization thread random serialization log_setup prg_exec_monitor wave system chrono filesystem locale timer date_time regex graph program_options unit_test_framework log atomic iostreams 
[10.026s] -- Found OpenMP_C: -fopenmp (found version "4.5") 
[10.189s] -- Found OpenMP_CXX: -fopenmp (found version "4.5") 
[10.190s] -- Found OpenMP: TRUE (found version "4.5")  
[10.208s] -- Found pugixml: /usr/lib/x86_64-linux-gnu/libpugixml.so  
[10.241s] -- Found PkgConfig: /usr/bin/pkg-config (found version "0.29.2") 
[10.246s] -- Found GeographicLib: /usr/lib/x86_64-linux-gnu/libGeographic.so  
[13.902s] -- Found ament_lint_auto: 0.12.5 (/opt/ros/humble/share/ament_lint_auto/cmake)
[13.910s] -- Found OpenCV: /usr (found version "4.5.4") 
[13.915s] -- Found Boost: /usr/lib/x86_64-linux-gnu/cmake/Boost-1.74.0/BoostConfig.cmake (found version "1.74.0")  
[13.929s] -- Found OpenMP_C: -fopenmp (found version "4.5") 
[13.930s] -- Found OpenMP_CXX: -fopenmp (found version "4.5") 
[18.599s] -- Added test 'copyright' to check source files copyright and LICENSE
[18.601s] -- Added test 'cppcheck' to perform static code analysis on C / C++ code
[18.602s] -- Configured cppcheck include dirs: /home/sws/autoware/src/universe/autoware.universe/perception/compare_map_segmentation/include
[18.602s] -- Configured cppcheck exclude dirs and/or files: 
[18.603s] -- Added test 'lint_cmake' to check CMake code style
[18.604s] -- Added test 'xmllint' to check XML markup files
[18.608s] -- Configuring done
[18.734s] -- Generating done
[18.741s] -- Build files have been written to: /home/sws/autoware/build/compare_map_segmentation
[18.773s] Invoked command in '/home/sws/autoware/build/compare_map_segmentation' returned '0': AMENT_PREFIX_PATH=/home/sws/autoware/install/pointcloud_preprocessor:/home/sws/autoware/install/tier4_autoware_utils:/home/sws/autoware/install/lanelet2_extension:/home/sws/autoware/install/tier4_pcl_extensions:/home/sws/autoware/install/autoware_utils:/home/sws/autoware/install/autoware_point_types:/home/sws/autoware/install/autoware_auto_vehicle_msgs:/home/sws/autoware/install/autoware_planning_msgs:/home/sws/autoware/install/autoware_cmake:/home/sws/autoware/install/autoware_auto_planning_msgs:/home/sws/autoware/install/autoware_auto_perception_msgs:/home/sws/autoware/install/tier4_debug_msgs:/home/sws/autoware/install/autoware_map_msgs:/home/sws/autoware/install/autoware_lint_common:/home/sws/autoware/install/autoware_common_msgs:/home/sws/autoware/install/autoware_auto_mapping_msgs:/home/sws/autoware/install/autoware_auto_geometry_msgs:${AMENT_PREFIX_PATH} CMAKE_PREFIX_PATH=/home/sws/autoware/install/pointcloud_preprocessor:/home/sws/autoware/install/tier4_autoware_utils:/home/sws/autoware/install/lanelet2_extension:/home/sws/autoware/install/tier4_pcl_extensions:/home/sws/autoware/install/autoware_utils:/home/sws/autoware/install/autoware_point_types:/home/sws/autoware/install/autoware_auto_vehicle_msgs:/home/sws/autoware/install/autoware_planning_msgs:/home/sws/autoware/install/autoware_cmake:/home/sws/autoware/install/autoware_auto_planning_msgs:/home/sws/autoware/install/autoware_auto_perception_msgs:/home/sws/autoware/install/tier4_debug_msgs:/home/sws/autoware/install/autoware_map_msgs:/home/sws/autoware/install/autoware_lint_common:/home/sws/autoware/install/autoware_common_msgs:/home/sws/autoware/install/autoware_auto_mapping_msgs:/home/sws/autoware/install/autoware_auto_geometry_msgs:/opt/ros/humble LD_LIBRARY_PATH=/home/sws/autoware/install/pointcloud_preprocessor/lib:/home/sws/autoware/install/tier4_autoware_utils/lib:/home/sws/autoware/install/lanelet2_extension/lib:/home/sws/autoware/install/tier4_pcl_extensions/lib:/home/sws/autoware/install/autoware_utils/lib:/home/sws/autoware/install/autoware_auto_vehicle_msgs/lib:/home/sws/autoware/install/autoware_planning_msgs/lib:/home/sws/autoware/install/autoware_auto_planning_msgs/lib:/home/sws/autoware/install/autoware_auto_perception_msgs/lib:/home/sws/autoware/install/tier4_debug_msgs/lib:/home/sws/autoware/install/autoware_map_msgs/lib:/home/sws/autoware/install/autoware_common_msgs/lib:/home/sws/autoware/install/autoware_auto_mapping_msgs/lib:/home/sws/autoware/install/autoware_auto_geometry_msgs/lib:${LD_LIBRARY_PATH} PYTHONPATH=/home/sws/autoware/install/autoware_auto_vehicle_msgs/local/lib/python3.10/dist-packages:/home/sws/autoware/install/autoware_planning_msgs/local/lib/python3.10/dist-packages:/home/sws/autoware/install/autoware_auto_planning_msgs/local/lib/python3.10/dist-packages:/home/sws/autoware/install/autoware_auto_perception_msgs/local/lib/python3.10/dist-packages:/home/sws/autoware/install/tier4_debug_msgs/local/lib/python3.10/dist-packages:/home/sws/autoware/install/autoware_map_msgs/local/lib/python3.10/dist-packages:/home/sws/autoware/install/autoware_common_msgs/local/lib/python3.10/dist-packages:/home/sws/autoware/install/autoware_auto_mapping_msgs/local/lib/python3.10/dist-packages:/home/sws/autoware/install/autoware_auto_geometry_msgs/local/lib/python3.10/dist-packages:${PYTHONPATH} /usr/bin/cmake /home/sws/autoware/src/universe/autoware.universe/perception/compare_map_segmentation -DCMAKE_BUILD_TYPE=Release -DAMENT_CMAKE_SYMLINK_INSTALL=1 -DCMAKE_INSTALL_PREFIX=/home/sws/autoware/install/compare_map_segmentation
[18.778s] Invoking command in '/home/sws/autoware/build/compare_map_segmentation': AMENT_PREFIX_PATH=/home/sws/autoware/install/pointcloud_preprocessor:/home/sws/autoware/install/tier4_autoware_utils:/home/sws/autoware/install/lanelet2_extension:/home/sws/autoware/install/tier4_pcl_extensions:/home/sws/autoware/install/autoware_utils:/home/sws/autoware/install/autoware_point_types:/home/sws/autoware/install/autoware_auto_vehicle_msgs:/home/sws/autoware/install/autoware_planning_msgs:/home/sws/autoware/install/autoware_cmake:/home/sws/autoware/install/autoware_auto_planning_msgs:/home/sws/autoware/install/autoware_auto_perception_msgs:/home/sws/autoware/install/tier4_debug_msgs:/home/sws/autoware/install/autoware_map_msgs:/home/sws/autoware/install/autoware_lint_common:/home/sws/autoware/install/autoware_common_msgs:/home/sws/autoware/install/autoware_auto_mapping_msgs:/home/sws/autoware/install/autoware_auto_geometry_msgs:${AMENT_PREFIX_PATH} CMAKE_PREFIX_PATH=/home/sws/autoware/install/pointcloud_preprocessor:/home/sws/autoware/install/tier4_autoware_utils:/home/sws/autoware/install/lanelet2_extension:/home/sws/autoware/install/tier4_pcl_extensions:/home/sws/autoware/install/autoware_utils:/home/sws/autoware/install/autoware_point_types:/home/sws/autoware/install/autoware_auto_vehicle_msgs:/home/sws/autoware/install/autoware_planning_msgs:/home/sws/autoware/install/autoware_cmake:/home/sws/autoware/install/autoware_auto_planning_msgs:/home/sws/autoware/install/autoware_auto_perception_msgs:/home/sws/autoware/install/tier4_debug_msgs:/home/sws/autoware/install/autoware_map_msgs:/home/sws/autoware/install/autoware_lint_common:/home/sws/autoware/install/autoware_common_msgs:/home/sws/autoware/install/autoware_auto_mapping_msgs:/home/sws/autoware/install/autoware_auto_geometry_msgs:/opt/ros/humble LD_LIBRARY_PATH=/home/sws/autoware/install/pointcloud_preprocessor/lib:/home/sws/autoware/install/tier4_autoware_utils/lib:/home/sws/autoware/install/lanelet2_extension/lib:/home/sws/autoware/install/tier4_pcl_extensions/lib:/home/sws/autoware/install/autoware_utils/lib:/home/sws/autoware/install/autoware_auto_vehicle_msgs/lib:/home/sws/autoware/install/autoware_planning_msgs/lib:/home/sws/autoware/install/autoware_auto_planning_msgs/lib:/home/sws/autoware/install/autoware_auto_perception_msgs/lib:/home/sws/autoware/install/tier4_debug_msgs/lib:/home/sws/autoware/install/autoware_map_msgs/lib:/home/sws/autoware/install/autoware_common_msgs/lib:/home/sws/autoware/install/autoware_auto_mapping_msgs/lib:/home/sws/autoware/install/autoware_auto_geometry_msgs/lib:${LD_LIBRARY_PATH} PYTHONPATH=/home/sws/autoware/install/autoware_auto_vehicle_msgs/local/lib/python3.10/dist-packages:/home/sws/autoware/install/autoware_planning_msgs/local/lib/python3.10/dist-packages:/home/sws/autoware/install/autoware_auto_planning_msgs/local/lib/python3.10/dist-packages:/home/sws/autoware/install/autoware_auto_perception_msgs/local/lib/python3.10/dist-packages:/home/sws/autoware/install/tier4_debug_msgs/local/lib/python3.10/dist-packages:/home/sws/autoware/install/autoware_map_msgs/local/lib/python3.10/dist-packages:/home/sws/autoware/install/autoware_common_msgs/local/lib/python3.10/dist-packages:/home/sws/autoware/install/autoware_auto_mapping_msgs/local/lib/python3.10/dist-packages:/home/sws/autoware/install/autoware_auto_geometry_msgs/local/lib/python3.10/dist-packages:${PYTHONPATH} /usr/bin/cmake --build /home/sws/autoware/build/compare_map_segmentation -- -j16 -l16
[25.199s] [  5%] [32mBuilding CXX object CMakeFiles/compare_map_segmentation.dir/src/distance_based_compare_map_filter_nodelet.cpp.o[0m
[56.162s] [ 11%] [32mBuilding CXX object CMakeFiles/compare_map_segmentation.dir/src/voxel_grid_map_loader.cpp.o[0m
[89.978s] [ 17%] [32mBuilding CXX object CMakeFiles/compare_map_segmentation.dir/src/compare_elevation_map_filter_node.cpp.o[0m
[119.489s] [ 23%] [32mBuilding CXX object CMakeFiles/compare_map_segmentation.dir/src/voxel_distance_based_compare_map_filter_nodelet.cpp.o[0m
[149.620s] [ 29%] [32mBuilding CXX object CMakeFiles/compare_map_segmentation.dir/src/voxel_based_compare_map_filter_nodelet.cpp.o[0m
[187.234s] [ 35%] [32mBuilding CXX object CMakeFiles/compare_map_segmentation.dir/src/voxel_based_approximate_compare_map_filter_nodelet.cpp.o[0m
[217.162s] [ 41%] [32m[1mLinking CXX shared library libcompare_map_segmentation.so[0m
[220.037s] [ 41%] Built target compare_map_segmentation
[220.059s] [ 47%] [32mBuilding CXX object CMakeFiles/compare_elevation_map_filter_node.dir/rclcpp_components/node_main_compare_elevation_map_filter_node.cpp.o[0m
[224.465s] [ 52%] [32m[1mLinking CXX executable compare_elevation_map_filter_node[0m
[224.632s] [ 52%] Built target compare_elevation_map_filter_node
[224.669s] [ 58%] [32mBuilding CXX object CMakeFiles/voxel_distance_based_compare_map_filter_node.dir/rclcpp_components/node_main_voxel_distance_based_compare_map_filter_node.cpp.o[0m
[229.864s] [ 64%] [32m[1mLinking CXX executable voxel_distance_based_compare_map_filter_node[0m
[230.023s] [ 64%] Built target voxel_distance_based_compare_map_filter_node
[230.056s] [ 70%] [32mBuilding CXX object CMakeFiles/voxel_based_compare_map_filter_node.dir/rclcpp_components/node_main_voxel_based_compare_map_filter_node.cpp.o[0m
[234.014s] [ 76%] [32m[1mLinking CXX executable voxel_based_compare_map_filter_node[0m
[234.120s] [ 76%] Built target voxel_based_compare_map_filter_node
[234.144s] [ 82%] [32mBuilding CXX object CMakeFiles/voxel_based_approximate_compare_map_filter_node.dir/rclcpp_components/node_main_voxel_based_approximate_compare_map_filter_node.cpp.o[0m
[238.741s] [ 88%] [32m[1mLinking CXX executable voxel_based_approximate_compare_map_filter_node[0m
[238.901s] [ 88%] Built target voxel_based_approximate_compare_map_filter_node
[238.941s] [ 94%] [32mBuilding CXX object CMakeFiles/distance_based_compare_map_filter_node.dir/rclcpp_components/node_main_distance_based_compare_map_filter_node.cpp.o[0m
[244.631s] [100%] [32m[1mLinking CXX executable distance_based_compare_map_filter_node[0m
[244.981s] [100%] Built target distance_based_compare_map_filter_node
[245.015s] Invoked command in '/home/sws/autoware/build/compare_map_segmentation' returned '0': AMENT_PREFIX_PATH=/home/sws/autoware/install/pointcloud_preprocessor:/home/sws/autoware/install/tier4_autoware_utils:/home/sws/autoware/install/lanelet2_extension:/home/sws/autoware/install/tier4_pcl_extensions:/home/sws/autoware/install/autoware_utils:/home/sws/autoware/install/autoware_point_types:/home/sws/autoware/install/autoware_auto_vehicle_msgs:/home/sws/autoware/install/autoware_planning_msgs:/home/sws/autoware/install/autoware_cmake:/home/sws/autoware/install/autoware_auto_planning_msgs:/home/sws/autoware/install/autoware_auto_perception_msgs:/home/sws/autoware/install/tier4_debug_msgs:/home/sws/autoware/install/autoware_map_msgs:/home/sws/autoware/install/autoware_lint_common:/home/sws/autoware/install/autoware_common_msgs:/home/sws/autoware/install/autoware_auto_mapping_msgs:/home/sws/autoware/install/autoware_auto_geometry_msgs:${AMENT_PREFIX_PATH} CMAKE_PREFIX_PATH=/home/sws/autoware/install/pointcloud_preprocessor:/home/sws/autoware/install/tier4_autoware_utils:/home/sws/autoware/install/lanelet2_extension:/home/sws/autoware/install/tier4_pcl_extensions:/home/sws/autoware/install/autoware_utils:/home/sws/autoware/install/autoware_point_types:/home/sws/autoware/install/autoware_auto_vehicle_msgs:/home/sws/autoware/install/autoware_planning_msgs:/home/sws/autoware/install/autoware_cmake:/home/sws/autoware/install/autoware_auto_planning_msgs:/home/sws/autoware/install/autoware_auto_perception_msgs:/home/sws/autoware/install/tier4_debug_msgs:/home/sws/autoware/install/autoware_map_msgs:/home/sws/autoware/install/autoware_lint_common:/home/sws/autoware/install/autoware_common_msgs:/home/sws/autoware/install/autoware_auto_mapping_msgs:/home/sws/autoware/install/autoware_auto_geometry_msgs:/opt/ros/humble LD_LIBRARY_PATH=/home/sws/autoware/install/pointcloud_preprocessor/lib:/home/sws/autoware/install/tier4_autoware_utils/lib:/home/sws/autoware/install/lanelet2_extension/lib:/home/sws/autoware/install/tier4_pcl_extensions/lib:/home/sws/autoware/install/autoware_utils/lib:/home/sws/autoware/install/autoware_auto_vehicle_msgs/lib:/home/sws/autoware/install/autoware_planning_msgs/lib:/home/sws/autoware/install/autoware_auto_planning_msgs/lib:/home/sws/autoware/install/autoware_auto_perception_msgs/lib:/home/sws/autoware/install/tier4_debug_msgs/lib:/home/sws/autoware/install/autoware_map_msgs/lib:/home/sws/autoware/install/autoware_common_msgs/lib:/home/sws/autoware/install/autoware_auto_mapping_msgs/lib:/home/sws/autoware/install/autoware_auto_geometry_msgs/lib:${LD_LIBRARY_PATH} PYTHONPATH=/home/sws/autoware/install/autoware_auto_vehicle_msgs/local/lib/python3.10/dist-packages:/home/sws/autoware/install/autoware_planning_msgs/local/lib/python3.10/dist-packages:/home/sws/autoware/install/autoware_auto_planning_msgs/local/lib/python3.10/dist-packages:/home/sws/autoware/install/autoware_auto_perception_msgs/local/lib/python3.10/dist-packages:/home/sws/autoware/install/tier4_debug_msgs/local/lib/python3.10/dist-packages:/home/sws/autoware/install/autoware_map_msgs/local/lib/python3.10/dist-packages:/home/sws/autoware/install/autoware_common_msgs/local/lib/python3.10/dist-packages:/home/sws/autoware/install/autoware_auto_mapping_msgs/local/lib/python3.10/dist-packages:/home/sws/autoware/install/autoware_auto_geometry_msgs/local/lib/python3.10/dist-packages:${PYTHONPATH} /usr/bin/cmake --build /home/sws/autoware/build/compare_map_segmentation -- -j16 -l16
[245.862s] Invoking command in '/home/sws/autoware/build/compare_map_segmentation': AMENT_PREFIX_PATH=/home/sws/autoware/install/pointcloud_preprocessor:/home/sws/autoware/install/tier4_autoware_utils:/home/sws/autoware/install/lanelet2_extension:/home/sws/autoware/install/tier4_pcl_extensions:/home/sws/autoware/install/autoware_utils:/home/sws/autoware/install/autoware_point_types:/home/sws/autoware/install/autoware_auto_vehicle_msgs:/home/sws/autoware/install/autoware_planning_msgs:/home/sws/autoware/install/autoware_cmake:/home/sws/autoware/install/autoware_auto_planning_msgs:/home/sws/autoware/install/autoware_auto_perception_msgs:/home/sws/autoware/install/tier4_debug_msgs:/home/sws/autoware/install/autoware_map_msgs:/home/sws/autoware/install/autoware_lint_common:/home/sws/autoware/install/autoware_common_msgs:/home/sws/autoware/install/autoware_auto_mapping_msgs:/home/sws/autoware/install/autoware_auto_geometry_msgs:${AMENT_PREFIX_PATH} CMAKE_PREFIX_PATH=/home/sws/autoware/install/pointcloud_preprocessor:/home/sws/autoware/install/tier4_autoware_utils:/home/sws/autoware/install/lanelet2_extension:/home/sws/autoware/install/tier4_pcl_extensions:/home/sws/autoware/install/autoware_utils:/home/sws/autoware/install/autoware_point_types:/home/sws/autoware/install/autoware_auto_vehicle_msgs:/home/sws/autoware/install/autoware_planning_msgs:/home/sws/autoware/install/autoware_cmake:/home/sws/autoware/install/autoware_auto_planning_msgs:/home/sws/autoware/install/autoware_auto_perception_msgs:/home/sws/autoware/install/tier4_debug_msgs:/home/sws/autoware/install/autoware_map_msgs:/home/sws/autoware/install/autoware_lint_common:/home/sws/autoware/install/autoware_common_msgs:/home/sws/autoware/install/autoware_auto_mapping_msgs:/home/sws/autoware/install/autoware_auto_geometry_msgs:/opt/ros/humble LD_LIBRARY_PATH=/home/sws/autoware/install/pointcloud_preprocessor/lib:/home/sws/autoware/install/tier4_autoware_utils/lib:/home/sws/autoware/install/lanelet2_extension/lib:/home/sws/autoware/install/tier4_pcl_extensions/lib:/home/sws/autoware/install/autoware_utils/lib:/home/sws/autoware/install/autoware_auto_vehicle_msgs/lib:/home/sws/autoware/install/autoware_planning_msgs/lib:/home/sws/autoware/install/autoware_auto_planning_msgs/lib:/home/sws/autoware/install/autoware_auto_perception_msgs/lib:/home/sws/autoware/install/tier4_debug_msgs/lib:/home/sws/autoware/install/autoware_map_msgs/lib:/home/sws/autoware/install/autoware_common_msgs/lib:/home/sws/autoware/install/autoware_auto_mapping_msgs/lib:/home/sws/autoware/install/autoware_auto_geometry_msgs/lib:${LD_LIBRARY_PATH} PYTHONPATH=/home/sws/autoware/install/autoware_auto_vehicle_msgs/local/lib/python3.10/dist-packages:/home/sws/autoware/install/autoware_planning_msgs/local/lib/python3.10/dist-packages:/home/sws/autoware/install/autoware_auto_planning_msgs/local/lib/python3.10/dist-packages:/home/sws/autoware/install/autoware_auto_perception_msgs/local/lib/python3.10/dist-packages:/home/sws/autoware/install/tier4_debug_msgs/local/lib/python3.10/dist-packages:/home/sws/autoware/install/autoware_map_msgs/local/lib/python3.10/dist-packages:/home/sws/autoware/install/autoware_common_msgs/local/lib/python3.10/dist-packages:/home/sws/autoware/install/autoware_auto_mapping_msgs/local/lib/python3.10/dist-packages:/home/sws/autoware/install/autoware_auto_geometry_msgs/local/lib/python3.10/dist-packages:${PYTHONPATH} /usr/bin/cmake --install /home/sws/autoware/build/compare_map_segmentation
[251.958s] -- Install configuration: "Release"
[251.959s] -- Execute custom install script
[251.959s] -- Symlinking: /home/sws/autoware/install/compare_map_segmentation/lib/compare_map_segmentation/distance_based_compare_map_filter_node
[251.959s] -- Symlinking: /home/sws/autoware/install/compare_map_segmentation/lib/compare_map_segmentation/voxel_based_approximate_compare_map_filter_node
[251.959s] -- Symlinking: /home/sws/autoware/install/compare_map_segmentation/lib/compare_map_segmentation/voxel_based_compare_map_filter_node
[251.959s] -- Symlinking: /home/sws/autoware/install/compare_map_segmentation/lib/compare_map_segmentation/voxel_distance_based_compare_map_filter_node
[251.959s] -- Symlinking: /home/sws/autoware/install/compare_map_segmentation/lib/compare_map_segmentation/compare_elevation_map_filter_node
[251.959s] -- Symlinking: /home/sws/autoware/install/compare_map_segmentation/lib/libcompare_map_segmentation.so
[251.959s] -- Symlinking: /home/sws/autoware/install/compare_map_segmentation/include/compare_map_segmentation/compare_elevation_map_filter_node.hpp
[251.959s] -- Symlinking: /home/sws/autoware/install/compare_map_segmentation/include/compare_map_segmentation/distance_based_compare_map_filter_nodelet.hpp
[251.959s] -- Symlinking: /home/sws/autoware/install/compare_map_segmentation/include/compare_map_segmentation/multi_voxel_grid_map_update.hpp
[251.959s] -- Symlinking: /home/sws/autoware/install/compare_map_segmentation/include/compare_map_segmentation/voxel_based_approximate_compare_map_filter_nodelet.hpp
[251.959s] -- Symlinking: /home/sws/autoware/install/compare_map_segmentation/include/compare_map_segmentation/voxel_based_compare_map_filter_nodelet.hpp
[251.960s] -- Symlinking: /home/sws/autoware/install/compare_map_segmentation/include/compare_map_segmentation/voxel_distance_based_compare_map_filter_nodelet.hpp
[251.960s] -- Symlinking: /home/sws/autoware/install/compare_map_segmentation/include/compare_map_segmentation/voxel_grid_map_loader.hpp
[251.960s] -- Symlinking: /home/sws/autoware/install/compare_map_segmentation/share/compare_map_segmentation/launch/compare_elevation_map_filter.launch.xml
[251.960s] -- Symlinking: /home/sws/autoware/install/compare_map_segmentation/share/compare_map_segmentation/launch/distance_based_compare_map_filter.launch.xml
[251.960s] -- Symlinking: /home/sws/autoware/install/compare_map_segmentation/share/compare_map_segmentation/launch/voxel_based_approximate_compare_map_filter.launch.xml
[251.960s] -- Symlinking: /home/sws/autoware/install/compare_map_segmentation/share/compare_map_segmentation/launch/voxel_based_compare_map_filter.launch.xml
[251.960s] -- Symlinking: /home/sws/autoware/install/compare_map_segmentation/share/compare_map_segmentation/launch/voxel_distance_based_compare_map_filter.launch.xml
[251.960s] -- Symlinking: /home/sws/autoware/install/compare_map_segmentation/share/ament_index/resource_index/package_run_dependencies/compare_map_segmentation
[251.960s] -- Symlinking: /home/sws/autoware/install/compare_map_segmentation/share/ament_index/resource_index/parent_prefix_path/compare_map_segmentation
[251.960s] -- Symlinking: /home/sws/autoware/install/compare_map_segmentation/share/compare_map_segmentation/environment/ament_prefix_path.sh
[251.960s] -- Symlinking: /home/sws/autoware/install/compare_map_segmentation/share/compare_map_segmentation/environment/ament_prefix_path.dsv
[251.961s] -- Symlinking: /home/sws/autoware/install/compare_map_segmentation/share/compare_map_segmentation/environment/path.sh
[251.961s] -- Symlinking: /home/sws/autoware/install/compare_map_segmentation/share/compare_map_segmentation/environment/path.dsv
[251.961s] -- Symlinking: /home/sws/autoware/install/compare_map_segmentation/share/compare_map_segmentation/local_setup.bash
[251.961s] -- Symlinking: /home/sws/autoware/install/compare_map_segmentation/share/compare_map_segmentation/local_setup.sh
[251.961s] -- Symlinking: /home/sws/autoware/install/compare_map_segmentation/share/compare_map_segmentation/local_setup.zsh
[251.961s] -- Symlinking: /home/sws/autoware/install/compare_map_segmentation/share/compare_map_segmentation/local_setup.dsv
[251.961s] -- Symlinking: /home/sws/autoware/install/compare_map_segmentation/share/compare_map_segmentation/package.dsv
[251.961s] -- Symlinking: /home/sws/autoware/install/compare_map_segmentation/share/ament_index/resource_index/packages/compare_map_segmentation
[251.961s] -- Symlinking: /home/sws/autoware/install/compare_map_segmentation/share/ament_index/resource_index/rclcpp_components/compare_map_segmentation
[251.961s] -- Symlinking: /home/sws/autoware/install/compare_map_segmentation/share/compare_map_segmentation/cmake/ament_cmake_export_dependencies-extras.cmake
[251.961s] -- Symlinking: /home/sws/autoware/install/compare_map_segmentation/share/compare_map_segmentation/cmake/ament_cmake_export_include_directories-extras.cmake
[251.962s] -- Symlinking: /home/sws/autoware/install/compare_map_segmentation/share/compare_map_segmentation/cmake/compare_map_segmentationConfig.cmake
[251.962s] -- Symlinking: /home/sws/autoware/install/compare_map_segmentation/share/compare_map_segmentation/cmake/compare_map_segmentationConfig-version.cmake
[251.962s] -- Symlinking: /home/sws/autoware/install/compare_map_segmentation/share/compare_map_segmentation/package.xml
[252.094s] Invoked command in '/home/sws/autoware/build/compare_map_segmentation' returned '0': AMENT_PREFIX_PATH=/home/sws/autoware/install/pointcloud_preprocessor:/home/sws/autoware/install/tier4_autoware_utils:/home/sws/autoware/install/lanelet2_extension:/home/sws/autoware/install/tier4_pcl_extensions:/home/sws/autoware/install/autoware_utils:/home/sws/autoware/install/autoware_point_types:/home/sws/autoware/install/autoware_auto_vehicle_msgs:/home/sws/autoware/install/autoware_planning_msgs:/home/sws/autoware/install/autoware_cmake:/home/sws/autoware/install/autoware_auto_planning_msgs:/home/sws/autoware/install/autoware_auto_perception_msgs:/home/sws/autoware/install/tier4_debug_msgs:/home/sws/autoware/install/autoware_map_msgs:/home/sws/autoware/install/autoware_lint_common:/home/sws/autoware/install/autoware_common_msgs:/home/sws/autoware/install/autoware_auto_mapping_msgs:/home/sws/autoware/install/autoware_auto_geometry_msgs:${AMENT_PREFIX_PATH} CMAKE_PREFIX_PATH=/home/sws/autoware/install/pointcloud_preprocessor:/home/sws/autoware/install/tier4_autoware_utils:/home/sws/autoware/install/lanelet2_extension:/home/sws/autoware/install/tier4_pcl_extensions:/home/sws/autoware/install/autoware_utils:/home/sws/autoware/install/autoware_point_types:/home/sws/autoware/install/autoware_auto_vehicle_msgs:/home/sws/autoware/install/autoware_planning_msgs:/home/sws/autoware/install/autoware_cmake:/home/sws/autoware/install/autoware_auto_planning_msgs:/home/sws/autoware/install/autoware_auto_perception_msgs:/home/sws/autoware/install/tier4_debug_msgs:/home/sws/autoware/install/autoware_map_msgs:/home/sws/autoware/install/autoware_lint_common:/home/sws/autoware/install/autoware_common_msgs:/home/sws/autoware/install/autoware_auto_mapping_msgs:/home/sws/autoware/install/autoware_auto_geometry_msgs:/opt/ros/humble LD_LIBRARY_PATH=/home/sws/autoware/install/pointcloud_preprocessor/lib:/home/sws/autoware/install/tier4_autoware_utils/lib:/home/sws/autoware/install/lanelet2_extension/lib:/home/sws/autoware/install/tier4_pcl_extensions/lib:/home/sws/autoware/install/autoware_utils/lib:/home/sws/autoware/install/autoware_auto_vehicle_msgs/lib:/home/sws/autoware/install/autoware_planning_msgs/lib:/home/sws/autoware/install/autoware_auto_planning_msgs/lib:/home/sws/autoware/install/autoware_auto_perception_msgs/lib:/home/sws/autoware/install/tier4_debug_msgs/lib:/home/sws/autoware/install/autoware_map_msgs/lib:/home/sws/autoware/install/autoware_common_msgs/lib:/home/sws/autoware/install/autoware_auto_mapping_msgs/lib:/home/sws/autoware/install/autoware_auto_geometry_msgs/lib:${LD_LIBRARY_PATH} PYTHONPATH=/home/sws/autoware/install/autoware_auto_vehicle_msgs/local/lib/python3.10/dist-packages:/home/sws/autoware/install/autoware_planning_msgs/local/lib/python3.10/dist-packages:/home/sws/autoware/install/autoware_auto_planning_msgs/local/lib/python3.10/dist-packages:/home/sws/autoware/install/autoware_auto_perception_msgs/local/lib/python3.10/dist-packages:/home/sws/autoware/install/tier4_debug_msgs/local/lib/python3.10/dist-packages:/home/sws/autoware/install/autoware_map_msgs/local/lib/python3.10/dist-packages:/home/sws/autoware/install/autoware_common_msgs/local/lib/python3.10/dist-packages:/home/sws/autoware/install/autoware_auto_mapping_msgs/local/lib/python3.10/dist-packages:/home/sws/autoware/install/autoware_auto_geometry_msgs/local/lib/python3.10/dist-packages:${PYTHONPATH} /usr/bin/cmake --install /home/sws/autoware/build/compare_map_segmentation
