-- The C compiler identification is GNU 11.3.0
-- The CXX compiler identification is GNU 11.3.0
-- Detecting C compiler ABI info
-- Detecting C compiler ABI info - done
-- Check for working C compiler: /usr/bin/cc - skipped
-- Detecting C compile features
-- Detecting C compile features - done
-- Detecting CXX compiler ABI info
-- Detecting CXX compiler ABI info - done
-- Check for working CXX compiler: /usr/bin/c++ - skipped
-- Detecting CXX compile features
-- Detecting CXX compile features - done
-- Found autoware_cmake: 0.1.0 (/home/sws/autoware/install/autoware_cmake/share/autoware_cmake/cmake)
-- Found Python3: /usr/bin/python3.10 (found version "3.10.6") found components: Interpreter 
-- Override CMake install command with custom implementation using symlinks instead of copying resources
-- Found OpenCV: /usr (found version "4.5.4") 
-- Found rosidl_generator_c: 3.1.4 (/opt/ros/humble/share/rosidl_generator_c/cmake)
-- Found rosidl_adapter: 3.1.4 (/opt/ros/humble/share/rosidl_adapter/cmake)
-- Found rosidl_generator_cpp: 3.1.4 (/opt/ros/humble/share/rosidl_generator_cpp/cmake)
-- Using all available rosidl_typesupport_c: rosidl_typesupport_fastrtps_c;rosidl_typesupport_introspection_c
-- Using all available rosidl_typesupport_cpp: rosidl_typesupport_fastrtps_cpp;rosidl_typesupport_introspection_cpp
-- Found rmw_implementation_cmake: 6.1.1 (/opt/ros/humble/share/rmw_implementation_cmake/cmake)
-- Found rmw_fastrtps_cpp: 6.2.2 (/opt/ros/humble/share/rmw_fastrtps_cpp/cmake)
-- Found OpenSSL: /usr/lib/x86_64-linux-gnu/libcrypto.so (found version "3.0.2")  
-- Found FastRTPS: /opt/ros/humble/include  
-- Using RMW implementation 'rmw_fastrtps_cpp' as default
-- Looking for pthread.h
-- Looking for pthread.h - found
-- Performing Test CMAKE_HAVE_LIBC_PTHREAD
-- Performing Test CMAKE_HAVE_LIBC_PTHREAD - Success
-- Found Threads: TRUE  
-- Found eigen3_cmake_module: 0.1.1 (/opt/ros/humble/share/eigen3_cmake_module/cmake)
-- Found Eigen3: TRUE (found version "3.4.0") 
-- Ensuring Eigen3 include directory is part of orocos-kdl CMake target
-- Checking for module 'eigen3'
--   Found eigen3, version 3.4.0
-- Found Eigen: /usr/include/eigen3 (Required is at least version "3.1") 
-- Eigen found (include: /usr/include/eigen3, version: 3.4.0)
-- Checking for module 'flann'
--   Found flann, version 1.9.1
-- Found FLANN: /usr/lib/x86_64-linux-gnu/libflann_cpp.so  
-- FLANN found (include: /usr/include, lib: /usr/lib/x86_64-linux-gnu/libflann_cpp.so)
-- Checking for module 'libusb-1.0'
--   Found libusb-1.0, version 1.0.25
-- Found libusb: /usr/lib/x86_64-linux-gnu/libusb-1.0.so  
-- OpenNI found (version: 1.5.4.0, include: /usr/include/ni, lib: /usr/lib/libOpenNI.so;libusb::libusb)
-- OpenNI2 found (version: 2.2.0.33, include: /usr/include/openni2, lib: /usr/lib/x86_64-linux-gnu/libOpenNI2.so;libusb::libusb)
-- Eigen found (include: /usr/include/eigen3, version: 3.4.0)
-- OpenNI found (version: 1.5.4.0, include: /usr/include/ni, lib: /usr/lib/libOpenNI.so;libusb::libusb)
-- OpenNI2 found (version: 2.2.0.33, include: /usr/include/openni2, lib: /usr/lib/x86_64-linux-gnu/libOpenNI2.so;libusb::libusb)
-- Found Qhull version 8.0.2
-- OpenNI found (version: 1.5.4.0, include: /usr/include/ni, lib: /usr/lib/libOpenNI.so;libusb::libusb)
-- Found PCL_COMMON: /usr/lib/x86_64-linux-gnu/libpcl_common.so  
-- Found PCL_KDTREE: /usr/lib/x86_64-linux-gnu/libpcl_kdtree.so  
-- Found PCL_OCTREE: /usr/lib/x86_64-linux-gnu/libpcl_octree.so  
-- Found PCL_SEARCH: /usr/lib/x86_64-linux-gnu/libpcl_search.so  
-- Found PCL_SAMPLE_CONSENSUS: /usr/lib/x86_64-linux-gnu/libpcl_sample_consensus.so  
-- Found PCL_FILTERS: /usr/lib/x86_64-linux-gnu/libpcl_filters.so  
-- Found PCL_2D: /usr/include/pcl-1.12  
-- Found PCL_GEOMETRY: /usr/include/pcl-1.12  
-- Found PCL_IO: /usr/lib/x86_64-linux-gnu/libpcl_io.so  
-- Found PCL_FEATURES: /usr/lib/x86_64-linux-gnu/libpcl_features.so  
-- Found PCL_ML: /usr/lib/x86_64-linux-gnu/libpcl_ml.so  
-- Found PCL_SEGMENTATION: /usr/lib/x86_64-linux-gnu/libpcl_segmentation.so  
-- Found PCL_VISUALIZATION: /usr/lib/x86_64-linux-gnu/libpcl_visualization.so  
-- Found PCL_SURFACE: /usr/lib/x86_64-linux-gnu/libpcl_surface.so  
-- Found PCL_REGISTRATION: /usr/lib/x86_64-linux-gnu/libpcl_registration.so  
-- Found PCL_KEYPOINTS: /usr/lib/x86_64-linux-gnu/libpcl_keypoints.so  
-- Found PCL_TRACKING: /usr/lib/x86_64-linux-gnu/libpcl_tracking.so  
-- Found PCL_RECOGNITION: /usr/lib/x86_64-linux-gnu/libpcl_recognition.so  
-- Found PCL_STEREO: /usr/lib/x86_64-linux-gnu/libpcl_stereo.so  
-- Found PCL_APPS: /usr/lib/x86_64-linux-gnu/libpcl_apps.so  
-- Found PCL_IN_HAND_SCANNER: /usr/include/pcl-1.12  
-- Found PCL_MODELER: /usr/include/pcl-1.12  
-- Found PCL_POINT_CLOUD_EDITOR: /usr/include/pcl-1.12  
-- Found PCL_OUTOFCORE: /usr/lib/x86_64-linux-gnu/libpcl_outofcore.so  
-- Found PCL_PEOPLE: /usr/lib/x86_64-linux-gnu/libpcl_people.so  
-- Found TensorRT headers at /usr/include/x86_64-linux-gnu
-- Found TensorRT libs at /usr/lib/x86_64-linux-gnu/libnvinfer.so;/usr/lib/x86_64-linux-gnu/libnvinfer_plugin.so;/usr/lib/x86_64-linux-gnu/libnvparsers.so;/usr/lib/x86_64-linux-gnu/libnvonnxparser.so
-- Found ament_lint_auto: 0.12.5 (/opt/ros/humble/share/ament_lint_auto/cmake)
-- Found CUDA: /usr/local/cuda (found version "11.6") 
-- start to download
-- Checking and downloading pts_voxel_encoder_pointpainting.onnx
-- start pts_voxel_encoder_pointpainting.onnx
-- not found pts_voxel_encoder_pointpainting.onnx
-- File doesn't exists. Downloading now ...
-- Download completed successfully!
-- Checking and downloading pts_backbone_neck_head_pointpainting.onnx
-- start pts_backbone_neck_head_pointpainting.onnx
-- not found pts_backbone_neck_head_pointpainting.onnx
-- File doesn't exists. Downloading now ...
-- Download completed successfully!
-- Added test 'copyright' to check source files copyright and LICENSE
-- Added test 'cppcheck' to perform static code analysis on C / C++ code
-- Configured cppcheck include dirs: /home/sws/autoware/src/universe/autoware.universe/perception/image_projection_based_fusion/include
-- Configured cppcheck exclude dirs and/or files: 
-- Added test 'lint_cmake' to check CMake code style
-- Added test 'xmllint' to check XML markup files
-- Configuring done
-- Generating done
-- Build files have been written to: /home/sws/autoware/build/image_projection_based_fusion
[  5%] [32mBuilding CXX object CMakeFiles/image_projection_based_fusion.dir/src/fusion_node.cpp.o[0m
[ 10%] [32mBuilding CXX object CMakeFiles/image_projection_based_fusion.dir/src/roi_detected_object_fusion/node.cpp.o[0m
[ 15%] [32mBuilding CXX object CMakeFiles/image_projection_based_fusion.dir/src/roi_cluster_fusion/node.cpp.o[0m
[ 21%] [32mBuilding CXX object CMakeFiles/image_projection_based_fusion.dir/src/utils/utils.cpp.o[0m
[ 26%] [32mBuilding CXX object CMakeFiles/image_projection_based_fusion.dir/src/utils/geometry.cpp.o[0m
[ 31%] [32mBuilding CXX object CMakeFiles/image_projection_based_fusion.dir/src/debugger.cpp.o[0m
[ 36%] [32m[1mLinking CXX shared library libimage_projection_based_fusion.so[0m
[ 36%] Built target image_projection_based_fusion
[ 42%] [32mBuilding CXX object CMakeFiles/pointpainting_fusion_node.dir/rclcpp_components/node_main_pointpainting_fusion_node.cpp.o[0m
[ 47%] [32m[1mLinking CXX executable pointpainting_fusion_node[0m
[ 47%] Built target pointpainting_fusion_node
[ 52%] [34m[1mBuilding NVCC (Device) object CMakeFiles/pointpainting_cuda_lib.dir/src/pointpainting_fusion/pointpainting_cuda_lib_generated_preprocess_kernel.cu.o[0m
[ 57%] [32m[1mLinking CXX shared library libpointpainting_cuda_lib.so[0m
[ 57%] Built target pointpainting_cuda_lib
[ 63%] [32mBuilding CXX object CMakeFiles/roi_cluster_fusion_node.dir/rclcpp_components/node_main_roi_cluster_fusion_node.cpp.o[0m
[ 68%] [32m[1mLinking CXX executable roi_cluster_fusion_node[0m
[ 68%] Built target roi_cluster_fusion_node
[ 73%] [32mBuilding CXX object CMakeFiles/pointpainting_lib.dir/src/pointpainting_fusion/node.cpp.o[0m
[ 78%] [32mBuilding CXX object CMakeFiles/pointpainting_lib.dir/src/pointpainting_fusion/voxel_generator.cpp.o[0m
[ 84%] [32mBuilding CXX object CMakeFiles/pointpainting_lib.dir/src/pointpainting_fusion/pointpainting_trt.cpp.o[0m
[ 89%] [32m[1mLinking CXX shared library libpointpainting_lib.so[0m
[ 89%] Built target pointpainting_lib
[ 94%] [32mBuilding CXX object CMakeFiles/roi_detected_object_fusion_node.dir/rclcpp_components/node_main_roi_detected_object_fusion_node.cpp.o[0m
[100%] [32m[1mLinking CXX executable roi_detected_object_fusion_node[0m
[100%] Built target roi_detected_object_fusion_node
-- Install configuration: "Release"
-- Execute custom install script
-- Symlinking: /home/sws/autoware/install/image_projection_based_fusion/lib/image_projection_based_fusion/roi_detected_object_fusion_node
-- Symlinking: /home/sws/autoware/install/image_projection_based_fusion/lib/image_projection_based_fusion/roi_cluster_fusion_node
-- Symlinking: /home/sws/autoware/install/image_projection_based_fusion/lib/image_projection_based_fusion/pointpainting_fusion_node
-- Symlinking: /home/sws/autoware/install/image_projection_based_fusion/include/image_projection_based_fusion/debugger.hpp
-- Symlinking: /home/sws/autoware/install/image_projection_based_fusion/include/image_projection_based_fusion/fusion_node.hpp
-- Symlinking: /home/sws/autoware/install/image_projection_based_fusion/include/image_projection_based_fusion/pointpainting_fusion/node.hpp
-- Symlinking: /home/sws/autoware/install/image_projection_based_fusion/include/image_projection_based_fusion/pointpainting_fusion/pointpainting_trt.hpp
-- Symlinking: /home/sws/autoware/install/image_projection_based_fusion/include/image_projection_based_fusion/pointpainting_fusion/preprocess_kernel.hpp
-- Symlinking: /home/sws/autoware/install/image_projection_based_fusion/include/image_projection_based_fusion/pointpainting_fusion/voxel_generator.hpp
-- Symlinking: /home/sws/autoware/install/image_projection_based_fusion/include/image_projection_based_fusion/roi_cluster_fusion/node.hpp
-- Symlinking: /home/sws/autoware/install/image_projection_based_fusion/include/image_projection_based_fusion/roi_detected_object_fusion/node.hpp
-- Symlinking: /home/sws/autoware/install/image_projection_based_fusion/include/image_projection_based_fusion/utils/geometry.hpp
-- Symlinking: /home/sws/autoware/install/image_projection_based_fusion/include/image_projection_based_fusion/utils/utils.hpp
-- Symlinking: /home/sws/autoware/install/image_projection_based_fusion/share/image_projection_based_fusion/environment/library_path.sh
-- Symlinking: /home/sws/autoware/install/image_projection_based_fusion/share/image_projection_based_fusion/environment/library_path.dsv
-- Symlinking: /home/sws/autoware/install/image_projection_based_fusion/lib/libimage_projection_based_fusion.so
-- Symlinking: /home/sws/autoware/install/image_projection_based_fusion/lib/libpointpainting_lib.so
-- Symlinking: /home/sws/autoware/install/image_projection_based_fusion/share/image_projection_based_fusion/launch/pointpainting_fusion.launch.xml
-- Symlinking: /home/sws/autoware/install/image_projection_based_fusion/share/image_projection_based_fusion/launch/roi_cluster_fusion.launch.xml
-- Symlinking: /home/sws/autoware/install/image_projection_based_fusion/share/image_projection_based_fusion/launch/roi_detected_object_fusion.launch.xml
-- Symlinking: /home/sws/autoware/install/image_projection_based_fusion/share/image_projection_based_fusion/config/pointpainting.param.yaml
-- Symlinking: /home/sws/autoware/install/image_projection_based_fusion/share/image_projection_based_fusion/config/roi_sync.param.yaml
-- Symlinking: /home/sws/autoware/install/image_projection_based_fusion/share/image_projection_based_fusion/data/pts_backbone_neck_head_pointpainting.onnx
-- Symlinking: /home/sws/autoware/install/image_projection_based_fusion/share/image_projection_based_fusion/data/pts_voxel_encoder_pointpainting.onnx
-- Symlinking: /home/sws/autoware/install/image_projection_based_fusion/share/ament_index/resource_index/package_run_dependencies/image_projection_based_fusion
-- Symlinking: /home/sws/autoware/install/image_projection_based_fusion/share/ament_index/resource_index/parent_prefix_path/image_projection_based_fusion
-- Symlinking: /home/sws/autoware/install/image_projection_based_fusion/share/image_projection_based_fusion/environment/ament_prefix_path.sh
-- Symlinking: /home/sws/autoware/install/image_projection_based_fusion/share/image_projection_based_fusion/environment/ament_prefix_path.dsv
-- Symlinking: /home/sws/autoware/install/image_projection_based_fusion/share/image_projection_based_fusion/environment/path.sh
-- Symlinking: /home/sws/autoware/install/image_projection_based_fusion/share/image_projection_based_fusion/environment/path.dsv
-- Symlinking: /home/sws/autoware/install/image_projection_based_fusion/share/image_projection_based_fusion/local_setup.bash
-- Symlinking: /home/sws/autoware/install/image_projection_based_fusion/share/image_projection_based_fusion/local_setup.sh
-- Symlinking: /home/sws/autoware/install/image_projection_based_fusion/share/image_projection_based_fusion/local_setup.zsh
-- Symlinking: /home/sws/autoware/install/image_projection_based_fusion/share/image_projection_based_fusion/local_setup.dsv
-- Symlinking: /home/sws/autoware/install/image_projection_based_fusion/share/image_projection_based_fusion/package.dsv
-- Symlinking: /home/sws/autoware/install/image_projection_based_fusion/share/ament_index/resource_index/packages/image_projection_based_fusion
-- Symlinking: /home/sws/autoware/install/image_projection_based_fusion/share/ament_index/resource_index/rclcpp_components/image_projection_based_fusion
-- Symlinking: /home/sws/autoware/install/image_projection_based_fusion/share/image_projection_based_fusion/cmake/ament_cmake_export_dependencies-extras.cmake
-- Symlinking: /home/sws/autoware/install/image_projection_based_fusion/share/image_projection_based_fusion/cmake/ament_cmake_export_include_directories-extras.cmake
-- Symlinking: /home/sws/autoware/install/image_projection_based_fusion/share/image_projection_based_fusion/cmake/ament_cmake_export_libraries-extras.cmake
-- Symlinking: /home/sws/autoware/install/image_projection_based_fusion/share/image_projection_based_fusion/cmake/image_projection_based_fusionConfig.cmake
-- Symlinking: /home/sws/autoware/install/image_projection_based_fusion/share/image_projection_based_fusion/cmake/image_projection_based_fusionConfig-version.cmake
-- Symlinking: /home/sws/autoware/install/image_projection_based_fusion/share/image_projection_based_fusion/package.xml
