[0.459s] Invoking command in '/home/sws/autoware/build/image_projection_based_fusion': AMENT_PREFIX_PATH=/home/sws/autoware/install/lidar_centerpoint:/home/sws/autoware/install/perception_utils:/home/sws/autoware/install/interpolation:/home/sws/autoware/install/tier4_autoware_utils:/home/sws/autoware/install/tier4_perception_msgs:/home/sws/autoware/install/tensorrt_common:/home/sws/autoware/install/autoware_auto_vehicle_msgs:/home/sws/autoware/install/autoware_cmake:/home/sws/autoware/install/autoware_auto_planning_msgs:/home/sws/autoware/install/autoware_auto_perception_msgs:/home/sws/autoware/install/tier4_debug_msgs:/home/sws/autoware/install/autoware_lint_common:/home/sws/autoware/install/autoware_auto_mapping_msgs:/home/sws/autoware/install/autoware_auto_geometry_msgs:${AMENT_PREFIX_PATH} CMAKE_PREFIX_PATH=/home/sws/autoware/install/lidar_centerpoint:/home/sws/autoware/install/perception_utils:/home/sws/autoware/install/interpolation:/home/sws/autoware/install/tier4_autoware_utils:/home/sws/autoware/install/tier4_perception_msgs:/home/sws/autoware/install/tensorrt_common:/home/sws/autoware/install/autoware_auto_vehicle_msgs:/home/sws/autoware/install/autoware_cmake:/home/sws/autoware/install/autoware_auto_planning_msgs:/home/sws/autoware/install/autoware_auto_perception_msgs:/home/sws/autoware/install/tier4_debug_msgs:/home/sws/autoware/install/autoware_lint_common:/home/sws/autoware/install/autoware_auto_mapping_msgs:/home/sws/autoware/install/autoware_auto_geometry_msgs:/opt/ros/humble LD_LIBRARY_PATH=/home/sws/autoware/install/lidar_centerpoint/lib:/home/sws/autoware/install/perception_utils/lib:/home/sws/autoware/install/interpolation/lib:/home/sws/autoware/install/tier4_autoware_utils/lib:/home/sws/autoware/install/tier4_perception_msgs/lib:/home/sws/autoware/install/tensorrt_common/lib:/home/sws/autoware/install/autoware_auto_vehicle_msgs/lib:/home/sws/autoware/install/autoware_auto_planning_msgs/lib:/home/sws/autoware/install/autoware_auto_perception_msgs/lib:/home/sws/autoware/install/tier4_debug_msgs/lib:/home/sws/autoware/install/autoware_auto_mapping_msgs/lib:/home/sws/autoware/install/autoware_auto_geometry_msgs/lib:${LD_LIBRARY_PATH} PYTHONPATH=/home/sws/autoware/install/tier4_perception_msgs/local/lib/python3.10/dist-packages:/home/sws/autoware/install/autoware_auto_vehicle_msgs/local/lib/python3.10/dist-packages:/home/sws/autoware/install/autoware_auto_planning_msgs/local/lib/python3.10/dist-packages:/home/sws/autoware/install/autoware_auto_perception_msgs/local/lib/python3.10/dist-packages:/home/sws/autoware/install/tier4_debug_msgs/local/lib/python3.10/dist-packages:/home/sws/autoware/install/autoware_auto_mapping_msgs/local/lib/python3.10/dist-packages:/home/sws/autoware/install/autoware_auto_geometry_msgs/local/lib/python3.10/dist-packages:${PYTHONPATH} /usr/bin/cmake /home/sws/autoware/src/universe/autoware.universe/perception/image_projection_based_fusion -DCMAKE_BUILD_TYPE=Release -DAMENT_CMAKE_SYMLINK_INSTALL=1 -DCMAKE_INSTALL_PREFIX=/home/sws/autoware/install/image_projection_based_fusion
[23.719s] -- The C compiler identification is GNU 11.3.0
[23.719s] -- The CXX compiler identification is GNU 11.3.0
[23.719s] -- Detecting C compiler ABI info
[23.719s] -- Detecting C compiler ABI info - done
[23.719s] -- Check for working C compiler: /usr/bin/cc - skipped
[23.719s] -- Detecting C compile features
[23.719s] -- Detecting C compile features - done
[23.720s] -- Detecting CXX compiler ABI info
[23.720s] -- Detecting CXX compiler ABI info - done
[23.720s] -- Check for working CXX compiler: /usr/bin/c++ - skipped
[23.720s] -- Detecting CXX compile features
[23.720s] -- Detecting CXX compile features - done
[23.720s] -- Found autoware_cmake: 0.1.0 (/home/sws/autoware/install/autoware_cmake/share/autoware_cmake/cmake)
[23.720s] -- Found Python3: /usr/bin/python3.10 (found version "3.10.6") found components: Interpreter 
[23.720s] -- Override CMake install command with custom implementation using symlinks instead of copying resources
[23.720s] -- Found OpenCV: /usr (found version "4.5.4") 
[23.720s] -- Found rosidl_generator_c: 3.1.4 (/opt/ros/humble/share/rosidl_generator_c/cmake)
[23.720s] -- Found rosidl_adapter: 3.1.4 (/opt/ros/humble/share/rosidl_adapter/cmake)
[23.721s] -- Found rosidl_generator_cpp: 3.1.4 (/opt/ros/humble/share/rosidl_generator_cpp/cmake)
[23.721s] -- Using all available rosidl_typesupport_c: rosidl_typesupport_fastrtps_c;rosidl_typesupport_introspection_c
[23.721s] -- Using all available rosidl_typesupport_cpp: rosidl_typesupport_fastrtps_cpp;rosidl_typesupport_introspection_cpp
[23.721s] -- Found rmw_implementation_cmake: 6.1.1 (/opt/ros/humble/share/rmw_implementation_cmake/cmake)
[23.721s] -- Found rmw_fastrtps_cpp: 6.2.2 (/opt/ros/humble/share/rmw_fastrtps_cpp/cmake)
[23.721s] -- Found OpenSSL: /usr/lib/x86_64-linux-gnu/libcrypto.so (found version "3.0.2")  
[23.721s] -- Found FastRTPS: /opt/ros/humble/include  
[23.721s] -- Using RMW implementation 'rmw_fastrtps_cpp' as default
[23.721s] -- Looking for pthread.h
[23.721s] -- Looking for pthread.h - found
[23.721s] -- Performing Test CMAKE_HAVE_LIBC_PTHREAD
[23.721s] -- Performing Test CMAKE_HAVE_LIBC_PTHREAD - Success
[23.722s] -- Found Threads: TRUE  
[23.722s] -- Found eigen3_cmake_module: 0.1.1 (/opt/ros/humble/share/eigen3_cmake_module/cmake)
[23.722s] -- Found Eigen3: TRUE (found version "3.4.0") 
[23.722s] -- Ensuring Eigen3 include directory is part of orocos-kdl CMake target
[23.722s] -- Checking for module 'eigen3'
[23.722s] --   Found eigen3, version 3.4.0
[23.722s] -- Found Eigen: /usr/include/eigen3 (Required is at least version "3.1") 
[23.722s] -- Eigen found (include: /usr/include/eigen3, version: 3.4.0)
[23.722s] -- Checking for module 'flann'
[23.722s] --   Found flann, version 1.9.1
[23.722s] -- Found FLANN: /usr/lib/x86_64-linux-gnu/libflann_cpp.so  
[23.722s] -- FLANN found (include: /usr/include, lib: /usr/lib/x86_64-linux-gnu/libflann_cpp.so)
[23.723s] -- Checking for module 'libusb-1.0'
[23.723s] --   Found libusb-1.0, version 1.0.25
[23.723s] -- Found libusb: /usr/lib/x86_64-linux-gnu/libusb-1.0.so  
[23.723s] -- OpenNI found (version: 1.5.4.0, include: /usr/include/ni, lib: /usr/lib/libOpenNI.so;libusb::libusb)
[23.723s] -- OpenNI2 found (version: 2.2.0.33, include: /usr/include/openni2, lib: /usr/lib/x86_64-linux-gnu/libOpenNI2.so;libusb::libusb)
[23.723s] -- Eigen found (include: /usr/include/eigen3, version: 3.4.0)
[23.723s] -- OpenNI found (version: 1.5.4.0, include: /usr/include/ni, lib: /usr/lib/libOpenNI.so;libusb::libusb)
[23.723s] -- OpenNI2 found (version: 2.2.0.33, include: /usr/include/openni2, lib: /usr/lib/x86_64-linux-gnu/libOpenNI2.so;libusb::libusb)
[23.723s] -- Found Qhull version 8.0.2
[23.723s] -- OpenNI found (version: 1.5.4.0, include: /usr/include/ni, lib: /usr/lib/libOpenNI.so;libusb::libusb)
[23.723s] -- Found PCL_COMMON: /usr/lib/x86_64-linux-gnu/libpcl_common.so  
[23.723s] -- Found PCL_KDTREE: /usr/lib/x86_64-linux-gnu/libpcl_kdtree.so  
[23.724s] -- Found PCL_OCTREE: /usr/lib/x86_64-linux-gnu/libpcl_octree.so  
[23.724s] -- Found PCL_SEARCH: /usr/lib/x86_64-linux-gnu/libpcl_search.so  
[23.724s] -- Found PCL_SAMPLE_CONSENSUS: /usr/lib/x86_64-linux-gnu/libpcl_sample_consensus.so  
[23.724s] -- Found PCL_FILTERS: /usr/lib/x86_64-linux-gnu/libpcl_filters.so  
[23.724s] -- Found PCL_2D: /usr/include/pcl-1.12  
[23.724s] -- Found PCL_GEOMETRY: /usr/include/pcl-1.12  
[23.724s] -- Found PCL_IO: /usr/lib/x86_64-linux-gnu/libpcl_io.so  
[23.724s] -- Found PCL_FEATURES: /usr/lib/x86_64-linux-gnu/libpcl_features.so  
[23.724s] -- Found PCL_ML: /usr/lib/x86_64-linux-gnu/libpcl_ml.so  
[23.724s] -- Found PCL_SEGMENTATION: /usr/lib/x86_64-linux-gnu/libpcl_segmentation.so  
[23.724s] -- Found PCL_VISUALIZATION: /usr/lib/x86_64-linux-gnu/libpcl_visualization.so  
[23.724s] -- Found PCL_SURFACE: /usr/lib/x86_64-linux-gnu/libpcl_surface.so  
[23.725s] -- Found PCL_REGISTRATION: /usr/lib/x86_64-linux-gnu/libpcl_registration.so  
[23.725s] -- Found PCL_KEYPOINTS: /usr/lib/x86_64-linux-gnu/libpcl_keypoints.so  
[23.725s] -- Found PCL_TRACKING: /usr/lib/x86_64-linux-gnu/libpcl_tracking.so  
[23.725s] -- Found PCL_RECOGNITION: /usr/lib/x86_64-linux-gnu/libpcl_recognition.so  
[23.725s] -- Found PCL_STEREO: /usr/lib/x86_64-linux-gnu/libpcl_stereo.so  
[23.725s] -- Found PCL_APPS: /usr/lib/x86_64-linux-gnu/libpcl_apps.so  
[23.725s] -- Found PCL_IN_HAND_SCANNER: /usr/include/pcl-1.12  
[23.725s] -- Found PCL_MODELER: /usr/include/pcl-1.12  
[23.725s] -- Found PCL_POINT_CLOUD_EDITOR: /usr/include/pcl-1.12  
[23.725s] -- Found PCL_OUTOFCORE: /usr/lib/x86_64-linux-gnu/libpcl_outofcore.so  
[23.725s] -- Found PCL_PEOPLE: /usr/lib/x86_64-linux-gnu/libpcl_people.so  
[23.725s] -- Found TensorRT headers at /usr/include/x86_64-linux-gnu
[23.726s] -- Found TensorRT libs at /usr/lib/x86_64-linux-gnu/libnvinfer.so;/usr/lib/x86_64-linux-gnu/libnvinfer_plugin.so;/usr/lib/x86_64-linux-gnu/libnvparsers.so;/usr/lib/x86_64-linux-gnu/libnvonnxparser.so
[25.110s] -- Found ament_lint_auto: 0.12.5 (/opt/ros/humble/share/ament_lint_auto/cmake)
[38.570s] -- Found CUDA: /usr/local/cuda (found version "11.6") 
[38.580s] -- start to download
[38.580s] -- Checking and downloading pts_voxel_encoder_pointpainting.onnx
[38.580s] -- start pts_voxel_encoder_pointpainting.onnx
[38.580s] -- not found pts_voxel_encoder_pointpainting.onnx
[38.580s] -- File doesn't exists. Downloading now ...
[42.021s] -- Download completed successfully!
[42.022s] -- Checking and downloading pts_backbone_neck_head_pointpainting.onnx
[42.022s] -- start pts_backbone_neck_head_pointpainting.onnx
[42.022s] -- not found pts_backbone_neck_head_pointpainting.onnx
[42.022s] -- File doesn't exists. Downloading now ...
[42.967s] -- Download completed successfully!
[59.150s] -- Added test 'copyright' to check source files copyright and LICENSE
[59.155s] -- Added test 'cppcheck' to perform static code analysis on C / C++ code
[59.158s] -- Configured cppcheck include dirs: /home/sws/autoware/src/universe/autoware.universe/perception/image_projection_based_fusion/include
[59.158s] -- Configured cppcheck exclude dirs and/or files: 
[59.160s] -- Added test 'lint_cmake' to check CMake code style
[59.161s] -- Added test 'xmllint' to check XML markup files
[59.167s] -- Configuring done
[59.452s] -- Generating done
[59.457s] -- Build files have been written to: /home/sws/autoware/build/image_projection_based_fusion
[59.495s] Invoked command in '/home/sws/autoware/build/image_projection_based_fusion' returned '0': AMENT_PREFIX_PATH=/home/sws/autoware/install/lidar_centerpoint:/home/sws/autoware/install/perception_utils:/home/sws/autoware/install/interpolation:/home/sws/autoware/install/tier4_autoware_utils:/home/sws/autoware/install/tier4_perception_msgs:/home/sws/autoware/install/tensorrt_common:/home/sws/autoware/install/autoware_auto_vehicle_msgs:/home/sws/autoware/install/autoware_cmake:/home/sws/autoware/install/autoware_auto_planning_msgs:/home/sws/autoware/install/autoware_auto_perception_msgs:/home/sws/autoware/install/tier4_debug_msgs:/home/sws/autoware/install/autoware_lint_common:/home/sws/autoware/install/autoware_auto_mapping_msgs:/home/sws/autoware/install/autoware_auto_geometry_msgs:${AMENT_PREFIX_PATH} CMAKE_PREFIX_PATH=/home/sws/autoware/install/lidar_centerpoint:/home/sws/autoware/install/perception_utils:/home/sws/autoware/install/interpolation:/home/sws/autoware/install/tier4_autoware_utils:/home/sws/autoware/install/tier4_perception_msgs:/home/sws/autoware/install/tensorrt_common:/home/sws/autoware/install/autoware_auto_vehicle_msgs:/home/sws/autoware/install/autoware_cmake:/home/sws/autoware/install/autoware_auto_planning_msgs:/home/sws/autoware/install/autoware_auto_perception_msgs:/home/sws/autoware/install/tier4_debug_msgs:/home/sws/autoware/install/autoware_lint_common:/home/sws/autoware/install/autoware_auto_mapping_msgs:/home/sws/autoware/install/autoware_auto_geometry_msgs:/opt/ros/humble LD_LIBRARY_PATH=/home/sws/autoware/install/lidar_centerpoint/lib:/home/sws/autoware/install/perception_utils/lib:/home/sws/autoware/install/interpolation/lib:/home/sws/autoware/install/tier4_autoware_utils/lib:/home/sws/autoware/install/tier4_perception_msgs/lib:/home/sws/autoware/install/tensorrt_common/lib:/home/sws/autoware/install/autoware_auto_vehicle_msgs/lib:/home/sws/autoware/install/autoware_auto_planning_msgs/lib:/home/sws/autoware/install/autoware_auto_perception_msgs/lib:/home/sws/autoware/install/tier4_debug_msgs/lib:/home/sws/autoware/install/autoware_auto_mapping_msgs/lib:/home/sws/autoware/install/autoware_auto_geometry_msgs/lib:${LD_LIBRARY_PATH} PYTHONPATH=/home/sws/autoware/install/tier4_perception_msgs/local/lib/python3.10/dist-packages:/home/sws/autoware/install/autoware_auto_vehicle_msgs/local/lib/python3.10/dist-packages:/home/sws/autoware/install/autoware_auto_planning_msgs/local/lib/python3.10/dist-packages:/home/sws/autoware/install/autoware_auto_perception_msgs/local/lib/python3.10/dist-packages:/home/sws/autoware/install/tier4_debug_msgs/local/lib/python3.10/dist-packages:/home/sws/autoware/install/autoware_auto_mapping_msgs/local/lib/python3.10/dist-packages:/home/sws/autoware/install/autoware_auto_geometry_msgs/local/lib/python3.10/dist-packages:${PYTHONPATH} /usr/bin/cmake /home/sws/autoware/src/universe/autoware.universe/perception/image_projection_based_fusion -DCMAKE_BUILD_TYPE=Release -DAMENT_CMAKE_SYMLINK_INSTALL=1 -DCMAKE_INSTALL_PREFIX=/home/sws/autoware/install/image_projection_based_fusion
[59.510s] Invoking command in '/home/sws/autoware/build/image_projection_based_fusion': AMENT_PREFIX_PATH=/home/sws/autoware/install/lidar_centerpoint:/home/sws/autoware/install/perception_utils:/home/sws/autoware/install/interpolation:/home/sws/autoware/install/tier4_autoware_utils:/home/sws/autoware/install/tier4_perception_msgs:/home/sws/autoware/install/tensorrt_common:/home/sws/autoware/install/autoware_auto_vehicle_msgs:/home/sws/autoware/install/autoware_cmake:/home/sws/autoware/install/autoware_auto_planning_msgs:/home/sws/autoware/install/autoware_auto_perception_msgs:/home/sws/autoware/install/tier4_debug_msgs:/home/sws/autoware/install/autoware_lint_common:/home/sws/autoware/install/autoware_auto_mapping_msgs:/home/sws/autoware/install/autoware_auto_geometry_msgs:${AMENT_PREFIX_PATH} CMAKE_PREFIX_PATH=/home/sws/autoware/install/lidar_centerpoint:/home/sws/autoware/install/perception_utils:/home/sws/autoware/install/interpolation:/home/sws/autoware/install/tier4_autoware_utils:/home/sws/autoware/install/tier4_perception_msgs:/home/sws/autoware/install/tensorrt_common:/home/sws/autoware/install/autoware_auto_vehicle_msgs:/home/sws/autoware/install/autoware_cmake:/home/sws/autoware/install/autoware_auto_planning_msgs:/home/sws/autoware/install/autoware_auto_perception_msgs:/home/sws/autoware/install/tier4_debug_msgs:/home/sws/autoware/install/autoware_lint_common:/home/sws/autoware/install/autoware_auto_mapping_msgs:/home/sws/autoware/install/autoware_auto_geometry_msgs:/opt/ros/humble LD_LIBRARY_PATH=/home/sws/autoware/install/lidar_centerpoint/lib:/home/sws/autoware/install/perception_utils/lib:/home/sws/autoware/install/interpolation/lib:/home/sws/autoware/install/tier4_autoware_utils/lib:/home/sws/autoware/install/tier4_perception_msgs/lib:/home/sws/autoware/install/tensorrt_common/lib:/home/sws/autoware/install/autoware_auto_vehicle_msgs/lib:/home/sws/autoware/install/autoware_auto_planning_msgs/lib:/home/sws/autoware/install/autoware_auto_perception_msgs/lib:/home/sws/autoware/install/tier4_debug_msgs/lib:/home/sws/autoware/install/autoware_auto_mapping_msgs/lib:/home/sws/autoware/install/autoware_auto_geometry_msgs/lib:${LD_LIBRARY_PATH} PYTHONPATH=/home/sws/autoware/install/tier4_perception_msgs/local/lib/python3.10/dist-packages:/home/sws/autoware/install/autoware_auto_vehicle_msgs/local/lib/python3.10/dist-packages:/home/sws/autoware/install/autoware_auto_planning_msgs/local/lib/python3.10/dist-packages:/home/sws/autoware/install/autoware_auto_perception_msgs/local/lib/python3.10/dist-packages:/home/sws/autoware/install/tier4_debug_msgs/local/lib/python3.10/dist-packages:/home/sws/autoware/install/autoware_auto_mapping_msgs/local/lib/python3.10/dist-packages:/home/sws/autoware/install/autoware_auto_geometry_msgs/local/lib/python3.10/dist-packages:${PYTHONPATH} /usr/bin/cmake --build /home/sws/autoware/build/image_projection_based_fusion -- -j16 -l16
[61.264s] [  5%] [32mBuilding CXX object CMakeFiles/image_projection_based_fusion.dir/src/fusion_node.cpp.o[0m
[102.447s] [ 10%] [32mBuilding CXX object CMakeFiles/image_projection_based_fusion.dir/src/roi_detected_object_fusion/node.cpp.o[0m
[117.372s] [ 15%] [32mBuilding CXX object CMakeFiles/image_projection_based_fusion.dir/src/roi_cluster_fusion/node.cpp.o[0m
[133.065s] [ 21%] [32mBuilding CXX object CMakeFiles/image_projection_based_fusion.dir/src/utils/utils.cpp.o[0m
[145.079s] [ 26%] [32mBuilding CXX object CMakeFiles/image_projection_based_fusion.dir/src/utils/geometry.cpp.o[0m
[155.780s] [ 31%] [32mBuilding CXX object CMakeFiles/image_projection_based_fusion.dir/src/debugger.cpp.o[0m
[166.401s] [ 36%] [32m[1mLinking CXX shared library libimage_projection_based_fusion.so[0m
[167.425s] [ 36%] Built target image_projection_based_fusion
[167.455s] [ 42%] [32mBuilding CXX object CMakeFiles/pointpainting_fusion_node.dir/rclcpp_components/node_main_pointpainting_fusion_node.cpp.o[0m
[173.001s] [ 47%] [32m[1mLinking CXX executable pointpainting_fusion_node[0m
[173.170s] [ 47%] Built target pointpainting_fusion_node
[173.188s] [ 52%] [34m[1mBuilding NVCC (Device) object CMakeFiles/pointpainting_cuda_lib.dir/src/pointpainting_fusion/pointpainting_cuda_lib_generated_preprocess_kernel.cu.o[0m
[175.775s] [ 57%] [32m[1mLinking CXX shared library libpointpainting_cuda_lib.so[0m
[175.927s] [ 57%] Built target pointpainting_cuda_lib
[175.927s] [ 63%] [32mBuilding CXX object CMakeFiles/roi_cluster_fusion_node.dir/rclcpp_components/node_main_roi_cluster_fusion_node.cpp.o[0m
[181.181s] [ 68%] [32m[1mLinking CXX executable roi_cluster_fusion_node[0m
[181.291s] [ 68%] Built target roi_cluster_fusion_node
[181.326s] [ 73%] [32mBuilding CXX object CMakeFiles/pointpainting_lib.dir/src/pointpainting_fusion/node.cpp.o[0m
[210.548s] [ 78%] [32mBuilding CXX object CMakeFiles/pointpainting_lib.dir/src/pointpainting_fusion/voxel_generator.cpp.o[0m
[216.743s] [ 84%] [32mBuilding CXX object CMakeFiles/pointpainting_lib.dir/src/pointpainting_fusion/pointpainting_trt.cpp.o[0m
[226.871s] [ 89%] [32m[1mLinking CXX shared library libpointpainting_lib.so[0m
[228.050s] [ 89%] Built target pointpainting_lib
[228.089s] [ 94%] [32mBuilding CXX object CMakeFiles/roi_detected_object_fusion_node.dir/rclcpp_components/node_main_roi_detected_object_fusion_node.cpp.o[0m
[233.671s] [100%] [32m[1mLinking CXX executable roi_detected_object_fusion_node[0m
[234.067s] [100%] Built target roi_detected_object_fusion_node
[234.115s] Invoked command in '/home/sws/autoware/build/image_projection_based_fusion' returned '0': AMENT_PREFIX_PATH=/home/sws/autoware/install/lidar_centerpoint:/home/sws/autoware/install/perception_utils:/home/sws/autoware/install/interpolation:/home/sws/autoware/install/tier4_autoware_utils:/home/sws/autoware/install/tier4_perception_msgs:/home/sws/autoware/install/tensorrt_common:/home/sws/autoware/install/autoware_auto_vehicle_msgs:/home/sws/autoware/install/autoware_cmake:/home/sws/autoware/install/autoware_auto_planning_msgs:/home/sws/autoware/install/autoware_auto_perception_msgs:/home/sws/autoware/install/tier4_debug_msgs:/home/sws/autoware/install/autoware_lint_common:/home/sws/autoware/install/autoware_auto_mapping_msgs:/home/sws/autoware/install/autoware_auto_geometry_msgs:${AMENT_PREFIX_PATH} CMAKE_PREFIX_PATH=/home/sws/autoware/install/lidar_centerpoint:/home/sws/autoware/install/perception_utils:/home/sws/autoware/install/interpolation:/home/sws/autoware/install/tier4_autoware_utils:/home/sws/autoware/install/tier4_perception_msgs:/home/sws/autoware/install/tensorrt_common:/home/sws/autoware/install/autoware_auto_vehicle_msgs:/home/sws/autoware/install/autoware_cmake:/home/sws/autoware/install/autoware_auto_planning_msgs:/home/sws/autoware/install/autoware_auto_perception_msgs:/home/sws/autoware/install/tier4_debug_msgs:/home/sws/autoware/install/autoware_lint_common:/home/sws/autoware/install/autoware_auto_mapping_msgs:/home/sws/autoware/install/autoware_auto_geometry_msgs:/opt/ros/humble LD_LIBRARY_PATH=/home/sws/autoware/install/lidar_centerpoint/lib:/home/sws/autoware/install/perception_utils/lib:/home/sws/autoware/install/interpolation/lib:/home/sws/autoware/install/tier4_autoware_utils/lib:/home/sws/autoware/install/tier4_perception_msgs/lib:/home/sws/autoware/install/tensorrt_common/lib:/home/sws/autoware/install/autoware_auto_vehicle_msgs/lib:/home/sws/autoware/install/autoware_auto_planning_msgs/lib:/home/sws/autoware/install/autoware_auto_perception_msgs/lib:/home/sws/autoware/install/tier4_debug_msgs/lib:/home/sws/autoware/install/autoware_auto_mapping_msgs/lib:/home/sws/autoware/install/autoware_auto_geometry_msgs/lib:${LD_LIBRARY_PATH} PYTHONPATH=/home/sws/autoware/install/tier4_perception_msgs/local/lib/python3.10/dist-packages:/home/sws/autoware/install/autoware_auto_vehicle_msgs/local/lib/python3.10/dist-packages:/home/sws/autoware/install/autoware_auto_planning_msgs/local/lib/python3.10/dist-packages:/home/sws/autoware/install/autoware_auto_perception_msgs/local/lib/python3.10/dist-packages:/home/sws/autoware/install/tier4_debug_msgs/local/lib/python3.10/dist-packages:/home/sws/autoware/install/autoware_auto_mapping_msgs/local/lib/python3.10/dist-packages:/home/sws/autoware/install/autoware_auto_geometry_msgs/local/lib/python3.10/dist-packages:${PYTHONPATH} /usr/bin/cmake --build /home/sws/autoware/build/image_projection_based_fusion -- -j16 -l16
[235.090s] Invoking command in '/home/sws/autoware/build/image_projection_based_fusion': AMENT_PREFIX_PATH=/home/sws/autoware/install/lidar_centerpoint:/home/sws/autoware/install/perception_utils:/home/sws/autoware/install/interpolation:/home/sws/autoware/install/tier4_autoware_utils:/home/sws/autoware/install/tier4_perception_msgs:/home/sws/autoware/install/tensorrt_common:/home/sws/autoware/install/autoware_auto_vehicle_msgs:/home/sws/autoware/install/autoware_cmake:/home/sws/autoware/install/autoware_auto_planning_msgs:/home/sws/autoware/install/autoware_auto_perception_msgs:/home/sws/autoware/install/tier4_debug_msgs:/home/sws/autoware/install/autoware_lint_common:/home/sws/autoware/install/autoware_auto_mapping_msgs:/home/sws/autoware/install/autoware_auto_geometry_msgs:${AMENT_PREFIX_PATH} CMAKE_PREFIX_PATH=/home/sws/autoware/install/lidar_centerpoint:/home/sws/autoware/install/perception_utils:/home/sws/autoware/install/interpolation:/home/sws/autoware/install/tier4_autoware_utils:/home/sws/autoware/install/tier4_perception_msgs:/home/sws/autoware/install/tensorrt_common:/home/sws/autoware/install/autoware_auto_vehicle_msgs:/home/sws/autoware/install/autoware_cmake:/home/sws/autoware/install/autoware_auto_planning_msgs:/home/sws/autoware/install/autoware_auto_perception_msgs:/home/sws/autoware/install/tier4_debug_msgs:/home/sws/autoware/install/autoware_lint_common:/home/sws/autoware/install/autoware_auto_mapping_msgs:/home/sws/autoware/install/autoware_auto_geometry_msgs:/opt/ros/humble LD_LIBRARY_PATH=/home/sws/autoware/install/lidar_centerpoint/lib:/home/sws/autoware/install/perception_utils/lib:/home/sws/autoware/install/interpolation/lib:/home/sws/autoware/install/tier4_autoware_utils/lib:/home/sws/autoware/install/tier4_perception_msgs/lib:/home/sws/autoware/install/tensorrt_common/lib:/home/sws/autoware/install/autoware_auto_vehicle_msgs/lib:/home/sws/autoware/install/autoware_auto_planning_msgs/lib:/home/sws/autoware/install/autoware_auto_perception_msgs/lib:/home/sws/autoware/install/tier4_debug_msgs/lib:/home/sws/autoware/install/autoware_auto_mapping_msgs/lib:/home/sws/autoware/install/autoware_auto_geometry_msgs/lib:${LD_LIBRARY_PATH} PYTHONPATH=/home/sws/autoware/install/tier4_perception_msgs/local/lib/python3.10/dist-packages:/home/sws/autoware/install/autoware_auto_vehicle_msgs/local/lib/python3.10/dist-packages:/home/sws/autoware/install/autoware_auto_planning_msgs/local/lib/python3.10/dist-packages:/home/sws/autoware/install/autoware_auto_perception_msgs/local/lib/python3.10/dist-packages:/home/sws/autoware/install/tier4_debug_msgs/local/lib/python3.10/dist-packages:/home/sws/autoware/install/autoware_auto_mapping_msgs/local/lib/python3.10/dist-packages:/home/sws/autoware/install/autoware_auto_geometry_msgs/local/lib/python3.10/dist-packages:${PYTHONPATH} /usr/bin/cmake --install /home/sws/autoware/build/image_projection_based_fusion
[255.463s] -- Install configuration: "Release"
[255.463s] -- Execute custom install script
[255.463s] -- Symlinking: /home/sws/autoware/install/image_projection_based_fusion/lib/image_projection_based_fusion/roi_detected_object_fusion_node
[255.463s] -- Symlinking: /home/sws/autoware/install/image_projection_based_fusion/lib/image_projection_based_fusion/roi_cluster_fusion_node
[255.464s] -- Symlinking: /home/sws/autoware/install/image_projection_based_fusion/lib/image_projection_based_fusion/pointpainting_fusion_node
[255.464s] -- Symlinking: /home/sws/autoware/install/image_projection_based_fusion/include/image_projection_based_fusion/debugger.hpp
[255.464s] -- Symlinking: /home/sws/autoware/install/image_projection_based_fusion/include/image_projection_based_fusion/fusion_node.hpp
[255.464s] -- Symlinking: /home/sws/autoware/install/image_projection_based_fusion/include/image_projection_based_fusion/pointpainting_fusion/node.hpp
[255.481s] -- Symlinking: /home/sws/autoware/install/image_projection_based_fusion/include/image_projection_based_fusion/pointpainting_fusion/pointpainting_trt.hpp
[255.481s] -- Symlinking: /home/sws/autoware/install/image_projection_based_fusion/include/image_projection_based_fusion/pointpainting_fusion/preprocess_kernel.hpp
[255.481s] -- Symlinking: /home/sws/autoware/install/image_projection_based_fusion/include/image_projection_based_fusion/pointpainting_fusion/voxel_generator.hpp
[255.481s] -- Symlinking: /home/sws/autoware/install/image_projection_based_fusion/include/image_projection_based_fusion/roi_cluster_fusion/node.hpp
[255.481s] -- Symlinking: /home/sws/autoware/install/image_projection_based_fusion/include/image_projection_based_fusion/roi_detected_object_fusion/node.hpp
[255.481s] -- Symlinking: /home/sws/autoware/install/image_projection_based_fusion/include/image_projection_based_fusion/utils/geometry.hpp
[255.481s] -- Symlinking: /home/sws/autoware/install/image_projection_based_fusion/include/image_projection_based_fusion/utils/utils.hpp
[255.481s] -- Symlinking: /home/sws/autoware/install/image_projection_based_fusion/share/image_projection_based_fusion/environment/library_path.sh
[255.481s] -- Symlinking: /home/sws/autoware/install/image_projection_based_fusion/share/image_projection_based_fusion/environment/library_path.dsv
[255.481s] -- Symlinking: /home/sws/autoware/install/image_projection_based_fusion/lib/libimage_projection_based_fusion.so
[255.482s] -- Symlinking: /home/sws/autoware/install/image_projection_based_fusion/lib/libpointpainting_lib.so
[255.482s] -- Symlinking: /home/sws/autoware/install/image_projection_based_fusion/share/image_projection_based_fusion/launch/pointpainting_fusion.launch.xml
[255.482s] -- Symlinking: /home/sws/autoware/install/image_projection_based_fusion/share/image_projection_based_fusion/launch/roi_cluster_fusion.launch.xml
[255.482s] -- Symlinking: /home/sws/autoware/install/image_projection_based_fusion/share/image_projection_based_fusion/launch/roi_detected_object_fusion.launch.xml
[255.482s] -- Symlinking: /home/sws/autoware/install/image_projection_based_fusion/share/image_projection_based_fusion/config/pointpainting.param.yaml
[255.482s] -- Symlinking: /home/sws/autoware/install/image_projection_based_fusion/share/image_projection_based_fusion/config/roi_sync.param.yaml
[255.482s] -- Symlinking: /home/sws/autoware/install/image_projection_based_fusion/share/image_projection_based_fusion/data/pts_backbone_neck_head_pointpainting.onnx
[255.482s] -- Symlinking: /home/sws/autoware/install/image_projection_based_fusion/share/image_projection_based_fusion/data/pts_voxel_encoder_pointpainting.onnx
[255.482s] -- Symlinking: /home/sws/autoware/install/image_projection_based_fusion/share/ament_index/resource_index/package_run_dependencies/image_projection_based_fusion
[255.482s] -- Symlinking: /home/sws/autoware/install/image_projection_based_fusion/share/ament_index/resource_index/parent_prefix_path/image_projection_based_fusion
[255.482s] -- Symlinking: /home/sws/autoware/install/image_projection_based_fusion/share/image_projection_based_fusion/environment/ament_prefix_path.sh
[255.482s] -- Symlinking: /home/sws/autoware/install/image_projection_based_fusion/share/image_projection_based_fusion/environment/ament_prefix_path.dsv
[255.483s] -- Symlinking: /home/sws/autoware/install/image_projection_based_fusion/share/image_projection_based_fusion/environment/path.sh
[255.483s] -- Symlinking: /home/sws/autoware/install/image_projection_based_fusion/share/image_projection_based_fusion/environment/path.dsv
[255.483s] -- Symlinking: /home/sws/autoware/install/image_projection_based_fusion/share/image_projection_based_fusion/local_setup.bash
[255.483s] -- Symlinking: /home/sws/autoware/install/image_projection_based_fusion/share/image_projection_based_fusion/local_setup.sh
[255.483s] -- Symlinking: /home/sws/autoware/install/image_projection_based_fusion/share/image_projection_based_fusion/local_setup.zsh
[255.483s] -- Symlinking: /home/sws/autoware/install/image_projection_based_fusion/share/image_projection_based_fusion/local_setup.dsv
[255.483s] -- Symlinking: /home/sws/autoware/install/image_projection_based_fusion/share/image_projection_based_fusion/package.dsv
[255.483s] -- Symlinking: /home/sws/autoware/install/image_projection_based_fusion/share/ament_index/resource_index/packages/image_projection_based_fusion
[255.483s] -- Symlinking: /home/sws/autoware/install/image_projection_based_fusion/share/ament_index/resource_index/rclcpp_components/image_projection_based_fusion
[255.483s] -- Symlinking: /home/sws/autoware/install/image_projection_based_fusion/share/image_projection_based_fusion/cmake/ament_cmake_export_dependencies-extras.cmake
[255.483s] -- Symlinking: /home/sws/autoware/install/image_projection_based_fusion/share/image_projection_based_fusion/cmake/ament_cmake_export_include_directories-extras.cmake
[255.484s] -- Symlinking: /home/sws/autoware/install/image_projection_based_fusion/share/image_projection_based_fusion/cmake/ament_cmake_export_libraries-extras.cmake
[255.484s] -- Symlinking: /home/sws/autoware/install/image_projection_based_fusion/share/image_projection_based_fusion/cmake/image_projection_based_fusionConfig.cmake
[255.484s] -- Symlinking: /home/sws/autoware/install/image_projection_based_fusion/share/image_projection_based_fusion/cmake/image_projection_based_fusionConfig-version.cmake
[255.484s] -- Symlinking: /home/sws/autoware/install/image_projection_based_fusion/share/image_projection_based_fusion/package.xml
[255.644s] Invoked command in '/home/sws/autoware/build/image_projection_based_fusion' returned '0': AMENT_PREFIX_PATH=/home/sws/autoware/install/lidar_centerpoint:/home/sws/autoware/install/perception_utils:/home/sws/autoware/install/interpolation:/home/sws/autoware/install/tier4_autoware_utils:/home/sws/autoware/install/tier4_perception_msgs:/home/sws/autoware/install/tensorrt_common:/home/sws/autoware/install/autoware_auto_vehicle_msgs:/home/sws/autoware/install/autoware_cmake:/home/sws/autoware/install/autoware_auto_planning_msgs:/home/sws/autoware/install/autoware_auto_perception_msgs:/home/sws/autoware/install/tier4_debug_msgs:/home/sws/autoware/install/autoware_lint_common:/home/sws/autoware/install/autoware_auto_mapping_msgs:/home/sws/autoware/install/autoware_auto_geometry_msgs:${AMENT_PREFIX_PATH} CMAKE_PREFIX_PATH=/home/sws/autoware/install/lidar_centerpoint:/home/sws/autoware/install/perception_utils:/home/sws/autoware/install/interpolation:/home/sws/autoware/install/tier4_autoware_utils:/home/sws/autoware/install/tier4_perception_msgs:/home/sws/autoware/install/tensorrt_common:/home/sws/autoware/install/autoware_auto_vehicle_msgs:/home/sws/autoware/install/autoware_cmake:/home/sws/autoware/install/autoware_auto_planning_msgs:/home/sws/autoware/install/autoware_auto_perception_msgs:/home/sws/autoware/install/tier4_debug_msgs:/home/sws/autoware/install/autoware_lint_common:/home/sws/autoware/install/autoware_auto_mapping_msgs:/home/sws/autoware/install/autoware_auto_geometry_msgs:/opt/ros/humble LD_LIBRARY_PATH=/home/sws/autoware/install/lidar_centerpoint/lib:/home/sws/autoware/install/perception_utils/lib:/home/sws/autoware/install/interpolation/lib:/home/sws/autoware/install/tier4_autoware_utils/lib:/home/sws/autoware/install/tier4_perception_msgs/lib:/home/sws/autoware/install/tensorrt_common/lib:/home/sws/autoware/install/autoware_auto_vehicle_msgs/lib:/home/sws/autoware/install/autoware_auto_planning_msgs/lib:/home/sws/autoware/install/autoware_auto_perception_msgs/lib:/home/sws/autoware/install/tier4_debug_msgs/lib:/home/sws/autoware/install/autoware_auto_mapping_msgs/lib:/home/sws/autoware/install/autoware_auto_geometry_msgs/lib:${LD_LIBRARY_PATH} PYTHONPATH=/home/sws/autoware/install/tier4_perception_msgs/local/lib/python3.10/dist-packages:/home/sws/autoware/install/autoware_auto_vehicle_msgs/local/lib/python3.10/dist-packages:/home/sws/autoware/install/autoware_auto_planning_msgs/local/lib/python3.10/dist-packages:/home/sws/autoware/install/autoware_auto_perception_msgs/local/lib/python3.10/dist-packages:/home/sws/autoware/install/tier4_debug_msgs/local/lib/python3.10/dist-packages:/home/sws/autoware/install/autoware_auto_mapping_msgs/local/lib/python3.10/dist-packages:/home/sws/autoware/install/autoware_auto_geometry_msgs/local/lib/python3.10/dist-packages:${PYTHONPATH} /usr/bin/cmake --install /home/sws/autoware/build/image_projection_based_fusion
