[0.074s] Invoking command in '/home/sws/autoware/build/vls_description': CMAKE_PREFIX_PATH=/opt/ros/humble /usr/bin/cmake /home/sws/autoware/src/sensor_component/external/sensor_component_description/vls_description -DCMAKE_BUILD_TYPE=Release -DAMENT_CMAKE_SYMLINK_INSTALL=1 -DCMAKE_INSTALL_PREFIX=/home/sws/autoware/install/vls_description
[0.157s] -- The C compiler identification is GNU 11.3.0
[0.240s] -- The CXX compiler identification is GNU 11.3.0
[0.251s] -- Detecting C compiler ABI info
[0.344s] -- Detecting C compiler ABI info - done
[0.358s] -- Check for working C compiler: /usr/bin/cc - skipped
[0.358s] -- Detecting C compile features
[0.359s] -- Detecting C compile features - done
[0.363s] -- Detecting CXX compiler ABI info
[0.476s] -- Detecting CXX compiler ABI info - done
[0.486s] -- Check for working CXX compiler: /usr/bin/c++ - skipped
[0.487s] -- Detecting CXX compile features
[0.487s] -- Detecting CXX compile features - done
[0.487s] -- Found ament_cmake_auto: 1.3.3 (/opt/ros/humble/share/ament_cmake_auto/cmake)
[0.709s] -- Found Python3: /usr/bin/python3.10 (found version "3.10.6") found components: Interpreter 
[0.792s] -- Override CMake install command with custom implementation using symlinks instead of copying resources
[0.921s] -- Configuring done
[0.925s] -- Generating done
[0.926s] -- Build files have been written to: /home/sws/autoware/build/vls_description
[0.932s] Invoked command in '/home/sws/autoware/build/vls_description' returned '0': CMAKE_PREFIX_PATH=/opt/ros/humble /usr/bin/cmake /home/sws/autoware/src/sensor_component/external/sensor_component_description/vls_description -DCMAKE_BUILD_TYPE=Release -DAMENT_CMAKE_SYMLINK_INSTALL=1 -DCMAKE_INSTALL_PREFIX=/home/sws/autoware/install/vls_description
[0.947s] Invoking command in '/home/sws/autoware/build/vls_description': CMAKE_PREFIX_PATH=/opt/ros/humble /usr/bin/cmake --build /home/sws/autoware/build/vls_description -- -j16 -l16
[1.339s] Invoked command in '/home/sws/autoware/build/vls_description' returned '0': CMAKE_PREFIX_PATH=/opt/ros/humble /usr/bin/cmake --build /home/sws/autoware/build/vls_description -- -j16 -l16
[1.391s] Invoking command in '/home/sws/autoware/build/vls_description': CMAKE_PREFIX_PATH=/opt/ros/humble /usr/bin/cmake --install /home/sws/autoware/build/vls_description
[2.064s] -- Install configuration: "Release"
[2.064s] -- Execute custom install script
[2.064s] -- Symlinking: /home/sws/autoware/install/vls_description/share/vls_description/urdf/VLS-128.urdf.xacro
[2.064s] -- Symlinking: /home/sws/autoware/install/vls_description/share/vls_description/meshes/VLS128_base_1.dae
[2.064s] -- Symlinking: /home/sws/autoware/install/vls_description/share/vls_description/meshes/VLS128_base_1.stl
[2.064s] -- Symlinking: /home/sws/autoware/install/vls_description/share/vls_description/meshes/VLS128_base_2.dae
[2.064s] -- Symlinking: /home/sws/autoware/install/vls_description/share/vls_description/meshes/VLS128_base_2.stl
[2.064s] -- Symlinking: /home/sws/autoware/install/vls_description/share/vls_description/meshes/VLS128_scan.dae
[2.064s] -- Symlinking: /home/sws/autoware/install/vls_description/share/vls_description/meshes/VLS128_scan.stl
[2.064s] -- Symlinking: /home/sws/autoware/install/vls_description/share/ament_index/resource_index/package_run_dependencies/vls_description
[2.065s] -- Symlinking: /home/sws/autoware/install/vls_description/share/ament_index/resource_index/parent_prefix_path/vls_description
[2.065s] -- Symlinking: /home/sws/autoware/install/vls_description/share/vls_description/environment/ament_prefix_path.sh
[2.065s] -- Symlinking: /home/sws/autoware/install/vls_description/share/vls_description/environment/ament_prefix_path.dsv
[2.065s] -- Symlinking: /home/sws/autoware/install/vls_description/share/vls_description/environment/path.sh
[2.065s] -- Symlinking: /home/sws/autoware/install/vls_description/share/vls_description/environment/path.dsv
[2.065s] -- Symlinking: /home/sws/autoware/install/vls_description/share/vls_description/local_setup.bash
[2.065s] -- Symlinking: /home/sws/autoware/install/vls_description/share/vls_description/local_setup.sh
[2.065s] -- Symlinking: /home/sws/autoware/install/vls_description/share/vls_description/local_setup.zsh
[2.066s] -- Symlinking: /home/sws/autoware/install/vls_description/share/vls_description/local_setup.dsv
[2.066s] -- Symlinking: /home/sws/autoware/install/vls_description/share/vls_description/package.dsv
[2.066s] -- Symlinking: /home/sws/autoware/install/vls_description/share/ament_index/resource_index/packages/vls_description
[2.066s] -- Symlinking: /home/sws/autoware/install/vls_description/share/vls_description/cmake/vls_descriptionConfig.cmake
[2.066s] -- Symlinking: /home/sws/autoware/install/vls_description/share/vls_description/cmake/vls_descriptionConfig-version.cmake
[2.066s] -- Symlinking: /home/sws/autoware/install/vls_description/share/vls_description/package.xml
[2.083s] Invoked command in '/home/sws/autoware/build/vls_description' returned '0': CMAKE_PREFIX_PATH=/opt/ros/humble /usr/bin/cmake --install /home/sws/autoware/build/vls_description
