-- The C compiler identification is GNU 11.3.0
-- The CXX compiler identification is GNU 11.3.0
-- Detecting C compiler ABI info
-- Detecting C compiler ABI info - done
-- Check for working C compiler: /usr/bin/cc - skipped
-- Detecting C compile features
-- Detecting C compile features - done
-- Detecting CXX compiler ABI info
-- Detecting CXX compiler ABI info - done
-- Check for working CXX compiler: /usr/bin/c++ - skipped
-- Detecting CXX compile features
-- Detecting CXX compile features - done
-- Found autoware_cmake: 0.1.0 (/home/sws/autoware/install/autoware_cmake/share/autoware_cmake/cmake)
-- Found Python3: /usr/bin/python3.10 (found version "3.10.6") found components: Interpreter 
-- Override CMake install command with custom implementation using symlinks instead of copying resources
-- Found rosidl_generator_c: 3.1.4 (/opt/ros/humble/share/rosidl_generator_c/cmake)
-- Found rosidl_adapter: 3.1.4 (/opt/ros/humble/share/rosidl_adapter/cmake)
-- Found rosidl_generator_cpp: 3.1.4 (/opt/ros/humble/share/rosidl_generator_cpp/cmake)
-- Using all available rosidl_typesupport_c: rosidl_typesupport_fastrtps_c;rosidl_typesupport_introspection_c
-- Using all available rosidl_typesupport_cpp: rosidl_typesupport_fastrtps_cpp;rosidl_typesupport_introspection_cpp
-- Found rmw_implementation_cmake: 6.1.1 (/opt/ros/humble/share/rmw_implementation_cmake/cmake)
-- Found rmw_fastrtps_cpp: 6.2.2 (/opt/ros/humble/share/rmw_fastrtps_cpp/cmake)
-- Found OpenSSL: /usr/lib/x86_64-linux-gnu/libcrypto.so (found version "3.0.2")  
-- Found FastRTPS: /opt/ros/humble/include  
-- Using RMW implementation 'rmw_fastrtps_cpp' as default
-- Looking for pthread.h
-- Looking for pthread.h - found
-- Performing Test CMAKE_HAVE_LIBC_PTHREAD
-- Performing Test CMAKE_HAVE_LIBC_PTHREAD - Success
-- Found Threads: TRUE  
-- Found eigen3_cmake_module: 0.1.1 (/opt/ros/humble/share/eigen3_cmake_module/cmake)
-- Found Eigen3: TRUE (found version "3.4.0") 
-- Ensuring Eigen3 include directory is part of orocos-kdl CMake target
-- Found ament_lint_auto: 0.12.5 (/opt/ros/humble/share/ament_lint_auto/cmake)
-- Found python_cmake_module: 0.10.0 (/opt/ros/humble/share/python_cmake_module/cmake)
-- Found PythonInterp: /usr/bin/python3 (found suitable version "3.10.6", minimum required is "3.6") 
-- Found PythonLibs: /usr/lib/x86_64-linux-gnu/libpython3.10.so (found suitable version "3.10.6", minimum required is "3.5") 
-- Using PYTHON_EXECUTABLE: /usr/bin/python3
-- Using PYTHON_INCLUDE_DIRS: /usr/include/python3.10
-- Using PYTHON_LIBRARIES: /usr/lib/x86_64-linux-gnu/libpython3.10.so
-- Found PythonExtra: .so  
-- Added test 'copyright' to check source files copyright and LICENSE
-- Added test 'cppcheck' to perform static code analysis on C / C++ code
-- Configured cppcheck include dirs: 
-- Configured cppcheck exclude dirs and/or files: 
-- Added test 'lint_cmake' to check CMake code style
-- Added test 'xmllint' to check XML markup files
-- Configuring done
-- Generating done
-- Build files have been written to: /home/sws/autoware/build/default_ad_api
[ 10%] [32mBuilding CXX object CMakeFiles/default_ad_api.dir/src/fail_safe.cpp.o[0m
[ 30%] [32mBuilding CXX object CMakeFiles/default_ad_api.dir/src/utils/route_conversion.cpp.o[0m
[ 30%] [32mBuilding CXX object CMakeFiles/default_ad_api.dir/src/compatibility/autoware_state.cpp.o[0m
[ 40%] [32mBuilding CXX object CMakeFiles/default_ad_api.dir/src/routing.cpp.o[0m
[ 50%] [32mBuilding CXX object CMakeFiles/default_ad_api.dir/src/operation_mode.cpp.o[0m
[ 60%] [32mBuilding CXX object CMakeFiles/default_ad_api.dir/src/planning.cpp.o[0m
[ 70%] [32mBuilding CXX object CMakeFiles/default_ad_api.dir/src/motion.cpp.o[0m
[ 80%] [32mBuilding CXX object CMakeFiles/default_ad_api.dir/src/localization.cpp.o[0m
[ 90%] [32mBuilding CXX object CMakeFiles/default_ad_api.dir/src/interface.cpp.o[0m
[100%] [32m[1mLinking CXX shared library libdefault_ad_api.so[0m
[100%] Built target default_ad_api
-- Install configuration: "Release"
-- Execute custom install script
-- Symlinking: /home/sws/autoware/install/default_ad_api/lib/default_ad_api/web_server.py
-- Symlinking: /home/sws/autoware/install/default_ad_api/share/default_ad_api/environment/library_path.sh
-- Symlinking: /home/sws/autoware/install/default_ad_api/share/default_ad_api/environment/library_path.dsv
-- Symlinking: /home/sws/autoware/install/default_ad_api/lib/libdefault_ad_api.so
-- Symlinking: /home/sws/autoware/install/default_ad_api/share/default_ad_api/config/default_ad_api.param.yaml
-- Symlinking: /home/sws/autoware/install/default_ad_api/share/default_ad_api/launch/default_ad_api.launch.py
-- Symlinking: /home/sws/autoware/install/default_ad_api/share/default_ad_api/test/main.test.py
-- Symlinking: /home/sws/autoware/install/default_ad_api/share/default_ad_api/test/node/interface_version.py
-- Symlinking: /home/sws/autoware/install/default_ad_api/share/ament_index/resource_index/package_run_dependencies/default_ad_api
-- Symlinking: /home/sws/autoware/install/default_ad_api/share/ament_index/resource_index/parent_prefix_path/default_ad_api
-- Symlinking: /home/sws/autoware/install/default_ad_api/share/default_ad_api/environment/ament_prefix_path.sh
-- Symlinking: /home/sws/autoware/install/default_ad_api/share/default_ad_api/environment/ament_prefix_path.dsv
-- Symlinking: /home/sws/autoware/install/default_ad_api/share/default_ad_api/environment/path.sh
-- Symlinking: /home/sws/autoware/install/default_ad_api/share/default_ad_api/environment/path.dsv
-- Symlinking: /home/sws/autoware/install/default_ad_api/share/default_ad_api/local_setup.bash
-- Symlinking: /home/sws/autoware/install/default_ad_api/share/default_ad_api/local_setup.sh
-- Symlinking: /home/sws/autoware/install/default_ad_api/share/default_ad_api/local_setup.zsh
-- Symlinking: /home/sws/autoware/install/default_ad_api/share/default_ad_api/local_setup.dsv
-- Symlinking: /home/sws/autoware/install/default_ad_api/share/default_ad_api/package.dsv
-- Symlinking: /home/sws/autoware/install/default_ad_api/share/ament_index/resource_index/packages/default_ad_api
-- Symlinking: /home/sws/autoware/install/default_ad_api/share/ament_index/resource_index/rclcpp_components/default_ad_api
-- Symlinking: /home/sws/autoware/install/default_ad_api/share/default_ad_api/cmake/ament_cmake_export_dependencies-extras.cmake
-- Symlinking: /home/sws/autoware/install/default_ad_api/share/default_ad_api/cmake/ament_cmake_export_libraries-extras.cmake
-- Symlinking: /home/sws/autoware/install/default_ad_api/share/default_ad_api/cmake/default_ad_apiConfig.cmake
-- Symlinking: /home/sws/autoware/install/default_ad_api/share/default_ad_api/cmake/default_ad_apiConfig-version.cmake
-- Symlinking: /home/sws/autoware/install/default_ad_api/share/default_ad_api/package.xml
