running develop
running egg_info
creating ad_api_visualizers.egg-info
writing ad_api_visualizers.egg-info/PKG-INFO
writing dependency_links to ad_api_visualizers.egg-info/dependency_links.txt
writing entry points to ad_api_visualizers.egg-info/entry_points.txt
writing requirements to ad_api_visualizers.egg-info/requires.txt
writing top-level names to ad_api_visualizers.egg-info/top_level.txt
writing manifest file 'ad_api_visualizers.egg-info/SOURCES.txt'
reading manifest file 'ad_api_visualizers.egg-info/SOURCES.txt'
writing manifest file 'ad_api_visualizers.egg-info/SOURCES.txt'
running build_ext
Creating /home/sws/autoware/install/ad_api_visualizers/lib/python3.10/site-packages/ad-api-visualizers.egg-link (link to .)
Installing planning_factors script to /home/sws/autoware/install/ad_api_visualizers/lib/ad_api_visualizers

Installed /home/sws/autoware/build/ad_api_visualizers
running install_data
creating /home/sws/autoware/install/ad_api_visualizers/share/ament_index
creating /home/sws/autoware/install/ad_api_visualizers/share/ament_index/resource_index
creating /home/sws/autoware/install/ad_api_visualizers/share/ament_index/resource_index/packages
copying resource/ad_api_visualizers -> /home/sws/autoware/install/ad_api_visualizers/share/ament_index/resource_index/packages
copying package.xml -> /home/sws/autoware/install/ad_api_visualizers/share/ad_api_visualizers
creating /home/sws/autoware/install/ad_api_visualizers/share/ad_api_visualizers/launch
copying launch/ad_api_visualizers.launch.xml -> /home/sws/autoware/install/ad_api_visualizers/share/ad_api_visualizers/launch
