[0.043s] Invoking command in '/home/sws/autoware/build/ad_api_adaptors': AMENT_PREFIX_PATH=/home/sws/autoware/install/map_height_fitter:/home/sws/autoware/install/component_interface_utils:/home/sws/autoware/install/autoware_ad_api_specs:/home/sws/autoware/install/tier4_system_msgs:/home/sws/autoware/install/autoware_cmake:/home/sws/autoware/install/autoware_map_msgs:/home/sws/autoware/install/autoware_lint_common:/home/sws/autoware/install/autoware_common_msgs:/home/sws/autoware/install/autoware_adapi_v1_msgs:${AMENT_PREFIX_PATH} CMAKE_PREFIX_PATH=/home/sws/autoware/install/map_height_fitter:/home/sws/autoware/install/component_interface_utils:/home/sws/autoware/install/autoware_ad_api_specs:/home/sws/autoware/install/tier4_system_msgs:/home/sws/autoware/install/autoware_cmake:/home/sws/autoware/install/autoware_map_msgs:/home/sws/autoware/install/autoware_lint_common:/home/sws/autoware/install/autoware_common_msgs:/home/sws/autoware/install/autoware_adapi_v1_msgs:/opt/ros/humble LD_LIBRARY_PATH=/home/sws/autoware/install/map_height_fitter/lib:/home/sws/autoware/install/tier4_system_msgs/lib:/home/sws/autoware/install/autoware_map_msgs/lib:/home/sws/autoware/install/autoware_common_msgs/lib:/home/sws/autoware/install/autoware_adapi_v1_msgs/lib:${LD_LIBRARY_PATH} PYTHONPATH=/home/sws/autoware/install/tier4_system_msgs/local/lib/python3.10/dist-packages:/home/sws/autoware/install/autoware_map_msgs/local/lib/python3.10/dist-packages:/home/sws/autoware/install/autoware_common_msgs/local/lib/python3.10/dist-packages:/home/sws/autoware/install/autoware_adapi_v1_msgs/local/lib/python3.10/dist-packages:${PYTHONPATH} /usr/bin/cmake /home/sws/autoware/src/universe/autoware.universe/system/default_ad_api_helpers/ad_api_adaptors -DCMAKE_BUILD_TYPE=Release -DAMENT_CMAKE_SYMLINK_INSTALL=1 -DCMAKE_INSTALL_PREFIX=/home/sws/autoware/install/ad_api_adaptors
[2.525s] -- The C compiler identification is GNU 11.3.0
[2.525s] -- The CXX compiler identification is GNU 11.3.0
[2.525s] -- Detecting C compiler ABI info
[2.525s] -- Detecting C compiler ABI info - done
[2.525s] -- Check for working C compiler: /usr/bin/cc - skipped
[2.525s] -- Detecting C compile features
[2.525s] -- Detecting C compile features - done
[2.525s] -- Detecting CXX compiler ABI info
[2.526s] -- Detecting CXX compiler ABI info - done
[2.526s] -- Check for working CXX compiler: /usr/bin/c++ - skipped
[2.526s] -- Detecting CXX compile features
[2.526s] -- Detecting CXX compile features - done
[2.526s] -- Found autoware_cmake: 0.1.0 (/home/sws/autoware/install/autoware_cmake/share/autoware_cmake/cmake)
[2.526s] -- Found Python3: /usr/bin/python3.10 (found version "3.10.6") found components: Interpreter 
[2.526s] -- Override CMake install command with custom implementation using symlinks instead of copying resources
[2.526s] -- Found rosidl_generator_c: 3.1.4 (/opt/ros/humble/share/rosidl_generator_c/cmake)
[2.526s] -- Found rosidl_adapter: 3.1.4 (/opt/ros/humble/share/rosidl_adapter/cmake)
[2.526s] -- Found rosidl_generator_cpp: 3.1.4 (/opt/ros/humble/share/rosidl_generator_cpp/cmake)
[2.526s] -- Using all available rosidl_typesupport_c: rosidl_typesupport_fastrtps_c;rosidl_typesupport_introspection_c
[2.527s] -- Using all available rosidl_typesupport_cpp: rosidl_typesupport_fastrtps_cpp;rosidl_typesupport_introspection_cpp
[2.527s] -- Found rmw_implementation_cmake: 6.1.1 (/opt/ros/humble/share/rmw_implementation_cmake/cmake)
[2.527s] -- Found rmw_fastrtps_cpp: 6.2.2 (/opt/ros/humble/share/rmw_fastrtps_cpp/cmake)
[2.527s] -- Found OpenSSL: /usr/lib/x86_64-linux-gnu/libcrypto.so (found version "3.0.2")  
[2.527s] -- Found FastRTPS: /opt/ros/humble/include  
[2.527s] -- Using RMW implementation 'rmw_fastrtps_cpp' as default
[2.527s] -- Looking for pthread.h
[2.527s] -- Looking for pthread.h - found
[2.527s] -- Performing Test CMAKE_HAVE_LIBC_PTHREAD
[2.559s] -- Performing Test CMAKE_HAVE_LIBC_PTHREAD - Success
[2.560s] -- Found Threads: TRUE  
[3.912s] -- Found eigen3_cmake_module: 0.1.1 (/opt/ros/humble/share/eigen3_cmake_module/cmake)
[3.914s] -- Found Eigen3: TRUE (found version "3.4.0") 
[3.914s] -- Ensuring Eigen3 include directory is part of orocos-kdl CMake target
[4.475s] -- Found ament_lint_auto: 0.12.5 (/opt/ros/humble/share/ament_lint_auto/cmake)
[5.779s] -- Added test 'copyright' to check source files copyright and LICENSE
[5.782s] -- Added test 'cppcheck' to perform static code analysis on C / C++ code
[5.782s] -- Configured cppcheck include dirs: 
[5.783s] -- Configured cppcheck exclude dirs and/or files: 
[5.784s] -- Added test 'lint_cmake' to check CMake code style
[5.785s] -- Added test 'xmllint' to check XML markup files
[5.788s] -- Configuring done
[5.892s] -- Generating done
[5.898s] -- Build files have been written to: /home/sws/autoware/build/ad_api_adaptors
[5.924s] Invoked command in '/home/sws/autoware/build/ad_api_adaptors' returned '0': AMENT_PREFIX_PATH=/home/sws/autoware/install/map_height_fitter:/home/sws/autoware/install/component_interface_utils:/home/sws/autoware/install/autoware_ad_api_specs:/home/sws/autoware/install/tier4_system_msgs:/home/sws/autoware/install/autoware_cmake:/home/sws/autoware/install/autoware_map_msgs:/home/sws/autoware/install/autoware_lint_common:/home/sws/autoware/install/autoware_common_msgs:/home/sws/autoware/install/autoware_adapi_v1_msgs:${AMENT_PREFIX_PATH} CMAKE_PREFIX_PATH=/home/sws/autoware/install/map_height_fitter:/home/sws/autoware/install/component_interface_utils:/home/sws/autoware/install/autoware_ad_api_specs:/home/sws/autoware/install/tier4_system_msgs:/home/sws/autoware/install/autoware_cmake:/home/sws/autoware/install/autoware_map_msgs:/home/sws/autoware/install/autoware_lint_common:/home/sws/autoware/install/autoware_common_msgs:/home/sws/autoware/install/autoware_adapi_v1_msgs:/opt/ros/humble LD_LIBRARY_PATH=/home/sws/autoware/install/map_height_fitter/lib:/home/sws/autoware/install/tier4_system_msgs/lib:/home/sws/autoware/install/autoware_map_msgs/lib:/home/sws/autoware/install/autoware_common_msgs/lib:/home/sws/autoware/install/autoware_adapi_v1_msgs/lib:${LD_LIBRARY_PATH} PYTHONPATH=/home/sws/autoware/install/tier4_system_msgs/local/lib/python3.10/dist-packages:/home/sws/autoware/install/autoware_map_msgs/local/lib/python3.10/dist-packages:/home/sws/autoware/install/autoware_common_msgs/local/lib/python3.10/dist-packages:/home/sws/autoware/install/autoware_adapi_v1_msgs/local/lib/python3.10/dist-packages:${PYTHONPATH} /usr/bin/cmake /home/sws/autoware/src/universe/autoware.universe/system/default_ad_api_helpers/ad_api_adaptors -DCMAKE_BUILD_TYPE=Release -DAMENT_CMAKE_SYMLINK_INSTALL=1 -DCMAKE_INSTALL_PREFIX=/home/sws/autoware/install/ad_api_adaptors
[5.927s] Invoking command in '/home/sws/autoware/build/ad_api_adaptors': AMENT_PREFIX_PATH=/home/sws/autoware/install/map_height_fitter:/home/sws/autoware/install/component_interface_utils:/home/sws/autoware/install/autoware_ad_api_specs:/home/sws/autoware/install/tier4_system_msgs:/home/sws/autoware/install/autoware_cmake:/home/sws/autoware/install/autoware_map_msgs:/home/sws/autoware/install/autoware_lint_common:/home/sws/autoware/install/autoware_common_msgs:/home/sws/autoware/install/autoware_adapi_v1_msgs:${AMENT_PREFIX_PATH} CMAKE_PREFIX_PATH=/home/sws/autoware/install/map_height_fitter:/home/sws/autoware/install/component_interface_utils:/home/sws/autoware/install/autoware_ad_api_specs:/home/sws/autoware/install/tier4_system_msgs:/home/sws/autoware/install/autoware_cmake:/home/sws/autoware/install/autoware_map_msgs:/home/sws/autoware/install/autoware_lint_common:/home/sws/autoware/install/autoware_common_msgs:/home/sws/autoware/install/autoware_adapi_v1_msgs:/opt/ros/humble LD_LIBRARY_PATH=/home/sws/autoware/install/map_height_fitter/lib:/home/sws/autoware/install/tier4_system_msgs/lib:/home/sws/autoware/install/autoware_map_msgs/lib:/home/sws/autoware/install/autoware_common_msgs/lib:/home/sws/autoware/install/autoware_adapi_v1_msgs/lib:${LD_LIBRARY_PATH} PYTHONPATH=/home/sws/autoware/install/tier4_system_msgs/local/lib/python3.10/dist-packages:/home/sws/autoware/install/autoware_map_msgs/local/lib/python3.10/dist-packages:/home/sws/autoware/install/autoware_common_msgs/local/lib/python3.10/dist-packages:/home/sws/autoware/install/autoware_adapi_v1_msgs/local/lib/python3.10/dist-packages:${PYTHONPATH} /usr/bin/cmake --build /home/sws/autoware/build/ad_api_adaptors -- -j16 -l16
[22.848s] [ 25%] [32mBuilding CXX object CMakeFiles/initial_pose_adaptor.dir/src/initial_pose_adaptor.cpp.o[0m
[25.320s] [ 50%] [32m[1mLinking CXX executable initial_pose_adaptor[0m
[25.704s] [ 50%] Built target initial_pose_adaptor
[25.732s] [ 75%] [32mBuilding CXX object CMakeFiles/routing_adaptor.dir/src/routing_adaptor.cpp.o[0m
[49.485s] [100%] [32m[1mLinking CXX executable routing_adaptor[0m
[49.778s] [100%] Built target routing_adaptor
[49.793s] Invoked command in '/home/sws/autoware/build/ad_api_adaptors' returned '0': AMENT_PREFIX_PATH=/home/sws/autoware/install/map_height_fitter:/home/sws/autoware/install/component_interface_utils:/home/sws/autoware/install/autoware_ad_api_specs:/home/sws/autoware/install/tier4_system_msgs:/home/sws/autoware/install/autoware_cmake:/home/sws/autoware/install/autoware_map_msgs:/home/sws/autoware/install/autoware_lint_common:/home/sws/autoware/install/autoware_common_msgs:/home/sws/autoware/install/autoware_adapi_v1_msgs:${AMENT_PREFIX_PATH} CMAKE_PREFIX_PATH=/home/sws/autoware/install/map_height_fitter:/home/sws/autoware/install/component_interface_utils:/home/sws/autoware/install/autoware_ad_api_specs:/home/sws/autoware/install/tier4_system_msgs:/home/sws/autoware/install/autoware_cmake:/home/sws/autoware/install/autoware_map_msgs:/home/sws/autoware/install/autoware_lint_common:/home/sws/autoware/install/autoware_common_msgs:/home/sws/autoware/install/autoware_adapi_v1_msgs:/opt/ros/humble LD_LIBRARY_PATH=/home/sws/autoware/install/map_height_fitter/lib:/home/sws/autoware/install/tier4_system_msgs/lib:/home/sws/autoware/install/autoware_map_msgs/lib:/home/sws/autoware/install/autoware_common_msgs/lib:/home/sws/autoware/install/autoware_adapi_v1_msgs/lib:${LD_LIBRARY_PATH} PYTHONPATH=/home/sws/autoware/install/tier4_system_msgs/local/lib/python3.10/dist-packages:/home/sws/autoware/install/autoware_map_msgs/local/lib/python3.10/dist-packages:/home/sws/autoware/install/autoware_common_msgs/local/lib/python3.10/dist-packages:/home/sws/autoware/install/autoware_adapi_v1_msgs/local/lib/python3.10/dist-packages:${PYTHONPATH} /usr/bin/cmake --build /home/sws/autoware/build/ad_api_adaptors -- -j16 -l16
[49.830s] Invoking command in '/home/sws/autoware/build/ad_api_adaptors': AMENT_PREFIX_PATH=/home/sws/autoware/install/map_height_fitter:/home/sws/autoware/install/component_interface_utils:/home/sws/autoware/install/autoware_ad_api_specs:/home/sws/autoware/install/tier4_system_msgs:/home/sws/autoware/install/autoware_cmake:/home/sws/autoware/install/autoware_map_msgs:/home/sws/autoware/install/autoware_lint_common:/home/sws/autoware/install/autoware_common_msgs:/home/sws/autoware/install/autoware_adapi_v1_msgs:${AMENT_PREFIX_PATH} CMAKE_PREFIX_PATH=/home/sws/autoware/install/map_height_fitter:/home/sws/autoware/install/component_interface_utils:/home/sws/autoware/install/autoware_ad_api_specs:/home/sws/autoware/install/tier4_system_msgs:/home/sws/autoware/install/autoware_cmake:/home/sws/autoware/install/autoware_map_msgs:/home/sws/autoware/install/autoware_lint_common:/home/sws/autoware/install/autoware_common_msgs:/home/sws/autoware/install/autoware_adapi_v1_msgs:/opt/ros/humble LD_LIBRARY_PATH=/home/sws/autoware/install/map_height_fitter/lib:/home/sws/autoware/install/tier4_system_msgs/lib:/home/sws/autoware/install/autoware_map_msgs/lib:/home/sws/autoware/install/autoware_common_msgs/lib:/home/sws/autoware/install/autoware_adapi_v1_msgs/lib:${LD_LIBRARY_PATH} PYTHONPATH=/home/sws/autoware/install/tier4_system_msgs/local/lib/python3.10/dist-packages:/home/sws/autoware/install/autoware_map_msgs/local/lib/python3.10/dist-packages:/home/sws/autoware/install/autoware_common_msgs/local/lib/python3.10/dist-packages:/home/sws/autoware/install/autoware_adapi_v1_msgs/local/lib/python3.10/dist-packages:${PYTHONPATH} /usr/bin/cmake --install /home/sws/autoware/build/ad_api_adaptors
[55.723s] -- Install configuration: "Release"
[55.723s] -- Execute custom install script
[55.723s] -- Symlinking: /home/sws/autoware/install/ad_api_adaptors/lib/ad_api_adaptors/initial_pose_adaptor
[55.723s] -- Symlinking: /home/sws/autoware/install/ad_api_adaptors/lib/ad_api_adaptors/routing_adaptor
[55.723s] -- Symlinking: /home/sws/autoware/install/ad_api_adaptors/share/ad_api_adaptors/config/initial_pose.param.yaml
[55.723s] -- Symlinking: /home/sws/autoware/install/ad_api_adaptors/share/ad_api_adaptors/launch/rviz_adaptors.launch.xml
[55.723s] -- Symlinking: /home/sws/autoware/install/ad_api_adaptors/share/ament_index/resource_index/package_run_dependencies/ad_api_adaptors
[55.723s] -- Symlinking: /home/sws/autoware/install/ad_api_adaptors/share/ament_index/resource_index/parent_prefix_path/ad_api_adaptors
[55.723s] -- Symlinking: /home/sws/autoware/install/ad_api_adaptors/share/ad_api_adaptors/environment/ament_prefix_path.sh
[55.723s] -- Symlinking: /home/sws/autoware/install/ad_api_adaptors/share/ad_api_adaptors/environment/ament_prefix_path.dsv
[55.724s] -- Symlinking: /home/sws/autoware/install/ad_api_adaptors/share/ad_api_adaptors/environment/path.sh
[55.724s] -- Symlinking: /home/sws/autoware/install/ad_api_adaptors/share/ad_api_adaptors/environment/path.dsv
[55.724s] -- Symlinking: /home/sws/autoware/install/ad_api_adaptors/share/ad_api_adaptors/local_setup.bash
[55.724s] -- Symlinking: /home/sws/autoware/install/ad_api_adaptors/share/ad_api_adaptors/local_setup.sh
[55.724s] -- Symlinking: /home/sws/autoware/install/ad_api_adaptors/share/ad_api_adaptors/local_setup.zsh
[55.724s] -- Symlinking: /home/sws/autoware/install/ad_api_adaptors/share/ad_api_adaptors/local_setup.dsv
[55.724s] -- Symlinking: /home/sws/autoware/install/ad_api_adaptors/share/ad_api_adaptors/package.dsv
[55.724s] -- Symlinking: /home/sws/autoware/install/ad_api_adaptors/share/ament_index/resource_index/packages/ad_api_adaptors
[55.724s] -- Symlinking: /home/sws/autoware/install/ad_api_adaptors/share/ad_api_adaptors/cmake/ament_cmake_export_dependencies-extras.cmake
[55.724s] -- Symlinking: /home/sws/autoware/install/ad_api_adaptors/share/ad_api_adaptors/cmake/ad_api_adaptorsConfig.cmake
[55.724s] -- Symlinking: /home/sws/autoware/install/ad_api_adaptors/share/ad_api_adaptors/cmake/ad_api_adaptorsConfig-version.cmake
[55.724s] -- Symlinking: /home/sws/autoware/install/ad_api_adaptors/share/ad_api_adaptors/package.xml
[55.746s] Invoked command in '/home/sws/autoware/build/ad_api_adaptors' returned '0': AMENT_PREFIX_PATH=/home/sws/autoware/install/map_height_fitter:/home/sws/autoware/install/component_interface_utils:/home/sws/autoware/install/autoware_ad_api_specs:/home/sws/autoware/install/tier4_system_msgs:/home/sws/autoware/install/autoware_cmake:/home/sws/autoware/install/autoware_map_msgs:/home/sws/autoware/install/autoware_lint_common:/home/sws/autoware/install/autoware_common_msgs:/home/sws/autoware/install/autoware_adapi_v1_msgs:${AMENT_PREFIX_PATH} CMAKE_PREFIX_PATH=/home/sws/autoware/install/map_height_fitter:/home/sws/autoware/install/component_interface_utils:/home/sws/autoware/install/autoware_ad_api_specs:/home/sws/autoware/install/tier4_system_msgs:/home/sws/autoware/install/autoware_cmake:/home/sws/autoware/install/autoware_map_msgs:/home/sws/autoware/install/autoware_lint_common:/home/sws/autoware/install/autoware_common_msgs:/home/sws/autoware/install/autoware_adapi_v1_msgs:/opt/ros/humble LD_LIBRARY_PATH=/home/sws/autoware/install/map_height_fitter/lib:/home/sws/autoware/install/tier4_system_msgs/lib:/home/sws/autoware/install/autoware_map_msgs/lib:/home/sws/autoware/install/autoware_common_msgs/lib:/home/sws/autoware/install/autoware_adapi_v1_msgs/lib:${LD_LIBRARY_PATH} PYTHONPATH=/home/sws/autoware/install/tier4_system_msgs/local/lib/python3.10/dist-packages:/home/sws/autoware/install/autoware_map_msgs/local/lib/python3.10/dist-packages:/home/sws/autoware/install/autoware_common_msgs/local/lib/python3.10/dist-packages:/home/sws/autoware/install/autoware_adapi_v1_msgs/local/lib/python3.10/dist-packages:${PYTHONPATH} /usr/bin/cmake --install /home/sws/autoware/build/ad_api_adaptors
