-- The C compiler identification is GNU 11.3.0
-- The CXX compiler identification is GNU 11.3.0
-- Detecting C compiler ABI info
-- Detecting C compiler ABI info - done
-- Check for working C compiler: /usr/bin/cc - skipped
-- Detecting C compile features
-- Detecting C compile features - done
-- Detecting CXX compiler ABI info
-- Detecting CXX compiler ABI info - done
-- Check for working CXX compiler: /usr/bin/c++ - skipped
-- Detecting CXX compile features
-- Detecting CXX compile features - done
-- Found ament_cmake_auto: 1.3.3 (/opt/ros/humble/share/ament_cmake_auto/cmake)
-- Found Python3: /usr/bin/python3.10 (found version "3.10.6") found components: Interpreter 
-- Override CMake install command with custom implementation using symlinks instead of copying resources
-- Using all available rosidl_typesupport_c: rosidl_typesupport_fastrtps_c;rosidl_typesupport_introspection_c
-- Found rosidl_adapter: 3.1.4 (/opt/ros/humble/share/rosidl_adapter/cmake)
-- Using all available rosidl_typesupport_cpp: rosidl_typesupport_fastrtps_cpp;rosidl_typesupport_introspection_cpp
-- Found ament_cmake_ros: 0.10.0 (/opt/ros/humble/share/ament_cmake_ros/cmake)
-- Using all available rosidl_typesupport_c: rosidl_typesupport_fastrtps_c;rosidl_typesupport_introspection_c
-- Using all available rosidl_typesupport_cpp: rosidl_typesupport_fastrtps_cpp;rosidl_typesupport_introspection_cpp
-- Found PythonInterp: /usr/bin/python3 (found suitable version "3.10.6", minimum required is "3.6") 
-- Found python_cmake_module: 0.10.0 (/opt/ros/humble/share/python_cmake_module/cmake)
-- Found PythonLibs: /usr/lib/x86_64-linux-gnu/libpython3.10.so (found suitable version "3.10.6", minimum required is "3.5") 
-- Using PYTHON_EXECUTABLE: /usr/bin/python3
-- Using PYTHON_INCLUDE_DIRS: /usr/include/python3.10
-- Using PYTHON_LIBRARIES: /usr/lib/x86_64-linux-gnu/libpython3.10.so
-- Found PythonExtra: .so  
-- Found ament_lint_auto: 0.12.5 (/opt/ros/humble/share/ament_lint_auto/cmake)
-- Added test 'copyright' to check source files copyright and LICENSE
-- Added test 'lint_cmake' to check CMake code style
-- Added test 'xmllint' to check XML markup files
-- Configuring done
-- Generating done
-- Build files have been written to: /home/sws/autoware/build/tier4_system_msgs
[  0%] [34m[1mGenerating C++ code for ROS interfaces[0m
[  0%] Built target tier4_system_msgs__cpp
[  0%] Built target ament_cmake_python_symlink_tier4_system_msgs
[  1%] [34m[1mGenerating C++ introspection for ROS interfaces[0m
[  2%] [32mBuilding CXX object CMakeFiles/tier4_system_msgs__rosidl_typesupport_introspection_cpp.dir/rosidl_typesupport_introspection_cpp/tier4_system_msgs/msg/detail/autoware_state__type_support.cpp.o[0m
[  3%] [32mBuilding CXX object CMakeFiles/tier4_system_msgs__rosidl_typesupport_introspection_cpp.dir/rosidl_typesupport_introspection_cpp/tier4_system_msgs/srv/detail/change_autoware_control__type_support.cpp.o[0m
[  4%] [32mBuilding CXX object CMakeFiles/tier4_system_msgs__rosidl_typesupport_introspection_cpp.dir/rosidl_typesupport_introspection_cpp/tier4_system_msgs/srv/detail/change_operation_mode__type_support.cpp.o[0m
[  5%] [32mBuilding CXX object CMakeFiles/tier4_system_msgs__rosidl_typesupport_introspection_cpp.dir/rosidl_typesupport_introspection_cpp/tier4_system_msgs/srv/detail/operate_mrm__type_support.cpp.o[0m
[  6%] [32mBuilding CXX object CMakeFiles/tier4_system_msgs__rosidl_typesupport_introspection_cpp.dir/rosidl_typesupport_introspection_cpp/tier4_system_msgs/msg/detail/mrm_behavior_status__type_support.cpp.o[0m
[  7%] [32mBuilding CXX object CMakeFiles/tier4_system_msgs__rosidl_typesupport_introspection_cpp.dir/rosidl_typesupport_introspection_cpp/tier4_system_msgs/msg/detail/mode_change_available__type_support.cpp.o[0m
[  8%] [32mBuilding CXX object CMakeFiles/tier4_system_msgs__rosidl_typesupport_introspection_cpp.dir/rosidl_typesupport_introspection_cpp/tier4_system_msgs/msg/detail/service_log__type_support.cpp.o[0m
[  9%] [32mBuilding CXX object CMakeFiles/tier4_system_msgs__rosidl_typesupport_introspection_cpp.dir/rosidl_typesupport_introspection_cpp/tier4_system_msgs/msg/detail/hazard_status_stamped__type_support.cpp.o[0m
[ 10%] [32mBuilding CXX object CMakeFiles/tier4_system_msgs__rosidl_typesupport_introspection_cpp.dir/rosidl_typesupport_introspection_cpp/tier4_system_msgs/msg/detail/hazard_status__type_support.cpp.o[0m
[ 11%] [32mBuilding CXX object CMakeFiles/tier4_system_msgs__rosidl_typesupport_introspection_cpp.dir/rosidl_typesupport_introspection_cpp/tier4_system_msgs/msg/detail/emergency_state_stamped__type_support.cpp.o[0m
[ 11%] [32mBuilding CXX object CMakeFiles/tier4_system_msgs__rosidl_typesupport_introspection_cpp.dir/rosidl_typesupport_introspection_cpp/tier4_system_msgs/msg/detail/emergency_state__type_support.cpp.o[0m
[ 12%] [32m[1mLinking CXX shared library libtier4_system_msgs__rosidl_typesupport_introspection_cpp.so[0m
[ 12%] Built target tier4_system_msgs__rosidl_typesupport_introspection_cpp
running egg_info
creating tier4_system_msgs.egg-info
writing tier4_system_msgs.egg-info/PKG-INFO
writing dependency_links to tier4_system_msgs.egg-info/dependency_links.txt
writing top-level names to tier4_system_msgs.egg-info/top_level.txt
writing manifest file 'tier4_system_msgs.egg-info/SOURCES.txt'
reading manifest file 'tier4_system_msgs.egg-info/SOURCES.txt'
writing manifest file 'tier4_system_msgs.egg-info/SOURCES.txt'
[ 12%] Built target ament_cmake_python_build_tier4_system_msgs_egg
[ 12%] [34m[1mGenerating C++ type support for eProsima Fast-RTPS[0m
[ 13%] [32mBuilding CXX object CMakeFiles/tier4_system_msgs__rosidl_typesupport_fastrtps_cpp.dir/rosidl_typesupport_fastrtps_cpp/tier4_system_msgs/msg/detail/dds_fastrtps/autoware_state__type_support.cpp.o[0m
[ 14%] [32mBuilding CXX object CMakeFiles/tier4_system_msgs__rosidl_typesupport_fastrtps_cpp.dir/rosidl_typesupport_fastrtps_cpp/tier4_system_msgs/srv/detail/dds_fastrtps/change_autoware_control__type_support.cpp.o[0m
[ 14%] [32mBuilding CXX object CMakeFiles/tier4_system_msgs__rosidl_typesupport_fastrtps_cpp.dir/rosidl_typesupport_fastrtps_cpp/tier4_system_msgs/srv/detail/dds_fastrtps/change_operation_mode__type_support.cpp.o[0m
[ 15%] [32mBuilding CXX object CMakeFiles/tier4_system_msgs__rosidl_typesupport_fastrtps_cpp.dir/rosidl_typesupport_fastrtps_cpp/tier4_system_msgs/srv/detail/dds_fastrtps/operate_mrm__type_support.cpp.o[0m
[ 16%] [32mBuilding CXX object CMakeFiles/tier4_system_msgs__rosidl_typesupport_fastrtps_cpp.dir/rosidl_typesupport_fastrtps_cpp/tier4_system_msgs/msg/detail/dds_fastrtps/mrm_behavior_status__type_support.cpp.o[0m
[ 17%] [32mBuilding CXX object CMakeFiles/tier4_system_msgs__rosidl_typesupport_fastrtps_cpp.dir/rosidl_typesupport_fastrtps_cpp/tier4_system_msgs/msg/detail/dds_fastrtps/mode_change_available__type_support.cpp.o[0m
[ 18%] [32mBuilding CXX object CMakeFiles/tier4_system_msgs__rosidl_typesupport_fastrtps_cpp.dir/rosidl_typesupport_fastrtps_cpp/tier4_system_msgs/msg/detail/dds_fastrtps/service_log__type_support.cpp.o[0m
[ 19%] [32mBuilding CXX object CMakeFiles/tier4_system_msgs__rosidl_typesupport_fastrtps_cpp.dir/rosidl_typesupport_fastrtps_cpp/tier4_system_msgs/msg/detail/dds_fastrtps/hazard_status_stamped__type_support.cpp.o[0m
[ 20%] [32mBuilding CXX object CMakeFiles/tier4_system_msgs__rosidl_typesupport_fastrtps_cpp.dir/rosidl_typesupport_fastrtps_cpp/tier4_system_msgs/msg/detail/dds_fastrtps/hazard_status__type_support.cpp.o[0m
[ 21%] [32mBuilding CXX object CMakeFiles/tier4_system_msgs__rosidl_typesupport_fastrtps_cpp.dir/rosidl_typesupport_fastrtps_cpp/tier4_system_msgs/msg/detail/dds_fastrtps/emergency_state_stamped__type_support.cpp.o[0m
[ 22%] [32mBuilding CXX object CMakeFiles/tier4_system_msgs__rosidl_typesupport_fastrtps_cpp.dir/rosidl_typesupport_fastrtps_cpp/tier4_system_msgs/msg/detail/dds_fastrtps/emergency_state__type_support.cpp.o[0m
[ 23%] [32m[1mLinking CXX shared library libtier4_system_msgs__rosidl_typesupport_fastrtps_cpp.so[0m
[ 23%] Built target tier4_system_msgs__rosidl_typesupport_fastrtps_cpp
[ 24%] [34m[1mGenerating C++ type support dispatch for ROS interfaces[0m
[ 25%] [32mBuilding CXX object CMakeFiles/tier4_system_msgs__rosidl_typesupport_cpp.dir/rosidl_typesupport_cpp/tier4_system_msgs/msg/autoware_state__type_support.cpp.o[0m
[ 26%] [32mBuilding CXX object CMakeFiles/tier4_system_msgs__rosidl_typesupport_cpp.dir/rosidl_typesupport_cpp/tier4_system_msgs/srv/change_autoware_control__type_support.cpp.o[0m
[ 27%] [32mBuilding CXX object CMakeFiles/tier4_system_msgs__rosidl_typesupport_cpp.dir/rosidl_typesupport_cpp/tier4_system_msgs/srv/change_operation_mode__type_support.cpp.o[0m
[ 28%] [32mBuilding CXX object CMakeFiles/tier4_system_msgs__rosidl_typesupport_cpp.dir/rosidl_typesupport_cpp/tier4_system_msgs/srv/operate_mrm__type_support.cpp.o[0m
[ 28%] [32mBuilding CXX object CMakeFiles/tier4_system_msgs__rosidl_typesupport_cpp.dir/rosidl_typesupport_cpp/tier4_system_msgs/msg/mrm_behavior_status__type_support.cpp.o[0m
[ 29%] [32mBuilding CXX object CMakeFiles/tier4_system_msgs__rosidl_typesupport_cpp.dir/rosidl_typesupport_cpp/tier4_system_msgs/msg/mode_change_available__type_support.cpp.o[0m
[ 30%] [32mBuilding CXX object CMakeFiles/tier4_system_msgs__rosidl_typesupport_cpp.dir/rosidl_typesupport_cpp/tier4_system_msgs/msg/service_log__type_support.cpp.o[0m
[ 31%] [32mBuilding CXX object CMakeFiles/tier4_system_msgs__rosidl_typesupport_cpp.dir/rosidl_typesupport_cpp/tier4_system_msgs/msg/hazard_status_stamped__type_support.cpp.o[0m
[ 32%] [32mBuilding CXX object CMakeFiles/tier4_system_msgs__rosidl_typesupport_cpp.dir/rosidl_typesupport_cpp/tier4_system_msgs/msg/hazard_status__type_support.cpp.o[0m
[ 33%] [32mBuilding CXX object CMakeFiles/tier4_system_msgs__rosidl_typesupport_cpp.dir/rosidl_typesupport_cpp/tier4_system_msgs/msg/emergency_state_stamped__type_support.cpp.o[0m
[ 34%] [32mBuilding CXX object CMakeFiles/tier4_system_msgs__rosidl_typesupport_cpp.dir/rosidl_typesupport_cpp/tier4_system_msgs/msg/emergency_state__type_support.cpp.o[0m
[ 35%] [32m[1mLinking CXX shared library libtier4_system_msgs__rosidl_typesupport_cpp.so[0m
[ 35%] Built target tier4_system_msgs__rosidl_typesupport_cpp
[ 36%] [34m[1mGenerating C code for ROS interfaces[0m
[ 37%] [32mBuilding C object CMakeFiles/tier4_system_msgs__rosidl_generator_c.dir/rosidl_generator_c/tier4_system_msgs/msg/detail/autoware_state__functions.c.o[0m
[ 38%] [32mBuilding C object CMakeFiles/tier4_system_msgs__rosidl_generator_c.dir/rosidl_generator_c/tier4_system_msgs/srv/detail/change_autoware_control__functions.c.o[0m
[ 39%] [32mBuilding C object CMakeFiles/tier4_system_msgs__rosidl_generator_c.dir/rosidl_generator_c/tier4_system_msgs/srv/detail/change_operation_mode__functions.c.o[0m
[ 40%] [32mBuilding C object CMakeFiles/tier4_system_msgs__rosidl_generator_c.dir/rosidl_generator_c/tier4_system_msgs/srv/detail/operate_mrm__functions.c.o[0m
[ 40%] [32mBuilding C object CMakeFiles/tier4_system_msgs__rosidl_generator_c.dir/rosidl_generator_c/tier4_system_msgs/msg/detail/mrm_behavior_status__functions.c.o[0m
[ 41%] [32mBuilding C object CMakeFiles/tier4_system_msgs__rosidl_generator_c.dir/rosidl_generator_c/tier4_system_msgs/msg/detail/mode_change_available__functions.c.o[0m
[ 42%] [32mBuilding C object CMakeFiles/tier4_system_msgs__rosidl_generator_c.dir/rosidl_generator_c/tier4_system_msgs/msg/detail/service_log__functions.c.o[0m
[ 43%] [32mBuilding C object CMakeFiles/tier4_system_msgs__rosidl_generator_c.dir/rosidl_generator_c/tier4_system_msgs/msg/detail/hazard_status_stamped__functions.c.o[0m
[ 44%] [32mBuilding C object CMakeFiles/tier4_system_msgs__rosidl_generator_c.dir/rosidl_generator_c/tier4_system_msgs/msg/detail/hazard_status__functions.c.o[0m
[ 45%] [32mBuilding C object CMakeFiles/tier4_system_msgs__rosidl_generator_c.dir/rosidl_generator_c/tier4_system_msgs/msg/detail/emergency_state_stamped__functions.c.o[0m
[ 46%] [32mBuilding C object CMakeFiles/tier4_system_msgs__rosidl_generator_c.dir/rosidl_generator_c/tier4_system_msgs/msg/detail/emergency_state__functions.c.o[0m
[ 47%] [32m[1mLinking C shared library libtier4_system_msgs__rosidl_generator_c.so[0m
[ 47%] Built target tier4_system_msgs__rosidl_generator_c
[ 48%] [34m[1mGenerating C type support for eProsima Fast-RTPS[0m
[ 49%] [32mBuilding CXX object CMakeFiles/tier4_system_msgs__rosidl_typesupport_fastrtps_c.dir/rosidl_typesupport_fastrtps_c/tier4_system_msgs/msg/detail/autoware_state__type_support_c.cpp.o[0m
[ 50%] [32mBuilding CXX object CMakeFiles/tier4_system_msgs__rosidl_typesupport_fastrtps_c.dir/rosidl_typesupport_fastrtps_c/tier4_system_msgs/srv/detail/change_autoware_control__type_support_c.cpp.o[0m
[ 51%] [32mBuilding CXX object CMakeFiles/tier4_system_msgs__rosidl_typesupport_fastrtps_c.dir/rosidl_typesupport_fastrtps_c/tier4_system_msgs/srv/detail/change_operation_mode__type_support_c.cpp.o[0m
[ 52%] [32mBuilding CXX object CMakeFiles/tier4_system_msgs__rosidl_typesupport_fastrtps_c.dir/rosidl_typesupport_fastrtps_c/tier4_system_msgs/srv/detail/operate_mrm__type_support_c.cpp.o[0m
[ 53%] [32mBuilding CXX object CMakeFiles/tier4_system_msgs__rosidl_typesupport_fastrtps_c.dir/rosidl_typesupport_fastrtps_c/tier4_system_msgs/msg/detail/mrm_behavior_status__type_support_c.cpp.o[0m
[ 54%] [32mBuilding CXX object CMakeFiles/tier4_system_msgs__rosidl_typesupport_fastrtps_c.dir/rosidl_typesupport_fastrtps_c/tier4_system_msgs/msg/detail/mode_change_available__type_support_c.cpp.o[0m
[ 55%] [32mBuilding CXX object CMakeFiles/tier4_system_msgs__rosidl_typesupport_fastrtps_c.dir/rosidl_typesupport_fastrtps_c/tier4_system_msgs/msg/detail/service_log__type_support_c.cpp.o[0m
[ 55%] [32mBuilding CXX object CMakeFiles/tier4_system_msgs__rosidl_typesupport_fastrtps_c.dir/rosidl_typesupport_fastrtps_c/tier4_system_msgs/msg/detail/hazard_status_stamped__type_support_c.cpp.o[0m
[ 56%] [32mBuilding CXX object CMakeFiles/tier4_system_msgs__rosidl_typesupport_fastrtps_c.dir/rosidl_typesupport_fastrtps_c/tier4_system_msgs/msg/detail/hazard_status__type_support_c.cpp.o[0m
[ 57%] [32mBuilding CXX object CMakeFiles/tier4_system_msgs__rosidl_typesupport_fastrtps_c.dir/rosidl_typesupport_fastrtps_c/tier4_system_msgs/msg/detail/emergency_state_stamped__type_support_c.cpp.o[0m
[ 58%] [32mBuilding CXX object CMakeFiles/tier4_system_msgs__rosidl_typesupport_fastrtps_c.dir/rosidl_typesupport_fastrtps_c/tier4_system_msgs/msg/detail/emergency_state__type_support_c.cpp.o[0m
[ 59%] [32m[1mLinking CXX shared library libtier4_system_msgs__rosidl_typesupport_fastrtps_c.so[0m
[ 59%] Built target tier4_system_msgs__rosidl_typesupport_fastrtps_c
[ 60%] [34m[1mGenerating C type support dispatch for ROS interfaces[0m
[ 61%] [32mBuilding CXX object CMakeFiles/tier4_system_msgs__rosidl_typesupport_c.dir/rosidl_typesupport_c/tier4_system_msgs/msg/autoware_state__type_support.cpp.o[0m
[ 62%] [32mBuilding CXX object CMakeFiles/tier4_system_msgs__rosidl_typesupport_c.dir/rosidl_typesupport_c/tier4_system_msgs/srv/change_autoware_control__type_support.cpp.o[0m
[ 63%] [32mBuilding CXX object CMakeFiles/tier4_system_msgs__rosidl_typesupport_c.dir/rosidl_typesupport_c/tier4_system_msgs/srv/change_operation_mode__type_support.cpp.o[0m
[ 64%] [32mBuilding CXX object CMakeFiles/tier4_system_msgs__rosidl_typesupport_c.dir/rosidl_typesupport_c/tier4_system_msgs/srv/operate_mrm__type_support.cpp.o[0m
[ 65%] [32mBuilding CXX object CMakeFiles/tier4_system_msgs__rosidl_typesupport_c.dir/rosidl_typesupport_c/tier4_system_msgs/msg/mrm_behavior_status__type_support.cpp.o[0m
[ 66%] [32mBuilding CXX object CMakeFiles/tier4_system_msgs__rosidl_typesupport_c.dir/rosidl_typesupport_c/tier4_system_msgs/msg/mode_change_available__type_support.cpp.o[0m
[ 67%] [32mBuilding CXX object CMakeFiles/tier4_system_msgs__rosidl_typesupport_c.dir/rosidl_typesupport_c/tier4_system_msgs/msg/service_log__type_support.cpp.o[0m
[ 68%] [32mBuilding CXX object CMakeFiles/tier4_system_msgs__rosidl_typesupport_c.dir/rosidl_typesupport_c/tier4_system_msgs/msg/hazard_status_stamped__type_support.cpp.o[0m
[ 69%] [32mBuilding CXX object CMakeFiles/tier4_system_msgs__rosidl_typesupport_c.dir/rosidl_typesupport_c/tier4_system_msgs/msg/hazard_status__type_support.cpp.o[0m
[ 69%] [32mBuilding CXX object CMakeFiles/tier4_system_msgs__rosidl_typesupport_c.dir/rosidl_typesupport_c/tier4_system_msgs/msg/emergency_state_stamped__type_support.cpp.o[0m
[ 70%] [32mBuilding CXX object CMakeFiles/tier4_system_msgs__rosidl_typesupport_c.dir/rosidl_typesupport_c/tier4_system_msgs/msg/emergency_state__type_support.cpp.o[0m
[ 71%] [32m[1mLinking CXX shared library libtier4_system_msgs__rosidl_typesupport_c.so[0m
[ 71%] Built target tier4_system_msgs__rosidl_typesupport_c
[ 72%] [34m[1mGenerating C introspection for ROS interfaces[0m
[ 73%] [32mBuilding C object CMakeFiles/tier4_system_msgs__rosidl_typesupport_introspection_c.dir/rosidl_typesupport_introspection_c/tier4_system_msgs/msg/detail/autoware_state__type_support.c.o[0m
[ 74%] [32mBuilding C object CMakeFiles/tier4_system_msgs__rosidl_typesupport_introspection_c.dir/rosidl_typesupport_introspection_c/tier4_system_msgs/srv/detail/change_autoware_control__type_support.c.o[0m
[ 75%] [32mBuilding C object CMakeFiles/tier4_system_msgs__rosidl_typesupport_introspection_c.dir/rosidl_typesupport_introspection_c/tier4_system_msgs/srv/detail/change_operation_mode__type_support.c.o[0m
[ 76%] [32mBuilding C object CMakeFiles/tier4_system_msgs__rosidl_typesupport_introspection_c.dir/rosidl_typesupport_introspection_c/tier4_system_msgs/srv/detail/operate_mrm__type_support.c.o[0m
[ 77%] [32mBuilding C object CMakeFiles/tier4_system_msgs__rosidl_typesupport_introspection_c.dir/rosidl_typesupport_introspection_c/tier4_system_msgs/msg/detail/mrm_behavior_status__type_support.c.o[0m
[ 77%] [32mBuilding C object CMakeFiles/tier4_system_msgs__rosidl_typesupport_introspection_c.dir/rosidl_typesupport_introspection_c/tier4_system_msgs/msg/detail/mode_change_available__type_support.c.o[0m
[ 78%] [32mBuilding C object CMakeFiles/tier4_system_msgs__rosidl_typesupport_introspection_c.dir/rosidl_typesupport_introspection_c/tier4_system_msgs/msg/detail/service_log__type_support.c.o[0m
[ 79%] [32mBuilding C object CMakeFiles/tier4_system_msgs__rosidl_typesupport_introspection_c.dir/rosidl_typesupport_introspection_c/tier4_system_msgs/msg/detail/hazard_status_stamped__type_support.c.o[0m
[ 80%] [32mBuilding C object CMakeFiles/tier4_system_msgs__rosidl_typesupport_introspection_c.dir/rosidl_typesupport_introspection_c/tier4_system_msgs/msg/detail/hazard_status__type_support.c.o[0m
[ 81%] [32mBuilding C object CMakeFiles/tier4_system_msgs__rosidl_typesupport_introspection_c.dir/rosidl_typesupport_introspection_c/tier4_system_msgs/msg/detail/emergency_state_stamped__type_support.c.o[0m
[ 82%] [32mBuilding C object CMakeFiles/tier4_system_msgs__rosidl_typesupport_introspection_c.dir/rosidl_typesupport_introspection_c/tier4_system_msgs/msg/detail/emergency_state__type_support.c.o[0m
[ 83%] [32m[1mLinking C shared library libtier4_system_msgs__rosidl_typesupport_introspection_c.so[0m
[ 83%] Built target tier4_system_msgs__rosidl_typesupport_introspection_c
[ 83%] Built target tier4_system_msgs
[ 84%] [34m[1mGenerating Python code for ROS interfaces[0m
[ 84%] Built target tier4_system_msgs__py
[ 85%] [32mBuilding C object CMakeFiles/tier4_system_msgs__rosidl_generator_py.dir/rosidl_generator_py/tier4_system_msgs/msg/_autoware_state_s.c.o[0m
[ 86%] [32mBuilding C object CMakeFiles/tier4_system_msgs__rosidl_generator_py.dir/rosidl_generator_py/tier4_system_msgs/srv/_change_autoware_control_s.c.o[0m
[ 87%] [32mBuilding C object CMakeFiles/tier4_system_msgs__rosidl_generator_py.dir/rosidl_generator_py/tier4_system_msgs/srv/_change_operation_mode_s.c.o[0m
[ 88%] [32mBuilding C object CMakeFiles/tier4_system_msgs__rosidl_generator_py.dir/rosidl_generator_py/tier4_system_msgs/srv/_operate_mrm_s.c.o[0m
[ 89%] [32mBuilding C object CMakeFiles/tier4_system_msgs__rosidl_generator_py.dir/rosidl_generator_py/tier4_system_msgs/msg/_mrm_behavior_status_s.c.o[0m
[ 90%] [32mBuilding C object CMakeFiles/tier4_system_msgs__rosidl_generator_py.dir/rosidl_generator_py/tier4_system_msgs/msg/_mode_change_available_s.c.o[0m
[ 90%] [32mBuilding C object CMakeFiles/tier4_system_msgs__rosidl_generator_py.dir/rosidl_generator_py/tier4_system_msgs/msg/_service_log_s.c.o[0m
[ 91%] [32mBuilding C object CMakeFiles/tier4_system_msgs__rosidl_generator_py.dir/rosidl_generator_py/tier4_system_msgs/msg/_hazard_status_stamped_s.c.o[0m
[ 92%] [32mBuilding C object CMakeFiles/tier4_system_msgs__rosidl_generator_py.dir/rosidl_generator_py/tier4_system_msgs/msg/_hazard_status_s.c.o[0m
[ 93%] [32mBuilding C object CMakeFiles/tier4_system_msgs__rosidl_generator_py.dir/rosidl_generator_py/tier4_system_msgs/msg/_emergency_state_stamped_s.c.o[0m
[ 94%] [32mBuilding C object CMakeFiles/tier4_system_msgs__rosidl_generator_py.dir/rosidl_generator_py/tier4_system_msgs/msg/_emergency_state_s.c.o[0m
[ 95%] [32m[1mLinking C shared library rosidl_generator_py/tier4_system_msgs/libtier4_system_msgs__rosidl_generator_py.so[0m
[ 95%] Built target tier4_system_msgs__rosidl_generator_py
[ 96%] [32mBuilding C object CMakeFiles/tier4_system_msgs__rosidl_typesupport_fastrtps_c__pyext.dir/rosidl_generator_py/tier4_system_msgs/_tier4_system_msgs_s.ep.rosidl_typesupport_fastrtps_c.c.o[0m
[ 97%] [32m[1mLinking C shared library rosidl_generator_py/tier4_system_msgs/tier4_system_msgs_s__rosidl_typesupport_fastrtps_c.cpython-310-x86_64-linux-gnu.so[0m
[ 97%] Built target tier4_system_msgs__rosidl_typesupport_fastrtps_c__pyext
[ 97%] [32mBuilding C object CMakeFiles/tier4_system_msgs__rosidl_typesupport_c__pyext.dir/rosidl_generator_py/tier4_system_msgs/_tier4_system_msgs_s.ep.rosidl_typesupport_c.c.o[0m
[ 98%] [32m[1mLinking C shared library rosidl_generator_py/tier4_system_msgs/tier4_system_msgs_s__rosidl_typesupport_c.cpython-310-x86_64-linux-gnu.so[0m
[ 98%] Built target tier4_system_msgs__rosidl_typesupport_c__pyext
[ 99%] [32mBuilding C object CMakeFiles/tier4_system_msgs__rosidl_typesupport_introspection_c__pyext.dir/rosidl_generator_py/tier4_system_msgs/_tier4_system_msgs_s.ep.rosidl_typesupport_introspection_c.c.o[0m
[100%] [32m[1mLinking C shared library rosidl_generator_py/tier4_system_msgs/tier4_system_msgs_s__rosidl_typesupport_introspection_c.cpython-310-x86_64-linux-gnu.so[0m
[100%] Built target tier4_system_msgs__rosidl_typesupport_introspection_c__pyext
-- Install configuration: "Release"
-- Execute custom install script
-- Symlinking: /home/sws/autoware/install/tier4_system_msgs/share/ament_index/resource_index/rosidl_interfaces/tier4_system_msgs
-- Symlinking: /home/sws/autoware/install/tier4_system_msgs/include/tier4_system_msgs/tier4_system_msgs/msg/autoware_state.h
-- Symlinking: /home/sws/autoware/install/tier4_system_msgs/include/tier4_system_msgs/tier4_system_msgs/msg/detail/autoware_state__functions.h
-- Symlinking: /home/sws/autoware/install/tier4_system_msgs/include/tier4_system_msgs/tier4_system_msgs/msg/detail/autoware_state__struct.h
-- Symlinking: /home/sws/autoware/install/tier4_system_msgs/include/tier4_system_msgs/tier4_system_msgs/msg/detail/autoware_state__type_support.h
-- Symlinking: /home/sws/autoware/install/tier4_system_msgs/include/tier4_system_msgs/tier4_system_msgs/msg/detail/emergency_state__functions.h
-- Symlinking: /home/sws/autoware/install/tier4_system_msgs/include/tier4_system_msgs/tier4_system_msgs/msg/detail/emergency_state__struct.h
-- Symlinking: /home/sws/autoware/install/tier4_system_msgs/include/tier4_system_msgs/tier4_system_msgs/msg/detail/emergency_state__type_support.h
-- Symlinking: /home/sws/autoware/install/tier4_system_msgs/include/tier4_system_msgs/tier4_system_msgs/msg/detail/emergency_state_stamped__functions.h
-- Symlinking: /home/sws/autoware/install/tier4_system_msgs/include/tier4_system_msgs/tier4_system_msgs/msg/detail/emergency_state_stamped__struct.h
-- Symlinking: /home/sws/autoware/install/tier4_system_msgs/include/tier4_system_msgs/tier4_system_msgs/msg/detail/emergency_state_stamped__type_support.h
-- Symlinking: /home/sws/autoware/install/tier4_system_msgs/include/tier4_system_msgs/tier4_system_msgs/msg/detail/hazard_status__functions.h
-- Symlinking: /home/sws/autoware/install/tier4_system_msgs/include/tier4_system_msgs/tier4_system_msgs/msg/detail/hazard_status__struct.h
-- Symlinking: /home/sws/autoware/install/tier4_system_msgs/include/tier4_system_msgs/tier4_system_msgs/msg/detail/hazard_status__type_support.h
-- Symlinking: /home/sws/autoware/install/tier4_system_msgs/include/tier4_system_msgs/tier4_system_msgs/msg/detail/hazard_status_stamped__functions.h
-- Symlinking: /home/sws/autoware/install/tier4_system_msgs/include/tier4_system_msgs/tier4_system_msgs/msg/detail/hazard_status_stamped__struct.h
-- Symlinking: /home/sws/autoware/install/tier4_system_msgs/include/tier4_system_msgs/tier4_system_msgs/msg/detail/hazard_status_stamped__type_support.h
-- Symlinking: /home/sws/autoware/install/tier4_system_msgs/include/tier4_system_msgs/tier4_system_msgs/msg/detail/mode_change_available__functions.h
-- Symlinking: /home/sws/autoware/install/tier4_system_msgs/include/tier4_system_msgs/tier4_system_msgs/msg/detail/mode_change_available__struct.h
-- Symlinking: /home/sws/autoware/install/tier4_system_msgs/include/tier4_system_msgs/tier4_system_msgs/msg/detail/mode_change_available__type_support.h
-- Symlinking: /home/sws/autoware/install/tier4_system_msgs/include/tier4_system_msgs/tier4_system_msgs/msg/detail/mrm_behavior_status__functions.h
-- Symlinking: /home/sws/autoware/install/tier4_system_msgs/include/tier4_system_msgs/tier4_system_msgs/msg/detail/mrm_behavior_status__struct.h
-- Symlinking: /home/sws/autoware/install/tier4_system_msgs/include/tier4_system_msgs/tier4_system_msgs/msg/detail/mrm_behavior_status__type_support.h
-- Symlinking: /home/sws/autoware/install/tier4_system_msgs/include/tier4_system_msgs/tier4_system_msgs/msg/detail/service_log__functions.h
-- Symlinking: /home/sws/autoware/install/tier4_system_msgs/include/tier4_system_msgs/tier4_system_msgs/msg/detail/service_log__struct.h
-- Symlinking: /home/sws/autoware/install/tier4_system_msgs/include/tier4_system_msgs/tier4_system_msgs/msg/detail/service_log__type_support.h
-- Symlinking: /home/sws/autoware/install/tier4_system_msgs/include/tier4_system_msgs/tier4_system_msgs/msg/emergency_state.h
-- Symlinking: /home/sws/autoware/install/tier4_system_msgs/include/tier4_system_msgs/tier4_system_msgs/msg/emergency_state_stamped.h
-- Symlinking: /home/sws/autoware/install/tier4_system_msgs/include/tier4_system_msgs/tier4_system_msgs/msg/hazard_status.h
-- Symlinking: /home/sws/autoware/install/tier4_system_msgs/include/tier4_system_msgs/tier4_system_msgs/msg/hazard_status_stamped.h
-- Symlinking: /home/sws/autoware/install/tier4_system_msgs/include/tier4_system_msgs/tier4_system_msgs/msg/mode_change_available.h
-- Symlinking: /home/sws/autoware/install/tier4_system_msgs/include/tier4_system_msgs/tier4_system_msgs/msg/mrm_behavior_status.h
-- Symlinking: /home/sws/autoware/install/tier4_system_msgs/include/tier4_system_msgs/tier4_system_msgs/msg/rosidl_generator_c__visibility_control.h
-- Symlinking: /home/sws/autoware/install/tier4_system_msgs/include/tier4_system_msgs/tier4_system_msgs/msg/service_log.h
-- Symlinking: /home/sws/autoware/install/tier4_system_msgs/include/tier4_system_msgs/tier4_system_msgs/srv/change_autoware_control.h
-- Symlinking: /home/sws/autoware/install/tier4_system_msgs/include/tier4_system_msgs/tier4_system_msgs/srv/change_operation_mode.h
-- Symlinking: /home/sws/autoware/install/tier4_system_msgs/include/tier4_system_msgs/tier4_system_msgs/srv/detail/change_autoware_control__functions.h
-- Symlinking: /home/sws/autoware/install/tier4_system_msgs/include/tier4_system_msgs/tier4_system_msgs/srv/detail/change_autoware_control__struct.h
-- Symlinking: /home/sws/autoware/install/tier4_system_msgs/include/tier4_system_msgs/tier4_system_msgs/srv/detail/change_autoware_control__type_support.h
-- Symlinking: /home/sws/autoware/install/tier4_system_msgs/include/tier4_system_msgs/tier4_system_msgs/srv/detail/change_operation_mode__functions.h
-- Symlinking: /home/sws/autoware/install/tier4_system_msgs/include/tier4_system_msgs/tier4_system_msgs/srv/detail/change_operation_mode__struct.h
-- Symlinking: /home/sws/autoware/install/tier4_system_msgs/include/tier4_system_msgs/tier4_system_msgs/srv/detail/change_operation_mode__type_support.h
-- Symlinking: /home/sws/autoware/install/tier4_system_msgs/include/tier4_system_msgs/tier4_system_msgs/srv/detail/operate_mrm__functions.h
-- Symlinking: /home/sws/autoware/install/tier4_system_msgs/include/tier4_system_msgs/tier4_system_msgs/srv/detail/operate_mrm__struct.h
-- Symlinking: /home/sws/autoware/install/tier4_system_msgs/include/tier4_system_msgs/tier4_system_msgs/srv/detail/operate_mrm__type_support.h
-- Symlinking: /home/sws/autoware/install/tier4_system_msgs/include/tier4_system_msgs/tier4_system_msgs/srv/operate_mrm.h
-- Symlinking: /home/sws/autoware/install/tier4_system_msgs/share/tier4_system_msgs/environment/library_path.sh
-- Symlinking: /home/sws/autoware/install/tier4_system_msgs/share/tier4_system_msgs/environment/library_path.dsv
-- Symlinking: /home/sws/autoware/install/tier4_system_msgs/include/tier4_system_msgs/tier4_system_msgs/msg/detail/autoware_state__rosidl_typesupport_fastrtps_c.h
-- Symlinking: /home/sws/autoware/install/tier4_system_msgs/include/tier4_system_msgs/tier4_system_msgs/msg/detail/emergency_state__rosidl_typesupport_fastrtps_c.h
-- Symlinking: /home/sws/autoware/install/tier4_system_msgs/include/tier4_system_msgs/tier4_system_msgs/msg/detail/emergency_state_stamped__rosidl_typesupport_fastrtps_c.h
-- Symlinking: /home/sws/autoware/install/tier4_system_msgs/include/tier4_system_msgs/tier4_system_msgs/msg/detail/hazard_status__rosidl_typesupport_fastrtps_c.h
-- Symlinking: /home/sws/autoware/install/tier4_system_msgs/include/tier4_system_msgs/tier4_system_msgs/msg/detail/hazard_status_stamped__rosidl_typesupport_fastrtps_c.h
-- Symlinking: /home/sws/autoware/install/tier4_system_msgs/include/tier4_system_msgs/tier4_system_msgs/msg/detail/mode_change_available__rosidl_typesupport_fastrtps_c.h
-- Symlinking: /home/sws/autoware/install/tier4_system_msgs/include/tier4_system_msgs/tier4_system_msgs/msg/detail/mrm_behavior_status__rosidl_typesupport_fastrtps_c.h
-- Symlinking: /home/sws/autoware/install/tier4_system_msgs/include/tier4_system_msgs/tier4_system_msgs/msg/detail/service_log__rosidl_typesupport_fastrtps_c.h
-- Symlinking: /home/sws/autoware/install/tier4_system_msgs/include/tier4_system_msgs/tier4_system_msgs/msg/rosidl_typesupport_fastrtps_c__visibility_control.h
-- Symlinking: /home/sws/autoware/install/tier4_system_msgs/include/tier4_system_msgs/tier4_system_msgs/srv/detail/change_autoware_control__rosidl_typesupport_fastrtps_c.h
-- Symlinking: /home/sws/autoware/install/tier4_system_msgs/include/tier4_system_msgs/tier4_system_msgs/srv/detail/change_operation_mode__rosidl_typesupport_fastrtps_c.h
-- Symlinking: /home/sws/autoware/install/tier4_system_msgs/include/tier4_system_msgs/tier4_system_msgs/srv/detail/operate_mrm__rosidl_typesupport_fastrtps_c.h
-- Symlinking: /home/sws/autoware/install/tier4_system_msgs/include/tier4_system_msgs/tier4_system_msgs/msg/detail/autoware_state__rosidl_typesupport_introspection_c.h
-- Symlinking: /home/sws/autoware/install/tier4_system_msgs/include/tier4_system_msgs/tier4_system_msgs/msg/detail/emergency_state__rosidl_typesupport_introspection_c.h
-- Symlinking: /home/sws/autoware/install/tier4_system_msgs/include/tier4_system_msgs/tier4_system_msgs/msg/detail/emergency_state_stamped__rosidl_typesupport_introspection_c.h
-- Symlinking: /home/sws/autoware/install/tier4_system_msgs/include/tier4_system_msgs/tier4_system_msgs/msg/detail/hazard_status__rosidl_typesupport_introspection_c.h
-- Symlinking: /home/sws/autoware/install/tier4_system_msgs/include/tier4_system_msgs/tier4_system_msgs/msg/detail/hazard_status_stamped__rosidl_typesupport_introspection_c.h
-- Symlinking: /home/sws/autoware/install/tier4_system_msgs/include/tier4_system_msgs/tier4_system_msgs/msg/detail/mode_change_available__rosidl_typesupport_introspection_c.h
-- Symlinking: /home/sws/autoware/install/tier4_system_msgs/include/tier4_system_msgs/tier4_system_msgs/msg/detail/mrm_behavior_status__rosidl_typesupport_introspection_c.h
-- Symlinking: /home/sws/autoware/install/tier4_system_msgs/include/tier4_system_msgs/tier4_system_msgs/msg/detail/service_log__rosidl_typesupport_introspection_c.h
-- Symlinking: /home/sws/autoware/install/tier4_system_msgs/include/tier4_system_msgs/tier4_system_msgs/msg/rosidl_typesupport_introspection_c__visibility_control.h
-- Symlinking: /home/sws/autoware/install/tier4_system_msgs/include/tier4_system_msgs/tier4_system_msgs/srv/detail/change_autoware_control__rosidl_typesupport_introspection_c.h
-- Symlinking: /home/sws/autoware/install/tier4_system_msgs/include/tier4_system_msgs/tier4_system_msgs/srv/detail/change_operation_mode__rosidl_typesupport_introspection_c.h
-- Symlinking: /home/sws/autoware/install/tier4_system_msgs/include/tier4_system_msgs/tier4_system_msgs/srv/detail/operate_mrm__rosidl_typesupport_introspection_c.h
-- Symlinking: /home/sws/autoware/install/tier4_system_msgs/include/tier4_system_msgs/tier4_system_msgs/msg/autoware_state.hpp
-- Symlinking: /home/sws/autoware/install/tier4_system_msgs/include/tier4_system_msgs/tier4_system_msgs/msg/detail/autoware_state__builder.hpp
-- Symlinking: /home/sws/autoware/install/tier4_system_msgs/include/tier4_system_msgs/tier4_system_msgs/msg/detail/autoware_state__struct.hpp
-- Symlinking: /home/sws/autoware/install/tier4_system_msgs/include/tier4_system_msgs/tier4_system_msgs/msg/detail/autoware_state__traits.hpp
-- Symlinking: /home/sws/autoware/install/tier4_system_msgs/include/tier4_system_msgs/tier4_system_msgs/msg/detail/emergency_state__builder.hpp
-- Symlinking: /home/sws/autoware/install/tier4_system_msgs/include/tier4_system_msgs/tier4_system_msgs/msg/detail/emergency_state__struct.hpp
-- Symlinking: /home/sws/autoware/install/tier4_system_msgs/include/tier4_system_msgs/tier4_system_msgs/msg/detail/emergency_state__traits.hpp
-- Symlinking: /home/sws/autoware/install/tier4_system_msgs/include/tier4_system_msgs/tier4_system_msgs/msg/detail/emergency_state_stamped__builder.hpp
-- Symlinking: /home/sws/autoware/install/tier4_system_msgs/include/tier4_system_msgs/tier4_system_msgs/msg/detail/emergency_state_stamped__struct.hpp
-- Symlinking: /home/sws/autoware/install/tier4_system_msgs/include/tier4_system_msgs/tier4_system_msgs/msg/detail/emergency_state_stamped__traits.hpp
-- Symlinking: /home/sws/autoware/install/tier4_system_msgs/include/tier4_system_msgs/tier4_system_msgs/msg/detail/hazard_status__builder.hpp
-- Symlinking: /home/sws/autoware/install/tier4_system_msgs/include/tier4_system_msgs/tier4_system_msgs/msg/detail/hazard_status__struct.hpp
-- Symlinking: /home/sws/autoware/install/tier4_system_msgs/include/tier4_system_msgs/tier4_system_msgs/msg/detail/hazard_status__traits.hpp
-- Symlinking: /home/sws/autoware/install/tier4_system_msgs/include/tier4_system_msgs/tier4_system_msgs/msg/detail/hazard_status_stamped__builder.hpp
-- Symlinking: /home/sws/autoware/install/tier4_system_msgs/include/tier4_system_msgs/tier4_system_msgs/msg/detail/hazard_status_stamped__struct.hpp
-- Symlinking: /home/sws/autoware/install/tier4_system_msgs/include/tier4_system_msgs/tier4_system_msgs/msg/detail/hazard_status_stamped__traits.hpp
-- Symlinking: /home/sws/autoware/install/tier4_system_msgs/include/tier4_system_msgs/tier4_system_msgs/msg/detail/mode_change_available__builder.hpp
-- Symlinking: /home/sws/autoware/install/tier4_system_msgs/include/tier4_system_msgs/tier4_system_msgs/msg/detail/mode_change_available__struct.hpp
-- Symlinking: /home/sws/autoware/install/tier4_system_msgs/include/tier4_system_msgs/tier4_system_msgs/msg/detail/mode_change_available__traits.hpp
-- Symlinking: /home/sws/autoware/install/tier4_system_msgs/include/tier4_system_msgs/tier4_system_msgs/msg/detail/mrm_behavior_status__builder.hpp
-- Symlinking: /home/sws/autoware/install/tier4_system_msgs/include/tier4_system_msgs/tier4_system_msgs/msg/detail/mrm_behavior_status__struct.hpp
-- Symlinking: /home/sws/autoware/install/tier4_system_msgs/include/tier4_system_msgs/tier4_system_msgs/msg/detail/mrm_behavior_status__traits.hpp
-- Symlinking: /home/sws/autoware/install/tier4_system_msgs/include/tier4_system_msgs/tier4_system_msgs/msg/detail/service_log__builder.hpp
-- Symlinking: /home/sws/autoware/install/tier4_system_msgs/include/tier4_system_msgs/tier4_system_msgs/msg/detail/service_log__struct.hpp
-- Symlinking: /home/sws/autoware/install/tier4_system_msgs/include/tier4_system_msgs/tier4_system_msgs/msg/detail/service_log__traits.hpp
-- Symlinking: /home/sws/autoware/install/tier4_system_msgs/include/tier4_system_msgs/tier4_system_msgs/msg/emergency_state.hpp
-- Symlinking: /home/sws/autoware/install/tier4_system_msgs/include/tier4_system_msgs/tier4_system_msgs/msg/emergency_state_stamped.hpp
-- Symlinking: /home/sws/autoware/install/tier4_system_msgs/include/tier4_system_msgs/tier4_system_msgs/msg/hazard_status.hpp
-- Symlinking: /home/sws/autoware/install/tier4_system_msgs/include/tier4_system_msgs/tier4_system_msgs/msg/hazard_status_stamped.hpp
-- Symlinking: /home/sws/autoware/install/tier4_system_msgs/include/tier4_system_msgs/tier4_system_msgs/msg/mode_change_available.hpp
-- Symlinking: /home/sws/autoware/install/tier4_system_msgs/include/tier4_system_msgs/tier4_system_msgs/msg/mrm_behavior_status.hpp
-- Symlinking: /home/sws/autoware/install/tier4_system_msgs/include/tier4_system_msgs/tier4_system_msgs/msg/service_log.hpp
-- Symlinking: /home/sws/autoware/install/tier4_system_msgs/include/tier4_system_msgs/tier4_system_msgs/srv/change_autoware_control.hpp
-- Symlinking: /home/sws/autoware/install/tier4_system_msgs/include/tier4_system_msgs/tier4_system_msgs/srv/change_operation_mode.hpp
-- Symlinking: /home/sws/autoware/install/tier4_system_msgs/include/tier4_system_msgs/tier4_system_msgs/srv/detail/change_autoware_control__builder.hpp
-- Symlinking: /home/sws/autoware/install/tier4_system_msgs/include/tier4_system_msgs/tier4_system_msgs/srv/detail/change_autoware_control__struct.hpp
-- Symlinking: /home/sws/autoware/install/tier4_system_msgs/include/tier4_system_msgs/tier4_system_msgs/srv/detail/change_autoware_control__traits.hpp
-- Symlinking: /home/sws/autoware/install/tier4_system_msgs/include/tier4_system_msgs/tier4_system_msgs/srv/detail/change_operation_mode__builder.hpp
-- Symlinking: /home/sws/autoware/install/tier4_system_msgs/include/tier4_system_msgs/tier4_system_msgs/srv/detail/change_operation_mode__struct.hpp
-- Symlinking: /home/sws/autoware/install/tier4_system_msgs/include/tier4_system_msgs/tier4_system_msgs/srv/detail/change_operation_mode__traits.hpp
-- Symlinking: /home/sws/autoware/install/tier4_system_msgs/include/tier4_system_msgs/tier4_system_msgs/srv/detail/operate_mrm__builder.hpp
-- Symlinking: /home/sws/autoware/install/tier4_system_msgs/include/tier4_system_msgs/tier4_system_msgs/srv/detail/operate_mrm__struct.hpp
-- Symlinking: /home/sws/autoware/install/tier4_system_msgs/include/tier4_system_msgs/tier4_system_msgs/srv/detail/operate_mrm__traits.hpp
-- Symlinking: /home/sws/autoware/install/tier4_system_msgs/include/tier4_system_msgs/tier4_system_msgs/srv/operate_mrm.hpp
-- Symlinking: /home/sws/autoware/install/tier4_system_msgs/include/tier4_system_msgs/tier4_system_msgs/msg/detail/autoware_state__rosidl_typesupport_fastrtps_cpp.hpp
-- Symlinking: /home/sws/autoware/install/tier4_system_msgs/include/tier4_system_msgs/tier4_system_msgs/msg/detail/emergency_state__rosidl_typesupport_fastrtps_cpp.hpp
-- Symlinking: /home/sws/autoware/install/tier4_system_msgs/include/tier4_system_msgs/tier4_system_msgs/msg/detail/emergency_state_stamped__rosidl_typesupport_fastrtps_cpp.hpp
-- Symlinking: /home/sws/autoware/install/tier4_system_msgs/include/tier4_system_msgs/tier4_system_msgs/msg/detail/hazard_status__rosidl_typesupport_fastrtps_cpp.hpp
-- Symlinking: /home/sws/autoware/install/tier4_system_msgs/include/tier4_system_msgs/tier4_system_msgs/msg/detail/hazard_status_stamped__rosidl_typesupport_fastrtps_cpp.hpp
-- Symlinking: /home/sws/autoware/install/tier4_system_msgs/include/tier4_system_msgs/tier4_system_msgs/msg/detail/mode_change_available__rosidl_typesupport_fastrtps_cpp.hpp
-- Symlinking: /home/sws/autoware/install/tier4_system_msgs/include/tier4_system_msgs/tier4_system_msgs/msg/detail/mrm_behavior_status__rosidl_typesupport_fastrtps_cpp.hpp
-- Symlinking: /home/sws/autoware/install/tier4_system_msgs/include/tier4_system_msgs/tier4_system_msgs/msg/detail/service_log__rosidl_typesupport_fastrtps_cpp.hpp
-- Symlinking: /home/sws/autoware/install/tier4_system_msgs/include/tier4_system_msgs/tier4_system_msgs/msg/rosidl_typesupport_fastrtps_cpp__visibility_control.h
-- Symlinking: /home/sws/autoware/install/tier4_system_msgs/include/tier4_system_msgs/tier4_system_msgs/srv/detail/change_autoware_control__rosidl_typesupport_fastrtps_cpp.hpp
-- Symlinking: /home/sws/autoware/install/tier4_system_msgs/include/tier4_system_msgs/tier4_system_msgs/srv/detail/change_operation_mode__rosidl_typesupport_fastrtps_cpp.hpp
-- Symlinking: /home/sws/autoware/install/tier4_system_msgs/include/tier4_system_msgs/tier4_system_msgs/srv/detail/operate_mrm__rosidl_typesupport_fastrtps_cpp.hpp
-- Symlinking: /home/sws/autoware/install/tier4_system_msgs/include/tier4_system_msgs/tier4_system_msgs/msg/detail/autoware_state__rosidl_typesupport_introspection_cpp.hpp
-- Symlinking: /home/sws/autoware/install/tier4_system_msgs/include/tier4_system_msgs/tier4_system_msgs/msg/detail/emergency_state__rosidl_typesupport_introspection_cpp.hpp
-- Symlinking: /home/sws/autoware/install/tier4_system_msgs/include/tier4_system_msgs/tier4_system_msgs/msg/detail/emergency_state_stamped__rosidl_typesupport_introspection_cpp.hpp
-- Symlinking: /home/sws/autoware/install/tier4_system_msgs/include/tier4_system_msgs/tier4_system_msgs/msg/detail/hazard_status__rosidl_typesupport_introspection_cpp.hpp
-- Symlinking: /home/sws/autoware/install/tier4_system_msgs/include/tier4_system_msgs/tier4_system_msgs/msg/detail/hazard_status_stamped__rosidl_typesupport_introspection_cpp.hpp
-- Symlinking: /home/sws/autoware/install/tier4_system_msgs/include/tier4_system_msgs/tier4_system_msgs/msg/detail/mode_change_available__rosidl_typesupport_introspection_cpp.hpp
-- Symlinking: /home/sws/autoware/install/tier4_system_msgs/include/tier4_system_msgs/tier4_system_msgs/msg/detail/mrm_behavior_status__rosidl_typesupport_introspection_cpp.hpp
-- Symlinking: /home/sws/autoware/install/tier4_system_msgs/include/tier4_system_msgs/tier4_system_msgs/msg/detail/service_log__rosidl_typesupport_introspection_cpp.hpp
-- Symlinking: /home/sws/autoware/install/tier4_system_msgs/include/tier4_system_msgs/tier4_system_msgs/srv/detail/change_autoware_control__rosidl_typesupport_introspection_cpp.hpp
-- Symlinking: /home/sws/autoware/install/tier4_system_msgs/include/tier4_system_msgs/tier4_system_msgs/srv/detail/change_operation_mode__rosidl_typesupport_introspection_cpp.hpp
-- Symlinking: /home/sws/autoware/install/tier4_system_msgs/include/tier4_system_msgs/tier4_system_msgs/srv/detail/operate_mrm__rosidl_typesupport_introspection_cpp.hpp
-- Symlinking: /home/sws/autoware/install/tier4_system_msgs/share/tier4_system_msgs/environment/pythonpath.sh
-- Symlinking: /home/sws/autoware/install/tier4_system_msgs/share/tier4_system_msgs/environment/pythonpath.dsv
-- Symlinking: /home/sws/autoware/install/tier4_system_msgs/local/lib/python3.10/dist-packages/tier4_system_msgs-0.1.0-py3.10.egg-info/PKG-INFO
-- Symlinking: /home/sws/autoware/install/tier4_system_msgs/local/lib/python3.10/dist-packages/tier4_system_msgs-0.1.0-py3.10.egg-info/SOURCES.txt
-- Symlinking: /home/sws/autoware/install/tier4_system_msgs/local/lib/python3.10/dist-packages/tier4_system_msgs-0.1.0-py3.10.egg-info/dependency_links.txt
-- Symlinking: /home/sws/autoware/install/tier4_system_msgs/local/lib/python3.10/dist-packages/tier4_system_msgs-0.1.0-py3.10.egg-info/top_level.txt
-- Symlinking: /home/sws/autoware/install/tier4_system_msgs/local/lib/python3.10/dist-packages/tier4_system_msgs/__init__.py
-- Symlinking: /home/sws/autoware/install/tier4_system_msgs/local/lib/python3.10/dist-packages/tier4_system_msgs/_tier4_system_msgs_s.ep.rosidl_typesupport_c.c
-- Symlinking: /home/sws/autoware/install/tier4_system_msgs/local/lib/python3.10/dist-packages/tier4_system_msgs/_tier4_system_msgs_s.ep.rosidl_typesupport_fastrtps_c.c
-- Symlinking: /home/sws/autoware/install/tier4_system_msgs/local/lib/python3.10/dist-packages/tier4_system_msgs/_tier4_system_msgs_s.ep.rosidl_typesupport_introspection_c.c
-- Symlinking: /home/sws/autoware/install/tier4_system_msgs/local/lib/python3.10/dist-packages/tier4_system_msgs/libtier4_system_msgs__rosidl_generator_py.so
-- Symlinking: /home/sws/autoware/install/tier4_system_msgs/local/lib/python3.10/dist-packages/tier4_system_msgs/msg/__init__.py
-- Symlinking: /home/sws/autoware/install/tier4_system_msgs/local/lib/python3.10/dist-packages/tier4_system_msgs/msg/_autoware_state.py
-- Symlinking: /home/sws/autoware/install/tier4_system_msgs/local/lib/python3.10/dist-packages/tier4_system_msgs/msg/_autoware_state_s.c
-- Symlinking: /home/sws/autoware/install/tier4_system_msgs/local/lib/python3.10/dist-packages/tier4_system_msgs/msg/_emergency_state.py
-- Symlinking: /home/sws/autoware/install/tier4_system_msgs/local/lib/python3.10/dist-packages/tier4_system_msgs/msg/_emergency_state_s.c
-- Symlinking: /home/sws/autoware/install/tier4_system_msgs/local/lib/python3.10/dist-packages/tier4_system_msgs/msg/_emergency_state_stamped.py
-- Symlinking: /home/sws/autoware/install/tier4_system_msgs/local/lib/python3.10/dist-packages/tier4_system_msgs/msg/_emergency_state_stamped_s.c
-- Symlinking: /home/sws/autoware/install/tier4_system_msgs/local/lib/python3.10/dist-packages/tier4_system_msgs/msg/_hazard_status.py
-- Symlinking: /home/sws/autoware/install/tier4_system_msgs/local/lib/python3.10/dist-packages/tier4_system_msgs/msg/_hazard_status_s.c
-- Symlinking: /home/sws/autoware/install/tier4_system_msgs/local/lib/python3.10/dist-packages/tier4_system_msgs/msg/_hazard_status_stamped.py
-- Symlinking: /home/sws/autoware/install/tier4_system_msgs/local/lib/python3.10/dist-packages/tier4_system_msgs/msg/_hazard_status_stamped_s.c
-- Symlinking: /home/sws/autoware/install/tier4_system_msgs/local/lib/python3.10/dist-packages/tier4_system_msgs/msg/_mode_change_available.py
-- Symlinking: /home/sws/autoware/install/tier4_system_msgs/local/lib/python3.10/dist-packages/tier4_system_msgs/msg/_mode_change_available_s.c
-- Symlinking: /home/sws/autoware/install/tier4_system_msgs/local/lib/python3.10/dist-packages/tier4_system_msgs/msg/_mrm_behavior_status.py
-- Symlinking: /home/sws/autoware/install/tier4_system_msgs/local/lib/python3.10/dist-packages/tier4_system_msgs/msg/_mrm_behavior_status_s.c
-- Symlinking: /home/sws/autoware/install/tier4_system_msgs/local/lib/python3.10/dist-packages/tier4_system_msgs/msg/_service_log.py
-- Symlinking: /home/sws/autoware/install/tier4_system_msgs/local/lib/python3.10/dist-packages/tier4_system_msgs/msg/_service_log_s.c
-- Symlinking: /home/sws/autoware/install/tier4_system_msgs/local/lib/python3.10/dist-packages/tier4_system_msgs/srv/__init__.py
-- Symlinking: /home/sws/autoware/install/tier4_system_msgs/local/lib/python3.10/dist-packages/tier4_system_msgs/srv/_change_autoware_control.py
-- Symlinking: /home/sws/autoware/install/tier4_system_msgs/local/lib/python3.10/dist-packages/tier4_system_msgs/srv/_change_autoware_control_s.c
-- Symlinking: /home/sws/autoware/install/tier4_system_msgs/local/lib/python3.10/dist-packages/tier4_system_msgs/srv/_change_operation_mode.py
-- Symlinking: /home/sws/autoware/install/tier4_system_msgs/local/lib/python3.10/dist-packages/tier4_system_msgs/srv/_change_operation_mode_s.c
-- Symlinking: /home/sws/autoware/install/tier4_system_msgs/local/lib/python3.10/dist-packages/tier4_system_msgs/srv/_operate_mrm.py
-- Symlinking: /home/sws/autoware/install/tier4_system_msgs/local/lib/python3.10/dist-packages/tier4_system_msgs/srv/_operate_mrm_s.c
-- Symlinking: /home/sws/autoware/install/tier4_system_msgs/local/lib/python3.10/dist-packages/tier4_system_msgs/tier4_system_msgs_s__rosidl_typesupport_c.cpython-310-x86_64-linux-gnu.so
-- Symlinking: /home/sws/autoware/install/tier4_system_msgs/local/lib/python3.10/dist-packages/tier4_system_msgs/tier4_system_msgs_s__rosidl_typesupport_fastrtps_c.cpython-310-x86_64-linux-gnu.so
-- Symlinking: /home/sws/autoware/install/tier4_system_msgs/local/lib/python3.10/dist-packages/tier4_system_msgs/tier4_system_msgs_s__rosidl_typesupport_introspection_c.cpython-310-x86_64-linux-gnu.so
-- Up-to-date symlink: /home/sws/autoware/install/tier4_system_msgs/local/lib/python3.10/dist-packages/tier4_system_msgs/tier4_system_msgs_s__rosidl_typesupport_fastrtps_c.cpython-310-x86_64-linux-gnu.so
-- Up-to-date symlink: /home/sws/autoware/install/tier4_system_msgs/local/lib/python3.10/dist-packages/tier4_system_msgs/tier4_system_msgs_s__rosidl_typesupport_introspection_c.cpython-310-x86_64-linux-gnu.so
-- Up-to-date symlink: /home/sws/autoware/install/tier4_system_msgs/local/lib/python3.10/dist-packages/tier4_system_msgs/tier4_system_msgs_s__rosidl_typesupport_c.cpython-310-x86_64-linux-gnu.so
-- Symlinking: /home/sws/autoware/install/tier4_system_msgs/share/tier4_system_msgs/msg/AutowareState.idl
-- Symlinking: /home/sws/autoware/install/tier4_system_msgs/share/tier4_system_msgs/msg/EmergencyState.idl
-- Symlinking: /home/sws/autoware/install/tier4_system_msgs/share/tier4_system_msgs/msg/EmergencyStateStamped.idl
-- Symlinking: /home/sws/autoware/install/tier4_system_msgs/share/tier4_system_msgs/msg/HazardStatus.idl
-- Symlinking: /home/sws/autoware/install/tier4_system_msgs/share/tier4_system_msgs/msg/HazardStatusStamped.idl
-- Symlinking: /home/sws/autoware/install/tier4_system_msgs/share/tier4_system_msgs/msg/ServiceLog.idl
-- Symlinking: /home/sws/autoware/install/tier4_system_msgs/share/tier4_system_msgs/msg/ModeChangeAvailable.idl
-- Symlinking: /home/sws/autoware/install/tier4_system_msgs/share/tier4_system_msgs/msg/MrmBehaviorStatus.idl
-- Symlinking: /home/sws/autoware/install/tier4_system_msgs/share/tier4_system_msgs/srv/OperateMrm.idl
-- Symlinking: /home/sws/autoware/install/tier4_system_msgs/share/tier4_system_msgs/srv/ChangeOperationMode.idl
-- Symlinking: /home/sws/autoware/install/tier4_system_msgs/share/tier4_system_msgs/srv/ChangeAutowareControl.idl
-- Symlinking: /home/sws/autoware/install/tier4_system_msgs/share/tier4_system_msgs/msg/AutowareState.msg
-- Symlinking: /home/sws/autoware/install/tier4_system_msgs/share/tier4_system_msgs/msg/EmergencyState.msg
-- Symlinking: /home/sws/autoware/install/tier4_system_msgs/share/tier4_system_msgs/msg/EmergencyStateStamped.msg
-- Symlinking: /home/sws/autoware/install/tier4_system_msgs/share/tier4_system_msgs/msg/HazardStatus.msg
-- Symlinking: /home/sws/autoware/install/tier4_system_msgs/share/tier4_system_msgs/msg/HazardStatusStamped.msg
-- Symlinking: /home/sws/autoware/install/tier4_system_msgs/share/tier4_system_msgs/msg/ServiceLog.msg
-- Symlinking: /home/sws/autoware/install/tier4_system_msgs/share/tier4_system_msgs/msg/ModeChangeAvailable.msg
-- Symlinking: /home/sws/autoware/install/tier4_system_msgs/share/tier4_system_msgs/msg/MrmBehaviorStatus.msg
-- Symlinking: /home/sws/autoware/install/tier4_system_msgs/share/tier4_system_msgs/srv/OperateMrm.srv
-- Symlinking: /home/sws/autoware/install/tier4_system_msgs/share/tier4_system_msgs/srv/OperateMrm_Request.msg
-- Symlinking: /home/sws/autoware/install/tier4_system_msgs/share/tier4_system_msgs/srv/OperateMrm_Response.msg
-- Symlinking: /home/sws/autoware/install/tier4_system_msgs/share/tier4_system_msgs/srv/ChangeOperationMode.srv
-- Symlinking: /home/sws/autoware/install/tier4_system_msgs/share/tier4_system_msgs/srv/ChangeOperationMode_Request.msg
-- Symlinking: /home/sws/autoware/install/tier4_system_msgs/share/tier4_system_msgs/srv/ChangeOperationMode_Response.msg
-- Symlinking: /home/sws/autoware/install/tier4_system_msgs/share/tier4_system_msgs/srv/ChangeAutowareControl.srv
-- Symlinking: /home/sws/autoware/install/tier4_system_msgs/share/tier4_system_msgs/srv/ChangeAutowareControl_Request.msg
-- Symlinking: /home/sws/autoware/install/tier4_system_msgs/share/tier4_system_msgs/srv/ChangeAutowareControl_Response.msg
-- Symlinking: /home/sws/autoware/install/tier4_system_msgs/share/ament_index/resource_index/package_run_dependencies/tier4_system_msgs
-- Symlinking: /home/sws/autoware/install/tier4_system_msgs/share/ament_index/resource_index/parent_prefix_path/tier4_system_msgs
-- Symlinking: /home/sws/autoware/install/tier4_system_msgs/share/tier4_system_msgs/environment/ament_prefix_path.sh
-- Symlinking: /home/sws/autoware/install/tier4_system_msgs/share/tier4_system_msgs/environment/ament_prefix_path.dsv
-- Symlinking: /home/sws/autoware/install/tier4_system_msgs/share/tier4_system_msgs/environment/path.sh
-- Symlinking: /home/sws/autoware/install/tier4_system_msgs/share/tier4_system_msgs/environment/path.dsv
-- Symlinking: /home/sws/autoware/install/tier4_system_msgs/share/tier4_system_msgs/local_setup.bash
-- Symlinking: /home/sws/autoware/install/tier4_system_msgs/share/tier4_system_msgs/local_setup.sh
-- Symlinking: /home/sws/autoware/install/tier4_system_msgs/share/tier4_system_msgs/local_setup.zsh
-- Symlinking: /home/sws/autoware/install/tier4_system_msgs/share/tier4_system_msgs/local_setup.dsv
-- Symlinking: /home/sws/autoware/install/tier4_system_msgs/share/tier4_system_msgs/package.dsv
-- Symlinking: /home/sws/autoware/install/tier4_system_msgs/share/ament_index/resource_index/packages/tier4_system_msgs
-- Symlinking: /home/sws/autoware/install/tier4_system_msgs/share/tier4_system_msgs/cmake/rosidl_cmake-extras.cmake
-- Symlinking: /home/sws/autoware/install/tier4_system_msgs/share/tier4_system_msgs/cmake/ament_cmake_export_dependencies-extras.cmake
-- Symlinking: /home/sws/autoware/install/tier4_system_msgs/share/tier4_system_msgs/cmake/ament_cmake_export_include_directories-extras.cmake
-- Symlinking: /home/sws/autoware/install/tier4_system_msgs/share/tier4_system_msgs/cmake/ament_cmake_export_libraries-extras.cmake
-- Symlinking: /home/sws/autoware/install/tier4_system_msgs/share/tier4_system_msgs/cmake/ament_cmake_export_targets-extras.cmake
-- Symlinking: /home/sws/autoware/install/tier4_system_msgs/share/tier4_system_msgs/cmake/rosidl_cmake_export_typesupport_targets-extras.cmake
-- Symlinking: /home/sws/autoware/install/tier4_system_msgs/share/tier4_system_msgs/cmake/rosidl_cmake_export_typesupport_libraries-extras.cmake
-- Symlinking: /home/sws/autoware/install/tier4_system_msgs/share/tier4_system_msgs/cmake/tier4_system_msgsConfig.cmake
-- Symlinking: /home/sws/autoware/install/tier4_system_msgs/share/tier4_system_msgs/cmake/tier4_system_msgsConfig-version.cmake
-- Symlinking: /home/sws/autoware/install/tier4_system_msgs/share/tier4_system_msgs/package.xml
-- Installing: /home/sws/autoware/install/tier4_system_msgs/lib/libtier4_system_msgs__rosidl_generator_c.so
-- Set runtime path of "/home/sws/autoware/install/tier4_system_msgs/lib/libtier4_system_msgs__rosidl_generator_c.so" to ""
-- Installing: /home/sws/autoware/install/tier4_system_msgs/lib/libtier4_system_msgs__rosidl_typesupport_fastrtps_c.so
-- Set runtime path of "/home/sws/autoware/install/tier4_system_msgs/lib/libtier4_system_msgs__rosidl_typesupport_fastrtps_c.so" to ""
-- Installing: /home/sws/autoware/install/tier4_system_msgs/lib/libtier4_system_msgs__rosidl_typesupport_introspection_c.so
-- Set runtime path of "/home/sws/autoware/install/tier4_system_msgs/lib/libtier4_system_msgs__rosidl_typesupport_introspection_c.so" to ""
-- Installing: /home/sws/autoware/install/tier4_system_msgs/lib/libtier4_system_msgs__rosidl_typesupport_c.so
-- Set runtime path of "/home/sws/autoware/install/tier4_system_msgs/lib/libtier4_system_msgs__rosidl_typesupport_c.so" to ""
-- Installing: /home/sws/autoware/install/tier4_system_msgs/lib/libtier4_system_msgs__rosidl_typesupport_fastrtps_cpp.so
-- Set runtime path of "/home/sws/autoware/install/tier4_system_msgs/lib/libtier4_system_msgs__rosidl_typesupport_fastrtps_cpp.so" to ""
-- Installing: /home/sws/autoware/install/tier4_system_msgs/lib/libtier4_system_msgs__rosidl_typesupport_introspection_cpp.so
-- Set runtime path of "/home/sws/autoware/install/tier4_system_msgs/lib/libtier4_system_msgs__rosidl_typesupport_introspection_cpp.so" to ""
-- Installing: /home/sws/autoware/install/tier4_system_msgs/lib/libtier4_system_msgs__rosidl_typesupport_cpp.so
-- Set runtime path of "/home/sws/autoware/install/tier4_system_msgs/lib/libtier4_system_msgs__rosidl_typesupport_cpp.so" to ""
Listing '/home/sws/autoware/install/tier4_system_msgs/local/lib/python3.10/dist-packages/tier4_system_msgs'...
Compiling '/home/sws/autoware/install/tier4_system_msgs/local/lib/python3.10/dist-packages/tier4_system_msgs/__init__.py'...
Listing '/home/sws/autoware/install/tier4_system_msgs/local/lib/python3.10/dist-packages/tier4_system_msgs/msg'...
Compiling '/home/sws/autoware/install/tier4_system_msgs/local/lib/python3.10/dist-packages/tier4_system_msgs/msg/__init__.py'...
Compiling '/home/sws/autoware/install/tier4_system_msgs/local/lib/python3.10/dist-packages/tier4_system_msgs/msg/_autoware_state.py'...
Compiling '/home/sws/autoware/install/tier4_system_msgs/local/lib/python3.10/dist-packages/tier4_system_msgs/msg/_emergency_state.py'...
Compiling '/home/sws/autoware/install/tier4_system_msgs/local/lib/python3.10/dist-packages/tier4_system_msgs/msg/_emergency_state_stamped.py'...
Compiling '/home/sws/autoware/install/tier4_system_msgs/local/lib/python3.10/dist-packages/tier4_system_msgs/msg/_hazard_status.py'...
Compiling '/home/sws/autoware/install/tier4_system_msgs/local/lib/python3.10/dist-packages/tier4_system_msgs/msg/_hazard_status_stamped.py'...
Compiling '/home/sws/autoware/install/tier4_system_msgs/local/lib/python3.10/dist-packages/tier4_system_msgs/msg/_mode_change_available.py'...
Compiling '/home/sws/autoware/install/tier4_system_msgs/local/lib/python3.10/dist-packages/tier4_system_msgs/msg/_mrm_behavior_status.py'...
Compiling '/home/sws/autoware/install/tier4_system_msgs/local/lib/python3.10/dist-packages/tier4_system_msgs/msg/_service_log.py'...
Listing '/home/sws/autoware/install/tier4_system_msgs/local/lib/python3.10/dist-packages/tier4_system_msgs/srv'...
Compiling '/home/sws/autoware/install/tier4_system_msgs/local/lib/python3.10/dist-packages/tier4_system_msgs/srv/__init__.py'...
Compiling '/home/sws/autoware/install/tier4_system_msgs/local/lib/python3.10/dist-packages/tier4_system_msgs/srv/_change_autoware_control.py'...
Compiling '/home/sws/autoware/install/tier4_system_msgs/local/lib/python3.10/dist-packages/tier4_system_msgs/srv/_change_operation_mode.py'...
Compiling '/home/sws/autoware/install/tier4_system_msgs/local/lib/python3.10/dist-packages/tier4_system_msgs/srv/_operate_mrm.py'...
-- Installing: /home/sws/autoware/install/tier4_system_msgs/lib/libtier4_system_msgs__rosidl_generator_py.so
-- Set runtime path of "/home/sws/autoware/install/tier4_system_msgs/lib/libtier4_system_msgs__rosidl_generator_py.so" to ""
-- Installing: /home/sws/autoware/install/tier4_system_msgs/share/tier4_system_msgs/cmake/export_tier4_system_msgs__rosidl_generator_cExport.cmake
-- Installing: /home/sws/autoware/install/tier4_system_msgs/share/tier4_system_msgs/cmake/export_tier4_system_msgs__rosidl_generator_cExport-release.cmake
-- Installing: /home/sws/autoware/install/tier4_system_msgs/share/tier4_system_msgs/cmake/export_tier4_system_msgs__rosidl_typesupport_fastrtps_cExport.cmake
-- Installing: /home/sws/autoware/install/tier4_system_msgs/share/tier4_system_msgs/cmake/export_tier4_system_msgs__rosidl_typesupport_fastrtps_cExport-release.cmake
-- Installing: /home/sws/autoware/install/tier4_system_msgs/share/tier4_system_msgs/cmake/tier4_system_msgs__rosidl_typesupport_introspection_cExport.cmake
-- Installing: /home/sws/autoware/install/tier4_system_msgs/share/tier4_system_msgs/cmake/tier4_system_msgs__rosidl_typesupport_introspection_cExport-release.cmake
-- Installing: /home/sws/autoware/install/tier4_system_msgs/share/tier4_system_msgs/cmake/tier4_system_msgs__rosidl_typesupport_cExport.cmake
-- Installing: /home/sws/autoware/install/tier4_system_msgs/share/tier4_system_msgs/cmake/tier4_system_msgs__rosidl_typesupport_cExport-release.cmake
-- Installing: /home/sws/autoware/install/tier4_system_msgs/share/tier4_system_msgs/cmake/export_tier4_system_msgs__rosidl_generator_cppExport.cmake
-- Installing: /home/sws/autoware/install/tier4_system_msgs/share/tier4_system_msgs/cmake/export_tier4_system_msgs__rosidl_typesupport_fastrtps_cppExport.cmake
-- Installing: /home/sws/autoware/install/tier4_system_msgs/share/tier4_system_msgs/cmake/export_tier4_system_msgs__rosidl_typesupport_fastrtps_cppExport-release.cmake
-- Installing: /home/sws/autoware/install/tier4_system_msgs/share/tier4_system_msgs/cmake/tier4_system_msgs__rosidl_typesupport_introspection_cppExport.cmake
-- Installing: /home/sws/autoware/install/tier4_system_msgs/share/tier4_system_msgs/cmake/tier4_system_msgs__rosidl_typesupport_introspection_cppExport-release.cmake
-- Installing: /home/sws/autoware/install/tier4_system_msgs/share/tier4_system_msgs/cmake/tier4_system_msgs__rosidl_typesupport_cppExport.cmake
-- Installing: /home/sws/autoware/install/tier4_system_msgs/share/tier4_system_msgs/cmake/tier4_system_msgs__rosidl_typesupport_cppExport-release.cmake
-- Installing: /home/sws/autoware/install/tier4_system_msgs/share/tier4_system_msgs/cmake/export_tier4_system_msgs__rosidl_generator_pyExport.cmake
-- Installing: /home/sws/autoware/install/tier4_system_msgs/share/tier4_system_msgs/cmake/export_tier4_system_msgs__rosidl_generator_pyExport-release.cmake
