-- The C compiler identification is GNU 11.3.0
-- The CXX compiler identification is GNU 11.3.0
-- Detecting C compiler ABI info
-- Detecting C compiler ABI info - done
-- Check for working C compiler: /usr/bin/cc - skipped
-- Detecting C compile features
-- Detecting C compile features - done
-- Detecting CXX compiler ABI info
-- Detecting CXX compiler ABI info - done
-- Check for working CXX compiler: /usr/bin/c++ - skipped
-- Detecting CXX compile features
-- Detecting CXX compile features - done
-- Found autoware_cmake: 0.1.0 (/home/sws/autoware/install/autoware_cmake/share/autoware_cmake/cmake)
-- Found Python3: /usr/bin/python3.10 (found version "3.10.6") found components: Interpreter 
-- Override CMake install command with custom implementation using symlinks instead of copying resources
-- Found rosidl_generator_c: 3.1.4 (/opt/ros/humble/share/rosidl_generator_c/cmake)
-- Found rosidl_adapter: 3.1.4 (/opt/ros/humble/share/rosidl_adapter/cmake)
-- Found rosidl_generator_cpp: 3.1.4 (/opt/ros/humble/share/rosidl_generator_cpp/cmake)
-- Using all available rosidl_typesupport_c: rosidl_typesupport_fastrtps_c;rosidl_typesupport_introspection_c
-- Using all available rosidl_typesupport_cpp: rosidl_typesupport_fastrtps_cpp;rosidl_typesupport_introspection_cpp
-- Found rmw_implementation_cmake: 6.1.1 (/opt/ros/humble/share/rmw_implementation_cmake/cmake)
-- Found rmw_fastrtps_cpp: 6.2.2 (/opt/ros/humble/share/rmw_fastrtps_cpp/cmake)
-- Found OpenSSL: /usr/lib/x86_64-linux-gnu/libcrypto.so (found version "3.0.2")  
-- Found FastRTPS: /opt/ros/humble/include  
-- Using RMW implementation 'rmw_fastrtps_cpp' as default
-- Looking for pthread.h
-- Looking for pthread.h - found
-- Performing Test CMAKE_HAVE_LIBC_PTHREAD
-- Performing Test CMAKE_HAVE_LIBC_PTHREAD - Success
-- Found Threads: TRUE  
-- Found eigen3_cmake_module: 0.1.1 (/opt/ros/humble/share/eigen3_cmake_module/cmake)
-- Found Eigen3: TRUE (found version "3.4.0") 
-- Ensuring Eigen3 include directory is part of orocos-kdl CMake target
-- Found ament_lint_auto: 0.12.5 (/opt/ros/humble/share/ament_lint_auto/cmake)
-- Found python_cmake_module: 0.10.0 (/opt/ros/humble/share/python_cmake_module/cmake)
-- Found PythonInterp: /usr/bin/python3 (found suitable version "3.10.6", minimum required is "3.6") 
-- Found PythonLibs: /usr/lib/x86_64-linux-gnu/libpython3.10.so (found suitable version "3.10.6", minimum required is "3.5") 
-- Using PYTHON_EXECUTABLE: /usr/bin/python3
-- Using PYTHON_INCLUDE_DIRS: /usr/include/python3.10
-- Using PYTHON_LIBRARIES: /usr/lib/x86_64-linux-gnu/libpython3.10.so
-- Found PythonExtra: .so  
-- Found gtest sources under '/opt/ros/humble/src/gtest_vendor': C++ tests using 'Google Test' will be built
-- Added test 'copyright' to check source files copyright and LICENSE
-- Added test 'cppcheck' to perform static code analysis on C / C++ code
-- Configured cppcheck include dirs: /home/sws/autoware/src/universe/autoware.universe/simulator/fault_injection/include
-- Configured cppcheck exclude dirs and/or files: 
-- Added test 'lint_cmake' to check CMake code style
-- Added test 'xmllint' to check XML markup files
-- Configuring done
-- Generating done
-- Build files have been written to: /home/sws/autoware/build/fault_injection
[  9%] [32mBuilding CXX object CMakeFiles/fault_injection_node_component.dir/src/fault_injection_node/fault_injection_node.cpp.o[0m
[ 18%] [32m[1mLinking CXX shared library libfault_injection_node_component.so[0m
[ 18%] Built target fault_injection_node_component
[ 27%] [32mBuilding CXX object gtest/CMakeFiles/gtest.dir/src/gtest-all.cc.o[0m
[ 36%] [32m[1mLinking CXX static library libgtest.a[0m
[ 36%] Built target gtest
[ 45%] [32mBuilding CXX object gtest/CMakeFiles/gtest_main.dir/src/gtest_main.cc.o[0m
[ 54%] [32m[1mLinking CXX static library libgtest_main.a[0m
[ 54%] Built target gtest_main
[ 63%] [32mBuilding CXX object CMakeFiles/fault_injection_node.dir/rclcpp_components/node_main_fault_injection_node.cpp.o[0m
[ 72%] [32m[1mLinking CXX executable fault_injection_node[0m
[ 72%] Built target fault_injection_node
[ 81%] [32mBuilding CXX object CMakeFiles/test_fault_injection_node_component.dir/test/src/main.cpp.o[0m
[ 90%] [32mBuilding CXX object CMakeFiles/test_fault_injection_node_component.dir/test/src/test_diagnostic_storage.cpp.o[0m
[100%] [32m[1mLinking CXX executable test_fault_injection_node_component[0m
[100%] Built target test_fault_injection_node_component
-- Install configuration: "Release"
-- Execute custom install script
-- Symlinking: /home/sws/autoware/install/fault_injection/lib/fault_injection/fault_injection_node
-- Symlinking: /home/sws/autoware/install/fault_injection/share/fault_injection//config/test_event_diag.param.yaml
-- Symlinking: /home/sws/autoware/install/fault_injection/share/fault_injection//launch/test_fault_injection.launch.xml
-- Symlinking: /home/sws/autoware/install/fault_injection/include/fault_injection/diagnostic_storage.hpp
-- Symlinking: /home/sws/autoware/install/fault_injection/include/fault_injection/fault_injection_node.hpp
-- Symlinking: /home/sws/autoware/install/fault_injection/share/fault_injection/environment/library_path.sh
-- Symlinking: /home/sws/autoware/install/fault_injection/share/fault_injection/environment/library_path.dsv
-- Symlinking: /home/sws/autoware/install/fault_injection/lib/libfault_injection_node_component.so
-- Symlinking: /home/sws/autoware/install/fault_injection/share/fault_injection/config/fault_injection.param.yaml
-- Symlinking: /home/sws/autoware/install/fault_injection/share/fault_injection/launch/fault_injection.launch.xml
-- Symlinking: /home/sws/autoware/install/fault_injection/share/ament_index/resource_index/package_run_dependencies/fault_injection
-- Symlinking: /home/sws/autoware/install/fault_injection/share/ament_index/resource_index/parent_prefix_path/fault_injection
-- Symlinking: /home/sws/autoware/install/fault_injection/share/fault_injection/environment/ament_prefix_path.sh
-- Symlinking: /home/sws/autoware/install/fault_injection/share/fault_injection/environment/ament_prefix_path.dsv
-- Symlinking: /home/sws/autoware/install/fault_injection/share/fault_injection/environment/path.sh
-- Symlinking: /home/sws/autoware/install/fault_injection/share/fault_injection/environment/path.dsv
-- Symlinking: /home/sws/autoware/install/fault_injection/share/fault_injection/local_setup.bash
-- Symlinking: /home/sws/autoware/install/fault_injection/share/fault_injection/local_setup.sh
-- Symlinking: /home/sws/autoware/install/fault_injection/share/fault_injection/local_setup.zsh
-- Symlinking: /home/sws/autoware/install/fault_injection/share/fault_injection/local_setup.dsv
-- Symlinking: /home/sws/autoware/install/fault_injection/share/fault_injection/package.dsv
-- Symlinking: /home/sws/autoware/install/fault_injection/share/ament_index/resource_index/packages/fault_injection
-- Symlinking: /home/sws/autoware/install/fault_injection/share/ament_index/resource_index/rclcpp_components/fault_injection
-- Symlinking: /home/sws/autoware/install/fault_injection/share/fault_injection/cmake/ament_cmake_export_dependencies-extras.cmake
-- Symlinking: /home/sws/autoware/install/fault_injection/share/fault_injection/cmake/ament_cmake_export_include_directories-extras.cmake
-- Symlinking: /home/sws/autoware/install/fault_injection/share/fault_injection/cmake/ament_cmake_export_libraries-extras.cmake
-- Symlinking: /home/sws/autoware/install/fault_injection/share/fault_injection/cmake/fault_injectionConfig.cmake
-- Symlinking: /home/sws/autoware/install/fault_injection/share/fault_injection/cmake/fault_injectionConfig-version.cmake
-- Symlinking: /home/sws/autoware/install/fault_injection/share/fault_injection/package.xml
