[0.050s] Invoking command in '/home/sws/autoware/build/kinematic_evaluator': AMENT_PREFIX_PATH=/home/sws/autoware/install/tier4_autoware_utils:/home/sws/autoware/install/autoware_auto_vehicle_msgs:/home/sws/autoware/install/autoware_cmake:/home/sws/autoware/install/autoware_auto_planning_msgs:/home/sws/autoware/install/autoware_auto_perception_msgs:/home/sws/autoware/install/tier4_debug_msgs:/home/sws/autoware/install/autoware_lint_common:/home/sws/autoware/install/autoware_auto_mapping_msgs:/home/sws/autoware/install/autoware_auto_geometry_msgs:${AMENT_PREFIX_PATH} CMAKE_PREFIX_PATH=/home/sws/autoware/install/tier4_autoware_utils:/home/sws/autoware/install/autoware_auto_vehicle_msgs:/home/sws/autoware/install/autoware_cmake:/home/sws/autoware/install/autoware_auto_planning_msgs:/home/sws/autoware/install/autoware_auto_perception_msgs:/home/sws/autoware/install/tier4_debug_msgs:/home/sws/autoware/install/autoware_lint_common:/home/sws/autoware/install/autoware_auto_mapping_msgs:/home/sws/autoware/install/autoware_auto_geometry_msgs:/opt/ros/humble LD_LIBRARY_PATH=/home/sws/autoware/install/tier4_autoware_utils/lib:/home/sws/autoware/install/autoware_auto_vehicle_msgs/lib:/home/sws/autoware/install/autoware_auto_planning_msgs/lib:/home/sws/autoware/install/autoware_auto_perception_msgs/lib:/home/sws/autoware/install/tier4_debug_msgs/lib:/home/sws/autoware/install/autoware_auto_mapping_msgs/lib:/home/sws/autoware/install/autoware_auto_geometry_msgs/lib:${LD_LIBRARY_PATH} PYTHONPATH=/home/sws/autoware/install/autoware_auto_vehicle_msgs/local/lib/python3.10/dist-packages:/home/sws/autoware/install/autoware_auto_planning_msgs/local/lib/python3.10/dist-packages:/home/sws/autoware/install/autoware_auto_perception_msgs/local/lib/python3.10/dist-packages:/home/sws/autoware/install/tier4_debug_msgs/local/lib/python3.10/dist-packages:/home/sws/autoware/install/autoware_auto_mapping_msgs/local/lib/python3.10/dist-packages:/home/sws/autoware/install/autoware_auto_geometry_msgs/local/lib/python3.10/dist-packages:${PYTHONPATH} /usr/bin/cmake /home/sws/autoware/src/universe/autoware.universe/evaluator/kinematic_evaluator -DCMAKE_BUILD_TYPE=Release -DAMENT_CMAKE_SYMLINK_INSTALL=1 -DCMAKE_INSTALL_PREFIX=/home/sws/autoware/install/kinematic_evaluator
[44.071s] -- The C compiler identification is GNU 11.3.0
[44.071s] -- The CXX compiler identification is GNU 11.3.0
[44.071s] -- Detecting C compiler ABI info
[44.071s] -- Detecting C compiler ABI info - done
[44.071s] -- Check for working C compiler: /usr/bin/cc - skipped
[44.071s] -- Detecting C compile features
[44.072s] -- Detecting C compile features - done
[44.072s] -- Detecting CXX compiler ABI info
[44.072s] -- Detecting CXX compiler ABI info - done
[44.072s] -- Check for working CXX compiler: /usr/bin/c++ - skipped
[44.072s] -- Detecting CXX compile features
[44.072s] -- Detecting CXX compile features - done
[44.072s] -- Found autoware_cmake: 0.1.0 (/home/sws/autoware/install/autoware_cmake/share/autoware_cmake/cmake)
[44.072s] -- Found Python3: /usr/bin/python3.10 (found version "3.10.6") found components: Interpreter 
[44.072s] -- Override CMake install command with custom implementation using symlinks instead of copying resources
[44.072s] -- Found rosidl_generator_c: 3.1.4 (/opt/ros/humble/share/rosidl_generator_c/cmake)
[44.072s] -- Found rosidl_adapter: 3.1.4 (/opt/ros/humble/share/rosidl_adapter/cmake)
[44.073s] -- Found rosidl_generator_cpp: 3.1.4 (/opt/ros/humble/share/rosidl_generator_cpp/cmake)
[44.073s] -- Using all available rosidl_typesupport_c: rosidl_typesupport_fastrtps_c;rosidl_typesupport_introspection_c
[44.073s] -- Using all available rosidl_typesupport_cpp: rosidl_typesupport_fastrtps_cpp;rosidl_typesupport_introspection_cpp
[44.073s] -- Found rmw_implementation_cmake: 6.1.1 (/opt/ros/humble/share/rmw_implementation_cmake/cmake)
[44.073s] -- Found rmw_fastrtps_cpp: 6.2.2 (/opt/ros/humble/share/rmw_fastrtps_cpp/cmake)
[44.073s] -- Found OpenSSL: /usr/lib/x86_64-linux-gnu/libcrypto.so (found version "3.0.2")  
[44.073s] -- Found FastRTPS: /opt/ros/humble/include  
[44.073s] -- Using RMW implementation 'rmw_fastrtps_cpp' as default
[44.073s] -- Looking for pthread.h
[44.073s] -- Looking for pthread.h - found
[44.073s] -- Performing Test CMAKE_HAVE_LIBC_PTHREAD
[44.092s] -- Performing Test CMAKE_HAVE_LIBC_PTHREAD - Success
[44.092s] -- Found Threads: TRUE  
[44.092s] -- Found eigen3_cmake_module: 0.1.1 (/opt/ros/humble/share/eigen3_cmake_module/cmake)
[44.092s] -- Found Eigen3: TRUE (found version "3.4.0") 
[44.093s] -- Ensuring Eigen3 include directory is part of orocos-kdl CMake target
[44.093s] -- Found ament_lint_auto: 0.12.5 (/opt/ros/humble/share/ament_lint_auto/cmake)
[44.093s] -- Found gtest sources under '/opt/ros/humble/src/gtest_vendor': C++ tests using 'Google Test' will be built
[44.093s] -- Added test 'copyright' to check source files copyright and LICENSE
[44.093s] -- Added test 'cppcheck' to perform static code analysis on C / C++ code
[44.093s] -- Configured cppcheck include dirs: /home/sws/autoware/src/universe/autoware.universe/evaluator/kinematic_evaluator/include
[44.093s] -- Configured cppcheck exclude dirs and/or files: 
[44.093s] -- Added test 'lint_cmake' to check CMake code style
[44.093s] -- Added test 'xmllint' to check XML markup files
[44.093s] -- Configuring done
[44.094s] -- Generating done
[44.094s] -- Build files have been written to: /home/sws/autoware/build/kinematic_evaluator
[44.177s] Invoked command in '/home/sws/autoware/build/kinematic_evaluator' returned '0': AMENT_PREFIX_PATH=/home/sws/autoware/install/tier4_autoware_utils:/home/sws/autoware/install/autoware_auto_vehicle_msgs:/home/sws/autoware/install/autoware_cmake:/home/sws/autoware/install/autoware_auto_planning_msgs:/home/sws/autoware/install/autoware_auto_perception_msgs:/home/sws/autoware/install/tier4_debug_msgs:/home/sws/autoware/install/autoware_lint_common:/home/sws/autoware/install/autoware_auto_mapping_msgs:/home/sws/autoware/install/autoware_auto_geometry_msgs:${AMENT_PREFIX_PATH} CMAKE_PREFIX_PATH=/home/sws/autoware/install/tier4_autoware_utils:/home/sws/autoware/install/autoware_auto_vehicle_msgs:/home/sws/autoware/install/autoware_cmake:/home/sws/autoware/install/autoware_auto_planning_msgs:/home/sws/autoware/install/autoware_auto_perception_msgs:/home/sws/autoware/install/tier4_debug_msgs:/home/sws/autoware/install/autoware_lint_common:/home/sws/autoware/install/autoware_auto_mapping_msgs:/home/sws/autoware/install/autoware_auto_geometry_msgs:/opt/ros/humble LD_LIBRARY_PATH=/home/sws/autoware/install/tier4_autoware_utils/lib:/home/sws/autoware/install/autoware_auto_vehicle_msgs/lib:/home/sws/autoware/install/autoware_auto_planning_msgs/lib:/home/sws/autoware/install/autoware_auto_perception_msgs/lib:/home/sws/autoware/install/tier4_debug_msgs/lib:/home/sws/autoware/install/autoware_auto_mapping_msgs/lib:/home/sws/autoware/install/autoware_auto_geometry_msgs/lib:${LD_LIBRARY_PATH} PYTHONPATH=/home/sws/autoware/install/autoware_auto_vehicle_msgs/local/lib/python3.10/dist-packages:/home/sws/autoware/install/autoware_auto_planning_msgs/local/lib/python3.10/dist-packages:/home/sws/autoware/install/autoware_auto_perception_msgs/local/lib/python3.10/dist-packages:/home/sws/autoware/install/tier4_debug_msgs/local/lib/python3.10/dist-packages:/home/sws/autoware/install/autoware_auto_mapping_msgs/local/lib/python3.10/dist-packages:/home/sws/autoware/install/autoware_auto_geometry_msgs/local/lib/python3.10/dist-packages:${PYTHONPATH} /usr/bin/cmake /home/sws/autoware/src/universe/autoware.universe/evaluator/kinematic_evaluator -DCMAKE_BUILD_TYPE=Release -DAMENT_CMAKE_SYMLINK_INSTALL=1 -DCMAKE_INSTALL_PREFIX=/home/sws/autoware/install/kinematic_evaluator
[44.178s] Invoking command in '/home/sws/autoware/build/kinematic_evaluator': AMENT_PREFIX_PATH=/home/sws/autoware/install/tier4_autoware_utils:/home/sws/autoware/install/autoware_auto_vehicle_msgs:/home/sws/autoware/install/autoware_cmake:/home/sws/autoware/install/autoware_auto_planning_msgs:/home/sws/autoware/install/autoware_auto_perception_msgs:/home/sws/autoware/install/tier4_debug_msgs:/home/sws/autoware/install/autoware_lint_common:/home/sws/autoware/install/autoware_auto_mapping_msgs:/home/sws/autoware/install/autoware_auto_geometry_msgs:${AMENT_PREFIX_PATH} CMAKE_PREFIX_PATH=/home/sws/autoware/install/tier4_autoware_utils:/home/sws/autoware/install/autoware_auto_vehicle_msgs:/home/sws/autoware/install/autoware_cmake:/home/sws/autoware/install/autoware_auto_planning_msgs:/home/sws/autoware/install/autoware_auto_perception_msgs:/home/sws/autoware/install/tier4_debug_msgs:/home/sws/autoware/install/autoware_lint_common:/home/sws/autoware/install/autoware_auto_mapping_msgs:/home/sws/autoware/install/autoware_auto_geometry_msgs:/opt/ros/humble LD_LIBRARY_PATH=/home/sws/autoware/install/tier4_autoware_utils/lib:/home/sws/autoware/install/autoware_auto_vehicle_msgs/lib:/home/sws/autoware/install/autoware_auto_planning_msgs/lib:/home/sws/autoware/install/autoware_auto_perception_msgs/lib:/home/sws/autoware/install/tier4_debug_msgs/lib:/home/sws/autoware/install/autoware_auto_mapping_msgs/lib:/home/sws/autoware/install/autoware_auto_geometry_msgs/lib:${LD_LIBRARY_PATH} PYTHONPATH=/home/sws/autoware/install/autoware_auto_vehicle_msgs/local/lib/python3.10/dist-packages:/home/sws/autoware/install/autoware_auto_planning_msgs/local/lib/python3.10/dist-packages:/home/sws/autoware/install/autoware_auto_perception_msgs/local/lib/python3.10/dist-packages:/home/sws/autoware/install/tier4_debug_msgs/local/lib/python3.10/dist-packages:/home/sws/autoware/install/autoware_auto_mapping_msgs/local/lib/python3.10/dist-packages:/home/sws/autoware/install/autoware_auto_geometry_msgs/local/lib/python3.10/dist-packages:${PYTHONPATH} /usr/bin/cmake --build /home/sws/autoware/build/kinematic_evaluator -- -j16 -l16
[46.800s] [  8%] [32mBuilding CXX object CMakeFiles/kinematic_evaluator_node.dir/src/metrics_calculator.cpp.o[0m
[46.800s] [ 16%] [32mBuilding CXX object CMakeFiles/kinematic_evaluator_node.dir/src/metrics/kinematic_metrics.cpp.o[0m
[57.639s] [ 25%] [32mBuilding CXX object CMakeFiles/kinematic_evaluator_node.dir/src/kinematic_evaluator_node.cpp.o[0m
[77.078s] [ 33%] [32m[1mLinking CXX shared library libkinematic_evaluator_node.so[0m
[77.429s] [ 33%] Built target kinematic_evaluator_node
[77.458s] [ 41%] [32mBuilding CXX object gtest/CMakeFiles/gtest.dir/src/gtest-all.cc.o[0m
[88.361s] [ 50%] [32m[1mLinking CXX static library libgtest.a[0m
[88.416s] [ 50%] Built target gtest
[88.445s] [ 58%] [32mBuilding CXX object gtest/CMakeFiles/gtest_main.dir/src/gtest_main.cc.o[0m
[89.459s] [ 66%] [32m[1mLinking CXX static library libgtest_main.a[0m
[89.503s] [ 66%] Built target gtest_main
[89.533s] [ 75%] [32mBuilding CXX object CMakeFiles/kinematic_evaluator.dir/rclcpp_components/node_main_kinematic_evaluator.cpp.o[0m
[94.780s] [ 83%] [32m[1mLinking CXX executable kinematic_evaluator[0m
[94.947s] [ 83%] Built target kinematic_evaluator
[94.980s] [ 91%] [32mBuilding CXX object CMakeFiles/test_kinematic_evaluator.dir/test/test_kinematic_evaluator_node.cpp.o[0m
[116.186s] [100%] [32m[1mLinking CXX executable test_kinematic_evaluator[0m
[116.955s] [100%] Built target test_kinematic_evaluator
[117.009s] Invoked command in '/home/sws/autoware/build/kinematic_evaluator' returned '0': AMENT_PREFIX_PATH=/home/sws/autoware/install/tier4_autoware_utils:/home/sws/autoware/install/autoware_auto_vehicle_msgs:/home/sws/autoware/install/autoware_cmake:/home/sws/autoware/install/autoware_auto_planning_msgs:/home/sws/autoware/install/autoware_auto_perception_msgs:/home/sws/autoware/install/tier4_debug_msgs:/home/sws/autoware/install/autoware_lint_common:/home/sws/autoware/install/autoware_auto_mapping_msgs:/home/sws/autoware/install/autoware_auto_geometry_msgs:${AMENT_PREFIX_PATH} CMAKE_PREFIX_PATH=/home/sws/autoware/install/tier4_autoware_utils:/home/sws/autoware/install/autoware_auto_vehicle_msgs:/home/sws/autoware/install/autoware_cmake:/home/sws/autoware/install/autoware_auto_planning_msgs:/home/sws/autoware/install/autoware_auto_perception_msgs:/home/sws/autoware/install/tier4_debug_msgs:/home/sws/autoware/install/autoware_lint_common:/home/sws/autoware/install/autoware_auto_mapping_msgs:/home/sws/autoware/install/autoware_auto_geometry_msgs:/opt/ros/humble LD_LIBRARY_PATH=/home/sws/autoware/install/tier4_autoware_utils/lib:/home/sws/autoware/install/autoware_auto_vehicle_msgs/lib:/home/sws/autoware/install/autoware_auto_planning_msgs/lib:/home/sws/autoware/install/autoware_auto_perception_msgs/lib:/home/sws/autoware/install/tier4_debug_msgs/lib:/home/sws/autoware/install/autoware_auto_mapping_msgs/lib:/home/sws/autoware/install/autoware_auto_geometry_msgs/lib:${LD_LIBRARY_PATH} PYTHONPATH=/home/sws/autoware/install/autoware_auto_vehicle_msgs/local/lib/python3.10/dist-packages:/home/sws/autoware/install/autoware_auto_planning_msgs/local/lib/python3.10/dist-packages:/home/sws/autoware/install/autoware_auto_perception_msgs/local/lib/python3.10/dist-packages:/home/sws/autoware/install/tier4_debug_msgs/local/lib/python3.10/dist-packages:/home/sws/autoware/install/autoware_auto_mapping_msgs/local/lib/python3.10/dist-packages:/home/sws/autoware/install/autoware_auto_geometry_msgs/local/lib/python3.10/dist-packages:${PYTHONPATH} /usr/bin/cmake --build /home/sws/autoware/build/kinematic_evaluator -- -j16 -l16
[117.539s] Invoking command in '/home/sws/autoware/build/kinematic_evaluator': AMENT_PREFIX_PATH=/home/sws/autoware/install/tier4_autoware_utils:/home/sws/autoware/install/autoware_auto_vehicle_msgs:/home/sws/autoware/install/autoware_cmake:/home/sws/autoware/install/autoware_auto_planning_msgs:/home/sws/autoware/install/autoware_auto_perception_msgs:/home/sws/autoware/install/tier4_debug_msgs:/home/sws/autoware/install/autoware_lint_common:/home/sws/autoware/install/autoware_auto_mapping_msgs:/home/sws/autoware/install/autoware_auto_geometry_msgs:${AMENT_PREFIX_PATH} CMAKE_PREFIX_PATH=/home/sws/autoware/install/tier4_autoware_utils:/home/sws/autoware/install/autoware_auto_vehicle_msgs:/home/sws/autoware/install/autoware_cmake:/home/sws/autoware/install/autoware_auto_planning_msgs:/home/sws/autoware/install/autoware_auto_perception_msgs:/home/sws/autoware/install/tier4_debug_msgs:/home/sws/autoware/install/autoware_lint_common:/home/sws/autoware/install/autoware_auto_mapping_msgs:/home/sws/autoware/install/autoware_auto_geometry_msgs:/opt/ros/humble LD_LIBRARY_PATH=/home/sws/autoware/install/tier4_autoware_utils/lib:/home/sws/autoware/install/autoware_auto_vehicle_msgs/lib:/home/sws/autoware/install/autoware_auto_planning_msgs/lib:/home/sws/autoware/install/autoware_auto_perception_msgs/lib:/home/sws/autoware/install/tier4_debug_msgs/lib:/home/sws/autoware/install/autoware_auto_mapping_msgs/lib:/home/sws/autoware/install/autoware_auto_geometry_msgs/lib:${LD_LIBRARY_PATH} PYTHONPATH=/home/sws/autoware/install/autoware_auto_vehicle_msgs/local/lib/python3.10/dist-packages:/home/sws/autoware/install/autoware_auto_planning_msgs/local/lib/python3.10/dist-packages:/home/sws/autoware/install/autoware_auto_perception_msgs/local/lib/python3.10/dist-packages:/home/sws/autoware/install/tier4_debug_msgs/local/lib/python3.10/dist-packages:/home/sws/autoware/install/autoware_auto_mapping_msgs/local/lib/python3.10/dist-packages:/home/sws/autoware/install/autoware_auto_geometry_msgs/local/lib/python3.10/dist-packages:${PYTHONPATH} /usr/bin/cmake --install /home/sws/autoware/build/kinematic_evaluator
[139.081s] -- Install configuration: "Release"
[139.081s] -- Execute custom install script
[139.082s] -- Symlinking: /home/sws/autoware/install/kinematic_evaluator/lib/kinematic_evaluator/kinematic_evaluator
[139.082s] -- Symlinking: /home/sws/autoware/install/kinematic_evaluator/include/kinematic_evaluator/kinematic_evaluator_node.hpp
[139.082s] -- Symlinking: /home/sws/autoware/install/kinematic_evaluator/include/kinematic_evaluator/metrics/kinematic_metrics.hpp
[139.082s] -- Symlinking: /home/sws/autoware/install/kinematic_evaluator/include/kinematic_evaluator/metrics/metric.hpp
[139.082s] -- Symlinking: /home/sws/autoware/install/kinematic_evaluator/include/kinematic_evaluator/metrics_calculator.hpp
[139.082s] -- Symlinking: /home/sws/autoware/install/kinematic_evaluator/include/kinematic_evaluator/parameters.hpp
[139.082s] -- Symlinking: /home/sws/autoware/install/kinematic_evaluator/include/kinematic_evaluator/stat.hpp
[139.082s] -- Symlinking: /home/sws/autoware/install/kinematic_evaluator/share/kinematic_evaluator/environment/library_path.sh
[139.082s] -- Symlinking: /home/sws/autoware/install/kinematic_evaluator/share/kinematic_evaluator/environment/library_path.dsv
[139.082s] -- Symlinking: /home/sws/autoware/install/kinematic_evaluator/lib/libkinematic_evaluator_node.so
[139.083s] -- Symlinking: /home/sws/autoware/install/kinematic_evaluator/share/kinematic_evaluator/param/kinematic_evaluator.defaults.yaml
[139.083s] -- Symlinking: /home/sws/autoware/install/kinematic_evaluator/share/kinematic_evaluator/launch/kinematic_evaluator.launch.xml
[139.083s] -- Symlinking: /home/sws/autoware/install/kinematic_evaluator/share/ament_index/resource_index/package_run_dependencies/kinematic_evaluator
[139.083s] -- Symlinking: /home/sws/autoware/install/kinematic_evaluator/share/ament_index/resource_index/parent_prefix_path/kinematic_evaluator
[139.083s] -- Symlinking: /home/sws/autoware/install/kinematic_evaluator/share/kinematic_evaluator/environment/ament_prefix_path.sh
[139.083s] -- Symlinking: /home/sws/autoware/install/kinematic_evaluator/share/kinematic_evaluator/environment/ament_prefix_path.dsv
[139.083s] -- Symlinking: /home/sws/autoware/install/kinematic_evaluator/share/kinematic_evaluator/environment/path.sh
[139.083s] -- Symlinking: /home/sws/autoware/install/kinematic_evaluator/share/kinematic_evaluator/environment/path.dsv
[139.083s] -- Symlinking: /home/sws/autoware/install/kinematic_evaluator/share/kinematic_evaluator/local_setup.bash
[139.083s] -- Symlinking: /home/sws/autoware/install/kinematic_evaluator/share/kinematic_evaluator/local_setup.sh
[139.083s] -- Symlinking: /home/sws/autoware/install/kinematic_evaluator/share/kinematic_evaluator/local_setup.zsh
[139.083s] -- Symlinking: /home/sws/autoware/install/kinematic_evaluator/share/kinematic_evaluator/local_setup.dsv
[139.084s] -- Symlinking: /home/sws/autoware/install/kinematic_evaluator/share/kinematic_evaluator/package.dsv
[139.084s] -- Symlinking: /home/sws/autoware/install/kinematic_evaluator/share/ament_index/resource_index/packages/kinematic_evaluator
[139.084s] -- Symlinking: /home/sws/autoware/install/kinematic_evaluator/share/ament_index/resource_index/rclcpp_components/kinematic_evaluator
[139.084s] -- Symlinking: /home/sws/autoware/install/kinematic_evaluator/share/kinematic_evaluator/cmake/ament_cmake_export_dependencies-extras.cmake
[139.084s] -- Symlinking: /home/sws/autoware/install/kinematic_evaluator/share/kinematic_evaluator/cmake/ament_cmake_export_include_directories-extras.cmake
[139.084s] -- Symlinking: /home/sws/autoware/install/kinematic_evaluator/share/kinematic_evaluator/cmake/ament_cmake_export_libraries-extras.cmake
[139.084s] -- Symlinking: /home/sws/autoware/install/kinematic_evaluator/share/kinematic_evaluator/cmake/kinematic_evaluatorConfig.cmake
[139.084s] -- Symlinking: /home/sws/autoware/install/kinematic_evaluator/share/kinematic_evaluator/cmake/kinematic_evaluatorConfig-version.cmake
[139.084s] -- Symlinking: /home/sws/autoware/install/kinematic_evaluator/share/kinematic_evaluator/package.xml
[139.222s] Invoked command in '/home/sws/autoware/build/kinematic_evaluator' returned '0': AMENT_PREFIX_PATH=/home/sws/autoware/install/tier4_autoware_utils:/home/sws/autoware/install/autoware_auto_vehicle_msgs:/home/sws/autoware/install/autoware_cmake:/home/sws/autoware/install/autoware_auto_planning_msgs:/home/sws/autoware/install/autoware_auto_perception_msgs:/home/sws/autoware/install/tier4_debug_msgs:/home/sws/autoware/install/autoware_lint_common:/home/sws/autoware/install/autoware_auto_mapping_msgs:/home/sws/autoware/install/autoware_auto_geometry_msgs:${AMENT_PREFIX_PATH} CMAKE_PREFIX_PATH=/home/sws/autoware/install/tier4_autoware_utils:/home/sws/autoware/install/autoware_auto_vehicle_msgs:/home/sws/autoware/install/autoware_cmake:/home/sws/autoware/install/autoware_auto_planning_msgs:/home/sws/autoware/install/autoware_auto_perception_msgs:/home/sws/autoware/install/tier4_debug_msgs:/home/sws/autoware/install/autoware_lint_common:/home/sws/autoware/install/autoware_auto_mapping_msgs:/home/sws/autoware/install/autoware_auto_geometry_msgs:/opt/ros/humble LD_LIBRARY_PATH=/home/sws/autoware/install/tier4_autoware_utils/lib:/home/sws/autoware/install/autoware_auto_vehicle_msgs/lib:/home/sws/autoware/install/autoware_auto_planning_msgs/lib:/home/sws/autoware/install/autoware_auto_perception_msgs/lib:/home/sws/autoware/install/tier4_debug_msgs/lib:/home/sws/autoware/install/autoware_auto_mapping_msgs/lib:/home/sws/autoware/install/autoware_auto_geometry_msgs/lib:${LD_LIBRARY_PATH} PYTHONPATH=/home/sws/autoware/install/autoware_auto_vehicle_msgs/local/lib/python3.10/dist-packages:/home/sws/autoware/install/autoware_auto_planning_msgs/local/lib/python3.10/dist-packages:/home/sws/autoware/install/autoware_auto_perception_msgs/local/lib/python3.10/dist-packages:/home/sws/autoware/install/tier4_debug_msgs/local/lib/python3.10/dist-packages:/home/sws/autoware/install/autoware_auto_mapping_msgs/local/lib/python3.10/dist-packages:/home/sws/autoware/install/autoware_auto_geometry_msgs/local/lib/python3.10/dist-packages:${PYTHONPATH} /usr/bin/cmake --install /home/sws/autoware/build/kinematic_evaluator
