-- The C compiler identification is GNU 11.3.0
-- The CXX compiler identification is GNU 11.3.0
-- Detecting C compiler ABI info
-- Detecting C compiler ABI info - done
-- Check for working C compiler: /usr/bin/cc - skipped
-- Detecting C compile features
-- Detecting C compile features - done
-- Detecting CXX compiler ABI info
-- Detecting CXX compiler ABI info - done
-- Check for working CXX compiler: /usr/bin/c++ - skipped
-- Detecting CXX compile features
-- Detecting CXX compile features - done
-- Found autoware_cmake: 0.1.0 (/home/sws/autoware/install/autoware_cmake/share/autoware_cmake/cmake)
-- Found Python3: /usr/bin/python3.10 (found version "3.10.6") found components: Interpreter 
-- Override CMake install command with custom implementation using symlinks instead of copying resources
-- Found rosidl_generator_c: 3.1.4 (/opt/ros/humble/share/rosidl_generator_c/cmake)
-- Found rosidl_adapter: 3.1.4 (/opt/ros/humble/share/rosidl_adapter/cmake)
-- Found rosidl_generator_cpp: 3.1.4 (/opt/ros/humble/share/rosidl_generator_cpp/cmake)
-- Using all available rosidl_typesupport_c: rosidl_typesupport_fastrtps_c;rosidl_typesupport_introspection_c
-- Using all available rosidl_typesupport_cpp: rosidl_typesupport_fastrtps_cpp;rosidl_typesupport_introspection_cpp
-- Found rmw_implementation_cmake: 6.1.1 (/opt/ros/humble/share/rmw_implementation_cmake/cmake)
-- Found rmw_fastrtps_cpp: 6.2.2 (/opt/ros/humble/share/rmw_fastrtps_cpp/cmake)
-- Found OpenSSL: /usr/lib/x86_64-linux-gnu/libcrypto.so (found version "3.0.2")  
-- Found FastRTPS: /opt/ros/humble/include  
-- Using RMW implementation 'rmw_fastrtps_cpp' as default
-- Looking for pthread.h
-- Looking for pthread.h - found
-- Performing Test CMAKE_HAVE_LIBC_PTHREAD
-- Performing Test CMAKE_HAVE_LIBC_PTHREAD - Success
-- Found Threads: TRUE  
-- Found eigen3_cmake_module: 0.1.1 (/opt/ros/humble/share/eigen3_cmake_module/cmake)
-- Found Eigen3: TRUE (found version "3.4.0") 
-- Ensuring Eigen3 include directory is part of orocos-kdl CMake target
-- Checking for module 'eigen3'
--   Found eigen3, version 3.4.0
-- Found Eigen: /usr/include/eigen3 (Required is at least version "3.1") 
-- Eigen found (include: /usr/include/eigen3, version: 3.4.0)
-- Checking for module 'flann'
--   Found flann, version 1.9.1
-- Found FLANN: /usr/lib/x86_64-linux-gnu/libflann_cpp.so  
-- FLANN found (include: /usr/include, lib: /usr/lib/x86_64-linux-gnu/libflann_cpp.so)
-- Checking for module 'libusb-1.0'
--   Found libusb-1.0, version 1.0.25
-- Found libusb: /usr/lib/x86_64-linux-gnu/libusb-1.0.so  
-- OpenNI found (version: 1.5.4.0, include: /usr/include/ni, lib: /usr/lib/libOpenNI.so;libusb::libusb)
-- OpenNI2 found (version: 2.2.0.33, include: /usr/include/openni2, lib: /usr/lib/x86_64-linux-gnu/libOpenNI2.so;libusb::libusb)
-- Eigen found (include: /usr/include/eigen3, version: 3.4.0)
-- OpenNI found (version: 1.5.4.0, include: /usr/include/ni, lib: /usr/lib/libOpenNI.so;libusb::libusb)
-- OpenNI2 found (version: 2.2.0.33, include: /usr/include/openni2, lib: /usr/lib/x86_64-linux-gnu/libOpenNI2.so;libusb::libusb)
-- Found Qhull version 8.0.2
-- OpenNI found (version: 1.5.4.0, include: /usr/include/ni, lib: /usr/lib/libOpenNI.so;libusb::libusb)
-- Found PCL_COMMON: /usr/lib/x86_64-linux-gnu/libpcl_common.so  
-- Found PCL_KDTREE: /usr/lib/x86_64-linux-gnu/libpcl_kdtree.so  
-- Found PCL_OCTREE: /usr/lib/x86_64-linux-gnu/libpcl_octree.so  
-- Found PCL_SEARCH: /usr/lib/x86_64-linux-gnu/libpcl_search.so  
-- Found PCL_SAMPLE_CONSENSUS: /usr/lib/x86_64-linux-gnu/libpcl_sample_consensus.so  
-- Found PCL_FILTERS: /usr/lib/x86_64-linux-gnu/libpcl_filters.so  
-- Found PCL_2D: /usr/include/pcl-1.12  
-- Found PCL_GEOMETRY: /usr/include/pcl-1.12  
-- Found PCL_IO: /usr/lib/x86_64-linux-gnu/libpcl_io.so  
-- Found PCL_FEATURES: /usr/lib/x86_64-linux-gnu/libpcl_features.so  
-- Found PCL_ML: /usr/lib/x86_64-linux-gnu/libpcl_ml.so  
-- Found PCL_SEGMENTATION: /usr/lib/x86_64-linux-gnu/libpcl_segmentation.so  
-- Found PCL_VISUALIZATION: /usr/lib/x86_64-linux-gnu/libpcl_visualization.so  
-- Found PCL_SURFACE: /usr/lib/x86_64-linux-gnu/libpcl_surface.so  
-- Found PCL_REGISTRATION: /usr/lib/x86_64-linux-gnu/libpcl_registration.so  
-- Found PCL_KEYPOINTS: /usr/lib/x86_64-linux-gnu/libpcl_keypoints.so  
-- Found PCL_TRACKING: /usr/lib/x86_64-linux-gnu/libpcl_tracking.so  
-- Found PCL_RECOGNITION: /usr/lib/x86_64-linux-gnu/libpcl_recognition.so  
-- Found PCL_STEREO: /usr/lib/x86_64-linux-gnu/libpcl_stereo.so  
-- Found PCL_APPS: /usr/lib/x86_64-linux-gnu/libpcl_apps.so  
-- Found PCL_IN_HAND_SCANNER: /usr/include/pcl-1.12  
-- Found PCL_MODELER: /usr/include/pcl-1.12  
-- Found PCL_POINT_CLOUD_EDITOR: /usr/include/pcl-1.12  
-- Found PCL_OUTOFCORE: /usr/lib/x86_64-linux-gnu/libpcl_outofcore.so  
-- Found PCL_PEOPLE: /usr/lib/x86_64-linux-gnu/libpcl_people.so  
-- Found mrt_cmake_modules: 1.0.9 (/opt/ros/humble/share/mrt_cmake_modules/cmake)
-- Found Boost: /usr/lib/x86_64-linux-gnu/cmake/Boost-1.74.0/BoostConfig.cmake (found version "1.74.0") found components: wserialization thread random serialization log_setup prg_exec_monitor wave system chrono filesystem locale timer date_time regex graph program_options unit_test_framework log atomic iostreams 
-- Found OpenMP_C: -fopenmp (found version "4.5") 
-- Found OpenMP_CXX: -fopenmp (found version "4.5") 
-- Found OpenMP: TRUE (found version "4.5")  
-- Found pugixml: /usr/lib/x86_64-linux-gnu/libpugixml.so  
-- Found PkgConfig: /usr/bin/pkg-config (found version "0.29.2") 
-- Found GeographicLib: /usr/lib/x86_64-linux-gnu/libGeographic.so  
-- Found ament_lint_auto: 0.12.5 (/opt/ros/humble/share/ament_lint_auto/cmake)
-- Found OpenCV: /usr (found version "4.5.4") 
-- Found Boost: /usr/lib/x86_64-linux-gnu/cmake/Boost-1.74.0/BoostConfig.cmake (found version "1.74.0")  
-- Using header-only CGAL
-- Targetting Unix Makefiles
-- Using /usr/bin/c++ compiler.
-- Found GMP: /usr/lib/x86_64-linux-gnu/libgmp.so  
-- Found MPFR: /usr/lib/x86_64-linux-gnu/libmpfr.so  
-- Found Boost: /usr/lib/x86_64-linux-gnu/cmake/Boost-1.74.0/BoostConfig.cmake (found suitable version "1.74.0", minimum required is "1.48")  
-- Boost include dirs: /usr/include
-- Boost libraries:    
-- Using gcc version 4 or later. Adding -frounding-math
-- Added test 'copyright' to check source files copyright and LICENSE
-- Added test 'cppcheck' to perform static code analysis on C / C++ code
-- Configured cppcheck include dirs: /home/sws/autoware/src/universe/autoware.universe/sensing/pointcloud_preprocessor/include;$<BUILD_INTERFACE:/home/sws/autoware/src/universe/autoware.universe/sensing/pointcloud_preprocessor/include>
-- Configured cppcheck exclude dirs and/or files: 
-- Added test 'lint_cmake' to check CMake code style
-- Added test 'xmllint' to check XML markup files
-- Configuring done
-- Generating done
-- Build files have been written to: /home/sws/autoware/build/pointcloud_preprocessor
[  1%] [32mBuilding CXX object CMakeFiles/pointcloud_preprocessor_filter_base.dir/src/filter.cpp.o[0m
[  3%] [32m[1mLinking CXX shared library libpointcloud_preprocessor_filter_base.so[0m
[  3%] Built target pointcloud_preprocessor_filter_base
[  5%] [32mBuilding CXX object CMakeFiles/blockage_diag_node.dir/rclcpp_components/node_main_blockage_diag_node.cpp.o[0m
[  7%] [32m[1mLinking CXX executable blockage_diag_node[0m
[  7%] Built target blockage_diag_node
[  8%] [32mBuilding CXX object CMakeFiles/polygon_remover_node.dir/rclcpp_components/node_main_polygon_remover_node.cpp.o[0m
[ 10%] [32m[1mLinking CXX executable polygon_remover_node[0m
[ 10%] Built target polygon_remover_node
[ 12%] [32mBuilding CXX object CMakeFiles/vector_map_inside_area_filter_node.dir/rclcpp_components/node_main_vector_map_inside_area_filter_node.cpp.o[0m
[ 14%] [32m[1mLinking CXX executable vector_map_inside_area_filter_node[0m
[ 14%] Built target vector_map_inside_area_filter_node
[ 16%] [32mBuilding CXX object CMakeFiles/pointcloud_preprocessor_filter.dir/src/utility/utilities.cpp.o[0m
[ 17%] [32mBuilding CXX object CMakeFiles/pointcloud_preprocessor_filter.dir/src/concatenate_data/concatenate_data_nodelet.cpp.o[0m
[ 19%] [32mBuilding CXX object CMakeFiles/pointcloud_preprocessor_filter.dir/src/crop_box_filter/crop_box_filter_nodelet.cpp.o[0m
[ 21%] [32mBuilding CXX object CMakeFiles/pointcloud_preprocessor_filter.dir/src/downsample_filter/voxel_grid_downsample_filter_nodelet.cpp.o[0m
[ 23%] [32mBuilding CXX object CMakeFiles/pointcloud_preprocessor_filter.dir/src/downsample_filter/random_downsample_filter_nodelet.cpp.o[0m
[ 25%] [32mBuilding CXX object CMakeFiles/pointcloud_preprocessor_filter.dir/src/downsample_filter/approximate_downsample_filter_nodelet.cpp.o[0m
[ 26%] [32mBuilding CXX object CMakeFiles/pointcloud_preprocessor_filter.dir/src/outlier_filter/ring_outlier_filter_nodelet.cpp.o[0m
[ 28%] [32mBuilding CXX object CMakeFiles/pointcloud_preprocessor_filter.dir/src/outlier_filter/voxel_grid_outlier_filter_nodelet.cpp.o[0m
[ 30%] [32mBuilding CXX object CMakeFiles/pointcloud_preprocessor_filter.dir/src/outlier_filter/radius_search_2d_outlier_filter_nodelet.cpp.o[0m
[ 32%] [32mBuilding CXX object CMakeFiles/pointcloud_preprocessor_filter.dir/src/outlier_filter/dual_return_outlier_filter_nodelet.cpp.o[0m
[ 33%] [32mBuilding CXX object CMakeFiles/pointcloud_preprocessor_filter.dir/src/passthrough_filter/passthrough_filter_nodelet.cpp.o[0m
[ 35%] [32mBuilding CXX object CMakeFiles/pointcloud_preprocessor_filter.dir/src/passthrough_filter/passthrough_filter_uint16_nodelet.cpp.o[0m
[ 37%] [32mBuilding CXX object CMakeFiles/pointcloud_preprocessor_filter.dir/src/passthrough_filter/passthrough_uint16.cpp.o[0m
[ 39%] [32mBuilding CXX object CMakeFiles/pointcloud_preprocessor_filter.dir/src/pointcloud_accumulator/pointcloud_accumulator_nodelet.cpp.o[0m
[ 41%] [32mBuilding CXX object CMakeFiles/pointcloud_preprocessor_filter.dir/src/vector_map_filter/lanelet2_map_filter_nodelet.cpp.o[0m
[ 42%] [32mBuilding CXX object CMakeFiles/pointcloud_preprocessor_filter.dir/src/distortion_corrector/distortion_corrector.cpp.o[0m
[ 44%] [32mBuilding CXX object CMakeFiles/pointcloud_preprocessor_filter.dir/src/blockage_diag/blockage_diag_nodelet.cpp.o[0m
[ 46%] [32mBuilding CXX object CMakeFiles/pointcloud_preprocessor_filter.dir/src/polygon_remover/polygon_remover.cpp.o[0m
[ 48%] [32mBuilding CXX object CMakeFiles/pointcloud_preprocessor_filter.dir/src/vector_map_filter/vector_map_inside_area_filter.cpp.o[0m
[ 50%] [32m[1mLinking CXX shared library libpointcloud_preprocessor_filter.so[0m
[ 50%] Built target pointcloud_preprocessor_filter
[ 51%] [32mBuilding CXX object CMakeFiles/vector_map_filter_node.dir/rclcpp_components/node_main_vector_map_filter_node.cpp.o[0m
[ 53%] [32mBuilding CXX object CMakeFiles/distortion_corrector_node.dir/rclcpp_components/node_main_distortion_corrector_node.cpp.o[0m
[ 55%] [32m[1mLinking CXX executable vector_map_filter_node[0m
[ 55%] Built target vector_map_filter_node
[ 57%] [32m[1mLinking CXX executable distortion_corrector_node[0m
[ 57%] Built target distortion_corrector_node
[ 58%] [32mBuilding CXX object CMakeFiles/pointcloud_accumulator_node.dir/rclcpp_components/node_main_pointcloud_accumulator_node.cpp.o[0m
[ 60%] [32m[1mLinking CXX executable pointcloud_accumulator_node[0m
[ 60%] Built target pointcloud_accumulator_node
[ 62%] [32mBuilding CXX object CMakeFiles/passthrough_filter_uint16_node.dir/rclcpp_components/node_main_passthrough_filter_uint16_node.cpp.o[0m
[ 64%] [32m[1mLinking CXX executable passthrough_filter_uint16_node[0m
[ 64%] Built target passthrough_filter_uint16_node
[ 66%] [32mBuilding CXX object CMakeFiles/passthrough_filter_node.dir/rclcpp_components/node_main_passthrough_filter_node.cpp.o[0m
[ 67%] [32m[1mLinking CXX executable passthrough_filter_node[0m
[ 67%] Built target passthrough_filter_node
[ 69%] [32mBuilding CXX object CMakeFiles/dual_return_outlier_filter_node.dir/rclcpp_components/node_main_dual_return_outlier_filter_node.cpp.o[0m
[ 71%] [32m[1mLinking CXX executable dual_return_outlier_filter_node[0m
[ 71%] Built target dual_return_outlier_filter_node
[ 73%] [32mBuilding CXX object CMakeFiles/radius_search_2d_outlier_filter_node.dir/rclcpp_components/node_main_radius_search_2d_outlier_filter_node.cpp.o[0m
[ 75%] [32m[1mLinking CXX executable radius_search_2d_outlier_filter_node[0m
[ 75%] Built target radius_search_2d_outlier_filter_node
[ 76%] [32mBuilding CXX object CMakeFiles/voxel_grid_outlier_filter_node.dir/rclcpp_components/node_main_voxel_grid_outlier_filter_node.cpp.o[0m
[ 78%] [32m[1mLinking CXX executable voxel_grid_outlier_filter_node[0m
[ 78%] Built target voxel_grid_outlier_filter_node
[ 80%] [32mBuilding CXX object CMakeFiles/ring_outlier_filter_node.dir/rclcpp_components/node_main_ring_outlier_filter_node.cpp.o[0m
[ 82%] [32m[1mLinking CXX executable ring_outlier_filter_node[0m
[ 82%] Built target ring_outlier_filter_node
[ 83%] [32mBuilding CXX object CMakeFiles/approximate_downsample_filter_node.dir/rclcpp_components/node_main_approximate_downsample_filter_node.cpp.o[0m
[ 85%] [32m[1mLinking CXX executable approximate_downsample_filter_node[0m
[ 85%] Built target approximate_downsample_filter_node
[ 87%] [32mBuilding CXX object CMakeFiles/random_downsample_filter_node.dir/rclcpp_components/node_main_random_downsample_filter_node.cpp.o[0m
[ 89%] [32m[1mLinking CXX executable random_downsample_filter_node[0m
[ 89%] Built target random_downsample_filter_node
[ 91%] [32mBuilding CXX object CMakeFiles/voxel_grid_downsample_filter_node.dir/rclcpp_components/node_main_voxel_grid_downsample_filter_node.cpp.o[0m
[ 92%] [32m[1mLinking CXX executable voxel_grid_downsample_filter_node[0m
[ 92%] Built target voxel_grid_downsample_filter_node
[ 94%] [32mBuilding CXX object CMakeFiles/crop_box_filter_node.dir/rclcpp_components/node_main_crop_box_filter_node.cpp.o[0m
[ 96%] [32m[1mLinking CXX executable crop_box_filter_node[0m
[ 96%] Built target crop_box_filter_node
[ 98%] [32mBuilding CXX object CMakeFiles/concatenate_data_node.dir/rclcpp_components/node_main_concatenate_data_node.cpp.o[0m
[100%] [32m[1mLinking CXX executable concatenate_data_node[0m
[100%] Built target concatenate_data_node
-- Install configuration: "Release"
-- Execute custom install script
-- Symlinking: /home/sws/autoware/install/pointcloud_preprocessor/lib/pointcloud_preprocessor/concatenate_data_node
-- Symlinking: /home/sws/autoware/install/pointcloud_preprocessor/lib/pointcloud_preprocessor/crop_box_filter_node
-- Symlinking: /home/sws/autoware/install/pointcloud_preprocessor/lib/pointcloud_preprocessor/voxel_grid_downsample_filter_node
-- Symlinking: /home/sws/autoware/install/pointcloud_preprocessor/lib/pointcloud_preprocessor/random_downsample_filter_node
-- Symlinking: /home/sws/autoware/install/pointcloud_preprocessor/lib/pointcloud_preprocessor/approximate_downsample_filter_node
-- Symlinking: /home/sws/autoware/install/pointcloud_preprocessor/lib/pointcloud_preprocessor/ring_outlier_filter_node
-- Symlinking: /home/sws/autoware/install/pointcloud_preprocessor/lib/pointcloud_preprocessor/voxel_grid_outlier_filter_node
-- Symlinking: /home/sws/autoware/install/pointcloud_preprocessor/lib/pointcloud_preprocessor/radius_search_2d_outlier_filter_node
-- Symlinking: /home/sws/autoware/install/pointcloud_preprocessor/lib/pointcloud_preprocessor/dual_return_outlier_filter_node
-- Symlinking: /home/sws/autoware/install/pointcloud_preprocessor/lib/pointcloud_preprocessor/passthrough_filter_node
-- Symlinking: /home/sws/autoware/install/pointcloud_preprocessor/lib/pointcloud_preprocessor/passthrough_filter_uint16_node
-- Symlinking: /home/sws/autoware/install/pointcloud_preprocessor/lib/pointcloud_preprocessor/pointcloud_accumulator_node
-- Symlinking: /home/sws/autoware/install/pointcloud_preprocessor/lib/pointcloud_preprocessor/vector_map_filter_node
-- Symlinking: /home/sws/autoware/install/pointcloud_preprocessor/lib/pointcloud_preprocessor/distortion_corrector_node
-- Symlinking: /home/sws/autoware/install/pointcloud_preprocessor/lib/pointcloud_preprocessor/blockage_diag_node
-- Symlinking: /home/sws/autoware/install/pointcloud_preprocessor/lib/pointcloud_preprocessor/polygon_remover_node
-- Symlinking: /home/sws/autoware/install/pointcloud_preprocessor/lib/pointcloud_preprocessor/vector_map_inside_area_filter_node
-- Symlinking: /home/sws/autoware/install/pointcloud_preprocessor/include/pointcloud_preprocessor/pointcloud_preprocessor/blockage_diag/blockage_diag_nodelet.hpp
-- Symlinking: /home/sws/autoware/install/pointcloud_preprocessor/include/pointcloud_preprocessor/pointcloud_preprocessor/concatenate_data/concatenate_data_nodelet.hpp
-- Symlinking: /home/sws/autoware/install/pointcloud_preprocessor/include/pointcloud_preprocessor/pointcloud_preprocessor/crop_box_filter/crop_box_filter_nodelet.hpp
-- Symlinking: /home/sws/autoware/install/pointcloud_preprocessor/include/pointcloud_preprocessor/pointcloud_preprocessor/distortion_corrector/distortion_corrector.hpp
-- Symlinking: /home/sws/autoware/install/pointcloud_preprocessor/include/pointcloud_preprocessor/pointcloud_preprocessor/downsample_filter/approximate_downsample_filter_nodelet.hpp
-- Symlinking: /home/sws/autoware/install/pointcloud_preprocessor/include/pointcloud_preprocessor/pointcloud_preprocessor/downsample_filter/random_downsample_filter_nodelet.hpp
-- Symlinking: /home/sws/autoware/install/pointcloud_preprocessor/include/pointcloud_preprocessor/pointcloud_preprocessor/downsample_filter/voxel_grid_downsample_filter_nodelet.hpp
-- Symlinking: /home/sws/autoware/install/pointcloud_preprocessor/include/pointcloud_preprocessor/pointcloud_preprocessor/filter.hpp
-- Symlinking: /home/sws/autoware/install/pointcloud_preprocessor/include/pointcloud_preprocessor/pointcloud_preprocessor/outlier_filter/dual_return_outlier_filter_nodelet.hpp
-- Symlinking: /home/sws/autoware/install/pointcloud_preprocessor/include/pointcloud_preprocessor/pointcloud_preprocessor/outlier_filter/radius_search_2d_outlier_filter_nodelet.hpp
-- Symlinking: /home/sws/autoware/install/pointcloud_preprocessor/include/pointcloud_preprocessor/pointcloud_preprocessor/outlier_filter/ring_outlier_filter_nodelet.hpp
-- Symlinking: /home/sws/autoware/install/pointcloud_preprocessor/include/pointcloud_preprocessor/pointcloud_preprocessor/outlier_filter/voxel_grid_outlier_filter_nodelet.hpp
-- Symlinking: /home/sws/autoware/install/pointcloud_preprocessor/include/pointcloud_preprocessor/pointcloud_preprocessor/passthrough_filter/passthrough_filter_nodelet.hpp
-- Symlinking: /home/sws/autoware/install/pointcloud_preprocessor/include/pointcloud_preprocessor/pointcloud_preprocessor/passthrough_filter/passthrough_filter_uint16_nodelet.hpp
-- Symlinking: /home/sws/autoware/install/pointcloud_preprocessor/include/pointcloud_preprocessor/pointcloud_preprocessor/passthrough_filter/passthrough_uint16.hpp
-- Symlinking: /home/sws/autoware/install/pointcloud_preprocessor/include/pointcloud_preprocessor/pointcloud_preprocessor/pointcloud_accumulator/pointcloud_accumulator_nodelet.hpp
-- Symlinking: /home/sws/autoware/install/pointcloud_preprocessor/include/pointcloud_preprocessor/pointcloud_preprocessor/polygon_remover/polygon_remover.hpp
-- Symlinking: /home/sws/autoware/install/pointcloud_preprocessor/include/pointcloud_preprocessor/pointcloud_preprocessor/utility/utilities.hpp
-- Symlinking: /home/sws/autoware/install/pointcloud_preprocessor/include/pointcloud_preprocessor/pointcloud_preprocessor/vector_map_filter/lanelet2_map_filter_nodelet.hpp
-- Symlinking: /home/sws/autoware/install/pointcloud_preprocessor/include/pointcloud_preprocessor/pointcloud_preprocessor/vector_map_filter/vector_map_inside_area_filter.hpp
-- Symlinking: /home/sws/autoware/install/pointcloud_preprocessor/include/pointcloud_preprocessor/blockage_diag/blockage_diag_nodelet.hpp
-- Symlinking: /home/sws/autoware/install/pointcloud_preprocessor/include/pointcloud_preprocessor/concatenate_data/concatenate_data_nodelet.hpp
-- Symlinking: /home/sws/autoware/install/pointcloud_preprocessor/include/pointcloud_preprocessor/crop_box_filter/crop_box_filter_nodelet.hpp
-- Symlinking: /home/sws/autoware/install/pointcloud_preprocessor/include/pointcloud_preprocessor/distortion_corrector/distortion_corrector.hpp
-- Symlinking: /home/sws/autoware/install/pointcloud_preprocessor/include/pointcloud_preprocessor/downsample_filter/approximate_downsample_filter_nodelet.hpp
-- Symlinking: /home/sws/autoware/install/pointcloud_preprocessor/include/pointcloud_preprocessor/downsample_filter/random_downsample_filter_nodelet.hpp
-- Symlinking: /home/sws/autoware/install/pointcloud_preprocessor/include/pointcloud_preprocessor/downsample_filter/voxel_grid_downsample_filter_nodelet.hpp
-- Symlinking: /home/sws/autoware/install/pointcloud_preprocessor/include/pointcloud_preprocessor/filter.hpp
-- Symlinking: /home/sws/autoware/install/pointcloud_preprocessor/include/pointcloud_preprocessor/outlier_filter/dual_return_outlier_filter_nodelet.hpp
-- Symlinking: /home/sws/autoware/install/pointcloud_preprocessor/include/pointcloud_preprocessor/outlier_filter/radius_search_2d_outlier_filter_nodelet.hpp
-- Symlinking: /home/sws/autoware/install/pointcloud_preprocessor/include/pointcloud_preprocessor/outlier_filter/ring_outlier_filter_nodelet.hpp
-- Symlinking: /home/sws/autoware/install/pointcloud_preprocessor/include/pointcloud_preprocessor/outlier_filter/voxel_grid_outlier_filter_nodelet.hpp
-- Symlinking: /home/sws/autoware/install/pointcloud_preprocessor/include/pointcloud_preprocessor/passthrough_filter/passthrough_filter_nodelet.hpp
-- Symlinking: /home/sws/autoware/install/pointcloud_preprocessor/include/pointcloud_preprocessor/passthrough_filter/passthrough_filter_uint16_nodelet.hpp
-- Symlinking: /home/sws/autoware/install/pointcloud_preprocessor/include/pointcloud_preprocessor/passthrough_filter/passthrough_uint16.hpp
-- Symlinking: /home/sws/autoware/install/pointcloud_preprocessor/include/pointcloud_preprocessor/pointcloud_accumulator/pointcloud_accumulator_nodelet.hpp
-- Symlinking: /home/sws/autoware/install/pointcloud_preprocessor/include/pointcloud_preprocessor/polygon_remover/polygon_remover.hpp
-- Symlinking: /home/sws/autoware/install/pointcloud_preprocessor/include/pointcloud_preprocessor/utility/utilities.hpp
-- Symlinking: /home/sws/autoware/install/pointcloud_preprocessor/include/pointcloud_preprocessor/vector_map_filter/lanelet2_map_filter_nodelet.hpp
-- Symlinking: /home/sws/autoware/install/pointcloud_preprocessor/include/pointcloud_preprocessor/vector_map_filter/vector_map_inside_area_filter.hpp
-- Symlinking: /home/sws/autoware/install/pointcloud_preprocessor/share/pointcloud_preprocessor/environment/library_path.sh
-- Symlinking: /home/sws/autoware/install/pointcloud_preprocessor/share/pointcloud_preprocessor/environment/library_path.dsv
-- Symlinking: /home/sws/autoware/install/pointcloud_preprocessor/lib/libpointcloud_preprocessor_filter.so
-- Symlinking: /home/sws/autoware/install/pointcloud_preprocessor/share/pointcloud_preprocessor/launch/blockage_diag.launch.xml
-- Symlinking: /home/sws/autoware/install/pointcloud_preprocessor/share/pointcloud_preprocessor/launch/dual_return_outlier_filter.launch.xml
-- Symlinking: /home/sws/autoware/install/pointcloud_preprocessor/share/pointcloud_preprocessor/launch/polygon_remover.launch.py
-- Symlinking: /home/sws/autoware/install/pointcloud_preprocessor/share/pointcloud_preprocessor/launch/preprocessor.launch.py
-- Symlinking: /home/sws/autoware/install/pointcloud_preprocessor/share/pointcloud_preprocessor/launch/preprocessor.launch.xml
-- Symlinking: /home/sws/autoware/install/pointcloud_preprocessor/share/pointcloud_preprocessor/launch/random_downsample_filter.launch.xml
-- Symlinking: /home/sws/autoware/install/pointcloud_preprocessor/share/pointcloud_preprocessor/launch/ring_passthrough_filter.launch.xml
-- Symlinking: /home/sws/autoware/install/pointcloud_preprocessor/share/ament_index/resource_index/package_run_dependencies/pointcloud_preprocessor
-- Symlinking: /home/sws/autoware/install/pointcloud_preprocessor/share/ament_index/resource_index/parent_prefix_path/pointcloud_preprocessor
-- Symlinking: /home/sws/autoware/install/pointcloud_preprocessor/share/pointcloud_preprocessor/environment/ament_prefix_path.sh
-- Symlinking: /home/sws/autoware/install/pointcloud_preprocessor/share/pointcloud_preprocessor/environment/ament_prefix_path.dsv
-- Symlinking: /home/sws/autoware/install/pointcloud_preprocessor/share/pointcloud_preprocessor/environment/path.sh
-- Symlinking: /home/sws/autoware/install/pointcloud_preprocessor/share/pointcloud_preprocessor/environment/path.dsv
-- Symlinking: /home/sws/autoware/install/pointcloud_preprocessor/share/pointcloud_preprocessor/local_setup.bash
-- Symlinking: /home/sws/autoware/install/pointcloud_preprocessor/share/pointcloud_preprocessor/local_setup.sh
-- Symlinking: /home/sws/autoware/install/pointcloud_preprocessor/share/pointcloud_preprocessor/local_setup.zsh
-- Symlinking: /home/sws/autoware/install/pointcloud_preprocessor/share/pointcloud_preprocessor/local_setup.dsv
-- Symlinking: /home/sws/autoware/install/pointcloud_preprocessor/share/pointcloud_preprocessor/package.dsv
-- Symlinking: /home/sws/autoware/install/pointcloud_preprocessor/share/ament_index/resource_index/packages/pointcloud_preprocessor
-- Symlinking: /home/sws/autoware/install/pointcloud_preprocessor/share/ament_index/resource_index/rclcpp_components/pointcloud_preprocessor
-- Symlinking: /home/sws/autoware/install/pointcloud_preprocessor/share/pointcloud_preprocessor/cmake/ament_cmake_export_targets-extras.cmake
-- Symlinking: /home/sws/autoware/install/pointcloud_preprocessor/share/pointcloud_preprocessor/cmake/ament_cmake_export_dependencies-extras.cmake
-- Symlinking: /home/sws/autoware/install/pointcloud_preprocessor/share/pointcloud_preprocessor/cmake/ament_cmake_export_include_directories-extras.cmake
-- Symlinking: /home/sws/autoware/install/pointcloud_preprocessor/share/pointcloud_preprocessor/cmake/ament_cmake_export_libraries-extras.cmake
-- Symlinking: /home/sws/autoware/install/pointcloud_preprocessor/share/pointcloud_preprocessor/cmake/pointcloud_preprocessorConfig.cmake
-- Symlinking: /home/sws/autoware/install/pointcloud_preprocessor/share/pointcloud_preprocessor/cmake/pointcloud_preprocessorConfig-version.cmake
-- Symlinking: /home/sws/autoware/install/pointcloud_preprocessor/share/pointcloud_preprocessor/package.xml
-- Installing: /home/sws/autoware/install/pointcloud_preprocessor/lib/libpointcloud_preprocessor_filter_base.so
-- Set runtime path of "/home/sws/autoware/install/pointcloud_preprocessor/lib/libpointcloud_preprocessor_filter_base.so" to ""
-- Installing: /home/sws/autoware/install/pointcloud_preprocessor/share/pointcloud_preprocessor/cmake/export_pointcloud_preprocessorExport.cmake
-- Installing: /home/sws/autoware/install/pointcloud_preprocessor/share/pointcloud_preprocessor/cmake/export_pointcloud_preprocessorExport-release.cmake
