[0.109s] Invoking command in '/home/sws/autoware/build/tier4_simulation_msgs': CMAKE_PREFIX_PATH=/opt/ros/humble /usr/bin/cmake /home/sws/autoware/src/universe/external/tier4_autoware_msgs/tier4_simulation_msgs -DCMAKE_BUILD_TYPE=Release -DAMENT_CMAKE_SYMLINK_INSTALL=1 -DCMAKE_INSTALL_PREFIX=/home/sws/autoware/install/tier4_simulation_msgs
[0.200s] -- The C compiler identification is GNU 11.3.0
[0.315s] -- The CXX compiler identification is GNU 11.3.0
[0.333s] -- Detecting C compiler ABI info
[0.514s] -- Detecting C compiler ABI info - done
[0.527s] -- Check for working C compiler: /usr/bin/cc - skipped
[0.527s] -- Detecting C compile features
[0.528s] -- Detecting C compile features - done
[0.546s] -- Detecting CXX compiler ABI info
[0.692s] -- Detecting CXX compiler ABI info - done
[0.706s] -- Check for working CXX compiler: /usr/bin/c++ - skipped
[0.706s] -- Detecting CXX compile features
[0.707s] -- Detecting CXX compile features - done
[0.710s] -- Found ament_cmake_auto: 1.3.3 (/opt/ros/humble/share/ament_cmake_auto/cmake)
[1.088s] -- Found Python3: /usr/bin/python3.10 (found version "3.10.6") found components: Interpreter 
[1.205s] -- Override CMake install command with custom implementation using symlinks instead of copying resources
[1.422s] -- Found rosidl_generator_c: 3.1.4 (/opt/ros/humble/share/rosidl_generator_c/cmake)
[1.430s] -- Found rosidl_adapter: 3.1.4 (/opt/ros/humble/share/rosidl_adapter/cmake)
[1.450s] -- Found rosidl_generator_cpp: 3.1.4 (/opt/ros/humble/share/rosidl_generator_cpp/cmake)
[1.474s] -- Using all available rosidl_typesupport_c: rosidl_typesupport_fastrtps_c;rosidl_typesupport_introspection_c
[1.507s] -- Using all available rosidl_typesupport_cpp: rosidl_typesupport_fastrtps_cpp;rosidl_typesupport_introspection_cpp
[2.019s] -- Found ament_cmake_ros: 0.10.0 (/opt/ros/humble/share/ament_cmake_ros/cmake)
[2.596s] -- Using all available rosidl_typesupport_c: rosidl_typesupport_fastrtps_c;rosidl_typesupport_introspection_c
[2.820s] -- Using all available rosidl_typesupport_cpp: rosidl_typesupport_fastrtps_cpp;rosidl_typesupport_introspection_cpp
[2.855s] -- Found PythonInterp: /usr/bin/python3 (found suitable version "3.10.6", minimum required is "3.6") 
[2.857s] -- Found python_cmake_module: 0.10.0 (/opt/ros/humble/share/python_cmake_module/cmake)
[2.900s] -- Found PythonLibs: /usr/lib/x86_64-linux-gnu/libpython3.10.so (found suitable version "3.10.6", minimum required is "3.5") 
[2.901s] -- Using PYTHON_EXECUTABLE: /usr/bin/python3
[2.901s] -- Using PYTHON_INCLUDE_DIRS: /usr/include/python3.10
[2.901s] -- Using PYTHON_LIBRARIES: /usr/lib/x86_64-linux-gnu/libpython3.10.so
[2.939s] -- Found PythonExtra: .so  
[3.029s] -- Found ament_lint_auto: 0.12.5 (/opt/ros/humble/share/ament_lint_auto/cmake)
[3.064s] -- Added test 'copyright' to check source files copyright and LICENSE
[3.066s] -- Added test 'lint_cmake' to check CMake code style
[3.068s] -- Added test 'xmllint' to check XML markup files
[3.073s] -- Configuring done
[3.136s] -- Generating done
[3.140s] -- Build files have been written to: /home/sws/autoware/build/tier4_simulation_msgs
[3.162s] Invoked command in '/home/sws/autoware/build/tier4_simulation_msgs' returned '0': CMAKE_PREFIX_PATH=/opt/ros/humble /usr/bin/cmake /home/sws/autoware/src/universe/external/tier4_autoware_msgs/tier4_simulation_msgs -DCMAKE_BUILD_TYPE=Release -DAMENT_CMAKE_SYMLINK_INSTALL=1 -DCMAKE_INSTALL_PREFIX=/home/sws/autoware/install/tier4_simulation_msgs
[3.163s] Invoking command in '/home/sws/autoware/build/tier4_simulation_msgs': CMAKE_PREFIX_PATH=/opt/ros/humble /usr/bin/cmake --build /home/sws/autoware/build/tier4_simulation_msgs -- -j16 -l16
[3.990s] [  1%] [34m[1mGenerating C++ code for ROS interfaces[0m
[4.074s] [  1%] Built target tier4_simulation_msgs__cpp
[4.143s] [  1%] Built target ament_cmake_python_symlink_tier4_simulation_msgs
[4.156s] [  3%] [34m[1mGenerating C++ introspection for ROS interfaces[0m
[4.893s] [  5%] [32mBuilding CXX object CMakeFiles/tier4_simulation_msgs__rosidl_typesupport_introspection_cpp.dir/rosidl_typesupport_introspection_cpp/tier4_simulation_msgs/msg/detail/fault_injection_event__type_support.cpp.o[0m
[5.537s] [  7%] [32mBuilding CXX object CMakeFiles/tier4_simulation_msgs__rosidl_typesupport_introspection_cpp.dir/rosidl_typesupport_introspection_cpp/tier4_simulation_msgs/msg/detail/user_defined_value_type__type_support.cpp.o[0m
[6.219s] [  9%] [32mBuilding CXX object CMakeFiles/tier4_simulation_msgs__rosidl_typesupport_introspection_cpp.dir/rosidl_typesupport_introspection_cpp/tier4_simulation_msgs/msg/detail/user_defined_value__type_support.cpp.o[0m
[6.858s] [ 10%] [32mBuilding CXX object CMakeFiles/tier4_simulation_msgs__rosidl_typesupport_introspection_cpp.dir/rosidl_typesupport_introspection_cpp/tier4_simulation_msgs/msg/detail/simulation_events__type_support.cpp.o[0m
[7.618s] [ 12%] [32m[1mLinking CXX shared library libtier4_simulation_msgs__rosidl_typesupport_introspection_cpp.so[0m
[7.743s] [ 12%] Built target tier4_simulation_msgs__rosidl_typesupport_introspection_cpp
[8.230s] running egg_info
[8.231s] creating tier4_simulation_msgs.egg-info
[8.232s] writing tier4_simulation_msgs.egg-info/PKG-INFO
[8.232s] writing dependency_links to tier4_simulation_msgs.egg-info/dependency_links.txt
[8.232s] writing top-level names to tier4_simulation_msgs.egg-info/top_level.txt
[8.233s] writing manifest file 'tier4_simulation_msgs.egg-info/SOURCES.txt'
[8.237s] reading manifest file 'tier4_simulation_msgs.egg-info/SOURCES.txt'
[8.238s] writing manifest file 'tier4_simulation_msgs.egg-info/SOURCES.txt'
[8.286s] [ 12%] Built target ament_cmake_python_build_tier4_simulation_msgs_egg
[8.297s] [ 14%] [34m[1mGenerating C++ type support for eProsima Fast-RTPS[0m
[9.031s] [ 16%] [32mBuilding CXX object CMakeFiles/tier4_simulation_msgs__rosidl_typesupport_fastrtps_cpp.dir/rosidl_typesupport_fastrtps_cpp/tier4_simulation_msgs/msg/detail/dds_fastrtps/fault_injection_event__type_support.cpp.o[0m
[9.662s] [ 18%] [32mBuilding CXX object CMakeFiles/tier4_simulation_msgs__rosidl_typesupport_fastrtps_cpp.dir/rosidl_typesupport_fastrtps_cpp/tier4_simulation_msgs/msg/detail/dds_fastrtps/user_defined_value_type__type_support.cpp.o[0m
[10.325s] [ 20%] [32mBuilding CXX object CMakeFiles/tier4_simulation_msgs__rosidl_typesupport_fastrtps_cpp.dir/rosidl_typesupport_fastrtps_cpp/tier4_simulation_msgs/msg/detail/dds_fastrtps/user_defined_value__type_support.cpp.o[0m
[10.998s] [ 21%] [32mBuilding CXX object CMakeFiles/tier4_simulation_msgs__rosidl_typesupport_fastrtps_cpp.dir/rosidl_typesupport_fastrtps_cpp/tier4_simulation_msgs/msg/detail/dds_fastrtps/simulation_events__type_support.cpp.o[0m
[11.786s] [ 23%] [32m[1mLinking CXX shared library libtier4_simulation_msgs__rosidl_typesupport_fastrtps_cpp.so[0m
[11.905s] [ 23%] Built target tier4_simulation_msgs__rosidl_typesupport_fastrtps_cpp
[11.925s] [ 25%] [34m[1mGenerating C++ type support dispatch for ROS interfaces[0m
[12.551s] [ 27%] [32mBuilding CXX object CMakeFiles/tier4_simulation_msgs__rosidl_typesupport_cpp.dir/rosidl_typesupport_cpp/tier4_simulation_msgs/msg/fault_injection_event__type_support.cpp.o[0m
[12.927s] [ 29%] [32mBuilding CXX object CMakeFiles/tier4_simulation_msgs__rosidl_typesupport_cpp.dir/rosidl_typesupport_cpp/tier4_simulation_msgs/msg/user_defined_value_type__type_support.cpp.o[0m
[13.347s] [ 30%] [32mBuilding CXX object CMakeFiles/tier4_simulation_msgs__rosidl_typesupport_cpp.dir/rosidl_typesupport_cpp/tier4_simulation_msgs/msg/user_defined_value__type_support.cpp.o[0m
[13.782s] [ 32%] [32mBuilding CXX object CMakeFiles/tier4_simulation_msgs__rosidl_typesupport_cpp.dir/rosidl_typesupport_cpp/tier4_simulation_msgs/msg/simulation_events__type_support.cpp.o[0m
[14.210s] [ 34%] [32m[1mLinking CXX shared library libtier4_simulation_msgs__rosidl_typesupport_cpp.so[0m
[14.268s] [ 34%] Built target tier4_simulation_msgs__rosidl_typesupport_cpp
[14.281s] [ 36%] [34m[1mGenerating C code for ROS interfaces[0m
[15.123s] [ 38%] [32mBuilding C object CMakeFiles/tier4_simulation_msgs__rosidl_generator_c.dir/rosidl_generator_c/tier4_simulation_msgs/msg/detail/fault_injection_event__functions.c.o[0m
[15.210s] [ 40%] [32mBuilding C object CMakeFiles/tier4_simulation_msgs__rosidl_generator_c.dir/rosidl_generator_c/tier4_simulation_msgs/msg/detail/user_defined_value_type__functions.c.o[0m
[15.290s] [ 41%] [32mBuilding C object CMakeFiles/tier4_simulation_msgs__rosidl_generator_c.dir/rosidl_generator_c/tier4_simulation_msgs/msg/detail/user_defined_value__functions.c.o[0m
[15.389s] [ 43%] [32mBuilding C object CMakeFiles/tier4_simulation_msgs__rosidl_generator_c.dir/rosidl_generator_c/tier4_simulation_msgs/msg/detail/simulation_events__functions.c.o[0m
[15.491s] [ 45%] [32m[1mLinking C shared library libtier4_simulation_msgs__rosidl_generator_c.so[0m
[15.538s] [ 45%] Built target tier4_simulation_msgs__rosidl_generator_c
[15.550s] [ 47%] [34m[1mGenerating C type support for eProsima Fast-RTPS[0m
[16.199s] [ 49%] [32mBuilding CXX object CMakeFiles/tier4_simulation_msgs__rosidl_typesupport_fastrtps_c.dir/rosidl_typesupport_fastrtps_c/tier4_simulation_msgs/msg/detail/fault_injection_event__type_support_c.cpp.o[0m
[16.791s] [ 50%] [32mBuilding CXX object CMakeFiles/tier4_simulation_msgs__rosidl_typesupport_fastrtps_c.dir/rosidl_typesupport_fastrtps_c/tier4_simulation_msgs/msg/detail/user_defined_value_type__type_support_c.cpp.o[0m
[17.340s] [ 52%] [32mBuilding CXX object CMakeFiles/tier4_simulation_msgs__rosidl_typesupport_fastrtps_c.dir/rosidl_typesupport_fastrtps_c/tier4_simulation_msgs/msg/detail/user_defined_value__type_support_c.cpp.o[0m
[17.909s] [ 54%] [32mBuilding CXX object CMakeFiles/tier4_simulation_msgs__rosidl_typesupport_fastrtps_c.dir/rosidl_typesupport_fastrtps_c/tier4_simulation_msgs/msg/detail/simulation_events__type_support_c.cpp.o[0m
[18.452s] [ 56%] [32m[1mLinking CXX shared library libtier4_simulation_msgs__rosidl_typesupport_fastrtps_c.so[0m
[18.555s] [ 56%] Built target tier4_simulation_msgs__rosidl_typesupport_fastrtps_c
[18.569s] [ 58%] [34m[1mGenerating C type support dispatch for ROS interfaces[0m
[19.080s] [ 60%] [32mBuilding CXX object CMakeFiles/tier4_simulation_msgs__rosidl_typesupport_c.dir/rosidl_typesupport_c/tier4_simulation_msgs/msg/fault_injection_event__type_support.cpp.o[0m
[19.128s] [ 61%] [32mBuilding CXX object CMakeFiles/tier4_simulation_msgs__rosidl_typesupport_c.dir/rosidl_typesupport_c/tier4_simulation_msgs/msg/user_defined_value_type__type_support.cpp.o[0m
[19.177s] [ 63%] [32mBuilding CXX object CMakeFiles/tier4_simulation_msgs__rosidl_typesupport_c.dir/rosidl_typesupport_c/tier4_simulation_msgs/msg/user_defined_value__type_support.cpp.o[0m
[19.223s] [ 65%] [32mBuilding CXX object CMakeFiles/tier4_simulation_msgs__rosidl_typesupport_c.dir/rosidl_typesupport_c/tier4_simulation_msgs/msg/simulation_events__type_support.cpp.o[0m
[19.272s] [ 67%] [32m[1mLinking CXX shared library libtier4_simulation_msgs__rosidl_typesupport_c.so[0m
[19.329s] [ 67%] Built target tier4_simulation_msgs__rosidl_typesupport_c
[19.344s] [ 69%] [34m[1mGenerating C introspection for ROS interfaces[0m
[20.046s] [ 70%] [32mBuilding C object CMakeFiles/tier4_simulation_msgs__rosidl_typesupport_introspection_c.dir/rosidl_typesupport_introspection_c/tier4_simulation_msgs/msg/detail/fault_injection_event__type_support.c.o[0m
[20.100s] [ 72%] [32mBuilding C object CMakeFiles/tier4_simulation_msgs__rosidl_typesupport_introspection_c.dir/rosidl_typesupport_introspection_c/tier4_simulation_msgs/msg/detail/user_defined_value_type__type_support.c.o[0m
[20.155s] [ 74%] [32mBuilding C object CMakeFiles/tier4_simulation_msgs__rosidl_typesupport_introspection_c.dir/rosidl_typesupport_introspection_c/tier4_simulation_msgs/msg/detail/user_defined_value__type_support.c.o[0m
[20.194s] [ 76%] [32mBuilding C object CMakeFiles/tier4_simulation_msgs__rosidl_typesupport_introspection_c.dir/rosidl_typesupport_introspection_c/tier4_simulation_msgs/msg/detail/simulation_events__type_support.c.o[0m
[20.314s] [ 78%] [32m[1mLinking C shared library libtier4_simulation_msgs__rosidl_typesupport_introspection_c.so[0m
[20.434s] [ 78%] Built target tier4_simulation_msgs__rosidl_typesupport_introspection_c
[20.460s] [ 78%] Built target tier4_simulation_msgs
[20.487s] [ 80%] [34m[1mGenerating Python code for ROS interfaces[0m
[21.383s] [ 80%] Built target tier4_simulation_msgs__py
[21.407s] [ 81%] [32mBuilding C object CMakeFiles/tier4_simulation_msgs__rosidl_generator_py.dir/rosidl_generator_py/tier4_simulation_msgs/msg/_fault_injection_event_s.c.o[0m
[21.598s] [ 83%] [32mBuilding C object CMakeFiles/tier4_simulation_msgs__rosidl_generator_py.dir/rosidl_generator_py/tier4_simulation_msgs/msg/_user_defined_value_type_s.c.o[0m
[21.780s] [ 85%] [32mBuilding C object CMakeFiles/tier4_simulation_msgs__rosidl_generator_py.dir/rosidl_generator_py/tier4_simulation_msgs/msg/_user_defined_value_s.c.o[0m
[21.901s] [ 87%] [32mBuilding C object CMakeFiles/tier4_simulation_msgs__rosidl_generator_py.dir/rosidl_generator_py/tier4_simulation_msgs/msg/_simulation_events_s.c.o[0m
[22.111s] [ 89%] [32m[1mLinking C shared library rosidl_generator_py/tier4_simulation_msgs/libtier4_simulation_msgs__rosidl_generator_py.so[0m
[22.157s] [ 89%] Built target tier4_simulation_msgs__rosidl_generator_py
[22.181s] [ 90%] [32mBuilding C object CMakeFiles/tier4_simulation_msgs__rosidl_typesupport_fastrtps_c__pyext.dir/rosidl_generator_py/tier4_simulation_msgs/_tier4_simulation_msgs_s.ep.rosidl_typesupport_fastrtps_c.c.o[0m
[22.420s] [ 92%] [32m[1mLinking C shared library rosidl_generator_py/tier4_simulation_msgs/tier4_simulation_msgs_s__rosidl_typesupport_fastrtps_c.cpython-310-x86_64-linux-gnu.so[0m
[22.471s] [ 92%] Built target tier4_simulation_msgs__rosidl_typesupport_fastrtps_c__pyext
[22.495s] [ 94%] [32mBuilding C object CMakeFiles/tier4_simulation_msgs__rosidl_typesupport_c__pyext.dir/rosidl_generator_py/tier4_simulation_msgs/_tier4_simulation_msgs_s.ep.rosidl_typesupport_c.c.o[0m
[22.739s] [ 96%] [32m[1mLinking C shared library rosidl_generator_py/tier4_simulation_msgs/tier4_simulation_msgs_s__rosidl_typesupport_c.cpython-310-x86_64-linux-gnu.so[0m
[22.791s] [ 96%] Built target tier4_simulation_msgs__rosidl_typesupport_c__pyext
[22.814s] [ 98%] [32mBuilding C object CMakeFiles/tier4_simulation_msgs__rosidl_typesupport_introspection_c__pyext.dir/rosidl_generator_py/tier4_simulation_msgs/_tier4_simulation_msgs_s.ep.rosidl_typesupport_introspection_c.c.o[0m
[22.957s] [100%] [32m[1mLinking C shared library rosidl_generator_py/tier4_simulation_msgs/tier4_simulation_msgs_s__rosidl_typesupport_introspection_c.cpython-310-x86_64-linux-gnu.so[0m
[23.003s] [100%] Built target tier4_simulation_msgs__rosidl_typesupport_introspection_c__pyext
[23.042s] Invoked command in '/home/sws/autoware/build/tier4_simulation_msgs' returned '0': CMAKE_PREFIX_PATH=/opt/ros/humble /usr/bin/cmake --build /home/sws/autoware/build/tier4_simulation_msgs -- -j16 -l16
[23.171s] Invoking command in '/home/sws/autoware/build/tier4_simulation_msgs': CMAKE_PREFIX_PATH=/opt/ros/humble /usr/bin/cmake --install /home/sws/autoware/build/tier4_simulation_msgs
[34.252s] -- Install configuration: "Release"
[34.253s] -- Execute custom install script
[34.253s] -- Symlinking: /home/sws/autoware/install/tier4_simulation_msgs/share/ament_index/resource_index/rosidl_interfaces/tier4_simulation_msgs
[34.253s] -- Symlinking: /home/sws/autoware/install/tier4_simulation_msgs/include/tier4_simulation_msgs/tier4_simulation_msgs/msg/detail/fault_injection_event__functions.h
[34.253s] -- Symlinking: /home/sws/autoware/install/tier4_simulation_msgs/include/tier4_simulation_msgs/tier4_simulation_msgs/msg/detail/fault_injection_event__struct.h
[34.253s] -- Symlinking: /home/sws/autoware/install/tier4_simulation_msgs/include/tier4_simulation_msgs/tier4_simulation_msgs/msg/detail/fault_injection_event__type_support.h
[34.253s] -- Symlinking: /home/sws/autoware/install/tier4_simulation_msgs/include/tier4_simulation_msgs/tier4_simulation_msgs/msg/detail/simulation_events__functions.h
[34.254s] -- Symlinking: /home/sws/autoware/install/tier4_simulation_msgs/include/tier4_simulation_msgs/tier4_simulation_msgs/msg/detail/simulation_events__struct.h
[34.254s] -- Symlinking: /home/sws/autoware/install/tier4_simulation_msgs/include/tier4_simulation_msgs/tier4_simulation_msgs/msg/detail/simulation_events__type_support.h
[34.254s] -- Symlinking: /home/sws/autoware/install/tier4_simulation_msgs/include/tier4_simulation_msgs/tier4_simulation_msgs/msg/detail/user_defined_value__functions.h
[34.254s] -- Symlinking: /home/sws/autoware/install/tier4_simulation_msgs/include/tier4_simulation_msgs/tier4_simulation_msgs/msg/detail/user_defined_value__struct.h
[34.254s] -- Symlinking: /home/sws/autoware/install/tier4_simulation_msgs/include/tier4_simulation_msgs/tier4_simulation_msgs/msg/detail/user_defined_value__type_support.h
[34.254s] -- Symlinking: /home/sws/autoware/install/tier4_simulation_msgs/include/tier4_simulation_msgs/tier4_simulation_msgs/msg/detail/user_defined_value_type__functions.h
[34.254s] -- Symlinking: /home/sws/autoware/install/tier4_simulation_msgs/include/tier4_simulation_msgs/tier4_simulation_msgs/msg/detail/user_defined_value_type__struct.h
[34.254s] -- Symlinking: /home/sws/autoware/install/tier4_simulation_msgs/include/tier4_simulation_msgs/tier4_simulation_msgs/msg/detail/user_defined_value_type__type_support.h
[34.255s] -- Symlinking: /home/sws/autoware/install/tier4_simulation_msgs/include/tier4_simulation_msgs/tier4_simulation_msgs/msg/fault_injection_event.h
[34.255s] -- Symlinking: /home/sws/autoware/install/tier4_simulation_msgs/include/tier4_simulation_msgs/tier4_simulation_msgs/msg/rosidl_generator_c__visibility_control.h
[34.255s] -- Symlinking: /home/sws/autoware/install/tier4_simulation_msgs/include/tier4_simulation_msgs/tier4_simulation_msgs/msg/simulation_events.h
[34.255s] -- Symlinking: /home/sws/autoware/install/tier4_simulation_msgs/include/tier4_simulation_msgs/tier4_simulation_msgs/msg/user_defined_value.h
[34.255s] -- Symlinking: /home/sws/autoware/install/tier4_simulation_msgs/include/tier4_simulation_msgs/tier4_simulation_msgs/msg/user_defined_value_type.h
[34.255s] -- Symlinking: /home/sws/autoware/install/tier4_simulation_msgs/share/tier4_simulation_msgs/environment/library_path.sh
[34.255s] -- Symlinking: /home/sws/autoware/install/tier4_simulation_msgs/share/tier4_simulation_msgs/environment/library_path.dsv
[34.255s] -- Symlinking: /home/sws/autoware/install/tier4_simulation_msgs/include/tier4_simulation_msgs/tier4_simulation_msgs/msg/detail/fault_injection_event__rosidl_typesupport_fastrtps_c.h
[34.255s] -- Symlinking: /home/sws/autoware/install/tier4_simulation_msgs/include/tier4_simulation_msgs/tier4_simulation_msgs/msg/detail/simulation_events__rosidl_typesupport_fastrtps_c.h
[34.255s] -- Symlinking: /home/sws/autoware/install/tier4_simulation_msgs/include/tier4_simulation_msgs/tier4_simulation_msgs/msg/detail/user_defined_value__rosidl_typesupport_fastrtps_c.h
[34.256s] -- Symlinking: /home/sws/autoware/install/tier4_simulation_msgs/include/tier4_simulation_msgs/tier4_simulation_msgs/msg/detail/user_defined_value_type__rosidl_typesupport_fastrtps_c.h
[34.256s] -- Symlinking: /home/sws/autoware/install/tier4_simulation_msgs/include/tier4_simulation_msgs/tier4_simulation_msgs/msg/rosidl_typesupport_fastrtps_c__visibility_control.h
[34.256s] -- Symlinking: /home/sws/autoware/install/tier4_simulation_msgs/include/tier4_simulation_msgs/tier4_simulation_msgs/msg/detail/fault_injection_event__builder.hpp
[34.256s] -- Symlinking: /home/sws/autoware/install/tier4_simulation_msgs/include/tier4_simulation_msgs/tier4_simulation_msgs/msg/detail/fault_injection_event__struct.hpp
[34.256s] -- Symlinking: /home/sws/autoware/install/tier4_simulation_msgs/include/tier4_simulation_msgs/tier4_simulation_msgs/msg/detail/fault_injection_event__traits.hpp
[34.256s] -- Symlinking: /home/sws/autoware/install/tier4_simulation_msgs/include/tier4_simulation_msgs/tier4_simulation_msgs/msg/detail/simulation_events__builder.hpp
[34.256s] -- Symlinking: /home/sws/autoware/install/tier4_simulation_msgs/include/tier4_simulation_msgs/tier4_simulation_msgs/msg/detail/simulation_events__struct.hpp
[34.256s] -- Symlinking: /home/sws/autoware/install/tier4_simulation_msgs/include/tier4_simulation_msgs/tier4_simulation_msgs/msg/detail/simulation_events__traits.hpp
[34.257s] -- Symlinking: /home/sws/autoware/install/tier4_simulation_msgs/include/tier4_simulation_msgs/tier4_simulation_msgs/msg/detail/user_defined_value__builder.hpp
[34.257s] -- Symlinking: /home/sws/autoware/install/tier4_simulation_msgs/include/tier4_simulation_msgs/tier4_simulation_msgs/msg/detail/user_defined_value__struct.hpp
[34.257s] -- Symlinking: /home/sws/autoware/install/tier4_simulation_msgs/include/tier4_simulation_msgs/tier4_simulation_msgs/msg/detail/user_defined_value__traits.hpp
[34.257s] -- Symlinking: /home/sws/autoware/install/tier4_simulation_msgs/include/tier4_simulation_msgs/tier4_simulation_msgs/msg/detail/user_defined_value_type__builder.hpp
[34.257s] -- Symlinking: /home/sws/autoware/install/tier4_simulation_msgs/include/tier4_simulation_msgs/tier4_simulation_msgs/msg/detail/user_defined_value_type__struct.hpp
[34.257s] -- Symlinking: /home/sws/autoware/install/tier4_simulation_msgs/include/tier4_simulation_msgs/tier4_simulation_msgs/msg/detail/user_defined_value_type__traits.hpp
[34.257s] -- Symlinking: /home/sws/autoware/install/tier4_simulation_msgs/include/tier4_simulation_msgs/tier4_simulation_msgs/msg/fault_injection_event.hpp
[34.257s] -- Symlinking: /home/sws/autoware/install/tier4_simulation_msgs/include/tier4_simulation_msgs/tier4_simulation_msgs/msg/simulation_events.hpp
[34.258s] -- Symlinking: /home/sws/autoware/install/tier4_simulation_msgs/include/tier4_simulation_msgs/tier4_simulation_msgs/msg/user_defined_value.hpp
[34.258s] -- Symlinking: /home/sws/autoware/install/tier4_simulation_msgs/include/tier4_simulation_msgs/tier4_simulation_msgs/msg/user_defined_value_type.hpp
[34.258s] -- Symlinking: /home/sws/autoware/install/tier4_simulation_msgs/include/tier4_simulation_msgs/tier4_simulation_msgs/msg/detail/fault_injection_event__rosidl_typesupport_fastrtps_cpp.hpp
[34.258s] -- Symlinking: /home/sws/autoware/install/tier4_simulation_msgs/include/tier4_simulation_msgs/tier4_simulation_msgs/msg/detail/simulation_events__rosidl_typesupport_fastrtps_cpp.hpp
[34.258s] -- Symlinking: /home/sws/autoware/install/tier4_simulation_msgs/include/tier4_simulation_msgs/tier4_simulation_msgs/msg/detail/user_defined_value__rosidl_typesupport_fastrtps_cpp.hpp
[34.258s] -- Symlinking: /home/sws/autoware/install/tier4_simulation_msgs/include/tier4_simulation_msgs/tier4_simulation_msgs/msg/detail/user_defined_value_type__rosidl_typesupport_fastrtps_cpp.hpp
[34.258s] -- Symlinking: /home/sws/autoware/install/tier4_simulation_msgs/include/tier4_simulation_msgs/tier4_simulation_msgs/msg/rosidl_typesupport_fastrtps_cpp__visibility_control.h
[34.258s] -- Symlinking: /home/sws/autoware/install/tier4_simulation_msgs/include/tier4_simulation_msgs/tier4_simulation_msgs/msg/detail/fault_injection_event__rosidl_typesupport_introspection_c.h
[34.258s] -- Symlinking: /home/sws/autoware/install/tier4_simulation_msgs/include/tier4_simulation_msgs/tier4_simulation_msgs/msg/detail/simulation_events__rosidl_typesupport_introspection_c.h
[34.259s] -- Symlinking: /home/sws/autoware/install/tier4_simulation_msgs/include/tier4_simulation_msgs/tier4_simulation_msgs/msg/detail/user_defined_value__rosidl_typesupport_introspection_c.h
[34.259s] -- Symlinking: /home/sws/autoware/install/tier4_simulation_msgs/include/tier4_simulation_msgs/tier4_simulation_msgs/msg/detail/user_defined_value_type__rosidl_typesupport_introspection_c.h
[34.259s] -- Symlinking: /home/sws/autoware/install/tier4_simulation_msgs/include/tier4_simulation_msgs/tier4_simulation_msgs/msg/rosidl_typesupport_introspection_c__visibility_control.h
[34.259s] -- Symlinking: /home/sws/autoware/install/tier4_simulation_msgs/include/tier4_simulation_msgs/tier4_simulation_msgs/msg/detail/fault_injection_event__rosidl_typesupport_introspection_cpp.hpp
[34.259s] -- Symlinking: /home/sws/autoware/install/tier4_simulation_msgs/include/tier4_simulation_msgs/tier4_simulation_msgs/msg/detail/simulation_events__rosidl_typesupport_introspection_cpp.hpp
[34.259s] -- Symlinking: /home/sws/autoware/install/tier4_simulation_msgs/include/tier4_simulation_msgs/tier4_simulation_msgs/msg/detail/user_defined_value__rosidl_typesupport_introspection_cpp.hpp
[34.260s] -- Symlinking: /home/sws/autoware/install/tier4_simulation_msgs/include/tier4_simulation_msgs/tier4_simulation_msgs/msg/detail/user_defined_value_type__rosidl_typesupport_introspection_cpp.hpp
[34.260s] -- Symlinking: /home/sws/autoware/install/tier4_simulation_msgs/share/tier4_simulation_msgs/environment/pythonpath.sh
[34.260s] -- Symlinking: /home/sws/autoware/install/tier4_simulation_msgs/share/tier4_simulation_msgs/environment/pythonpath.dsv
[34.260s] -- Symlinking: /home/sws/autoware/install/tier4_simulation_msgs/local/lib/python3.10/dist-packages/tier4_simulation_msgs-0.1.0-py3.10.egg-info/PKG-INFO
[34.260s] -- Symlinking: /home/sws/autoware/install/tier4_simulation_msgs/local/lib/python3.10/dist-packages/tier4_simulation_msgs-0.1.0-py3.10.egg-info/SOURCES.txt
[34.260s] -- Symlinking: /home/sws/autoware/install/tier4_simulation_msgs/local/lib/python3.10/dist-packages/tier4_simulation_msgs-0.1.0-py3.10.egg-info/dependency_links.txt
[34.260s] -- Symlinking: /home/sws/autoware/install/tier4_simulation_msgs/local/lib/python3.10/dist-packages/tier4_simulation_msgs-0.1.0-py3.10.egg-info/top_level.txt
[34.260s] -- Symlinking: /home/sws/autoware/install/tier4_simulation_msgs/local/lib/python3.10/dist-packages/tier4_simulation_msgs/__init__.py
[34.260s] -- Symlinking: /home/sws/autoware/install/tier4_simulation_msgs/local/lib/python3.10/dist-packages/tier4_simulation_msgs/_tier4_simulation_msgs_s.ep.rosidl_typesupport_c.c
[34.260s] -- Symlinking: /home/sws/autoware/install/tier4_simulation_msgs/local/lib/python3.10/dist-packages/tier4_simulation_msgs/_tier4_simulation_msgs_s.ep.rosidl_typesupport_fastrtps_c.c
[34.261s] -- Symlinking: /home/sws/autoware/install/tier4_simulation_msgs/local/lib/python3.10/dist-packages/tier4_simulation_msgs/_tier4_simulation_msgs_s.ep.rosidl_typesupport_introspection_c.c
[34.261s] -- Symlinking: /home/sws/autoware/install/tier4_simulation_msgs/local/lib/python3.10/dist-packages/tier4_simulation_msgs/libtier4_simulation_msgs__rosidl_generator_py.so
[34.261s] -- Symlinking: /home/sws/autoware/install/tier4_simulation_msgs/local/lib/python3.10/dist-packages/tier4_simulation_msgs/msg/__init__.py
[34.261s] -- Symlinking: /home/sws/autoware/install/tier4_simulation_msgs/local/lib/python3.10/dist-packages/tier4_simulation_msgs/msg/_fault_injection_event.py
[34.261s] -- Symlinking: /home/sws/autoware/install/tier4_simulation_msgs/local/lib/python3.10/dist-packages/tier4_simulation_msgs/msg/_fault_injection_event_s.c
[34.261s] -- Symlinking: /home/sws/autoware/install/tier4_simulation_msgs/local/lib/python3.10/dist-packages/tier4_simulation_msgs/msg/_simulation_events.py
[34.261s] -- Symlinking: /home/sws/autoware/install/tier4_simulation_msgs/local/lib/python3.10/dist-packages/tier4_simulation_msgs/msg/_simulation_events_s.c
[34.261s] -- Symlinking: /home/sws/autoware/install/tier4_simulation_msgs/local/lib/python3.10/dist-packages/tier4_simulation_msgs/msg/_user_defined_value.py
[34.262s] -- Symlinking: /home/sws/autoware/install/tier4_simulation_msgs/local/lib/python3.10/dist-packages/tier4_simulation_msgs/msg/_user_defined_value_s.c
[34.262s] -- Symlinking: /home/sws/autoware/install/tier4_simulation_msgs/local/lib/python3.10/dist-packages/tier4_simulation_msgs/msg/_user_defined_value_type.py
[34.262s] -- Symlinking: /home/sws/autoware/install/tier4_simulation_msgs/local/lib/python3.10/dist-packages/tier4_simulation_msgs/msg/_user_defined_value_type_s.c
[34.262s] -- Symlinking: /home/sws/autoware/install/tier4_simulation_msgs/local/lib/python3.10/dist-packages/tier4_simulation_msgs/tier4_simulation_msgs_s__rosidl_typesupport_c.cpython-310-x86_64-linux-gnu.so
[34.262s] -- Symlinking: /home/sws/autoware/install/tier4_simulation_msgs/local/lib/python3.10/dist-packages/tier4_simulation_msgs/tier4_simulation_msgs_s__rosidl_typesupport_fastrtps_c.cpython-310-x86_64-linux-gnu.so
[34.262s] -- Symlinking: /home/sws/autoware/install/tier4_simulation_msgs/local/lib/python3.10/dist-packages/tier4_simulation_msgs/tier4_simulation_msgs_s__rosidl_typesupport_introspection_c.cpython-310-x86_64-linux-gnu.so
[34.278s] -- Up-to-date symlink: /home/sws/autoware/install/tier4_simulation_msgs/local/lib/python3.10/dist-packages/tier4_simulation_msgs/tier4_simulation_msgs_s__rosidl_typesupport_fastrtps_c.cpython-310-x86_64-linux-gnu.so
[34.279s] -- Up-to-date symlink: /home/sws/autoware/install/tier4_simulation_msgs/local/lib/python3.10/dist-packages/tier4_simulation_msgs/tier4_simulation_msgs_s__rosidl_typesupport_introspection_c.cpython-310-x86_64-linux-gnu.so
[34.279s] -- Up-to-date symlink: /home/sws/autoware/install/tier4_simulation_msgs/local/lib/python3.10/dist-packages/tier4_simulation_msgs/tier4_simulation_msgs_s__rosidl_typesupport_c.cpython-310-x86_64-linux-gnu.so
[34.279s] -- Symlinking: /home/sws/autoware/install/tier4_simulation_msgs/share/tier4_simulation_msgs/msg/FaultInjectionEvent.idl
[34.279s] -- Symlinking: /home/sws/autoware/install/tier4_simulation_msgs/share/tier4_simulation_msgs/msg/SimulationEvents.idl
[34.279s] -- Symlinking: /home/sws/autoware/install/tier4_simulation_msgs/share/tier4_simulation_msgs/msg/UserDefinedValue.idl
[34.280s] -- Symlinking: /home/sws/autoware/install/tier4_simulation_msgs/share/tier4_simulation_msgs/msg/UserDefinedValueType.idl
[34.280s] -- Symlinking: /home/sws/autoware/install/tier4_simulation_msgs/share/tier4_simulation_msgs/msg/FaultInjectionEvent.msg
[34.280s] -- Symlinking: /home/sws/autoware/install/tier4_simulation_msgs/share/tier4_simulation_msgs/msg/SimulationEvents.msg
[34.280s] -- Symlinking: /home/sws/autoware/install/tier4_simulation_msgs/share/tier4_simulation_msgs/msg/UserDefinedValue.msg
[34.280s] -- Symlinking: /home/sws/autoware/install/tier4_simulation_msgs/share/tier4_simulation_msgs/msg/UserDefinedValueType.msg
[34.280s] -- Symlinking: /home/sws/autoware/install/tier4_simulation_msgs/share/ament_index/resource_index/package_run_dependencies/tier4_simulation_msgs
[34.280s] -- Symlinking: /home/sws/autoware/install/tier4_simulation_msgs/share/ament_index/resource_index/parent_prefix_path/tier4_simulation_msgs
[34.280s] -- Symlinking: /home/sws/autoware/install/tier4_simulation_msgs/share/tier4_simulation_msgs/environment/ament_prefix_path.sh
[34.280s] -- Symlinking: /home/sws/autoware/install/tier4_simulation_msgs/share/tier4_simulation_msgs/environment/ament_prefix_path.dsv
[34.281s] -- Symlinking: /home/sws/autoware/install/tier4_simulation_msgs/share/tier4_simulation_msgs/environment/path.sh
[34.281s] -- Symlinking: /home/sws/autoware/install/tier4_simulation_msgs/share/tier4_simulation_msgs/environment/path.dsv
[34.281s] -- Symlinking: /home/sws/autoware/install/tier4_simulation_msgs/share/tier4_simulation_msgs/local_setup.bash
[34.281s] -- Symlinking: /home/sws/autoware/install/tier4_simulation_msgs/share/tier4_simulation_msgs/local_setup.sh
[34.281s] -- Symlinking: /home/sws/autoware/install/tier4_simulation_msgs/share/tier4_simulation_msgs/local_setup.zsh
[34.281s] -- Symlinking: /home/sws/autoware/install/tier4_simulation_msgs/share/tier4_simulation_msgs/local_setup.dsv
[34.281s] -- Symlinking: /home/sws/autoware/install/tier4_simulation_msgs/share/tier4_simulation_msgs/package.dsv
[34.282s] -- Symlinking: /home/sws/autoware/install/tier4_simulation_msgs/share/ament_index/resource_index/packages/tier4_simulation_msgs
[34.282s] -- Symlinking: /home/sws/autoware/install/tier4_simulation_msgs/share/tier4_simulation_msgs/cmake/rosidl_cmake-extras.cmake
[34.282s] -- Symlinking: /home/sws/autoware/install/tier4_simulation_msgs/share/tier4_simulation_msgs/cmake/ament_cmake_export_dependencies-extras.cmake
[34.282s] -- Symlinking: /home/sws/autoware/install/tier4_simulation_msgs/share/tier4_simulation_msgs/cmake/ament_cmake_export_include_directories-extras.cmake
[34.282s] -- Symlinking: /home/sws/autoware/install/tier4_simulation_msgs/share/tier4_simulation_msgs/cmake/ament_cmake_export_libraries-extras.cmake
[34.282s] -- Symlinking: /home/sws/autoware/install/tier4_simulation_msgs/share/tier4_simulation_msgs/cmake/ament_cmake_export_targets-extras.cmake
[34.282s] -- Symlinking: /home/sws/autoware/install/tier4_simulation_msgs/share/tier4_simulation_msgs/cmake/rosidl_cmake_export_typesupport_targets-extras.cmake
[34.283s] -- Symlinking: /home/sws/autoware/install/tier4_simulation_msgs/share/tier4_simulation_msgs/cmake/rosidl_cmake_export_typesupport_libraries-extras.cmake
[34.283s] -- Symlinking: /home/sws/autoware/install/tier4_simulation_msgs/share/tier4_simulation_msgs/cmake/tier4_simulation_msgsConfig.cmake
[34.283s] -- Symlinking: /home/sws/autoware/install/tier4_simulation_msgs/share/tier4_simulation_msgs/cmake/tier4_simulation_msgsConfig-version.cmake
[34.283s] -- Symlinking: /home/sws/autoware/install/tier4_simulation_msgs/share/tier4_simulation_msgs/package.xml
[34.283s] -- Installing: /home/sws/autoware/install/tier4_simulation_msgs/lib/libtier4_simulation_msgs__rosidl_generator_c.so
[34.283s] -- Set runtime path of "/home/sws/autoware/install/tier4_simulation_msgs/lib/libtier4_simulation_msgs__rosidl_generator_c.so" to ""
[34.283s] -- Installing: /home/sws/autoware/install/tier4_simulation_msgs/lib/libtier4_simulation_msgs__rosidl_typesupport_fastrtps_c.so
[34.283s] -- Set runtime path of "/home/sws/autoware/install/tier4_simulation_msgs/lib/libtier4_simulation_msgs__rosidl_typesupport_fastrtps_c.so" to ""
[34.283s] -- Installing: /home/sws/autoware/install/tier4_simulation_msgs/lib/libtier4_simulation_msgs__rosidl_typesupport_fastrtps_cpp.so
[34.283s] -- Set runtime path of "/home/sws/autoware/install/tier4_simulation_msgs/lib/libtier4_simulation_msgs__rosidl_typesupport_fastrtps_cpp.so" to ""
[34.284s] -- Installing: /home/sws/autoware/install/tier4_simulation_msgs/lib/libtier4_simulation_msgs__rosidl_typesupport_introspection_c.so
[34.284s] -- Set runtime path of "/home/sws/autoware/install/tier4_simulation_msgs/lib/libtier4_simulation_msgs__rosidl_typesupport_introspection_c.so" to ""
[34.284s] -- Installing: /home/sws/autoware/install/tier4_simulation_msgs/lib/libtier4_simulation_msgs__rosidl_typesupport_c.so
[34.284s] -- Set runtime path of "/home/sws/autoware/install/tier4_simulation_msgs/lib/libtier4_simulation_msgs__rosidl_typesupport_c.so" to ""
[34.284s] -- Installing: /home/sws/autoware/install/tier4_simulation_msgs/lib/libtier4_simulation_msgs__rosidl_typesupport_introspection_cpp.so
[34.284s] -- Set runtime path of "/home/sws/autoware/install/tier4_simulation_msgs/lib/libtier4_simulation_msgs__rosidl_typesupport_introspection_cpp.so" to ""
[34.284s] -- Installing: /home/sws/autoware/install/tier4_simulation_msgs/lib/libtier4_simulation_msgs__rosidl_typesupport_cpp.so
[34.284s] -- Set runtime path of "/home/sws/autoware/install/tier4_simulation_msgs/lib/libtier4_simulation_msgs__rosidl_typesupport_cpp.so" to ""
[34.302s] Listing '/home/sws/autoware/install/tier4_simulation_msgs/local/lib/python3.10/dist-packages/tier4_simulation_msgs'...
[34.302s] Compiling '/home/sws/autoware/install/tier4_simulation_msgs/local/lib/python3.10/dist-packages/tier4_simulation_msgs/__init__.py'...
[34.302s] Listing '/home/sws/autoware/install/tier4_simulation_msgs/local/lib/python3.10/dist-packages/tier4_simulation_msgs/msg'...
[34.302s] Compiling '/home/sws/autoware/install/tier4_simulation_msgs/local/lib/python3.10/dist-packages/tier4_simulation_msgs/msg/__init__.py'...
[34.303s] Compiling '/home/sws/autoware/install/tier4_simulation_msgs/local/lib/python3.10/dist-packages/tier4_simulation_msgs/msg/_fault_injection_event.py'...
[34.303s] Compiling '/home/sws/autoware/install/tier4_simulation_msgs/local/lib/python3.10/dist-packages/tier4_simulation_msgs/msg/_simulation_events.py'...
[34.303s] Compiling '/home/sws/autoware/install/tier4_simulation_msgs/local/lib/python3.10/dist-packages/tier4_simulation_msgs/msg/_user_defined_value.py'...
[34.303s] Compiling '/home/sws/autoware/install/tier4_simulation_msgs/local/lib/python3.10/dist-packages/tier4_simulation_msgs/msg/_user_defined_value_type.py'...
[34.308s] -- Installing: /home/sws/autoware/install/tier4_simulation_msgs/lib/libtier4_simulation_msgs__rosidl_generator_py.so
[34.309s] -- Set runtime path of "/home/sws/autoware/install/tier4_simulation_msgs/lib/libtier4_simulation_msgs__rosidl_generator_py.so" to ""
[34.309s] -- Installing: /home/sws/autoware/install/tier4_simulation_msgs/share/tier4_simulation_msgs/cmake/export_tier4_simulation_msgs__rosidl_generator_cExport.cmake
[34.309s] -- Installing: /home/sws/autoware/install/tier4_simulation_msgs/share/tier4_simulation_msgs/cmake/export_tier4_simulation_msgs__rosidl_generator_cExport-release.cmake
[34.310s] -- Installing: /home/sws/autoware/install/tier4_simulation_msgs/share/tier4_simulation_msgs/cmake/export_tier4_simulation_msgs__rosidl_typesupport_fastrtps_cExport.cmake
[34.310s] -- Installing: /home/sws/autoware/install/tier4_simulation_msgs/share/tier4_simulation_msgs/cmake/export_tier4_simulation_msgs__rosidl_typesupport_fastrtps_cExport-release.cmake
[34.310s] -- Installing: /home/sws/autoware/install/tier4_simulation_msgs/share/tier4_simulation_msgs/cmake/export_tier4_simulation_msgs__rosidl_generator_cppExport.cmake
[34.310s] -- Installing: /home/sws/autoware/install/tier4_simulation_msgs/share/tier4_simulation_msgs/cmake/export_tier4_simulation_msgs__rosidl_typesupport_fastrtps_cppExport.cmake
[34.310s] -- Installing: /home/sws/autoware/install/tier4_simulation_msgs/share/tier4_simulation_msgs/cmake/export_tier4_simulation_msgs__rosidl_typesupport_fastrtps_cppExport-release.cmake
[34.311s] -- Installing: /home/sws/autoware/install/tier4_simulation_msgs/share/tier4_simulation_msgs/cmake/tier4_simulation_msgs__rosidl_typesupport_introspection_cExport.cmake
[34.311s] -- Installing: /home/sws/autoware/install/tier4_simulation_msgs/share/tier4_simulation_msgs/cmake/tier4_simulation_msgs__rosidl_typesupport_introspection_cExport-release.cmake
[34.311s] -- Installing: /home/sws/autoware/install/tier4_simulation_msgs/share/tier4_simulation_msgs/cmake/tier4_simulation_msgs__rosidl_typesupport_cExport.cmake
[34.311s] -- Installing: /home/sws/autoware/install/tier4_simulation_msgs/share/tier4_simulation_msgs/cmake/tier4_simulation_msgs__rosidl_typesupport_cExport-release.cmake
[34.311s] -- Installing: /home/sws/autoware/install/tier4_simulation_msgs/share/tier4_simulation_msgs/cmake/tier4_simulation_msgs__rosidl_typesupport_introspection_cppExport.cmake
[34.311s] -- Installing: /home/sws/autoware/install/tier4_simulation_msgs/share/tier4_simulation_msgs/cmake/tier4_simulation_msgs__rosidl_typesupport_introspection_cppExport-release.cmake
[34.312s] -- Installing: /home/sws/autoware/install/tier4_simulation_msgs/share/tier4_simulation_msgs/cmake/tier4_simulation_msgs__rosidl_typesupport_cppExport.cmake
[34.312s] -- Installing: /home/sws/autoware/install/tier4_simulation_msgs/share/tier4_simulation_msgs/cmake/tier4_simulation_msgs__rosidl_typesupport_cppExport-release.cmake
[34.313s] -- Installing: /home/sws/autoware/install/tier4_simulation_msgs/share/tier4_simulation_msgs/cmake/export_tier4_simulation_msgs__rosidl_generator_pyExport.cmake
[34.313s] -- Installing: /home/sws/autoware/install/tier4_simulation_msgs/share/tier4_simulation_msgs/cmake/export_tier4_simulation_msgs__rosidl_generator_pyExport-release.cmake
[34.334s] Invoked command in '/home/sws/autoware/build/tier4_simulation_msgs' returned '0': CMAKE_PREFIX_PATH=/opt/ros/humble /usr/bin/cmake --install /home/sws/autoware/build/tier4_simulation_msgs
