[0.045s] Invoking command in '/home/sws/autoware/build/tier4_debug_tools': AMENT_PREFIX_PATH=/home/sws/autoware/install/motion_utils:/home/sws/autoware/install/interpolation:/home/sws/autoware/install/tier4_autoware_utils:/home/sws/autoware/install/autoware_auto_vehicle_msgs:/home/sws/autoware/install/autoware_cmake:/home/sws/autoware/install/autoware_auto_planning_msgs:/home/sws/autoware/install/autoware_auto_perception_msgs:/home/sws/autoware/install/tier4_debug_msgs:/home/sws/autoware/install/autoware_lint_common:/home/sws/autoware/install/autoware_auto_mapping_msgs:/home/sws/autoware/install/autoware_auto_geometry_msgs:${AMENT_PREFIX_PATH} CMAKE_PREFIX_PATH=/home/sws/autoware/install/motion_utils:/home/sws/autoware/install/interpolation:/home/sws/autoware/install/tier4_autoware_utils:/home/sws/autoware/install/autoware_auto_vehicle_msgs:/home/sws/autoware/install/autoware_cmake:/home/sws/autoware/install/autoware_auto_planning_msgs:/home/sws/autoware/install/autoware_auto_perception_msgs:/home/sws/autoware/install/tier4_debug_msgs:/home/sws/autoware/install/autoware_lint_common:/home/sws/autoware/install/autoware_auto_mapping_msgs:/home/sws/autoware/install/autoware_auto_geometry_msgs:/opt/ros/humble LD_LIBRARY_PATH=/home/sws/autoware/install/motion_utils/lib:/home/sws/autoware/install/interpolation/lib:/home/sws/autoware/install/tier4_autoware_utils/lib:/home/sws/autoware/install/autoware_auto_vehicle_msgs/lib:/home/sws/autoware/install/autoware_auto_planning_msgs/lib:/home/sws/autoware/install/autoware_auto_perception_msgs/lib:/home/sws/autoware/install/tier4_debug_msgs/lib:/home/sws/autoware/install/autoware_auto_mapping_msgs/lib:/home/sws/autoware/install/autoware_auto_geometry_msgs/lib:${LD_LIBRARY_PATH} PYTHONPATH=/home/sws/autoware/install/autoware_auto_vehicle_msgs/local/lib/python3.10/dist-packages:/home/sws/autoware/install/autoware_auto_planning_msgs/local/lib/python3.10/dist-packages:/home/sws/autoware/install/autoware_auto_perception_msgs/local/lib/python3.10/dist-packages:/home/sws/autoware/install/tier4_debug_msgs/local/lib/python3.10/dist-packages:/home/sws/autoware/install/autoware_auto_mapping_msgs/local/lib/python3.10/dist-packages:/home/sws/autoware/install/autoware_auto_geometry_msgs/local/lib/python3.10/dist-packages:${PYTHONPATH} /usr/bin/cmake /home/sws/autoware/src/universe/autoware.universe/common/tier4_debug_tools -DCMAKE_BUILD_TYPE=Release -DAMENT_CMAKE_SYMLINK_INSTALL=1 -DCMAKE_INSTALL_PREFIX=/home/sws/autoware/install/tier4_debug_tools
[8.431s] -- The C compiler identification is GNU 11.3.0
[8.431s] -- The CXX compiler identification is GNU 11.3.0
[8.431s] -- Detecting C compiler ABI info
[8.431s] -- Detecting C compiler ABI info - done
[8.431s] -- Check for working C compiler: /usr/bin/cc - skipped
[8.431s] -- Detecting C compile features
[8.431s] -- Detecting C compile features - done
[8.432s] -- Detecting CXX compiler ABI info
[8.432s] -- Detecting CXX compiler ABI info - done
[8.432s] -- Check for working CXX compiler: /usr/bin/c++ - skipped
[8.432s] -- Detecting CXX compile features
[8.432s] -- Detecting CXX compile features - done
[8.432s] -- Found autoware_cmake: 0.1.0 (/home/sws/autoware/install/autoware_cmake/share/autoware_cmake/cmake)
[8.432s] -- Found Python3: /usr/bin/python3.10 (found version "3.10.6") found components: Interpreter 
[8.432s] -- Override CMake install command with custom implementation using symlinks instead of copying resources
[8.432s] -- Found rosidl_generator_c: 3.1.4 (/opt/ros/humble/share/rosidl_generator_c/cmake)
[8.432s] -- Found rosidl_adapter: 3.1.4 (/opt/ros/humble/share/rosidl_adapter/cmake)
[8.432s] -- Found rosidl_generator_cpp: 3.1.4 (/opt/ros/humble/share/rosidl_generator_cpp/cmake)
[8.432s] -- Using all available rosidl_typesupport_c: rosidl_typesupport_fastrtps_c;rosidl_typesupport_introspection_c
[8.432s] -- Using all available rosidl_typesupport_cpp: rosidl_typesupport_fastrtps_cpp;rosidl_typesupport_introspection_cpp
[8.433s] -- Found rmw_implementation_cmake: 6.1.1 (/opt/ros/humble/share/rmw_implementation_cmake/cmake)
[8.433s] -- Found rmw_fastrtps_cpp: 6.2.2 (/opt/ros/humble/share/rmw_fastrtps_cpp/cmake)
[8.433s] -- Found OpenSSL: /usr/lib/x86_64-linux-gnu/libcrypto.so (found version "3.0.2")  
[8.433s] -- Found FastRTPS: /opt/ros/humble/include  
[8.433s] -- Using RMW implementation 'rmw_fastrtps_cpp' as default
[8.433s] -- Looking for pthread.h
[8.433s] -- Looking for pthread.h - found
[8.433s] -- Performing Test CMAKE_HAVE_LIBC_PTHREAD
[8.433s] -- Performing Test CMAKE_HAVE_LIBC_PTHREAD - Success
[8.433s] -- Found Threads: TRUE  
[8.433s] -- Found eigen3_cmake_module: 0.1.1 (/opt/ros/humble/share/eigen3_cmake_module/cmake)
[8.433s] -- Found Eigen3: TRUE (found version "3.4.0") 
[8.433s] -- Ensuring Eigen3 include directory is part of orocos-kdl CMake target
[8.434s] -- Found ament_lint_auto: 0.12.5 (/opt/ros/humble/share/ament_lint_auto/cmake)
[10.715s] -- Added test 'copyright' to check source files copyright and LICENSE
[10.717s] -- Added test 'cppcheck' to perform static code analysis on C / C++ code
[10.718s] -- Configured cppcheck include dirs: /home/sws/autoware/src/universe/autoware.universe/common/tier4_debug_tools/include
[10.718s] -- Configured cppcheck exclude dirs and/or files: 
[10.719s] -- Added test 'lint_cmake' to check CMake code style
[10.720s] -- Added test 'xmllint' to check XML markup files
[10.725s] -- Configuring done
[10.786s] -- Generating done
[10.789s] -- Build files have been written to: /home/sws/autoware/build/tier4_debug_tools
[10.813s] Invoked command in '/home/sws/autoware/build/tier4_debug_tools' returned '0': AMENT_PREFIX_PATH=/home/sws/autoware/install/motion_utils:/home/sws/autoware/install/interpolation:/home/sws/autoware/install/tier4_autoware_utils:/home/sws/autoware/install/autoware_auto_vehicle_msgs:/home/sws/autoware/install/autoware_cmake:/home/sws/autoware/install/autoware_auto_planning_msgs:/home/sws/autoware/install/autoware_auto_perception_msgs:/home/sws/autoware/install/tier4_debug_msgs:/home/sws/autoware/install/autoware_lint_common:/home/sws/autoware/install/autoware_auto_mapping_msgs:/home/sws/autoware/install/autoware_auto_geometry_msgs:${AMENT_PREFIX_PATH} CMAKE_PREFIX_PATH=/home/sws/autoware/install/motion_utils:/home/sws/autoware/install/interpolation:/home/sws/autoware/install/tier4_autoware_utils:/home/sws/autoware/install/autoware_auto_vehicle_msgs:/home/sws/autoware/install/autoware_cmake:/home/sws/autoware/install/autoware_auto_planning_msgs:/home/sws/autoware/install/autoware_auto_perception_msgs:/home/sws/autoware/install/tier4_debug_msgs:/home/sws/autoware/install/autoware_lint_common:/home/sws/autoware/install/autoware_auto_mapping_msgs:/home/sws/autoware/install/autoware_auto_geometry_msgs:/opt/ros/humble LD_LIBRARY_PATH=/home/sws/autoware/install/motion_utils/lib:/home/sws/autoware/install/interpolation/lib:/home/sws/autoware/install/tier4_autoware_utils/lib:/home/sws/autoware/install/autoware_auto_vehicle_msgs/lib:/home/sws/autoware/install/autoware_auto_planning_msgs/lib:/home/sws/autoware/install/autoware_auto_perception_msgs/lib:/home/sws/autoware/install/tier4_debug_msgs/lib:/home/sws/autoware/install/autoware_auto_mapping_msgs/lib:/home/sws/autoware/install/autoware_auto_geometry_msgs/lib:${LD_LIBRARY_PATH} PYTHONPATH=/home/sws/autoware/install/autoware_auto_vehicle_msgs/local/lib/python3.10/dist-packages:/home/sws/autoware/install/autoware_auto_planning_msgs/local/lib/python3.10/dist-packages:/home/sws/autoware/install/autoware_auto_perception_msgs/local/lib/python3.10/dist-packages:/home/sws/autoware/install/tier4_debug_msgs/local/lib/python3.10/dist-packages:/home/sws/autoware/install/autoware_auto_mapping_msgs/local/lib/python3.10/dist-packages:/home/sws/autoware/install/autoware_auto_geometry_msgs/local/lib/python3.10/dist-packages:${PYTHONPATH} /usr/bin/cmake /home/sws/autoware/src/universe/autoware.universe/common/tier4_debug_tools -DCMAKE_BUILD_TYPE=Release -DAMENT_CMAKE_SYMLINK_INSTALL=1 -DCMAKE_INSTALL_PREFIX=/home/sws/autoware/install/tier4_debug_tools
[10.814s] Invoking command in '/home/sws/autoware/build/tier4_debug_tools': AMENT_PREFIX_PATH=/home/sws/autoware/install/motion_utils:/home/sws/autoware/install/interpolation:/home/sws/autoware/install/tier4_autoware_utils:/home/sws/autoware/install/autoware_auto_vehicle_msgs:/home/sws/autoware/install/autoware_cmake:/home/sws/autoware/install/autoware_auto_planning_msgs:/home/sws/autoware/install/autoware_auto_perception_msgs:/home/sws/autoware/install/tier4_debug_msgs:/home/sws/autoware/install/autoware_lint_common:/home/sws/autoware/install/autoware_auto_mapping_msgs:/home/sws/autoware/install/autoware_auto_geometry_msgs:${AMENT_PREFIX_PATH} CMAKE_PREFIX_PATH=/home/sws/autoware/install/motion_utils:/home/sws/autoware/install/interpolation:/home/sws/autoware/install/tier4_autoware_utils:/home/sws/autoware/install/autoware_auto_vehicle_msgs:/home/sws/autoware/install/autoware_cmake:/home/sws/autoware/install/autoware_auto_planning_msgs:/home/sws/autoware/install/autoware_auto_perception_msgs:/home/sws/autoware/install/tier4_debug_msgs:/home/sws/autoware/install/autoware_lint_common:/home/sws/autoware/install/autoware_auto_mapping_msgs:/home/sws/autoware/install/autoware_auto_geometry_msgs:/opt/ros/humble LD_LIBRARY_PATH=/home/sws/autoware/install/motion_utils/lib:/home/sws/autoware/install/interpolation/lib:/home/sws/autoware/install/tier4_autoware_utils/lib:/home/sws/autoware/install/autoware_auto_vehicle_msgs/lib:/home/sws/autoware/install/autoware_auto_planning_msgs/lib:/home/sws/autoware/install/autoware_auto_perception_msgs/lib:/home/sws/autoware/install/tier4_debug_msgs/lib:/home/sws/autoware/install/autoware_auto_mapping_msgs/lib:/home/sws/autoware/install/autoware_auto_geometry_msgs/lib:${LD_LIBRARY_PATH} PYTHONPATH=/home/sws/autoware/install/autoware_auto_vehicle_msgs/local/lib/python3.10/dist-packages:/home/sws/autoware/install/autoware_auto_planning_msgs/local/lib/python3.10/dist-packages:/home/sws/autoware/install/autoware_auto_perception_msgs/local/lib/python3.10/dist-packages:/home/sws/autoware/install/tier4_debug_msgs/local/lib/python3.10/dist-packages:/home/sws/autoware/install/autoware_auto_mapping_msgs/local/lib/python3.10/dist-packages:/home/sws/autoware/install/autoware_auto_geometry_msgs/local/lib/python3.10/dist-packages:${PYTHONPATH} /usr/bin/cmake --build /home/sws/autoware/build/tier4_debug_tools -- -j16 -l16
[50.281s] [ 25%] [32mBuilding CXX object CMakeFiles/lateral_error_publisher.dir/src/lateral_error_publisher.cpp.o[0m
[50.282s] [ 50%] [32m[1mLinking CXX shared library liblateral_error_publisher.so[0m
[50.282s] [ 50%] Built target lateral_error_publisher
[50.304s] [ 75%] [32mBuilding CXX object CMakeFiles/lateral_error_publisher_node.dir/rclcpp_components/node_main_lateral_error_publisher_node.cpp.o[0m
[50.304s] [100%] [32m[1mLinking CXX executable lateral_error_publisher_node[0m
[50.304s] [100%] Built target lateral_error_publisher_node
[50.316s] Invoked command in '/home/sws/autoware/build/tier4_debug_tools' returned '0': AMENT_PREFIX_PATH=/home/sws/autoware/install/motion_utils:/home/sws/autoware/install/interpolation:/home/sws/autoware/install/tier4_autoware_utils:/home/sws/autoware/install/autoware_auto_vehicle_msgs:/home/sws/autoware/install/autoware_cmake:/home/sws/autoware/install/autoware_auto_planning_msgs:/home/sws/autoware/install/autoware_auto_perception_msgs:/home/sws/autoware/install/tier4_debug_msgs:/home/sws/autoware/install/autoware_lint_common:/home/sws/autoware/install/autoware_auto_mapping_msgs:/home/sws/autoware/install/autoware_auto_geometry_msgs:${AMENT_PREFIX_PATH} CMAKE_PREFIX_PATH=/home/sws/autoware/install/motion_utils:/home/sws/autoware/install/interpolation:/home/sws/autoware/install/tier4_autoware_utils:/home/sws/autoware/install/autoware_auto_vehicle_msgs:/home/sws/autoware/install/autoware_cmake:/home/sws/autoware/install/autoware_auto_planning_msgs:/home/sws/autoware/install/autoware_auto_perception_msgs:/home/sws/autoware/install/tier4_debug_msgs:/home/sws/autoware/install/autoware_lint_common:/home/sws/autoware/install/autoware_auto_mapping_msgs:/home/sws/autoware/install/autoware_auto_geometry_msgs:/opt/ros/humble LD_LIBRARY_PATH=/home/sws/autoware/install/motion_utils/lib:/home/sws/autoware/install/interpolation/lib:/home/sws/autoware/install/tier4_autoware_utils/lib:/home/sws/autoware/install/autoware_auto_vehicle_msgs/lib:/home/sws/autoware/install/autoware_auto_planning_msgs/lib:/home/sws/autoware/install/autoware_auto_perception_msgs/lib:/home/sws/autoware/install/tier4_debug_msgs/lib:/home/sws/autoware/install/autoware_auto_mapping_msgs/lib:/home/sws/autoware/install/autoware_auto_geometry_msgs/lib:${LD_LIBRARY_PATH} PYTHONPATH=/home/sws/autoware/install/autoware_auto_vehicle_msgs/local/lib/python3.10/dist-packages:/home/sws/autoware/install/autoware_auto_planning_msgs/local/lib/python3.10/dist-packages:/home/sws/autoware/install/autoware_auto_perception_msgs/local/lib/python3.10/dist-packages:/home/sws/autoware/install/tier4_debug_msgs/local/lib/python3.10/dist-packages:/home/sws/autoware/install/autoware_auto_mapping_msgs/local/lib/python3.10/dist-packages:/home/sws/autoware/install/autoware_auto_geometry_msgs/local/lib/python3.10/dist-packages:${PYTHONPATH} /usr/bin/cmake --build /home/sws/autoware/build/tier4_debug_tools -- -j16 -l16
[50.668s] Invoking command in '/home/sws/autoware/build/tier4_debug_tools': AMENT_PREFIX_PATH=/home/sws/autoware/install/motion_utils:/home/sws/autoware/install/interpolation:/home/sws/autoware/install/tier4_autoware_utils:/home/sws/autoware/install/autoware_auto_vehicle_msgs:/home/sws/autoware/install/autoware_cmake:/home/sws/autoware/install/autoware_auto_planning_msgs:/home/sws/autoware/install/autoware_auto_perception_msgs:/home/sws/autoware/install/tier4_debug_msgs:/home/sws/autoware/install/autoware_lint_common:/home/sws/autoware/install/autoware_auto_mapping_msgs:/home/sws/autoware/install/autoware_auto_geometry_msgs:${AMENT_PREFIX_PATH} CMAKE_PREFIX_PATH=/home/sws/autoware/install/motion_utils:/home/sws/autoware/install/interpolation:/home/sws/autoware/install/tier4_autoware_utils:/home/sws/autoware/install/autoware_auto_vehicle_msgs:/home/sws/autoware/install/autoware_cmake:/home/sws/autoware/install/autoware_auto_planning_msgs:/home/sws/autoware/install/autoware_auto_perception_msgs:/home/sws/autoware/install/tier4_debug_msgs:/home/sws/autoware/install/autoware_lint_common:/home/sws/autoware/install/autoware_auto_mapping_msgs:/home/sws/autoware/install/autoware_auto_geometry_msgs:/opt/ros/humble LD_LIBRARY_PATH=/home/sws/autoware/install/motion_utils/lib:/home/sws/autoware/install/interpolation/lib:/home/sws/autoware/install/tier4_autoware_utils/lib:/home/sws/autoware/install/autoware_auto_vehicle_msgs/lib:/home/sws/autoware/install/autoware_auto_planning_msgs/lib:/home/sws/autoware/install/autoware_auto_perception_msgs/lib:/home/sws/autoware/install/tier4_debug_msgs/lib:/home/sws/autoware/install/autoware_auto_mapping_msgs/lib:/home/sws/autoware/install/autoware_auto_geometry_msgs/lib:${LD_LIBRARY_PATH} PYTHONPATH=/home/sws/autoware/install/autoware_auto_vehicle_msgs/local/lib/python3.10/dist-packages:/home/sws/autoware/install/autoware_auto_planning_msgs/local/lib/python3.10/dist-packages:/home/sws/autoware/install/autoware_auto_perception_msgs/local/lib/python3.10/dist-packages:/home/sws/autoware/install/tier4_debug_msgs/local/lib/python3.10/dist-packages:/home/sws/autoware/install/autoware_auto_mapping_msgs/local/lib/python3.10/dist-packages:/home/sws/autoware/install/autoware_auto_geometry_msgs/local/lib/python3.10/dist-packages:${PYTHONPATH} /usr/bin/cmake --install /home/sws/autoware/build/tier4_debug_tools
[79.240s] -- Install configuration: "Release"
[79.240s] -- Execute custom install script
[79.240s] -- Symlinking: /home/sws/autoware/install/tier4_debug_tools/lib/tier4_debug_tools/lateral_error_publisher_node
[79.240s] -- Symlinking: /home/sws/autoware/install/tier4_debug_tools/include/tier4_debug_tools/lateral_error_publisher.hpp
[79.240s] -- Symlinking: /home/sws/autoware/install/tier4_debug_tools/share/tier4_debug_tools/environment/library_path.sh
[79.240s] -- Symlinking: /home/sws/autoware/install/tier4_debug_tools/share/tier4_debug_tools/environment/library_path.dsv
[79.240s] -- Symlinking: /home/sws/autoware/install/tier4_debug_tools/lib/liblateral_error_publisher.so
[79.240s] -- Symlinking: /home/sws/autoware/install/tier4_debug_tools/share/tier4_debug_tools/config/lateral_error_publisher.param.yaml
[79.240s] -- Symlinking: /home/sws/autoware/install/tier4_debug_tools/share/tier4_debug_tools/launch/lateral_error_publisher.launch.xml
[79.241s] -- Symlinking: /home/sws/autoware/install/tier4_debug_tools/share/ament_index/resource_index/package_run_dependencies/tier4_debug_tools
[79.241s] -- Symlinking: /home/sws/autoware/install/tier4_debug_tools/share/ament_index/resource_index/parent_prefix_path/tier4_debug_tools
[79.241s] -- Symlinking: /home/sws/autoware/install/tier4_debug_tools/share/tier4_debug_tools/environment/ament_prefix_path.sh
[79.241s] -- Symlinking: /home/sws/autoware/install/tier4_debug_tools/share/tier4_debug_tools/environment/ament_prefix_path.dsv
[79.241s] -- Symlinking: /home/sws/autoware/install/tier4_debug_tools/share/tier4_debug_tools/environment/path.sh
[79.241s] -- Symlinking: /home/sws/autoware/install/tier4_debug_tools/share/tier4_debug_tools/environment/path.dsv
[79.241s] -- Symlinking: /home/sws/autoware/install/tier4_debug_tools/share/tier4_debug_tools/local_setup.bash
[79.241s] -- Symlinking: /home/sws/autoware/install/tier4_debug_tools/share/tier4_debug_tools/local_setup.sh
[79.241s] -- Symlinking: /home/sws/autoware/install/tier4_debug_tools/share/tier4_debug_tools/local_setup.zsh
[79.241s] -- Symlinking: /home/sws/autoware/install/tier4_debug_tools/share/tier4_debug_tools/local_setup.dsv
[79.242s] -- Symlinking: /home/sws/autoware/install/tier4_debug_tools/share/tier4_debug_tools/package.dsv
[79.242s] -- Symlinking: /home/sws/autoware/install/tier4_debug_tools/share/ament_index/resource_index/packages/tier4_debug_tools
[79.242s] -- Symlinking: /home/sws/autoware/install/tier4_debug_tools/share/ament_index/resource_index/rclcpp_components/tier4_debug_tools
[79.242s] -- Symlinking: /home/sws/autoware/install/tier4_debug_tools/share/tier4_debug_tools/cmake/ament_cmake_export_dependencies-extras.cmake
[79.242s] -- Symlinking: /home/sws/autoware/install/tier4_debug_tools/share/tier4_debug_tools/cmake/ament_cmake_export_include_directories-extras.cmake
[79.242s] -- Symlinking: /home/sws/autoware/install/tier4_debug_tools/share/tier4_debug_tools/cmake/ament_cmake_export_libraries-extras.cmake
[79.242s] -- Symlinking: /home/sws/autoware/install/tier4_debug_tools/share/tier4_debug_tools/cmake/tier4_debug_toolsConfig.cmake
[79.242s] -- Symlinking: /home/sws/autoware/install/tier4_debug_tools/share/tier4_debug_tools/cmake/tier4_debug_toolsConfig-version.cmake
[79.242s] -- Symlinking: /home/sws/autoware/install/tier4_debug_tools/share/tier4_debug_tools/package.xml
[79.242s] -- Symlinking: /home/sws/autoware/install/tier4_debug_tools/lib/tier4_debug_tools/stop_reason2pose.py
[79.243s] -- Symlinking: /home/sws/autoware/install/tier4_debug_tools/lib/tier4_debug_tools/pose2tf.py
[79.243s] -- Symlinking: /home/sws/autoware/install/tier4_debug_tools/lib/tier4_debug_tools/tf2pose.py
[79.243s] -- Symlinking: /home/sws/autoware/install/tier4_debug_tools/lib/tier4_debug_tools/case_converter.py
[79.243s] -- Symlinking: /home/sws/autoware/install/tier4_debug_tools/lib/tier4_debug_tools/self_pose_listener.py
[79.243s] -- Symlinking: /home/sws/autoware/install/tier4_debug_tools/lib/tier4_debug_tools/stop_reason2tf
[79.344s] Invoked command in '/home/sws/autoware/build/tier4_debug_tools' returned '0': AMENT_PREFIX_PATH=/home/sws/autoware/install/motion_utils:/home/sws/autoware/install/interpolation:/home/sws/autoware/install/tier4_autoware_utils:/home/sws/autoware/install/autoware_auto_vehicle_msgs:/home/sws/autoware/install/autoware_cmake:/home/sws/autoware/install/autoware_auto_planning_msgs:/home/sws/autoware/install/autoware_auto_perception_msgs:/home/sws/autoware/install/tier4_debug_msgs:/home/sws/autoware/install/autoware_lint_common:/home/sws/autoware/install/autoware_auto_mapping_msgs:/home/sws/autoware/install/autoware_auto_geometry_msgs:${AMENT_PREFIX_PATH} CMAKE_PREFIX_PATH=/home/sws/autoware/install/motion_utils:/home/sws/autoware/install/interpolation:/home/sws/autoware/install/tier4_autoware_utils:/home/sws/autoware/install/autoware_auto_vehicle_msgs:/home/sws/autoware/install/autoware_cmake:/home/sws/autoware/install/autoware_auto_planning_msgs:/home/sws/autoware/install/autoware_auto_perception_msgs:/home/sws/autoware/install/tier4_debug_msgs:/home/sws/autoware/install/autoware_lint_common:/home/sws/autoware/install/autoware_auto_mapping_msgs:/home/sws/autoware/install/autoware_auto_geometry_msgs:/opt/ros/humble LD_LIBRARY_PATH=/home/sws/autoware/install/motion_utils/lib:/home/sws/autoware/install/interpolation/lib:/home/sws/autoware/install/tier4_autoware_utils/lib:/home/sws/autoware/install/autoware_auto_vehicle_msgs/lib:/home/sws/autoware/install/autoware_auto_planning_msgs/lib:/home/sws/autoware/install/autoware_auto_perception_msgs/lib:/home/sws/autoware/install/tier4_debug_msgs/lib:/home/sws/autoware/install/autoware_auto_mapping_msgs/lib:/home/sws/autoware/install/autoware_auto_geometry_msgs/lib:${LD_LIBRARY_PATH} PYTHONPATH=/home/sws/autoware/install/autoware_auto_vehicle_msgs/local/lib/python3.10/dist-packages:/home/sws/autoware/install/autoware_auto_planning_msgs/local/lib/python3.10/dist-packages:/home/sws/autoware/install/autoware_auto_perception_msgs/local/lib/python3.10/dist-packages:/home/sws/autoware/install/tier4_debug_msgs/local/lib/python3.10/dist-packages:/home/sws/autoware/install/autoware_auto_mapping_msgs/local/lib/python3.10/dist-packages:/home/sws/autoware/install/autoware_auto_geometry_msgs/local/lib/python3.10/dist-packages:${PYTHONPATH} /usr/bin/cmake --install /home/sws/autoware/build/tier4_debug_tools
