[0.008s] Invoking command in '/home/sws/autoware/build/autoware_point_types': AMENT_PREFIX_PATH=/home/sws/autoware/install/autoware_cmake:/home/sws/autoware/install/autoware_lint_common:${AMENT_PREFIX_PATH} CMAKE_PREFIX_PATH=/home/sws/autoware/install/autoware_cmake:/home/sws/autoware/install/autoware_lint_common:/opt/ros/humble /usr/bin/cmake /home/sws/autoware/src/universe/autoware.universe/common/autoware_point_types -DCMAKE_BUILD_TYPE=Release -DAMENT_CMAKE_SYMLINK_INSTALL=1 -DCMAKE_INSTALL_PREFIX=/home/sws/autoware/install/autoware_point_types
[10.403s] -- The C compiler identification is GNU 11.3.0
[10.403s] -- The CXX compiler identification is GNU 11.3.0
[10.403s] -- Detecting C compiler ABI info
[10.403s] -- Detecting C compiler ABI info - done
[10.403s] -- Check for working C compiler: /usr/bin/cc - skipped
[10.403s] -- Detecting C compile features
[10.404s] -- Detecting C compile features - done
[10.407s] -- Detecting CXX compiler ABI info
[10.408s] -- Detecting CXX compiler ABI info - done
[10.408s] -- Check for working CXX compiler: /usr/bin/c++ - skipped
[10.408s] -- Detecting CXX compile features
[10.408s] -- Detecting CXX compile features - done
[10.408s] -- Found autoware_cmake: 0.1.0 (/home/sws/autoware/install/autoware_cmake/share/autoware_cmake/cmake)
[10.408s] -- Found Python3: /usr/bin/python3.10 (found version "3.10.6") found components: Interpreter 
[10.408s] -- Override CMake install command with custom implementation using symlinks instead of copying resources
[10.408s] -- Found rosidl_generator_c: 3.1.4 (/opt/ros/humble/share/rosidl_generator_c/cmake)
[10.408s] -- Found rosidl_adapter: 3.1.4 (/opt/ros/humble/share/rosidl_adapter/cmake)
[10.409s] -- Found rosidl_generator_cpp: 3.1.4 (/opt/ros/humble/share/rosidl_generator_cpp/cmake)
[10.409s] -- Using all available rosidl_typesupport_c: rosidl_typesupport_fastrtps_c;rosidl_typesupport_introspection_c
[10.409s] -- Using all available rosidl_typesupport_cpp: rosidl_typesupport_fastrtps_cpp;rosidl_typesupport_introspection_cpp
[10.409s] -- Found rmw_implementation_cmake: 6.1.1 (/opt/ros/humble/share/rmw_implementation_cmake/cmake)
[10.409s] -- Found rmw_fastrtps_cpp: 6.2.2 (/opt/ros/humble/share/rmw_fastrtps_cpp/cmake)
[10.409s] -- Found OpenSSL: /usr/lib/x86_64-linux-gnu/libcrypto.so (found version "3.0.2")  
[10.409s] -- Found FastRTPS: /opt/ros/humble/include  
[10.410s] -- Using RMW implementation 'rmw_fastrtps_cpp' as default
[10.410s] -- Looking for pthread.h
[10.410s] -- Looking for pthread.h - found
[10.410s] -- Performing Test CMAKE_HAVE_LIBC_PTHREAD
[10.410s] -- Performing Test CMAKE_HAVE_LIBC_PTHREAD - Success
[10.410s] -- Found Threads: TRUE  
[10.410s] -- Found eigen3_cmake_module: 0.1.1 (/opt/ros/humble/share/eigen3_cmake_module/cmake)
[10.410s] -- Found Eigen3: TRUE (found version "3.4.0") 
[10.410s] -- Ensuring Eigen3 include directory is part of orocos-kdl CMake target
[10.410s] -- Checking for module 'eigen3'
[10.410s] --   Found eigen3, version 3.4.0
[10.411s] -- Found Eigen: /usr/include/eigen3 (Required is at least version "3.1") 
[10.411s] -- Eigen found (include: /usr/include/eigen3, version: 3.4.0)
[10.411s] -- Checking for module 'flann'
[10.411s] --   Found flann, version 1.9.1
[10.411s] -- Found FLANN: /usr/lib/x86_64-linux-gnu/libflann_cpp.so  
[10.411s] -- FLANN found (include: /usr/include, lib: /usr/lib/x86_64-linux-gnu/libflann_cpp.so)
[10.411s] -- Checking for module 'libusb-1.0'
[10.411s] --   Found libusb-1.0, version 1.0.25
[10.411s] -- Found libusb: /usr/lib/x86_64-linux-gnu/libusb-1.0.so  
[10.411s] -- OpenNI found (version: 1.5.4.0, include: /usr/include/ni, lib: /usr/lib/libOpenNI.so;libusb::libusb)
[10.411s] -- OpenNI2 found (version: 2.2.0.33, include: /usr/include/openni2, lib: /usr/lib/x86_64-linux-gnu/libOpenNI2.so;libusb::libusb)
[10.412s] -- Eigen found (include: /usr/include/eigen3, version: 3.4.0)
[10.412s] -- OpenNI found (version: 1.5.4.0, include: /usr/include/ni, lib: /usr/lib/libOpenNI.so;libusb::libusb)
[10.412s] -- OpenNI2 found (version: 2.2.0.33, include: /usr/include/openni2, lib: /usr/lib/x86_64-linux-gnu/libOpenNI2.so;libusb::libusb)
[10.412s] -- Found Qhull version 8.0.2
[10.412s] -- OpenNI found (version: 1.5.4.0, include: /usr/include/ni, lib: /usr/lib/libOpenNI.so;libusb::libusb)
[10.412s] -- Found PCL_COMMON: /usr/lib/x86_64-linux-gnu/libpcl_common.so  
[10.412s] -- Found PCL_KDTREE: /usr/lib/x86_64-linux-gnu/libpcl_kdtree.so  
[10.412s] -- Found PCL_OCTREE: /usr/lib/x86_64-linux-gnu/libpcl_octree.so  
[10.412s] -- Found PCL_SEARCH: /usr/lib/x86_64-linux-gnu/libpcl_search.so  
[10.412s] -- Found PCL_SAMPLE_CONSENSUS: /usr/lib/x86_64-linux-gnu/libpcl_sample_consensus.so  
[10.413s] -- Found PCL_FILTERS: /usr/lib/x86_64-linux-gnu/libpcl_filters.so  
[10.413s] -- Found PCL_2D: /usr/include/pcl-1.12  
[10.413s] -- Found PCL_GEOMETRY: /usr/include/pcl-1.12  
[10.413s] -- Found PCL_IO: /usr/lib/x86_64-linux-gnu/libpcl_io.so  
[10.413s] -- Found PCL_FEATURES: /usr/lib/x86_64-linux-gnu/libpcl_features.so  
[10.413s] -- Found PCL_ML: /usr/lib/x86_64-linux-gnu/libpcl_ml.so  
[10.414s] -- Found PCL_SEGMENTATION: /usr/lib/x86_64-linux-gnu/libpcl_segmentation.so  
[10.414s] -- Found PCL_VISUALIZATION: /usr/lib/x86_64-linux-gnu/libpcl_visualization.so  
[10.415s] -- Found PCL_SURFACE: /usr/lib/x86_64-linux-gnu/libpcl_surface.so  
[10.415s] -- Found PCL_REGISTRATION: /usr/lib/x86_64-linux-gnu/libpcl_registration.so  
[10.416s] -- Found PCL_KEYPOINTS: /usr/lib/x86_64-linux-gnu/libpcl_keypoints.so  
[10.417s] -- Found PCL_TRACKING: /usr/lib/x86_64-linux-gnu/libpcl_tracking.so  
[10.417s] -- Found PCL_RECOGNITION: /usr/lib/x86_64-linux-gnu/libpcl_recognition.so  
[10.417s] -- Found PCL_STEREO: /usr/lib/x86_64-linux-gnu/libpcl_stereo.so  
[10.417s] -- Found PCL_APPS: /usr/lib/x86_64-linux-gnu/libpcl_apps.so  
[10.417s] -- Found PCL_IN_HAND_SCANNER: /usr/include/pcl-1.12  
[10.417s] -- Found PCL_MODELER: /usr/include/pcl-1.12  
[10.417s] -- Found PCL_POINT_CLOUD_EDITOR: /usr/include/pcl-1.12  
[10.417s] -- Found PCL_OUTOFCORE: /usr/lib/x86_64-linux-gnu/libpcl_outofcore.so  
[10.418s] -- Found PCL_PEOPLE: /usr/lib/x86_64-linux-gnu/libpcl_people.so  
[10.418s] -- Found ament_lint_auto: 0.12.5 (/opt/ros/humble/share/ament_lint_auto/cmake)
[10.418s] -- Found gtest sources under '/opt/ros/humble/src/gtest_vendor': C++ tests using 'Google Test' will be built
[10.418s] -- Added test 'copyright' to check source files copyright and LICENSE
[10.418s] -- Added test 'cppcheck' to perform static code analysis on C / C++ code
[10.418s] -- Configured cppcheck include dirs: /home/sws/autoware/src/universe/autoware.universe/common/autoware_point_types/include
[10.418s] -- Configured cppcheck exclude dirs and/or files: 
[10.418s] -- Added test 'lint_cmake' to check CMake code style
[10.418s] -- Added test 'xmllint' to check XML markup files
[10.418s] -- Configuring done
[10.418s] -- Generating done
[10.418s] -- Build files have been written to: /home/sws/autoware/build/autoware_point_types
[10.450s] Invoked command in '/home/sws/autoware/build/autoware_point_types' returned '0': AMENT_PREFIX_PATH=/home/sws/autoware/install/autoware_cmake:/home/sws/autoware/install/autoware_lint_common:${AMENT_PREFIX_PATH} CMAKE_PREFIX_PATH=/home/sws/autoware/install/autoware_cmake:/home/sws/autoware/install/autoware_lint_common:/opt/ros/humble /usr/bin/cmake /home/sws/autoware/src/universe/autoware.universe/common/autoware_point_types -DCMAKE_BUILD_TYPE=Release -DAMENT_CMAKE_SYMLINK_INSTALL=1 -DCMAKE_INSTALL_PREFIX=/home/sws/autoware/install/autoware_point_types
[10.454s] Invoking command in '/home/sws/autoware/build/autoware_point_types': AMENT_PREFIX_PATH=/home/sws/autoware/install/autoware_cmake:/home/sws/autoware/install/autoware_lint_common:${AMENT_PREFIX_PATH} CMAKE_PREFIX_PATH=/home/sws/autoware/install/autoware_cmake:/home/sws/autoware/install/autoware_lint_common:/opt/ros/humble /usr/bin/cmake --build /home/sws/autoware/build/autoware_point_types -- -j16 -l16
[10.910s] [ 16%] [32mBuilding CXX object gtest/CMakeFiles/gtest_main.dir/src/gtest_main.cc.o[0m
[11.997s] [ 33%] [32m[1mLinking CXX static library libgtest_main.a[0m
[12.043s] [ 33%] Built target gtest_main
[12.069s] [ 50%] [32mBuilding CXX object gtest/CMakeFiles/gtest.dir/src/gtest-all.cc.o[0m
[24.825s] [ 66%] [32m[1mLinking CXX static library libgtest.a[0m
[24.869s] [ 66%] Built target gtest
[24.893s] [ 83%] [32mBuilding CXX object CMakeFiles/test_autoware_point_types.dir/test/test_point_types.cpp.o[0m
[28.882s] [100%] [32m[1mLinking CXX executable test_autoware_point_types[0m
[29.024s] [100%] Built target test_autoware_point_types
[29.037s] Invoked command in '/home/sws/autoware/build/autoware_point_types' returned '0': AMENT_PREFIX_PATH=/home/sws/autoware/install/autoware_cmake:/home/sws/autoware/install/autoware_lint_common:${AMENT_PREFIX_PATH} CMAKE_PREFIX_PATH=/home/sws/autoware/install/autoware_cmake:/home/sws/autoware/install/autoware_lint_common:/opt/ros/humble /usr/bin/cmake --build /home/sws/autoware/build/autoware_point_types -- -j16 -l16
[29.102s] Invoking command in '/home/sws/autoware/build/autoware_point_types': AMENT_PREFIX_PATH=/home/sws/autoware/install/autoware_cmake:/home/sws/autoware/install/autoware_lint_common:${AMENT_PREFIX_PATH} CMAKE_PREFIX_PATH=/home/sws/autoware/install/autoware_cmake:/home/sws/autoware/install/autoware_lint_common:/opt/ros/humble /usr/bin/cmake --install /home/sws/autoware/build/autoware_point_types
[48.508s] -- Install configuration: "Release"
[48.509s] -- Execute custom install script
[48.510s] -- Symlinking: /home/sws/autoware/install/autoware_point_types/include/autoware_point_types/types.hpp
[48.510s] -- Symlinking: /home/sws/autoware/install/autoware_point_types/share/ament_index/resource_index/package_run_dependencies/autoware_point_types
[48.510s] -- Symlinking: /home/sws/autoware/install/autoware_point_types/share/ament_index/resource_index/parent_prefix_path/autoware_point_types
[48.511s] -- Symlinking: /home/sws/autoware/install/autoware_point_types/share/autoware_point_types/environment/ament_prefix_path.sh
[48.511s] -- Symlinking: /home/sws/autoware/install/autoware_point_types/share/autoware_point_types/environment/ament_prefix_path.dsv
[48.511s] -- Symlinking: /home/sws/autoware/install/autoware_point_types/share/autoware_point_types/environment/path.sh
[48.511s] -- Symlinking: /home/sws/autoware/install/autoware_point_types/share/autoware_point_types/environment/path.dsv
[48.511s] -- Symlinking: /home/sws/autoware/install/autoware_point_types/share/autoware_point_types/local_setup.bash
[48.511s] -- Symlinking: /home/sws/autoware/install/autoware_point_types/share/autoware_point_types/local_setup.sh
[48.511s] -- Symlinking: /home/sws/autoware/install/autoware_point_types/share/autoware_point_types/local_setup.zsh
[48.511s] -- Symlinking: /home/sws/autoware/install/autoware_point_types/share/autoware_point_types/local_setup.dsv
[48.512s] -- Symlinking: /home/sws/autoware/install/autoware_point_types/share/autoware_point_types/package.dsv
[48.512s] -- Symlinking: /home/sws/autoware/install/autoware_point_types/share/ament_index/resource_index/packages/autoware_point_types
[48.512s] -- Symlinking: /home/sws/autoware/install/autoware_point_types/share/autoware_point_types/cmake/ament_cmake_export_dependencies-extras.cmake
[48.512s] -- Symlinking: /home/sws/autoware/install/autoware_point_types/share/autoware_point_types/cmake/ament_cmake_export_include_directories-extras.cmake
[48.512s] -- Symlinking: /home/sws/autoware/install/autoware_point_types/share/autoware_point_types/cmake/autoware_point_typesConfig.cmake
[48.512s] -- Symlinking: /home/sws/autoware/install/autoware_point_types/share/autoware_point_types/cmake/autoware_point_typesConfig-version.cmake
[48.512s] -- Symlinking: /home/sws/autoware/install/autoware_point_types/share/autoware_point_types/package.xml
[48.551s] Invoked command in '/home/sws/autoware/build/autoware_point_types' returned '0': AMENT_PREFIX_PATH=/home/sws/autoware/install/autoware_cmake:/home/sws/autoware/install/autoware_lint_common:${AMENT_PREFIX_PATH} CMAKE_PREFIX_PATH=/home/sws/autoware/install/autoware_cmake:/home/sws/autoware/install/autoware_lint_common:/opt/ros/humble /usr/bin/cmake --install /home/sws/autoware/build/autoware_point_types
