-- The C compiler identification is GNU 11.3.0
-- The CXX compiler identification is GNU 11.3.0
-- Detecting C compiler ABI info
-- Detecting C compiler ABI info - done
-- Check for working C compiler: /usr/bin/cc - skipped
-- Detecting C compile features
-- Detecting C compile features - done
-- Detecting CXX compiler ABI info
-- Detecting CXX compiler ABI info - done
-- Check for working CXX compiler: /usr/bin/c++ - skipped
-- Detecting CXX compile features
-- Detecting CXX compile features - done
-- Found ament_cmake_auto: 1.3.3 (/opt/ros/humble/share/ament_cmake_auto/cmake)
-- Found Python3: /usr/bin/python3.10 (found version "3.10.6") found components: Interpreter 
-- Override CMake install command with custom implementation using symlinks instead of copying resources
-- Configuring done
-- Generating done
-- Build files have been written to: /home/sws/autoware/build/sample_vehicle_description
-- Install configuration: "Release"
-- Execute custom install script
-- Symlinking: /home/sws/autoware/install/sample_vehicle_description/share/sample_vehicle_description/mesh/lexus.dae
-- Symlinking: /home/sws/autoware/install/sample_vehicle_description/share/sample_vehicle_description/mesh/lexus.jpg
-- Symlinking: /home/sws/autoware/install/sample_vehicle_description/share/sample_vehicle_description/urdf/vehicle.xacro
-- Symlinking: /home/sws/autoware/install/sample_vehicle_description/share/sample_vehicle_description/config/mirror.param.yaml
-- Symlinking: /home/sws/autoware/install/sample_vehicle_description/share/sample_vehicle_description/config/simulator_model.param.yaml
-- Symlinking: /home/sws/autoware/install/sample_vehicle_description/share/sample_vehicle_description/config/vehicle_info.param.yaml
-- Symlinking: /home/sws/autoware/install/sample_vehicle_description/share/ament_index/resource_index/package_run_dependencies/sample_vehicle_description
-- Symlinking: /home/sws/autoware/install/sample_vehicle_description/share/ament_index/resource_index/parent_prefix_path/sample_vehicle_description
-- Symlinking: /home/sws/autoware/install/sample_vehicle_description/share/sample_vehicle_description/environment/ament_prefix_path.sh
-- Symlinking: /home/sws/autoware/install/sample_vehicle_description/share/sample_vehicle_description/environment/ament_prefix_path.dsv
-- Symlinking: /home/sws/autoware/install/sample_vehicle_description/share/sample_vehicle_description/environment/path.sh
-- Symlinking: /home/sws/autoware/install/sample_vehicle_description/share/sample_vehicle_description/environment/path.dsv
-- Symlinking: /home/sws/autoware/install/sample_vehicle_description/share/sample_vehicle_description/local_setup.bash
-- Symlinking: /home/sws/autoware/install/sample_vehicle_description/share/sample_vehicle_description/local_setup.sh
-- Symlinking: /home/sws/autoware/install/sample_vehicle_description/share/sample_vehicle_description/local_setup.zsh
-- Symlinking: /home/sws/autoware/install/sample_vehicle_description/share/sample_vehicle_description/local_setup.dsv
-- Symlinking: /home/sws/autoware/install/sample_vehicle_description/share/sample_vehicle_description/package.dsv
-- Symlinking: /home/sws/autoware/install/sample_vehicle_description/share/ament_index/resource_index/packages/sample_vehicle_description
-- Symlinking: /home/sws/autoware/install/sample_vehicle_description/share/sample_vehicle_description/cmake/sample_vehicle_descriptionConfig.cmake
-- Symlinking: /home/sws/autoware/install/sample_vehicle_description/share/sample_vehicle_description/cmake/sample_vehicle_descriptionConfig-version.cmake
-- Symlinking: /home/sws/autoware/install/sample_vehicle_description/share/sample_vehicle_description/package.xml
