[0.009s] Invoking command in '/home/sws/autoware/build/sample_vehicle_description': CMAKE_PREFIX_PATH=/opt/ros/humble /usr/bin/cmake /home/sws/autoware/src/vehicle/sample_vehicle_launch/sample_vehicle_description -DCMAKE_BUILD_TYPE=Release -DAMENT_CMAKE_SYMLINK_INSTALL=1 -DCMAKE_INSTALL_PREFIX=/home/sws/autoware/install/sample_vehicle_description
[2.480s] -- The C compiler identification is GNU 11.3.0
[2.481s] -- The CXX compiler identification is GNU 11.3.0
[2.481s] -- Detecting C compiler ABI info
[2.481s] -- Detecting C compiler ABI info - done
[2.481s] -- Check for working C compiler: /usr/bin/cc - skipped
[2.481s] -- Detecting C compile features
[2.481s] -- Detecting C compile features - done
[2.481s] -- Detecting CXX compiler ABI info
[2.481s] -- Detecting CXX compiler ABI info - done
[2.481s] -- Check for working CXX compiler: /usr/bin/c++ - skipped
[2.482s] -- Detecting CXX compile features
[2.482s] -- Detecting CXX compile features - done
[2.482s] -- Found ament_cmake_auto: 1.3.3 (/opt/ros/humble/share/ament_cmake_auto/cmake)
[2.482s] -- Found Python3: /usr/bin/python3.10 (found version "3.10.6") found components: Interpreter 
[2.482s] -- Override CMake install command with custom implementation using symlinks instead of copying resources
[2.482s] -- Configuring done
[2.482s] -- Generating done
[2.482s] -- Build files have been written to: /home/sws/autoware/build/sample_vehicle_description
[2.513s] Invoked command in '/home/sws/autoware/build/sample_vehicle_description' returned '0': CMAKE_PREFIX_PATH=/opt/ros/humble /usr/bin/cmake /home/sws/autoware/src/vehicle/sample_vehicle_launch/sample_vehicle_description -DCMAKE_BUILD_TYPE=Release -DAMENT_CMAKE_SYMLINK_INSTALL=1 -DCMAKE_INSTALL_PREFIX=/home/sws/autoware/install/sample_vehicle_description
[2.517s] Invoking command in '/home/sws/autoware/build/sample_vehicle_description': CMAKE_PREFIX_PATH=/opt/ros/humble /usr/bin/cmake --build /home/sws/autoware/build/sample_vehicle_description -- -j16 -l16
[2.586s] Invoked command in '/home/sws/autoware/build/sample_vehicle_description' returned '0': CMAKE_PREFIX_PATH=/opt/ros/humble /usr/bin/cmake --build /home/sws/autoware/build/sample_vehicle_description -- -j16 -l16
[2.658s] Invoking command in '/home/sws/autoware/build/sample_vehicle_description': CMAKE_PREFIX_PATH=/opt/ros/humble /usr/bin/cmake --install /home/sws/autoware/build/sample_vehicle_description
[3.519s] -- Install configuration: "Release"
[3.519s] -- Execute custom install script
[3.519s] -- Symlinking: /home/sws/autoware/install/sample_vehicle_description/share/sample_vehicle_description/mesh/lexus.dae
[3.519s] -- Symlinking: /home/sws/autoware/install/sample_vehicle_description/share/sample_vehicle_description/mesh/lexus.jpg
[3.519s] -- Symlinking: /home/sws/autoware/install/sample_vehicle_description/share/sample_vehicle_description/urdf/vehicle.xacro
[3.519s] -- Symlinking: /home/sws/autoware/install/sample_vehicle_description/share/sample_vehicle_description/config/mirror.param.yaml
[3.520s] -- Symlinking: /home/sws/autoware/install/sample_vehicle_description/share/sample_vehicle_description/config/simulator_model.param.yaml
[3.520s] -- Symlinking: /home/sws/autoware/install/sample_vehicle_description/share/sample_vehicle_description/config/vehicle_info.param.yaml
[3.520s] -- Symlinking: /home/sws/autoware/install/sample_vehicle_description/share/ament_index/resource_index/package_run_dependencies/sample_vehicle_description
[3.520s] -- Symlinking: /home/sws/autoware/install/sample_vehicle_description/share/ament_index/resource_index/parent_prefix_path/sample_vehicle_description
[3.520s] -- Symlinking: /home/sws/autoware/install/sample_vehicle_description/share/sample_vehicle_description/environment/ament_prefix_path.sh
[3.520s] -- Symlinking: /home/sws/autoware/install/sample_vehicle_description/share/sample_vehicle_description/environment/ament_prefix_path.dsv
[3.520s] -- Symlinking: /home/sws/autoware/install/sample_vehicle_description/share/sample_vehicle_description/environment/path.sh
[3.520s] -- Symlinking: /home/sws/autoware/install/sample_vehicle_description/share/sample_vehicle_description/environment/path.dsv
[3.521s] -- Symlinking: /home/sws/autoware/install/sample_vehicle_description/share/sample_vehicle_description/local_setup.bash
[3.521s] -- Symlinking: /home/sws/autoware/install/sample_vehicle_description/share/sample_vehicle_description/local_setup.sh
[3.521s] -- Symlinking: /home/sws/autoware/install/sample_vehicle_description/share/sample_vehicle_description/local_setup.zsh
[3.521s] -- Symlinking: /home/sws/autoware/install/sample_vehicle_description/share/sample_vehicle_description/local_setup.dsv
[3.521s] -- Symlinking: /home/sws/autoware/install/sample_vehicle_description/share/sample_vehicle_description/package.dsv
[3.521s] -- Symlinking: /home/sws/autoware/install/sample_vehicle_description/share/ament_index/resource_index/packages/sample_vehicle_description
[3.521s] -- Symlinking: /home/sws/autoware/install/sample_vehicle_description/share/sample_vehicle_description/cmake/sample_vehicle_descriptionConfig.cmake
[3.521s] -- Symlinking: /home/sws/autoware/install/sample_vehicle_description/share/sample_vehicle_description/cmake/sample_vehicle_descriptionConfig-version.cmake
[3.521s] -- Symlinking: /home/sws/autoware/install/sample_vehicle_description/share/sample_vehicle_description/package.xml
[3.551s] Invoked command in '/home/sws/autoware/build/sample_vehicle_description' returned '0': CMAKE_PREFIX_PATH=/opt/ros/humble /usr/bin/cmake --install /home/sws/autoware/build/sample_vehicle_description
