[0.225s] Invoking command in '/home/sws/autoware/build/mrm_emergency_stop_operator': AMENT_PREFIX_PATH=/home/sws/autoware/install/tier4_system_msgs:/home/sws/autoware/install/autoware_cmake:/home/sws/autoware/install/autoware_lint_common:/home/sws/autoware/install/autoware_common_msgs:/home/sws/autoware/install/autoware_auto_control_msgs:/home/sws/autoware/install/autoware_adapi_v1_msgs:${AMENT_PREFIX_PATH} CMAKE_PREFIX_PATH=/home/sws/autoware/install/tier4_system_msgs:/home/sws/autoware/install/autoware_cmake:/home/sws/autoware/install/autoware_lint_common:/home/sws/autoware/install/autoware_common_msgs:/home/sws/autoware/install/autoware_auto_control_msgs:/home/sws/autoware/install/autoware_adapi_v1_msgs:/opt/ros/humble LD_LIBRARY_PATH=/home/sws/autoware/install/tier4_system_msgs/lib:/home/sws/autoware/install/autoware_common_msgs/lib:/home/sws/autoware/install/autoware_auto_control_msgs/lib:/home/sws/autoware/install/autoware_adapi_v1_msgs/lib:${LD_LIBRARY_PATH} PYTHONPATH=/home/sws/autoware/install/tier4_system_msgs/local/lib/python3.10/dist-packages:/home/sws/autoware/install/autoware_common_msgs/local/lib/python3.10/dist-packages:/home/sws/autoware/install/autoware_auto_control_msgs/local/lib/python3.10/dist-packages:/home/sws/autoware/install/autoware_adapi_v1_msgs/local/lib/python3.10/dist-packages:${PYTHONPATH} /usr/bin/cmake /home/sws/autoware/src/universe/autoware.universe/system/mrm_emergency_stop_operator -DCMAKE_BUILD_TYPE=Release -DAMENT_CMAKE_SYMLINK_INSTALL=1 -DCMAKE_INSTALL_PREFIX=/home/sws/autoware/install/mrm_emergency_stop_operator
[11.132s] -- The C compiler identification is GNU 11.3.0
[11.132s] -- The CXX compiler identification is GNU 11.3.0
[11.132s] -- Detecting C compiler ABI info
[11.132s] -- Detecting C compiler ABI info - done
[11.132s] -- Check for working C compiler: /usr/bin/cc - skipped
[11.132s] -- Detecting C compile features
[11.132s] -- Detecting C compile features - done
[11.132s] -- Detecting CXX compiler ABI info
[11.133s] -- Detecting CXX compiler ABI info - done
[11.133s] -- Check for working CXX compiler: /usr/bin/c++ - skipped
[11.133s] -- Detecting CXX compile features
[11.133s] -- Detecting CXX compile features - done
[11.133s] -- Found autoware_cmake: 0.1.0 (/home/sws/autoware/install/autoware_cmake/share/autoware_cmake/cmake)
[11.133s] -- Found Python3: /usr/bin/python3.10 (found version "3.10.6") found components: Interpreter 
[11.133s] -- Override CMake install command with custom implementation using symlinks instead of copying resources
[11.133s] -- Found rosidl_generator_c: 3.1.4 (/opt/ros/humble/share/rosidl_generator_c/cmake)
[11.133s] -- Found rosidl_adapter: 3.1.4 (/opt/ros/humble/share/rosidl_adapter/cmake)
[11.133s] -- Found rosidl_generator_cpp: 3.1.4 (/opt/ros/humble/share/rosidl_generator_cpp/cmake)
[11.133s] -- Using all available rosidl_typesupport_c: rosidl_typesupport_fastrtps_c;rosidl_typesupport_introspection_c
[11.133s] -- Using all available rosidl_typesupport_cpp: rosidl_typesupport_fastrtps_cpp;rosidl_typesupport_introspection_cpp
[11.134s] -- Found rmw_implementation_cmake: 6.1.1 (/opt/ros/humble/share/rmw_implementation_cmake/cmake)
[11.134s] -- Found rmw_fastrtps_cpp: 6.2.2 (/opt/ros/humble/share/rmw_fastrtps_cpp/cmake)
[11.134s] -- Found OpenSSL: /usr/lib/x86_64-linux-gnu/libcrypto.so (found version "3.0.2")  
[11.134s] -- Found FastRTPS: /opt/ros/humble/include  
[11.134s] -- Using RMW implementation 'rmw_fastrtps_cpp' as default
[11.134s] -- Looking for pthread.h
[11.134s] -- Looking for pthread.h - found
[11.134s] -- Performing Test CMAKE_HAVE_LIBC_PTHREAD
[11.134s] -- Performing Test CMAKE_HAVE_LIBC_PTHREAD - Success
[11.134s] -- Found Threads: TRUE  
[11.134s] -- Found ament_lint_auto: 0.12.5 (/opt/ros/humble/share/ament_lint_auto/cmake)
[11.135s] -- Added test 'copyright' to check source files copyright and LICENSE
[11.135s] -- Added test 'cppcheck' to perform static code analysis on C / C++ code
[11.135s] -- Configured cppcheck include dirs: /home/sws/autoware/src/universe/autoware.universe/system/mrm_emergency_stop_operator/include
[11.135s] -- Configured cppcheck exclude dirs and/or files: 
[11.135s] -- Added test 'lint_cmake' to check CMake code style
[11.135s] -- Added test 'xmllint' to check XML markup files
[11.135s] -- Configuring done
[11.135s] -- Generating done
[11.135s] -- Build files have been written to: /home/sws/autoware/build/mrm_emergency_stop_operator
[11.160s] Invoked command in '/home/sws/autoware/build/mrm_emergency_stop_operator' returned '0': AMENT_PREFIX_PATH=/home/sws/autoware/install/tier4_system_msgs:/home/sws/autoware/install/autoware_cmake:/home/sws/autoware/install/autoware_lint_common:/home/sws/autoware/install/autoware_common_msgs:/home/sws/autoware/install/autoware_auto_control_msgs:/home/sws/autoware/install/autoware_adapi_v1_msgs:${AMENT_PREFIX_PATH} CMAKE_PREFIX_PATH=/home/sws/autoware/install/tier4_system_msgs:/home/sws/autoware/install/autoware_cmake:/home/sws/autoware/install/autoware_lint_common:/home/sws/autoware/install/autoware_common_msgs:/home/sws/autoware/install/autoware_auto_control_msgs:/home/sws/autoware/install/autoware_adapi_v1_msgs:/opt/ros/humble LD_LIBRARY_PATH=/home/sws/autoware/install/tier4_system_msgs/lib:/home/sws/autoware/install/autoware_common_msgs/lib:/home/sws/autoware/install/autoware_auto_control_msgs/lib:/home/sws/autoware/install/autoware_adapi_v1_msgs/lib:${LD_LIBRARY_PATH} PYTHONPATH=/home/sws/autoware/install/tier4_system_msgs/local/lib/python3.10/dist-packages:/home/sws/autoware/install/autoware_common_msgs/local/lib/python3.10/dist-packages:/home/sws/autoware/install/autoware_auto_control_msgs/local/lib/python3.10/dist-packages:/home/sws/autoware/install/autoware_adapi_v1_msgs/local/lib/python3.10/dist-packages:${PYTHONPATH} /usr/bin/cmake /home/sws/autoware/src/universe/autoware.universe/system/mrm_emergency_stop_operator -DCMAKE_BUILD_TYPE=Release -DAMENT_CMAKE_SYMLINK_INSTALL=1 -DCMAKE_INSTALL_PREFIX=/home/sws/autoware/install/mrm_emergency_stop_operator
[11.161s] Invoking command in '/home/sws/autoware/build/mrm_emergency_stop_operator': AMENT_PREFIX_PATH=/home/sws/autoware/install/tier4_system_msgs:/home/sws/autoware/install/autoware_cmake:/home/sws/autoware/install/autoware_lint_common:/home/sws/autoware/install/autoware_common_msgs:/home/sws/autoware/install/autoware_auto_control_msgs:/home/sws/autoware/install/autoware_adapi_v1_msgs:${AMENT_PREFIX_PATH} CMAKE_PREFIX_PATH=/home/sws/autoware/install/tier4_system_msgs:/home/sws/autoware/install/autoware_cmake:/home/sws/autoware/install/autoware_lint_common:/home/sws/autoware/install/autoware_common_msgs:/home/sws/autoware/install/autoware_auto_control_msgs:/home/sws/autoware/install/autoware_adapi_v1_msgs:/opt/ros/humble LD_LIBRARY_PATH=/home/sws/autoware/install/tier4_system_msgs/lib:/home/sws/autoware/install/autoware_common_msgs/lib:/home/sws/autoware/install/autoware_auto_control_msgs/lib:/home/sws/autoware/install/autoware_adapi_v1_msgs/lib:${LD_LIBRARY_PATH} PYTHONPATH=/home/sws/autoware/install/tier4_system_msgs/local/lib/python3.10/dist-packages:/home/sws/autoware/install/autoware_common_msgs/local/lib/python3.10/dist-packages:/home/sws/autoware/install/autoware_auto_control_msgs/local/lib/python3.10/dist-packages:/home/sws/autoware/install/autoware_adapi_v1_msgs/local/lib/python3.10/dist-packages:${PYTHONPATH} /usr/bin/cmake --build /home/sws/autoware/build/mrm_emergency_stop_operator -- -j16 -l16
[13.863s] [ 25%] [32mBuilding CXX object CMakeFiles/mrm_emergency_stop_operator_component.dir/src/mrm_emergency_stop_operator/mrm_emergency_stop_operator_core.cpp.o[0m
[30.248s] [ 50%] [32m[1mLinking CXX shared library libmrm_emergency_stop_operator_component.so[0m
[30.524s] [ 50%] Built target mrm_emergency_stop_operator_component
[30.554s] [ 75%] [32mBuilding CXX object CMakeFiles/mrm_emergency_stop_operator.dir/rclcpp_components/node_main_mrm_emergency_stop_operator.cpp.o[0m
[36.103s] [100%] [32m[1mLinking CXX executable mrm_emergency_stop_operator[0m
[36.301s] [100%] Built target mrm_emergency_stop_operator
[36.355s] Invoked command in '/home/sws/autoware/build/mrm_emergency_stop_operator' returned '0': AMENT_PREFIX_PATH=/home/sws/autoware/install/tier4_system_msgs:/home/sws/autoware/install/autoware_cmake:/home/sws/autoware/install/autoware_lint_common:/home/sws/autoware/install/autoware_common_msgs:/home/sws/autoware/install/autoware_auto_control_msgs:/home/sws/autoware/install/autoware_adapi_v1_msgs:${AMENT_PREFIX_PATH} CMAKE_PREFIX_PATH=/home/sws/autoware/install/tier4_system_msgs:/home/sws/autoware/install/autoware_cmake:/home/sws/autoware/install/autoware_lint_common:/home/sws/autoware/install/autoware_common_msgs:/home/sws/autoware/install/autoware_auto_control_msgs:/home/sws/autoware/install/autoware_adapi_v1_msgs:/opt/ros/humble LD_LIBRARY_PATH=/home/sws/autoware/install/tier4_system_msgs/lib:/home/sws/autoware/install/autoware_common_msgs/lib:/home/sws/autoware/install/autoware_auto_control_msgs/lib:/home/sws/autoware/install/autoware_adapi_v1_msgs/lib:${LD_LIBRARY_PATH} PYTHONPATH=/home/sws/autoware/install/tier4_system_msgs/local/lib/python3.10/dist-packages:/home/sws/autoware/install/autoware_common_msgs/local/lib/python3.10/dist-packages:/home/sws/autoware/install/autoware_auto_control_msgs/local/lib/python3.10/dist-packages:/home/sws/autoware/install/autoware_adapi_v1_msgs/local/lib/python3.10/dist-packages:${PYTHONPATH} /usr/bin/cmake --build /home/sws/autoware/build/mrm_emergency_stop_operator -- -j16 -l16
[36.369s] Invoking command in '/home/sws/autoware/build/mrm_emergency_stop_operator': AMENT_PREFIX_PATH=/home/sws/autoware/install/tier4_system_msgs:/home/sws/autoware/install/autoware_cmake:/home/sws/autoware/install/autoware_lint_common:/home/sws/autoware/install/autoware_common_msgs:/home/sws/autoware/install/autoware_auto_control_msgs:/home/sws/autoware/install/autoware_adapi_v1_msgs:${AMENT_PREFIX_PATH} CMAKE_PREFIX_PATH=/home/sws/autoware/install/tier4_system_msgs:/home/sws/autoware/install/autoware_cmake:/home/sws/autoware/install/autoware_lint_common:/home/sws/autoware/install/autoware_common_msgs:/home/sws/autoware/install/autoware_auto_control_msgs:/home/sws/autoware/install/autoware_adapi_v1_msgs:/opt/ros/humble LD_LIBRARY_PATH=/home/sws/autoware/install/tier4_system_msgs/lib:/home/sws/autoware/install/autoware_common_msgs/lib:/home/sws/autoware/install/autoware_auto_control_msgs/lib:/home/sws/autoware/install/autoware_adapi_v1_msgs/lib:${LD_LIBRARY_PATH} PYTHONPATH=/home/sws/autoware/install/tier4_system_msgs/local/lib/python3.10/dist-packages:/home/sws/autoware/install/autoware_common_msgs/local/lib/python3.10/dist-packages:/home/sws/autoware/install/autoware_auto_control_msgs/local/lib/python3.10/dist-packages:/home/sws/autoware/install/autoware_adapi_v1_msgs/local/lib/python3.10/dist-packages:${PYTHONPATH} /usr/bin/cmake --install /home/sws/autoware/build/mrm_emergency_stop_operator
[41.437s] -- Install configuration: "Release"
[41.437s] -- Execute custom install script
[41.437s] -- Symlinking: /home/sws/autoware/install/mrm_emergency_stop_operator/lib/mrm_emergency_stop_operator/mrm_emergency_stop_operator
[41.437s] -- Symlinking: /home/sws/autoware/install/mrm_emergency_stop_operator/include/mrm_emergency_stop_operator/mrm_emergency_stop_operator_core.hpp
[41.437s] -- Symlinking: /home/sws/autoware/install/mrm_emergency_stop_operator/share/mrm_emergency_stop_operator/environment/library_path.sh
[41.437s] -- Symlinking: /home/sws/autoware/install/mrm_emergency_stop_operator/share/mrm_emergency_stop_operator/environment/library_path.dsv
[41.437s] -- Symlinking: /home/sws/autoware/install/mrm_emergency_stop_operator/lib/libmrm_emergency_stop_operator_component.so
[41.437s] -- Symlinking: /home/sws/autoware/install/mrm_emergency_stop_operator/share/mrm_emergency_stop_operator/launch/mrm_emergency_stop_operator.launch.py
[41.438s] -- Symlinking: /home/sws/autoware/install/mrm_emergency_stop_operator/share/mrm_emergency_stop_operator/config/mrm_emergency_stop_operator.param.yaml
[41.438s] -- Symlinking: /home/sws/autoware/install/mrm_emergency_stop_operator/share/ament_index/resource_index/package_run_dependencies/mrm_emergency_stop_operator
[41.438s] -- Symlinking: /home/sws/autoware/install/mrm_emergency_stop_operator/share/ament_index/resource_index/parent_prefix_path/mrm_emergency_stop_operator
[41.438s] -- Symlinking: /home/sws/autoware/install/mrm_emergency_stop_operator/share/mrm_emergency_stop_operator/environment/ament_prefix_path.sh
[41.438s] -- Symlinking: /home/sws/autoware/install/mrm_emergency_stop_operator/share/mrm_emergency_stop_operator/environment/ament_prefix_path.dsv
[41.438s] -- Symlinking: /home/sws/autoware/install/mrm_emergency_stop_operator/share/mrm_emergency_stop_operator/environment/path.sh
[41.438s] -- Symlinking: /home/sws/autoware/install/mrm_emergency_stop_operator/share/mrm_emergency_stop_operator/environment/path.dsv
[41.438s] -- Symlinking: /home/sws/autoware/install/mrm_emergency_stop_operator/share/mrm_emergency_stop_operator/local_setup.bash
[41.438s] -- Symlinking: /home/sws/autoware/install/mrm_emergency_stop_operator/share/mrm_emergency_stop_operator/local_setup.sh
[41.438s] -- Symlinking: /home/sws/autoware/install/mrm_emergency_stop_operator/share/mrm_emergency_stop_operator/local_setup.zsh
[41.438s] -- Symlinking: /home/sws/autoware/install/mrm_emergency_stop_operator/share/mrm_emergency_stop_operator/local_setup.dsv
[41.438s] -- Symlinking: /home/sws/autoware/install/mrm_emergency_stop_operator/share/mrm_emergency_stop_operator/package.dsv
[41.438s] -- Symlinking: /home/sws/autoware/install/mrm_emergency_stop_operator/share/ament_index/resource_index/packages/mrm_emergency_stop_operator
[41.439s] -- Symlinking: /home/sws/autoware/install/mrm_emergency_stop_operator/share/ament_index/resource_index/rclcpp_components/mrm_emergency_stop_operator
[41.439s] -- Symlinking: /home/sws/autoware/install/mrm_emergency_stop_operator/share/mrm_emergency_stop_operator/cmake/ament_cmake_export_dependencies-extras.cmake
[41.439s] -- Symlinking: /home/sws/autoware/install/mrm_emergency_stop_operator/share/mrm_emergency_stop_operator/cmake/ament_cmake_export_include_directories-extras.cmake
[41.439s] -- Symlinking: /home/sws/autoware/install/mrm_emergency_stop_operator/share/mrm_emergency_stop_operator/cmake/ament_cmake_export_libraries-extras.cmake
[41.439s] -- Symlinking: /home/sws/autoware/install/mrm_emergency_stop_operator/share/mrm_emergency_stop_operator/cmake/mrm_emergency_stop_operatorConfig.cmake
[41.439s] -- Symlinking: /home/sws/autoware/install/mrm_emergency_stop_operator/share/mrm_emergency_stop_operator/cmake/mrm_emergency_stop_operatorConfig-version.cmake
[41.439s] -- Symlinking: /home/sws/autoware/install/mrm_emergency_stop_operator/share/mrm_emergency_stop_operator/package.xml
[41.477s] Invoked command in '/home/sws/autoware/build/mrm_emergency_stop_operator' returned '0': AMENT_PREFIX_PATH=/home/sws/autoware/install/tier4_system_msgs:/home/sws/autoware/install/autoware_cmake:/home/sws/autoware/install/autoware_lint_common:/home/sws/autoware/install/autoware_common_msgs:/home/sws/autoware/install/autoware_auto_control_msgs:/home/sws/autoware/install/autoware_adapi_v1_msgs:${AMENT_PREFIX_PATH} CMAKE_PREFIX_PATH=/home/sws/autoware/install/tier4_system_msgs:/home/sws/autoware/install/autoware_cmake:/home/sws/autoware/install/autoware_lint_common:/home/sws/autoware/install/autoware_common_msgs:/home/sws/autoware/install/autoware_auto_control_msgs:/home/sws/autoware/install/autoware_adapi_v1_msgs:/opt/ros/humble LD_LIBRARY_PATH=/home/sws/autoware/install/tier4_system_msgs/lib:/home/sws/autoware/install/autoware_common_msgs/lib:/home/sws/autoware/install/autoware_auto_control_msgs/lib:/home/sws/autoware/install/autoware_adapi_v1_msgs/lib:${LD_LIBRARY_PATH} PYTHONPATH=/home/sws/autoware/install/tier4_system_msgs/local/lib/python3.10/dist-packages:/home/sws/autoware/install/autoware_common_msgs/local/lib/python3.10/dist-packages:/home/sws/autoware/install/autoware_auto_control_msgs/local/lib/python3.10/dist-packages:/home/sws/autoware/install/autoware_adapi_v1_msgs/local/lib/python3.10/dist-packages:${PYTHONPATH} /usr/bin/cmake --install /home/sws/autoware/build/mrm_emergency_stop_operator
