[0.054s] Invoking command in '/home/sws/autoware/build/shape_estimation': AMENT_PREFIX_PATH=/home/sws/autoware/install/tier4_autoware_utils:/home/sws/autoware/install/tier4_perception_msgs:/home/sws/autoware/install/autoware_auto_vehicle_msgs:/home/sws/autoware/install/autoware_cmake:/home/sws/autoware/install/autoware_auto_planning_msgs:/home/sws/autoware/install/autoware_auto_perception_msgs:/home/sws/autoware/install/tier4_debug_msgs:/home/sws/autoware/install/autoware_lint_common:/home/sws/autoware/install/autoware_auto_mapping_msgs:/home/sws/autoware/install/autoware_auto_geometry_msgs:${AMENT_PREFIX_PATH} CMAKE_PREFIX_PATH=/home/sws/autoware/install/tier4_autoware_utils:/home/sws/autoware/install/tier4_perception_msgs:/home/sws/autoware/install/autoware_auto_vehicle_msgs:/home/sws/autoware/install/autoware_cmake:/home/sws/autoware/install/autoware_auto_planning_msgs:/home/sws/autoware/install/autoware_auto_perception_msgs:/home/sws/autoware/install/tier4_debug_msgs:/home/sws/autoware/install/autoware_lint_common:/home/sws/autoware/install/autoware_auto_mapping_msgs:/home/sws/autoware/install/autoware_auto_geometry_msgs:/opt/ros/humble LD_LIBRARY_PATH=/home/sws/autoware/install/tier4_autoware_utils/lib:/home/sws/autoware/install/tier4_perception_msgs/lib:/home/sws/autoware/install/autoware_auto_vehicle_msgs/lib:/home/sws/autoware/install/autoware_auto_planning_msgs/lib:/home/sws/autoware/install/autoware_auto_perception_msgs/lib:/home/sws/autoware/install/tier4_debug_msgs/lib:/home/sws/autoware/install/autoware_auto_mapping_msgs/lib:/home/sws/autoware/install/autoware_auto_geometry_msgs/lib:${LD_LIBRARY_PATH} PYTHONPATH=/home/sws/autoware/install/tier4_perception_msgs/local/lib/python3.10/dist-packages:/home/sws/autoware/install/autoware_auto_vehicle_msgs/local/lib/python3.10/dist-packages:/home/sws/autoware/install/autoware_auto_planning_msgs/local/lib/python3.10/dist-packages:/home/sws/autoware/install/autoware_auto_perception_msgs/local/lib/python3.10/dist-packages:/home/sws/autoware/install/tier4_debug_msgs/local/lib/python3.10/dist-packages:/home/sws/autoware/install/autoware_auto_mapping_msgs/local/lib/python3.10/dist-packages:/home/sws/autoware/install/autoware_auto_geometry_msgs/local/lib/python3.10/dist-packages:${PYTHONPATH} /usr/bin/cmake /home/sws/autoware/src/universe/autoware.universe/perception/shape_estimation -DCMAKE_BUILD_TYPE=Release -DAMENT_CMAKE_SYMLINK_INSTALL=1 -DCMAKE_INSTALL_PREFIX=/home/sws/autoware/install/shape_estimation
[5.893s] -- The C compiler identification is GNU 11.3.0
[5.893s] -- The CXX compiler identification is GNU 11.3.0
[5.893s] -- Detecting C compiler ABI info
[5.893s] -- Detecting C compiler ABI info - done
[5.893s] -- Check for working C compiler: /usr/bin/cc - skipped
[5.893s] -- Detecting C compile features
[5.893s] -- Detecting C compile features - done
[5.893s] -- Detecting CXX compiler ABI info
[5.893s] -- Detecting CXX compiler ABI info - done
[5.893s] -- Check for working CXX compiler: /usr/bin/c++ - skipped
[5.893s] -- Detecting CXX compile features
[5.893s] -- Detecting CXX compile features - done
[5.894s] -- Found autoware_cmake: 0.1.0 (/home/sws/autoware/install/autoware_cmake/share/autoware_cmake/cmake)
[5.894s] -- Found Python3: /usr/bin/python3.10 (found version "3.10.6") found components: Interpreter 
[5.894s] -- Override CMake install command with custom implementation using symlinks instead of copying resources
[5.894s] -- Found rosidl_generator_c: 3.1.4 (/opt/ros/humble/share/rosidl_generator_c/cmake)
[5.894s] -- Found rosidl_adapter: 3.1.4 (/opt/ros/humble/share/rosidl_adapter/cmake)
[5.894s] -- Found rosidl_generator_cpp: 3.1.4 (/opt/ros/humble/share/rosidl_generator_cpp/cmake)
[5.894s] -- Using all available rosidl_typesupport_c: rosidl_typesupport_fastrtps_c;rosidl_typesupport_introspection_c
[5.897s] -- Using all available rosidl_typesupport_cpp: rosidl_typesupport_fastrtps_cpp;rosidl_typesupport_introspection_cpp
[5.897s] -- Found rmw_implementation_cmake: 6.1.1 (/opt/ros/humble/share/rmw_implementation_cmake/cmake)
[5.897s] -- Found rmw_fastrtps_cpp: 6.2.2 (/opt/ros/humble/share/rmw_fastrtps_cpp/cmake)
[5.897s] -- Found OpenSSL: /usr/lib/x86_64-linux-gnu/libcrypto.so (found version "3.0.2")  
[5.897s] -- Found FastRTPS: /opt/ros/humble/include  
[5.897s] -- Using RMW implementation 'rmw_fastrtps_cpp' as default
[5.897s] -- Looking for pthread.h
[5.897s] -- Looking for pthread.h - found
[5.897s] -- Performing Test CMAKE_HAVE_LIBC_PTHREAD
[5.898s] -- Performing Test CMAKE_HAVE_LIBC_PTHREAD - Success
[5.898s] -- Found Threads: TRUE  
[5.898s] -- Found eigen3_cmake_module: 0.1.1 (/opt/ros/humble/share/eigen3_cmake_module/cmake)
[5.898s] -- Found Eigen3: TRUE (found version "3.4.0") 
[5.898s] -- Ensuring Eigen3 include directory is part of orocos-kdl CMake target
[5.898s] -- Found ament_lint_auto: 0.12.5 (/opt/ros/humble/share/ament_lint_auto/cmake)
[5.898s] -- Checking for module 'eigen3'
[5.898s] --   Found eigen3, version 3.4.0
[5.898s] -- Found Eigen: /usr/include/eigen3 (Required is at least version "3.1") 
[5.898s] -- Eigen found (include: /usr/include/eigen3, version: 3.4.0)
[5.898s] -- Found Boost: /usr/lib/x86_64-linux-gnu/cmake/Boost-1.74.0/BoostConfig.cmake (found suitable version "1.74.0", minimum required is "1.65.0") found components: system filesystem date_time iostreams serialization 
[5.899s] -- looking for PCL_COMMON
[5.899s] -- Found PCL_COMMON: /usr/lib/x86_64-linux-gnu/libpcl_common.so  
[5.899s] -- Found PCL: pcl_common;Boost::system;Boost::filesystem;Boost::date_time;Boost::iostreams;Boost::serialization  
[5.899s] -- Found OpenCV: /usr (found version "4.5.4") 
[7.112s] -- Added test 'copyright' to check source files copyright and LICENSE
[7.114s] -- Added test 'cppcheck' to perform static code analysis on C / C++ code
[7.115s] -- Configured cppcheck include dirs: /home/sws/autoware/src/universe/autoware.universe/perception/shape_estimation/include;$<BUILD_INTERFACE:/home/sws/autoware/src/universe/autoware.universe/perception/shape_estimation/include>;/home/sws/autoware/src/universe/autoware.universe/perception/shape_estimation/src
[7.115s] -- Configured cppcheck exclude dirs and/or files: 
[7.117s] -- Added test 'lint_cmake' to check CMake code style
[7.117s] -- Added test 'xmllint' to check XML markup files
[7.121s] -- Configuring done
[7.240s] -- Generating done
[7.242s] -- Build files have been written to: /home/sws/autoware/build/shape_estimation
[7.257s] Invoked command in '/home/sws/autoware/build/shape_estimation' returned '0': AMENT_PREFIX_PATH=/home/sws/autoware/install/tier4_autoware_utils:/home/sws/autoware/install/tier4_perception_msgs:/home/sws/autoware/install/autoware_auto_vehicle_msgs:/home/sws/autoware/install/autoware_cmake:/home/sws/autoware/install/autoware_auto_planning_msgs:/home/sws/autoware/install/autoware_auto_perception_msgs:/home/sws/autoware/install/tier4_debug_msgs:/home/sws/autoware/install/autoware_lint_common:/home/sws/autoware/install/autoware_auto_mapping_msgs:/home/sws/autoware/install/autoware_auto_geometry_msgs:${AMENT_PREFIX_PATH} CMAKE_PREFIX_PATH=/home/sws/autoware/install/tier4_autoware_utils:/home/sws/autoware/install/tier4_perception_msgs:/home/sws/autoware/install/autoware_auto_vehicle_msgs:/home/sws/autoware/install/autoware_cmake:/home/sws/autoware/install/autoware_auto_planning_msgs:/home/sws/autoware/install/autoware_auto_perception_msgs:/home/sws/autoware/install/tier4_debug_msgs:/home/sws/autoware/install/autoware_lint_common:/home/sws/autoware/install/autoware_auto_mapping_msgs:/home/sws/autoware/install/autoware_auto_geometry_msgs:/opt/ros/humble LD_LIBRARY_PATH=/home/sws/autoware/install/tier4_autoware_utils/lib:/home/sws/autoware/install/tier4_perception_msgs/lib:/home/sws/autoware/install/autoware_auto_vehicle_msgs/lib:/home/sws/autoware/install/autoware_auto_planning_msgs/lib:/home/sws/autoware/install/autoware_auto_perception_msgs/lib:/home/sws/autoware/install/tier4_debug_msgs/lib:/home/sws/autoware/install/autoware_auto_mapping_msgs/lib:/home/sws/autoware/install/autoware_auto_geometry_msgs/lib:${LD_LIBRARY_PATH} PYTHONPATH=/home/sws/autoware/install/tier4_perception_msgs/local/lib/python3.10/dist-packages:/home/sws/autoware/install/autoware_auto_vehicle_msgs/local/lib/python3.10/dist-packages:/home/sws/autoware/install/autoware_auto_planning_msgs/local/lib/python3.10/dist-packages:/home/sws/autoware/install/autoware_auto_perception_msgs/local/lib/python3.10/dist-packages:/home/sws/autoware/install/tier4_debug_msgs/local/lib/python3.10/dist-packages:/home/sws/autoware/install/autoware_auto_mapping_msgs/local/lib/python3.10/dist-packages:/home/sws/autoware/install/autoware_auto_geometry_msgs/local/lib/python3.10/dist-packages:${PYTHONPATH} /usr/bin/cmake /home/sws/autoware/src/universe/autoware.universe/perception/shape_estimation -DCMAKE_BUILD_TYPE=Release -DAMENT_CMAKE_SYMLINK_INSTALL=1 -DCMAKE_INSTALL_PREFIX=/home/sws/autoware/install/shape_estimation
[7.273s] Invoking command in '/home/sws/autoware/build/shape_estimation': AMENT_PREFIX_PATH=/home/sws/autoware/install/tier4_autoware_utils:/home/sws/autoware/install/tier4_perception_msgs:/home/sws/autoware/install/autoware_auto_vehicle_msgs:/home/sws/autoware/install/autoware_cmake:/home/sws/autoware/install/autoware_auto_planning_msgs:/home/sws/autoware/install/autoware_auto_perception_msgs:/home/sws/autoware/install/tier4_debug_msgs:/home/sws/autoware/install/autoware_lint_common:/home/sws/autoware/install/autoware_auto_mapping_msgs:/home/sws/autoware/install/autoware_auto_geometry_msgs:${AMENT_PREFIX_PATH} CMAKE_PREFIX_PATH=/home/sws/autoware/install/tier4_autoware_utils:/home/sws/autoware/install/tier4_perception_msgs:/home/sws/autoware/install/autoware_auto_vehicle_msgs:/home/sws/autoware/install/autoware_cmake:/home/sws/autoware/install/autoware_auto_planning_msgs:/home/sws/autoware/install/autoware_auto_perception_msgs:/home/sws/autoware/install/tier4_debug_msgs:/home/sws/autoware/install/autoware_lint_common:/home/sws/autoware/install/autoware_auto_mapping_msgs:/home/sws/autoware/install/autoware_auto_geometry_msgs:/opt/ros/humble LD_LIBRARY_PATH=/home/sws/autoware/install/tier4_autoware_utils/lib:/home/sws/autoware/install/tier4_perception_msgs/lib:/home/sws/autoware/install/autoware_auto_vehicle_msgs/lib:/home/sws/autoware/install/autoware_auto_planning_msgs/lib:/home/sws/autoware/install/autoware_auto_perception_msgs/lib:/home/sws/autoware/install/tier4_debug_msgs/lib:/home/sws/autoware/install/autoware_auto_mapping_msgs/lib:/home/sws/autoware/install/autoware_auto_geometry_msgs/lib:${LD_LIBRARY_PATH} PYTHONPATH=/home/sws/autoware/install/tier4_perception_msgs/local/lib/python3.10/dist-packages:/home/sws/autoware/install/autoware_auto_vehicle_msgs/local/lib/python3.10/dist-packages:/home/sws/autoware/install/autoware_auto_planning_msgs/local/lib/python3.10/dist-packages:/home/sws/autoware/install/autoware_auto_perception_msgs/local/lib/python3.10/dist-packages:/home/sws/autoware/install/tier4_debug_msgs/local/lib/python3.10/dist-packages:/home/sws/autoware/install/autoware_auto_mapping_msgs/local/lib/python3.10/dist-packages:/home/sws/autoware/install/autoware_auto_geometry_msgs/local/lib/python3.10/dist-packages:${PYTHONPATH} /usr/bin/cmake --build /home/sws/autoware/build/shape_estimation -- -j16 -l16
[15.230s] [  5%] [32mBuilding CXX object CMakeFiles/shape_estimation_lib.dir/lib/shape_estimator.cpp.o[0m
[20.874s] [ 11%] [32mBuilding CXX object CMakeFiles/shape_estimation_lib.dir/lib/corrector/utils.cpp.o[0m
[38.237s] [ 17%] [32mBuilding CXX object CMakeFiles/shape_estimation_lib.dir/lib/corrector/no_corrector.cpp.o[0m
[54.186s] [ 23%] [32mBuilding CXX object CMakeFiles/shape_estimation_lib.dir/lib/filter/utils.cpp.o[0m
[55.173s] [ 29%] [32mBuilding CXX object CMakeFiles/shape_estimation_lib.dir/lib/filter/no_filter.cpp.o[0m
[56.174s] [ 35%] [32mBuilding CXX object CMakeFiles/shape_estimation_lib.dir/lib/filter/trailer_filter.cpp.o[0m
[57.315s] [ 41%] [32mBuilding CXX object CMakeFiles/shape_estimation_lib.dir/lib/filter/truck_filter.cpp.o[0m
[58.268s] [ 47%] [32mBuilding CXX object CMakeFiles/shape_estimation_lib.dir/lib/filter/bus_filter.cpp.o[0m
[59.243s] [ 52%] [32mBuilding CXX object CMakeFiles/shape_estimation_lib.dir/lib/filter/car_filter.cpp.o[0m
[60.240s] [ 58%] [32mBuilding CXX object CMakeFiles/shape_estimation_lib.dir/lib/model/cylinder.cpp.o[0m
[75.575s] [ 64%] [32mBuilding CXX object CMakeFiles/shape_estimation_lib.dir/lib/model/convex_hull.cpp.o[0m
[91.111s] [ 70%] [32mBuilding CXX object CMakeFiles/shape_estimation_lib.dir/lib/model/bounding_box.cpp.o[0m
[107.659s] [ 76%] [32m[1mLinking CXX shared library libshape_estimation_lib.so[0m
[114.663s] [ 76%] Built target shape_estimation_lib
[114.711s] [ 82%] [32mBuilding CXX object CMakeFiles/shape_estimation.dir/rclcpp_components/node_main_shape_estimation.cpp.o[0m
[119.969s] [ 88%] [32m[1mLinking CXX executable shape_estimation[0m
[120.113s] [ 88%] Built target shape_estimation
[120.137s] [ 94%] [32mBuilding CXX object CMakeFiles/shape_estimation_node.dir/src/node.cpp.o[0m
[153.138s] [100%] [32m[1mLinking CXX shared library libshape_estimation_node.so[0m
[153.818s] [100%] Built target shape_estimation_node
[153.834s] Invoked command in '/home/sws/autoware/build/shape_estimation' returned '0': AMENT_PREFIX_PATH=/home/sws/autoware/install/tier4_autoware_utils:/home/sws/autoware/install/tier4_perception_msgs:/home/sws/autoware/install/autoware_auto_vehicle_msgs:/home/sws/autoware/install/autoware_cmake:/home/sws/autoware/install/autoware_auto_planning_msgs:/home/sws/autoware/install/autoware_auto_perception_msgs:/home/sws/autoware/install/tier4_debug_msgs:/home/sws/autoware/install/autoware_lint_common:/home/sws/autoware/install/autoware_auto_mapping_msgs:/home/sws/autoware/install/autoware_auto_geometry_msgs:${AMENT_PREFIX_PATH} CMAKE_PREFIX_PATH=/home/sws/autoware/install/tier4_autoware_utils:/home/sws/autoware/install/tier4_perception_msgs:/home/sws/autoware/install/autoware_auto_vehicle_msgs:/home/sws/autoware/install/autoware_cmake:/home/sws/autoware/install/autoware_auto_planning_msgs:/home/sws/autoware/install/autoware_auto_perception_msgs:/home/sws/autoware/install/tier4_debug_msgs:/home/sws/autoware/install/autoware_lint_common:/home/sws/autoware/install/autoware_auto_mapping_msgs:/home/sws/autoware/install/autoware_auto_geometry_msgs:/opt/ros/humble LD_LIBRARY_PATH=/home/sws/autoware/install/tier4_autoware_utils/lib:/home/sws/autoware/install/tier4_perception_msgs/lib:/home/sws/autoware/install/autoware_auto_vehicle_msgs/lib:/home/sws/autoware/install/autoware_auto_planning_msgs/lib:/home/sws/autoware/install/autoware_auto_perception_msgs/lib:/home/sws/autoware/install/tier4_debug_msgs/lib:/home/sws/autoware/install/autoware_auto_mapping_msgs/lib:/home/sws/autoware/install/autoware_auto_geometry_msgs/lib:${LD_LIBRARY_PATH} PYTHONPATH=/home/sws/autoware/install/tier4_perception_msgs/local/lib/python3.10/dist-packages:/home/sws/autoware/install/autoware_auto_vehicle_msgs/local/lib/python3.10/dist-packages:/home/sws/autoware/install/autoware_auto_planning_msgs/local/lib/python3.10/dist-packages:/home/sws/autoware/install/autoware_auto_perception_msgs/local/lib/python3.10/dist-packages:/home/sws/autoware/install/tier4_debug_msgs/local/lib/python3.10/dist-packages:/home/sws/autoware/install/autoware_auto_mapping_msgs/local/lib/python3.10/dist-packages:/home/sws/autoware/install/autoware_auto_geometry_msgs/local/lib/python3.10/dist-packages:${PYTHONPATH} /usr/bin/cmake --build /home/sws/autoware/build/shape_estimation -- -j16 -l16
[153.929s] Invoking command in '/home/sws/autoware/build/shape_estimation': AMENT_PREFIX_PATH=/home/sws/autoware/install/tier4_autoware_utils:/home/sws/autoware/install/tier4_perception_msgs:/home/sws/autoware/install/autoware_auto_vehicle_msgs:/home/sws/autoware/install/autoware_cmake:/home/sws/autoware/install/autoware_auto_planning_msgs:/home/sws/autoware/install/autoware_auto_perception_msgs:/home/sws/autoware/install/tier4_debug_msgs:/home/sws/autoware/install/autoware_lint_common:/home/sws/autoware/install/autoware_auto_mapping_msgs:/home/sws/autoware/install/autoware_auto_geometry_msgs:${AMENT_PREFIX_PATH} CMAKE_PREFIX_PATH=/home/sws/autoware/install/tier4_autoware_utils:/home/sws/autoware/install/tier4_perception_msgs:/home/sws/autoware/install/autoware_auto_vehicle_msgs:/home/sws/autoware/install/autoware_cmake:/home/sws/autoware/install/autoware_auto_planning_msgs:/home/sws/autoware/install/autoware_auto_perception_msgs:/home/sws/autoware/install/tier4_debug_msgs:/home/sws/autoware/install/autoware_lint_common:/home/sws/autoware/install/autoware_auto_mapping_msgs:/home/sws/autoware/install/autoware_auto_geometry_msgs:/opt/ros/humble LD_LIBRARY_PATH=/home/sws/autoware/install/tier4_autoware_utils/lib:/home/sws/autoware/install/tier4_perception_msgs/lib:/home/sws/autoware/install/autoware_auto_vehicle_msgs/lib:/home/sws/autoware/install/autoware_auto_planning_msgs/lib:/home/sws/autoware/install/autoware_auto_perception_msgs/lib:/home/sws/autoware/install/tier4_debug_msgs/lib:/home/sws/autoware/install/autoware_auto_mapping_msgs/lib:/home/sws/autoware/install/autoware_auto_geometry_msgs/lib:${LD_LIBRARY_PATH} PYTHONPATH=/home/sws/autoware/install/tier4_perception_msgs/local/lib/python3.10/dist-packages:/home/sws/autoware/install/autoware_auto_vehicle_msgs/local/lib/python3.10/dist-packages:/home/sws/autoware/install/autoware_auto_planning_msgs/local/lib/python3.10/dist-packages:/home/sws/autoware/install/autoware_auto_perception_msgs/local/lib/python3.10/dist-packages:/home/sws/autoware/install/tier4_debug_msgs/local/lib/python3.10/dist-packages:/home/sws/autoware/install/autoware_auto_mapping_msgs/local/lib/python3.10/dist-packages:/home/sws/autoware/install/autoware_auto_geometry_msgs/local/lib/python3.10/dist-packages:${PYTHONPATH} /usr/bin/cmake --install /home/sws/autoware/build/shape_estimation
[166.978s] -- Install configuration: "Release"
[166.978s] -- Execute custom install script
[166.978s] -- Symlinking: /home/sws/autoware/install/shape_estimation/lib/shape_estimation/shape_estimation
[166.978s] -- Symlinking: /home/sws/autoware/install/shape_estimation/include/shape_estimation/corrector/bus_corrector.hpp
[166.978s] -- Symlinking: /home/sws/autoware/install/shape_estimation/include/shape_estimation/corrector/car_corrector.hpp
[166.978s] -- Symlinking: /home/sws/autoware/install/shape_estimation/include/shape_estimation/corrector/corrector.hpp
[166.979s] -- Symlinking: /home/sws/autoware/install/shape_estimation/include/shape_estimation/corrector/corrector_interface.hpp
[166.979s] -- Symlinking: /home/sws/autoware/install/shape_estimation/include/shape_estimation/corrector/no_corrector.hpp
[166.979s] -- Symlinking: /home/sws/autoware/install/shape_estimation/include/shape_estimation/corrector/reference_shape_size_corrector.hpp
[166.979s] -- Symlinking: /home/sws/autoware/install/shape_estimation/include/shape_estimation/corrector/trailer_corrector.hpp
[166.979s] -- Symlinking: /home/sws/autoware/install/shape_estimation/include/shape_estimation/corrector/truck_corrector.hpp
[166.979s] -- Symlinking: /home/sws/autoware/install/shape_estimation/include/shape_estimation/corrector/utils.hpp
[166.979s] -- Symlinking: /home/sws/autoware/install/shape_estimation/include/shape_estimation/corrector/vehicle_corrector.hpp
[166.979s] -- Symlinking: /home/sws/autoware/install/shape_estimation/include/shape_estimation/filter/bus_filter.hpp
[166.979s] -- Symlinking: /home/sws/autoware/install/shape_estimation/include/shape_estimation/filter/car_filter.hpp
[166.979s] -- Symlinking: /home/sws/autoware/install/shape_estimation/include/shape_estimation/filter/filter.hpp
[166.979s] -- Symlinking: /home/sws/autoware/install/shape_estimation/include/shape_estimation/filter/filter_interface.hpp
[166.979s] -- Symlinking: /home/sws/autoware/install/shape_estimation/include/shape_estimation/filter/no_filter.hpp
[166.980s] -- Symlinking: /home/sws/autoware/install/shape_estimation/include/shape_estimation/filter/trailer_filter.hpp
[166.980s] -- Symlinking: /home/sws/autoware/install/shape_estimation/include/shape_estimation/filter/truck_filter.hpp
[166.980s] -- Symlinking: /home/sws/autoware/install/shape_estimation/include/shape_estimation/filter/utils.hpp
[166.980s] -- Symlinking: /home/sws/autoware/install/shape_estimation/include/shape_estimation/model/bounding_box.hpp
[166.980s] -- Symlinking: /home/sws/autoware/install/shape_estimation/include/shape_estimation/model/convex_hull.hpp
[166.980s] -- Symlinking: /home/sws/autoware/install/shape_estimation/include/shape_estimation/model/cylinder.hpp
[166.980s] -- Symlinking: /home/sws/autoware/install/shape_estimation/include/shape_estimation/model/model.hpp
[166.980s] -- Symlinking: /home/sws/autoware/install/shape_estimation/include/shape_estimation/model/model_interface.hpp
[166.980s] -- Symlinking: /home/sws/autoware/install/shape_estimation/include/shape_estimation/shape_estimator.hpp
[166.980s] -- Symlinking: /home/sws/autoware/install/shape_estimation/share/shape_estimation/environment/library_path.sh
[166.980s] -- Symlinking: /home/sws/autoware/install/shape_estimation/share/shape_estimation/environment/library_path.dsv
[166.980s] -- Symlinking: /home/sws/autoware/install/shape_estimation/lib/libshape_estimation_lib.so
[166.981s] -- Symlinking: /home/sws/autoware/install/shape_estimation/lib/libshape_estimation_node.so
[166.981s] -- Symlinking: /home/sws/autoware/install/shape_estimation/share/shape_estimation/launch/shape_estimation.launch.xml
[166.981s] -- Symlinking: /home/sws/autoware/install/shape_estimation/share/ament_index/resource_index/package_run_dependencies/shape_estimation
[166.981s] -- Symlinking: /home/sws/autoware/install/shape_estimation/share/ament_index/resource_index/parent_prefix_path/shape_estimation
[166.981s] -- Symlinking: /home/sws/autoware/install/shape_estimation/share/shape_estimation/environment/ament_prefix_path.sh
[166.981s] -- Symlinking: /home/sws/autoware/install/shape_estimation/share/shape_estimation/environment/ament_prefix_path.dsv
[166.981s] -- Symlinking: /home/sws/autoware/install/shape_estimation/share/shape_estimation/environment/path.sh
[166.981s] -- Symlinking: /home/sws/autoware/install/shape_estimation/share/shape_estimation/environment/path.dsv
[166.981s] -- Symlinking: /home/sws/autoware/install/shape_estimation/share/shape_estimation/local_setup.bash
[166.981s] -- Symlinking: /home/sws/autoware/install/shape_estimation/share/shape_estimation/local_setup.sh
[166.981s] -- Symlinking: /home/sws/autoware/install/shape_estimation/share/shape_estimation/local_setup.zsh
[166.981s] -- Symlinking: /home/sws/autoware/install/shape_estimation/share/shape_estimation/local_setup.dsv
[166.981s] -- Symlinking: /home/sws/autoware/install/shape_estimation/share/shape_estimation/package.dsv
[166.982s] -- Symlinking: /home/sws/autoware/install/shape_estimation/share/ament_index/resource_index/packages/shape_estimation
[166.982s] -- Symlinking: /home/sws/autoware/install/shape_estimation/share/ament_index/resource_index/rclcpp_components/shape_estimation
[166.982s] -- Symlinking: /home/sws/autoware/install/shape_estimation/share/shape_estimation/cmake/ament_cmake_export_dependencies-extras.cmake
[166.982s] -- Symlinking: /home/sws/autoware/install/shape_estimation/share/shape_estimation/cmake/ament_cmake_export_include_directories-extras.cmake
[166.982s] -- Symlinking: /home/sws/autoware/install/shape_estimation/share/shape_estimation/cmake/ament_cmake_export_libraries-extras.cmake
[166.982s] -- Symlinking: /home/sws/autoware/install/shape_estimation/share/shape_estimation/cmake/shape_estimationConfig.cmake
[166.982s] -- Symlinking: /home/sws/autoware/install/shape_estimation/share/shape_estimation/cmake/shape_estimationConfig-version.cmake
[166.982s] -- Symlinking: /home/sws/autoware/install/shape_estimation/share/shape_estimation/package.xml
[167.023s] Invoked command in '/home/sws/autoware/build/shape_estimation' returned '0': AMENT_PREFIX_PATH=/home/sws/autoware/install/tier4_autoware_utils:/home/sws/autoware/install/tier4_perception_msgs:/home/sws/autoware/install/autoware_auto_vehicle_msgs:/home/sws/autoware/install/autoware_cmake:/home/sws/autoware/install/autoware_auto_planning_msgs:/home/sws/autoware/install/autoware_auto_perception_msgs:/home/sws/autoware/install/tier4_debug_msgs:/home/sws/autoware/install/autoware_lint_common:/home/sws/autoware/install/autoware_auto_mapping_msgs:/home/sws/autoware/install/autoware_auto_geometry_msgs:${AMENT_PREFIX_PATH} CMAKE_PREFIX_PATH=/home/sws/autoware/install/tier4_autoware_utils:/home/sws/autoware/install/tier4_perception_msgs:/home/sws/autoware/install/autoware_auto_vehicle_msgs:/home/sws/autoware/install/autoware_cmake:/home/sws/autoware/install/autoware_auto_planning_msgs:/home/sws/autoware/install/autoware_auto_perception_msgs:/home/sws/autoware/install/tier4_debug_msgs:/home/sws/autoware/install/autoware_lint_common:/home/sws/autoware/install/autoware_auto_mapping_msgs:/home/sws/autoware/install/autoware_auto_geometry_msgs:/opt/ros/humble LD_LIBRARY_PATH=/home/sws/autoware/install/tier4_autoware_utils/lib:/home/sws/autoware/install/tier4_perception_msgs/lib:/home/sws/autoware/install/autoware_auto_vehicle_msgs/lib:/home/sws/autoware/install/autoware_auto_planning_msgs/lib:/home/sws/autoware/install/autoware_auto_perception_msgs/lib:/home/sws/autoware/install/tier4_debug_msgs/lib:/home/sws/autoware/install/autoware_auto_mapping_msgs/lib:/home/sws/autoware/install/autoware_auto_geometry_msgs/lib:${LD_LIBRARY_PATH} PYTHONPATH=/home/sws/autoware/install/tier4_perception_msgs/local/lib/python3.10/dist-packages:/home/sws/autoware/install/autoware_auto_vehicle_msgs/local/lib/python3.10/dist-packages:/home/sws/autoware/install/autoware_auto_planning_msgs/local/lib/python3.10/dist-packages:/home/sws/autoware/install/autoware_auto_perception_msgs/local/lib/python3.10/dist-packages:/home/sws/autoware/install/tier4_debug_msgs/local/lib/python3.10/dist-packages:/home/sws/autoware/install/autoware_auto_mapping_msgs/local/lib/python3.10/dist-packages:/home/sws/autoware/install/autoware_auto_geometry_msgs/local/lib/python3.10/dist-packages:${PYTHONPATH} /usr/bin/cmake --install /home/sws/autoware/build/shape_estimation
