-- The C compiler identification is GNU 11.3.0
-- The CXX compiler identification is GNU 11.3.0
-- Detecting C compiler ABI info
-- Detecting C compiler ABI info - done
-- Check for working C compiler: /usr/bin/cc - skipped
-- Detecting C compile features
-- Detecting C compile features - done
-- Detecting CXX compiler ABI info
-- Detecting CXX compiler ABI info - done
-- Check for working CXX compiler: /usr/bin/c++ - skipped
-- Detecting CXX compile features
-- Detecting CXX compile features - done
-- Found autoware_cmake: 0.1.0 (/home/sws/autoware/install/autoware_cmake/share/autoware_cmake/cmake)
-- Found Python3: /usr/bin/python3.10 (found version "3.10.6") found components: Interpreter 
-- Override CMake install command with custom implementation using symlinks instead of copying resources
-- Found rosidl_generator_c: 3.1.4 (/opt/ros/humble/share/rosidl_generator_c/cmake)
-- Found rosidl_adapter: 3.1.4 (/opt/ros/humble/share/rosidl_adapter/cmake)
-- Found rosidl_generator_cpp: 3.1.4 (/opt/ros/humble/share/rosidl_generator_cpp/cmake)
-- Using all available rosidl_typesupport_c: rosidl_typesupport_fastrtps_c;rosidl_typesupport_introspection_c
-- Using all available rosidl_typesupport_cpp: rosidl_typesupport_fastrtps_cpp;rosidl_typesupport_introspection_cpp
-- Found rmw_implementation_cmake: 6.1.1 (/opt/ros/humble/share/rmw_implementation_cmake/cmake)
-- Found rmw_fastrtps_cpp: 6.2.2 (/opt/ros/humble/share/rmw_fastrtps_cpp/cmake)
-- Found OpenSSL: /usr/lib/x86_64-linux-gnu/libcrypto.so (found version "3.0.2")  
-- Found FastRTPS: /opt/ros/humble/include  
-- Using RMW implementation 'rmw_fastrtps_cpp' as default
-- Looking for pthread.h
-- Looking for pthread.h - found
-- Performing Test CMAKE_HAVE_LIBC_PTHREAD
-- Performing Test CMAKE_HAVE_LIBC_PTHREAD - Success
-- Found Threads: TRUE  
-- Found eigen3_cmake_module: 0.1.1 (/opt/ros/humble/share/eigen3_cmake_module/cmake)
-- Found Eigen3: TRUE (found version "3.4.0") 
-- Ensuring Eigen3 include directory is part of orocos-kdl CMake target
-- Found ament_lint_auto: 0.12.5 (/opt/ros/humble/share/ament_lint_auto/cmake)
-- Checking for module 'eigen3'
--   Found eigen3, version 3.4.0
-- Found Eigen: /usr/include/eigen3 (Required is at least version "3.1") 
-- Eigen found (include: /usr/include/eigen3, version: 3.4.0)
-- Found Boost: /usr/lib/x86_64-linux-gnu/cmake/Boost-1.74.0/BoostConfig.cmake (found suitable version "1.74.0", minimum required is "1.65.0") found components: system filesystem date_time iostreams serialization 
-- Checking for module 'libusb-1.0'
--   Found libusb-1.0, version 1.0.25
-- Found libusb: /usr/lib/x86_64-linux-gnu/libusb-1.0.so  
-- Found OpenNI: /usr/lib/libOpenNI.so;libusb::libusb (found version "1.5.4.0") 
-- OpenNI found (version: 1.5.4.0, include: /usr/include/ni, lib: /usr/lib/libOpenNI.so;libusb::libusb)
-- Found OpenNI2: /usr/lib/x86_64-linux-gnu/libOpenNI2.so;libusb::libusb (found version "2.2.0.33") 
-- OpenNI2 found (version: 2.2.0.33, include: /usr/include/openni2, lib: /usr/lib/x86_64-linux-gnu/libOpenNI2.so;libusb::libusb)
-- Found GLEW: /usr/lib/x86_64-linux-gnu/libGLEW.so  
-- Found OpenGL: /usr/lib/x86_64-linux-gnu/libOpenGL.so  found components: OpenGL GLX 
-- Found MPI_C: /usr/lib/x86_64-linux-gnu/libmpi.so (found version "3.1") 
-- Found MPI: TRUE (found version "3.1") found components: C 
-- Found JsonCpp: /usr/lib/x86_64-linux-gnu/libjsoncpp.so (found suitable version "1.9.5", minimum required is "0.7.0") 
-- Found ZLIB: /usr/lib/x86_64-linux-gnu/libz.so (found version "1.2.11") 
-- Found PNG: /usr/lib/x86_64-linux-gnu/libpng.so (found version "1.6.37") 
-- Found Eigen3: /usr/include/eigen3 (found version "3.4.0") 
-- Found X11: /usr/include   
-- Looking for XOpenDisplay in /usr/lib/x86_64-linux-gnu/libX11.so;/usr/lib/x86_64-linux-gnu/libXext.so
-- Looking for XOpenDisplay in /usr/lib/x86_64-linux-gnu/libX11.so;/usr/lib/x86_64-linux-gnu/libXext.so - found
-- Looking for gethostbyname
-- Looking for gethostbyname - found
-- Looking for connect
-- Looking for connect - found
-- Looking for remove
-- Looking for remove - found
-- Looking for shmat
-- Looking for shmat - found
-- Looking for IceConnectionNumber in ICE
-- Looking for IceConnectionNumber in ICE - found
-- Found EXPAT: /usr/lib/x86_64-linux-gnu/libexpat.so (found version "2.4.7") 
-- Found double-conversion: /usr/lib/x86_64-linux-gnu/libdouble-conversion.so  
-- Found LZ4: /usr/lib/x86_64-linux-gnu/liblz4.so (found version "1.9.3") 
-- Found LZMA: /usr/lib/x86_64-linux-gnu/liblzma.so (found version "5.2.5") 
-- Found JPEG: /usr/lib/x86_64-linux-gnu/libjpeg.so (found version "80") 
-- Found TIFF: /usr/lib/x86_64-linux-gnu/libtiff.so (found version "4.3.0")  
-- Found Freetype: /usr/lib/x86_64-linux-gnu/libfreetype.so (found version "2.11.1") 
-- Found utf8cpp: /usr/include/utf8cpp  
-- Eigen found (include: /usr/include/eigen3, version: 3.4.0)
-- Checking for module 'flann'
--   Found flann, version 1.9.1
-- Found FLANN: /usr/lib/x86_64-linux-gnu/libflann_cpp.so  
-- FLANN found (include: /usr/include, lib: /usr/lib/x86_64-linux-gnu/libflann_cpp.so)
-- looking for PCL_COMMON
-- Found PCL_COMMON: /usr/lib/x86_64-linux-gnu/libpcl_common.so  
-- looking for PCL_OCTREE
-- Found PCL_OCTREE: /usr/lib/x86_64-linux-gnu/libpcl_octree.so  
-- looking for PCL_IO
-- Found PCL_IO: /usr/lib/x86_64-linux-gnu/libpcl_io.so  
-- looking for PCL_KDTREE
-- Found PCL_KDTREE: /usr/lib/x86_64-linux-gnu/libpcl_kdtree.so  
-- looking for PCL_SEARCH
-- Found PCL_SEARCH: /usr/lib/x86_64-linux-gnu/libpcl_search.so  
-- looking for PCL_SAMPLE_CONSENSUS
-- Found PCL_SAMPLE_CONSENSUS: /usr/lib/x86_64-linux-gnu/libpcl_sample_consensus.so  
-- looking for PCL_FILTERS
-- Found PCL_FILTERS: /usr/lib/x86_64-linux-gnu/libpcl_filters.so  
-- looking for PCL_2D
-- Found PCL_2D: /usr/include/pcl-1.12  
-- looking for PCL_FEATURES
-- Found PCL_FEATURES: /usr/lib/x86_64-linux-gnu/libpcl_features.so  
-- looking for PCL_REGISTRATION
-- Found PCL_REGISTRATION: /usr/lib/x86_64-linux-gnu/libpcl_registration.so  
-- Found PCL: pcl_common;pcl_octree;pcl_io;pcl_kdtree;pcl_search;pcl_sample_consensus;pcl_filters;pcl_features;pcl_registration;Boost::system;Boost::filesystem;Boost::date_time;Boost::iostreams;Boost::serialization;/usr/lib/libOpenNI.so;libusb::libusb;/usr/lib/x86_64-linux-gnu/libOpenNI2.so;libusb::libusb;VTK::ChartsCore;VTK::CommonColor;VTK::CommonComputationalGeometry;VTK::CommonCore;VTK::CommonDataModel;VTK::CommonExecutionModel;VTK::CommonMath;VTK::CommonMisc;VTK::CommonTransforms;VTK::FiltersCore;VTK::FiltersExtraction;VTK::FiltersGeneral;VTK::FiltersGeometry;VTK::FiltersModeling;VTK::FiltersSources;VTK::ImagingCore;VTK::ImagingSources;VTK::InteractionImage;VTK::InteractionStyle;VTK::InteractionWidgets;VTK::IOCore;VTK::IOGeometry;VTK::IOImage;VTK::IOLegacy;VTK::IOPLY;VTK::RenderingAnnotation;VTK::RenderingCore;VTK::RenderingContext2D;VTK::RenderingLOD;VTK::RenderingFreeType;VTK::ViewsCore;VTK::ViewsContext2D;VTK::RenderingOpenGL2;VTK::GUISupportQt;FLANN::FLANN  
-- Added test 'cppcheck' to perform static code analysis on C / C++ code
-- Configured cppcheck include dirs: /home/sws/autoware/src/universe/autoware.universe/localization/ndt_scan_matcher/include
-- Configured cppcheck exclude dirs and/or files: 
-- Configuring done
-- Generating done
-- Build files have been written to: /home/sws/autoware/build/ndt_scan_matcher
[ 10%] [32mBuilding CXX object CMakeFiles/ndt_scan_matcher.dir/src/debug.cpp.o[0m
[ 20%] [32mBuilding CXX object CMakeFiles/ndt_scan_matcher.dir/src/map_update_module.cpp.o[0m
[ 30%] [32mBuilding CXX object CMakeFiles/ndt_scan_matcher.dir/src/pose_initialization_module.cpp.o[0m
[ 40%] [32mBuilding CXX object CMakeFiles/ndt_scan_matcher.dir/src/map_module.cpp.o[0m
[ 50%] [32mBuilding CXX object CMakeFiles/ndt_scan_matcher.dir/src/pose_array_interpolator.cpp.o[0m
[ 60%] [32mBuilding CXX object CMakeFiles/ndt_scan_matcher.dir/src/tf2_listener_module.cpp.o[0m
[ 70%] [32mBuilding CXX object CMakeFiles/ndt_scan_matcher.dir/src/util_func.cpp.o[0m
[ 80%] [32mBuilding CXX object CMakeFiles/ndt_scan_matcher.dir/src/ndt_scan_matcher_core.cpp.o[0m
[ 90%] [32mBuilding CXX object CMakeFiles/ndt_scan_matcher.dir/src/ndt_scan_matcher_node.cpp.o[0m
[100%] [32m[1mLinking CXX executable ndt_scan_matcher[0m
[100%] Built target ndt_scan_matcher
-- Install configuration: "Release"
-- Execute custom install script
-- Symlinking: /home/sws/autoware/install/ndt_scan_matcher/include/ndt_scan_matcher/debug.hpp
-- Symlinking: /home/sws/autoware/install/ndt_scan_matcher/include/ndt_scan_matcher/map_module.hpp
-- Symlinking: /home/sws/autoware/install/ndt_scan_matcher/include/ndt_scan_matcher/map_update_module.hpp
-- Symlinking: /home/sws/autoware/install/ndt_scan_matcher/include/ndt_scan_matcher/matrix_type.hpp
-- Symlinking: /home/sws/autoware/install/ndt_scan_matcher/include/ndt_scan_matcher/ndt_scan_matcher_core.hpp
-- Symlinking: /home/sws/autoware/install/ndt_scan_matcher/include/ndt_scan_matcher/particle.hpp
-- Symlinking: /home/sws/autoware/install/ndt_scan_matcher/include/ndt_scan_matcher/pose_array_interpolator.hpp
-- Symlinking: /home/sws/autoware/install/ndt_scan_matcher/include/ndt_scan_matcher/pose_initialization_module.hpp
-- Symlinking: /home/sws/autoware/install/ndt_scan_matcher/include/ndt_scan_matcher/tf2_listener_module.hpp
-- Symlinking: /home/sws/autoware/install/ndt_scan_matcher/include/ndt_scan_matcher/util_func.hpp
-- Symlinking: /home/sws/autoware/install/ndt_scan_matcher/lib/ndt_scan_matcher/ndt_scan_matcher
-- Symlinking: /home/sws/autoware/install/ndt_scan_matcher/share/ndt_scan_matcher/launch/ndt_scan_matcher.launch.xml
-- Symlinking: /home/sws/autoware/install/ndt_scan_matcher/share/ndt_scan_matcher/config/ndt_scan_matcher.param.yaml
-- Symlinking: /home/sws/autoware/install/ndt_scan_matcher/share/ament_index/resource_index/package_run_dependencies/ndt_scan_matcher
-- Symlinking: /home/sws/autoware/install/ndt_scan_matcher/share/ament_index/resource_index/parent_prefix_path/ndt_scan_matcher
-- Symlinking: /home/sws/autoware/install/ndt_scan_matcher/share/ndt_scan_matcher/environment/ament_prefix_path.sh
-- Symlinking: /home/sws/autoware/install/ndt_scan_matcher/share/ndt_scan_matcher/environment/ament_prefix_path.dsv
-- Symlinking: /home/sws/autoware/install/ndt_scan_matcher/share/ndt_scan_matcher/environment/path.sh
-- Symlinking: /home/sws/autoware/install/ndt_scan_matcher/share/ndt_scan_matcher/environment/path.dsv
-- Symlinking: /home/sws/autoware/install/ndt_scan_matcher/share/ndt_scan_matcher/local_setup.bash
-- Symlinking: /home/sws/autoware/install/ndt_scan_matcher/share/ndt_scan_matcher/local_setup.sh
-- Symlinking: /home/sws/autoware/install/ndt_scan_matcher/share/ndt_scan_matcher/local_setup.zsh
-- Symlinking: /home/sws/autoware/install/ndt_scan_matcher/share/ndt_scan_matcher/local_setup.dsv
-- Symlinking: /home/sws/autoware/install/ndt_scan_matcher/share/ndt_scan_matcher/package.dsv
-- Symlinking: /home/sws/autoware/install/ndt_scan_matcher/share/ament_index/resource_index/packages/ndt_scan_matcher
-- Symlinking: /home/sws/autoware/install/ndt_scan_matcher/share/ndt_scan_matcher/cmake/ament_cmake_export_dependencies-extras.cmake
-- Symlinking: /home/sws/autoware/install/ndt_scan_matcher/share/ndt_scan_matcher/cmake/ament_cmake_export_include_directories-extras.cmake
-- Symlinking: /home/sws/autoware/install/ndt_scan_matcher/share/ndt_scan_matcher/cmake/ndt_scan_matcherConfig.cmake
-- Symlinking: /home/sws/autoware/install/ndt_scan_matcher/share/ndt_scan_matcher/cmake/ndt_scan_matcherConfig-version.cmake
-- Symlinking: /home/sws/autoware/install/ndt_scan_matcher/share/ndt_scan_matcher/package.xml
