[0.658s] Invoking command in '/home/sws/autoware/build/mpc_lateral_controller': AMENT_PREFIX_PATH=/home/sws/autoware/install/trajectory_follower_base:/home/sws/autoware/install/motion_utils:/home/sws/autoware/install/vehicle_info_util:/home/sws/autoware/install/interpolation:/home/sws/autoware/install/tier4_autoware_utils:/home/sws/autoware/install/osqp_interface:/home/sws/autoware/install/autoware_auto_vehicle_msgs:/home/sws/autoware/install/autoware_cmake:/home/sws/autoware/install/autoware_auto_planning_msgs:/home/sws/autoware/install/autoware_auto_perception_msgs:/home/sws/autoware/install/tier4_debug_msgs:/home/sws/autoware/install/autoware_lint_common:/home/sws/autoware/install/autoware_auto_mapping_msgs:/home/sws/autoware/install/autoware_auto_geometry_msgs:/home/sws/autoware/install/autoware_auto_control_msgs:/home/sws/autoware/install/autoware_adapi_v1_msgs:${AMENT_PREFIX_PATH} CMAKE_PREFIX_PATH=/home/sws/autoware/install/trajectory_follower_base:/home/sws/autoware/install/motion_utils:/home/sws/autoware/install/vehicle_info_util:/home/sws/autoware/install/interpolation:/home/sws/autoware/install/tier4_autoware_utils:/home/sws/autoware/install/osqp_interface:/home/sws/autoware/install/autoware_auto_vehicle_msgs:/home/sws/autoware/install/autoware_cmake:/home/sws/autoware/install/autoware_auto_planning_msgs:/home/sws/autoware/install/autoware_auto_perception_msgs:/home/sws/autoware/install/tier4_debug_msgs:/home/sws/autoware/install/autoware_lint_common:/home/sws/autoware/install/autoware_auto_mapping_msgs:/home/sws/autoware/install/autoware_auto_geometry_msgs:/home/sws/autoware/install/autoware_auto_control_msgs:/home/sws/autoware/install/autoware_adapi_v1_msgs:/opt/ros/humble LD_LIBRARY_PATH=/home/sws/autoware/install/trajectory_follower_base/lib:/home/sws/autoware/install/motion_utils/lib:/home/sws/autoware/install/vehicle_info_util/lib:/home/sws/autoware/install/interpolation/lib:/home/sws/autoware/install/tier4_autoware_utils/lib:/home/sws/autoware/install/osqp_interface/lib:/home/sws/autoware/install/autoware_auto_vehicle_msgs/lib:/home/sws/autoware/install/autoware_auto_planning_msgs/lib:/home/sws/autoware/install/autoware_auto_perception_msgs/lib:/home/sws/autoware/install/tier4_debug_msgs/lib:/home/sws/autoware/install/autoware_auto_mapping_msgs/lib:/home/sws/autoware/install/autoware_auto_geometry_msgs/lib:/home/sws/autoware/install/autoware_auto_control_msgs/lib:/home/sws/autoware/install/autoware_adapi_v1_msgs/lib:${LD_LIBRARY_PATH} PYTHONPATH=/home/sws/autoware/install/autoware_auto_vehicle_msgs/local/lib/python3.10/dist-packages:/home/sws/autoware/install/autoware_auto_planning_msgs/local/lib/python3.10/dist-packages:/home/sws/autoware/install/autoware_auto_perception_msgs/local/lib/python3.10/dist-packages:/home/sws/autoware/install/tier4_debug_msgs/local/lib/python3.10/dist-packages:/home/sws/autoware/install/autoware_auto_mapping_msgs/local/lib/python3.10/dist-packages:/home/sws/autoware/install/autoware_auto_geometry_msgs/local/lib/python3.10/dist-packages:/home/sws/autoware/install/autoware_auto_control_msgs/local/lib/python3.10/dist-packages:/home/sws/autoware/install/autoware_adapi_v1_msgs/local/lib/python3.10/dist-packages:${PYTHONPATH} /usr/bin/cmake /home/sws/autoware/src/universe/autoware.universe/control/mpc_lateral_controller -DCMAKE_BUILD_TYPE=Release -DAMENT_CMAKE_SYMLINK_INSTALL=1 -DCMAKE_INSTALL_PREFIX=/home/sws/autoware/install/mpc_lateral_controller
[62.421s] -- The C compiler identification is GNU 11.3.0
[62.421s] -- The CXX compiler identification is GNU 11.3.0
[62.421s] -- Detecting C compiler ABI info
[62.421s] -- Detecting C compiler ABI info - done
[62.421s] -- Check for working C compiler: /usr/bin/cc - skipped
[62.422s] -- Detecting C compile features
[62.422s] -- Detecting C compile features - done
[62.422s] -- Detecting CXX compiler ABI info
[62.422s] -- Detecting CXX compiler ABI info - done
[62.422s] -- Check for working CXX compiler: /usr/bin/c++ - skipped
[62.422s] -- Detecting CXX compile features
[62.422s] -- Detecting CXX compile features - done
[62.422s] -- Found autoware_cmake: 0.1.0 (/home/sws/autoware/install/autoware_cmake/share/autoware_cmake/cmake)
[62.423s] -- Found Python3: /usr/bin/python3.10 (found version "3.10.6") found components: Interpreter 
[62.423s] -- Override CMake install command with custom implementation using symlinks instead of copying resources
[62.423s] -- Found rosidl_generator_c: 3.1.4 (/opt/ros/humble/share/rosidl_generator_c/cmake)
[62.423s] -- Found rosidl_adapter: 3.1.4 (/opt/ros/humble/share/rosidl_adapter/cmake)
[62.423s] -- Found rosidl_generator_cpp: 3.1.4 (/opt/ros/humble/share/rosidl_generator_cpp/cmake)
[62.423s] -- Using all available rosidl_typesupport_c: rosidl_typesupport_fastrtps_c;rosidl_typesupport_introspection_c
[62.423s] -- Using all available rosidl_typesupport_cpp: rosidl_typesupport_fastrtps_cpp;rosidl_typesupport_introspection_cpp
[62.423s] -- Found rmw_implementation_cmake: 6.1.1 (/opt/ros/humble/share/rmw_implementation_cmake/cmake)
[62.423s] -- Found rmw_fastrtps_cpp: 6.2.2 (/opt/ros/humble/share/rmw_fastrtps_cpp/cmake)
[62.424s] -- Found OpenSSL: /usr/lib/x86_64-linux-gnu/libcrypto.so (found version "3.0.2")  
[62.424s] -- Found FastRTPS: /opt/ros/humble/include  
[62.424s] -- Using RMW implementation 'rmw_fastrtps_cpp' as default
[62.424s] -- Looking for pthread.h
[62.424s] -- Looking for pthread.h - found
[62.424s] -- Performing Test CMAKE_HAVE_LIBC_PTHREAD
[62.424s] -- Performing Test CMAKE_HAVE_LIBC_PTHREAD - Success
[62.424s] -- Found Threads: TRUE  
[62.424s] -- Found eigen3_cmake_module: 0.1.1 (/opt/ros/humble/share/eigen3_cmake_module/cmake)
[62.424s] -- Found Eigen3: TRUE (found version "3.4.0") 
[62.424s] -- Ensuring Eigen3 include directory is part of orocos-kdl CMake target
[62.425s] -- Found ament_lint_auto: 0.12.5 (/opt/ros/humble/share/ament_lint_auto/cmake)
[70.730s] -- Found gtest sources under '/opt/ros/humble/src/gtest_vendor': C++ tests using 'Google Test' will be built
[70.746s] -- Added test 'copyright' to check source files copyright and LICENSE
[70.750s] -- Added test 'cppcheck' to perform static code analysis on C / C++ code
[70.751s] -- Configured cppcheck include dirs: /home/sws/autoware/src/universe/autoware.universe/control/mpc_lateral_controller/include
[70.751s] -- Configured cppcheck exclude dirs and/or files: 
[70.753s] -- Added test 'lint_cmake' to check CMake code style
[70.754s] -- Added test 'xmllint' to check XML markup files
[70.760s] -- Configuring done
[70.956s] -- Generating done
[70.960s] -- Build files have been written to: /home/sws/autoware/build/mpc_lateral_controller
[70.986s] Invoked command in '/home/sws/autoware/build/mpc_lateral_controller' returned '0': AMENT_PREFIX_PATH=/home/sws/autoware/install/trajectory_follower_base:/home/sws/autoware/install/motion_utils:/home/sws/autoware/install/vehicle_info_util:/home/sws/autoware/install/interpolation:/home/sws/autoware/install/tier4_autoware_utils:/home/sws/autoware/install/osqp_interface:/home/sws/autoware/install/autoware_auto_vehicle_msgs:/home/sws/autoware/install/autoware_cmake:/home/sws/autoware/install/autoware_auto_planning_msgs:/home/sws/autoware/install/autoware_auto_perception_msgs:/home/sws/autoware/install/tier4_debug_msgs:/home/sws/autoware/install/autoware_lint_common:/home/sws/autoware/install/autoware_auto_mapping_msgs:/home/sws/autoware/install/autoware_auto_geometry_msgs:/home/sws/autoware/install/autoware_auto_control_msgs:/home/sws/autoware/install/autoware_adapi_v1_msgs:${AMENT_PREFIX_PATH} CMAKE_PREFIX_PATH=/home/sws/autoware/install/trajectory_follower_base:/home/sws/autoware/install/motion_utils:/home/sws/autoware/install/vehicle_info_util:/home/sws/autoware/install/interpolation:/home/sws/autoware/install/tier4_autoware_utils:/home/sws/autoware/install/osqp_interface:/home/sws/autoware/install/autoware_auto_vehicle_msgs:/home/sws/autoware/install/autoware_cmake:/home/sws/autoware/install/autoware_auto_planning_msgs:/home/sws/autoware/install/autoware_auto_perception_msgs:/home/sws/autoware/install/tier4_debug_msgs:/home/sws/autoware/install/autoware_lint_common:/home/sws/autoware/install/autoware_auto_mapping_msgs:/home/sws/autoware/install/autoware_auto_geometry_msgs:/home/sws/autoware/install/autoware_auto_control_msgs:/home/sws/autoware/install/autoware_adapi_v1_msgs:/opt/ros/humble LD_LIBRARY_PATH=/home/sws/autoware/install/trajectory_follower_base/lib:/home/sws/autoware/install/motion_utils/lib:/home/sws/autoware/install/vehicle_info_util/lib:/home/sws/autoware/install/interpolation/lib:/home/sws/autoware/install/tier4_autoware_utils/lib:/home/sws/autoware/install/osqp_interface/lib:/home/sws/autoware/install/autoware_auto_vehicle_msgs/lib:/home/sws/autoware/install/autoware_auto_planning_msgs/lib:/home/sws/autoware/install/autoware_auto_perception_msgs/lib:/home/sws/autoware/install/tier4_debug_msgs/lib:/home/sws/autoware/install/autoware_auto_mapping_msgs/lib:/home/sws/autoware/install/autoware_auto_geometry_msgs/lib:/home/sws/autoware/install/autoware_auto_control_msgs/lib:/home/sws/autoware/install/autoware_adapi_v1_msgs/lib:${LD_LIBRARY_PATH} PYTHONPATH=/home/sws/autoware/install/autoware_auto_vehicle_msgs/local/lib/python3.10/dist-packages:/home/sws/autoware/install/autoware_auto_planning_msgs/local/lib/python3.10/dist-packages:/home/sws/autoware/install/autoware_auto_perception_msgs/local/lib/python3.10/dist-packages:/home/sws/autoware/install/tier4_debug_msgs/local/lib/python3.10/dist-packages:/home/sws/autoware/install/autoware_auto_mapping_msgs/local/lib/python3.10/dist-packages:/home/sws/autoware/install/autoware_auto_geometry_msgs/local/lib/python3.10/dist-packages:/home/sws/autoware/install/autoware_auto_control_msgs/local/lib/python3.10/dist-packages:/home/sws/autoware/install/autoware_adapi_v1_msgs/local/lib/python3.10/dist-packages:${PYTHONPATH} /usr/bin/cmake /home/sws/autoware/src/universe/autoware.universe/control/mpc_lateral_controller -DCMAKE_BUILD_TYPE=Release -DAMENT_CMAKE_SYMLINK_INSTALL=1 -DCMAKE_INSTALL_PREFIX=/home/sws/autoware/install/mpc_lateral_controller
[70.988s] Invoking command in '/home/sws/autoware/build/mpc_lateral_controller': AMENT_PREFIX_PATH=/home/sws/autoware/install/trajectory_follower_base:/home/sws/autoware/install/motion_utils:/home/sws/autoware/install/vehicle_info_util:/home/sws/autoware/install/interpolation:/home/sws/autoware/install/tier4_autoware_utils:/home/sws/autoware/install/osqp_interface:/home/sws/autoware/install/autoware_auto_vehicle_msgs:/home/sws/autoware/install/autoware_cmake:/home/sws/autoware/install/autoware_auto_planning_msgs:/home/sws/autoware/install/autoware_auto_perception_msgs:/home/sws/autoware/install/tier4_debug_msgs:/home/sws/autoware/install/autoware_lint_common:/home/sws/autoware/install/autoware_auto_mapping_msgs:/home/sws/autoware/install/autoware_auto_geometry_msgs:/home/sws/autoware/install/autoware_auto_control_msgs:/home/sws/autoware/install/autoware_adapi_v1_msgs:${AMENT_PREFIX_PATH} CMAKE_PREFIX_PATH=/home/sws/autoware/install/trajectory_follower_base:/home/sws/autoware/install/motion_utils:/home/sws/autoware/install/vehicle_info_util:/home/sws/autoware/install/interpolation:/home/sws/autoware/install/tier4_autoware_utils:/home/sws/autoware/install/osqp_interface:/home/sws/autoware/install/autoware_auto_vehicle_msgs:/home/sws/autoware/install/autoware_cmake:/home/sws/autoware/install/autoware_auto_planning_msgs:/home/sws/autoware/install/autoware_auto_perception_msgs:/home/sws/autoware/install/tier4_debug_msgs:/home/sws/autoware/install/autoware_lint_common:/home/sws/autoware/install/autoware_auto_mapping_msgs:/home/sws/autoware/install/autoware_auto_geometry_msgs:/home/sws/autoware/install/autoware_auto_control_msgs:/home/sws/autoware/install/autoware_adapi_v1_msgs:/opt/ros/humble LD_LIBRARY_PATH=/home/sws/autoware/install/trajectory_follower_base/lib:/home/sws/autoware/install/motion_utils/lib:/home/sws/autoware/install/vehicle_info_util/lib:/home/sws/autoware/install/interpolation/lib:/home/sws/autoware/install/tier4_autoware_utils/lib:/home/sws/autoware/install/osqp_interface/lib:/home/sws/autoware/install/autoware_auto_vehicle_msgs/lib:/home/sws/autoware/install/autoware_auto_planning_msgs/lib:/home/sws/autoware/install/autoware_auto_perception_msgs/lib:/home/sws/autoware/install/tier4_debug_msgs/lib:/home/sws/autoware/install/autoware_auto_mapping_msgs/lib:/home/sws/autoware/install/autoware_auto_geometry_msgs/lib:/home/sws/autoware/install/autoware_auto_control_msgs/lib:/home/sws/autoware/install/autoware_adapi_v1_msgs/lib:${LD_LIBRARY_PATH} PYTHONPATH=/home/sws/autoware/install/autoware_auto_vehicle_msgs/local/lib/python3.10/dist-packages:/home/sws/autoware/install/autoware_auto_planning_msgs/local/lib/python3.10/dist-packages:/home/sws/autoware/install/autoware_auto_perception_msgs/local/lib/python3.10/dist-packages:/home/sws/autoware/install/tier4_debug_msgs/local/lib/python3.10/dist-packages:/home/sws/autoware/install/autoware_auto_mapping_msgs/local/lib/python3.10/dist-packages:/home/sws/autoware/install/autoware_auto_geometry_msgs/local/lib/python3.10/dist-packages:/home/sws/autoware/install/autoware_auto_control_msgs/local/lib/python3.10/dist-packages:/home/sws/autoware/install/autoware_adapi_v1_msgs/local/lib/python3.10/dist-packages:${PYTHONPATH} /usr/bin/cmake --build /home/sws/autoware/build/mpc_lateral_controller -- -j16 -l16
[93.221s] [  4%] [32mBuilding CXX object gtest/CMakeFiles/gtest_main.dir/src/gtest_main.cc.o[0m
[93.223s] [  8%] [32mBuilding CXX object CMakeFiles/steering_offset_lib.dir/src/steering_offset/steering_offset.cpp.o[0m
[93.223s] [ 12%] [32m[1mLinking CXX shared library libsteering_offset_lib.so[0m
[93.223s] [ 16%] [32m[1mLinking CXX static library libgtest_main.a[0m
[93.223s] [ 16%] Built target gtest_main
[93.223s] [ 20%] [32mBuilding CXX object gtest/CMakeFiles/gtest.dir/src/gtest-all.cc.o[0m
[93.223s] [ 20%] Built target steering_offset_lib
[93.224s] [ 25%] [32m[1mLinking CXX static library libgtest.a[0m
[93.224s] [ 25%] Built target gtest
[93.224s] [ 29%] [32mBuilding CXX object CMakeFiles/mpc_lateral_controller_lib.dir/src/mpc_lateral_controller.cpp.o[0m
[105.715s] [ 33%] [32mBuilding CXX object CMakeFiles/mpc_lateral_controller_lib.dir/src/vehicle_model/vehicle_model_interface.cpp.o[0m
[107.175s] [ 37%] [32mBuilding CXX object CMakeFiles/mpc_lateral_controller_lib.dir/src/vehicle_model/vehicle_model_bicycle_kinematics.cpp.o[0m
[114.283s] [ 45%] [32mBuilding CXX object CMakeFiles/mpc_lateral_controller_lib.dir/src/vehicle_model/vehicle_model_bicycle_kinematics_no_delay.cpp.o[0m
[114.283s] [ 45%] [32mBuilding CXX object CMakeFiles/mpc_lateral_controller_lib.dir/src/vehicle_model/vehicle_model_bicycle_dynamics.cpp.o[0m
[121.748s] [ 50%] [32mBuilding CXX object CMakeFiles/mpc_lateral_controller_lib.dir/src/qp_solver/qp_solver_unconstr_fast.cpp.o[0m
[128.991s] [ 54%] [32mBuilding CXX object CMakeFiles/mpc_lateral_controller_lib.dir/src/qp_solver/qp_solver_osqp.cpp.o[0m
[134.940s] [ 58%] [32mBuilding CXX object CMakeFiles/mpc_lateral_controller_lib.dir/src/mpc_utils.cpp.o[0m
[147.687s] [ 62%] [32mBuilding CXX object CMakeFiles/mpc_lateral_controller_lib.dir/src/mpc_trajectory.cpp.o[0m
[147.691s] [ 66%] [32mBuilding CXX object CMakeFiles/mpc_lateral_controller_lib.dir/src/mpc.cpp.o[0m
[178.648s] [ 70%] [32mBuilding CXX object CMakeFiles/mpc_lateral_controller_lib.dir/src/lowpass_filter.cpp.o[0m
[179.958s] [ 75%] [32mBuilding CXX object CMakeFiles/mpc_lateral_controller_lib.dir/src/interpolate.cpp.o[0m
[181.223s] [ 79%] [32m[1mLinking CXX shared library libmpc_lateral_controller_lib.so[0m
[181.782s] [ 79%] Built target mpc_lateral_controller_lib
[181.900s] [ 83%] [32mBuilding CXX object CMakeFiles/test_lateral_controller.dir/test/test_mpc.cpp.o[0m
[200.145s] [ 87%] [32mBuilding CXX object CMakeFiles/test_lateral_controller.dir/test/test_lowpass_filter.cpp.o[0m
[201.776s] [ 91%] [32mBuilding CXX object CMakeFiles/test_lateral_controller.dir/test/test_interpolate.cpp.o[0m
[203.356s] [ 95%] [32mBuilding CXX object CMakeFiles/test_lateral_controller.dir/test/test_mpc_utils.cpp.o[0m
[213.730s] [100%] [32m[1mLinking CXX executable test_lateral_controller[0m
[213.971s] [100%] Built target test_lateral_controller
[213.984s] Invoked command in '/home/sws/autoware/build/mpc_lateral_controller' returned '0': AMENT_PREFIX_PATH=/home/sws/autoware/install/trajectory_follower_base:/home/sws/autoware/install/motion_utils:/home/sws/autoware/install/vehicle_info_util:/home/sws/autoware/install/interpolation:/home/sws/autoware/install/tier4_autoware_utils:/home/sws/autoware/install/osqp_interface:/home/sws/autoware/install/autoware_auto_vehicle_msgs:/home/sws/autoware/install/autoware_cmake:/home/sws/autoware/install/autoware_auto_planning_msgs:/home/sws/autoware/install/autoware_auto_perception_msgs:/home/sws/autoware/install/tier4_debug_msgs:/home/sws/autoware/install/autoware_lint_common:/home/sws/autoware/install/autoware_auto_mapping_msgs:/home/sws/autoware/install/autoware_auto_geometry_msgs:/home/sws/autoware/install/autoware_auto_control_msgs:/home/sws/autoware/install/autoware_adapi_v1_msgs:${AMENT_PREFIX_PATH} CMAKE_PREFIX_PATH=/home/sws/autoware/install/trajectory_follower_base:/home/sws/autoware/install/motion_utils:/home/sws/autoware/install/vehicle_info_util:/home/sws/autoware/install/interpolation:/home/sws/autoware/install/tier4_autoware_utils:/home/sws/autoware/install/osqp_interface:/home/sws/autoware/install/autoware_auto_vehicle_msgs:/home/sws/autoware/install/autoware_cmake:/home/sws/autoware/install/autoware_auto_planning_msgs:/home/sws/autoware/install/autoware_auto_perception_msgs:/home/sws/autoware/install/tier4_debug_msgs:/home/sws/autoware/install/autoware_lint_common:/home/sws/autoware/install/autoware_auto_mapping_msgs:/home/sws/autoware/install/autoware_auto_geometry_msgs:/home/sws/autoware/install/autoware_auto_control_msgs:/home/sws/autoware/install/autoware_adapi_v1_msgs:/opt/ros/humble LD_LIBRARY_PATH=/home/sws/autoware/install/trajectory_follower_base/lib:/home/sws/autoware/install/motion_utils/lib:/home/sws/autoware/install/vehicle_info_util/lib:/home/sws/autoware/install/interpolation/lib:/home/sws/autoware/install/tier4_autoware_utils/lib:/home/sws/autoware/install/osqp_interface/lib:/home/sws/autoware/install/autoware_auto_vehicle_msgs/lib:/home/sws/autoware/install/autoware_auto_planning_msgs/lib:/home/sws/autoware/install/autoware_auto_perception_msgs/lib:/home/sws/autoware/install/tier4_debug_msgs/lib:/home/sws/autoware/install/autoware_auto_mapping_msgs/lib:/home/sws/autoware/install/autoware_auto_geometry_msgs/lib:/home/sws/autoware/install/autoware_auto_control_msgs/lib:/home/sws/autoware/install/autoware_adapi_v1_msgs/lib:${LD_LIBRARY_PATH} PYTHONPATH=/home/sws/autoware/install/autoware_auto_vehicle_msgs/local/lib/python3.10/dist-packages:/home/sws/autoware/install/autoware_auto_planning_msgs/local/lib/python3.10/dist-packages:/home/sws/autoware/install/autoware_auto_perception_msgs/local/lib/python3.10/dist-packages:/home/sws/autoware/install/tier4_debug_msgs/local/lib/python3.10/dist-packages:/home/sws/autoware/install/autoware_auto_mapping_msgs/local/lib/python3.10/dist-packages:/home/sws/autoware/install/autoware_auto_geometry_msgs/local/lib/python3.10/dist-packages:/home/sws/autoware/install/autoware_auto_control_msgs/local/lib/python3.10/dist-packages:/home/sws/autoware/install/autoware_adapi_v1_msgs/local/lib/python3.10/dist-packages:${PYTHONPATH} /usr/bin/cmake --build /home/sws/autoware/build/mpc_lateral_controller -- -j16 -l16
[214.048s] Invoking command in '/home/sws/autoware/build/mpc_lateral_controller': AMENT_PREFIX_PATH=/home/sws/autoware/install/trajectory_follower_base:/home/sws/autoware/install/motion_utils:/home/sws/autoware/install/vehicle_info_util:/home/sws/autoware/install/interpolation:/home/sws/autoware/install/tier4_autoware_utils:/home/sws/autoware/install/osqp_interface:/home/sws/autoware/install/autoware_auto_vehicle_msgs:/home/sws/autoware/install/autoware_cmake:/home/sws/autoware/install/autoware_auto_planning_msgs:/home/sws/autoware/install/autoware_auto_perception_msgs:/home/sws/autoware/install/tier4_debug_msgs:/home/sws/autoware/install/autoware_lint_common:/home/sws/autoware/install/autoware_auto_mapping_msgs:/home/sws/autoware/install/autoware_auto_geometry_msgs:/home/sws/autoware/install/autoware_auto_control_msgs:/home/sws/autoware/install/autoware_adapi_v1_msgs:${AMENT_PREFIX_PATH} CMAKE_PREFIX_PATH=/home/sws/autoware/install/trajectory_follower_base:/home/sws/autoware/install/motion_utils:/home/sws/autoware/install/vehicle_info_util:/home/sws/autoware/install/interpolation:/home/sws/autoware/install/tier4_autoware_utils:/home/sws/autoware/install/osqp_interface:/home/sws/autoware/install/autoware_auto_vehicle_msgs:/home/sws/autoware/install/autoware_cmake:/home/sws/autoware/install/autoware_auto_planning_msgs:/home/sws/autoware/install/autoware_auto_perception_msgs:/home/sws/autoware/install/tier4_debug_msgs:/home/sws/autoware/install/autoware_lint_common:/home/sws/autoware/install/autoware_auto_mapping_msgs:/home/sws/autoware/install/autoware_auto_geometry_msgs:/home/sws/autoware/install/autoware_auto_control_msgs:/home/sws/autoware/install/autoware_adapi_v1_msgs:/opt/ros/humble LD_LIBRARY_PATH=/home/sws/autoware/install/trajectory_follower_base/lib:/home/sws/autoware/install/motion_utils/lib:/home/sws/autoware/install/vehicle_info_util/lib:/home/sws/autoware/install/interpolation/lib:/home/sws/autoware/install/tier4_autoware_utils/lib:/home/sws/autoware/install/osqp_interface/lib:/home/sws/autoware/install/autoware_auto_vehicle_msgs/lib:/home/sws/autoware/install/autoware_auto_planning_msgs/lib:/home/sws/autoware/install/autoware_auto_perception_msgs/lib:/home/sws/autoware/install/tier4_debug_msgs/lib:/home/sws/autoware/install/autoware_auto_mapping_msgs/lib:/home/sws/autoware/install/autoware_auto_geometry_msgs/lib:/home/sws/autoware/install/autoware_auto_control_msgs/lib:/home/sws/autoware/install/autoware_adapi_v1_msgs/lib:${LD_LIBRARY_PATH} PYTHONPATH=/home/sws/autoware/install/autoware_auto_vehicle_msgs/local/lib/python3.10/dist-packages:/home/sws/autoware/install/autoware_auto_planning_msgs/local/lib/python3.10/dist-packages:/home/sws/autoware/install/autoware_auto_perception_msgs/local/lib/python3.10/dist-packages:/home/sws/autoware/install/tier4_debug_msgs/local/lib/python3.10/dist-packages:/home/sws/autoware/install/autoware_auto_mapping_msgs/local/lib/python3.10/dist-packages:/home/sws/autoware/install/autoware_auto_geometry_msgs/local/lib/python3.10/dist-packages:/home/sws/autoware/install/autoware_auto_control_msgs/local/lib/python3.10/dist-packages:/home/sws/autoware/install/autoware_adapi_v1_msgs/local/lib/python3.10/dist-packages:${PYTHONPATH} /usr/bin/cmake --install /home/sws/autoware/build/mpc_lateral_controller
[217.845s] -- Install configuration: "Release"
[217.845s] -- Execute custom install script
[217.845s] -- Symlinking: /home/sws/autoware/install/mpc_lateral_controller/include/mpc_lateral_controller/interpolate.hpp
[217.845s] -- Symlinking: /home/sws/autoware/install/mpc_lateral_controller/include/mpc_lateral_controller/lowpass_filter.hpp
[217.845s] -- Symlinking: /home/sws/autoware/install/mpc_lateral_controller/include/mpc_lateral_controller/mpc.hpp
[217.845s] -- Symlinking: /home/sws/autoware/install/mpc_lateral_controller/include/mpc_lateral_controller/mpc_lateral_controller.hpp
[217.845s] -- Symlinking: /home/sws/autoware/install/mpc_lateral_controller/include/mpc_lateral_controller/mpc_trajectory.hpp
[217.846s] -- Symlinking: /home/sws/autoware/install/mpc_lateral_controller/include/mpc_lateral_controller/mpc_utils.hpp
[217.846s] -- Symlinking: /home/sws/autoware/install/mpc_lateral_controller/include/mpc_lateral_controller/qp_solver/qp_solver_interface.hpp
[217.846s] -- Symlinking: /home/sws/autoware/install/mpc_lateral_controller/include/mpc_lateral_controller/qp_solver/qp_solver_osqp.hpp
[217.846s] -- Symlinking: /home/sws/autoware/install/mpc_lateral_controller/include/mpc_lateral_controller/qp_solver/qp_solver_unconstr_fast.hpp
[217.846s] -- Symlinking: /home/sws/autoware/install/mpc_lateral_controller/include/mpc_lateral_controller/steering_offset/steering_offset.hpp
[217.846s] -- Symlinking: /home/sws/autoware/install/mpc_lateral_controller/include/mpc_lateral_controller/vehicle_model/vehicle_model_bicycle_dynamics.hpp
[217.846s] -- Symlinking: /home/sws/autoware/install/mpc_lateral_controller/include/mpc_lateral_controller/vehicle_model/vehicle_model_bicycle_kinematics.hpp
[217.846s] -- Symlinking: /home/sws/autoware/install/mpc_lateral_controller/include/mpc_lateral_controller/vehicle_model/vehicle_model_bicycle_kinematics_no_delay.hpp
[217.846s] -- Symlinking: /home/sws/autoware/install/mpc_lateral_controller/include/mpc_lateral_controller/vehicle_model/vehicle_model_interface.hpp
[217.846s] -- Symlinking: /home/sws/autoware/install/mpc_lateral_controller/share/mpc_lateral_controller/environment/library_path.sh
[217.846s] -- Symlinking: /home/sws/autoware/install/mpc_lateral_controller/share/mpc_lateral_controller/environment/library_path.dsv
[217.846s] -- Symlinking: /home/sws/autoware/install/mpc_lateral_controller/lib/libsteering_offset_lib.so
[217.846s] -- Symlinking: /home/sws/autoware/install/mpc_lateral_controller/lib/libmpc_lateral_controller_lib.so
[217.847s] -- Symlinking: /home/sws/autoware/install/mpc_lateral_controller/share/mpc_lateral_controller/param/lateral_controller_defaults.param.yaml
[217.847s] -- Symlinking: /home/sws/autoware/install/mpc_lateral_controller/share/ament_index/resource_index/package_run_dependencies/mpc_lateral_controller
[217.847s] -- Symlinking: /home/sws/autoware/install/mpc_lateral_controller/share/ament_index/resource_index/parent_prefix_path/mpc_lateral_controller
[217.847s] -- Symlinking: /home/sws/autoware/install/mpc_lateral_controller/share/mpc_lateral_controller/environment/ament_prefix_path.sh
[217.847s] -- Symlinking: /home/sws/autoware/install/mpc_lateral_controller/share/mpc_lateral_controller/environment/ament_prefix_path.dsv
[217.847s] -- Symlinking: /home/sws/autoware/install/mpc_lateral_controller/share/mpc_lateral_controller/environment/path.sh
[217.847s] -- Symlinking: /home/sws/autoware/install/mpc_lateral_controller/share/mpc_lateral_controller/environment/path.dsv
[217.847s] -- Symlinking: /home/sws/autoware/install/mpc_lateral_controller/share/mpc_lateral_controller/local_setup.bash
[217.847s] -- Symlinking: /home/sws/autoware/install/mpc_lateral_controller/share/mpc_lateral_controller/local_setup.sh
[217.847s] -- Symlinking: /home/sws/autoware/install/mpc_lateral_controller/share/mpc_lateral_controller/local_setup.zsh
[217.847s] -- Symlinking: /home/sws/autoware/install/mpc_lateral_controller/share/mpc_lateral_controller/local_setup.dsv
[217.847s] -- Symlinking: /home/sws/autoware/install/mpc_lateral_controller/share/mpc_lateral_controller/package.dsv
[217.848s] -- Symlinking: /home/sws/autoware/install/mpc_lateral_controller/share/ament_index/resource_index/packages/mpc_lateral_controller
[217.848s] -- Symlinking: /home/sws/autoware/install/mpc_lateral_controller/share/mpc_lateral_controller/cmake/ament_cmake_export_dependencies-extras.cmake
[217.848s] -- Symlinking: /home/sws/autoware/install/mpc_lateral_controller/share/mpc_lateral_controller/cmake/ament_cmake_export_include_directories-extras.cmake
[217.848s] -- Symlinking: /home/sws/autoware/install/mpc_lateral_controller/share/mpc_lateral_controller/cmake/ament_cmake_export_libraries-extras.cmake
[217.848s] -- Symlinking: /home/sws/autoware/install/mpc_lateral_controller/share/mpc_lateral_controller/cmake/mpc_lateral_controllerConfig.cmake
[217.848s] -- Symlinking: /home/sws/autoware/install/mpc_lateral_controller/share/mpc_lateral_controller/cmake/mpc_lateral_controllerConfig-version.cmake
[217.848s] -- Symlinking: /home/sws/autoware/install/mpc_lateral_controller/share/mpc_lateral_controller/package.xml
[217.880s] Invoked command in '/home/sws/autoware/build/mpc_lateral_controller' returned '0': AMENT_PREFIX_PATH=/home/sws/autoware/install/trajectory_follower_base:/home/sws/autoware/install/motion_utils:/home/sws/autoware/install/vehicle_info_util:/home/sws/autoware/install/interpolation:/home/sws/autoware/install/tier4_autoware_utils:/home/sws/autoware/install/osqp_interface:/home/sws/autoware/install/autoware_auto_vehicle_msgs:/home/sws/autoware/install/autoware_cmake:/home/sws/autoware/install/autoware_auto_planning_msgs:/home/sws/autoware/install/autoware_auto_perception_msgs:/home/sws/autoware/install/tier4_debug_msgs:/home/sws/autoware/install/autoware_lint_common:/home/sws/autoware/install/autoware_auto_mapping_msgs:/home/sws/autoware/install/autoware_auto_geometry_msgs:/home/sws/autoware/install/autoware_auto_control_msgs:/home/sws/autoware/install/autoware_adapi_v1_msgs:${AMENT_PREFIX_PATH} CMAKE_PREFIX_PATH=/home/sws/autoware/install/trajectory_follower_base:/home/sws/autoware/install/motion_utils:/home/sws/autoware/install/vehicle_info_util:/home/sws/autoware/install/interpolation:/home/sws/autoware/install/tier4_autoware_utils:/home/sws/autoware/install/osqp_interface:/home/sws/autoware/install/autoware_auto_vehicle_msgs:/home/sws/autoware/install/autoware_cmake:/home/sws/autoware/install/autoware_auto_planning_msgs:/home/sws/autoware/install/autoware_auto_perception_msgs:/home/sws/autoware/install/tier4_debug_msgs:/home/sws/autoware/install/autoware_lint_common:/home/sws/autoware/install/autoware_auto_mapping_msgs:/home/sws/autoware/install/autoware_auto_geometry_msgs:/home/sws/autoware/install/autoware_auto_control_msgs:/home/sws/autoware/install/autoware_adapi_v1_msgs:/opt/ros/humble LD_LIBRARY_PATH=/home/sws/autoware/install/trajectory_follower_base/lib:/home/sws/autoware/install/motion_utils/lib:/home/sws/autoware/install/vehicle_info_util/lib:/home/sws/autoware/install/interpolation/lib:/home/sws/autoware/install/tier4_autoware_utils/lib:/home/sws/autoware/install/osqp_interface/lib:/home/sws/autoware/install/autoware_auto_vehicle_msgs/lib:/home/sws/autoware/install/autoware_auto_planning_msgs/lib:/home/sws/autoware/install/autoware_auto_perception_msgs/lib:/home/sws/autoware/install/tier4_debug_msgs/lib:/home/sws/autoware/install/autoware_auto_mapping_msgs/lib:/home/sws/autoware/install/autoware_auto_geometry_msgs/lib:/home/sws/autoware/install/autoware_auto_control_msgs/lib:/home/sws/autoware/install/autoware_adapi_v1_msgs/lib:${LD_LIBRARY_PATH} PYTHONPATH=/home/sws/autoware/install/autoware_auto_vehicle_msgs/local/lib/python3.10/dist-packages:/home/sws/autoware/install/autoware_auto_planning_msgs/local/lib/python3.10/dist-packages:/home/sws/autoware/install/autoware_auto_perception_msgs/local/lib/python3.10/dist-packages:/home/sws/autoware/install/tier4_debug_msgs/local/lib/python3.10/dist-packages:/home/sws/autoware/install/autoware_auto_mapping_msgs/local/lib/python3.10/dist-packages:/home/sws/autoware/install/autoware_auto_geometry_msgs/local/lib/python3.10/dist-packages:/home/sws/autoware/install/autoware_auto_control_msgs/local/lib/python3.10/dist-packages:/home/sws/autoware/install/autoware_adapi_v1_msgs/local/lib/python3.10/dist-packages:${PYTHONPATH} /usr/bin/cmake --install /home/sws/autoware/build/mpc_lateral_controller
