[0.043s] Invoking command in '/home/sws/autoware/build/tier4_state_rviz_plugin': AMENT_PREFIX_PATH=/home/sws/autoware/install/autoware_auto_vehicle_msgs:/home/sws/autoware/install/tier4_control_msgs:/home/sws/autoware/install/autoware_cmake:/home/sws/autoware/install/autoware_auto_planning_msgs:/home/sws/autoware/install/tier4_planning_msgs:/home/sws/autoware/install/tier4_external_api_msgs:/home/sws/autoware/install/autoware_lint_common:/home/sws/autoware/install/autoware_common_msgs:/home/sws/autoware/install/autoware_auto_system_msgs:/home/sws/autoware/install/autoware_auto_mapping_msgs:/home/sws/autoware/install/autoware_auto_geometry_msgs:/home/sws/autoware/install/autoware_adapi_v1_msgs:${AMENT_PREFIX_PATH} CMAKE_PREFIX_PATH=/home/sws/autoware/install/autoware_auto_vehicle_msgs:/home/sws/autoware/install/tier4_control_msgs:/home/sws/autoware/install/autoware_cmake:/home/sws/autoware/install/autoware_auto_planning_msgs:/home/sws/autoware/install/tier4_planning_msgs:/home/sws/autoware/install/tier4_external_api_msgs:/home/sws/autoware/install/autoware_lint_common:/home/sws/autoware/install/autoware_common_msgs:/home/sws/autoware/install/autoware_auto_system_msgs:/home/sws/autoware/install/autoware_auto_mapping_msgs:/home/sws/autoware/install/autoware_auto_geometry_msgs:/home/sws/autoware/install/autoware_adapi_v1_msgs:/opt/ros/humble LD_LIBRARY_PATH=/home/sws/autoware/install/autoware_auto_vehicle_msgs/lib:/home/sws/autoware/install/tier4_control_msgs/lib:/home/sws/autoware/install/autoware_auto_planning_msgs/lib:/home/sws/autoware/install/tier4_planning_msgs/lib:/home/sws/autoware/install/tier4_external_api_msgs/lib:/home/sws/autoware/install/autoware_common_msgs/lib:/home/sws/autoware/install/autoware_auto_system_msgs/lib:/home/sws/autoware/install/autoware_auto_mapping_msgs/lib:/home/sws/autoware/install/autoware_auto_geometry_msgs/lib:/home/sws/autoware/install/autoware_adapi_v1_msgs/lib:${LD_LIBRARY_PATH} PYTHONPATH=/home/sws/autoware/install/autoware_auto_vehicle_msgs/local/lib/python3.10/dist-packages:/home/sws/autoware/install/tier4_control_msgs/local/lib/python3.10/dist-packages:/home/sws/autoware/install/autoware_auto_planning_msgs/local/lib/python3.10/dist-packages:/home/sws/autoware/install/tier4_planning_msgs/local/lib/python3.10/dist-packages:/home/sws/autoware/install/tier4_external_api_msgs/local/lib/python3.10/dist-packages:/home/sws/autoware/install/autoware_common_msgs/local/lib/python3.10/dist-packages:/home/sws/autoware/install/autoware_auto_system_msgs/local/lib/python3.10/dist-packages:/home/sws/autoware/install/autoware_auto_mapping_msgs/local/lib/python3.10/dist-packages:/home/sws/autoware/install/autoware_auto_geometry_msgs/local/lib/python3.10/dist-packages:/home/sws/autoware/install/autoware_adapi_v1_msgs/local/lib/python3.10/dist-packages:${PYTHONPATH} /usr/bin/cmake /home/sws/autoware/src/universe/autoware.universe/common/tier4_state_rviz_plugin -DCMAKE_BUILD_TYPE=Release -DAMENT_CMAKE_SYMLINK_INSTALL=1 -DCMAKE_INSTALL_PREFIX=/home/sws/autoware/install/tier4_state_rviz_plugin
[7.742s] -- The C compiler identification is GNU 11.3.0
[7.742s] -- The CXX compiler identification is GNU 11.3.0
[7.742s] -- Detecting C compiler ABI info
[7.742s] -- Detecting C compiler ABI info - done
[7.743s] -- Check for working C compiler: /usr/bin/cc - skipped
[7.743s] -- Detecting C compile features
[7.743s] -- Detecting C compile features - done
[7.743s] -- Detecting CXX compiler ABI info
[7.743s] -- Detecting CXX compiler ABI info - done
[7.743s] -- Check for working CXX compiler: /usr/bin/c++ - skipped
[7.743s] -- Detecting CXX compile features
[7.743s] -- Detecting CXX compile features - done
[7.743s] -- Found autoware_cmake: 0.1.0 (/home/sws/autoware/install/autoware_cmake/share/autoware_cmake/cmake)
[7.743s] -- Found Python3: /usr/bin/python3.10 (found version "3.10.6") found components: Interpreter 
[7.743s] -- Override CMake install command with custom implementation using symlinks instead of copying resources
[7.744s] -- Found rosidl_generator_c: 3.1.4 (/opt/ros/humble/share/rosidl_generator_c/cmake)
[7.744s] -- Found rosidl_adapter: 3.1.4 (/opt/ros/humble/share/rosidl_adapter/cmake)
[7.744s] -- Found rosidl_generator_cpp: 3.1.4 (/opt/ros/humble/share/rosidl_generator_cpp/cmake)
[7.744s] -- Using all available rosidl_typesupport_c: rosidl_typesupport_fastrtps_c;rosidl_typesupport_introspection_c
[7.744s] -- Using all available rosidl_typesupport_cpp: rosidl_typesupport_fastrtps_cpp;rosidl_typesupport_introspection_cpp
[7.744s] -- Found rmw_implementation_cmake: 6.1.1 (/opt/ros/humble/share/rmw_implementation_cmake/cmake)
[7.744s] -- Found rmw_fastrtps_cpp: 6.2.2 (/opt/ros/humble/share/rmw_fastrtps_cpp/cmake)
[7.744s] -- Found OpenSSL: /usr/lib/x86_64-linux-gnu/libcrypto.so (found version "3.0.2")  
[7.744s] -- Found FastRTPS: /opt/ros/humble/include  
[7.744s] -- Using RMW implementation 'rmw_fastrtps_cpp' as default
[7.744s] -- Looking for pthread.h
[7.744s] -- Looking for pthread.h - found
[7.745s] -- Performing Test CMAKE_HAVE_LIBC_PTHREAD
[7.745s] -- Performing Test CMAKE_HAVE_LIBC_PTHREAD - Success
[7.745s] -- Found Threads: TRUE  
[7.745s] -- Setting OGRE_DIR to: '/opt/ros/humble/share/rviz_ogre_vendor/cmake/../../../opt/rviz_ogre_vendor/lib/OGRE/cmake'
[7.745s] -- Found OGRE
[7.745s] --   static     : OFF
[7.745s] --   components : HLMS;MeshLodGenerator;Overlay;Paging;Property;RTShaderSystem;Terrain;Volume
[7.745s] --   plugins    : Plugin_BSPSceneManager;Plugin_OctreeSceneManager;Plugin_PCZSceneManager;Plugin_ParticleFX;RenderSystem_GL;RenderSystem_GL3Plus;Codec_STBI
[7.745s] --   media      : /opt/ros/humble/opt/rviz_ogre_vendor/share/OGRE/Media
[7.745s] -- OGRE_LIBRARIES: OgreHLMS;OgreMeshLodGenerator;OgreOverlay;OgrePaging;OgreProperty;OgreRTShaderSystem;OgreTerrain;OgreVolume;OgreMain
[7.745s] -- OGRE_LIBRARY_DIRS: /opt/ros/humble/opt/rviz_ogre_vendor/lib
[7.746s] -- OGRE_PLUGINS: Plugin_BSPSceneManager;Plugin_OctreeSceneManager;Plugin_PCZSceneManager;Plugin_ParticleFX;RenderSystem_GL;RenderSystem_GL3Plus;Codec_STBI
[7.746s] -- OGRE_PLUGIN_DIR: /opt/ros/humble/opt/rviz_ogre_vendor/lib/OGRE
[7.746s] -- rviz_ogre_vendor::OgreOverlay for IMPORTED_LOCATION_RELEASE: /opt/ros/humble/opt/rviz_ogre_vendor/lib/libOgreOverlay.so
[7.746s] -- rviz_ogre_vendor::OgreOverlay for IMPORTED_LOCATION_DEBUG: /opt/ros/humble/opt/rviz_ogre_vendor/lib/libOgreOverlay.so
[7.746s] -- rviz_ogre_vendor::OgreMain for IMPORTED_LOCATION_RELEASE: /opt/ros/humble/opt/rviz_ogre_vendor/lib/libOgreMain.so
[7.746s] -- rviz_ogre_vendor::OgreMain for IMPORTED_LOCATION_DEBUG: /opt/ros/humble/opt/rviz_ogre_vendor/lib/libOgreMain.so
[7.746s] -- Could not find freeimage library
[7.746s] -- Found ZLIB: /usr/lib/x86_64-linux-gnu/libz.so (found version "1.2.11") 
[7.746s] -- Found OpenGL: /usr/lib/x86_64-linux-gnu/libOpenGL.so   
[7.746s] -- Found X11: /usr/include   
[7.746s] -- Looking for XOpenDisplay in /usr/lib/x86_64-linux-gnu/libX11.so;/usr/lib/x86_64-linux-gnu/libXext.so
[7.747s] -- Looking for XOpenDisplay in /usr/lib/x86_64-linux-gnu/libX11.so;/usr/lib/x86_64-linux-gnu/libXext.so - found
[7.747s] -- Looking for gethostbyname
[7.747s] -- Looking for gethostbyname - found
[7.747s] -- Looking for connect
[7.747s] -- Looking for connect - found
[7.747s] -- Looking for remove
[7.747s] -- Looking for remove - found
[7.747s] -- Looking for shmat
[7.747s] -- Looking for shmat - found
[7.747s] -- Looking for IceConnectionNumber in ICE
[7.747s] -- Looking for IceConnectionNumber in ICE - found
[7.748s] -- rviz_ogre_vendor::RenderSystem_GL for IMPORTED_LOCATION_RELEASE: _render_system_gl_static_library_abs-NOTFOUND
[7.748s] -- rviz_ogre_vendor::RenderSystem_GL for IMPORTED_LOCATION_DEBUG: _render_system_gl_static_library_abs-NOTFOUND
[7.748s] -- library: /usr/lib/x86_64-linux-gnu/libcurl.so
[7.748s] -- Found Eigen3: TRUE (found version "3.4.0") 
[7.748s] -- Ensuring Eigen3 include directory is part of orocos-kdl CMake target
[7.748s] -- Found ament_lint_auto: 0.12.5 (/opt/ros/humble/share/ament_lint_auto/cmake)
[7.748s] -- Added test 'copyright' to check source files copyright and LICENSE
[7.748s] -- Added test 'cppcheck' to perform static code analysis on C / C++ code
[7.748s] -- Configured cppcheck include dirs: 
[7.748s] -- Configured cppcheck exclude dirs and/or files: 
[7.748s] -- Added test 'lint_cmake' to check CMake code style
[7.749s] -- Added test 'xmllint' to check XML markup files
[7.750s] -- Configuring done
[7.751s] -- Generating done
[7.751s] -- Build files have been written to: /home/sws/autoware/build/tier4_state_rviz_plugin
[7.778s] Invoked command in '/home/sws/autoware/build/tier4_state_rviz_plugin' returned '0': AMENT_PREFIX_PATH=/home/sws/autoware/install/autoware_auto_vehicle_msgs:/home/sws/autoware/install/tier4_control_msgs:/home/sws/autoware/install/autoware_cmake:/home/sws/autoware/install/autoware_auto_planning_msgs:/home/sws/autoware/install/tier4_planning_msgs:/home/sws/autoware/install/tier4_external_api_msgs:/home/sws/autoware/install/autoware_lint_common:/home/sws/autoware/install/autoware_common_msgs:/home/sws/autoware/install/autoware_auto_system_msgs:/home/sws/autoware/install/autoware_auto_mapping_msgs:/home/sws/autoware/install/autoware_auto_geometry_msgs:/home/sws/autoware/install/autoware_adapi_v1_msgs:${AMENT_PREFIX_PATH} CMAKE_PREFIX_PATH=/home/sws/autoware/install/autoware_auto_vehicle_msgs:/home/sws/autoware/install/tier4_control_msgs:/home/sws/autoware/install/autoware_cmake:/home/sws/autoware/install/autoware_auto_planning_msgs:/home/sws/autoware/install/tier4_planning_msgs:/home/sws/autoware/install/tier4_external_api_msgs:/home/sws/autoware/install/autoware_lint_common:/home/sws/autoware/install/autoware_common_msgs:/home/sws/autoware/install/autoware_auto_system_msgs:/home/sws/autoware/install/autoware_auto_mapping_msgs:/home/sws/autoware/install/autoware_auto_geometry_msgs:/home/sws/autoware/install/autoware_adapi_v1_msgs:/opt/ros/humble LD_LIBRARY_PATH=/home/sws/autoware/install/autoware_auto_vehicle_msgs/lib:/home/sws/autoware/install/tier4_control_msgs/lib:/home/sws/autoware/install/autoware_auto_planning_msgs/lib:/home/sws/autoware/install/tier4_planning_msgs/lib:/home/sws/autoware/install/tier4_external_api_msgs/lib:/home/sws/autoware/install/autoware_common_msgs/lib:/home/sws/autoware/install/autoware_auto_system_msgs/lib:/home/sws/autoware/install/autoware_auto_mapping_msgs/lib:/home/sws/autoware/install/autoware_auto_geometry_msgs/lib:/home/sws/autoware/install/autoware_adapi_v1_msgs/lib:${LD_LIBRARY_PATH} PYTHONPATH=/home/sws/autoware/install/autoware_auto_vehicle_msgs/local/lib/python3.10/dist-packages:/home/sws/autoware/install/tier4_control_msgs/local/lib/python3.10/dist-packages:/home/sws/autoware/install/autoware_auto_planning_msgs/local/lib/python3.10/dist-packages:/home/sws/autoware/install/tier4_planning_msgs/local/lib/python3.10/dist-packages:/home/sws/autoware/install/tier4_external_api_msgs/local/lib/python3.10/dist-packages:/home/sws/autoware/install/autoware_common_msgs/local/lib/python3.10/dist-packages:/home/sws/autoware/install/autoware_auto_system_msgs/local/lib/python3.10/dist-packages:/home/sws/autoware/install/autoware_auto_mapping_msgs/local/lib/python3.10/dist-packages:/home/sws/autoware/install/autoware_auto_geometry_msgs/local/lib/python3.10/dist-packages:/home/sws/autoware/install/autoware_adapi_v1_msgs/local/lib/python3.10/dist-packages:${PYTHONPATH} /usr/bin/cmake /home/sws/autoware/src/universe/autoware.universe/common/tier4_state_rviz_plugin -DCMAKE_BUILD_TYPE=Release -DAMENT_CMAKE_SYMLINK_INSTALL=1 -DCMAKE_INSTALL_PREFIX=/home/sws/autoware/install/tier4_state_rviz_plugin
[7.780s] Invoking command in '/home/sws/autoware/build/tier4_state_rviz_plugin': AMENT_PREFIX_PATH=/home/sws/autoware/install/autoware_auto_vehicle_msgs:/home/sws/autoware/install/tier4_control_msgs:/home/sws/autoware/install/autoware_cmake:/home/sws/autoware/install/autoware_auto_planning_msgs:/home/sws/autoware/install/tier4_planning_msgs:/home/sws/autoware/install/tier4_external_api_msgs:/home/sws/autoware/install/autoware_lint_common:/home/sws/autoware/install/autoware_common_msgs:/home/sws/autoware/install/autoware_auto_system_msgs:/home/sws/autoware/install/autoware_auto_mapping_msgs:/home/sws/autoware/install/autoware_auto_geometry_msgs:/home/sws/autoware/install/autoware_adapi_v1_msgs:${AMENT_PREFIX_PATH} CMAKE_PREFIX_PATH=/home/sws/autoware/install/autoware_auto_vehicle_msgs:/home/sws/autoware/install/tier4_control_msgs:/home/sws/autoware/install/autoware_cmake:/home/sws/autoware/install/autoware_auto_planning_msgs:/home/sws/autoware/install/tier4_planning_msgs:/home/sws/autoware/install/tier4_external_api_msgs:/home/sws/autoware/install/autoware_lint_common:/home/sws/autoware/install/autoware_common_msgs:/home/sws/autoware/install/autoware_auto_system_msgs:/home/sws/autoware/install/autoware_auto_mapping_msgs:/home/sws/autoware/install/autoware_auto_geometry_msgs:/home/sws/autoware/install/autoware_adapi_v1_msgs:/opt/ros/humble LD_LIBRARY_PATH=/home/sws/autoware/install/autoware_auto_vehicle_msgs/lib:/home/sws/autoware/install/tier4_control_msgs/lib:/home/sws/autoware/install/autoware_auto_planning_msgs/lib:/home/sws/autoware/install/tier4_planning_msgs/lib:/home/sws/autoware/install/tier4_external_api_msgs/lib:/home/sws/autoware/install/autoware_common_msgs/lib:/home/sws/autoware/install/autoware_auto_system_msgs/lib:/home/sws/autoware/install/autoware_auto_mapping_msgs/lib:/home/sws/autoware/install/autoware_auto_geometry_msgs/lib:/home/sws/autoware/install/autoware_adapi_v1_msgs/lib:${LD_LIBRARY_PATH} PYTHONPATH=/home/sws/autoware/install/autoware_auto_vehicle_msgs/local/lib/python3.10/dist-packages:/home/sws/autoware/install/tier4_control_msgs/local/lib/python3.10/dist-packages:/home/sws/autoware/install/autoware_auto_planning_msgs/local/lib/python3.10/dist-packages:/home/sws/autoware/install/tier4_planning_msgs/local/lib/python3.10/dist-packages:/home/sws/autoware/install/tier4_external_api_msgs/local/lib/python3.10/dist-packages:/home/sws/autoware/install/autoware_common_msgs/local/lib/python3.10/dist-packages:/home/sws/autoware/install/autoware_auto_system_msgs/local/lib/python3.10/dist-packages:/home/sws/autoware/install/autoware_auto_mapping_msgs/local/lib/python3.10/dist-packages:/home/sws/autoware/install/autoware_auto_geometry_msgs/local/lib/python3.10/dist-packages:/home/sws/autoware/install/autoware_adapi_v1_msgs/local/lib/python3.10/dist-packages:${PYTHONPATH} /usr/bin/cmake --build /home/sws/autoware/build/tier4_state_rviz_plugin -- -j16 -l16
[28.483s] [ 20%] [34m[1mAutomatic MOC for target tier4_state_rviz_plugin[0m
[28.484s] [ 20%] Built target tier4_state_rviz_plugin_autogen
[28.485s] [ 40%] [32mBuilding CXX object CMakeFiles/tier4_state_rviz_plugin.dir/tier4_state_rviz_plugin_autogen/mocs_compilation.cpp.o[0m
[28.485s] [ 60%] [32mBuilding CXX object CMakeFiles/tier4_state_rviz_plugin.dir/src/autoware_state_panel.cpp.o[0m
[65.677s] [ 80%] [32mBuilding CXX object CMakeFiles/tier4_state_rviz_plugin.dir/src/velocity_steering_factors_panel.cpp.o[0m
[103.912s] [100%] [32m[1mLinking CXX shared library libtier4_state_rviz_plugin.so[0m
[106.433s] [100%] Built target tier4_state_rviz_plugin
[106.461s] Invoked command in '/home/sws/autoware/build/tier4_state_rviz_plugin' returned '0': AMENT_PREFIX_PATH=/home/sws/autoware/install/autoware_auto_vehicle_msgs:/home/sws/autoware/install/tier4_control_msgs:/home/sws/autoware/install/autoware_cmake:/home/sws/autoware/install/autoware_auto_planning_msgs:/home/sws/autoware/install/tier4_planning_msgs:/home/sws/autoware/install/tier4_external_api_msgs:/home/sws/autoware/install/autoware_lint_common:/home/sws/autoware/install/autoware_common_msgs:/home/sws/autoware/install/autoware_auto_system_msgs:/home/sws/autoware/install/autoware_auto_mapping_msgs:/home/sws/autoware/install/autoware_auto_geometry_msgs:/home/sws/autoware/install/autoware_adapi_v1_msgs:${AMENT_PREFIX_PATH} CMAKE_PREFIX_PATH=/home/sws/autoware/install/autoware_auto_vehicle_msgs:/home/sws/autoware/install/tier4_control_msgs:/home/sws/autoware/install/autoware_cmake:/home/sws/autoware/install/autoware_auto_planning_msgs:/home/sws/autoware/install/tier4_planning_msgs:/home/sws/autoware/install/tier4_external_api_msgs:/home/sws/autoware/install/autoware_lint_common:/home/sws/autoware/install/autoware_common_msgs:/home/sws/autoware/install/autoware_auto_system_msgs:/home/sws/autoware/install/autoware_auto_mapping_msgs:/home/sws/autoware/install/autoware_auto_geometry_msgs:/home/sws/autoware/install/autoware_adapi_v1_msgs:/opt/ros/humble LD_LIBRARY_PATH=/home/sws/autoware/install/autoware_auto_vehicle_msgs/lib:/home/sws/autoware/install/tier4_control_msgs/lib:/home/sws/autoware/install/autoware_auto_planning_msgs/lib:/home/sws/autoware/install/tier4_planning_msgs/lib:/home/sws/autoware/install/tier4_external_api_msgs/lib:/home/sws/autoware/install/autoware_common_msgs/lib:/home/sws/autoware/install/autoware_auto_system_msgs/lib:/home/sws/autoware/install/autoware_auto_mapping_msgs/lib:/home/sws/autoware/install/autoware_auto_geometry_msgs/lib:/home/sws/autoware/install/autoware_adapi_v1_msgs/lib:${LD_LIBRARY_PATH} PYTHONPATH=/home/sws/autoware/install/autoware_auto_vehicle_msgs/local/lib/python3.10/dist-packages:/home/sws/autoware/install/tier4_control_msgs/local/lib/python3.10/dist-packages:/home/sws/autoware/install/autoware_auto_planning_msgs/local/lib/python3.10/dist-packages:/home/sws/autoware/install/tier4_planning_msgs/local/lib/python3.10/dist-packages:/home/sws/autoware/install/tier4_external_api_msgs/local/lib/python3.10/dist-packages:/home/sws/autoware/install/autoware_common_msgs/local/lib/python3.10/dist-packages:/home/sws/autoware/install/autoware_auto_system_msgs/local/lib/python3.10/dist-packages:/home/sws/autoware/install/autoware_auto_mapping_msgs/local/lib/python3.10/dist-packages:/home/sws/autoware/install/autoware_auto_geometry_msgs/local/lib/python3.10/dist-packages:/home/sws/autoware/install/autoware_adapi_v1_msgs/local/lib/python3.10/dist-packages:${PYTHONPATH} /usr/bin/cmake --build /home/sws/autoware/build/tier4_state_rviz_plugin -- -j16 -l16
[106.493s] Invoking command in '/home/sws/autoware/build/tier4_state_rviz_plugin': AMENT_PREFIX_PATH=/home/sws/autoware/install/autoware_auto_vehicle_msgs:/home/sws/autoware/install/tier4_control_msgs:/home/sws/autoware/install/autoware_cmake:/home/sws/autoware/install/autoware_auto_planning_msgs:/home/sws/autoware/install/tier4_planning_msgs:/home/sws/autoware/install/tier4_external_api_msgs:/home/sws/autoware/install/autoware_lint_common:/home/sws/autoware/install/autoware_common_msgs:/home/sws/autoware/install/autoware_auto_system_msgs:/home/sws/autoware/install/autoware_auto_mapping_msgs:/home/sws/autoware/install/autoware_auto_geometry_msgs:/home/sws/autoware/install/autoware_adapi_v1_msgs:${AMENT_PREFIX_PATH} CMAKE_PREFIX_PATH=/home/sws/autoware/install/autoware_auto_vehicle_msgs:/home/sws/autoware/install/tier4_control_msgs:/home/sws/autoware/install/autoware_cmake:/home/sws/autoware/install/autoware_auto_planning_msgs:/home/sws/autoware/install/tier4_planning_msgs:/home/sws/autoware/install/tier4_external_api_msgs:/home/sws/autoware/install/autoware_lint_common:/home/sws/autoware/install/autoware_common_msgs:/home/sws/autoware/install/autoware_auto_system_msgs:/home/sws/autoware/install/autoware_auto_mapping_msgs:/home/sws/autoware/install/autoware_auto_geometry_msgs:/home/sws/autoware/install/autoware_adapi_v1_msgs:/opt/ros/humble LD_LIBRARY_PATH=/home/sws/autoware/install/autoware_auto_vehicle_msgs/lib:/home/sws/autoware/install/tier4_control_msgs/lib:/home/sws/autoware/install/autoware_auto_planning_msgs/lib:/home/sws/autoware/install/tier4_planning_msgs/lib:/home/sws/autoware/install/tier4_external_api_msgs/lib:/home/sws/autoware/install/autoware_common_msgs/lib:/home/sws/autoware/install/autoware_auto_system_msgs/lib:/home/sws/autoware/install/autoware_auto_mapping_msgs/lib:/home/sws/autoware/install/autoware_auto_geometry_msgs/lib:/home/sws/autoware/install/autoware_adapi_v1_msgs/lib:${LD_LIBRARY_PATH} PYTHONPATH=/home/sws/autoware/install/autoware_auto_vehicle_msgs/local/lib/python3.10/dist-packages:/home/sws/autoware/install/tier4_control_msgs/local/lib/python3.10/dist-packages:/home/sws/autoware/install/autoware_auto_planning_msgs/local/lib/python3.10/dist-packages:/home/sws/autoware/install/tier4_planning_msgs/local/lib/python3.10/dist-packages:/home/sws/autoware/install/tier4_external_api_msgs/local/lib/python3.10/dist-packages:/home/sws/autoware/install/autoware_common_msgs/local/lib/python3.10/dist-packages:/home/sws/autoware/install/autoware_auto_system_msgs/local/lib/python3.10/dist-packages:/home/sws/autoware/install/autoware_auto_mapping_msgs/local/lib/python3.10/dist-packages:/home/sws/autoware/install/autoware_auto_geometry_msgs/local/lib/python3.10/dist-packages:/home/sws/autoware/install/autoware_adapi_v1_msgs/local/lib/python3.10/dist-packages:${PYTHONPATH} /usr/bin/cmake --install /home/sws/autoware/build/tier4_state_rviz_plugin
[114.571s] -- Install configuration: "Release"
[114.571s] -- Execute custom install script
[114.571s] -- Symlinking: /home/sws/autoware/install/tier4_state_rviz_plugin/share/tier4_state_rviz_plugin/plugins/plugin_description.xml
[114.571s] -- Symlinking: /home/sws/autoware/install/tier4_state_rviz_plugin/share/tier4_state_rviz_plugin/environment/library_path.sh
[114.571s] -- Symlinking: /home/sws/autoware/install/tier4_state_rviz_plugin/share/tier4_state_rviz_plugin/environment/library_path.dsv
[114.571s] -- Symlinking: /home/sws/autoware/install/tier4_state_rviz_plugin/lib/libtier4_state_rviz_plugin.so
[114.571s] -- Symlinking: /home/sws/autoware/install/tier4_state_rviz_plugin/share/tier4_state_rviz_plugin/icons/classes/AutowareStatePanel.png
[114.571s] -- Symlinking: /home/sws/autoware/install/tier4_state_rviz_plugin/share/tier4_state_rviz_plugin/icons/classes/VelocitySteeringFactorsPanel.png
[114.571s] -- Up-to-date symlink: /home/sws/autoware/install/tier4_state_rviz_plugin/share/tier4_state_rviz_plugin/plugins/plugin_description.xml
[114.574s] -- Symlinking: /home/sws/autoware/install/tier4_state_rviz_plugin/share/ament_index/resource_index/package_run_dependencies/tier4_state_rviz_plugin
[114.574s] -- Symlinking: /home/sws/autoware/install/tier4_state_rviz_plugin/share/ament_index/resource_index/parent_prefix_path/tier4_state_rviz_plugin
[114.574s] -- Symlinking: /home/sws/autoware/install/tier4_state_rviz_plugin/share/tier4_state_rviz_plugin/environment/ament_prefix_path.sh
[114.574s] -- Symlinking: /home/sws/autoware/install/tier4_state_rviz_plugin/share/tier4_state_rviz_plugin/environment/ament_prefix_path.dsv
[114.574s] -- Symlinking: /home/sws/autoware/install/tier4_state_rviz_plugin/share/tier4_state_rviz_plugin/environment/path.sh
[114.574s] -- Symlinking: /home/sws/autoware/install/tier4_state_rviz_plugin/share/tier4_state_rviz_plugin/environment/path.dsv
[114.575s] -- Symlinking: /home/sws/autoware/install/tier4_state_rviz_plugin/share/tier4_state_rviz_plugin/local_setup.bash
[114.575s] -- Symlinking: /home/sws/autoware/install/tier4_state_rviz_plugin/share/tier4_state_rviz_plugin/local_setup.sh
[114.575s] -- Symlinking: /home/sws/autoware/install/tier4_state_rviz_plugin/share/tier4_state_rviz_plugin/local_setup.zsh
[114.575s] -- Symlinking: /home/sws/autoware/install/tier4_state_rviz_plugin/share/tier4_state_rviz_plugin/local_setup.dsv
[114.578s] -- Symlinking: /home/sws/autoware/install/tier4_state_rviz_plugin/share/tier4_state_rviz_plugin/package.dsv
[114.578s] -- Symlinking: /home/sws/autoware/install/tier4_state_rviz_plugin/share/ament_index/resource_index/packages/tier4_state_rviz_plugin
[114.579s] -- Symlinking: /home/sws/autoware/install/tier4_state_rviz_plugin/share/ament_index/resource_index/rviz_common__pluginlib__plugin/tier4_state_rviz_plugin
[114.579s] -- Symlinking: /home/sws/autoware/install/tier4_state_rviz_plugin/share/tier4_state_rviz_plugin/cmake/ament_cmake_export_dependencies-extras.cmake
[114.579s] -- Symlinking: /home/sws/autoware/install/tier4_state_rviz_plugin/share/tier4_state_rviz_plugin/cmake/ament_cmake_export_libraries-extras.cmake
[114.579s] -- Symlinking: /home/sws/autoware/install/tier4_state_rviz_plugin/share/tier4_state_rviz_plugin/cmake/tier4_state_rviz_pluginConfig.cmake
[114.579s] -- Symlinking: /home/sws/autoware/install/tier4_state_rviz_plugin/share/tier4_state_rviz_plugin/cmake/tier4_state_rviz_pluginConfig-version.cmake
[114.579s] -- Symlinking: /home/sws/autoware/install/tier4_state_rviz_plugin/share/tier4_state_rviz_plugin/package.xml
[114.622s] Invoked command in '/home/sws/autoware/build/tier4_state_rviz_plugin' returned '0': AMENT_PREFIX_PATH=/home/sws/autoware/install/autoware_auto_vehicle_msgs:/home/sws/autoware/install/tier4_control_msgs:/home/sws/autoware/install/autoware_cmake:/home/sws/autoware/install/autoware_auto_planning_msgs:/home/sws/autoware/install/tier4_planning_msgs:/home/sws/autoware/install/tier4_external_api_msgs:/home/sws/autoware/install/autoware_lint_common:/home/sws/autoware/install/autoware_common_msgs:/home/sws/autoware/install/autoware_auto_system_msgs:/home/sws/autoware/install/autoware_auto_mapping_msgs:/home/sws/autoware/install/autoware_auto_geometry_msgs:/home/sws/autoware/install/autoware_adapi_v1_msgs:${AMENT_PREFIX_PATH} CMAKE_PREFIX_PATH=/home/sws/autoware/install/autoware_auto_vehicle_msgs:/home/sws/autoware/install/tier4_control_msgs:/home/sws/autoware/install/autoware_cmake:/home/sws/autoware/install/autoware_auto_planning_msgs:/home/sws/autoware/install/tier4_planning_msgs:/home/sws/autoware/install/tier4_external_api_msgs:/home/sws/autoware/install/autoware_lint_common:/home/sws/autoware/install/autoware_common_msgs:/home/sws/autoware/install/autoware_auto_system_msgs:/home/sws/autoware/install/autoware_auto_mapping_msgs:/home/sws/autoware/install/autoware_auto_geometry_msgs:/home/sws/autoware/install/autoware_adapi_v1_msgs:/opt/ros/humble LD_LIBRARY_PATH=/home/sws/autoware/install/autoware_auto_vehicle_msgs/lib:/home/sws/autoware/install/tier4_control_msgs/lib:/home/sws/autoware/install/autoware_auto_planning_msgs/lib:/home/sws/autoware/install/tier4_planning_msgs/lib:/home/sws/autoware/install/tier4_external_api_msgs/lib:/home/sws/autoware/install/autoware_common_msgs/lib:/home/sws/autoware/install/autoware_auto_system_msgs/lib:/home/sws/autoware/install/autoware_auto_mapping_msgs/lib:/home/sws/autoware/install/autoware_auto_geometry_msgs/lib:/home/sws/autoware/install/autoware_adapi_v1_msgs/lib:${LD_LIBRARY_PATH} PYTHONPATH=/home/sws/autoware/install/autoware_auto_vehicle_msgs/local/lib/python3.10/dist-packages:/home/sws/autoware/install/tier4_control_msgs/local/lib/python3.10/dist-packages:/home/sws/autoware/install/autoware_auto_planning_msgs/local/lib/python3.10/dist-packages:/home/sws/autoware/install/tier4_planning_msgs/local/lib/python3.10/dist-packages:/home/sws/autoware/install/tier4_external_api_msgs/local/lib/python3.10/dist-packages:/home/sws/autoware/install/autoware_common_msgs/local/lib/python3.10/dist-packages:/home/sws/autoware/install/autoware_auto_system_msgs/local/lib/python3.10/dist-packages:/home/sws/autoware/install/autoware_auto_mapping_msgs/local/lib/python3.10/dist-packages:/home/sws/autoware/install/autoware_auto_geometry_msgs/local/lib/python3.10/dist-packages:/home/sws/autoware/install/autoware_adapi_v1_msgs/local/lib/python3.10/dist-packages:${PYTHONPATH} /usr/bin/cmake --install /home/sws/autoware/build/tier4_state_rviz_plugin
