[0.041s] Invoking command in '/home/sws/autoware/build/automatic_pose_initializer': AMENT_PREFIX_PATH=/home/sws/autoware/install/component_interface_utils:/home/sws/autoware/install/autoware_ad_api_specs:/home/sws/autoware/install/tier4_system_msgs:/home/sws/autoware/install/autoware_cmake:/home/sws/autoware/install/autoware_lint_common:/home/sws/autoware/install/autoware_common_msgs:/home/sws/autoware/install/autoware_adapi_v1_msgs:${AMENT_PREFIX_PATH} CMAKE_PREFIX_PATH=/home/sws/autoware/install/component_interface_utils:/home/sws/autoware/install/autoware_ad_api_specs:/home/sws/autoware/install/tier4_system_msgs:/home/sws/autoware/install/autoware_cmake:/home/sws/autoware/install/autoware_lint_common:/home/sws/autoware/install/autoware_common_msgs:/home/sws/autoware/install/autoware_adapi_v1_msgs:/opt/ros/humble LD_LIBRARY_PATH=/home/sws/autoware/install/tier4_system_msgs/lib:/home/sws/autoware/install/autoware_common_msgs/lib:/home/sws/autoware/install/autoware_adapi_v1_msgs/lib:${LD_LIBRARY_PATH} PYTHONPATH=/home/sws/autoware/install/tier4_system_msgs/local/lib/python3.10/dist-packages:/home/sws/autoware/install/autoware_common_msgs/local/lib/python3.10/dist-packages:/home/sws/autoware/install/autoware_adapi_v1_msgs/local/lib/python3.10/dist-packages:${PYTHONPATH} /usr/bin/cmake /home/sws/autoware/src/universe/autoware.universe/system/default_ad_api_helpers/automatic_pose_initializer -DCMAKE_BUILD_TYPE=Release -DAMENT_CMAKE_SYMLINK_INSTALL=1 -DCMAKE_INSTALL_PREFIX=/home/sws/autoware/install/automatic_pose_initializer
[2.780s] -- The C compiler identification is GNU 11.3.0
[2.780s] -- The CXX compiler identification is GNU 11.3.0
[2.780s] -- Detecting C compiler ABI info
[2.780s] -- Detecting C compiler ABI info - done
[2.780s] -- Check for working C compiler: /usr/bin/cc - skipped
[2.781s] -- Detecting C compile features
[2.781s] -- Detecting C compile features - done
[2.781s] -- Detecting CXX compiler ABI info
[2.781s] -- Detecting CXX compiler ABI info - done
[2.781s] -- Check for working CXX compiler: /usr/bin/c++ - skipped
[2.781s] -- Detecting CXX compile features
[2.781s] -- Detecting CXX compile features - done
[2.781s] -- Found autoware_cmake: 0.1.0 (/home/sws/autoware/install/autoware_cmake/share/autoware_cmake/cmake)
[2.781s] -- Found Python3: /usr/bin/python3.10 (found version "3.10.6") found components: Interpreter 
[2.781s] -- Override CMake install command with custom implementation using symlinks instead of copying resources
[2.781s] -- Found rosidl_generator_c: 3.1.4 (/opt/ros/humble/share/rosidl_generator_c/cmake)
[2.782s] -- Found rosidl_adapter: 3.1.4 (/opt/ros/humble/share/rosidl_adapter/cmake)
[2.782s] -- Found rosidl_generator_cpp: 3.1.4 (/opt/ros/humble/share/rosidl_generator_cpp/cmake)
[2.782s] -- Using all available rosidl_typesupport_c: rosidl_typesupport_fastrtps_c;rosidl_typesupport_introspection_c
[2.782s] -- Using all available rosidl_typesupport_cpp: rosidl_typesupport_fastrtps_cpp;rosidl_typesupport_introspection_cpp
[2.782s] -- Found rmw_implementation_cmake: 6.1.1 (/opt/ros/humble/share/rmw_implementation_cmake/cmake)
[2.782s] -- Found rmw_fastrtps_cpp: 6.2.2 (/opt/ros/humble/share/rmw_fastrtps_cpp/cmake)
[2.782s] -- Found OpenSSL: /usr/lib/x86_64-linux-gnu/libcrypto.so (found version "3.0.2")  
[2.782s] -- Found FastRTPS: /opt/ros/humble/include  
[2.782s] -- Using RMW implementation 'rmw_fastrtps_cpp' as default
[2.783s] -- Looking for pthread.h
[2.783s] -- Looking for pthread.h - found
[2.783s] -- Performing Test CMAKE_HAVE_LIBC_PTHREAD
[2.783s] -- Performing Test CMAKE_HAVE_LIBC_PTHREAD - Success
[2.783s] -- Found Threads: TRUE  
[2.836s] -- Found ament_lint_auto: 0.12.5 (/opt/ros/humble/share/ament_lint_auto/cmake)
[2.920s] -- Added test 'copyright' to check source files copyright and LICENSE
[2.922s] -- Added test 'cppcheck' to perform static code analysis on C / C++ code
[2.922s] -- Configured cppcheck include dirs: 
[2.922s] -- Configured cppcheck exclude dirs and/or files: 
[2.923s] -- Added test 'lint_cmake' to check CMake code style
[2.924s] -- Added test 'xmllint' to check XML markup files
[2.929s] -- Configuring done
[2.967s] -- Generating done
[2.970s] -- Build files have been written to: /home/sws/autoware/build/automatic_pose_initializer
[2.988s] Invoked command in '/home/sws/autoware/build/automatic_pose_initializer' returned '0': AMENT_PREFIX_PATH=/home/sws/autoware/install/component_interface_utils:/home/sws/autoware/install/autoware_ad_api_specs:/home/sws/autoware/install/tier4_system_msgs:/home/sws/autoware/install/autoware_cmake:/home/sws/autoware/install/autoware_lint_common:/home/sws/autoware/install/autoware_common_msgs:/home/sws/autoware/install/autoware_adapi_v1_msgs:${AMENT_PREFIX_PATH} CMAKE_PREFIX_PATH=/home/sws/autoware/install/component_interface_utils:/home/sws/autoware/install/autoware_ad_api_specs:/home/sws/autoware/install/tier4_system_msgs:/home/sws/autoware/install/autoware_cmake:/home/sws/autoware/install/autoware_lint_common:/home/sws/autoware/install/autoware_common_msgs:/home/sws/autoware/install/autoware_adapi_v1_msgs:/opt/ros/humble LD_LIBRARY_PATH=/home/sws/autoware/install/tier4_system_msgs/lib:/home/sws/autoware/install/autoware_common_msgs/lib:/home/sws/autoware/install/autoware_adapi_v1_msgs/lib:${LD_LIBRARY_PATH} PYTHONPATH=/home/sws/autoware/install/tier4_system_msgs/local/lib/python3.10/dist-packages:/home/sws/autoware/install/autoware_common_msgs/local/lib/python3.10/dist-packages:/home/sws/autoware/install/autoware_adapi_v1_msgs/local/lib/python3.10/dist-packages:${PYTHONPATH} /usr/bin/cmake /home/sws/autoware/src/universe/autoware.universe/system/default_ad_api_helpers/automatic_pose_initializer -DCMAKE_BUILD_TYPE=Release -DAMENT_CMAKE_SYMLINK_INSTALL=1 -DCMAKE_INSTALL_PREFIX=/home/sws/autoware/install/automatic_pose_initializer
[3.004s] Invoking command in '/home/sws/autoware/build/automatic_pose_initializer': AMENT_PREFIX_PATH=/home/sws/autoware/install/component_interface_utils:/home/sws/autoware/install/autoware_ad_api_specs:/home/sws/autoware/install/tier4_system_msgs:/home/sws/autoware/install/autoware_cmake:/home/sws/autoware/install/autoware_lint_common:/home/sws/autoware/install/autoware_common_msgs:/home/sws/autoware/install/autoware_adapi_v1_msgs:${AMENT_PREFIX_PATH} CMAKE_PREFIX_PATH=/home/sws/autoware/install/component_interface_utils:/home/sws/autoware/install/autoware_ad_api_specs:/home/sws/autoware/install/tier4_system_msgs:/home/sws/autoware/install/autoware_cmake:/home/sws/autoware/install/autoware_lint_common:/home/sws/autoware/install/autoware_common_msgs:/home/sws/autoware/install/autoware_adapi_v1_msgs:/opt/ros/humble LD_LIBRARY_PATH=/home/sws/autoware/install/tier4_system_msgs/lib:/home/sws/autoware/install/autoware_common_msgs/lib:/home/sws/autoware/install/autoware_adapi_v1_msgs/lib:${LD_LIBRARY_PATH} PYTHONPATH=/home/sws/autoware/install/tier4_system_msgs/local/lib/python3.10/dist-packages:/home/sws/autoware/install/autoware_common_msgs/local/lib/python3.10/dist-packages:/home/sws/autoware/install/autoware_adapi_v1_msgs/local/lib/python3.10/dist-packages:${PYTHONPATH} /usr/bin/cmake --build /home/sws/autoware/build/automatic_pose_initializer -- -j16 -l16
[15.865s] [ 50%] [32mBuilding CXX object CMakeFiles/automatic_pose_initializer.dir/src/automatic_pose_initializer.cpp.o[0m
[22.582s] [100%] [32m[1mLinking CXX executable automatic_pose_initializer[0m
[22.828s] [100%] Built target automatic_pose_initializer
[22.843s] Invoked command in '/home/sws/autoware/build/automatic_pose_initializer' returned '0': AMENT_PREFIX_PATH=/home/sws/autoware/install/component_interface_utils:/home/sws/autoware/install/autoware_ad_api_specs:/home/sws/autoware/install/tier4_system_msgs:/home/sws/autoware/install/autoware_cmake:/home/sws/autoware/install/autoware_lint_common:/home/sws/autoware/install/autoware_common_msgs:/home/sws/autoware/install/autoware_adapi_v1_msgs:${AMENT_PREFIX_PATH} CMAKE_PREFIX_PATH=/home/sws/autoware/install/component_interface_utils:/home/sws/autoware/install/autoware_ad_api_specs:/home/sws/autoware/install/tier4_system_msgs:/home/sws/autoware/install/autoware_cmake:/home/sws/autoware/install/autoware_lint_common:/home/sws/autoware/install/autoware_common_msgs:/home/sws/autoware/install/autoware_adapi_v1_msgs:/opt/ros/humble LD_LIBRARY_PATH=/home/sws/autoware/install/tier4_system_msgs/lib:/home/sws/autoware/install/autoware_common_msgs/lib:/home/sws/autoware/install/autoware_adapi_v1_msgs/lib:${LD_LIBRARY_PATH} PYTHONPATH=/home/sws/autoware/install/tier4_system_msgs/local/lib/python3.10/dist-packages:/home/sws/autoware/install/autoware_common_msgs/local/lib/python3.10/dist-packages:/home/sws/autoware/install/autoware_adapi_v1_msgs/local/lib/python3.10/dist-packages:${PYTHONPATH} /usr/bin/cmake --build /home/sws/autoware/build/automatic_pose_initializer -- -j16 -l16
[22.870s] Invoking command in '/home/sws/autoware/build/automatic_pose_initializer': AMENT_PREFIX_PATH=/home/sws/autoware/install/component_interface_utils:/home/sws/autoware/install/autoware_ad_api_specs:/home/sws/autoware/install/tier4_system_msgs:/home/sws/autoware/install/autoware_cmake:/home/sws/autoware/install/autoware_lint_common:/home/sws/autoware/install/autoware_common_msgs:/home/sws/autoware/install/autoware_adapi_v1_msgs:${AMENT_PREFIX_PATH} CMAKE_PREFIX_PATH=/home/sws/autoware/install/component_interface_utils:/home/sws/autoware/install/autoware_ad_api_specs:/home/sws/autoware/install/tier4_system_msgs:/home/sws/autoware/install/autoware_cmake:/home/sws/autoware/install/autoware_lint_common:/home/sws/autoware/install/autoware_common_msgs:/home/sws/autoware/install/autoware_adapi_v1_msgs:/opt/ros/humble LD_LIBRARY_PATH=/home/sws/autoware/install/tier4_system_msgs/lib:/home/sws/autoware/install/autoware_common_msgs/lib:/home/sws/autoware/install/autoware_adapi_v1_msgs/lib:${LD_LIBRARY_PATH} PYTHONPATH=/home/sws/autoware/install/tier4_system_msgs/local/lib/python3.10/dist-packages:/home/sws/autoware/install/autoware_common_msgs/local/lib/python3.10/dist-packages:/home/sws/autoware/install/autoware_adapi_v1_msgs/local/lib/python3.10/dist-packages:${PYTHONPATH} /usr/bin/cmake --install /home/sws/autoware/build/automatic_pose_initializer
[27.622s] -- Install configuration: "Release"
[27.623s] -- Execute custom install script
[27.623s] -- Symlinking: /home/sws/autoware/install/automatic_pose_initializer/lib/automatic_pose_initializer/automatic_pose_initializer
[27.623s] -- Symlinking: /home/sws/autoware/install/automatic_pose_initializer/share/automatic_pose_initializer/launch/automatic_pose_initializer.launch.xml
[27.623s] -- Symlinking: /home/sws/autoware/install/automatic_pose_initializer/share/ament_index/resource_index/package_run_dependencies/automatic_pose_initializer
[27.623s] -- Symlinking: /home/sws/autoware/install/automatic_pose_initializer/share/ament_index/resource_index/parent_prefix_path/automatic_pose_initializer
[27.623s] -- Symlinking: /home/sws/autoware/install/automatic_pose_initializer/share/automatic_pose_initializer/environment/ament_prefix_path.sh
[27.623s] -- Symlinking: /home/sws/autoware/install/automatic_pose_initializer/share/automatic_pose_initializer/environment/ament_prefix_path.dsv
[27.623s] -- Symlinking: /home/sws/autoware/install/automatic_pose_initializer/share/automatic_pose_initializer/environment/path.sh
[27.623s] -- Symlinking: /home/sws/autoware/install/automatic_pose_initializer/share/automatic_pose_initializer/environment/path.dsv
[27.623s] -- Symlinking: /home/sws/autoware/install/automatic_pose_initializer/share/automatic_pose_initializer/local_setup.bash
[27.623s] -- Symlinking: /home/sws/autoware/install/automatic_pose_initializer/share/automatic_pose_initializer/local_setup.sh
[27.623s] -- Symlinking: /home/sws/autoware/install/automatic_pose_initializer/share/automatic_pose_initializer/local_setup.zsh
[27.624s] -- Symlinking: /home/sws/autoware/install/automatic_pose_initializer/share/automatic_pose_initializer/local_setup.dsv
[27.624s] -- Symlinking: /home/sws/autoware/install/automatic_pose_initializer/share/automatic_pose_initializer/package.dsv
[27.624s] -- Symlinking: /home/sws/autoware/install/automatic_pose_initializer/share/ament_index/resource_index/packages/automatic_pose_initializer
[27.624s] -- Symlinking: /home/sws/autoware/install/automatic_pose_initializer/share/automatic_pose_initializer/cmake/ament_cmake_export_dependencies-extras.cmake
[27.624s] -- Symlinking: /home/sws/autoware/install/automatic_pose_initializer/share/automatic_pose_initializer/cmake/automatic_pose_initializerConfig.cmake
[27.624s] -- Symlinking: /home/sws/autoware/install/automatic_pose_initializer/share/automatic_pose_initializer/cmake/automatic_pose_initializerConfig-version.cmake
[27.624s] -- Symlinking: /home/sws/autoware/install/automatic_pose_initializer/share/automatic_pose_initializer/package.xml
[27.695s] Invoked command in '/home/sws/autoware/build/automatic_pose_initializer' returned '0': AMENT_PREFIX_PATH=/home/sws/autoware/install/component_interface_utils:/home/sws/autoware/install/autoware_ad_api_specs:/home/sws/autoware/install/tier4_system_msgs:/home/sws/autoware/install/autoware_cmake:/home/sws/autoware/install/autoware_lint_common:/home/sws/autoware/install/autoware_common_msgs:/home/sws/autoware/install/autoware_adapi_v1_msgs:${AMENT_PREFIX_PATH} CMAKE_PREFIX_PATH=/home/sws/autoware/install/component_interface_utils:/home/sws/autoware/install/autoware_ad_api_specs:/home/sws/autoware/install/tier4_system_msgs:/home/sws/autoware/install/autoware_cmake:/home/sws/autoware/install/autoware_lint_common:/home/sws/autoware/install/autoware_common_msgs:/home/sws/autoware/install/autoware_adapi_v1_msgs:/opt/ros/humble LD_LIBRARY_PATH=/home/sws/autoware/install/tier4_system_msgs/lib:/home/sws/autoware/install/autoware_common_msgs/lib:/home/sws/autoware/install/autoware_adapi_v1_msgs/lib:${LD_LIBRARY_PATH} PYTHONPATH=/home/sws/autoware/install/tier4_system_msgs/local/lib/python3.10/dist-packages:/home/sws/autoware/install/autoware_common_msgs/local/lib/python3.10/dist-packages:/home/sws/autoware/install/autoware_adapi_v1_msgs/local/lib/python3.10/dist-packages:${PYTHONPATH} /usr/bin/cmake --install /home/sws/autoware/build/automatic_pose_initializer
