-- The C compiler identification is GNU 11.3.0
-- The CXX compiler identification is GNU 11.3.0
-- Detecting C compiler ABI info
-- Detecting C compiler ABI info - done
-- Check for working C compiler: /usr/bin/cc - skipped
-- Detecting C compile features
-- Detecting C compile features - done
-- Detecting CXX compiler ABI info
-- Detecting CXX compiler ABI info - done
-- Check for working CXX compiler: /usr/bin/c++ - skipped
-- Detecting CXX compile features
-- Detecting CXX compile features - done
-- Found autoware_cmake: 0.1.0 (/home/sws/autoware/install/autoware_cmake/share/autoware_cmake/cmake)
-- Found Python3: /usr/bin/python3.10 (found version "3.10.6") found components: Interpreter 
-- Override CMake install command with custom implementation using symlinks instead of copying resources
-- Found rosidl_generator_c: 3.1.4 (/opt/ros/humble/share/rosidl_generator_c/cmake)
-- Found rosidl_adapter: 3.1.4 (/opt/ros/humble/share/rosidl_adapter/cmake)
-- Found rosidl_generator_cpp: 3.1.4 (/opt/ros/humble/share/rosidl_generator_cpp/cmake)
-- Using all available rosidl_typesupport_c: rosidl_typesupport_fastrtps_c;rosidl_typesupport_introspection_c
-- Using all available rosidl_typesupport_cpp: rosidl_typesupport_fastrtps_cpp;rosidl_typesupport_introspection_cpp
-- Found rmw_implementation_cmake: 6.1.1 (/opt/ros/humble/share/rmw_implementation_cmake/cmake)
-- Found rmw_fastrtps_cpp: 6.2.2 (/opt/ros/humble/share/rmw_fastrtps_cpp/cmake)
-- Found OpenSSL: /usr/lib/x86_64-linux-gnu/libcrypto.so (found version "3.0.2")  
-- Found FastRTPS: /opt/ros/humble/include  
-- Using RMW implementation 'rmw_fastrtps_cpp' as default
-- Looking for pthread.h
-- Looking for pthread.h - found
-- Performing Test CMAKE_HAVE_LIBC_PTHREAD
-- Performing Test CMAKE_HAVE_LIBC_PTHREAD - Success
-- Found Threads: TRUE  
-- Found eigen3_cmake_module: 0.1.1 (/opt/ros/humble/share/eigen3_cmake_module/cmake)
-- Found Eigen3: TRUE (found version "3.4.0") 
-- Ensuring Eigen3 include directory is part of orocos-kdl CMake target
-- Found ament_lint_auto: 0.12.5 (/opt/ros/humble/share/ament_lint_auto/cmake)
-- Found NVML: /usr/lib/x86_64-linux-gnu/libnvidia-ml.so  
-- NVML include dir: /usr/local/cuda/include
-- NVML library : /usr/lib/x86_64-linux-gnu/libnvidia-ml.so
-- HOST_SYSTEM_VERSION: 5.19.0-38-generic
-- SYSTEM_PROCESSOR: x86_64
-- CPU PLATFORM: intel
-- GPU PLATFORM: nvml
-- Found Boost: /usr/lib/x86_64-linux-gnu/cmake/Boost-1.74.0/BoostConfig.cmake (found version "1.74.0") found components: serialization thread filesystem regex 
-- Added test 'copyright' to check source files copyright and LICENSE
-- Added test 'cppcheck' to perform static code analysis on C / C++ code
-- Configured cppcheck include dirs: /home/sws/autoware/src/universe/autoware.universe/system/system_monitor/include
-- Configured cppcheck exclude dirs and/or files: 
-- Added test 'lint_cmake' to check CMake code style
-- Added test 'xmllint' to check XML markup files
-- Configuring done
-- Generating done
-- Build files have been written to: /home/sws/autoware/build/system_monitor
[  2%] [32mBuilding CXX object CMakeFiles/cpu_monitor_lib.dir/src/cpu_monitor/cpu_monitor_base.cpp.o[0m
In file included from [01m[K/usr/include/boost/bind.hpp:30[m[K,
                 from [01m[K/usr/include/boost/property_tree/json_parser/detail/parser.hpp:7[m[K,
                 from [01m[K/usr/include/boost/property_tree/json_parser/detail/read.hpp:13[m[K,
                 from [01m[K/usr/include/boost/property_tree/json_parser.hpp:16[m[K,
                 from [01m[K/home/sws/autoware/src/universe/autoware.universe/system/system_monitor/src/cpu_monitor/cpu_monitor_base.cpp:26[m[K:
[01m[K/usr/include/boost/bind.hpp:36:1:[m[K [01;36m[Knote: [m[K‘[01m[K#pragma message: The practice of declaring the Bind placeholders (_1, _2, ...) in the global namespace is deprecated. Please use <boost/bind/bind.hpp> + using namespace boost::placeholders, or define BOOST_BIND_GLOBAL_PLACEHOLDERS to retain the current behavior.[m[K’
   36 | [01;36m[KBOOST_PRAGMA_MESSAGE[m[K(
      | [01;36m[K^~~~~~~~~~~~~~~~~~~~[m[K
[  4%] [32mBuilding CXX object CMakeFiles/cpu_monitor_lib.dir/src/cpu_monitor/intel_cpu_monitor.cpp.o[0m
[  7%] [32m[1mLinking CXX shared library libcpu_monitor_lib.so[0m
[  7%] Built target cpu_monitor_lib
[  9%] [32mBuilding CXX object CMakeFiles/voltage_monitor.dir/rclcpp_components/node_main_voltage_monitor.cpp.o[0m
[ 11%] [32m[1mLinking CXX executable voltage_monitor[0m
[ 11%] Built target voltage_monitor
[ 14%] [32mBuilding CXX object CMakeFiles/hdd_monitor_lib.dir/src/hdd_monitor/hdd_monitor.cpp.o[0m
[ 16%] [32m[1mLinking CXX shared library libhdd_monitor_lib.so[0m
[ 16%] Built target hdd_monitor_lib
[ 19%] [32mBuilding CXX object CMakeFiles/gpu_monitor.dir/rclcpp_components/node_main_gpu_monitor.cpp.o[0m
[ 21%] [32m[1mLinking CXX executable gpu_monitor[0m
[ 21%] Built target gpu_monitor
[ 23%] [32mBuilding CXX object CMakeFiles/mem_monitor_lib.dir/src/mem_monitor/mem_monitor.cpp.o[0m
[ 26%] [32m[1mLinking CXX shared library libmem_monitor_lib.so[0m
[ 26%] Built target mem_monitor_lib
[ 28%] [32mBuilding CXX object CMakeFiles/process_monitor.dir/rclcpp_components/node_main_process_monitor.cpp.o[0m
[ 30%] [32m[1mLinking CXX executable process_monitor[0m
[ 30%] Built target process_monitor
[ 33%] [32mBuilding CXX object CMakeFiles/net_monitor_lib.dir/src/net_monitor/net_monitor.cpp.o[0m
[ 35%] [32mBuilding CXX object CMakeFiles/net_monitor_lib.dir/src/net_monitor/nl80211.cpp.o[0m
[ 38%] [32m[1mLinking CXX shared library libnet_monitor_lib.so[0m
[ 38%] Built target net_monitor_lib
[ 40%] [32mBuilding CXX object CMakeFiles/ntp_monitor.dir/rclcpp_components/node_main_ntp_monitor.cpp.o[0m
[ 42%] [32m[1mLinking CXX executable ntp_monitor[0m
[ 42%] Built target ntp_monitor
[ 45%] [32mBuilding CXX object CMakeFiles/ntp_monitor_lib.dir/src/ntp_monitor/ntp_monitor.cpp.o[0m
[ 47%] [32m[1mLinking CXX shared library libntp_monitor_lib.so[0m
[ 47%] Built target ntp_monitor_lib
[ 50%] [32mBuilding CXX object CMakeFiles/net_monitor.dir/rclcpp_components/node_main_net_monitor.cpp.o[0m
[ 52%] [32m[1mLinking CXX executable net_monitor[0m
[ 52%] Built target net_monitor
[ 54%] [32mBuilding CXX object CMakeFiles/process_monitor_lib.dir/src/process_monitor/process_monitor.cpp.o[0m
[ 57%] [32m[1mLinking CXX shared library libprocess_monitor_lib.so[0m
[ 57%] Built target process_monitor_lib
[ 59%] [32mBuilding CXX object CMakeFiles/mem_monitor.dir/rclcpp_components/node_main_mem_monitor.cpp.o[0m
[ 61%] [32m[1mLinking CXX executable mem_monitor[0m
[ 61%] Built target mem_monitor
[ 64%] [32mBuilding CXX object CMakeFiles/gpu_monitor_lib.dir/src/gpu_monitor/gpu_monitor_base.cpp.o[0m
[ 66%] [32mBuilding CXX object CMakeFiles/gpu_monitor_lib.dir/src/gpu_monitor/nvml_gpu_monitor.cpp.o[0m
[ 69%] [32m[1mLinking CXX shared library libgpu_monitor_lib.so[0m
[ 69%] Built target gpu_monitor_lib
[ 71%] [32mBuilding CXX object CMakeFiles/hdd_monitor.dir/rclcpp_components/node_main_hdd_monitor.cpp.o[0m
[ 73%] [32m[1mLinking CXX executable hdd_monitor[0m
[ 73%] Built target hdd_monitor
[ 76%] [32mBuilding CXX object CMakeFiles/voltage_monitor_lib.dir/src/voltage_monitor/voltage_monitor.cpp.o[0m
[ 78%] [32m[1mLinking CXX shared library libvoltage_monitor_lib.so[0m
[ 78%] Built target voltage_monitor_lib
[ 80%] [32mBuilding CXX object CMakeFiles/cpu_monitor.dir/rclcpp_components/node_main_cpu_monitor.cpp.o[0m
[ 83%] [32m[1mLinking CXX executable cpu_monitor[0m
[ 83%] Built target cpu_monitor
[ 85%] [32mBuilding CXX object CMakeFiles/traffic_reader.dir/reader/traffic_reader/traffic_reader_main.cpp.o[0m
[ 88%] [32mBuilding CXX object CMakeFiles/traffic_reader.dir/reader/traffic_reader/traffic_reader_service.cpp.o[0m
[ 90%] [32m[1mLinking CXX executable traffic_reader[0m
[ 90%] Built target traffic_reader
[ 92%] [32mBuilding CXX object CMakeFiles/hdd_reader.dir/reader/hdd_reader/hdd_reader.cpp.o[0m
[ 95%] [32m[1mLinking CXX executable hdd_reader[0m
[ 95%] Built target hdd_reader
[ 97%] [32mBuilding CXX object CMakeFiles/msr_reader.dir/reader/msr_reader/msr_reader.cpp.o[0m
[100%] [32m[1mLinking CXX executable msr_reader[0m
[100%] Built target msr_reader
-- Install configuration: "Release"
-- Execute custom install script
-- Symlinking: /home/sws/autoware/install/system_monitor/lib/system_monitor/cpu_monitor
-- Symlinking: /home/sws/autoware/install/system_monitor/lib/system_monitor/hdd_monitor
-- Symlinking: /home/sws/autoware/install/system_monitor/lib/system_monitor/mem_monitor
-- Symlinking: /home/sws/autoware/install/system_monitor/lib/system_monitor/net_monitor
-- Symlinking: /home/sws/autoware/install/system_monitor/lib/system_monitor/ntp_monitor
-- Symlinking: /home/sws/autoware/install/system_monitor/lib/system_monitor/process_monitor
-- Symlinking: /home/sws/autoware/install/system_monitor/lib/system_monitor/gpu_monitor
-- Symlinking: /home/sws/autoware/install/system_monitor/lib/system_monitor/voltage_monitor
-- Symlinking: /home/sws/autoware/install/system_monitor/include/hdd_reader/hdd_reader.hpp
-- Symlinking: /home/sws/autoware/install/system_monitor/include/msr_reader/msr_reader.hpp
-- Symlinking: /home/sws/autoware/install/system_monitor/include/system_monitor/cpu_monitor/arm_cpu_monitor.hpp
-- Symlinking: /home/sws/autoware/install/system_monitor/include/system_monitor/cpu_monitor/cpu_monitor_base.hpp
-- Symlinking: /home/sws/autoware/install/system_monitor/include/system_monitor/cpu_monitor/intel_cpu_monitor.hpp
-- Symlinking: /home/sws/autoware/install/system_monitor/include/system_monitor/cpu_monitor/raspi_cpu_monitor.hpp
-- Symlinking: /home/sws/autoware/install/system_monitor/include/system_monitor/cpu_monitor/tegra_cpu_monitor.hpp
-- Symlinking: /home/sws/autoware/install/system_monitor/include/system_monitor/cpu_monitor/unknown_cpu_monitor.hpp
-- Symlinking: /home/sws/autoware/install/system_monitor/include/system_monitor/gpu_monitor/gpu_monitor_base.hpp
-- Symlinking: /home/sws/autoware/install/system_monitor/include/system_monitor/gpu_monitor/nvml_gpu_monitor.hpp
-- Symlinking: /home/sws/autoware/install/system_monitor/include/system_monitor/gpu_monitor/tegra_gpu_monitor.hpp
-- Symlinking: /home/sws/autoware/install/system_monitor/include/system_monitor/gpu_monitor/unknown_gpu_monitor.hpp
-- Symlinking: /home/sws/autoware/install/system_monitor/include/system_monitor/hdd_monitor/hdd_monitor.hpp
-- Symlinking: /home/sws/autoware/install/system_monitor/include/system_monitor/mem_monitor/mem_monitor.hpp
-- Symlinking: /home/sws/autoware/install/system_monitor/include/system_monitor/net_monitor/net_monitor.hpp
-- Symlinking: /home/sws/autoware/install/system_monitor/include/system_monitor/net_monitor/nl80211.hpp
-- Symlinking: /home/sws/autoware/install/system_monitor/include/system_monitor/ntp_monitor/ntp_monitor.hpp
-- Symlinking: /home/sws/autoware/install/system_monitor/include/system_monitor/process_monitor/diag_task.hpp
-- Symlinking: /home/sws/autoware/install/system_monitor/include/system_monitor/process_monitor/process_monitor.hpp
-- Symlinking: /home/sws/autoware/install/system_monitor/include/system_monitor/system_monitor_utility.hpp
-- Symlinking: /home/sws/autoware/install/system_monitor/include/system_monitor/voltage_monitor/voltage_monitor.hpp
-- Symlinking: /home/sws/autoware/install/system_monitor/include/traffic_reader/traffic_reader_common.hpp
-- Symlinking: /home/sws/autoware/install/system_monitor/include/traffic_reader/traffic_reader_service.hpp
-- Symlinking: /home/sws/autoware/install/system_monitor/share/system_monitor/environment/library_path.sh
-- Symlinking: /home/sws/autoware/install/system_monitor/share/system_monitor/environment/library_path.dsv
-- Symlinking: /home/sws/autoware/install/system_monitor/lib/libcpu_monitor_lib.so
-- Symlinking: /home/sws/autoware/install/system_monitor/lib/libhdd_monitor_lib.so
-- Symlinking: /home/sws/autoware/install/system_monitor/lib/libmem_monitor_lib.so
-- Symlinking: /home/sws/autoware/install/system_monitor/lib/libnet_monitor_lib.so
-- Symlinking: /home/sws/autoware/install/system_monitor/lib/libntp_monitor_lib.so
-- Symlinking: /home/sws/autoware/install/system_monitor/lib/libprocess_monitor_lib.so
-- Symlinking: /home/sws/autoware/install/system_monitor/lib/libgpu_monitor_lib.so
-- Symlinking: /home/sws/autoware/install/system_monitor/lib/libvoltage_monitor_lib.so
-- Symlinking: /home/sws/autoware/install/system_monitor/lib/system_monitor/msr_reader
-- Symlinking: /home/sws/autoware/install/system_monitor/lib/system_monitor/hdd_reader
-- Symlinking: /home/sws/autoware/install/system_monitor/lib/system_monitor/traffic_reader
-- Symlinking: /home/sws/autoware/install/system_monitor/share/system_monitor/launch/system_monitor.launch.xml
-- Symlinking: /home/sws/autoware/install/system_monitor/share/system_monitor/config/cpu_monitor.param.yaml
-- Symlinking: /home/sws/autoware/install/system_monitor/share/system_monitor/config/gpu_monitor.param.yaml
-- Symlinking: /home/sws/autoware/install/system_monitor/share/system_monitor/config/hdd_monitor.param.yaml
-- Symlinking: /home/sws/autoware/install/system_monitor/share/system_monitor/config/mem_monitor.param.yaml
-- Symlinking: /home/sws/autoware/install/system_monitor/share/system_monitor/config/net_monitor.param.yaml
-- Symlinking: /home/sws/autoware/install/system_monitor/share/system_monitor/config/ntp_monitor.param.yaml
-- Symlinking: /home/sws/autoware/install/system_monitor/share/system_monitor/config/process_monitor.param.yaml
-- Symlinking: /home/sws/autoware/install/system_monitor/share/system_monitor/config/voltage_monitor.param.yaml
-- Symlinking: /home/sws/autoware/install/system_monitor/share/ament_index/resource_index/package_run_dependencies/system_monitor
-- Symlinking: /home/sws/autoware/install/system_monitor/share/ament_index/resource_index/parent_prefix_path/system_monitor
-- Symlinking: /home/sws/autoware/install/system_monitor/share/system_monitor/environment/ament_prefix_path.sh
-- Symlinking: /home/sws/autoware/install/system_monitor/share/system_monitor/environment/ament_prefix_path.dsv
-- Symlinking: /home/sws/autoware/install/system_monitor/share/system_monitor/environment/path.sh
-- Symlinking: /home/sws/autoware/install/system_monitor/share/system_monitor/environment/path.dsv
-- Symlinking: /home/sws/autoware/install/system_monitor/share/system_monitor/local_setup.bash
-- Symlinking: /home/sws/autoware/install/system_monitor/share/system_monitor/local_setup.sh
-- Symlinking: /home/sws/autoware/install/system_monitor/share/system_monitor/local_setup.zsh
-- Symlinking: /home/sws/autoware/install/system_monitor/share/system_monitor/local_setup.dsv
-- Symlinking: /home/sws/autoware/install/system_monitor/share/system_monitor/package.dsv
-- Symlinking: /home/sws/autoware/install/system_monitor/share/ament_index/resource_index/packages/system_monitor
-- Symlinking: /home/sws/autoware/install/system_monitor/share/ament_index/resource_index/rclcpp_components/system_monitor
-- Symlinking: /home/sws/autoware/install/system_monitor/share/system_monitor/cmake/ament_cmake_export_dependencies-extras.cmake
-- Symlinking: /home/sws/autoware/install/system_monitor/share/system_monitor/cmake/ament_cmake_export_include_directories-extras.cmake
-- Symlinking: /home/sws/autoware/install/system_monitor/share/system_monitor/cmake/ament_cmake_export_libraries-extras.cmake
-- Symlinking: /home/sws/autoware/install/system_monitor/share/system_monitor/cmake/system_monitorConfig.cmake
-- Symlinking: /home/sws/autoware/install/system_monitor/share/system_monitor/cmake/system_monitorConfig-version.cmake
-- Symlinking: /home/sws/autoware/install/system_monitor/share/system_monitor/package.xml
