[0.105s] Invoking command in '/home/sws/autoware/build/shift_decider': AMENT_PREFIX_PATH=/home/sws/autoware/install/autoware_auto_vehicle_msgs:/home/sws/autoware/install/autoware_cmake:/home/sws/autoware/install/autoware_auto_planning_msgs:/home/sws/autoware/install/autoware_auto_system_msgs:/home/sws/autoware/install/autoware_auto_mapping_msgs:/home/sws/autoware/install/autoware_auto_geometry_msgs:/home/sws/autoware/install/autoware_auto_control_msgs:${AMENT_PREFIX_PATH} CMAKE_PREFIX_PATH=/home/sws/autoware/install/autoware_auto_vehicle_msgs:/home/sws/autoware/install/autoware_cmake:/home/sws/autoware/install/autoware_auto_planning_msgs:/home/sws/autoware/install/autoware_auto_system_msgs:/home/sws/autoware/install/autoware_auto_mapping_msgs:/home/sws/autoware/install/autoware_auto_geometry_msgs:/home/sws/autoware/install/autoware_auto_control_msgs:/opt/ros/humble LD_LIBRARY_PATH=/home/sws/autoware/install/autoware_auto_vehicle_msgs/lib:/home/sws/autoware/install/autoware_auto_planning_msgs/lib:/home/sws/autoware/install/autoware_auto_system_msgs/lib:/home/sws/autoware/install/autoware_auto_mapping_msgs/lib:/home/sws/autoware/install/autoware_auto_geometry_msgs/lib:/home/sws/autoware/install/autoware_auto_control_msgs/lib:${LD_LIBRARY_PATH} PYTHONPATH=/home/sws/autoware/install/autoware_auto_vehicle_msgs/local/lib/python3.10/dist-packages:/home/sws/autoware/install/autoware_auto_planning_msgs/local/lib/python3.10/dist-packages:/home/sws/autoware/install/autoware_auto_system_msgs/local/lib/python3.10/dist-packages:/home/sws/autoware/install/autoware_auto_mapping_msgs/local/lib/python3.10/dist-packages:/home/sws/autoware/install/autoware_auto_geometry_msgs/local/lib/python3.10/dist-packages:/home/sws/autoware/install/autoware_auto_control_msgs/local/lib/python3.10/dist-packages:${PYTHONPATH} /usr/bin/cmake /home/sws/autoware/src/universe/autoware.universe/control/shift_decider -DCMAKE_BUILD_TYPE=Release -DAMENT_CMAKE_SYMLINK_INSTALL=1 -DCMAKE_INSTALL_PREFIX=/home/sws/autoware/install/shift_decider
[3.664s] -- The C compiler identification is GNU 11.3.0
[3.664s] -- The CXX compiler identification is GNU 11.3.0
[3.664s] -- Detecting C compiler ABI info
[3.664s] -- Detecting C compiler ABI info - done
[3.664s] -- Check for working C compiler: /usr/bin/cc - skipped
[3.664s] -- Detecting C compile features
[3.664s] -- Detecting C compile features - done
[3.664s] -- Detecting CXX compiler ABI info
[3.664s] -- Detecting CXX compiler ABI info - done
[3.664s] -- Check for working CXX compiler: /usr/bin/c++ - skipped
[3.665s] -- Detecting CXX compile features
[3.665s] -- Detecting CXX compile features - done
[3.665s] -- Found autoware_cmake: 0.1.0 (/home/sws/autoware/install/autoware_cmake/share/autoware_cmake/cmake)
[3.665s] -- Found Python3: /usr/bin/python3.10 (found version "3.10.6") found components: Interpreter 
[3.665s] -- Override CMake install command with custom implementation using symlinks instead of copying resources
[3.665s] -- Found rosidl_generator_c: 3.1.4 (/opt/ros/humble/share/rosidl_generator_c/cmake)
[3.665s] -- Found rosidl_adapter: 3.1.4 (/opt/ros/humble/share/rosidl_adapter/cmake)
[3.665s] -- Found rosidl_generator_cpp: 3.1.4 (/opt/ros/humble/share/rosidl_generator_cpp/cmake)
[3.665s] -- Using all available rosidl_typesupport_c: rosidl_typesupport_fastrtps_c;rosidl_typesupport_introspection_c
[3.665s] -- Using all available rosidl_typesupport_cpp: rosidl_typesupport_fastrtps_cpp;rosidl_typesupport_introspection_cpp
[4.236s] -- Found rmw_implementation_cmake: 6.1.1 (/opt/ros/humble/share/rmw_implementation_cmake/cmake)
[4.242s] -- Found rmw_fastrtps_cpp: 6.2.2 (/opt/ros/humble/share/rmw_fastrtps_cpp/cmake)
[4.510s] -- Found OpenSSL: /usr/lib/x86_64-linux-gnu/libcrypto.so (found version "3.0.2")  
[4.577s] -- Found FastRTPS: /opt/ros/humble/include  
[4.649s] -- Using RMW implementation 'rmw_fastrtps_cpp' as default
[4.666s] -- Looking for pthread.h
[4.770s] -- Looking for pthread.h - found
[4.770s] -- Performing Test CMAKE_HAVE_LIBC_PTHREAD
[4.876s] -- Performing Test CMAKE_HAVE_LIBC_PTHREAD - Success
[4.878s] -- Found Threads: TRUE  
[5.270s] -- Found ament_lint_auto: 0.12.5 (/opt/ros/humble/share/ament_lint_auto/cmake)
[5.295s] -- Added test 'cppcheck' to perform static code analysis on C / C++ code
[5.295s] -- Configured cppcheck include dirs: /home/sws/autoware/src/universe/autoware.universe/control/shift_decider/include
[5.295s] -- Configured cppcheck exclude dirs and/or files: 
[5.297s] -- Added test 'cpplint' to check C / C++ code against the Google style
[5.297s] -- Configured cpplint exclude dirs and/or files: 
[5.301s] -- Configuring done
[5.332s] -- Generating done
[5.336s] -- Build files have been written to: /home/sws/autoware/build/shift_decider
[5.415s] Invoked command in '/home/sws/autoware/build/shift_decider' returned '0': AMENT_PREFIX_PATH=/home/sws/autoware/install/autoware_auto_vehicle_msgs:/home/sws/autoware/install/autoware_cmake:/home/sws/autoware/install/autoware_auto_planning_msgs:/home/sws/autoware/install/autoware_auto_system_msgs:/home/sws/autoware/install/autoware_auto_mapping_msgs:/home/sws/autoware/install/autoware_auto_geometry_msgs:/home/sws/autoware/install/autoware_auto_control_msgs:${AMENT_PREFIX_PATH} CMAKE_PREFIX_PATH=/home/sws/autoware/install/autoware_auto_vehicle_msgs:/home/sws/autoware/install/autoware_cmake:/home/sws/autoware/install/autoware_auto_planning_msgs:/home/sws/autoware/install/autoware_auto_system_msgs:/home/sws/autoware/install/autoware_auto_mapping_msgs:/home/sws/autoware/install/autoware_auto_geometry_msgs:/home/sws/autoware/install/autoware_auto_control_msgs:/opt/ros/humble LD_LIBRARY_PATH=/home/sws/autoware/install/autoware_auto_vehicle_msgs/lib:/home/sws/autoware/install/autoware_auto_planning_msgs/lib:/home/sws/autoware/install/autoware_auto_system_msgs/lib:/home/sws/autoware/install/autoware_auto_mapping_msgs/lib:/home/sws/autoware/install/autoware_auto_geometry_msgs/lib:/home/sws/autoware/install/autoware_auto_control_msgs/lib:${LD_LIBRARY_PATH} PYTHONPATH=/home/sws/autoware/install/autoware_auto_vehicle_msgs/local/lib/python3.10/dist-packages:/home/sws/autoware/install/autoware_auto_planning_msgs/local/lib/python3.10/dist-packages:/home/sws/autoware/install/autoware_auto_system_msgs/local/lib/python3.10/dist-packages:/home/sws/autoware/install/autoware_auto_mapping_msgs/local/lib/python3.10/dist-packages:/home/sws/autoware/install/autoware_auto_geometry_msgs/local/lib/python3.10/dist-packages:/home/sws/autoware/install/autoware_auto_control_msgs/local/lib/python3.10/dist-packages:${PYTHONPATH} /usr/bin/cmake /home/sws/autoware/src/universe/autoware.universe/control/shift_decider -DCMAKE_BUILD_TYPE=Release -DAMENT_CMAKE_SYMLINK_INSTALL=1 -DCMAKE_INSTALL_PREFIX=/home/sws/autoware/install/shift_decider
[5.416s] Invoking command in '/home/sws/autoware/build/shift_decider': AMENT_PREFIX_PATH=/home/sws/autoware/install/autoware_auto_vehicle_msgs:/home/sws/autoware/install/autoware_cmake:/home/sws/autoware/install/autoware_auto_planning_msgs:/home/sws/autoware/install/autoware_auto_system_msgs:/home/sws/autoware/install/autoware_auto_mapping_msgs:/home/sws/autoware/install/autoware_auto_geometry_msgs:/home/sws/autoware/install/autoware_auto_control_msgs:${AMENT_PREFIX_PATH} CMAKE_PREFIX_PATH=/home/sws/autoware/install/autoware_auto_vehicle_msgs:/home/sws/autoware/install/autoware_cmake:/home/sws/autoware/install/autoware_auto_planning_msgs:/home/sws/autoware/install/autoware_auto_system_msgs:/home/sws/autoware/install/autoware_auto_mapping_msgs:/home/sws/autoware/install/autoware_auto_geometry_msgs:/home/sws/autoware/install/autoware_auto_control_msgs:/opt/ros/humble LD_LIBRARY_PATH=/home/sws/autoware/install/autoware_auto_vehicle_msgs/lib:/home/sws/autoware/install/autoware_auto_planning_msgs/lib:/home/sws/autoware/install/autoware_auto_system_msgs/lib:/home/sws/autoware/install/autoware_auto_mapping_msgs/lib:/home/sws/autoware/install/autoware_auto_geometry_msgs/lib:/home/sws/autoware/install/autoware_auto_control_msgs/lib:${LD_LIBRARY_PATH} PYTHONPATH=/home/sws/autoware/install/autoware_auto_vehicle_msgs/local/lib/python3.10/dist-packages:/home/sws/autoware/install/autoware_auto_planning_msgs/local/lib/python3.10/dist-packages:/home/sws/autoware/install/autoware_auto_system_msgs/local/lib/python3.10/dist-packages:/home/sws/autoware/install/autoware_auto_mapping_msgs/local/lib/python3.10/dist-packages:/home/sws/autoware/install/autoware_auto_geometry_msgs/local/lib/python3.10/dist-packages:/home/sws/autoware/install/autoware_auto_control_msgs/local/lib/python3.10/dist-packages:${PYTHONPATH} /usr/bin/cmake --build /home/sws/autoware/build/shift_decider -- -j16 -l16
[10.831s] [ 25%] [32mBuilding CXX object CMakeFiles/shift_decider_node.dir/src/shift_decider.cpp.o[0m
[29.104s] [ 50%] [32m[1mLinking CXX shared library libshift_decider_node.so[0m
[29.425s] [ 50%] Built target shift_decider_node
[29.456s] [ 75%] [32mBuilding CXX object CMakeFiles/shift_decider.dir/rclcpp_components/node_main_shift_decider.cpp.o[0m
[34.126s] [100%] [32m[1mLinking CXX executable shift_decider[0m
[34.306s] [100%] Built target shift_decider
[34.328s] Invoked command in '/home/sws/autoware/build/shift_decider' returned '0': AMENT_PREFIX_PATH=/home/sws/autoware/install/autoware_auto_vehicle_msgs:/home/sws/autoware/install/autoware_cmake:/home/sws/autoware/install/autoware_auto_planning_msgs:/home/sws/autoware/install/autoware_auto_system_msgs:/home/sws/autoware/install/autoware_auto_mapping_msgs:/home/sws/autoware/install/autoware_auto_geometry_msgs:/home/sws/autoware/install/autoware_auto_control_msgs:${AMENT_PREFIX_PATH} CMAKE_PREFIX_PATH=/home/sws/autoware/install/autoware_auto_vehicle_msgs:/home/sws/autoware/install/autoware_cmake:/home/sws/autoware/install/autoware_auto_planning_msgs:/home/sws/autoware/install/autoware_auto_system_msgs:/home/sws/autoware/install/autoware_auto_mapping_msgs:/home/sws/autoware/install/autoware_auto_geometry_msgs:/home/sws/autoware/install/autoware_auto_control_msgs:/opt/ros/humble LD_LIBRARY_PATH=/home/sws/autoware/install/autoware_auto_vehicle_msgs/lib:/home/sws/autoware/install/autoware_auto_planning_msgs/lib:/home/sws/autoware/install/autoware_auto_system_msgs/lib:/home/sws/autoware/install/autoware_auto_mapping_msgs/lib:/home/sws/autoware/install/autoware_auto_geometry_msgs/lib:/home/sws/autoware/install/autoware_auto_control_msgs/lib:${LD_LIBRARY_PATH} PYTHONPATH=/home/sws/autoware/install/autoware_auto_vehicle_msgs/local/lib/python3.10/dist-packages:/home/sws/autoware/install/autoware_auto_planning_msgs/local/lib/python3.10/dist-packages:/home/sws/autoware/install/autoware_auto_system_msgs/local/lib/python3.10/dist-packages:/home/sws/autoware/install/autoware_auto_mapping_msgs/local/lib/python3.10/dist-packages:/home/sws/autoware/install/autoware_auto_geometry_msgs/local/lib/python3.10/dist-packages:/home/sws/autoware/install/autoware_auto_control_msgs/local/lib/python3.10/dist-packages:${PYTHONPATH} /usr/bin/cmake --build /home/sws/autoware/build/shift_decider -- -j16 -l16
[34.394s] Invoking command in '/home/sws/autoware/build/shift_decider': AMENT_PREFIX_PATH=/home/sws/autoware/install/autoware_auto_vehicle_msgs:/home/sws/autoware/install/autoware_cmake:/home/sws/autoware/install/autoware_auto_planning_msgs:/home/sws/autoware/install/autoware_auto_system_msgs:/home/sws/autoware/install/autoware_auto_mapping_msgs:/home/sws/autoware/install/autoware_auto_geometry_msgs:/home/sws/autoware/install/autoware_auto_control_msgs:${AMENT_PREFIX_PATH} CMAKE_PREFIX_PATH=/home/sws/autoware/install/autoware_auto_vehicle_msgs:/home/sws/autoware/install/autoware_cmake:/home/sws/autoware/install/autoware_auto_planning_msgs:/home/sws/autoware/install/autoware_auto_system_msgs:/home/sws/autoware/install/autoware_auto_mapping_msgs:/home/sws/autoware/install/autoware_auto_geometry_msgs:/home/sws/autoware/install/autoware_auto_control_msgs:/opt/ros/humble LD_LIBRARY_PATH=/home/sws/autoware/install/autoware_auto_vehicle_msgs/lib:/home/sws/autoware/install/autoware_auto_planning_msgs/lib:/home/sws/autoware/install/autoware_auto_system_msgs/lib:/home/sws/autoware/install/autoware_auto_mapping_msgs/lib:/home/sws/autoware/install/autoware_auto_geometry_msgs/lib:/home/sws/autoware/install/autoware_auto_control_msgs/lib:${LD_LIBRARY_PATH} PYTHONPATH=/home/sws/autoware/install/autoware_auto_vehicle_msgs/local/lib/python3.10/dist-packages:/home/sws/autoware/install/autoware_auto_planning_msgs/local/lib/python3.10/dist-packages:/home/sws/autoware/install/autoware_auto_system_msgs/local/lib/python3.10/dist-packages:/home/sws/autoware/install/autoware_auto_mapping_msgs/local/lib/python3.10/dist-packages:/home/sws/autoware/install/autoware_auto_geometry_msgs/local/lib/python3.10/dist-packages:/home/sws/autoware/install/autoware_auto_control_msgs/local/lib/python3.10/dist-packages:${PYTHONPATH} /usr/bin/cmake --install /home/sws/autoware/build/shift_decider
[55.217s] -- Install configuration: "Release"
[55.217s] -- Execute custom install script
[55.217s] -- Symlinking: /home/sws/autoware/install/shift_decider/lib/shift_decider/shift_decider
[55.217s] -- Symlinking: /home/sws/autoware/install/shift_decider/include/shift_decider/shift_decider.hpp
[55.217s] -- Symlinking: /home/sws/autoware/install/shift_decider/share/shift_decider/environment/library_path.sh
[55.217s] -- Symlinking: /home/sws/autoware/install/shift_decider/share/shift_decider/environment/library_path.dsv
[55.217s] -- Symlinking: /home/sws/autoware/install/shift_decider/lib/libshift_decider_node.so
[55.231s] -- Symlinking: /home/sws/autoware/install/shift_decider/share/shift_decider/launch/shift_decider.launch.xml
[55.232s] -- Symlinking: /home/sws/autoware/install/shift_decider/share/shift_decider/config/shift_decider.param.yaml
[55.232s] -- Symlinking: /home/sws/autoware/install/shift_decider/share/ament_index/resource_index/package_run_dependencies/shift_decider
[55.232s] -- Symlinking: /home/sws/autoware/install/shift_decider/share/ament_index/resource_index/parent_prefix_path/shift_decider
[55.232s] -- Symlinking: /home/sws/autoware/install/shift_decider/share/shift_decider/environment/ament_prefix_path.sh
[55.232s] -- Symlinking: /home/sws/autoware/install/shift_decider/share/shift_decider/environment/ament_prefix_path.dsv
[55.232s] -- Symlinking: /home/sws/autoware/install/shift_decider/share/shift_decider/environment/path.sh
[55.232s] -- Symlinking: /home/sws/autoware/install/shift_decider/share/shift_decider/environment/path.dsv
[55.233s] -- Symlinking: /home/sws/autoware/install/shift_decider/share/shift_decider/local_setup.bash
[55.233s] -- Symlinking: /home/sws/autoware/install/shift_decider/share/shift_decider/local_setup.sh
[55.233s] -- Symlinking: /home/sws/autoware/install/shift_decider/share/shift_decider/local_setup.zsh
[55.233s] -- Symlinking: /home/sws/autoware/install/shift_decider/share/shift_decider/local_setup.dsv
[55.233s] -- Symlinking: /home/sws/autoware/install/shift_decider/share/shift_decider/package.dsv
[55.233s] -- Symlinking: /home/sws/autoware/install/shift_decider/share/ament_index/resource_index/packages/shift_decider
[55.233s] -- Symlinking: /home/sws/autoware/install/shift_decider/share/ament_index/resource_index/rclcpp_components/shift_decider
[55.233s] -- Symlinking: /home/sws/autoware/install/shift_decider/share/shift_decider/cmake/ament_cmake_export_dependencies-extras.cmake
[55.233s] -- Symlinking: /home/sws/autoware/install/shift_decider/share/shift_decider/cmake/ament_cmake_export_include_directories-extras.cmake
[55.233s] -- Symlinking: /home/sws/autoware/install/shift_decider/share/shift_decider/cmake/ament_cmake_export_libraries-extras.cmake
[55.233s] -- Symlinking: /home/sws/autoware/install/shift_decider/share/shift_decider/cmake/shift_deciderConfig.cmake
[55.234s] -- Symlinking: /home/sws/autoware/install/shift_decider/share/shift_decider/cmake/shift_deciderConfig-version.cmake
[55.234s] -- Symlinking: /home/sws/autoware/install/shift_decider/share/shift_decider/package.xml
[55.260s] Invoked command in '/home/sws/autoware/build/shift_decider' returned '0': AMENT_PREFIX_PATH=/home/sws/autoware/install/autoware_auto_vehicle_msgs:/home/sws/autoware/install/autoware_cmake:/home/sws/autoware/install/autoware_auto_planning_msgs:/home/sws/autoware/install/autoware_auto_system_msgs:/home/sws/autoware/install/autoware_auto_mapping_msgs:/home/sws/autoware/install/autoware_auto_geometry_msgs:/home/sws/autoware/install/autoware_auto_control_msgs:${AMENT_PREFIX_PATH} CMAKE_PREFIX_PATH=/home/sws/autoware/install/autoware_auto_vehicle_msgs:/home/sws/autoware/install/autoware_cmake:/home/sws/autoware/install/autoware_auto_planning_msgs:/home/sws/autoware/install/autoware_auto_system_msgs:/home/sws/autoware/install/autoware_auto_mapping_msgs:/home/sws/autoware/install/autoware_auto_geometry_msgs:/home/sws/autoware/install/autoware_auto_control_msgs:/opt/ros/humble LD_LIBRARY_PATH=/home/sws/autoware/install/autoware_auto_vehicle_msgs/lib:/home/sws/autoware/install/autoware_auto_planning_msgs/lib:/home/sws/autoware/install/autoware_auto_system_msgs/lib:/home/sws/autoware/install/autoware_auto_mapping_msgs/lib:/home/sws/autoware/install/autoware_auto_geometry_msgs/lib:/home/sws/autoware/install/autoware_auto_control_msgs/lib:${LD_LIBRARY_PATH} PYTHONPATH=/home/sws/autoware/install/autoware_auto_vehicle_msgs/local/lib/python3.10/dist-packages:/home/sws/autoware/install/autoware_auto_planning_msgs/local/lib/python3.10/dist-packages:/home/sws/autoware/install/autoware_auto_system_msgs/local/lib/python3.10/dist-packages:/home/sws/autoware/install/autoware_auto_mapping_msgs/local/lib/python3.10/dist-packages:/home/sws/autoware/install/autoware_auto_geometry_msgs/local/lib/python3.10/dist-packages:/home/sws/autoware/install/autoware_auto_control_msgs/local/lib/python3.10/dist-packages:${PYTHONPATH} /usr/bin/cmake --install /home/sws/autoware/build/shift_decider
