[0.048s] Invoking command in '/home/sws/autoware/build/mrm_comfortable_stop_operator': AMENT_PREFIX_PATH=/home/sws/autoware/install/tier4_system_msgs:/home/sws/autoware/install/autoware_cmake:/home/sws/autoware/install/tier4_planning_msgs:/home/sws/autoware/install/autoware_lint_common:/home/sws/autoware/install/autoware_common_msgs:/home/sws/autoware/install/autoware_adapi_v1_msgs:${AMENT_PREFIX_PATH} CMAKE_PREFIX_PATH=/home/sws/autoware/install/tier4_system_msgs:/home/sws/autoware/install/autoware_cmake:/home/sws/autoware/install/tier4_planning_msgs:/home/sws/autoware/install/autoware_lint_common:/home/sws/autoware/install/autoware_common_msgs:/home/sws/autoware/install/autoware_adapi_v1_msgs:/opt/ros/humble LD_LIBRARY_PATH=/home/sws/autoware/install/tier4_system_msgs/lib:/home/sws/autoware/install/tier4_planning_msgs/lib:/home/sws/autoware/install/autoware_common_msgs/lib:/home/sws/autoware/install/autoware_adapi_v1_msgs/lib:${LD_LIBRARY_PATH} PYTHONPATH=/home/sws/autoware/install/tier4_system_msgs/local/lib/python3.10/dist-packages:/home/sws/autoware/install/tier4_planning_msgs/local/lib/python3.10/dist-packages:/home/sws/autoware/install/autoware_common_msgs/local/lib/python3.10/dist-packages:/home/sws/autoware/install/autoware_adapi_v1_msgs/local/lib/python3.10/dist-packages:${PYTHONPATH} /usr/bin/cmake /home/sws/autoware/src/universe/autoware.universe/system/mrm_comfortable_stop_operator -DCMAKE_BUILD_TYPE=Release -DAMENT_CMAKE_SYMLINK_INSTALL=1 -DCMAKE_INSTALL_PREFIX=/home/sws/autoware/install/mrm_comfortable_stop_operator
[21.022s] -- The C compiler identification is GNU 11.3.0
[21.022s] -- The CXX compiler identification is GNU 11.3.0
[21.022s] -- Detecting C compiler ABI info
[21.022s] -- Detecting C compiler ABI info - done
[21.022s] -- Check for working C compiler: /usr/bin/cc - skipped
[21.022s] -- Detecting C compile features
[21.023s] -- Detecting C compile features - done
[21.023s] -- Detecting CXX compiler ABI info
[21.023s] -- Detecting CXX compiler ABI info - done
[21.023s] -- Check for working CXX compiler: /usr/bin/c++ - skipped
[21.023s] -- Detecting CXX compile features
[21.023s] -- Detecting CXX compile features - done
[21.023s] -- Found autoware_cmake: 0.1.0 (/home/sws/autoware/install/autoware_cmake/share/autoware_cmake/cmake)
[21.023s] -- Found Python3: /usr/bin/python3.10 (found version "3.10.6") found components: Interpreter 
[21.023s] -- Override CMake install command with custom implementation using symlinks instead of copying resources
[21.023s] -- Found rosidl_generator_c: 3.1.4 (/opt/ros/humble/share/rosidl_generator_c/cmake)
[21.023s] -- Found rosidl_adapter: 3.1.4 (/opt/ros/humble/share/rosidl_adapter/cmake)
[21.024s] -- Found rosidl_generator_cpp: 3.1.4 (/opt/ros/humble/share/rosidl_generator_cpp/cmake)
[21.024s] -- Using all available rosidl_typesupport_c: rosidl_typesupport_fastrtps_c;rosidl_typesupport_introspection_c
[21.024s] -- Using all available rosidl_typesupport_cpp: rosidl_typesupport_fastrtps_cpp;rosidl_typesupport_introspection_cpp
[21.024s] -- Found rmw_implementation_cmake: 6.1.1 (/opt/ros/humble/share/rmw_implementation_cmake/cmake)
[21.024s] -- Found rmw_fastrtps_cpp: 6.2.2 (/opt/ros/humble/share/rmw_fastrtps_cpp/cmake)
[21.024s] -- Found OpenSSL: /usr/lib/x86_64-linux-gnu/libcrypto.so (found version "3.0.2")  
[21.024s] -- Found FastRTPS: /opt/ros/humble/include  
[21.024s] -- Using RMW implementation 'rmw_fastrtps_cpp' as default
[21.024s] -- Looking for pthread.h
[21.024s] -- Looking for pthread.h - found
[21.024s] -- Performing Test CMAKE_HAVE_LIBC_PTHREAD
[21.025s] -- Performing Test CMAKE_HAVE_LIBC_PTHREAD - Success
[21.025s] -- Found Threads: TRUE  
[21.025s] -- Found ament_lint_auto: 0.12.5 (/opt/ros/humble/share/ament_lint_auto/cmake)
[21.025s] -- Added test 'copyright' to check source files copyright and LICENSE
[21.025s] -- Added test 'cppcheck' to perform static code analysis on C / C++ code
[21.025s] -- Configured cppcheck include dirs: /home/sws/autoware/src/universe/autoware.universe/system/mrm_comfortable_stop_operator/include
[21.025s] -- Configured cppcheck exclude dirs and/or files: 
[21.025s] -- Added test 'lint_cmake' to check CMake code style
[21.025s] -- Added test 'xmllint' to check XML markup files
[21.025s] -- Configuring done
[21.025s] -- Generating done
[21.026s] -- Build files have been written to: /home/sws/autoware/build/mrm_comfortable_stop_operator
[21.056s] Invoked command in '/home/sws/autoware/build/mrm_comfortable_stop_operator' returned '0': AMENT_PREFIX_PATH=/home/sws/autoware/install/tier4_system_msgs:/home/sws/autoware/install/autoware_cmake:/home/sws/autoware/install/tier4_planning_msgs:/home/sws/autoware/install/autoware_lint_common:/home/sws/autoware/install/autoware_common_msgs:/home/sws/autoware/install/autoware_adapi_v1_msgs:${AMENT_PREFIX_PATH} CMAKE_PREFIX_PATH=/home/sws/autoware/install/tier4_system_msgs:/home/sws/autoware/install/autoware_cmake:/home/sws/autoware/install/tier4_planning_msgs:/home/sws/autoware/install/autoware_lint_common:/home/sws/autoware/install/autoware_common_msgs:/home/sws/autoware/install/autoware_adapi_v1_msgs:/opt/ros/humble LD_LIBRARY_PATH=/home/sws/autoware/install/tier4_system_msgs/lib:/home/sws/autoware/install/tier4_planning_msgs/lib:/home/sws/autoware/install/autoware_common_msgs/lib:/home/sws/autoware/install/autoware_adapi_v1_msgs/lib:${LD_LIBRARY_PATH} PYTHONPATH=/home/sws/autoware/install/tier4_system_msgs/local/lib/python3.10/dist-packages:/home/sws/autoware/install/tier4_planning_msgs/local/lib/python3.10/dist-packages:/home/sws/autoware/install/autoware_common_msgs/local/lib/python3.10/dist-packages:/home/sws/autoware/install/autoware_adapi_v1_msgs/local/lib/python3.10/dist-packages:${PYTHONPATH} /usr/bin/cmake /home/sws/autoware/src/universe/autoware.universe/system/mrm_comfortable_stop_operator -DCMAKE_BUILD_TYPE=Release -DAMENT_CMAKE_SYMLINK_INSTALL=1 -DCMAKE_INSTALL_PREFIX=/home/sws/autoware/install/mrm_comfortable_stop_operator
[21.057s] Invoking command in '/home/sws/autoware/build/mrm_comfortable_stop_operator': AMENT_PREFIX_PATH=/home/sws/autoware/install/tier4_system_msgs:/home/sws/autoware/install/autoware_cmake:/home/sws/autoware/install/tier4_planning_msgs:/home/sws/autoware/install/autoware_lint_common:/home/sws/autoware/install/autoware_common_msgs:/home/sws/autoware/install/autoware_adapi_v1_msgs:${AMENT_PREFIX_PATH} CMAKE_PREFIX_PATH=/home/sws/autoware/install/tier4_system_msgs:/home/sws/autoware/install/autoware_cmake:/home/sws/autoware/install/tier4_planning_msgs:/home/sws/autoware/install/autoware_lint_common:/home/sws/autoware/install/autoware_common_msgs:/home/sws/autoware/install/autoware_adapi_v1_msgs:/opt/ros/humble LD_LIBRARY_PATH=/home/sws/autoware/install/tier4_system_msgs/lib:/home/sws/autoware/install/tier4_planning_msgs/lib:/home/sws/autoware/install/autoware_common_msgs/lib:/home/sws/autoware/install/autoware_adapi_v1_msgs/lib:${LD_LIBRARY_PATH} PYTHONPATH=/home/sws/autoware/install/tier4_system_msgs/local/lib/python3.10/dist-packages:/home/sws/autoware/install/tier4_planning_msgs/local/lib/python3.10/dist-packages:/home/sws/autoware/install/autoware_common_msgs/local/lib/python3.10/dist-packages:/home/sws/autoware/install/autoware_adapi_v1_msgs/local/lib/python3.10/dist-packages:${PYTHONPATH} /usr/bin/cmake --build /home/sws/autoware/build/mrm_comfortable_stop_operator -- -j16 -l16
[21.172s] [ 25%] [32mBuilding CXX object CMakeFiles/mrm_comfortable_stop_operator.dir/rclcpp_components/node_main_mrm_comfortable_stop_operator.cpp.o[0m
[21.172s] [ 50%] [32mBuilding CXX object CMakeFiles/mrm_comfortable_stop_operator_component.dir/src/mrm_comfortable_stop_operator/mrm_comfortable_stop_operator_core.cpp.o[0m
[28.241s] [ 75%] [32m[1mLinking CXX executable mrm_comfortable_stop_operator[0m
[28.431s] [ 75%] Built target mrm_comfortable_stop_operator
[34.590s] [100%] [32m[1mLinking CXX shared library libmrm_comfortable_stop_operator_component.so[0m
[34.981s] [100%] Built target mrm_comfortable_stop_operator_component
[35.037s] Invoked command in '/home/sws/autoware/build/mrm_comfortable_stop_operator' returned '0': AMENT_PREFIX_PATH=/home/sws/autoware/install/tier4_system_msgs:/home/sws/autoware/install/autoware_cmake:/home/sws/autoware/install/tier4_planning_msgs:/home/sws/autoware/install/autoware_lint_common:/home/sws/autoware/install/autoware_common_msgs:/home/sws/autoware/install/autoware_adapi_v1_msgs:${AMENT_PREFIX_PATH} CMAKE_PREFIX_PATH=/home/sws/autoware/install/tier4_system_msgs:/home/sws/autoware/install/autoware_cmake:/home/sws/autoware/install/tier4_planning_msgs:/home/sws/autoware/install/autoware_lint_common:/home/sws/autoware/install/autoware_common_msgs:/home/sws/autoware/install/autoware_adapi_v1_msgs:/opt/ros/humble LD_LIBRARY_PATH=/home/sws/autoware/install/tier4_system_msgs/lib:/home/sws/autoware/install/tier4_planning_msgs/lib:/home/sws/autoware/install/autoware_common_msgs/lib:/home/sws/autoware/install/autoware_adapi_v1_msgs/lib:${LD_LIBRARY_PATH} PYTHONPATH=/home/sws/autoware/install/tier4_system_msgs/local/lib/python3.10/dist-packages:/home/sws/autoware/install/tier4_planning_msgs/local/lib/python3.10/dist-packages:/home/sws/autoware/install/autoware_common_msgs/local/lib/python3.10/dist-packages:/home/sws/autoware/install/autoware_adapi_v1_msgs/local/lib/python3.10/dist-packages:${PYTHONPATH} /usr/bin/cmake --build /home/sws/autoware/build/mrm_comfortable_stop_operator -- -j16 -l16
[35.381s] Invoking command in '/home/sws/autoware/build/mrm_comfortable_stop_operator': AMENT_PREFIX_PATH=/home/sws/autoware/install/tier4_system_msgs:/home/sws/autoware/install/autoware_cmake:/home/sws/autoware/install/tier4_planning_msgs:/home/sws/autoware/install/autoware_lint_common:/home/sws/autoware/install/autoware_common_msgs:/home/sws/autoware/install/autoware_adapi_v1_msgs:${AMENT_PREFIX_PATH} CMAKE_PREFIX_PATH=/home/sws/autoware/install/tier4_system_msgs:/home/sws/autoware/install/autoware_cmake:/home/sws/autoware/install/tier4_planning_msgs:/home/sws/autoware/install/autoware_lint_common:/home/sws/autoware/install/autoware_common_msgs:/home/sws/autoware/install/autoware_adapi_v1_msgs:/opt/ros/humble LD_LIBRARY_PATH=/home/sws/autoware/install/tier4_system_msgs/lib:/home/sws/autoware/install/tier4_planning_msgs/lib:/home/sws/autoware/install/autoware_common_msgs/lib:/home/sws/autoware/install/autoware_adapi_v1_msgs/lib:${LD_LIBRARY_PATH} PYTHONPATH=/home/sws/autoware/install/tier4_system_msgs/local/lib/python3.10/dist-packages:/home/sws/autoware/install/tier4_planning_msgs/local/lib/python3.10/dist-packages:/home/sws/autoware/install/autoware_common_msgs/local/lib/python3.10/dist-packages:/home/sws/autoware/install/autoware_adapi_v1_msgs/local/lib/python3.10/dist-packages:${PYTHONPATH} /usr/bin/cmake --install /home/sws/autoware/build/mrm_comfortable_stop_operator
[55.927s] -- Install configuration: "Release"
[55.927s] -- Execute custom install script
[55.927s] -- Symlinking: /home/sws/autoware/install/mrm_comfortable_stop_operator/lib/mrm_comfortable_stop_operator/mrm_comfortable_stop_operator
[55.927s] -- Symlinking: /home/sws/autoware/install/mrm_comfortable_stop_operator/include/mrm_comfortable_stop_operator/mrm_comfortable_stop_operator_core.hpp
[55.927s] -- Symlinking: /home/sws/autoware/install/mrm_comfortable_stop_operator/share/mrm_comfortable_stop_operator/environment/library_path.sh
[55.927s] -- Symlinking: /home/sws/autoware/install/mrm_comfortable_stop_operator/share/mrm_comfortable_stop_operator/environment/library_path.dsv
[55.928s] -- Symlinking: /home/sws/autoware/install/mrm_comfortable_stop_operator/lib/libmrm_comfortable_stop_operator_component.so
[55.928s] -- Symlinking: /home/sws/autoware/install/mrm_comfortable_stop_operator/share/mrm_comfortable_stop_operator/launch/mrm_comfortable_stop_operator.launch.py
[55.928s] -- Symlinking: /home/sws/autoware/install/mrm_comfortable_stop_operator/share/mrm_comfortable_stop_operator/config/mrm_comfortable_stop_operator.param.yaml
[55.928s] -- Symlinking: /home/sws/autoware/install/mrm_comfortable_stop_operator/share/ament_index/resource_index/package_run_dependencies/mrm_comfortable_stop_operator
[55.928s] -- Symlinking: /home/sws/autoware/install/mrm_comfortable_stop_operator/share/ament_index/resource_index/parent_prefix_path/mrm_comfortable_stop_operator
[55.928s] -- Symlinking: /home/sws/autoware/install/mrm_comfortable_stop_operator/share/mrm_comfortable_stop_operator/environment/ament_prefix_path.sh
[55.928s] -- Symlinking: /home/sws/autoware/install/mrm_comfortable_stop_operator/share/mrm_comfortable_stop_operator/environment/ament_prefix_path.dsv
[55.928s] -- Symlinking: /home/sws/autoware/install/mrm_comfortable_stop_operator/share/mrm_comfortable_stop_operator/environment/path.sh
[55.928s] -- Symlinking: /home/sws/autoware/install/mrm_comfortable_stop_operator/share/mrm_comfortable_stop_operator/environment/path.dsv
[55.928s] -- Symlinking: /home/sws/autoware/install/mrm_comfortable_stop_operator/share/mrm_comfortable_stop_operator/local_setup.bash
[55.928s] -- Symlinking: /home/sws/autoware/install/mrm_comfortable_stop_operator/share/mrm_comfortable_stop_operator/local_setup.sh
[55.928s] -- Symlinking: /home/sws/autoware/install/mrm_comfortable_stop_operator/share/mrm_comfortable_stop_operator/local_setup.zsh
[55.928s] -- Symlinking: /home/sws/autoware/install/mrm_comfortable_stop_operator/share/mrm_comfortable_stop_operator/local_setup.dsv
[55.929s] -- Symlinking: /home/sws/autoware/install/mrm_comfortable_stop_operator/share/mrm_comfortable_stop_operator/package.dsv
[55.929s] -- Symlinking: /home/sws/autoware/install/mrm_comfortable_stop_operator/share/ament_index/resource_index/packages/mrm_comfortable_stop_operator
[55.929s] -- Symlinking: /home/sws/autoware/install/mrm_comfortable_stop_operator/share/ament_index/resource_index/rclcpp_components/mrm_comfortable_stop_operator
[55.929s] -- Symlinking: /home/sws/autoware/install/mrm_comfortable_stop_operator/share/mrm_comfortable_stop_operator/cmake/ament_cmake_export_dependencies-extras.cmake
[55.929s] -- Symlinking: /home/sws/autoware/install/mrm_comfortable_stop_operator/share/mrm_comfortable_stop_operator/cmake/ament_cmake_export_include_directories-extras.cmake
[55.929s] -- Symlinking: /home/sws/autoware/install/mrm_comfortable_stop_operator/share/mrm_comfortable_stop_operator/cmake/ament_cmake_export_libraries-extras.cmake
[55.929s] -- Symlinking: /home/sws/autoware/install/mrm_comfortable_stop_operator/share/mrm_comfortable_stop_operator/cmake/mrm_comfortable_stop_operatorConfig.cmake
[55.929s] -- Symlinking: /home/sws/autoware/install/mrm_comfortable_stop_operator/share/mrm_comfortable_stop_operator/cmake/mrm_comfortable_stop_operatorConfig-version.cmake
[55.929s] -- Symlinking: /home/sws/autoware/install/mrm_comfortable_stop_operator/share/mrm_comfortable_stop_operator/package.xml
[55.957s] Invoked command in '/home/sws/autoware/build/mrm_comfortable_stop_operator' returned '0': AMENT_PREFIX_PATH=/home/sws/autoware/install/tier4_system_msgs:/home/sws/autoware/install/autoware_cmake:/home/sws/autoware/install/tier4_planning_msgs:/home/sws/autoware/install/autoware_lint_common:/home/sws/autoware/install/autoware_common_msgs:/home/sws/autoware/install/autoware_adapi_v1_msgs:${AMENT_PREFIX_PATH} CMAKE_PREFIX_PATH=/home/sws/autoware/install/tier4_system_msgs:/home/sws/autoware/install/autoware_cmake:/home/sws/autoware/install/tier4_planning_msgs:/home/sws/autoware/install/autoware_lint_common:/home/sws/autoware/install/autoware_common_msgs:/home/sws/autoware/install/autoware_adapi_v1_msgs:/opt/ros/humble LD_LIBRARY_PATH=/home/sws/autoware/install/tier4_system_msgs/lib:/home/sws/autoware/install/tier4_planning_msgs/lib:/home/sws/autoware/install/autoware_common_msgs/lib:/home/sws/autoware/install/autoware_adapi_v1_msgs/lib:${LD_LIBRARY_PATH} PYTHONPATH=/home/sws/autoware/install/tier4_system_msgs/local/lib/python3.10/dist-packages:/home/sws/autoware/install/tier4_planning_msgs/local/lib/python3.10/dist-packages:/home/sws/autoware/install/autoware_common_msgs/local/lib/python3.10/dist-packages:/home/sws/autoware/install/autoware_adapi_v1_msgs/local/lib/python3.10/dist-packages:${PYTHONPATH} /usr/bin/cmake --install /home/sws/autoware/build/mrm_comfortable_stop_operator
