[0.162s] Invoking command in '/home/sws/autoware/build/rtc_manager_rviz_plugin': AMENT_PREFIX_PATH=/home/sws/autoware/install/autoware_cmake:/home/sws/autoware/install/tier4_rtc_msgs:/home/sws/autoware/install/tier4_planning_msgs:/home/sws/autoware/install/tier4_external_api_msgs:/home/sws/autoware/install/autoware_lint_common:${AMENT_PREFIX_PATH} CMAKE_PREFIX_PATH=/home/sws/autoware/install/autoware_cmake:/home/sws/autoware/install/tier4_rtc_msgs:/home/sws/autoware/install/tier4_planning_msgs:/home/sws/autoware/install/tier4_external_api_msgs:/home/sws/autoware/install/autoware_lint_common:/opt/ros/humble LD_LIBRARY_PATH=/home/sws/autoware/install/tier4_rtc_msgs/lib:/home/sws/autoware/install/tier4_planning_msgs/lib:/home/sws/autoware/install/tier4_external_api_msgs/lib:${LD_LIBRARY_PATH} PYTHONPATH=/home/sws/autoware/install/tier4_rtc_msgs/local/lib/python3.10/dist-packages:/home/sws/autoware/install/tier4_planning_msgs/local/lib/python3.10/dist-packages:/home/sws/autoware/install/tier4_external_api_msgs/local/lib/python3.10/dist-packages:${PYTHONPATH} /usr/bin/cmake /home/sws/autoware/src/universe/autoware.universe/common/rtc_manager_rviz_plugin -DCMAKE_BUILD_TYPE=Release -DAMENT_CMAKE_SYMLINK_INSTALL=1 -DCMAKE_INSTALL_PREFIX=/home/sws/autoware/install/rtc_manager_rviz_plugin
[23.486s] -- The C compiler identification is GNU 11.3.0
[23.486s] -- The CXX compiler identification is GNU 11.3.0
[23.487s] -- Detecting C compiler ABI info
[23.487s] -- Detecting C compiler ABI info - done
[23.487s] -- Check for working C compiler: /usr/bin/cc - skipped
[23.487s] -- Detecting C compile features
[23.487s] -- Detecting C compile features - done
[23.487s] -- Detecting CXX compiler ABI info
[23.487s] -- Detecting CXX compiler ABI info - done
[23.487s] -- Check for working CXX compiler: /usr/bin/c++ - skipped
[23.487s] -- Detecting CXX compile features
[23.487s] -- Detecting CXX compile features - done
[23.487s] -- Found autoware_cmake: 0.1.0 (/home/sws/autoware/install/autoware_cmake/share/autoware_cmake/cmake)
[23.488s] -- Found Python3: /usr/bin/python3.10 (found version "3.10.6") found components: Interpreter 
[23.488s] -- Override CMake install command with custom implementation using symlinks instead of copying resources
[23.488s] -- Found rosidl_generator_c: 3.1.4 (/opt/ros/humble/share/rosidl_generator_c/cmake)
[23.488s] -- Found rosidl_adapter: 3.1.4 (/opt/ros/humble/share/rosidl_adapter/cmake)
[23.488s] -- Found rosidl_generator_cpp: 3.1.4 (/opt/ros/humble/share/rosidl_generator_cpp/cmake)
[23.488s] -- Using all available rosidl_typesupport_c: rosidl_typesupport_fastrtps_c;rosidl_typesupport_introspection_c
[23.488s] -- Using all available rosidl_typesupport_cpp: rosidl_typesupport_fastrtps_cpp;rosidl_typesupport_introspection_cpp
[23.488s] -- Found rmw_implementation_cmake: 6.1.1 (/opt/ros/humble/share/rmw_implementation_cmake/cmake)
[23.488s] -- Found rmw_fastrtps_cpp: 6.2.2 (/opt/ros/humble/share/rmw_fastrtps_cpp/cmake)
[23.488s] -- Found OpenSSL: /usr/lib/x86_64-linux-gnu/libcrypto.so (found version "3.0.2")  
[23.488s] -- Found FastRTPS: /opt/ros/humble/include  
[23.488s] -- Using RMW implementation 'rmw_fastrtps_cpp' as default
[23.489s] -- Looking for pthread.h
[23.489s] -- Looking for pthread.h - found
[23.489s] -- Performing Test CMAKE_HAVE_LIBC_PTHREAD
[23.489s] -- Performing Test CMAKE_HAVE_LIBC_PTHREAD - Success
[23.489s] -- Found Threads: TRUE  
[23.489s] -- Setting OGRE_DIR to: '/opt/ros/humble/share/rviz_ogre_vendor/cmake/../../../opt/rviz_ogre_vendor/lib/OGRE/cmake'
[23.489s] -- Found OGRE
[23.489s] --   static     : OFF
[23.489s] --   components : HLMS;MeshLodGenerator;Overlay;Paging;Property;RTShaderSystem;Terrain;Volume
[23.489s] --   plugins    : Plugin_BSPSceneManager;Plugin_OctreeSceneManager;Plugin_PCZSceneManager;Plugin_ParticleFX;RenderSystem_GL;RenderSystem_GL3Plus;Codec_STBI
[23.489s] --   media      : /opt/ros/humble/opt/rviz_ogre_vendor/share/OGRE/Media
[23.489s] -- OGRE_LIBRARIES: OgreHLMS;OgreMeshLodGenerator;OgreOverlay;OgrePaging;OgreProperty;OgreRTShaderSystem;OgreTerrain;OgreVolume;OgreMain
[23.490s] -- OGRE_LIBRARY_DIRS: /opt/ros/humble/opt/rviz_ogre_vendor/lib
[23.490s] -- OGRE_PLUGINS: Plugin_BSPSceneManager;Plugin_OctreeSceneManager;Plugin_PCZSceneManager;Plugin_ParticleFX;RenderSystem_GL;RenderSystem_GL3Plus;Codec_STBI
[23.490s] -- OGRE_PLUGIN_DIR: /opt/ros/humble/opt/rviz_ogre_vendor/lib/OGRE
[23.490s] -- rviz_ogre_vendor::OgreOverlay for IMPORTED_LOCATION_RELEASE: /opt/ros/humble/opt/rviz_ogre_vendor/lib/libOgreOverlay.so
[23.490s] -- rviz_ogre_vendor::OgreOverlay for IMPORTED_LOCATION_DEBUG: /opt/ros/humble/opt/rviz_ogre_vendor/lib/libOgreOverlay.so
[23.490s] -- rviz_ogre_vendor::OgreMain for IMPORTED_LOCATION_RELEASE: /opt/ros/humble/opt/rviz_ogre_vendor/lib/libOgreMain.so
[23.490s] -- rviz_ogre_vendor::OgreMain for IMPORTED_LOCATION_DEBUG: /opt/ros/humble/opt/rviz_ogre_vendor/lib/libOgreMain.so
[23.490s] -- Could not find freeimage library
[23.490s] -- Found ZLIB: /usr/lib/x86_64-linux-gnu/libz.so (found version "1.2.11") 
[23.490s] -- Found OpenGL: /usr/lib/x86_64-linux-gnu/libOpenGL.so   
[23.490s] -- Found X11: /usr/include   
[23.490s] -- Looking for XOpenDisplay in /usr/lib/x86_64-linux-gnu/libX11.so;/usr/lib/x86_64-linux-gnu/libXext.so
[23.490s] -- Looking for XOpenDisplay in /usr/lib/x86_64-linux-gnu/libX11.so;/usr/lib/x86_64-linux-gnu/libXext.so - found
[23.491s] -- Looking for gethostbyname
[23.491s] -- Looking for gethostbyname - found
[23.491s] -- Looking for connect
[23.491s] -- Looking for connect - found
[23.491s] -- Looking for remove
[23.491s] -- Looking for remove - found
[23.491s] -- Looking for shmat
[23.491s] -- Looking for shmat - found
[23.491s] -- Looking for IceConnectionNumber in ICE
[23.491s] -- Looking for IceConnectionNumber in ICE - found
[23.491s] -- rviz_ogre_vendor::RenderSystem_GL for IMPORTED_LOCATION_RELEASE: _render_system_gl_static_library_abs-NOTFOUND
[23.491s] -- rviz_ogre_vendor::RenderSystem_GL for IMPORTED_LOCATION_DEBUG: _render_system_gl_static_library_abs-NOTFOUND
[23.491s] -- library: /usr/lib/x86_64-linux-gnu/libcurl.so
[23.492s] -- Found Eigen3: TRUE (found version "3.4.0") 
[23.492s] -- Ensuring Eigen3 include directory is part of orocos-kdl CMake target
[23.492s] -- Found ament_lint_auto: 0.12.5 (/opt/ros/humble/share/ament_lint_auto/cmake)
[23.492s] -- Added test 'copyright' to check source files copyright and LICENSE
[23.492s] -- Added test 'cppcheck' to perform static code analysis on C / C++ code
[23.492s] -- Configured cppcheck include dirs: 
[23.492s] -- Configured cppcheck exclude dirs and/or files: 
[23.492s] -- Added test 'lint_cmake' to check CMake code style
[23.492s] -- Added test 'xmllint' to check XML markup files
[23.492s] -- Configuring done
[23.492s] -- Generating done
[23.492s] -- Build files have been written to: /home/sws/autoware/build/rtc_manager_rviz_plugin
[23.522s] Invoked command in '/home/sws/autoware/build/rtc_manager_rviz_plugin' returned '0': AMENT_PREFIX_PATH=/home/sws/autoware/install/autoware_cmake:/home/sws/autoware/install/tier4_rtc_msgs:/home/sws/autoware/install/tier4_planning_msgs:/home/sws/autoware/install/tier4_external_api_msgs:/home/sws/autoware/install/autoware_lint_common:${AMENT_PREFIX_PATH} CMAKE_PREFIX_PATH=/home/sws/autoware/install/autoware_cmake:/home/sws/autoware/install/tier4_rtc_msgs:/home/sws/autoware/install/tier4_planning_msgs:/home/sws/autoware/install/tier4_external_api_msgs:/home/sws/autoware/install/autoware_lint_common:/opt/ros/humble LD_LIBRARY_PATH=/home/sws/autoware/install/tier4_rtc_msgs/lib:/home/sws/autoware/install/tier4_planning_msgs/lib:/home/sws/autoware/install/tier4_external_api_msgs/lib:${LD_LIBRARY_PATH} PYTHONPATH=/home/sws/autoware/install/tier4_rtc_msgs/local/lib/python3.10/dist-packages:/home/sws/autoware/install/tier4_planning_msgs/local/lib/python3.10/dist-packages:/home/sws/autoware/install/tier4_external_api_msgs/local/lib/python3.10/dist-packages:${PYTHONPATH} /usr/bin/cmake /home/sws/autoware/src/universe/autoware.universe/common/rtc_manager_rviz_plugin -DCMAKE_BUILD_TYPE=Release -DAMENT_CMAKE_SYMLINK_INSTALL=1 -DCMAKE_INSTALL_PREFIX=/home/sws/autoware/install/rtc_manager_rviz_plugin
[23.525s] Invoking command in '/home/sws/autoware/build/rtc_manager_rviz_plugin': AMENT_PREFIX_PATH=/home/sws/autoware/install/autoware_cmake:/home/sws/autoware/install/tier4_rtc_msgs:/home/sws/autoware/install/tier4_planning_msgs:/home/sws/autoware/install/tier4_external_api_msgs:/home/sws/autoware/install/autoware_lint_common:${AMENT_PREFIX_PATH} CMAKE_PREFIX_PATH=/home/sws/autoware/install/autoware_cmake:/home/sws/autoware/install/tier4_rtc_msgs:/home/sws/autoware/install/tier4_planning_msgs:/home/sws/autoware/install/tier4_external_api_msgs:/home/sws/autoware/install/autoware_lint_common:/opt/ros/humble LD_LIBRARY_PATH=/home/sws/autoware/install/tier4_rtc_msgs/lib:/home/sws/autoware/install/tier4_planning_msgs/lib:/home/sws/autoware/install/tier4_external_api_msgs/lib:${LD_LIBRARY_PATH} PYTHONPATH=/home/sws/autoware/install/tier4_rtc_msgs/local/lib/python3.10/dist-packages:/home/sws/autoware/install/tier4_planning_msgs/local/lib/python3.10/dist-packages:/home/sws/autoware/install/tier4_external_api_msgs/local/lib/python3.10/dist-packages:${PYTHONPATH} /usr/bin/cmake --build /home/sws/autoware/build/rtc_manager_rviz_plugin -- -j16 -l16
[23.611s] [ 25%] [34m[1mAutomatic MOC for target rtc_manager_rviz_plugin[0m
[23.909s] [ 25%] Built target rtc_manager_rviz_plugin_autogen
[23.949s] [ 50%] [32mBuilding CXX object CMakeFiles/rtc_manager_rviz_plugin.dir/rtc_manager_rviz_plugin_autogen/mocs_compilation.cpp.o[0m
[30.926s] [ 75%] [32mBuilding CXX object CMakeFiles/rtc_manager_rviz_plugin.dir/src/rtc_manager_panel.cpp.o[0m
[50.746s] [100%] [32m[1mLinking CXX shared library librtc_manager_rviz_plugin.so[0m
[52.393s] [100%] Built target rtc_manager_rviz_plugin
[52.408s] Invoked command in '/home/sws/autoware/build/rtc_manager_rviz_plugin' returned '0': AMENT_PREFIX_PATH=/home/sws/autoware/install/autoware_cmake:/home/sws/autoware/install/tier4_rtc_msgs:/home/sws/autoware/install/tier4_planning_msgs:/home/sws/autoware/install/tier4_external_api_msgs:/home/sws/autoware/install/autoware_lint_common:${AMENT_PREFIX_PATH} CMAKE_PREFIX_PATH=/home/sws/autoware/install/autoware_cmake:/home/sws/autoware/install/tier4_rtc_msgs:/home/sws/autoware/install/tier4_planning_msgs:/home/sws/autoware/install/tier4_external_api_msgs:/home/sws/autoware/install/autoware_lint_common:/opt/ros/humble LD_LIBRARY_PATH=/home/sws/autoware/install/tier4_rtc_msgs/lib:/home/sws/autoware/install/tier4_planning_msgs/lib:/home/sws/autoware/install/tier4_external_api_msgs/lib:${LD_LIBRARY_PATH} PYTHONPATH=/home/sws/autoware/install/tier4_rtc_msgs/local/lib/python3.10/dist-packages:/home/sws/autoware/install/tier4_planning_msgs/local/lib/python3.10/dist-packages:/home/sws/autoware/install/tier4_external_api_msgs/local/lib/python3.10/dist-packages:${PYTHONPATH} /usr/bin/cmake --build /home/sws/autoware/build/rtc_manager_rviz_plugin -- -j16 -l16
[52.444s] Invoking command in '/home/sws/autoware/build/rtc_manager_rviz_plugin': AMENT_PREFIX_PATH=/home/sws/autoware/install/autoware_cmake:/home/sws/autoware/install/tier4_rtc_msgs:/home/sws/autoware/install/tier4_planning_msgs:/home/sws/autoware/install/tier4_external_api_msgs:/home/sws/autoware/install/autoware_lint_common:${AMENT_PREFIX_PATH} CMAKE_PREFIX_PATH=/home/sws/autoware/install/autoware_cmake:/home/sws/autoware/install/tier4_rtc_msgs:/home/sws/autoware/install/tier4_planning_msgs:/home/sws/autoware/install/tier4_external_api_msgs:/home/sws/autoware/install/autoware_lint_common:/opt/ros/humble LD_LIBRARY_PATH=/home/sws/autoware/install/tier4_rtc_msgs/lib:/home/sws/autoware/install/tier4_planning_msgs/lib:/home/sws/autoware/install/tier4_external_api_msgs/lib:${LD_LIBRARY_PATH} PYTHONPATH=/home/sws/autoware/install/tier4_rtc_msgs/local/lib/python3.10/dist-packages:/home/sws/autoware/install/tier4_planning_msgs/local/lib/python3.10/dist-packages:/home/sws/autoware/install/tier4_external_api_msgs/local/lib/python3.10/dist-packages:${PYTHONPATH} /usr/bin/cmake --install /home/sws/autoware/build/rtc_manager_rviz_plugin
[55.053s] -- Install configuration: "Release"
[55.053s] -- Execute custom install script
[55.054s] -- Symlinking: /home/sws/autoware/install/rtc_manager_rviz_plugin/share/rtc_manager_rviz_plugin/plugins/plugin_description.xml
[55.054s] -- Symlinking: /home/sws/autoware/install/rtc_manager_rviz_plugin/share/rtc_manager_rviz_plugin/environment/library_path.sh
[55.054s] -- Symlinking: /home/sws/autoware/install/rtc_manager_rviz_plugin/share/rtc_manager_rviz_plugin/environment/library_path.dsv
[55.054s] -- Symlinking: /home/sws/autoware/install/rtc_manager_rviz_plugin/lib/librtc_manager_rviz_plugin.so
[55.054s] -- Symlinking: /home/sws/autoware/install/rtc_manager_rviz_plugin/share/rtc_manager_rviz_plugin/icons/classes/RTCManagerPanel.png
[55.054s] -- Up-to-date symlink: /home/sws/autoware/install/rtc_manager_rviz_plugin/share/rtc_manager_rviz_plugin/plugins/plugin_description.xml
[55.054s] -- Symlinking: /home/sws/autoware/install/rtc_manager_rviz_plugin/share/ament_index/resource_index/package_run_dependencies/rtc_manager_rviz_plugin
[55.054s] -- Symlinking: /home/sws/autoware/install/rtc_manager_rviz_plugin/share/ament_index/resource_index/parent_prefix_path/rtc_manager_rviz_plugin
[55.054s] -- Symlinking: /home/sws/autoware/install/rtc_manager_rviz_plugin/share/rtc_manager_rviz_plugin/environment/ament_prefix_path.sh
[55.054s] -- Symlinking: /home/sws/autoware/install/rtc_manager_rviz_plugin/share/rtc_manager_rviz_plugin/environment/ament_prefix_path.dsv
[55.055s] -- Symlinking: /home/sws/autoware/install/rtc_manager_rviz_plugin/share/rtc_manager_rviz_plugin/environment/path.sh
[55.055s] -- Symlinking: /home/sws/autoware/install/rtc_manager_rviz_plugin/share/rtc_manager_rviz_plugin/environment/path.dsv
[55.055s] -- Symlinking: /home/sws/autoware/install/rtc_manager_rviz_plugin/share/rtc_manager_rviz_plugin/local_setup.bash
[55.055s] -- Symlinking: /home/sws/autoware/install/rtc_manager_rviz_plugin/share/rtc_manager_rviz_plugin/local_setup.sh
[55.055s] -- Symlinking: /home/sws/autoware/install/rtc_manager_rviz_plugin/share/rtc_manager_rviz_plugin/local_setup.zsh
[55.055s] -- Symlinking: /home/sws/autoware/install/rtc_manager_rviz_plugin/share/rtc_manager_rviz_plugin/local_setup.dsv
[55.055s] -- Symlinking: /home/sws/autoware/install/rtc_manager_rviz_plugin/share/rtc_manager_rviz_plugin/package.dsv
[55.055s] -- Symlinking: /home/sws/autoware/install/rtc_manager_rviz_plugin/share/ament_index/resource_index/packages/rtc_manager_rviz_plugin
[55.055s] -- Symlinking: /home/sws/autoware/install/rtc_manager_rviz_plugin/share/ament_index/resource_index/rviz_common__pluginlib__plugin/rtc_manager_rviz_plugin
[55.055s] -- Symlinking: /home/sws/autoware/install/rtc_manager_rviz_plugin/share/rtc_manager_rviz_plugin/cmake/ament_cmake_export_dependencies-extras.cmake
[55.055s] -- Symlinking: /home/sws/autoware/install/rtc_manager_rviz_plugin/share/rtc_manager_rviz_plugin/cmake/ament_cmake_export_libraries-extras.cmake
[55.056s] -- Symlinking: /home/sws/autoware/install/rtc_manager_rviz_plugin/share/rtc_manager_rviz_plugin/cmake/rtc_manager_rviz_pluginConfig.cmake
[55.056s] -- Symlinking: /home/sws/autoware/install/rtc_manager_rviz_plugin/share/rtc_manager_rviz_plugin/cmake/rtc_manager_rviz_pluginConfig-version.cmake
[55.056s] -- Symlinking: /home/sws/autoware/install/rtc_manager_rviz_plugin/share/rtc_manager_rviz_plugin/package.xml
[55.075s] Invoked command in '/home/sws/autoware/build/rtc_manager_rviz_plugin' returned '0': AMENT_PREFIX_PATH=/home/sws/autoware/install/autoware_cmake:/home/sws/autoware/install/tier4_rtc_msgs:/home/sws/autoware/install/tier4_planning_msgs:/home/sws/autoware/install/tier4_external_api_msgs:/home/sws/autoware/install/autoware_lint_common:${AMENT_PREFIX_PATH} CMAKE_PREFIX_PATH=/home/sws/autoware/install/autoware_cmake:/home/sws/autoware/install/tier4_rtc_msgs:/home/sws/autoware/install/tier4_planning_msgs:/home/sws/autoware/install/tier4_external_api_msgs:/home/sws/autoware/install/autoware_lint_common:/opt/ros/humble LD_LIBRARY_PATH=/home/sws/autoware/install/tier4_rtc_msgs/lib:/home/sws/autoware/install/tier4_planning_msgs/lib:/home/sws/autoware/install/tier4_external_api_msgs/lib:${LD_LIBRARY_PATH} PYTHONPATH=/home/sws/autoware/install/tier4_rtc_msgs/local/lib/python3.10/dist-packages:/home/sws/autoware/install/tier4_planning_msgs/local/lib/python3.10/dist-packages:/home/sws/autoware/install/tier4_external_api_msgs/local/lib/python3.10/dist-packages:${PYTHONPATH} /usr/bin/cmake --install /home/sws/autoware/build/rtc_manager_rviz_plugin
