[0.032s] Invoking command in '/home/sws/autoware/build/signal_processing': AMENT_PREFIX_PATH=/home/sws/autoware/install/autoware_cmake:/home/sws/autoware/install/autoware_lint_common:${AMENT_PREFIX_PATH} CMAKE_PREFIX_PATH=/home/sws/autoware/install/autoware_cmake:/home/sws/autoware/install/autoware_lint_common:/opt/ros/humble /usr/bin/cmake /home/sws/autoware/src/universe/autoware.universe/common/signal_processing -DCMAKE_BUILD_TYPE=Release -DAMENT_CMAKE_SYMLINK_INSTALL=1 -DCMAKE_INSTALL_PREFIX=/home/sws/autoware/install/signal_processing
[1.223s] -- The C compiler identification is GNU 11.3.0
[1.223s] -- The CXX compiler identification is GNU 11.3.0
[1.224s] -- Detecting C compiler ABI info
[1.224s] -- Detecting C compiler ABI info - done
[1.224s] -- Check for working C compiler: /usr/bin/cc - skipped
[1.224s] -- Detecting C compile features
[1.224s] -- Detecting C compile features - done
[1.224s] -- Detecting CXX compiler ABI info
[1.224s] -- Detecting CXX compiler ABI info - done
[1.224s] -- Check for working CXX compiler: /usr/bin/c++ - skipped
[1.224s] -- Detecting CXX compile features
[1.224s] -- Detecting CXX compile features - done
[1.225s] -- Found autoware_cmake: 0.1.0 (/home/sws/autoware/install/autoware_cmake/share/autoware_cmake/cmake)
[1.225s] -- Found Python3: /usr/bin/python3.10 (found version "3.10.6") found components: Interpreter 
[1.225s] -- Override CMake install command with custom implementation using symlinks instead of copying resources
[1.225s] -- Found rosidl_generator_c: 3.1.4 (/opt/ros/humble/share/rosidl_generator_c/cmake)
[1.225s] -- Found rosidl_adapter: 3.1.4 (/opt/ros/humble/share/rosidl_adapter/cmake)
[1.225s] -- Found rosidl_generator_cpp: 3.1.4 (/opt/ros/humble/share/rosidl_generator_cpp/cmake)
[1.225s] -- Using all available rosidl_typesupport_c: rosidl_typesupport_fastrtps_c;rosidl_typesupport_introspection_c
[1.225s] -- Using all available rosidl_typesupport_cpp: rosidl_typesupport_fastrtps_cpp;rosidl_typesupport_introspection_cpp
[1.605s] -- Found rmw_implementation_cmake: 6.1.1 (/opt/ros/humble/share/rmw_implementation_cmake/cmake)
[1.610s] -- Found rmw_fastrtps_cpp: 6.2.2 (/opt/ros/humble/share/rmw_fastrtps_cpp/cmake)
[1.789s] -- Found OpenSSL: /usr/lib/x86_64-linux-gnu/libcrypto.so (found version "3.0.2")  
[1.841s] -- Found FastRTPS: /opt/ros/humble/include  
[1.915s] -- Using RMW implementation 'rmw_fastrtps_cpp' as default
[1.932s] -- Looking for pthread.h
[2.060s] -- Looking for pthread.h - found
[2.061s] -- Performing Test CMAKE_HAVE_LIBC_PTHREAD
[2.180s] -- Performing Test CMAKE_HAVE_LIBC_PTHREAD - Success
[2.182s] -- Found Threads: TRUE  
[2.411s] -- Found ament_lint_auto: 0.12.5 (/opt/ros/humble/share/ament_lint_auto/cmake)
[2.441s] -- Found gtest sources under '/opt/ros/humble/src/gtest_vendor': C++ tests using 'Google Test' will be built
[2.456s] -- Added test 'copyright' to check source files copyright and LICENSE
[2.458s] -- Added test 'cppcheck' to perform static code analysis on C / C++ code
[2.459s] -- Configured cppcheck include dirs: /home/sws/autoware/src/universe/autoware.universe/common/signal_processing/include;/home/sws/autoware/src/universe/autoware.universe/common/signal_processing/test/include
[2.459s] -- Configured cppcheck exclude dirs and/or files: 
[2.460s] -- Added test 'lint_cmake' to check CMake code style
[2.460s] -- Added test 'xmllint' to check XML markup files
[2.464s] -- Configuring done
[2.486s] -- Generating done
[2.489s] -- Build files have been written to: /home/sws/autoware/build/signal_processing
[2.511s] Invoked command in '/home/sws/autoware/build/signal_processing' returned '0': AMENT_PREFIX_PATH=/home/sws/autoware/install/autoware_cmake:/home/sws/autoware/install/autoware_lint_common:${AMENT_PREFIX_PATH} CMAKE_PREFIX_PATH=/home/sws/autoware/install/autoware_cmake:/home/sws/autoware/install/autoware_lint_common:/opt/ros/humble /usr/bin/cmake /home/sws/autoware/src/universe/autoware.universe/common/signal_processing -DCMAKE_BUILD_TYPE=Release -DAMENT_CMAKE_SYMLINK_INSTALL=1 -DCMAKE_INSTALL_PREFIX=/home/sws/autoware/install/signal_processing
[2.512s] Invoking command in '/home/sws/autoware/build/signal_processing': AMENT_PREFIX_PATH=/home/sws/autoware/install/autoware_cmake:/home/sws/autoware/install/autoware_lint_common:${AMENT_PREFIX_PATH} CMAKE_PREFIX_PATH=/home/sws/autoware/install/autoware_cmake:/home/sws/autoware/install/autoware_lint_common:/opt/ros/humble /usr/bin/cmake --build /home/sws/autoware/build/signal_processing -- -j16 -l16
[3.311s] [  8%] [32mBuilding CXX object CMakeFiles/lowpass_filters.dir/src/lowpass_filter_1d.cpp.o[0m
[3.588s] [ 16%] [32mBuilding CXX object CMakeFiles/lowpass_filters.dir/src/butterworth.cpp.o[0m
[5.771s] [ 25%] [32mBuilding CXX object CMakeFiles/lowpass_filters.dir/src/lowpass_filter.cpp.o[0m
[6.946s] [ 33%] [32m[1mLinking CXX shared library liblowpass_filters.so[0m
[7.194s] [ 33%] Built target lowpass_filters
[7.242s] [ 41%] [32mBuilding CXX object gtest/CMakeFiles/gtest.dir/src/gtest-all.cc.o[0m
[18.335s] [ 50%] [32m[1mLinking CXX static library libgtest.a[0m
[18.372s] [ 50%] Built target gtest
[18.405s] [ 58%] [32mBuilding CXX object gtest/CMakeFiles/gtest_main.dir/src/gtest_main.cc.o[0m
[19.781s] [ 66%] [32m[1mLinking CXX static library libgtest_main.a[0m
[19.822s] [ 66%] Built target gtest_main
[19.847s] [ 75%] [32mBuilding CXX object CMakeFiles/test_signal_processing.dir/test/src/lowpass_filter_1d_test.cpp.o[0m
[21.483s] [ 83%] [32mBuilding CXX object CMakeFiles/test_signal_processing.dir/test/src/butterworth_filter_test.cpp.o[0m
[25.780s] [ 91%] [32mBuilding CXX object CMakeFiles/test_signal_processing.dir/test/src/lowpass_filter_test.cpp.o[0m
[27.229s] [100%] [32m[1mLinking CXX executable test_signal_processing[0m
[27.371s] [100%] Built target test_signal_processing
[27.385s] Invoked command in '/home/sws/autoware/build/signal_processing' returned '0': AMENT_PREFIX_PATH=/home/sws/autoware/install/autoware_cmake:/home/sws/autoware/install/autoware_lint_common:${AMENT_PREFIX_PATH} CMAKE_PREFIX_PATH=/home/sws/autoware/install/autoware_cmake:/home/sws/autoware/install/autoware_lint_common:/opt/ros/humble /usr/bin/cmake --build /home/sws/autoware/build/signal_processing -- -j16 -l16
[27.433s] Invoking command in '/home/sws/autoware/build/signal_processing': AMENT_PREFIX_PATH=/home/sws/autoware/install/autoware_cmake:/home/sws/autoware/install/autoware_lint_common:${AMENT_PREFIX_PATH} CMAKE_PREFIX_PATH=/home/sws/autoware/install/autoware_cmake:/home/sws/autoware/install/autoware_lint_common:/opt/ros/humble /usr/bin/cmake --install /home/sws/autoware/build/signal_processing
[37.875s] -- Install configuration: "Release"
[37.875s] -- Execute custom install script
[37.875s] -- Symlinking: /home/sws/autoware/install/signal_processing/include/signal_processing/butterworth.hpp
[37.875s] -- Symlinking: /home/sws/autoware/install/signal_processing/include/signal_processing/lowpass_filter.hpp
[37.875s] -- Symlinking: /home/sws/autoware/install/signal_processing/include/signal_processing/lowpass_filter_1d.hpp
[37.875s] -- Symlinking: /home/sws/autoware/install/signal_processing/share/signal_processing/environment/library_path.sh
[37.875s] -- Symlinking: /home/sws/autoware/install/signal_processing/share/signal_processing/environment/library_path.dsv
[37.875s] -- Symlinking: /home/sws/autoware/install/signal_processing/lib/liblowpass_filters.so
[37.876s] -- Symlinking: /home/sws/autoware/install/signal_processing/share/ament_index/resource_index/package_run_dependencies/signal_processing
[37.876s] -- Symlinking: /home/sws/autoware/install/signal_processing/share/ament_index/resource_index/parent_prefix_path/signal_processing
[37.876s] -- Symlinking: /home/sws/autoware/install/signal_processing/share/signal_processing/environment/ament_prefix_path.sh
[37.876s] -- Symlinking: /home/sws/autoware/install/signal_processing/share/signal_processing/environment/ament_prefix_path.dsv
[37.876s] -- Symlinking: /home/sws/autoware/install/signal_processing/share/signal_processing/environment/path.sh
[37.876s] -- Symlinking: /home/sws/autoware/install/signal_processing/share/signal_processing/environment/path.dsv
[37.876s] -- Symlinking: /home/sws/autoware/install/signal_processing/share/signal_processing/local_setup.bash
[37.876s] -- Symlinking: /home/sws/autoware/install/signal_processing/share/signal_processing/local_setup.sh
[37.876s] -- Symlinking: /home/sws/autoware/install/signal_processing/share/signal_processing/local_setup.zsh
[37.877s] -- Symlinking: /home/sws/autoware/install/signal_processing/share/signal_processing/local_setup.dsv
[37.877s] -- Symlinking: /home/sws/autoware/install/signal_processing/share/signal_processing/package.dsv
[37.877s] -- Symlinking: /home/sws/autoware/install/signal_processing/share/ament_index/resource_index/packages/signal_processing
[37.877s] -- Symlinking: /home/sws/autoware/install/signal_processing/share/signal_processing/cmake/ament_cmake_export_dependencies-extras.cmake
[37.877s] -- Symlinking: /home/sws/autoware/install/signal_processing/share/signal_processing/cmake/ament_cmake_export_include_directories-extras.cmake
[37.880s] -- Symlinking: /home/sws/autoware/install/signal_processing/share/signal_processing/cmake/ament_cmake_export_libraries-extras.cmake
[37.880s] -- Symlinking: /home/sws/autoware/install/signal_processing/share/signal_processing/cmake/signal_processingConfig.cmake
[37.880s] -- Symlinking: /home/sws/autoware/install/signal_processing/share/signal_processing/cmake/signal_processingConfig-version.cmake
[37.880s] -- Symlinking: /home/sws/autoware/install/signal_processing/share/signal_processing/package.xml
[37.944s] Invoked command in '/home/sws/autoware/build/signal_processing' returned '0': AMENT_PREFIX_PATH=/home/sws/autoware/install/autoware_cmake:/home/sws/autoware/install/autoware_lint_common:${AMENT_PREFIX_PATH} CMAKE_PREFIX_PATH=/home/sws/autoware/install/autoware_cmake:/home/sws/autoware/install/autoware_lint_common:/opt/ros/humble /usr/bin/cmake --install /home/sws/autoware/build/signal_processing
