[0.046s] Invoking command in '/home/sws/autoware/build/tier4_vehicle_launch': AMENT_PREFIX_PATH=/home/sws/autoware/install/autoware_cmake:/home/sws/autoware/install/autoware_lint_common:${AMENT_PREFIX_PATH} CMAKE_PREFIX_PATH=/home/sws/autoware/install/autoware_cmake:/home/sws/autoware/install/autoware_lint_common:/opt/ros/humble /usr/bin/cmake /home/sws/autoware/src/universe/autoware.universe/launch/tier4_vehicle_launch -DCMAKE_BUILD_TYPE=Release -DAMENT_CMAKE_SYMLINK_INSTALL=1 -DCMAKE_INSTALL_PREFIX=/home/sws/autoware/install/tier4_vehicle_launch
[18.507s] -- The C compiler identification is GNU 11.3.0
[18.509s] -- The CXX compiler identification is GNU 11.3.0
[18.513s] -- Detecting C compiler ABI info
[18.513s] -- Detecting C compiler ABI info - done
[18.513s] -- Check for working C compiler: /usr/bin/cc - skipped
[18.513s] -- Detecting C compile features
[18.513s] -- Detecting C compile features - done
[18.513s] -- Detecting CXX compiler ABI info
[18.513s] -- Detecting CXX compiler ABI info - done
[18.513s] -- Check for working CXX compiler: /usr/bin/c++ - skipped
[18.514s] -- Detecting CXX compile features
[18.514s] -- Detecting CXX compile features - done
[18.514s] -- Found autoware_cmake: 0.1.0 (/home/sws/autoware/install/autoware_cmake/share/autoware_cmake/cmake)
[18.514s] -- Found Python3: /usr/bin/python3.10 (found version "3.10.6") found components: Interpreter 
[18.514s] -- Override CMake install command with custom implementation using symlinks instead of copying resources
[18.514s] -- Found ament_lint_auto: 0.12.5 (/opt/ros/humble/share/ament_lint_auto/cmake)
[18.514s] -- Added test 'copyright' to check source files copyright and LICENSE
[18.514s] -- Added test 'lint_cmake' to check CMake code style
[18.514s] -- Added test 'xmllint' to check XML markup files
[18.514s] -- Configuring done
[18.514s] -- Generating done
[18.514s] -- Build files have been written to: /home/sws/autoware/build/tier4_vehicle_launch
[18.529s] Invoked command in '/home/sws/autoware/build/tier4_vehicle_launch' returned '0': AMENT_PREFIX_PATH=/home/sws/autoware/install/autoware_cmake:/home/sws/autoware/install/autoware_lint_common:${AMENT_PREFIX_PATH} CMAKE_PREFIX_PATH=/home/sws/autoware/install/autoware_cmake:/home/sws/autoware/install/autoware_lint_common:/opt/ros/humble /usr/bin/cmake /home/sws/autoware/src/universe/autoware.universe/launch/tier4_vehicle_launch -DCMAKE_BUILD_TYPE=Release -DAMENT_CMAKE_SYMLINK_INSTALL=1 -DCMAKE_INSTALL_PREFIX=/home/sws/autoware/install/tier4_vehicle_launch
[18.534s] Invoking command in '/home/sws/autoware/build/tier4_vehicle_launch': AMENT_PREFIX_PATH=/home/sws/autoware/install/autoware_cmake:/home/sws/autoware/install/autoware_lint_common:${AMENT_PREFIX_PATH} CMAKE_PREFIX_PATH=/home/sws/autoware/install/autoware_cmake:/home/sws/autoware/install/autoware_lint_common:/opt/ros/humble /usr/bin/cmake --build /home/sws/autoware/build/tier4_vehicle_launch -- -j16 -l16
[18.608s] Invoked command in '/home/sws/autoware/build/tier4_vehicle_launch' returned '0': AMENT_PREFIX_PATH=/home/sws/autoware/install/autoware_cmake:/home/sws/autoware/install/autoware_lint_common:${AMENT_PREFIX_PATH} CMAKE_PREFIX_PATH=/home/sws/autoware/install/autoware_cmake:/home/sws/autoware/install/autoware_lint_common:/opt/ros/humble /usr/bin/cmake --build /home/sws/autoware/build/tier4_vehicle_launch -- -j16 -l16
[18.650s] Invoking command in '/home/sws/autoware/build/tier4_vehicle_launch': AMENT_PREFIX_PATH=/home/sws/autoware/install/autoware_cmake:/home/sws/autoware/install/autoware_lint_common:${AMENT_PREFIX_PATH} CMAKE_PREFIX_PATH=/home/sws/autoware/install/autoware_cmake:/home/sws/autoware/install/autoware_lint_common:/opt/ros/humble /usr/bin/cmake --install /home/sws/autoware/build/tier4_vehicle_launch
[26.427s] -- Install configuration: "Release"
[26.427s] -- Execute custom install script
[26.427s] -- Symlinking: /home/sws/autoware/install/tier4_vehicle_launch/share/tier4_vehicle_launch/launch/vehicle.launch.xml
[26.427s] -- Symlinking: /home/sws/autoware/install/tier4_vehicle_launch/share/tier4_vehicle_launch/urdf/vehicle.xacro
[26.427s] -- Symlinking: /home/sws/autoware/install/tier4_vehicle_launch/share/ament_index/resource_index/package_run_dependencies/tier4_vehicle_launch
[26.427s] -- Symlinking: /home/sws/autoware/install/tier4_vehicle_launch/share/ament_index/resource_index/parent_prefix_path/tier4_vehicle_launch
[26.427s] -- Symlinking: /home/sws/autoware/install/tier4_vehicle_launch/share/tier4_vehicle_launch/environment/ament_prefix_path.sh
[26.427s] -- Symlinking: /home/sws/autoware/install/tier4_vehicle_launch/share/tier4_vehicle_launch/environment/ament_prefix_path.dsv
[26.427s] -- Symlinking: /home/sws/autoware/install/tier4_vehicle_launch/share/tier4_vehicle_launch/environment/path.sh
[26.427s] -- Symlinking: /home/sws/autoware/install/tier4_vehicle_launch/share/tier4_vehicle_launch/environment/path.dsv
[26.427s] -- Symlinking: /home/sws/autoware/install/tier4_vehicle_launch/share/tier4_vehicle_launch/local_setup.bash
[26.428s] -- Symlinking: /home/sws/autoware/install/tier4_vehicle_launch/share/tier4_vehicle_launch/local_setup.sh
[26.428s] -- Symlinking: /home/sws/autoware/install/tier4_vehicle_launch/share/tier4_vehicle_launch/local_setup.zsh
[26.428s] -- Symlinking: /home/sws/autoware/install/tier4_vehicle_launch/share/tier4_vehicle_launch/local_setup.dsv
[26.428s] -- Symlinking: /home/sws/autoware/install/tier4_vehicle_launch/share/tier4_vehicle_launch/package.dsv
[26.428s] -- Symlinking: /home/sws/autoware/install/tier4_vehicle_launch/share/ament_index/resource_index/packages/tier4_vehicle_launch
[26.428s] -- Symlinking: /home/sws/autoware/install/tier4_vehicle_launch/share/tier4_vehicle_launch/cmake/tier4_vehicle_launchConfig.cmake
[26.428s] -- Symlinking: /home/sws/autoware/install/tier4_vehicle_launch/share/tier4_vehicle_launch/cmake/tier4_vehicle_launchConfig-version.cmake
[26.428s] -- Symlinking: /home/sws/autoware/install/tier4_vehicle_launch/share/tier4_vehicle_launch/package.xml
[26.456s] Invoked command in '/home/sws/autoware/build/tier4_vehicle_launch' returned '0': AMENT_PREFIX_PATH=/home/sws/autoware/install/autoware_cmake:/home/sws/autoware/install/autoware_lint_common:${AMENT_PREFIX_PATH} CMAKE_PREFIX_PATH=/home/sws/autoware/install/autoware_cmake:/home/sws/autoware/install/autoware_lint_common:/opt/ros/humble /usr/bin/cmake --install /home/sws/autoware/build/tier4_vehicle_launch
