[0.112s] Invoking command in '/home/sws/autoware/build/autoware_auto_geometry': AMENT_PREFIX_PATH=/home/sws/autoware/install/autoware_auto_tf2:/home/sws/autoware/install/autoware_auto_vehicle_msgs:/home/sws/autoware/install/autoware_auto_common:/home/sws/autoware/install/autoware_cmake:/home/sws/autoware/install/autoware_auto_planning_msgs:/home/sws/autoware/install/autoware_auto_perception_msgs:/home/sws/autoware/install/autoware_lint_common:/home/sws/autoware/install/autoware_auto_system_msgs:/home/sws/autoware/install/autoware_auto_mapping_msgs:/home/sws/autoware/install/autoware_auto_geometry_msgs:${AMENT_PREFIX_PATH} CMAKE_PREFIX_PATH=/home/sws/autoware/install/autoware_auto_tf2:/home/sws/autoware/install/autoware_auto_vehicle_msgs:/home/sws/autoware/install/autoware_auto_common:/home/sws/autoware/install/autoware_cmake:/home/sws/autoware/install/autoware_auto_planning_msgs:/home/sws/autoware/install/autoware_auto_perception_msgs:/home/sws/autoware/install/autoware_lint_common:/home/sws/autoware/install/autoware_auto_system_msgs:/home/sws/autoware/install/autoware_auto_mapping_msgs:/home/sws/autoware/install/autoware_auto_geometry_msgs:/opt/ros/humble LD_LIBRARY_PATH=/home/sws/autoware/install/autoware_auto_vehicle_msgs/lib:/home/sws/autoware/install/autoware_auto_planning_msgs/lib:/home/sws/autoware/install/autoware_auto_perception_msgs/lib:/home/sws/autoware/install/autoware_auto_system_msgs/lib:/home/sws/autoware/install/autoware_auto_mapping_msgs/lib:/home/sws/autoware/install/autoware_auto_geometry_msgs/lib:${LD_LIBRARY_PATH} PYTHONPATH=/home/sws/autoware/install/autoware_auto_vehicle_msgs/local/lib/python3.10/dist-packages:/home/sws/autoware/install/autoware_auto_planning_msgs/local/lib/python3.10/dist-packages:/home/sws/autoware/install/autoware_auto_perception_msgs/local/lib/python3.10/dist-packages:/home/sws/autoware/install/autoware_auto_system_msgs/local/lib/python3.10/dist-packages:/home/sws/autoware/install/autoware_auto_mapping_msgs/local/lib/python3.10/dist-packages:/home/sws/autoware/install/autoware_auto_geometry_msgs/local/lib/python3.10/dist-packages:${PYTHONPATH} /usr/bin/cmake /home/sws/autoware/src/universe/autoware.universe/common/autoware_auto_geometry -DCMAKE_BUILD_TYPE=Release -DAMENT_CMAKE_SYMLINK_INSTALL=1 -DCMAKE_INSTALL_PREFIX=/home/sws/autoware/install/autoware_auto_geometry
[4.770s] -- The C compiler identification is GNU 11.3.0
[4.770s] -- The CXX compiler identification is GNU 11.3.0
[4.770s] -- Detecting C compiler ABI info
[4.770s] -- Detecting C compiler ABI info - done
[4.770s] -- Check for working C compiler: /usr/bin/cc - skipped
[4.770s] -- Detecting C compile features
[4.770s] -- Detecting C compile features - done
[4.770s] -- Detecting CXX compiler ABI info
[4.771s] -- Detecting CXX compiler ABI info - done
[4.771s] -- Check for working CXX compiler: /usr/bin/c++ - skipped
[4.771s] -- Detecting CXX compile features
[4.771s] -- Detecting CXX compile features - done
[4.771s] -- Found autoware_cmake: 0.1.0 (/home/sws/autoware/install/autoware_cmake/share/autoware_cmake/cmake)
[4.771s] -- Found Python3: /usr/bin/python3.10 (found version "3.10.6") found components: Interpreter 
[4.771s] -- Override CMake install command with custom implementation using symlinks instead of copying resources
[4.771s] -- Found rosidl_generator_c: 3.1.4 (/opt/ros/humble/share/rosidl_generator_c/cmake)
[4.771s] -- Found rosidl_adapter: 3.1.4 (/opt/ros/humble/share/rosidl_adapter/cmake)
[4.771s] -- Found rosidl_generator_cpp: 3.1.4 (/opt/ros/humble/share/rosidl_generator_cpp/cmake)
[4.771s] -- Using all available rosidl_typesupport_c: rosidl_typesupport_fastrtps_c;rosidl_typesupport_introspection_c
[4.772s] -- Using all available rosidl_typesupport_cpp: rosidl_typesupport_fastrtps_cpp;rosidl_typesupport_introspection_cpp
[4.772s] -- Found eigen3_cmake_module: 0.1.1 (/opt/ros/humble/share/eigen3_cmake_module/cmake)
[4.772s] -- Found Eigen3: TRUE (found version "3.4.0") 
[4.772s] -- Ensuring Eigen3 include directory is part of orocos-kdl CMake target
[4.772s] -- Found rmw_implementation_cmake: 6.1.1 (/opt/ros/humble/share/rmw_implementation_cmake/cmake)
[4.772s] -- Found rmw_fastrtps_cpp: 6.2.2 (/opt/ros/humble/share/rmw_fastrtps_cpp/cmake)
[4.772s] -- Found OpenSSL: /usr/lib/x86_64-linux-gnu/libcrypto.so (found version "3.0.2")  
[4.772s] -- Found FastRTPS: /opt/ros/humble/include  
[4.772s] -- Using RMW implementation 'rmw_fastrtps_cpp' as default
[4.772s] -- Looking for pthread.h
[4.772s] -- Looking for pthread.h - found
[4.773s] -- Performing Test CMAKE_HAVE_LIBC_PTHREAD
[4.818s] -- Performing Test CMAKE_HAVE_LIBC_PTHREAD - Success
[4.820s] -- Found Threads: TRUE  
[6.117s] -- Found ament_lint_auto: 0.12.5 (/opt/ros/humble/share/ament_lint_auto/cmake)
[6.416s] -- Found gtest sources under '/opt/ros/humble/src/gtest_vendor': C++ tests using 'Google Test' will be built
[6.441s] -- Added test 'copyright' to check source files copyright and LICENSE
[6.444s] -- Added test 'cppcheck' to perform static code analysis on C / C++ code
[6.445s] -- Configured cppcheck include dirs: /home/sws/autoware/src/universe/autoware.universe/common/autoware_auto_geometry/include;/home/sws/autoware/src/universe/autoware.universe/common/autoware_auto_geometry/test/include
[6.445s] -- Configured cppcheck exclude dirs and/or files: 
[6.447s] -- Added test 'lint_cmake' to check CMake code style
[6.448s] -- Added test 'xmllint' to check XML markup files
[6.454s] -- Configuring done
[6.550s] -- Generating done
[6.554s] -- Build files have been written to: /home/sws/autoware/build/autoware_auto_geometry
[6.600s] Invoked command in '/home/sws/autoware/build/autoware_auto_geometry' returned '0': AMENT_PREFIX_PATH=/home/sws/autoware/install/autoware_auto_tf2:/home/sws/autoware/install/autoware_auto_vehicle_msgs:/home/sws/autoware/install/autoware_auto_common:/home/sws/autoware/install/autoware_cmake:/home/sws/autoware/install/autoware_auto_planning_msgs:/home/sws/autoware/install/autoware_auto_perception_msgs:/home/sws/autoware/install/autoware_lint_common:/home/sws/autoware/install/autoware_auto_system_msgs:/home/sws/autoware/install/autoware_auto_mapping_msgs:/home/sws/autoware/install/autoware_auto_geometry_msgs:${AMENT_PREFIX_PATH} CMAKE_PREFIX_PATH=/home/sws/autoware/install/autoware_auto_tf2:/home/sws/autoware/install/autoware_auto_vehicle_msgs:/home/sws/autoware/install/autoware_auto_common:/home/sws/autoware/install/autoware_cmake:/home/sws/autoware/install/autoware_auto_planning_msgs:/home/sws/autoware/install/autoware_auto_perception_msgs:/home/sws/autoware/install/autoware_lint_common:/home/sws/autoware/install/autoware_auto_system_msgs:/home/sws/autoware/install/autoware_auto_mapping_msgs:/home/sws/autoware/install/autoware_auto_geometry_msgs:/opt/ros/humble LD_LIBRARY_PATH=/home/sws/autoware/install/autoware_auto_vehicle_msgs/lib:/home/sws/autoware/install/autoware_auto_planning_msgs/lib:/home/sws/autoware/install/autoware_auto_perception_msgs/lib:/home/sws/autoware/install/autoware_auto_system_msgs/lib:/home/sws/autoware/install/autoware_auto_mapping_msgs/lib:/home/sws/autoware/install/autoware_auto_geometry_msgs/lib:${LD_LIBRARY_PATH} PYTHONPATH=/home/sws/autoware/install/autoware_auto_vehicle_msgs/local/lib/python3.10/dist-packages:/home/sws/autoware/install/autoware_auto_planning_msgs/local/lib/python3.10/dist-packages:/home/sws/autoware/install/autoware_auto_perception_msgs/local/lib/python3.10/dist-packages:/home/sws/autoware/install/autoware_auto_system_msgs/local/lib/python3.10/dist-packages:/home/sws/autoware/install/autoware_auto_mapping_msgs/local/lib/python3.10/dist-packages:/home/sws/autoware/install/autoware_auto_geometry_msgs/local/lib/python3.10/dist-packages:${PYTHONPATH} /usr/bin/cmake /home/sws/autoware/src/universe/autoware.universe/common/autoware_auto_geometry -DCMAKE_BUILD_TYPE=Release -DAMENT_CMAKE_SYMLINK_INSTALL=1 -DCMAKE_INSTALL_PREFIX=/home/sws/autoware/install/autoware_auto_geometry
[6.600s] Invoking command in '/home/sws/autoware/build/autoware_auto_geometry': AMENT_PREFIX_PATH=/home/sws/autoware/install/autoware_auto_tf2:/home/sws/autoware/install/autoware_auto_vehicle_msgs:/home/sws/autoware/install/autoware_auto_common:/home/sws/autoware/install/autoware_cmake:/home/sws/autoware/install/autoware_auto_planning_msgs:/home/sws/autoware/install/autoware_auto_perception_msgs:/home/sws/autoware/install/autoware_lint_common:/home/sws/autoware/install/autoware_auto_system_msgs:/home/sws/autoware/install/autoware_auto_mapping_msgs:/home/sws/autoware/install/autoware_auto_geometry_msgs:${AMENT_PREFIX_PATH} CMAKE_PREFIX_PATH=/home/sws/autoware/install/autoware_auto_tf2:/home/sws/autoware/install/autoware_auto_vehicle_msgs:/home/sws/autoware/install/autoware_auto_common:/home/sws/autoware/install/autoware_cmake:/home/sws/autoware/install/autoware_auto_planning_msgs:/home/sws/autoware/install/autoware_auto_perception_msgs:/home/sws/autoware/install/autoware_lint_common:/home/sws/autoware/install/autoware_auto_system_msgs:/home/sws/autoware/install/autoware_auto_mapping_msgs:/home/sws/autoware/install/autoware_auto_geometry_msgs:/opt/ros/humble LD_LIBRARY_PATH=/home/sws/autoware/install/autoware_auto_vehicle_msgs/lib:/home/sws/autoware/install/autoware_auto_planning_msgs/lib:/home/sws/autoware/install/autoware_auto_perception_msgs/lib:/home/sws/autoware/install/autoware_auto_system_msgs/lib:/home/sws/autoware/install/autoware_auto_mapping_msgs/lib:/home/sws/autoware/install/autoware_auto_geometry_msgs/lib:${LD_LIBRARY_PATH} PYTHONPATH=/home/sws/autoware/install/autoware_auto_vehicle_msgs/local/lib/python3.10/dist-packages:/home/sws/autoware/install/autoware_auto_planning_msgs/local/lib/python3.10/dist-packages:/home/sws/autoware/install/autoware_auto_perception_msgs/local/lib/python3.10/dist-packages:/home/sws/autoware/install/autoware_auto_system_msgs/local/lib/python3.10/dist-packages:/home/sws/autoware/install/autoware_auto_mapping_msgs/local/lib/python3.10/dist-packages:/home/sws/autoware/install/autoware_auto_geometry_msgs/local/lib/python3.10/dist-packages:${PYTHONPATH} /usr/bin/cmake --build /home/sws/autoware/build/autoware_auto_geometry -- -j16 -l16
[15.819s] [  6%] [32mBuilding CXX object CMakeFiles/autoware_auto_geometry.dir/src/spatial_hash.cpp.o[0m
[15.819s] [ 12%] [32mBuilding CXX object CMakeFiles/autoware_auto_geometry.dir/src/bounding_box.cpp.o[0m
[15.819s] [ 18%] [32m[1mLinking CXX shared library libautoware_auto_geometry.so[0m
[16.207s] [ 18%] Built target autoware_auto_geometry
[16.234s] [ 25%] [32mBuilding CXX object gtest/CMakeFiles/gtest.dir/src/gtest-all.cc.o[0m
[27.490s] [ 31%] [32m[1mLinking CXX static library libgtest.a[0m
[27.547s] [ 31%] Built target gtest
[27.603s] [ 37%] [32mBuilding CXX object gtest/CMakeFiles/gtest_main.dir/src/gtest_main.cc.o[0m
[28.956s] [ 43%] [32m[1mLinking CXX static library libgtest_main.a[0m
[29.003s] [ 43%] Built target gtest_main
[29.036s] [ 50%] [32mBuilding CXX object CMakeFiles/geometry_gtest.dir/test/src/test_geometry.cpp.o[0m
[39.629s] [ 56%] [32mBuilding CXX object CMakeFiles/geometry_gtest.dir/test/src/test_intersection.cpp.o[0m
[45.330s] [ 62%] [32mBuilding CXX object CMakeFiles/geometry_gtest.dir/test/src/test_common_2d.cpp.o[0m
[48.038s] [ 68%] [32mBuilding CXX object CMakeFiles/geometry_gtest.dir/test/src/test_area.cpp.o[0m
[52.183s] [ 75%] [32mBuilding CXX object CMakeFiles/geometry_gtest.dir/test/src/lookup_table.cpp.o[0m
[57.121s] [ 81%] [32mBuilding CXX object CMakeFiles/geometry_gtest.dir/test/src/test_hull_pockets.cpp.o[0m
[57.121s] [ 87%] [32mBuilding CXX object CMakeFiles/geometry_gtest.dir/test/src/test_interval.cpp.o[0m
[61.409s] [ 93%] [32mBuilding CXX object CMakeFiles/geometry_gtest.dir/test/src/test_convex_hull.cpp.o[0m
[66.048s] [100%] [32m[1mLinking CXX executable geometry_gtest[0m
[66.404s] [100%] Built target geometry_gtest
[66.436s] Invoked command in '/home/sws/autoware/build/autoware_auto_geometry' returned '0': AMENT_PREFIX_PATH=/home/sws/autoware/install/autoware_auto_tf2:/home/sws/autoware/install/autoware_auto_vehicle_msgs:/home/sws/autoware/install/autoware_auto_common:/home/sws/autoware/install/autoware_cmake:/home/sws/autoware/install/autoware_auto_planning_msgs:/home/sws/autoware/install/autoware_auto_perception_msgs:/home/sws/autoware/install/autoware_lint_common:/home/sws/autoware/install/autoware_auto_system_msgs:/home/sws/autoware/install/autoware_auto_mapping_msgs:/home/sws/autoware/install/autoware_auto_geometry_msgs:${AMENT_PREFIX_PATH} CMAKE_PREFIX_PATH=/home/sws/autoware/install/autoware_auto_tf2:/home/sws/autoware/install/autoware_auto_vehicle_msgs:/home/sws/autoware/install/autoware_auto_common:/home/sws/autoware/install/autoware_cmake:/home/sws/autoware/install/autoware_auto_planning_msgs:/home/sws/autoware/install/autoware_auto_perception_msgs:/home/sws/autoware/install/autoware_lint_common:/home/sws/autoware/install/autoware_auto_system_msgs:/home/sws/autoware/install/autoware_auto_mapping_msgs:/home/sws/autoware/install/autoware_auto_geometry_msgs:/opt/ros/humble LD_LIBRARY_PATH=/home/sws/autoware/install/autoware_auto_vehicle_msgs/lib:/home/sws/autoware/install/autoware_auto_planning_msgs/lib:/home/sws/autoware/install/autoware_auto_perception_msgs/lib:/home/sws/autoware/install/autoware_auto_system_msgs/lib:/home/sws/autoware/install/autoware_auto_mapping_msgs/lib:/home/sws/autoware/install/autoware_auto_geometry_msgs/lib:${LD_LIBRARY_PATH} PYTHONPATH=/home/sws/autoware/install/autoware_auto_vehicle_msgs/local/lib/python3.10/dist-packages:/home/sws/autoware/install/autoware_auto_planning_msgs/local/lib/python3.10/dist-packages:/home/sws/autoware/install/autoware_auto_perception_msgs/local/lib/python3.10/dist-packages:/home/sws/autoware/install/autoware_auto_system_msgs/local/lib/python3.10/dist-packages:/home/sws/autoware/install/autoware_auto_mapping_msgs/local/lib/python3.10/dist-packages:/home/sws/autoware/install/autoware_auto_geometry_msgs/local/lib/python3.10/dist-packages:${PYTHONPATH} /usr/bin/cmake --build /home/sws/autoware/build/autoware_auto_geometry -- -j16 -l16
[66.549s] Invoking command in '/home/sws/autoware/build/autoware_auto_geometry': AMENT_PREFIX_PATH=/home/sws/autoware/install/autoware_auto_tf2:/home/sws/autoware/install/autoware_auto_vehicle_msgs:/home/sws/autoware/install/autoware_auto_common:/home/sws/autoware/install/autoware_cmake:/home/sws/autoware/install/autoware_auto_planning_msgs:/home/sws/autoware/install/autoware_auto_perception_msgs:/home/sws/autoware/install/autoware_lint_common:/home/sws/autoware/install/autoware_auto_system_msgs:/home/sws/autoware/install/autoware_auto_mapping_msgs:/home/sws/autoware/install/autoware_auto_geometry_msgs:${AMENT_PREFIX_PATH} CMAKE_PREFIX_PATH=/home/sws/autoware/install/autoware_auto_tf2:/home/sws/autoware/install/autoware_auto_vehicle_msgs:/home/sws/autoware/install/autoware_auto_common:/home/sws/autoware/install/autoware_cmake:/home/sws/autoware/install/autoware_auto_planning_msgs:/home/sws/autoware/install/autoware_auto_perception_msgs:/home/sws/autoware/install/autoware_lint_common:/home/sws/autoware/install/autoware_auto_system_msgs:/home/sws/autoware/install/autoware_auto_mapping_msgs:/home/sws/autoware/install/autoware_auto_geometry_msgs:/opt/ros/humble LD_LIBRARY_PATH=/home/sws/autoware/install/autoware_auto_vehicle_msgs/lib:/home/sws/autoware/install/autoware_auto_planning_msgs/lib:/home/sws/autoware/install/autoware_auto_perception_msgs/lib:/home/sws/autoware/install/autoware_auto_system_msgs/lib:/home/sws/autoware/install/autoware_auto_mapping_msgs/lib:/home/sws/autoware/install/autoware_auto_geometry_msgs/lib:${LD_LIBRARY_PATH} PYTHONPATH=/home/sws/autoware/install/autoware_auto_vehicle_msgs/local/lib/python3.10/dist-packages:/home/sws/autoware/install/autoware_auto_planning_msgs/local/lib/python3.10/dist-packages:/home/sws/autoware/install/autoware_auto_perception_msgs/local/lib/python3.10/dist-packages:/home/sws/autoware/install/autoware_auto_system_msgs/local/lib/python3.10/dist-packages:/home/sws/autoware/install/autoware_auto_mapping_msgs/local/lib/python3.10/dist-packages:/home/sws/autoware/install/autoware_auto_geometry_msgs/local/lib/python3.10/dist-packages:${PYTHONPATH} /usr/bin/cmake --install /home/sws/autoware/build/autoware_auto_geometry
[90.056s] -- Install configuration: "Release"
[90.062s] -- Execute custom install script
[90.062s] -- Symlinking: /home/sws/autoware/install/autoware_auto_geometry/include/geometry/bounding_box/bounding_box_common.hpp
[90.063s] -- Symlinking: /home/sws/autoware/install/autoware_auto_geometry/include/geometry/bounding_box/eigenbox_2d.hpp
[90.063s] -- Symlinking: /home/sws/autoware/install/autoware_auto_geometry/include/geometry/bounding_box/lfit.hpp
[90.063s] -- Symlinking: /home/sws/autoware/install/autoware_auto_geometry/include/geometry/bounding_box/rotating_calipers.hpp
[90.063s] -- Symlinking: /home/sws/autoware/install/autoware_auto_geometry/include/geometry/bounding_box_2d.hpp
[90.063s] -- Symlinking: /home/sws/autoware/install/autoware_auto_geometry/include/geometry/common_2d.hpp
[90.063s] -- Symlinking: /home/sws/autoware/install/autoware_auto_geometry/include/geometry/common_3d.hpp
[90.063s] -- Symlinking: /home/sws/autoware/install/autoware_auto_geometry/include/geometry/convex_hull.hpp
[90.063s] -- Symlinking: /home/sws/autoware/install/autoware_auto_geometry/include/geometry/hull_pockets.hpp
[90.063s] -- Symlinking: /home/sws/autoware/install/autoware_auto_geometry/include/geometry/intersection.hpp
[90.063s] -- Symlinking: /home/sws/autoware/install/autoware_auto_geometry/include/geometry/interval.hpp
[90.064s] -- Symlinking: /home/sws/autoware/install/autoware_auto_geometry/include/geometry/lookup_table.hpp
[90.064s] -- Symlinking: /home/sws/autoware/install/autoware_auto_geometry/include/geometry/spatial_hash.hpp
[90.064s] -- Symlinking: /home/sws/autoware/install/autoware_auto_geometry/include/geometry/spatial_hash_config.hpp
[90.064s] -- Symlinking: /home/sws/autoware/install/autoware_auto_geometry/include/geometry/visibility_control.hpp
[90.064s] -- Symlinking: /home/sws/autoware/install/autoware_auto_geometry/share/autoware_auto_geometry/environment/library_path.sh
[90.064s] -- Symlinking: /home/sws/autoware/install/autoware_auto_geometry/share/autoware_auto_geometry/environment/library_path.dsv
[90.064s] -- Symlinking: /home/sws/autoware/install/autoware_auto_geometry/lib/libautoware_auto_geometry.so
[90.064s] -- Symlinking: /home/sws/autoware/install/autoware_auto_geometry/share/ament_index/resource_index/package_run_dependencies/autoware_auto_geometry
[90.064s] -- Symlinking: /home/sws/autoware/install/autoware_auto_geometry/share/ament_index/resource_index/parent_prefix_path/autoware_auto_geometry
[90.064s] -- Symlinking: /home/sws/autoware/install/autoware_auto_geometry/share/autoware_auto_geometry/environment/ament_prefix_path.sh
[90.064s] -- Symlinking: /home/sws/autoware/install/autoware_auto_geometry/share/autoware_auto_geometry/environment/ament_prefix_path.dsv
[90.065s] -- Symlinking: /home/sws/autoware/install/autoware_auto_geometry/share/autoware_auto_geometry/environment/path.sh
[90.065s] -- Symlinking: /home/sws/autoware/install/autoware_auto_geometry/share/autoware_auto_geometry/environment/path.dsv
[90.065s] -- Symlinking: /home/sws/autoware/install/autoware_auto_geometry/share/autoware_auto_geometry/local_setup.bash
[90.065s] -- Symlinking: /home/sws/autoware/install/autoware_auto_geometry/share/autoware_auto_geometry/local_setup.sh
[90.065s] -- Symlinking: /home/sws/autoware/install/autoware_auto_geometry/share/autoware_auto_geometry/local_setup.zsh
[90.065s] -- Symlinking: /home/sws/autoware/install/autoware_auto_geometry/share/autoware_auto_geometry/local_setup.dsv
[90.065s] -- Symlinking: /home/sws/autoware/install/autoware_auto_geometry/share/autoware_auto_geometry/package.dsv
[90.065s] -- Symlinking: /home/sws/autoware/install/autoware_auto_geometry/share/ament_index/resource_index/packages/autoware_auto_geometry
[90.065s] -- Symlinking: /home/sws/autoware/install/autoware_auto_geometry/share/autoware_auto_geometry/cmake/ament_cmake_export_dependencies-extras.cmake
[90.065s] -- Symlinking: /home/sws/autoware/install/autoware_auto_geometry/share/autoware_auto_geometry/cmake/ament_cmake_export_include_directories-extras.cmake
[90.065s] -- Symlinking: /home/sws/autoware/install/autoware_auto_geometry/share/autoware_auto_geometry/cmake/ament_cmake_export_libraries-extras.cmake
[90.066s] -- Symlinking: /home/sws/autoware/install/autoware_auto_geometry/share/autoware_auto_geometry/cmake/autoware_auto_geometryConfig.cmake
[90.066s] -- Symlinking: /home/sws/autoware/install/autoware_auto_geometry/share/autoware_auto_geometry/cmake/autoware_auto_geometryConfig-version.cmake
[90.066s] -- Symlinking: /home/sws/autoware/install/autoware_auto_geometry/share/autoware_auto_geometry/package.xml
[90.083s] Invoked command in '/home/sws/autoware/build/autoware_auto_geometry' returned '0': AMENT_PREFIX_PATH=/home/sws/autoware/install/autoware_auto_tf2:/home/sws/autoware/install/autoware_auto_vehicle_msgs:/home/sws/autoware/install/autoware_auto_common:/home/sws/autoware/install/autoware_cmake:/home/sws/autoware/install/autoware_auto_planning_msgs:/home/sws/autoware/install/autoware_auto_perception_msgs:/home/sws/autoware/install/autoware_lint_common:/home/sws/autoware/install/autoware_auto_system_msgs:/home/sws/autoware/install/autoware_auto_mapping_msgs:/home/sws/autoware/install/autoware_auto_geometry_msgs:${AMENT_PREFIX_PATH} CMAKE_PREFIX_PATH=/home/sws/autoware/install/autoware_auto_tf2:/home/sws/autoware/install/autoware_auto_vehicle_msgs:/home/sws/autoware/install/autoware_auto_common:/home/sws/autoware/install/autoware_cmake:/home/sws/autoware/install/autoware_auto_planning_msgs:/home/sws/autoware/install/autoware_auto_perception_msgs:/home/sws/autoware/install/autoware_lint_common:/home/sws/autoware/install/autoware_auto_system_msgs:/home/sws/autoware/install/autoware_auto_mapping_msgs:/home/sws/autoware/install/autoware_auto_geometry_msgs:/opt/ros/humble LD_LIBRARY_PATH=/home/sws/autoware/install/autoware_auto_vehicle_msgs/lib:/home/sws/autoware/install/autoware_auto_planning_msgs/lib:/home/sws/autoware/install/autoware_auto_perception_msgs/lib:/home/sws/autoware/install/autoware_auto_system_msgs/lib:/home/sws/autoware/install/autoware_auto_mapping_msgs/lib:/home/sws/autoware/install/autoware_auto_geometry_msgs/lib:${LD_LIBRARY_PATH} PYTHONPATH=/home/sws/autoware/install/autoware_auto_vehicle_msgs/local/lib/python3.10/dist-packages:/home/sws/autoware/install/autoware_auto_planning_msgs/local/lib/python3.10/dist-packages:/home/sws/autoware/install/autoware_auto_perception_msgs/local/lib/python3.10/dist-packages:/home/sws/autoware/install/autoware_auto_system_msgs/local/lib/python3.10/dist-packages:/home/sws/autoware/install/autoware_auto_mapping_msgs/local/lib/python3.10/dist-packages:/home/sws/autoware/install/autoware_auto_geometry_msgs/local/lib/python3.10/dist-packages:${PYTHONPATH} /usr/bin/cmake --install /home/sws/autoware/build/autoware_auto_geometry
