[0.012s] Invoking command in '/home/sws/autoware/build/cuda_utils': AMENT_PREFIX_PATH=/home/sws/autoware/install/autoware_cmake:/home/sws/autoware/install/autoware_lint_common:${AMENT_PREFIX_PATH} CMAKE_PREFIX_PATH=/home/sws/autoware/install/autoware_cmake:/home/sws/autoware/install/autoware_lint_common:/opt/ros/humble /usr/bin/cmake /home/sws/autoware/src/universe/autoware.universe/common/cuda_utils -DCMAKE_BUILD_TYPE=Release -DAMENT_CMAKE_SYMLINK_INSTALL=1 -DCMAKE_INSTALL_PREFIX=/home/sws/autoware/install/cuda_utils
[0.246s] -- The C compiler identification is GNU 11.3.0
[0.246s] -- The CXX compiler identification is GNU 11.3.0
[0.246s] -- Detecting C compiler ABI info
[0.247s] -- Detecting C compiler ABI info - done
[0.248s] -- Check for working C compiler: /usr/bin/cc - skipped
[0.248s] -- Detecting C compile features
[0.248s] -- Detecting C compile features - done
[0.248s] -- Detecting CXX compiler ABI info
[0.321s] -- Detecting CXX compiler ABI info - done
[0.334s] -- Check for working CXX compiler: /usr/bin/c++ - skipped
[0.335s] -- Detecting CXX compile features
[0.335s] -- Detecting CXX compile features - done
[0.337s] -- Found autoware_cmake: 0.1.0 (/home/sws/autoware/install/autoware_cmake/share/autoware_cmake/cmake)
[0.586s] -- Found Python3: /usr/bin/python3.10 (found version "3.10.6") found components: Interpreter 
[0.655s] -- Override CMake install command with custom implementation using symlinks instead of copying resources
[0.747s] -- Found ament_lint_auto: 0.12.5 (/opt/ros/humble/share/ament_lint_auto/cmake)
[0.768s] -- Looking for pthread.h
[0.828s] -- Looking for pthread.h - found
[0.828s] -- Performing Test CMAKE_HAVE_LIBC_PTHREAD
[0.896s] -- Performing Test CMAKE_HAVE_LIBC_PTHREAD - Success
[0.897s] -- Found Threads: TRUE  
[0.922s] -- Found CUDA: /usr/local/cuda (found version "11.6") 
[0.922s] -- Added test 'copyright' to check source files copyright and LICENSE
[0.922s] -- Added test 'cppcheck' to perform static code analysis on C / C++ code
[0.922s] -- Configured cppcheck include dirs: 
[0.923s] -- Configured cppcheck exclude dirs and/or files: 
[0.923s] -- Added test 'lint_cmake' to check CMake code style
[0.923s] -- Added test 'xmllint' to check XML markup files
[0.926s] -- Configuring done
[0.930s] -- Generating done
[0.931s] -- Build files have been written to: /home/sws/autoware/build/cuda_utils
[0.991s] Invoked command in '/home/sws/autoware/build/cuda_utils' returned '0': AMENT_PREFIX_PATH=/home/sws/autoware/install/autoware_cmake:/home/sws/autoware/install/autoware_lint_common:${AMENT_PREFIX_PATH} CMAKE_PREFIX_PATH=/home/sws/autoware/install/autoware_cmake:/home/sws/autoware/install/autoware_lint_common:/opt/ros/humble /usr/bin/cmake /home/sws/autoware/src/universe/autoware.universe/common/cuda_utils -DCMAKE_BUILD_TYPE=Release -DAMENT_CMAKE_SYMLINK_INSTALL=1 -DCMAKE_INSTALL_PREFIX=/home/sws/autoware/install/cuda_utils
[0.993s] Invoking command in '/home/sws/autoware/build/cuda_utils': AMENT_PREFIX_PATH=/home/sws/autoware/install/autoware_cmake:/home/sws/autoware/install/autoware_lint_common:${AMENT_PREFIX_PATH} CMAKE_PREFIX_PATH=/home/sws/autoware/install/autoware_cmake:/home/sws/autoware/install/autoware_lint_common:/opt/ros/humble /usr/bin/cmake --build /home/sws/autoware/build/cuda_utils -- -j16 -l16
[1.146s] Invoked command in '/home/sws/autoware/build/cuda_utils' returned '0': AMENT_PREFIX_PATH=/home/sws/autoware/install/autoware_cmake:/home/sws/autoware/install/autoware_lint_common:${AMENT_PREFIX_PATH} CMAKE_PREFIX_PATH=/home/sws/autoware/install/autoware_cmake:/home/sws/autoware/install/autoware_lint_common:/opt/ros/humble /usr/bin/cmake --build /home/sws/autoware/build/cuda_utils -- -j16 -l16
[1.184s] Invoking command in '/home/sws/autoware/build/cuda_utils': AMENT_PREFIX_PATH=/home/sws/autoware/install/autoware_cmake:/home/sws/autoware/install/autoware_lint_common:${AMENT_PREFIX_PATH} CMAKE_PREFIX_PATH=/home/sws/autoware/install/autoware_cmake:/home/sws/autoware/install/autoware_lint_common:/opt/ros/humble /usr/bin/cmake --install /home/sws/autoware/build/cuda_utils
[3.676s] -- Install configuration: "Release"
[3.676s] -- Execute custom install script
[3.676s] -- Symlinking: /home/sws/autoware/install/cuda_utils/include/cuda_utils/cuda_check_error.hpp
[3.676s] -- Symlinking: /home/sws/autoware/install/cuda_utils/include/cuda_utils/cuda_unique_ptr.hpp
[3.676s] -- Symlinking: /home/sws/autoware/install/cuda_utils/include/cuda_utils/stream_unique_ptr.hpp
[3.676s] -- Up-to-date symlink: /home/sws/autoware/install/cuda_utils/include/cuda_utils/cuda_check_error.hpp
[3.676s] -- Up-to-date symlink: /home/sws/autoware/install/cuda_utils/include/cuda_utils/cuda_unique_ptr.hpp
[3.676s] -- Up-to-date symlink: /home/sws/autoware/install/cuda_utils/include/cuda_utils/stream_unique_ptr.hpp
[3.676s] -- Symlinking: /home/sws/autoware/install/cuda_utils/share/ament_index/resource_index/package_run_dependencies/cuda_utils
[3.676s] -- Symlinking: /home/sws/autoware/install/cuda_utils/share/ament_index/resource_index/parent_prefix_path/cuda_utils
[3.677s] -- Symlinking: /home/sws/autoware/install/cuda_utils/share/cuda_utils/environment/ament_prefix_path.sh
[3.677s] -- Symlinking: /home/sws/autoware/install/cuda_utils/share/cuda_utils/environment/ament_prefix_path.dsv
[3.677s] -- Symlinking: /home/sws/autoware/install/cuda_utils/share/cuda_utils/environment/path.sh
[3.677s] -- Symlinking: /home/sws/autoware/install/cuda_utils/share/cuda_utils/environment/path.dsv
[3.677s] -- Symlinking: /home/sws/autoware/install/cuda_utils/share/cuda_utils/local_setup.bash
[3.677s] -- Symlinking: /home/sws/autoware/install/cuda_utils/share/cuda_utils/local_setup.sh
[3.677s] -- Symlinking: /home/sws/autoware/install/cuda_utils/share/cuda_utils/local_setup.zsh
[3.677s] -- Symlinking: /home/sws/autoware/install/cuda_utils/share/cuda_utils/local_setup.dsv
[3.677s] -- Symlinking: /home/sws/autoware/install/cuda_utils/share/cuda_utils/package.dsv
[3.677s] -- Symlinking: /home/sws/autoware/install/cuda_utils/share/ament_index/resource_index/packages/cuda_utils
[3.677s] -- Symlinking: /home/sws/autoware/install/cuda_utils/share/cuda_utils/cmake/ament_cmake_export_include_directories-extras.cmake
[3.678s] -- Symlinking: /home/sws/autoware/install/cuda_utils/share/cuda_utils/cmake/ament_cmake_export_dependencies-extras.cmake
[3.678s] -- Symlinking: /home/sws/autoware/install/cuda_utils/share/cuda_utils/cmake/cuda_utilsConfig.cmake
[3.678s] -- Symlinking: /home/sws/autoware/install/cuda_utils/share/cuda_utils/cmake/cuda_utilsConfig-version.cmake
[3.678s] -- Symlinking: /home/sws/autoware/install/cuda_utils/share/cuda_utils/package.xml
[3.687s] Invoked command in '/home/sws/autoware/build/cuda_utils' returned '0': AMENT_PREFIX_PATH=/home/sws/autoware/install/autoware_cmake:/home/sws/autoware/install/autoware_lint_common:${AMENT_PREFIX_PATH} CMAKE_PREFIX_PATH=/home/sws/autoware/install/autoware_cmake:/home/sws/autoware/install/autoware_lint_common:/opt/ros/humble /usr/bin/cmake --install /home/sws/autoware/build/cuda_utils
