[0.052s] Invoking command in '/home/sws/autoware/build/tier4_automatic_goal_rviz_plugin': AMENT_PREFIX_PATH=/home/sws/autoware/install/autoware_cmake:/home/sws/autoware/install/autoware_lint_common:/home/sws/autoware/install/autoware_adapi_v1_msgs:${AMENT_PREFIX_PATH} CMAKE_PREFIX_PATH=/home/sws/autoware/install/autoware_cmake:/home/sws/autoware/install/autoware_lint_common:/home/sws/autoware/install/autoware_adapi_v1_msgs:/opt/ros/humble LD_LIBRARY_PATH=/home/sws/autoware/install/autoware_adapi_v1_msgs/lib:${LD_LIBRARY_PATH} PYTHONPATH=/home/sws/autoware/install/autoware_adapi_v1_msgs/local/lib/python3.10/dist-packages:${PYTHONPATH} /usr/bin/cmake /home/sws/autoware/src/universe/autoware.universe/common/tier4_automatic_goal_rviz_plugin -DCMAKE_BUILD_TYPE=Release -DAMENT_CMAKE_SYMLINK_INSTALL=1 -DCMAKE_INSTALL_PREFIX=/home/sws/autoware/install/tier4_automatic_goal_rviz_plugin
[5.163s] -- The C compiler identification is GNU 11.3.0
[5.164s] -- The CXX compiler identification is GNU 11.3.0
[5.164s] -- Detecting C compiler ABI info
[5.164s] -- Detecting C compiler ABI info - done
[5.164s] -- Check for working C compiler: /usr/bin/cc - skipped
[5.164s] -- Detecting C compile features
[5.164s] -- Detecting C compile features - done
[5.164s] -- Detecting CXX compiler ABI info
[5.164s] -- Detecting CXX compiler ABI info - done
[5.164s] -- Check for working CXX compiler: /usr/bin/c++ - skipped
[5.164s] -- Detecting CXX compile features
[5.164s] -- Detecting CXX compile features - done
[5.164s] -- Found autoware_cmake: 0.1.0 (/home/sws/autoware/install/autoware_cmake/share/autoware_cmake/cmake)
[5.165s] -- Found Python3: /usr/bin/python3.10 (found version "3.10.6") found components: Interpreter 
[5.165s] -- Override CMake install command with custom implementation using symlinks instead of copying resources
[5.165s] -- Found rosidl_generator_c: 3.1.4 (/opt/ros/humble/share/rosidl_generator_c/cmake)
[5.165s] -- Found rosidl_adapter: 3.1.4 (/opt/ros/humble/share/rosidl_adapter/cmake)
[5.165s] -- Found rosidl_generator_cpp: 3.1.4 (/opt/ros/humble/share/rosidl_generator_cpp/cmake)
[5.165s] -- Using all available rosidl_typesupport_c: rosidl_typesupport_fastrtps_c;rosidl_typesupport_introspection_c
[5.165s] -- Using all available rosidl_typesupport_cpp: rosidl_typesupport_fastrtps_cpp;rosidl_typesupport_introspection_cpp
[5.165s] -- Found rmw_implementation_cmake: 6.1.1 (/opt/ros/humble/share/rmw_implementation_cmake/cmake)
[5.165s] -- Found rmw_fastrtps_cpp: 6.2.2 (/opt/ros/humble/share/rmw_fastrtps_cpp/cmake)
[5.165s] -- Found OpenSSL: /usr/lib/x86_64-linux-gnu/libcrypto.so (found version "3.0.2")  
[5.165s] -- Found FastRTPS: /opt/ros/humble/include  
[5.165s] -- Using RMW implementation 'rmw_fastrtps_cpp' as default
[5.165s] -- Looking for pthread.h
[5.166s] -- Looking for pthread.h - found
[5.166s] -- Performing Test CMAKE_HAVE_LIBC_PTHREAD
[5.166s] -- Performing Test CMAKE_HAVE_LIBC_PTHREAD - Success
[5.166s] -- Found Threads: TRUE  
[5.166s] -- Setting OGRE_DIR to: '/opt/ros/humble/share/rviz_ogre_vendor/cmake/../../../opt/rviz_ogre_vendor/lib/OGRE/cmake'
[5.166s] -- Found OGRE
[5.166s] --   static     : OFF
[5.166s] --   components : HLMS;MeshLodGenerator;Overlay;Paging;Property;RTShaderSystem;Terrain;Volume
[5.166s] --   plugins    : Plugin_BSPSceneManager;Plugin_OctreeSceneManager;Plugin_PCZSceneManager;Plugin_ParticleFX;RenderSystem_GL;RenderSystem_GL3Plus;Codec_STBI
[5.166s] --   media      : /opt/ros/humble/opt/rviz_ogre_vendor/share/OGRE/Media
[5.166s] -- OGRE_LIBRARIES: OgreHLMS;OgreMeshLodGenerator;OgreOverlay;OgrePaging;OgreProperty;OgreRTShaderSystem;OgreTerrain;OgreVolume;OgreMain
[5.166s] -- OGRE_LIBRARY_DIRS: /opt/ros/humble/opt/rviz_ogre_vendor/lib
[5.167s] -- OGRE_PLUGINS: Plugin_BSPSceneManager;Plugin_OctreeSceneManager;Plugin_PCZSceneManager;Plugin_ParticleFX;RenderSystem_GL;RenderSystem_GL3Plus;Codec_STBI
[5.167s] -- OGRE_PLUGIN_DIR: /opt/ros/humble/opt/rviz_ogre_vendor/lib/OGRE
[5.167s] -- rviz_ogre_vendor::OgreOverlay for IMPORTED_LOCATION_RELEASE: /opt/ros/humble/opt/rviz_ogre_vendor/lib/libOgreOverlay.so
[5.167s] -- rviz_ogre_vendor::OgreOverlay for IMPORTED_LOCATION_DEBUG: /opt/ros/humble/opt/rviz_ogre_vendor/lib/libOgreOverlay.so
[5.167s] -- rviz_ogre_vendor::OgreMain for IMPORTED_LOCATION_RELEASE: /opt/ros/humble/opt/rviz_ogre_vendor/lib/libOgreMain.so
[5.167s] -- rviz_ogre_vendor::OgreMain for IMPORTED_LOCATION_DEBUG: /opt/ros/humble/opt/rviz_ogre_vendor/lib/libOgreMain.so
[5.167s] -- Could not find freeimage library
[5.167s] -- Found ZLIB: /usr/lib/x86_64-linux-gnu/libz.so (found version "1.2.11") 
[5.167s] -- Found OpenGL: /usr/lib/x86_64-linux-gnu/libOpenGL.so   
[5.167s] -- Found X11: /usr/include   
[5.167s] -- Looking for XOpenDisplay in /usr/lib/x86_64-linux-gnu/libX11.so;/usr/lib/x86_64-linux-gnu/libXext.so
[5.167s] -- Looking for XOpenDisplay in /usr/lib/x86_64-linux-gnu/libX11.so;/usr/lib/x86_64-linux-gnu/libXext.so - found
[5.168s] -- Looking for gethostbyname
[5.168s] -- Looking for gethostbyname - found
[5.168s] -- Looking for connect
[5.168s] -- Looking for connect - found
[5.168s] -- Looking for remove
[5.168s] -- Looking for remove - found
[5.168s] -- Looking for shmat
[5.168s] -- Looking for shmat - found
[5.168s] -- Looking for IceConnectionNumber in ICE
[5.168s] -- Looking for IceConnectionNumber in ICE - found
[5.168s] -- rviz_ogre_vendor::RenderSystem_GL for IMPORTED_LOCATION_RELEASE: _render_system_gl_static_library_abs-NOTFOUND
[5.168s] -- rviz_ogre_vendor::RenderSystem_GL for IMPORTED_LOCATION_DEBUG: _render_system_gl_static_library_abs-NOTFOUND
[5.169s] -- library: /usr/lib/x86_64-linux-gnu/libcurl.so
[5.169s] -- Found Eigen3: TRUE (found version "3.4.0") 
[5.169s] -- Ensuring Eigen3 include directory is part of orocos-kdl CMake target
[5.390s] -- Found ament_lint_auto: 0.12.5 (/opt/ros/humble/share/ament_lint_auto/cmake)
[5.430s] -- Added test 'copyright' to check source files copyright and LICENSE
[5.430s] -- Added test 'cppcheck' to perform static code analysis on C / C++ code
[5.431s] -- Configured cppcheck include dirs: 
[5.431s] -- Configured cppcheck exclude dirs and/or files: 
[5.432s] -- Added test 'lint_cmake' to check CMake code style
[5.433s] -- Added test 'xmllint' to check XML markup files
[5.437s] -- Configuring done
[5.517s] -- Generating done
[5.522s] -- Build files have been written to: /home/sws/autoware/build/tier4_automatic_goal_rviz_plugin
[5.550s] Invoked command in '/home/sws/autoware/build/tier4_automatic_goal_rviz_plugin' returned '0': AMENT_PREFIX_PATH=/home/sws/autoware/install/autoware_cmake:/home/sws/autoware/install/autoware_lint_common:/home/sws/autoware/install/autoware_adapi_v1_msgs:${AMENT_PREFIX_PATH} CMAKE_PREFIX_PATH=/home/sws/autoware/install/autoware_cmake:/home/sws/autoware/install/autoware_lint_common:/home/sws/autoware/install/autoware_adapi_v1_msgs:/opt/ros/humble LD_LIBRARY_PATH=/home/sws/autoware/install/autoware_adapi_v1_msgs/lib:${LD_LIBRARY_PATH} PYTHONPATH=/home/sws/autoware/install/autoware_adapi_v1_msgs/local/lib/python3.10/dist-packages:${PYTHONPATH} /usr/bin/cmake /home/sws/autoware/src/universe/autoware.universe/common/tier4_automatic_goal_rviz_plugin -DCMAKE_BUILD_TYPE=Release -DAMENT_CMAKE_SYMLINK_INSTALL=1 -DCMAKE_INSTALL_PREFIX=/home/sws/autoware/install/tier4_automatic_goal_rviz_plugin
[5.550s] Invoking command in '/home/sws/autoware/build/tier4_automatic_goal_rviz_plugin': AMENT_PREFIX_PATH=/home/sws/autoware/install/autoware_cmake:/home/sws/autoware/install/autoware_lint_common:/home/sws/autoware/install/autoware_adapi_v1_msgs:${AMENT_PREFIX_PATH} CMAKE_PREFIX_PATH=/home/sws/autoware/install/autoware_cmake:/home/sws/autoware/install/autoware_lint_common:/home/sws/autoware/install/autoware_adapi_v1_msgs:/opt/ros/humble LD_LIBRARY_PATH=/home/sws/autoware/install/autoware_adapi_v1_msgs/lib:${LD_LIBRARY_PATH} PYTHONPATH=/home/sws/autoware/install/autoware_adapi_v1_msgs/local/lib/python3.10/dist-packages:${PYTHONPATH} /usr/bin/cmake --build /home/sws/autoware/build/tier4_automatic_goal_rviz_plugin -- -j16 -l16
[10.227s] [ 10%] [34m[1mAutomatic MOC for target tier4_automatic_goal_rviz_plugin[0m
[10.228s] [ 10%] Built target tier4_automatic_goal_rviz_plugin_autogen
[10.228s] [ 20%] [32mBuilding CXX object CMakeFiles/tier4_automatic_goal_rviz_plugin.dir/tier4_automatic_goal_rviz_plugin_autogen/mocs_compilation.cpp.o[0m
[14.968s] [ 30%] [32mBuilding CXX object CMakeFiles/tier4_automatic_goal_rviz_plugin.dir/src/automatic_goal_panel.cpp.o[0m
[35.349s] [ 40%] [32mBuilding CXX object CMakeFiles/tier4_automatic_goal_rviz_plugin.dir/src/automatic_goal_append_tool.cpp.o[0m
[44.316s] [ 50%] [32mBuilding CXX object CMakeFiles/tier4_automatic_goal_rviz_plugin.dir/src/automatic_goal_sender.cpp.o[0m
[70.571s] [ 60%] [32m[1mLinking CXX shared library libtier4_automatic_goal_rviz_plugin.so[0m
[73.664s] [ 60%] Built target tier4_automatic_goal_rviz_plugin
[73.694s] [ 70%] [34m[1mAutomatic MOC for target automatic_goal_sender[0m
[73.753s] [ 70%] Built target automatic_goal_sender_autogen
[73.796s] [ 80%] [32mBuilding CXX object CMakeFiles/automatic_goal_sender.dir/automatic_goal_sender_autogen/mocs_compilation.cpp.o[0m
[73.833s] [ 90%] [32mBuilding CXX object CMakeFiles/automatic_goal_sender.dir/src/automatic_goal_sender.cpp.o[0m
[101.029s] [100%] [32m[1mLinking CXX executable automatic_goal_sender[0m
[101.431s] [100%] Built target automatic_goal_sender
[101.461s] Invoked command in '/home/sws/autoware/build/tier4_automatic_goal_rviz_plugin' returned '0': AMENT_PREFIX_PATH=/home/sws/autoware/install/autoware_cmake:/home/sws/autoware/install/autoware_lint_common:/home/sws/autoware/install/autoware_adapi_v1_msgs:${AMENT_PREFIX_PATH} CMAKE_PREFIX_PATH=/home/sws/autoware/install/autoware_cmake:/home/sws/autoware/install/autoware_lint_common:/home/sws/autoware/install/autoware_adapi_v1_msgs:/opt/ros/humble LD_LIBRARY_PATH=/home/sws/autoware/install/autoware_adapi_v1_msgs/lib:${LD_LIBRARY_PATH} PYTHONPATH=/home/sws/autoware/install/autoware_adapi_v1_msgs/local/lib/python3.10/dist-packages:${PYTHONPATH} /usr/bin/cmake --build /home/sws/autoware/build/tier4_automatic_goal_rviz_plugin -- -j16 -l16
[101.602s] Invoking command in '/home/sws/autoware/build/tier4_automatic_goal_rviz_plugin': AMENT_PREFIX_PATH=/home/sws/autoware/install/autoware_cmake:/home/sws/autoware/install/autoware_lint_common:/home/sws/autoware/install/autoware_adapi_v1_msgs:${AMENT_PREFIX_PATH} CMAKE_PREFIX_PATH=/home/sws/autoware/install/autoware_cmake:/home/sws/autoware/install/autoware_lint_common:/home/sws/autoware/install/autoware_adapi_v1_msgs:/opt/ros/humble LD_LIBRARY_PATH=/home/sws/autoware/install/autoware_adapi_v1_msgs/lib:${LD_LIBRARY_PATH} PYTHONPATH=/home/sws/autoware/install/autoware_adapi_v1_msgs/local/lib/python3.10/dist-packages:${PYTHONPATH} /usr/bin/cmake --install /home/sws/autoware/build/tier4_automatic_goal_rviz_plugin
[131.731s] -- Install configuration: "Release"
[131.732s] -- Execute custom install script
[131.733s] -- Symlinking: /home/sws/autoware/install/tier4_automatic_goal_rviz_plugin/share/tier4_automatic_goal_rviz_plugin/plugins/plugin_description.xml
[131.733s] -- Symlinking: /home/sws/autoware/install/tier4_automatic_goal_rviz_plugin/share/tier4_automatic_goal_rviz_plugin/environment/library_path.sh
[131.733s] -- Symlinking: /home/sws/autoware/install/tier4_automatic_goal_rviz_plugin/share/tier4_automatic_goal_rviz_plugin/environment/library_path.dsv
[131.733s] -- Symlinking: /home/sws/autoware/install/tier4_automatic_goal_rviz_plugin/lib/libtier4_automatic_goal_rviz_plugin.so
[131.733s] -- Symlinking: /home/sws/autoware/install/tier4_automatic_goal_rviz_plugin/lib/tier4_automatic_goal_rviz_plugin/automatic_goal_sender
[131.733s] -- Symlinking: /home/sws/autoware/install/tier4_automatic_goal_rviz_plugin/share/tier4_automatic_goal_rviz_plugin/launch/automatic_goal_sender.launch.xml
[131.733s] -- Symlinking: /home/sws/autoware/install/tier4_automatic_goal_rviz_plugin/share/tier4_automatic_goal_rviz_plugin/icons/classes/AutowareAutomaticGoalPanel.png
[131.734s] -- Symlinking: /home/sws/autoware/install/tier4_automatic_goal_rviz_plugin/share/tier4_automatic_goal_rviz_plugin/icons/classes/AutowareAutomaticGoalTool.png
[131.734s] -- Up-to-date symlink: /home/sws/autoware/install/tier4_automatic_goal_rviz_plugin/share/tier4_automatic_goal_rviz_plugin/plugins/plugin_description.xml
[131.734s] -- Symlinking: /home/sws/autoware/install/tier4_automatic_goal_rviz_plugin/share/ament_index/resource_index/package_run_dependencies/tier4_automatic_goal_rviz_plugin
[131.734s] -- Symlinking: /home/sws/autoware/install/tier4_automatic_goal_rviz_plugin/share/ament_index/resource_index/parent_prefix_path/tier4_automatic_goal_rviz_plugin
[131.734s] -- Symlinking: /home/sws/autoware/install/tier4_automatic_goal_rviz_plugin/share/tier4_automatic_goal_rviz_plugin/environment/ament_prefix_path.sh
[131.734s] -- Symlinking: /home/sws/autoware/install/tier4_automatic_goal_rviz_plugin/share/tier4_automatic_goal_rviz_plugin/environment/ament_prefix_path.dsv
[131.734s] -- Symlinking: /home/sws/autoware/install/tier4_automatic_goal_rviz_plugin/share/tier4_automatic_goal_rviz_plugin/environment/path.sh
[131.734s] -- Symlinking: /home/sws/autoware/install/tier4_automatic_goal_rviz_plugin/share/tier4_automatic_goal_rviz_plugin/environment/path.dsv
[131.734s] -- Symlinking: /home/sws/autoware/install/tier4_automatic_goal_rviz_plugin/share/tier4_automatic_goal_rviz_plugin/local_setup.bash
[131.734s] -- Symlinking: /home/sws/autoware/install/tier4_automatic_goal_rviz_plugin/share/tier4_automatic_goal_rviz_plugin/local_setup.sh
[131.735s] -- Symlinking: /home/sws/autoware/install/tier4_automatic_goal_rviz_plugin/share/tier4_automatic_goal_rviz_plugin/local_setup.zsh
[131.735s] -- Symlinking: /home/sws/autoware/install/tier4_automatic_goal_rviz_plugin/share/tier4_automatic_goal_rviz_plugin/local_setup.dsv
[131.735s] -- Symlinking: /home/sws/autoware/install/tier4_automatic_goal_rviz_plugin/share/tier4_automatic_goal_rviz_plugin/package.dsv
[131.735s] -- Symlinking: /home/sws/autoware/install/tier4_automatic_goal_rviz_plugin/share/ament_index/resource_index/packages/tier4_automatic_goal_rviz_plugin
[131.735s] -- Symlinking: /home/sws/autoware/install/tier4_automatic_goal_rviz_plugin/share/ament_index/resource_index/rviz_common__pluginlib__plugin/tier4_automatic_goal_rviz_plugin
[131.735s] -- Symlinking: /home/sws/autoware/install/tier4_automatic_goal_rviz_plugin/share/tier4_automatic_goal_rviz_plugin/cmake/ament_cmake_export_dependencies-extras.cmake
[131.735s] -- Symlinking: /home/sws/autoware/install/tier4_automatic_goal_rviz_plugin/share/tier4_automatic_goal_rviz_plugin/cmake/ament_cmake_export_libraries-extras.cmake
[131.735s] -- Symlinking: /home/sws/autoware/install/tier4_automatic_goal_rviz_plugin/share/tier4_automatic_goal_rviz_plugin/cmake/tier4_automatic_goal_rviz_pluginConfig.cmake
[131.735s] -- Symlinking: /home/sws/autoware/install/tier4_automatic_goal_rviz_plugin/share/tier4_automatic_goal_rviz_plugin/cmake/tier4_automatic_goal_rviz_pluginConfig-version.cmake
[131.736s] -- Symlinking: /home/sws/autoware/install/tier4_automatic_goal_rviz_plugin/share/tier4_automatic_goal_rviz_plugin/package.xml
[131.778s] Invoked command in '/home/sws/autoware/build/tier4_automatic_goal_rviz_plugin' returned '0': AMENT_PREFIX_PATH=/home/sws/autoware/install/autoware_cmake:/home/sws/autoware/install/autoware_lint_common:/home/sws/autoware/install/autoware_adapi_v1_msgs:${AMENT_PREFIX_PATH} CMAKE_PREFIX_PATH=/home/sws/autoware/install/autoware_cmake:/home/sws/autoware/install/autoware_lint_common:/home/sws/autoware/install/autoware_adapi_v1_msgs:/opt/ros/humble LD_LIBRARY_PATH=/home/sws/autoware/install/autoware_adapi_v1_msgs/lib:${LD_LIBRARY_PATH} PYTHONPATH=/home/sws/autoware/install/autoware_adapi_v1_msgs/local/lib/python3.10/dist-packages:${PYTHONPATH} /usr/bin/cmake --install /home/sws/autoware/build/tier4_automatic_goal_rviz_plugin
