[0.047s] Invoking command in '/home/sws/autoware/build/autoware_adapi_version_msgs': CMAKE_PREFIX_PATH=/opt/ros/humble /usr/bin/cmake /home/sws/autoware/src/core/autoware_adapi_msgs/autoware_adapi_version_msgs -DCMAKE_BUILD_TYPE=Release -DAMENT_CMAKE_SYMLINK_INSTALL=1 -DCMAKE_INSTALL_PREFIX=/home/sws/autoware/install/autoware_adapi_version_msgs
[19.358s] -- The C compiler identification is GNU 11.3.0
[19.358s] -- The CXX compiler identification is GNU 11.3.0
[19.358s] -- Detecting C compiler ABI info
[19.359s] -- Detecting C compiler ABI info - done
[19.359s] -- Check for working C compiler: /usr/bin/cc - skipped
[19.359s] -- Detecting C compile features
[19.359s] -- Detecting C compile features - done
[19.359s] -- Detecting CXX compiler ABI info
[19.359s] -- Detecting CXX compiler ABI info - done
[19.359s] -- Check for working CXX compiler: /usr/bin/c++ - skipped
[19.359s] -- Detecting CXX compile features
[19.359s] -- Detecting CXX compile features - done
[19.359s] -- Found ament_cmake_auto: 1.3.3 (/opt/ros/humble/share/ament_cmake_auto/cmake)
[19.360s] -- Found Python3: /usr/bin/python3.10 (found version "3.10.6") found components: Interpreter 
[19.360s] -- Override CMake install command with custom implementation using symlinks instead of copying resources
[19.360s] -- Using all available rosidl_typesupport_c: rosidl_typesupport_fastrtps_c;rosidl_typesupport_introspection_c
[19.360s] -- Found rosidl_adapter: 3.1.4 (/opt/ros/humble/share/rosidl_adapter/cmake)
[19.360s] -- Using all available rosidl_typesupport_cpp: rosidl_typesupport_fastrtps_cpp;rosidl_typesupport_introspection_cpp
[19.360s] -- Found ament_cmake_ros: 0.10.0 (/opt/ros/humble/share/ament_cmake_ros/cmake)
[19.360s] -- Using all available rosidl_typesupport_c: rosidl_typesupport_fastrtps_c;rosidl_typesupport_introspection_c
[19.360s] -- Using all available rosidl_typesupport_cpp: rosidl_typesupport_fastrtps_cpp;rosidl_typesupport_introspection_cpp
[19.360s] -- Found PythonInterp: /usr/bin/python3 (found suitable version "3.10.6", minimum required is "3.6") 
[19.360s] -- Found python_cmake_module: 0.10.0 (/opt/ros/humble/share/python_cmake_module/cmake)
[19.361s] -- Found PythonLibs: /usr/lib/x86_64-linux-gnu/libpython3.10.so (found suitable version "3.10.6", minimum required is "3.5") 
[19.361s] -- Using PYTHON_EXECUTABLE: /usr/bin/python3
[19.361s] -- Using PYTHON_INCLUDE_DIRS: /usr/include/python3.10
[19.361s] -- Using PYTHON_LIBRARIES: /usr/lib/x86_64-linux-gnu/libpython3.10.so
[19.361s] -- Found PythonExtra: .so  
[19.361s] -- Configuring done
[19.361s] -- Generating done
[19.361s] -- Build files have been written to: /home/sws/autoware/build/autoware_adapi_version_msgs
[19.409s] Invoked command in '/home/sws/autoware/build/autoware_adapi_version_msgs' returned '0': CMAKE_PREFIX_PATH=/opt/ros/humble /usr/bin/cmake /home/sws/autoware/src/core/autoware_adapi_msgs/autoware_adapi_version_msgs -DCMAKE_BUILD_TYPE=Release -DAMENT_CMAKE_SYMLINK_INSTALL=1 -DCMAKE_INSTALL_PREFIX=/home/sws/autoware/install/autoware_adapi_version_msgs
[19.412s] Invoking command in '/home/sws/autoware/build/autoware_adapi_version_msgs': CMAKE_PREFIX_PATH=/opt/ros/humble /usr/bin/cmake --build /home/sws/autoware/build/autoware_adapi_version_msgs -- -j16 -l16
[19.487s] [  3%] [34m[1mGenerating C++ code for ROS interfaces[0m
[19.929s] [  3%] Built target autoware_adapi_version_msgs__cpp
[19.983s] [  3%] Built target ament_cmake_python_symlink_autoware_adapi_version_msgs
[19.995s] [  6%] [34m[1mGenerating C++ introspection for ROS interfaces[0m
[20.447s] [  9%] [32mBuilding CXX object CMakeFiles/autoware_adapi_version_msgs__rosidl_typesupport_introspection_cpp.dir/rosidl_typesupport_introspection_cpp/autoware_adapi_version_msgs/srv/detail/interface_version__type_support.cpp.o[0m
[21.089s] [ 12%] [32m[1mLinking CXX shared library libautoware_adapi_version_msgs__rosidl_typesupport_introspection_cpp.so[0m
[21.142s] [ 12%] Built target autoware_adapi_version_msgs__rosidl_typesupport_introspection_cpp
[21.583s] running egg_info
[21.584s] creating autoware_adapi_version_msgs.egg-info
[21.585s] writing autoware_adapi_version_msgs.egg-info/PKG-INFO
[21.585s] writing dependency_links to autoware_adapi_version_msgs.egg-info/dependency_links.txt
[21.585s] writing top-level names to autoware_adapi_version_msgs.egg-info/top_level.txt
[21.586s] writing manifest file 'autoware_adapi_version_msgs.egg-info/SOURCES.txt'
[21.594s] reading manifest file 'autoware_adapi_version_msgs.egg-info/SOURCES.txt'
[21.594s] writing manifest file 'autoware_adapi_version_msgs.egg-info/SOURCES.txt'
[21.630s] [ 12%] Built target ament_cmake_python_build_autoware_adapi_version_msgs_egg
[21.640s] [ 16%] [34m[1mGenerating C++ type support for eProsima Fast-RTPS[0m
[22.127s] [ 19%] [32mBuilding CXX object CMakeFiles/autoware_adapi_version_msgs__rosidl_typesupport_fastrtps_cpp.dir/rosidl_typesupport_fastrtps_cpp/autoware_adapi_version_msgs/srv/detail/dds_fastrtps/interface_version__type_support.cpp.o[0m
[22.742s] [ 22%] [32m[1mLinking CXX shared library libautoware_adapi_version_msgs__rosidl_typesupport_fastrtps_cpp.so[0m
[22.838s] [ 22%] Built target autoware_adapi_version_msgs__rosidl_typesupport_fastrtps_cpp
[22.850s] [ 25%] [34m[1mGenerating C++ type support dispatch for ROS interfaces[0m
[23.230s] [ 29%] [32mBuilding CXX object CMakeFiles/autoware_adapi_version_msgs__rosidl_typesupport_cpp.dir/rosidl_typesupport_cpp/autoware_adapi_version_msgs/srv/interface_version__type_support.cpp.o[0m
[23.661s] [ 32%] [32m[1mLinking CXX shared library libautoware_adapi_version_msgs__rosidl_typesupport_cpp.so[0m
[23.713s] [ 32%] Built target autoware_adapi_version_msgs__rosidl_typesupport_cpp
[23.724s] [ 35%] [34m[1mGenerating C code for ROS interfaces[0m
[24.082s] [ 38%] [32mBuilding C object CMakeFiles/autoware_adapi_version_msgs__rosidl_generator_c.dir/rosidl_generator_c/autoware_adapi_version_msgs/srv/detail/interface_version__functions.c.o[0m
[24.233s] [ 41%] [32m[1mLinking C shared library libautoware_adapi_version_msgs__rosidl_generator_c.so[0m
[24.264s] [ 41%] Built target autoware_adapi_version_msgs__rosidl_generator_c
[24.272s] [ 45%] [34m[1mGenerating C type support for eProsima Fast-RTPS[0m
[24.535s] [ 48%] [32mBuilding CXX object CMakeFiles/autoware_adapi_version_msgs__rosidl_typesupport_fastrtps_c.dir/rosidl_typesupport_fastrtps_c/autoware_adapi_version_msgs/srv/detail/interface_version__type_support_c.cpp.o[0m
[24.884s] [ 51%] [32m[1mLinking CXX shared library libautoware_adapi_version_msgs__rosidl_typesupport_fastrtps_c.so[0m
[24.951s] [ 51%] Built target autoware_adapi_version_msgs__rosidl_typesupport_fastrtps_c
[24.958s] [ 54%] [34m[1mGenerating C type support dispatch for ROS interfaces[0m
[25.222s] [ 58%] [32mBuilding CXX object CMakeFiles/autoware_adapi_version_msgs__rosidl_typesupport_c.dir/rosidl_typesupport_c/autoware_adapi_version_msgs/srv/interface_version__type_support.cpp.o[0m
[25.257s] [ 61%] [32m[1mLinking CXX shared library libautoware_adapi_version_msgs__rosidl_typesupport_c.so[0m
[25.297s] [ 61%] Built target autoware_adapi_version_msgs__rosidl_typesupport_c
[25.306s] [ 64%] [34m[1mGenerating C introspection for ROS interfaces[0m
[25.591s] [ 67%] [32mBuilding C object CMakeFiles/autoware_adapi_version_msgs__rosidl_typesupport_introspection_c.dir/rosidl_typesupport_introspection_c/autoware_adapi_version_msgs/srv/detail/interface_version__type_support.c.o[0m
[25.631s] [ 70%] [32m[1mLinking C shared library libautoware_adapi_version_msgs__rosidl_typesupport_introspection_c.so[0m
[25.704s] [ 70%] Built target autoware_adapi_version_msgs__rosidl_typesupport_introspection_c
[25.717s] [ 70%] Built target autoware_adapi_version_msgs
[25.720s] [ 74%] [34m[1mGenerating Python code for ROS interfaces[0m
[26.401s] [ 74%] Built target autoware_adapi_version_msgs__py
[26.424s] [ 77%] [32mBuilding C object CMakeFiles/autoware_adapi_version_msgs__rosidl_generator_py.dir/rosidl_generator_py/autoware_adapi_version_msgs/srv/_interface_version_s.c.o[0m
[26.641s] [ 80%] [32m[1mLinking C shared library rosidl_generator_py/autoware_adapi_version_msgs/libautoware_adapi_version_msgs__rosidl_generator_py.so[0m
[26.689s] [ 80%] Built target autoware_adapi_version_msgs__rosidl_generator_py
[26.714s] [ 83%] [32mBuilding C object CMakeFiles/autoware_adapi_version_msgs__rosidl_typesupport_fastrtps_c__pyext.dir/rosidl_generator_py/autoware_adapi_version_msgs/_autoware_adapi_version_msgs_s.ep.rosidl_typesupport_fastrtps_c.c.o[0m
[26.924s] [ 87%] [32m[1mLinking C shared library rosidl_generator_py/autoware_adapi_version_msgs/autoware_adapi_version_msgs_s__rosidl_typesupport_fastrtps_c.cpython-310-x86_64-linux-gnu.so[0m
[26.966s] [ 87%] Built target autoware_adapi_version_msgs__rosidl_typesupport_fastrtps_c__pyext
[26.990s] [ 90%] [32mBuilding C object CMakeFiles/autoware_adapi_version_msgs__rosidl_typesupport_c__pyext.dir/rosidl_generator_py/autoware_adapi_version_msgs/_autoware_adapi_version_msgs_s.ep.rosidl_typesupport_c.c.o[0m
[27.159s] [ 93%] [32m[1mLinking C shared library rosidl_generator_py/autoware_adapi_version_msgs/autoware_adapi_version_msgs_s__rosidl_typesupport_c.cpython-310-x86_64-linux-gnu.so[0m
[27.187s] [ 93%] Built target autoware_adapi_version_msgs__rosidl_typesupport_c__pyext
[27.206s] [ 96%] [32mBuilding C object CMakeFiles/autoware_adapi_version_msgs__rosidl_typesupport_introspection_c__pyext.dir/rosidl_generator_py/autoware_adapi_version_msgs/_autoware_adapi_version_msgs_s.ep.rosidl_typesupport_introspection_c.c.o[0m
[27.400s] [100%] [32m[1mLinking C shared library rosidl_generator_py/autoware_adapi_version_msgs/autoware_adapi_version_msgs_s__rosidl_typesupport_introspection_c.cpython-310-x86_64-linux-gnu.so[0m
[27.438s] [100%] Built target autoware_adapi_version_msgs__rosidl_typesupport_introspection_c__pyext
[27.452s] Invoked command in '/home/sws/autoware/build/autoware_adapi_version_msgs' returned '0': CMAKE_PREFIX_PATH=/opt/ros/humble /usr/bin/cmake --build /home/sws/autoware/build/autoware_adapi_version_msgs -- -j16 -l16
[27.510s] Invoking command in '/home/sws/autoware/build/autoware_adapi_version_msgs': CMAKE_PREFIX_PATH=/opt/ros/humble /usr/bin/cmake --install /home/sws/autoware/build/autoware_adapi_version_msgs
[30.150s] -- Install configuration: "Release"
[30.150s] -- Execute custom install script
[30.151s] -- Symlinking: /home/sws/autoware/install/autoware_adapi_version_msgs/share/ament_index/resource_index/rosidl_interfaces/autoware_adapi_version_msgs
[30.151s] -- Symlinking: /home/sws/autoware/install/autoware_adapi_version_msgs/include/autoware_adapi_version_msgs/autoware_adapi_version_msgs/msg/rosidl_generator_c__visibility_control.h
[30.151s] -- Symlinking: /home/sws/autoware/install/autoware_adapi_version_msgs/include/autoware_adapi_version_msgs/autoware_adapi_version_msgs/srv/detail/interface_version__functions.h
[30.151s] -- Symlinking: /home/sws/autoware/install/autoware_adapi_version_msgs/include/autoware_adapi_version_msgs/autoware_adapi_version_msgs/srv/detail/interface_version__struct.h
[30.151s] -- Symlinking: /home/sws/autoware/install/autoware_adapi_version_msgs/include/autoware_adapi_version_msgs/autoware_adapi_version_msgs/srv/detail/interface_version__type_support.h
[30.151s] -- Symlinking: /home/sws/autoware/install/autoware_adapi_version_msgs/include/autoware_adapi_version_msgs/autoware_adapi_version_msgs/srv/interface_version.h
[30.151s] -- Symlinking: /home/sws/autoware/install/autoware_adapi_version_msgs/share/autoware_adapi_version_msgs/environment/library_path.sh
[30.151s] -- Symlinking: /home/sws/autoware/install/autoware_adapi_version_msgs/share/autoware_adapi_version_msgs/environment/library_path.dsv
[30.151s] -- Symlinking: /home/sws/autoware/install/autoware_adapi_version_msgs/include/autoware_adapi_version_msgs/autoware_adapi_version_msgs/msg/rosidl_typesupport_fastrtps_c__visibility_control.h
[30.151s] -- Symlinking: /home/sws/autoware/install/autoware_adapi_version_msgs/include/autoware_adapi_version_msgs/autoware_adapi_version_msgs/srv/detail/interface_version__rosidl_typesupport_fastrtps_c.h
[30.152s] -- Symlinking: /home/sws/autoware/install/autoware_adapi_version_msgs/include/autoware_adapi_version_msgs/autoware_adapi_version_msgs/msg/rosidl_typesupport_introspection_c__visibility_control.h
[30.152s] -- Symlinking: /home/sws/autoware/install/autoware_adapi_version_msgs/include/autoware_adapi_version_msgs/autoware_adapi_version_msgs/srv/detail/interface_version__rosidl_typesupport_introspection_c.h
[30.152s] -- Symlinking: /home/sws/autoware/install/autoware_adapi_version_msgs/include/autoware_adapi_version_msgs/autoware_adapi_version_msgs/srv/detail/interface_version__builder.hpp
[30.152s] -- Symlinking: /home/sws/autoware/install/autoware_adapi_version_msgs/include/autoware_adapi_version_msgs/autoware_adapi_version_msgs/srv/detail/interface_version__struct.hpp
[30.152s] -- Symlinking: /home/sws/autoware/install/autoware_adapi_version_msgs/include/autoware_adapi_version_msgs/autoware_adapi_version_msgs/srv/detail/interface_version__traits.hpp
[30.152s] -- Symlinking: /home/sws/autoware/install/autoware_adapi_version_msgs/include/autoware_adapi_version_msgs/autoware_adapi_version_msgs/srv/interface_version.hpp
[30.152s] -- Symlinking: /home/sws/autoware/install/autoware_adapi_version_msgs/include/autoware_adapi_version_msgs/autoware_adapi_version_msgs/msg/rosidl_typesupport_fastrtps_cpp__visibility_control.h
[30.152s] -- Symlinking: /home/sws/autoware/install/autoware_adapi_version_msgs/include/autoware_adapi_version_msgs/autoware_adapi_version_msgs/srv/detail/interface_version__rosidl_typesupport_fastrtps_cpp.hpp
[30.152s] -- Symlinking: /home/sws/autoware/install/autoware_adapi_version_msgs/include/autoware_adapi_version_msgs/autoware_adapi_version_msgs/srv/detail/interface_version__rosidl_typesupport_introspection_cpp.hpp
[30.152s] -- Symlinking: /home/sws/autoware/install/autoware_adapi_version_msgs/share/autoware_adapi_version_msgs/environment/pythonpath.sh
[30.153s] -- Symlinking: /home/sws/autoware/install/autoware_adapi_version_msgs/share/autoware_adapi_version_msgs/environment/pythonpath.dsv
[30.153s] -- Symlinking: /home/sws/autoware/install/autoware_adapi_version_msgs/local/lib/python3.10/dist-packages/autoware_adapi_version_msgs-0.0.0-py3.10.egg-info/PKG-INFO
[30.153s] -- Symlinking: /home/sws/autoware/install/autoware_adapi_version_msgs/local/lib/python3.10/dist-packages/autoware_adapi_version_msgs-0.0.0-py3.10.egg-info/SOURCES.txt
[30.153s] -- Symlinking: /home/sws/autoware/install/autoware_adapi_version_msgs/local/lib/python3.10/dist-packages/autoware_adapi_version_msgs-0.0.0-py3.10.egg-info/dependency_links.txt
[30.153s] -- Symlinking: /home/sws/autoware/install/autoware_adapi_version_msgs/local/lib/python3.10/dist-packages/autoware_adapi_version_msgs-0.0.0-py3.10.egg-info/top_level.txt
[30.153s] -- Symlinking: /home/sws/autoware/install/autoware_adapi_version_msgs/local/lib/python3.10/dist-packages/autoware_adapi_version_msgs/__init__.py
[30.153s] -- Symlinking: /home/sws/autoware/install/autoware_adapi_version_msgs/local/lib/python3.10/dist-packages/autoware_adapi_version_msgs/_autoware_adapi_version_msgs_s.ep.rosidl_typesupport_c.c
[30.153s] -- Symlinking: /home/sws/autoware/install/autoware_adapi_version_msgs/local/lib/python3.10/dist-packages/autoware_adapi_version_msgs/_autoware_adapi_version_msgs_s.ep.rosidl_typesupport_fastrtps_c.c
[30.153s] -- Symlinking: /home/sws/autoware/install/autoware_adapi_version_msgs/local/lib/python3.10/dist-packages/autoware_adapi_version_msgs/_autoware_adapi_version_msgs_s.ep.rosidl_typesupport_introspection_c.c
[30.154s] -- Symlinking: /home/sws/autoware/install/autoware_adapi_version_msgs/local/lib/python3.10/dist-packages/autoware_adapi_version_msgs/autoware_adapi_version_msgs_s__rosidl_typesupport_c.cpython-310-x86_64-linux-gnu.so
[30.154s] -- Symlinking: /home/sws/autoware/install/autoware_adapi_version_msgs/local/lib/python3.10/dist-packages/autoware_adapi_version_msgs/autoware_adapi_version_msgs_s__rosidl_typesupport_fastrtps_c.cpython-310-x86_64-linux-gnu.so
[30.154s] -- Symlinking: /home/sws/autoware/install/autoware_adapi_version_msgs/local/lib/python3.10/dist-packages/autoware_adapi_version_msgs/autoware_adapi_version_msgs_s__rosidl_typesupport_introspection_c.cpython-310-x86_64-linux-gnu.so
[30.154s] -- Symlinking: /home/sws/autoware/install/autoware_adapi_version_msgs/local/lib/python3.10/dist-packages/autoware_adapi_version_msgs/libautoware_adapi_version_msgs__rosidl_generator_py.so
[30.154s] -- Symlinking: /home/sws/autoware/install/autoware_adapi_version_msgs/local/lib/python3.10/dist-packages/autoware_adapi_version_msgs/srv/__init__.py
[30.154s] -- Symlinking: /home/sws/autoware/install/autoware_adapi_version_msgs/local/lib/python3.10/dist-packages/autoware_adapi_version_msgs/srv/_interface_version.py
[30.154s] -- Symlinking: /home/sws/autoware/install/autoware_adapi_version_msgs/local/lib/python3.10/dist-packages/autoware_adapi_version_msgs/srv/_interface_version_s.c
[30.154s] -- Up-to-date symlink: /home/sws/autoware/install/autoware_adapi_version_msgs/local/lib/python3.10/dist-packages/autoware_adapi_version_msgs/autoware_adapi_version_msgs_s__rosidl_typesupport_fastrtps_c.cpython-310-x86_64-linux-gnu.so
[30.154s] -- Up-to-date symlink: /home/sws/autoware/install/autoware_adapi_version_msgs/local/lib/python3.10/dist-packages/autoware_adapi_version_msgs/autoware_adapi_version_msgs_s__rosidl_typesupport_introspection_c.cpython-310-x86_64-linux-gnu.so
[30.154s] -- Up-to-date symlink: /home/sws/autoware/install/autoware_adapi_version_msgs/local/lib/python3.10/dist-packages/autoware_adapi_version_msgs/autoware_adapi_version_msgs_s__rosidl_typesupport_c.cpython-310-x86_64-linux-gnu.so
[30.154s] -- Symlinking: /home/sws/autoware/install/autoware_adapi_version_msgs/share/autoware_adapi_version_msgs/srv/InterfaceVersion.idl
[30.155s] -- Symlinking: /home/sws/autoware/install/autoware_adapi_version_msgs/share/autoware_adapi_version_msgs/srv/InterfaceVersion.srv
[30.155s] -- Symlinking: /home/sws/autoware/install/autoware_adapi_version_msgs/share/autoware_adapi_version_msgs/srv/InterfaceVersion_Request.msg
[30.155s] -- Symlinking: /home/sws/autoware/install/autoware_adapi_version_msgs/share/autoware_adapi_version_msgs/srv/InterfaceVersion_Response.msg
[30.155s] -- Symlinking: /home/sws/autoware/install/autoware_adapi_version_msgs/share/ament_index/resource_index/package_run_dependencies/autoware_adapi_version_msgs
[30.155s] -- Symlinking: /home/sws/autoware/install/autoware_adapi_version_msgs/share/ament_index/resource_index/parent_prefix_path/autoware_adapi_version_msgs
[30.155s] -- Symlinking: /home/sws/autoware/install/autoware_adapi_version_msgs/share/autoware_adapi_version_msgs/environment/ament_prefix_path.sh
[30.155s] -- Symlinking: /home/sws/autoware/install/autoware_adapi_version_msgs/share/autoware_adapi_version_msgs/environment/ament_prefix_path.dsv
[30.155s] -- Symlinking: /home/sws/autoware/install/autoware_adapi_version_msgs/share/autoware_adapi_version_msgs/environment/path.sh
[30.155s] -- Symlinking: /home/sws/autoware/install/autoware_adapi_version_msgs/share/autoware_adapi_version_msgs/environment/path.dsv
[30.155s] -- Symlinking: /home/sws/autoware/install/autoware_adapi_version_msgs/share/autoware_adapi_version_msgs/local_setup.bash
[30.155s] -- Symlinking: /home/sws/autoware/install/autoware_adapi_version_msgs/share/autoware_adapi_version_msgs/local_setup.sh
[30.156s] -- Symlinking: /home/sws/autoware/install/autoware_adapi_version_msgs/share/autoware_adapi_version_msgs/local_setup.zsh
[30.156s] -- Symlinking: /home/sws/autoware/install/autoware_adapi_version_msgs/share/autoware_adapi_version_msgs/local_setup.dsv
[30.156s] -- Symlinking: /home/sws/autoware/install/autoware_adapi_version_msgs/share/autoware_adapi_version_msgs/package.dsv
[30.156s] -- Symlinking: /home/sws/autoware/install/autoware_adapi_version_msgs/share/ament_index/resource_index/packages/autoware_adapi_version_msgs
[30.156s] -- Symlinking: /home/sws/autoware/install/autoware_adapi_version_msgs/share/autoware_adapi_version_msgs/cmake/rosidl_cmake-extras.cmake
[30.156s] -- Symlinking: /home/sws/autoware/install/autoware_adapi_version_msgs/share/autoware_adapi_version_msgs/cmake/ament_cmake_export_include_directories-extras.cmake
[30.156s] -- Symlinking: /home/sws/autoware/install/autoware_adapi_version_msgs/share/autoware_adapi_version_msgs/cmake/ament_cmake_export_libraries-extras.cmake
[30.156s] -- Symlinking: /home/sws/autoware/install/autoware_adapi_version_msgs/share/autoware_adapi_version_msgs/cmake/ament_cmake_export_targets-extras.cmake
[30.156s] -- Symlinking: /home/sws/autoware/install/autoware_adapi_version_msgs/share/autoware_adapi_version_msgs/cmake/rosidl_cmake_export_typesupport_targets-extras.cmake
[30.156s] -- Symlinking: /home/sws/autoware/install/autoware_adapi_version_msgs/share/autoware_adapi_version_msgs/cmake/ament_cmake_export_dependencies-extras.cmake
[30.156s] -- Symlinking: /home/sws/autoware/install/autoware_adapi_version_msgs/share/autoware_adapi_version_msgs/cmake/rosidl_cmake_export_typesupport_libraries-extras.cmake
[30.157s] -- Symlinking: /home/sws/autoware/install/autoware_adapi_version_msgs/share/autoware_adapi_version_msgs/cmake/autoware_adapi_version_msgsConfig.cmake
[30.157s] -- Symlinking: /home/sws/autoware/install/autoware_adapi_version_msgs/share/autoware_adapi_version_msgs/cmake/autoware_adapi_version_msgsConfig-version.cmake
[30.157s] -- Symlinking: /home/sws/autoware/install/autoware_adapi_version_msgs/share/autoware_adapi_version_msgs/package.xml
[30.157s] -- Installing: /home/sws/autoware/install/autoware_adapi_version_msgs/lib/libautoware_adapi_version_msgs__rosidl_generator_c.so
[30.157s] -- Set runtime path of "/home/sws/autoware/install/autoware_adapi_version_msgs/lib/libautoware_adapi_version_msgs__rosidl_generator_c.so" to ""
[30.157s] -- Installing: /home/sws/autoware/install/autoware_adapi_version_msgs/lib/libautoware_adapi_version_msgs__rosidl_typesupport_fastrtps_c.so
[30.157s] -- Set runtime path of "/home/sws/autoware/install/autoware_adapi_version_msgs/lib/libautoware_adapi_version_msgs__rosidl_typesupport_fastrtps_c.so" to ""
[30.157s] -- Installing: /home/sws/autoware/install/autoware_adapi_version_msgs/lib/libautoware_adapi_version_msgs__rosidl_typesupport_introspection_c.so
[30.157s] -- Set runtime path of "/home/sws/autoware/install/autoware_adapi_version_msgs/lib/libautoware_adapi_version_msgs__rosidl_typesupport_introspection_c.so" to ""
[30.157s] -- Installing: /home/sws/autoware/install/autoware_adapi_version_msgs/lib/libautoware_adapi_version_msgs__rosidl_typesupport_c.so
[30.158s] -- Set runtime path of "/home/sws/autoware/install/autoware_adapi_version_msgs/lib/libautoware_adapi_version_msgs__rosidl_typesupport_c.so" to ""
[30.158s] -- Installing: /home/sws/autoware/install/autoware_adapi_version_msgs/lib/libautoware_adapi_version_msgs__rosidl_typesupport_fastrtps_cpp.so
[30.158s] -- Set runtime path of "/home/sws/autoware/install/autoware_adapi_version_msgs/lib/libautoware_adapi_version_msgs__rosidl_typesupport_fastrtps_cpp.so" to ""
[30.158s] -- Installing: /home/sws/autoware/install/autoware_adapi_version_msgs/lib/libautoware_adapi_version_msgs__rosidl_typesupport_introspection_cpp.so
[30.162s] -- Set runtime path of "/home/sws/autoware/install/autoware_adapi_version_msgs/lib/libautoware_adapi_version_msgs__rosidl_typesupport_introspection_cpp.so" to ""
[30.179s] -- Installing: /home/sws/autoware/install/autoware_adapi_version_msgs/lib/libautoware_adapi_version_msgs__rosidl_typesupport_cpp.so
[30.179s] -- Set runtime path of "/home/sws/autoware/install/autoware_adapi_version_msgs/lib/libautoware_adapi_version_msgs__rosidl_typesupport_cpp.so" to ""
[30.179s] Listing '/home/sws/autoware/install/autoware_adapi_version_msgs/local/lib/python3.10/dist-packages/autoware_adapi_version_msgs'...
[30.179s] Compiling '/home/sws/autoware/install/autoware_adapi_version_msgs/local/lib/python3.10/dist-packages/autoware_adapi_version_msgs/__init__.py'...
[30.179s] Listing '/home/sws/autoware/install/autoware_adapi_version_msgs/local/lib/python3.10/dist-packages/autoware_adapi_version_msgs/srv'...
[30.180s] Compiling '/home/sws/autoware/install/autoware_adapi_version_msgs/local/lib/python3.10/dist-packages/autoware_adapi_version_msgs/srv/__init__.py'...
[30.180s] Compiling '/home/sws/autoware/install/autoware_adapi_version_msgs/local/lib/python3.10/dist-packages/autoware_adapi_version_msgs/srv/_interface_version.py'...
[30.180s] -- Installing: /home/sws/autoware/install/autoware_adapi_version_msgs/lib/libautoware_adapi_version_msgs__rosidl_generator_py.so
[30.180s] -- Set runtime path of "/home/sws/autoware/install/autoware_adapi_version_msgs/lib/libautoware_adapi_version_msgs__rosidl_generator_py.so" to ""
[30.180s] -- Installing: /home/sws/autoware/install/autoware_adapi_version_msgs/share/autoware_adapi_version_msgs/cmake/export_autoware_adapi_version_msgs__rosidl_generator_cExport.cmake
[30.180s] -- Installing: /home/sws/autoware/install/autoware_adapi_version_msgs/share/autoware_adapi_version_msgs/cmake/export_autoware_adapi_version_msgs__rosidl_generator_cExport-release.cmake
[30.180s] -- Installing: /home/sws/autoware/install/autoware_adapi_version_msgs/share/autoware_adapi_version_msgs/cmake/export_autoware_adapi_version_msgs__rosidl_typesupport_fastrtps_cExport.cmake
[30.180s] -- Installing: /home/sws/autoware/install/autoware_adapi_version_msgs/share/autoware_adapi_version_msgs/cmake/export_autoware_adapi_version_msgs__rosidl_typesupport_fastrtps_cExport-release.cmake
[30.180s] -- Installing: /home/sws/autoware/install/autoware_adapi_version_msgs/share/autoware_adapi_version_msgs/cmake/autoware_adapi_version_msgs__rosidl_typesupport_introspection_cExport.cmake
[30.180s] -- Installing: /home/sws/autoware/install/autoware_adapi_version_msgs/share/autoware_adapi_version_msgs/cmake/autoware_adapi_version_msgs__rosidl_typesupport_introspection_cExport-release.cmake
[30.180s] -- Installing: /home/sws/autoware/install/autoware_adapi_version_msgs/share/autoware_adapi_version_msgs/cmake/autoware_adapi_version_msgs__rosidl_typesupport_cExport.cmake
[30.181s] -- Installing: /home/sws/autoware/install/autoware_adapi_version_msgs/share/autoware_adapi_version_msgs/cmake/autoware_adapi_version_msgs__rosidl_typesupport_cExport-release.cmake
[30.181s] -- Installing: /home/sws/autoware/install/autoware_adapi_version_msgs/share/autoware_adapi_version_msgs/cmake/export_autoware_adapi_version_msgs__rosidl_generator_cppExport.cmake
[30.181s] -- Installing: /home/sws/autoware/install/autoware_adapi_version_msgs/share/autoware_adapi_version_msgs/cmake/export_autoware_adapi_version_msgs__rosidl_typesupport_fastrtps_cppExport.cmake
[30.181s] -- Installing: /home/sws/autoware/install/autoware_adapi_version_msgs/share/autoware_adapi_version_msgs/cmake/export_autoware_adapi_version_msgs__rosidl_typesupport_fastrtps_cppExport-release.cmake
[30.181s] -- Installing: /home/sws/autoware/install/autoware_adapi_version_msgs/share/autoware_adapi_version_msgs/cmake/autoware_adapi_version_msgs__rosidl_typesupport_introspection_cppExport.cmake
[30.181s] -- Installing: /home/sws/autoware/install/autoware_adapi_version_msgs/share/autoware_adapi_version_msgs/cmake/autoware_adapi_version_msgs__rosidl_typesupport_introspection_cppExport-release.cmake
[30.181s] -- Installing: /home/sws/autoware/install/autoware_adapi_version_msgs/share/autoware_adapi_version_msgs/cmake/autoware_adapi_version_msgs__rosidl_typesupport_cppExport.cmake
[30.181s] -- Installing: /home/sws/autoware/install/autoware_adapi_version_msgs/share/autoware_adapi_version_msgs/cmake/autoware_adapi_version_msgs__rosidl_typesupport_cppExport-release.cmake
[30.181s] -- Installing: /home/sws/autoware/install/autoware_adapi_version_msgs/share/autoware_adapi_version_msgs/cmake/export_autoware_adapi_version_msgs__rosidl_generator_pyExport.cmake
[30.181s] -- Installing: /home/sws/autoware/install/autoware_adapi_version_msgs/share/autoware_adapi_version_msgs/cmake/export_autoware_adapi_version_msgs__rosidl_generator_pyExport-release.cmake
[30.267s] Invoked command in '/home/sws/autoware/build/autoware_adapi_version_msgs' returned '0': CMAKE_PREFIX_PATH=/opt/ros/humble /usr/bin/cmake --install /home/sws/autoware/build/autoware_adapi_version_msgs
