-- The C compiler identification is GNU 11.3.0
-- The CXX compiler identification is GNU 11.3.0
-- Detecting C compiler ABI info
-- Detecting C compiler ABI info - done
-- Check for working C compiler: /usr/bin/cc - skipped
-- Detecting C compile features
-- Detecting C compile features - done
-- Detecting CXX compiler ABI info
-- Detecting CXX compiler ABI info - done
-- Check for working CXX compiler: /usr/bin/c++ - skipped
-- Detecting CXX compile features
-- Detecting CXX compile features - done
-- Found autoware_cmake: 0.1.0 (/home/sws/autoware/install/autoware_cmake/share/autoware_cmake/cmake)
-- Found Python3: /usr/bin/python3.10 (found version "3.10.6") found components: Interpreter 
-- Override CMake install command with custom implementation using symlinks instead of copying resources
-- Found rosidl_generator_c: 3.1.4 (/opt/ros/humble/share/rosidl_generator_c/cmake)
-- Found rosidl_adapter: 3.1.4 (/opt/ros/humble/share/rosidl_adapter/cmake)
-- Found rosidl_generator_cpp: 3.1.4 (/opt/ros/humble/share/rosidl_generator_cpp/cmake)
-- Using all available rosidl_typesupport_c: rosidl_typesupport_fastrtps_c;rosidl_typesupport_introspection_c
-- Using all available rosidl_typesupport_cpp: rosidl_typesupport_fastrtps_cpp;rosidl_typesupport_introspection_cpp
-- Found eigen3_cmake_module: 0.1.1 (/opt/ros/humble/share/eigen3_cmake_module/cmake)
-- Found Eigen3: TRUE (found version "3.4.0") 
-- Ensuring Eigen3 include directory is part of orocos-kdl CMake target
-- Found rmw_implementation_cmake: 6.1.1 (/opt/ros/humble/share/rmw_implementation_cmake/cmake)
-- Found rmw_fastrtps_cpp: 6.2.2 (/opt/ros/humble/share/rmw_fastrtps_cpp/cmake)
-- Found OpenSSL: /usr/lib/x86_64-linux-gnu/libcrypto.so (found version "3.0.2")  
-- Found FastRTPS: /opt/ros/humble/include  
-- Using RMW implementation 'rmw_fastrtps_cpp' as default
-- Looking for pthread.h
-- Looking for pthread.h - found
-- Performing Test CMAKE_HAVE_LIBC_PTHREAD
-- Performing Test CMAKE_HAVE_LIBC_PTHREAD - Success
-- Found Threads: TRUE  
-- Found mrt_cmake_modules: 1.0.9 (/opt/ros/humble/share/mrt_cmake_modules/cmake)
-- Found Boost: /usr/lib/x86_64-linux-gnu/cmake/Boost-1.74.0/BoostConfig.cmake (found version "1.74.0") found components: wserialization thread random serialization log_setup prg_exec_monitor wave system chrono filesystem locale timer date_time regex graph program_options unit_test_framework log atomic iostreams 
-- Found OpenMP_C: -fopenmp (found version "4.5") 
-- Found OpenMP_CXX: -fopenmp (found version "4.5") 
-- Found OpenMP: TRUE (found version "4.5")  
-- Found pugixml: /usr/lib/x86_64-linux-gnu/libpugixml.so  
-- Found PkgConfig: /usr/bin/pkg-config (found version "0.29.2") 
-- Found GeographicLib: /usr/lib/x86_64-linux-gnu/libGeographic.so  
-- Found ament_lint_auto: 0.12.5 (/opt/ros/humble/share/ament_lint_auto/cmake)
-- Found OpenCV: /usr (found version "4.5.4") 
-- Found gmock sources under '/opt/ros/humble/src/gmock_vendor': C++ tests using 'Google Mock' will be built
-- Found gtest sources under '/opt/ros/humble/src/gtest_vendor': C++ tests using 'Google Test' will be built
-- Found gmock sources under '/opt/ros/humble/src/gmock_vendor': C++ tests using 'Google Mock' will be built
-- Found gtest sources under '/opt/ros/humble/src/gtest_vendor': C++ tests using 'Google Test' will be built
-- Found gmock sources under '/opt/ros/humble/src/gmock_vendor': C++ tests using 'Google Mock' will be built
-- Found gtest sources under '/opt/ros/humble/src/gtest_vendor': C++ tests using 'Google Test' will be built
-- Added test 'copyright' to check source files copyright and LICENSE
-- Added test 'cppcheck' to perform static code analysis on C / C++ code
-- Configured cppcheck include dirs: /home/sws/autoware/src/universe/autoware.universe/planning/behavior_path_planner/include
-- Configured cppcheck exclude dirs and/or files: 
-- Added test 'lint_cmake' to check CMake code style
-- Added test 'xmllint' to check XML markup files
-- Configuring done
-- Generating done
-- Build files have been written to: /home/sws/autoware/build/behavior_path_planner
[  3%] [32mBuilding CXX object CMakeFiles/behavior_path_planner_node.dir/src/scene_module/scene_module_bt_node_interface.cpp.o[0m
[  3%] [32mBuilding CXX object CMakeFiles/behavior_path_planner_node.dir/src/behavior_tree_manager.cpp.o[0m
[  5%] [32mBuilding CXX object CMakeFiles/behavior_path_planner_node.dir/src/scene_module/lane_change/lane_change_module.cpp.o[0m
[  7%] [32mBuilding CXX object CMakeFiles/behavior_path_planner_node.dir/src/scene_module/side_shift/side_shift_module.cpp.o[0m
[  9%] [32mBuilding CXX object CMakeFiles/behavior_path_planner_node.dir/src/scene_module/pull_out/pull_out_module.cpp.o[0m
[ 11%] [32mBuilding CXX object CMakeFiles/behavior_path_planner_node.dir/src/scene_module/avoidance/avoidance_module.cpp.o[0m
[ 13%] [32mBuilding CXX object CMakeFiles/behavior_path_planner_node.dir/src/scene_module/scene_module_visitor.cpp.o[0m
[ 15%] [32mBuilding CXX object CMakeFiles/behavior_path_planner_node.dir/src/util/pull_over/util.cpp.o[0m
[ 17%] [32mBuilding CXX object CMakeFiles/behavior_path_planner_node.dir/src/util/pull_over/shift_pull_over.cpp.o[0m
[ 19%] [32mBuilding CXX object CMakeFiles/behavior_path_planner_node.dir/src/util/pull_over/geometric_pull_over.cpp.o[0m
[ 21%] [32mBuilding CXX object CMakeFiles/behavior_path_planner_node.dir/src/util/side_shift/util.cpp.o[0m
[ 23%] [32mBuilding CXX object CMakeFiles/behavior_path_planner_node.dir/src/util/lane_change/util.cpp.o[0m
[ 25%] [32mBuilding CXX object CMakeFiles/behavior_path_planner_node.dir/src/util/pull_out/util.cpp.o[0m
[ 26%] [32mBuilding CXX object CMakeFiles/behavior_path_planner_node.dir/src/util/pull_out/shift_pull_out.cpp.o[0m
[ 28%] [32mBuilding CXX object CMakeFiles/behavior_path_planner_node.dir/src/util/pull_over/goal_searcher.cpp.o[0m
[ 30%] [32mBuilding CXX object CMakeFiles/behavior_path_planner_node.dir/src/util/pull_over/freespace_pull_over.cpp.o[0m
[ 32%] [32mBuilding CXX object CMakeFiles/behavior_path_planner_node.dir/src/util/avoidance/util.cpp.o[0m
[ 34%] [32mBuilding CXX object CMakeFiles/behavior_path_planner_node.dir/src/turn_signal_decider.cpp.o[0m
[ 36%] [32mBuilding CXX object CMakeFiles/behavior_path_planner_node.dir/src/util/drivable_area_expansion/footprints.cpp.o[0m
[ 38%] [32mBuilding CXX object CMakeFiles/behavior_path_planner_node.dir/src/util/drivable_area_expansion/expansion.cpp.o[0m
[ 40%] [32mBuilding CXX object CMakeFiles/behavior_path_planner_node.dir/src/util/geometric_parallel_parking/geometric_parallel_parking.cpp.o[0m
[ 42%] [32mBuilding CXX object CMakeFiles/behavior_path_planner_node.dir/src/util/occupancy_grid_based_collision_detector/occupancy_grid_based_collision_detector.cpp.o[0m
[ 44%] [32mBuilding CXX object CMakeFiles/behavior_path_planner_node.dir/src/util/drivable_area_expansion/map_utils.cpp.o[0m
[ 46%] [32mBuilding CXX object CMakeFiles/behavior_path_planner_node.dir/src/util/drivable_area_expansion/drivable_area_expansion.cpp.o[0m
[ 48%] [32mBuilding CXX object CMakeFiles/behavior_path_planner_node.dir/src/util/path_shifter/path_shifter.cpp.o[0m
[ 50%] [32mBuilding CXX object CMakeFiles/behavior_path_planner_node.dir/src/util/pull_out/geometric_pull_out.cpp.o[0m
[ 51%] [32mBuilding CXX object CMakeFiles/behavior_path_planner_node.dir/src/marker_util/lane_change/debug.cpp.o[0m
[ 53%] [32mBuilding CXX object CMakeFiles/behavior_path_planner_node.dir/src/marker_util/avoidance/debug.cpp.o[0m
[ 55%] [32mBuilding CXX object CMakeFiles/behavior_path_planner_node.dir/src/marker_util/debug_utilities.cpp.o[0m
[ 57%] [32mBuilding CXX object CMakeFiles/behavior_path_planner_node.dir/src/scene_module/lane_change/external_request_lane_change_module.cpp.o[0m
[ 59%] [32mBuilding CXX object CMakeFiles/behavior_path_planner_node.dir/src/behavior_path_planner_node.cpp.o[0m
[ 61%] [32mBuilding CXX object CMakeFiles/behavior_path_planner_node.dir/src/steering_factor_interface.cpp.o[0m
[ 63%] [32mBuilding CXX object CMakeFiles/behavior_path_planner_node.dir/src/path_utilities.cpp.o[0m
[ 65%] [32mBuilding CXX object CMakeFiles/behavior_path_planner_node.dir/src/utilities.cpp.o[0m
[ 69%] [32mBuilding CXX object CMakeFiles/behavior_path_planner_node.dir/src/scene_module/pull_over/pull_over_module.cpp.o[0m
[ 69%] [32mBuilding CXX object CMakeFiles/behavior_path_planner_node.dir/src/scene_module/lane_following/lane_following_module.cpp.o[0m
[ 71%] [32m[1mLinking CXX shared library libbehavior_path_planner_node.so[0m
[ 71%] Built target behavior_path_planner_node
[ 73%] [32mBuilding CXX object gmock/CMakeFiles/gmock.dir/src/gmock-all.cc.o[0m
[ 75%] [32mBuilding CXX object gmock/CMakeFiles/gmock.dir/opt/ros/humble/src/gtest_vendor/src/gtest-all.cc.o[0m
[ 76%] [32mBuilding CXX object gmock/CMakeFiles/gmock_main.dir/src/gmock_main.cc.o[0m
[ 78%] [32mBuilding CXX object CMakeFiles/behavior_path_planner.dir/rclcpp_components/node_main_behavior_path_planner.cpp.o[0m
[ 80%] [32m[1mLinking CXX static library libgmock_main.a[0m
[ 80%] Built target gmock_main
[ 82%] [32m[1mLinking CXX executable behavior_path_planner[0m
[ 82%] Built target behavior_path_planner
[ 84%] [32m[1mLinking CXX static library libgmock.a[0m
[ 84%] Built target gmock
[ 90%] [32mBuilding CXX object CMakeFiles/test_behavior_path_planner_utilities.dir/test/test_utilities.cpp.o[0m
[ 90%] [32mBuilding CXX object CMakeFiles/test_behavior_path_planner_utilities.dir/test/test_drivable_area_expansion.cpp.o[0m
[ 94%] [32mBuilding CXX object CMakeFiles/test_behavior_path_planner_utilities.dir/test/input.cpp.o[0m
[ 94%] [32mBuilding CXX object CMakeFiles/test_behavior_path_planner_avoidance_module.dir/test/test_avoidance_utils.cpp.o[0m
[ 94%] [32mBuilding CXX object CMakeFiles/test_behavior_path_planner_turn_signal.dir/test/test_turn_signal.cpp.o[0m
[ 96%] [32m[1mLinking CXX executable test_behavior_path_planner_avoidance_module[0m
[ 96%] Built target test_behavior_path_planner_avoidance_module
[ 98%] [32m[1mLinking CXX executable test_behavior_path_planner_turn_signal[0m
[ 98%] Built target test_behavior_path_planner_turn_signal
[100%] [32m[1mLinking CXX executable test_behavior_path_planner_utilities[0m
[100%] Built target test_behavior_path_planner_utilities
-- Install configuration: "Release"
-- Execute custom install script
-- Symlinking: /home/sws/autoware/install/behavior_path_planner/lib/behavior_path_planner/behavior_path_planner
-- Symlinking: /home/sws/autoware/install/behavior_path_planner/include/behavior_path_planner/behavior_path_planner_node.hpp
-- Symlinking: /home/sws/autoware/install/behavior_path_planner/include/behavior_path_planner/behavior_tree_manager.hpp
-- Symlinking: /home/sws/autoware/install/behavior_path_planner/include/behavior_path_planner/data_manager.hpp
-- Symlinking: /home/sws/autoware/install/behavior_path_planner/include/behavior_path_planner/marker_util/avoidance/debug.hpp
-- Symlinking: /home/sws/autoware/install/behavior_path_planner/include/behavior_path_planner/marker_util/debug_utilities.hpp
-- Symlinking: /home/sws/autoware/install/behavior_path_planner/include/behavior_path_planner/marker_util/lane_change/debug.hpp
-- Symlinking: /home/sws/autoware/install/behavior_path_planner/include/behavior_path_planner/module_status.hpp
-- Symlinking: /home/sws/autoware/install/behavior_path_planner/include/behavior_path_planner/parameters.hpp
-- Symlinking: /home/sws/autoware/install/behavior_path_planner/include/behavior_path_planner/path_utilities.hpp
-- Symlinking: /home/sws/autoware/install/behavior_path_planner/include/behavior_path_planner/planner_manager.hpp
-- Symlinking: /home/sws/autoware/install/behavior_path_planner/include/behavior_path_planner/scene_module/avoidance/avoidance_module.hpp
-- Symlinking: /home/sws/autoware/install/behavior_path_planner/include/behavior_path_planner/scene_module/avoidance/manager.hpp
-- Symlinking: /home/sws/autoware/install/behavior_path_planner/include/behavior_path_planner/scene_module/lane_change/external_request_lane_change_module.hpp
-- Symlinking: /home/sws/autoware/install/behavior_path_planner/include/behavior_path_planner/scene_module/lane_change/lane_change_module.hpp
-- Symlinking: /home/sws/autoware/install/behavior_path_planner/include/behavior_path_planner/scene_module/lane_change/manager.hpp
-- Symlinking: /home/sws/autoware/install/behavior_path_planner/include/behavior_path_planner/scene_module/lane_following/lane_following_module.hpp
-- Symlinking: /home/sws/autoware/install/behavior_path_planner/include/behavior_path_planner/scene_module/pull_out/manager.hpp
-- Symlinking: /home/sws/autoware/install/behavior_path_planner/include/behavior_path_planner/scene_module/pull_out/pull_out_module.hpp
-- Symlinking: /home/sws/autoware/install/behavior_path_planner/include/behavior_path_planner/scene_module/pull_over/manager.hpp
-- Symlinking: /home/sws/autoware/install/behavior_path_planner/include/behavior_path_planner/scene_module/pull_over/pull_over_module.hpp
-- Symlinking: /home/sws/autoware/install/behavior_path_planner/include/behavior_path_planner/scene_module/scene_module_bt_node_interface.hpp
-- Symlinking: /home/sws/autoware/install/behavior_path_planner/include/behavior_path_planner/scene_module/scene_module_interface.hpp
-- Symlinking: /home/sws/autoware/install/behavior_path_planner/include/behavior_path_planner/scene_module/scene_module_manager_interface.hpp
-- Symlinking: /home/sws/autoware/install/behavior_path_planner/include/behavior_path_planner/scene_module/scene_module_visitor.hpp
-- Symlinking: /home/sws/autoware/install/behavior_path_planner/include/behavior_path_planner/scene_module/side_shift/manager.hpp
-- Symlinking: /home/sws/autoware/install/behavior_path_planner/include/behavior_path_planner/scene_module/side_shift/side_shift_module.hpp
-- Symlinking: /home/sws/autoware/install/behavior_path_planner/include/behavior_path_planner/steering_factor_interface.hpp
-- Symlinking: /home/sws/autoware/install/behavior_path_planner/include/behavior_path_planner/turn_signal_decider.hpp
-- Symlinking: /home/sws/autoware/install/behavior_path_planner/include/behavior_path_planner/util/avoidance/avoidance_module_data.hpp
-- Symlinking: /home/sws/autoware/install/behavior_path_planner/include/behavior_path_planner/util/avoidance/util.hpp
-- Symlinking: /home/sws/autoware/install/behavior_path_planner/include/behavior_path_planner/util/create_vehicle_footprint.hpp
-- Symlinking: /home/sws/autoware/install/behavior_path_planner/include/behavior_path_planner/util/drivable_area_expansion/drivable_area_expansion.hpp
-- Symlinking: /home/sws/autoware/install/behavior_path_planner/include/behavior_path_planner/util/drivable_area_expansion/expansion.hpp
-- Symlinking: /home/sws/autoware/install/behavior_path_planner/include/behavior_path_planner/util/drivable_area_expansion/footprints.hpp
-- Symlinking: /home/sws/autoware/install/behavior_path_planner/include/behavior_path_planner/util/drivable_area_expansion/map_utils.hpp
-- Symlinking: /home/sws/autoware/install/behavior_path_planner/include/behavior_path_planner/util/drivable_area_expansion/parameters.hpp
-- Symlinking: /home/sws/autoware/install/behavior_path_planner/include/behavior_path_planner/util/drivable_area_expansion/path_projection.hpp
-- Symlinking: /home/sws/autoware/install/behavior_path_planner/include/behavior_path_planner/util/drivable_area_expansion/types.hpp
-- Symlinking: /home/sws/autoware/install/behavior_path_planner/include/behavior_path_planner/util/geometric_parallel_parking/geometric_parallel_parking.hpp
-- Symlinking: /home/sws/autoware/install/behavior_path_planner/include/behavior_path_planner/util/lane_change/lane_change_module_data.hpp
-- Symlinking: /home/sws/autoware/install/behavior_path_planner/include/behavior_path_planner/util/lane_change/lane_change_path.hpp
-- Symlinking: /home/sws/autoware/install/behavior_path_planner/include/behavior_path_planner/util/lane_change/util.hpp
-- Symlinking: /home/sws/autoware/install/behavior_path_planner/include/behavior_path_planner/util/lane_following/module_data.hpp
-- Symlinking: /home/sws/autoware/install/behavior_path_planner/include/behavior_path_planner/util/occupancy_grid_based_collision_detector/occupancy_grid_based_collision_detector.hpp
-- Symlinking: /home/sws/autoware/install/behavior_path_planner/include/behavior_path_planner/util/path_shifter/path_shifter.hpp
-- Symlinking: /home/sws/autoware/install/behavior_path_planner/include/behavior_path_planner/util/pull_out/geometric_pull_out.hpp
-- Symlinking: /home/sws/autoware/install/behavior_path_planner/include/behavior_path_planner/util/pull_out/pull_out_parameters.hpp
-- Symlinking: /home/sws/autoware/install/behavior_path_planner/include/behavior_path_planner/util/pull_out/pull_out_path.hpp
-- Symlinking: /home/sws/autoware/install/behavior_path_planner/include/behavior_path_planner/util/pull_out/pull_out_planner_base.hpp
-- Symlinking: /home/sws/autoware/install/behavior_path_planner/include/behavior_path_planner/util/pull_out/shift_pull_out.hpp
-- Symlinking: /home/sws/autoware/install/behavior_path_planner/include/behavior_path_planner/util/pull_out/util.hpp
-- Symlinking: /home/sws/autoware/install/behavior_path_planner/include/behavior_path_planner/util/pull_over/freespace_pull_over.hpp
-- Symlinking: /home/sws/autoware/install/behavior_path_planner/include/behavior_path_planner/util/pull_over/geometric_pull_over.hpp
-- Symlinking: /home/sws/autoware/install/behavior_path_planner/include/behavior_path_planner/util/pull_over/goal_searcher.hpp
-- Symlinking: /home/sws/autoware/install/behavior_path_planner/include/behavior_path_planner/util/pull_over/goal_searcher_base.hpp
-- Symlinking: /home/sws/autoware/install/behavior_path_planner/include/behavior_path_planner/util/pull_over/pull_over_parameters.hpp
-- Symlinking: /home/sws/autoware/install/behavior_path_planner/include/behavior_path_planner/util/pull_over/pull_over_planner_base.hpp
-- Symlinking: /home/sws/autoware/install/behavior_path_planner/include/behavior_path_planner/util/pull_over/shift_pull_over.hpp
-- Symlinking: /home/sws/autoware/install/behavior_path_planner/include/behavior_path_planner/util/pull_over/util.hpp
-- Symlinking: /home/sws/autoware/install/behavior_path_planner/include/behavior_path_planner/util/side_shift/side_shift_parameters.hpp
-- Symlinking: /home/sws/autoware/install/behavior_path_planner/include/behavior_path_planner/util/side_shift/util.hpp
-- Symlinking: /home/sws/autoware/install/behavior_path_planner/include/behavior_path_planner/utilities.hpp
-- Symlinking: /home/sws/autoware/install/behavior_path_planner/share/behavior_path_planner/environment/library_path.sh
-- Symlinking: /home/sws/autoware/install/behavior_path_planner/share/behavior_path_planner/environment/library_path.dsv
-- Symlinking: /home/sws/autoware/install/behavior_path_planner/lib/libbehavior_path_planner_node.so
-- Symlinking: /home/sws/autoware/install/behavior_path_planner/share/behavior_path_planner/config/avoidance/avoidance.param.yaml
-- Symlinking: /home/sws/autoware/install/behavior_path_planner/share/behavior_path_planner/config/behavior_path_planner.param.yaml
-- Symlinking: /home/sws/autoware/install/behavior_path_planner/share/behavior_path_planner/config/behavior_path_planner_tree.xml
-- Symlinking: /home/sws/autoware/install/behavior_path_planner/share/behavior_path_planner/config/behavior_path_planner_tree_lane_change_only.xml
-- Symlinking: /home/sws/autoware/install/behavior_path_planner/share/behavior_path_planner/config/behavior_path_planner_tree_lane_change_only_old.xml
-- Symlinking: /home/sws/autoware/install/behavior_path_planner/share/behavior_path_planner/config/behavior_path_planner_tree_old.xml
-- Symlinking: /home/sws/autoware/install/behavior_path_planner/share/behavior_path_planner/config/behavior_path_planner_tree_pull_out.xml
-- Symlinking: /home/sws/autoware/install/behavior_path_planner/share/behavior_path_planner/config/behavior_path_planner_tree_with_external_request_LC.xml
-- Symlinking: /home/sws/autoware/install/behavior_path_planner/share/behavior_path_planner/config/lane_change/lane_change.param.yaml
-- Symlinking: /home/sws/autoware/install/behavior_path_planner/share/behavior_path_planner/config/lane_following/lane_following.param.yaml
-- Symlinking: /home/sws/autoware/install/behavior_path_planner/share/behavior_path_planner/config/pull_out/pull_out.param.yaml
-- Symlinking: /home/sws/autoware/install/behavior_path_planner/share/behavior_path_planner/config/pull_over/pull_over.param.yaml
-- Symlinking: /home/sws/autoware/install/behavior_path_planner/share/behavior_path_planner/config/side_shift/side_shift.param.yaml
-- Symlinking: /home/sws/autoware/install/behavior_path_planner/share/behavior_path_planner/launch/behavior_path_planner.launch.xml
-- Symlinking: /home/sws/autoware/install/behavior_path_planner/share/ament_index/resource_index/package_run_dependencies/behavior_path_planner
-- Symlinking: /home/sws/autoware/install/behavior_path_planner/share/ament_index/resource_index/parent_prefix_path/behavior_path_planner
-- Symlinking: /home/sws/autoware/install/behavior_path_planner/share/behavior_path_planner/environment/ament_prefix_path.sh
-- Symlinking: /home/sws/autoware/install/behavior_path_planner/share/behavior_path_planner/environment/ament_prefix_path.dsv
-- Symlinking: /home/sws/autoware/install/behavior_path_planner/share/behavior_path_planner/environment/path.sh
-- Symlinking: /home/sws/autoware/install/behavior_path_planner/share/behavior_path_planner/environment/path.dsv
-- Symlinking: /home/sws/autoware/install/behavior_path_planner/share/behavior_path_planner/local_setup.bash
-- Symlinking: /home/sws/autoware/install/behavior_path_planner/share/behavior_path_planner/local_setup.sh
-- Symlinking: /home/sws/autoware/install/behavior_path_planner/share/behavior_path_planner/local_setup.zsh
-- Symlinking: /home/sws/autoware/install/behavior_path_planner/share/behavior_path_planner/local_setup.dsv
-- Symlinking: /home/sws/autoware/install/behavior_path_planner/share/behavior_path_planner/package.dsv
-- Symlinking: /home/sws/autoware/install/behavior_path_planner/share/ament_index/resource_index/packages/behavior_path_planner
-- Symlinking: /home/sws/autoware/install/behavior_path_planner/share/ament_index/resource_index/rclcpp_components/behavior_path_planner
-- Symlinking: /home/sws/autoware/install/behavior_path_planner/share/behavior_path_planner/cmake/ament_cmake_export_dependencies-extras.cmake
-- Symlinking: /home/sws/autoware/install/behavior_path_planner/share/behavior_path_planner/cmake/ament_cmake_export_include_directories-extras.cmake
-- Symlinking: /home/sws/autoware/install/behavior_path_planner/share/behavior_path_planner/cmake/ament_cmake_export_libraries-extras.cmake
-- Symlinking: /home/sws/autoware/install/behavior_path_planner/share/behavior_path_planner/cmake/behavior_path_plannerConfig.cmake
-- Symlinking: /home/sws/autoware/install/behavior_path_planner/share/behavior_path_planner/cmake/behavior_path_plannerConfig-version.cmake
-- Symlinking: /home/sws/autoware/install/behavior_path_planner/share/behavior_path_planner/package.xml
