[0.457s] Invoking command in '/home/sws/autoware/build/behavior_path_planner': AMENT_PREFIX_PATH=/home/sws/autoware/install/route_handler:/home/sws/autoware/install/lane_departure_checker:/home/sws/autoware/install/motion_utils:/home/sws/autoware/install/freespace_planning_algorithms:/home/sws/autoware/install/vehicle_info_util:/home/sws/autoware/install/interpolation:/home/sws/autoware/install/tier4_autoware_utils:/home/sws/autoware/install/lanelet2_extension:/home/sws/autoware/install/autoware_auto_tf2:/home/sws/autoware/install/autoware_utils:/home/sws/autoware/install/autoware_auto_vehicle_msgs:/home/sws/autoware/install/autoware_auto_common:/home/sws/autoware/install/rtc_interface:/home/sws/autoware/install/autoware_planning_msgs:/home/sws/autoware/install/autoware_cmake:/home/sws/autoware/install/autoware_auto_planning_msgs:/home/sws/autoware/install/autoware_auto_perception_msgs:/home/sws/autoware/install/tier4_rtc_msgs:/home/sws/autoware/install/tier4_planning_msgs:/home/sws/autoware/install/tier4_debug_msgs:/home/sws/autoware/install/autoware_lint_common:/home/sws/autoware/install/autoware_common_msgs:/home/sws/autoware/install/autoware_auto_system_msgs:/home/sws/autoware/install/autoware_auto_mapping_msgs:/home/sws/autoware/install/autoware_auto_geometry_msgs:/home/sws/autoware/install/autoware_adapi_v1_msgs:${AMENT_PREFIX_PATH} CMAKE_PREFIX_PATH=/home/sws/autoware/install/route_handler:/home/sws/autoware/install/lane_departure_checker:/home/sws/autoware/install/motion_utils:/home/sws/autoware/install/freespace_planning_algorithms:/home/sws/autoware/install/vehicle_info_util:/home/sws/autoware/install/interpolation:/home/sws/autoware/install/tier4_autoware_utils:/home/sws/autoware/install/lanelet2_extension:/home/sws/autoware/install/autoware_auto_tf2:/home/sws/autoware/install/autoware_utils:/home/sws/autoware/install/autoware_auto_vehicle_msgs:/home/sws/autoware/install/autoware_auto_common:/home/sws/autoware/install/rtc_interface:/home/sws/autoware/install/autoware_planning_msgs:/home/sws/autoware/install/autoware_cmake:/home/sws/autoware/install/autoware_auto_planning_msgs:/home/sws/autoware/install/autoware_auto_perception_msgs:/home/sws/autoware/install/tier4_rtc_msgs:/home/sws/autoware/install/tier4_planning_msgs:/home/sws/autoware/install/tier4_debug_msgs:/home/sws/autoware/install/autoware_lint_common:/home/sws/autoware/install/autoware_common_msgs:/home/sws/autoware/install/autoware_auto_system_msgs:/home/sws/autoware/install/autoware_auto_mapping_msgs:/home/sws/autoware/install/autoware_auto_geometry_msgs:/home/sws/autoware/install/autoware_adapi_v1_msgs:/opt/ros/humble LD_LIBRARY_PATH=/home/sws/autoware/install/route_handler/lib:/home/sws/autoware/install/lane_departure_checker/lib:/home/sws/autoware/install/motion_utils/lib:/home/sws/autoware/install/freespace_planning_algorithms/lib:/home/sws/autoware/install/vehicle_info_util/lib:/home/sws/autoware/install/interpolation/lib:/home/sws/autoware/install/tier4_autoware_utils/lib:/home/sws/autoware/install/lanelet2_extension/lib:/home/sws/autoware/install/autoware_utils/lib:/home/sws/autoware/install/autoware_auto_vehicle_msgs/lib:/home/sws/autoware/install/rtc_interface/lib:/home/sws/autoware/install/autoware_planning_msgs/lib:/home/sws/autoware/install/autoware_auto_planning_msgs/lib:/home/sws/autoware/install/autoware_auto_perception_msgs/lib:/home/sws/autoware/install/tier4_rtc_msgs/lib:/home/sws/autoware/install/tier4_planning_msgs/lib:/home/sws/autoware/install/tier4_debug_msgs/lib:/home/sws/autoware/install/autoware_common_msgs/lib:/home/sws/autoware/install/autoware_auto_system_msgs/lib:/home/sws/autoware/install/autoware_auto_mapping_msgs/lib:/home/sws/autoware/install/autoware_auto_geometry_msgs/lib:/home/sws/autoware/install/autoware_adapi_v1_msgs/lib:${LD_LIBRARY_PATH} PYTHONPATH=/home/sws/autoware/install/autoware_auto_vehicle_msgs/local/lib/python3.10/dist-packages:/home/sws/autoware/install/autoware_planning_msgs/local/lib/python3.10/dist-packages:/home/sws/autoware/install/autoware_auto_planning_msgs/local/lib/python3.10/dist-packages:/home/sws/autoware/install/autoware_auto_perception_msgs/local/lib/python3.10/dist-packages:/home/sws/autoware/install/tier4_rtc_msgs/local/lib/python3.10/dist-packages:/home/sws/autoware/install/tier4_planning_msgs/local/lib/python3.10/dist-packages:/home/sws/autoware/install/tier4_debug_msgs/local/lib/python3.10/dist-packages:/home/sws/autoware/install/autoware_common_msgs/local/lib/python3.10/dist-packages:/home/sws/autoware/install/autoware_auto_system_msgs/local/lib/python3.10/dist-packages:/home/sws/autoware/install/autoware_auto_mapping_msgs/local/lib/python3.10/dist-packages:/home/sws/autoware/install/autoware_auto_geometry_msgs/local/lib/python3.10/dist-packages:/home/sws/autoware/install/autoware_adapi_v1_msgs/local/lib/python3.10/dist-packages:${PYTHONPATH} /usr/bin/cmake /home/sws/autoware/src/universe/autoware.universe/planning/behavior_path_planner -DCMAKE_BUILD_TYPE=Release -DAMENT_CMAKE_SYMLINK_INSTALL=1 -DCMAKE_INSTALL_PREFIX=/home/sws/autoware/install/behavior_path_planner
[47.460s] -- The C compiler identification is GNU 11.3.0
[47.460s] -- The CXX compiler identification is GNU 11.3.0
[47.460s] -- Detecting C compiler ABI info
[47.460s] -- Detecting C compiler ABI info - done
[47.461s] -- Check for working C compiler: /usr/bin/cc - skipped
[47.461s] -- Detecting C compile features
[47.461s] -- Detecting C compile features - done
[47.461s] -- Detecting CXX compiler ABI info
[47.461s] -- Detecting CXX compiler ABI info - done
[47.461s] -- Check for working CXX compiler: /usr/bin/c++ - skipped
[47.461s] -- Detecting CXX compile features
[47.461s] -- Detecting CXX compile features - done
[47.461s] -- Found autoware_cmake: 0.1.0 (/home/sws/autoware/install/autoware_cmake/share/autoware_cmake/cmake)
[47.461s] -- Found Python3: /usr/bin/python3.10 (found version "3.10.6") found components: Interpreter 
[47.462s] -- Override CMake install command with custom implementation using symlinks instead of copying resources
[47.462s] -- Found rosidl_generator_c: 3.1.4 (/opt/ros/humble/share/rosidl_generator_c/cmake)
[47.462s] -- Found rosidl_adapter: 3.1.4 (/opt/ros/humble/share/rosidl_adapter/cmake)
[47.462s] -- Found rosidl_generator_cpp: 3.1.4 (/opt/ros/humble/share/rosidl_generator_cpp/cmake)
[47.462s] -- Using all available rosidl_typesupport_c: rosidl_typesupport_fastrtps_c;rosidl_typesupport_introspection_c
[47.462s] -- Using all available rosidl_typesupport_cpp: rosidl_typesupport_fastrtps_cpp;rosidl_typesupport_introspection_cpp
[47.462s] -- Found eigen3_cmake_module: 0.1.1 (/opt/ros/humble/share/eigen3_cmake_module/cmake)
[47.462s] -- Found Eigen3: TRUE (found version "3.4.0") 
[47.462s] -- Ensuring Eigen3 include directory is part of orocos-kdl CMake target
[47.462s] -- Found rmw_implementation_cmake: 6.1.1 (/opt/ros/humble/share/rmw_implementation_cmake/cmake)
[47.462s] -- Found rmw_fastrtps_cpp: 6.2.2 (/opt/ros/humble/share/rmw_fastrtps_cpp/cmake)
[47.463s] -- Found OpenSSL: /usr/lib/x86_64-linux-gnu/libcrypto.so (found version "3.0.2")  
[47.463s] -- Found FastRTPS: /opt/ros/humble/include  
[47.463s] -- Using RMW implementation 'rmw_fastrtps_cpp' as default
[47.463s] -- Looking for pthread.h
[47.463s] -- Looking for pthread.h - found
[47.463s] -- Performing Test CMAKE_HAVE_LIBC_PTHREAD
[47.463s] -- Performing Test CMAKE_HAVE_LIBC_PTHREAD - Success
[47.463s] -- Found Threads: TRUE  
[47.463s] -- Found mrt_cmake_modules: 1.0.9 (/opt/ros/humble/share/mrt_cmake_modules/cmake)
[47.463s] -- Found Boost: /usr/lib/x86_64-linux-gnu/cmake/Boost-1.74.0/BoostConfig.cmake (found version "1.74.0") found components: wserialization thread random serialization log_setup prg_exec_monitor wave system chrono filesystem locale timer date_time regex graph program_options unit_test_framework log atomic iostreams 
[47.464s] -- Found OpenMP_C: -fopenmp (found version "4.5") 
[47.464s] -- Found OpenMP_CXX: -fopenmp (found version "4.5") 
[47.464s] -- Found OpenMP: TRUE (found version "4.5")  
[47.464s] -- Found pugixml: /usr/lib/x86_64-linux-gnu/libpugixml.so  
[47.464s] -- Found PkgConfig: /usr/bin/pkg-config (found version "0.29.2") 
[47.464s] -- Found GeographicLib: /usr/lib/x86_64-linux-gnu/libGeographic.so  
[47.464s] -- Found ament_lint_auto: 0.12.5 (/opt/ros/humble/share/ament_lint_auto/cmake)
[47.464s] -- Found OpenCV: /usr (found version "4.5.4") 
[73.509s] [33mCMake Warning at CMakeLists.txt:59 (message):
[73.509s]   Build behavior_path_planner with OLD framework...
[73.509s] 
[73.509s] [0m
[73.520s] -- Found gmock sources under '/opt/ros/humble/src/gmock_vendor': C++ tests using 'Google Mock' will be built
[73.532s] -- Found gtest sources under '/opt/ros/humble/src/gtest_vendor': C++ tests using 'Google Test' will be built
[73.537s] -- Found gmock sources under '/opt/ros/humble/src/gmock_vendor': C++ tests using 'Google Mock' will be built
[73.538s] -- Found gtest sources under '/opt/ros/humble/src/gtest_vendor': C++ tests using 'Google Test' will be built
[73.539s] -- Found gmock sources under '/opt/ros/humble/src/gmock_vendor': C++ tests using 'Google Mock' will be built
[73.540s] -- Found gtest sources under '/opt/ros/humble/src/gtest_vendor': C++ tests using 'Google Test' will be built
[73.552s] -- Added test 'copyright' to check source files copyright and LICENSE
[73.570s] -- Added test 'cppcheck' to perform static code analysis on C / C++ code
[73.571s] -- Configured cppcheck include dirs: /home/sws/autoware/src/universe/autoware.universe/planning/behavior_path_planner/include
[73.571s] -- Configured cppcheck exclude dirs and/or files: 
[73.576s] -- Added test 'lint_cmake' to check CMake code style
[73.580s] -- Added test 'xmllint' to check XML markup files
[73.587s] -- Configuring done
[74.018s] -- Generating done
[74.024s] -- Build files have been written to: /home/sws/autoware/build/behavior_path_planner
[74.056s] Invoked command in '/home/sws/autoware/build/behavior_path_planner' returned '0': AMENT_PREFIX_PATH=/home/sws/autoware/install/route_handler:/home/sws/autoware/install/lane_departure_checker:/home/sws/autoware/install/motion_utils:/home/sws/autoware/install/freespace_planning_algorithms:/home/sws/autoware/install/vehicle_info_util:/home/sws/autoware/install/interpolation:/home/sws/autoware/install/tier4_autoware_utils:/home/sws/autoware/install/lanelet2_extension:/home/sws/autoware/install/autoware_auto_tf2:/home/sws/autoware/install/autoware_utils:/home/sws/autoware/install/autoware_auto_vehicle_msgs:/home/sws/autoware/install/autoware_auto_common:/home/sws/autoware/install/rtc_interface:/home/sws/autoware/install/autoware_planning_msgs:/home/sws/autoware/install/autoware_cmake:/home/sws/autoware/install/autoware_auto_planning_msgs:/home/sws/autoware/install/autoware_auto_perception_msgs:/home/sws/autoware/install/tier4_rtc_msgs:/home/sws/autoware/install/tier4_planning_msgs:/home/sws/autoware/install/tier4_debug_msgs:/home/sws/autoware/install/autoware_lint_common:/home/sws/autoware/install/autoware_common_msgs:/home/sws/autoware/install/autoware_auto_system_msgs:/home/sws/autoware/install/autoware_auto_mapping_msgs:/home/sws/autoware/install/autoware_auto_geometry_msgs:/home/sws/autoware/install/autoware_adapi_v1_msgs:${AMENT_PREFIX_PATH} CMAKE_PREFIX_PATH=/home/sws/autoware/install/route_handler:/home/sws/autoware/install/lane_departure_checker:/home/sws/autoware/install/motion_utils:/home/sws/autoware/install/freespace_planning_algorithms:/home/sws/autoware/install/vehicle_info_util:/home/sws/autoware/install/interpolation:/home/sws/autoware/install/tier4_autoware_utils:/home/sws/autoware/install/lanelet2_extension:/home/sws/autoware/install/autoware_auto_tf2:/home/sws/autoware/install/autoware_utils:/home/sws/autoware/install/autoware_auto_vehicle_msgs:/home/sws/autoware/install/autoware_auto_common:/home/sws/autoware/install/rtc_interface:/home/sws/autoware/install/autoware_planning_msgs:/home/sws/autoware/install/autoware_cmake:/home/sws/autoware/install/autoware_auto_planning_msgs:/home/sws/autoware/install/autoware_auto_perception_msgs:/home/sws/autoware/install/tier4_rtc_msgs:/home/sws/autoware/install/tier4_planning_msgs:/home/sws/autoware/install/tier4_debug_msgs:/home/sws/autoware/install/autoware_lint_common:/home/sws/autoware/install/autoware_common_msgs:/home/sws/autoware/install/autoware_auto_system_msgs:/home/sws/autoware/install/autoware_auto_mapping_msgs:/home/sws/autoware/install/autoware_auto_geometry_msgs:/home/sws/autoware/install/autoware_adapi_v1_msgs:/opt/ros/humble LD_LIBRARY_PATH=/home/sws/autoware/install/route_handler/lib:/home/sws/autoware/install/lane_departure_checker/lib:/home/sws/autoware/install/motion_utils/lib:/home/sws/autoware/install/freespace_planning_algorithms/lib:/home/sws/autoware/install/vehicle_info_util/lib:/home/sws/autoware/install/interpolation/lib:/home/sws/autoware/install/tier4_autoware_utils/lib:/home/sws/autoware/install/lanelet2_extension/lib:/home/sws/autoware/install/autoware_utils/lib:/home/sws/autoware/install/autoware_auto_vehicle_msgs/lib:/home/sws/autoware/install/rtc_interface/lib:/home/sws/autoware/install/autoware_planning_msgs/lib:/home/sws/autoware/install/autoware_auto_planning_msgs/lib:/home/sws/autoware/install/autoware_auto_perception_msgs/lib:/home/sws/autoware/install/tier4_rtc_msgs/lib:/home/sws/autoware/install/tier4_planning_msgs/lib:/home/sws/autoware/install/tier4_debug_msgs/lib:/home/sws/autoware/install/autoware_common_msgs/lib:/home/sws/autoware/install/autoware_auto_system_msgs/lib:/home/sws/autoware/install/autoware_auto_mapping_msgs/lib:/home/sws/autoware/install/autoware_auto_geometry_msgs/lib:/home/sws/autoware/install/autoware_adapi_v1_msgs/lib:${LD_LIBRARY_PATH} PYTHONPATH=/home/sws/autoware/install/autoware_auto_vehicle_msgs/local/lib/python3.10/dist-packages:/home/sws/autoware/install/autoware_planning_msgs/local/lib/python3.10/dist-packages:/home/sws/autoware/install/autoware_auto_planning_msgs/local/lib/python3.10/dist-packages:/home/sws/autoware/install/autoware_auto_perception_msgs/local/lib/python3.10/dist-packages:/home/sws/autoware/install/tier4_rtc_msgs/local/lib/python3.10/dist-packages:/home/sws/autoware/install/tier4_planning_msgs/local/lib/python3.10/dist-packages:/home/sws/autoware/install/tier4_debug_msgs/local/lib/python3.10/dist-packages:/home/sws/autoware/install/autoware_common_msgs/local/lib/python3.10/dist-packages:/home/sws/autoware/install/autoware_auto_system_msgs/local/lib/python3.10/dist-packages:/home/sws/autoware/install/autoware_auto_mapping_msgs/local/lib/python3.10/dist-packages:/home/sws/autoware/install/autoware_auto_geometry_msgs/local/lib/python3.10/dist-packages:/home/sws/autoware/install/autoware_adapi_v1_msgs/local/lib/python3.10/dist-packages:${PYTHONPATH} /usr/bin/cmake /home/sws/autoware/src/universe/autoware.universe/planning/behavior_path_planner -DCMAKE_BUILD_TYPE=Release -DAMENT_CMAKE_SYMLINK_INSTALL=1 -DCMAKE_INSTALL_PREFIX=/home/sws/autoware/install/behavior_path_planner
[74.059s] Invoking command in '/home/sws/autoware/build/behavior_path_planner': AMENT_PREFIX_PATH=/home/sws/autoware/install/route_handler:/home/sws/autoware/install/lane_departure_checker:/home/sws/autoware/install/motion_utils:/home/sws/autoware/install/freespace_planning_algorithms:/home/sws/autoware/install/vehicle_info_util:/home/sws/autoware/install/interpolation:/home/sws/autoware/install/tier4_autoware_utils:/home/sws/autoware/install/lanelet2_extension:/home/sws/autoware/install/autoware_auto_tf2:/home/sws/autoware/install/autoware_utils:/home/sws/autoware/install/autoware_auto_vehicle_msgs:/home/sws/autoware/install/autoware_auto_common:/home/sws/autoware/install/rtc_interface:/home/sws/autoware/install/autoware_planning_msgs:/home/sws/autoware/install/autoware_cmake:/home/sws/autoware/install/autoware_auto_planning_msgs:/home/sws/autoware/install/autoware_auto_perception_msgs:/home/sws/autoware/install/tier4_rtc_msgs:/home/sws/autoware/install/tier4_planning_msgs:/home/sws/autoware/install/tier4_debug_msgs:/home/sws/autoware/install/autoware_lint_common:/home/sws/autoware/install/autoware_common_msgs:/home/sws/autoware/install/autoware_auto_system_msgs:/home/sws/autoware/install/autoware_auto_mapping_msgs:/home/sws/autoware/install/autoware_auto_geometry_msgs:/home/sws/autoware/install/autoware_adapi_v1_msgs:${AMENT_PREFIX_PATH} CMAKE_PREFIX_PATH=/home/sws/autoware/install/route_handler:/home/sws/autoware/install/lane_departure_checker:/home/sws/autoware/install/motion_utils:/home/sws/autoware/install/freespace_planning_algorithms:/home/sws/autoware/install/vehicle_info_util:/home/sws/autoware/install/interpolation:/home/sws/autoware/install/tier4_autoware_utils:/home/sws/autoware/install/lanelet2_extension:/home/sws/autoware/install/autoware_auto_tf2:/home/sws/autoware/install/autoware_utils:/home/sws/autoware/install/autoware_auto_vehicle_msgs:/home/sws/autoware/install/autoware_auto_common:/home/sws/autoware/install/rtc_interface:/home/sws/autoware/install/autoware_planning_msgs:/home/sws/autoware/install/autoware_cmake:/home/sws/autoware/install/autoware_auto_planning_msgs:/home/sws/autoware/install/autoware_auto_perception_msgs:/home/sws/autoware/install/tier4_rtc_msgs:/home/sws/autoware/install/tier4_planning_msgs:/home/sws/autoware/install/tier4_debug_msgs:/home/sws/autoware/install/autoware_lint_common:/home/sws/autoware/install/autoware_common_msgs:/home/sws/autoware/install/autoware_auto_system_msgs:/home/sws/autoware/install/autoware_auto_mapping_msgs:/home/sws/autoware/install/autoware_auto_geometry_msgs:/home/sws/autoware/install/autoware_adapi_v1_msgs:/opt/ros/humble LD_LIBRARY_PATH=/home/sws/autoware/install/route_handler/lib:/home/sws/autoware/install/lane_departure_checker/lib:/home/sws/autoware/install/motion_utils/lib:/home/sws/autoware/install/freespace_planning_algorithms/lib:/home/sws/autoware/install/vehicle_info_util/lib:/home/sws/autoware/install/interpolation/lib:/home/sws/autoware/install/tier4_autoware_utils/lib:/home/sws/autoware/install/lanelet2_extension/lib:/home/sws/autoware/install/autoware_utils/lib:/home/sws/autoware/install/autoware_auto_vehicle_msgs/lib:/home/sws/autoware/install/rtc_interface/lib:/home/sws/autoware/install/autoware_planning_msgs/lib:/home/sws/autoware/install/autoware_auto_planning_msgs/lib:/home/sws/autoware/install/autoware_auto_perception_msgs/lib:/home/sws/autoware/install/tier4_rtc_msgs/lib:/home/sws/autoware/install/tier4_planning_msgs/lib:/home/sws/autoware/install/tier4_debug_msgs/lib:/home/sws/autoware/install/autoware_common_msgs/lib:/home/sws/autoware/install/autoware_auto_system_msgs/lib:/home/sws/autoware/install/autoware_auto_mapping_msgs/lib:/home/sws/autoware/install/autoware_auto_geometry_msgs/lib:/home/sws/autoware/install/autoware_adapi_v1_msgs/lib:${LD_LIBRARY_PATH} PYTHONPATH=/home/sws/autoware/install/autoware_auto_vehicle_msgs/local/lib/python3.10/dist-packages:/home/sws/autoware/install/autoware_planning_msgs/local/lib/python3.10/dist-packages:/home/sws/autoware/install/autoware_auto_planning_msgs/local/lib/python3.10/dist-packages:/home/sws/autoware/install/autoware_auto_perception_msgs/local/lib/python3.10/dist-packages:/home/sws/autoware/install/tier4_rtc_msgs/local/lib/python3.10/dist-packages:/home/sws/autoware/install/tier4_planning_msgs/local/lib/python3.10/dist-packages:/home/sws/autoware/install/tier4_debug_msgs/local/lib/python3.10/dist-packages:/home/sws/autoware/install/autoware_common_msgs/local/lib/python3.10/dist-packages:/home/sws/autoware/install/autoware_auto_system_msgs/local/lib/python3.10/dist-packages:/home/sws/autoware/install/autoware_auto_mapping_msgs/local/lib/python3.10/dist-packages:/home/sws/autoware/install/autoware_auto_geometry_msgs/local/lib/python3.10/dist-packages:/home/sws/autoware/install/autoware_adapi_v1_msgs/local/lib/python3.10/dist-packages:${PYTHONPATH} /usr/bin/cmake --build /home/sws/autoware/build/behavior_path_planner -- -j16 -l16
[82.596s] [  3%] [32mBuilding CXX object CMakeFiles/behavior_path_planner_node.dir/src/scene_module/scene_module_bt_node_interface.cpp.o[0m
[82.596s] [  3%] [32mBuilding CXX object CMakeFiles/behavior_path_planner_node.dir/src/behavior_tree_manager.cpp.o[0m
[82.596s] [  5%] [32mBuilding CXX object CMakeFiles/behavior_path_planner_node.dir/src/scene_module/lane_change/lane_change_module.cpp.o[0m
[82.597s] [  7%] [32mBuilding CXX object CMakeFiles/behavior_path_planner_node.dir/src/scene_module/side_shift/side_shift_module.cpp.o[0m
[82.597s] [  9%] [32mBuilding CXX object CMakeFiles/behavior_path_planner_node.dir/src/scene_module/pull_out/pull_out_module.cpp.o[0m
[82.597s] [ 11%] [32mBuilding CXX object CMakeFiles/behavior_path_planner_node.dir/src/scene_module/avoidance/avoidance_module.cpp.o[0m
[82.597s] [ 13%] [32mBuilding CXX object CMakeFiles/behavior_path_planner_node.dir/src/scene_module/scene_module_visitor.cpp.o[0m
[125.888s] [ 15%] [32mBuilding CXX object CMakeFiles/behavior_path_planner_node.dir/src/util/pull_over/util.cpp.o[0m
[143.563s] [ 17%] [32mBuilding CXX object CMakeFiles/behavior_path_planner_node.dir/src/util/pull_over/shift_pull_over.cpp.o[0m
[149.584s] [ 19%] [32mBuilding CXX object CMakeFiles/behavior_path_planner_node.dir/src/util/pull_over/geometric_pull_over.cpp.o[0m
[151.600s] [ 21%] [32mBuilding CXX object CMakeFiles/behavior_path_planner_node.dir/src/util/side_shift/util.cpp.o[0m
[153.650s] [ 23%] [32mBuilding CXX object CMakeFiles/behavior_path_planner_node.dir/src/util/lane_change/util.cpp.o[0m
[192.931s] [ 25%] [32mBuilding CXX object CMakeFiles/behavior_path_planner_node.dir/src/util/pull_out/util.cpp.o[0m
[204.963s] [ 26%] [32mBuilding CXX object CMakeFiles/behavior_path_planner_node.dir/src/util/pull_out/shift_pull_out.cpp.o[0m
[206.014s] [ 28%] [32mBuilding CXX object CMakeFiles/behavior_path_planner_node.dir/src/util/pull_over/goal_searcher.cpp.o[0m
[207.078s] [ 30%] [32mBuilding CXX object CMakeFiles/behavior_path_planner_node.dir/src/util/pull_over/freespace_pull_over.cpp.o[0m
[208.175s] [ 32%] [32mBuilding CXX object CMakeFiles/behavior_path_planner_node.dir/src/util/avoidance/util.cpp.o[0m
[209.239s] [ 34%] [32mBuilding CXX object CMakeFiles/behavior_path_planner_node.dir/src/turn_signal_decider.cpp.o[0m
[260.852s] [ 36%] [32mBuilding CXX object CMakeFiles/behavior_path_planner_node.dir/src/util/drivable_area_expansion/footprints.cpp.o[0m
[273.204s] [ 38%] [32mBuilding CXX object CMakeFiles/behavior_path_planner_node.dir/src/util/drivable_area_expansion/expansion.cpp.o[0m
[308.605s] [ 40%] [32mBuilding CXX object CMakeFiles/behavior_path_planner_node.dir/src/util/geometric_parallel_parking/geometric_parallel_parking.cpp.o[0m
[309.621s] [ 42%] [32mBuilding CXX object CMakeFiles/behavior_path_planner_node.dir/src/util/occupancy_grid_based_collision_detector/occupancy_grid_based_collision_detector.cpp.o[0m
[310.639s] [ 44%] [32mBuilding CXX object CMakeFiles/behavior_path_planner_node.dir/src/util/drivable_area_expansion/map_utils.cpp.o[0m
[311.656s] [ 46%] [32mBuilding CXX object CMakeFiles/behavior_path_planner_node.dir/src/util/drivable_area_expansion/drivable_area_expansion.cpp.o[0m
[312.714s] [ 48%] [32mBuilding CXX object CMakeFiles/behavior_path_planner_node.dir/src/util/path_shifter/path_shifter.cpp.o[0m
[313.775s] [ 50%] [32mBuilding CXX object CMakeFiles/behavior_path_planner_node.dir/src/util/pull_out/geometric_pull_out.cpp.o[0m
[347.369s] [ 51%] [32mBuilding CXX object CMakeFiles/behavior_path_planner_node.dir/src/marker_util/lane_change/debug.cpp.o[0m
[366.514s] [ 53%] [32mBuilding CXX object CMakeFiles/behavior_path_planner_node.dir/src/marker_util/avoidance/debug.cpp.o[0m
[387.834s] [ 55%] [32mBuilding CXX object CMakeFiles/behavior_path_planner_node.dir/src/marker_util/debug_utilities.cpp.o[0m
[408.019s] [ 57%] [32mBuilding CXX object CMakeFiles/behavior_path_planner_node.dir/src/scene_module/lane_change/external_request_lane_change_module.cpp.o[0m
[439.466s] [ 59%] [32mBuilding CXX object CMakeFiles/behavior_path_planner_node.dir/src/behavior_path_planner_node.cpp.o[0m
[535.138s] [ 61%] [32mBuilding CXX object CMakeFiles/behavior_path_planner_node.dir/src/steering_factor_interface.cpp.o[0m
[535.142s] [ 63%] [32mBuilding CXX object CMakeFiles/behavior_path_planner_node.dir/src/path_utilities.cpp.o[0m
[559.411s] [ 65%] [32mBuilding CXX object CMakeFiles/behavior_path_planner_node.dir/src/utilities.cpp.o[0m
[609.599s] [ 69%] [32mBuilding CXX object CMakeFiles/behavior_path_planner_node.dir/src/scene_module/pull_over/pull_over_module.cpp.o[0m
[609.599s] [ 69%] [32mBuilding CXX object CMakeFiles/behavior_path_planner_node.dir/src/scene_module/lane_following/lane_following_module.cpp.o[0m
[633.681s] [ 71%] [32m[1mLinking CXX shared library libbehavior_path_planner_node.so[0m
[634.853s] [ 71%] Built target behavior_path_planner_node
[634.880s] [ 73%] [32mBuilding CXX object gmock/CMakeFiles/gmock.dir/src/gmock-all.cc.o[0m
[634.883s] [ 75%] [32mBuilding CXX object gmock/CMakeFiles/gmock.dir/opt/ros/humble/src/gtest_vendor/src/gtest-all.cc.o[0m
[634.887s] [ 76%] [32mBuilding CXX object gmock/CMakeFiles/gmock_main.dir/src/gmock_main.cc.o[0m
[634.888s] [ 78%] [32mBuilding CXX object CMakeFiles/behavior_path_planner.dir/rclcpp_components/node_main_behavior_path_planner.cpp.o[0m
[636.808s] [ 80%] [32m[1mLinking CXX static library libgmock_main.a[0m
[636.864s] [ 80%] Built target gmock_main
[640.060s] [ 82%] [32m[1mLinking CXX executable behavior_path_planner[0m
[640.212s] [ 82%] Built target behavior_path_planner
[646.212s] [ 84%] [32m[1mLinking CXX static library libgmock.a[0m
[646.280s] [ 84%] Built target gmock
[646.322s] [ 90%] [32mBuilding CXX object CMakeFiles/test_behavior_path_planner_utilities.dir/test/test_utilities.cpp.o[0m
[646.322s] [ 90%] [32mBuilding CXX object CMakeFiles/test_behavior_path_planner_utilities.dir/test/test_drivable_area_expansion.cpp.o[0m
[646.322s] [ 94%] [32mBuilding CXX object CMakeFiles/test_behavior_path_planner_utilities.dir/test/input.cpp.o[0m
[646.322s] [ 94%] [32mBuilding CXX object CMakeFiles/test_behavior_path_planner_avoidance_module.dir/test/test_avoidance_utils.cpp.o[0m
[646.323s] [ 94%] [32mBuilding CXX object CMakeFiles/test_behavior_path_planner_turn_signal.dir/test/test_turn_signal.cpp.o[0m
[664.468s] [ 96%] [32m[1mLinking CXX executable test_behavior_path_planner_avoidance_module[0m
[665.135s] [ 96%] Built target test_behavior_path_planner_avoidance_module
[665.713s] [ 98%] [32m[1mLinking CXX executable test_behavior_path_planner_turn_signal[0m
[666.245s] [ 98%] Built target test_behavior_path_planner_turn_signal
[668.815s] [100%] [32m[1mLinking CXX executable test_behavior_path_planner_utilities[0m
[669.242s] [100%] Built target test_behavior_path_planner_utilities
[669.295s] Invoked command in '/home/sws/autoware/build/behavior_path_planner' returned '0': AMENT_PREFIX_PATH=/home/sws/autoware/install/route_handler:/home/sws/autoware/install/lane_departure_checker:/home/sws/autoware/install/motion_utils:/home/sws/autoware/install/freespace_planning_algorithms:/home/sws/autoware/install/vehicle_info_util:/home/sws/autoware/install/interpolation:/home/sws/autoware/install/tier4_autoware_utils:/home/sws/autoware/install/lanelet2_extension:/home/sws/autoware/install/autoware_auto_tf2:/home/sws/autoware/install/autoware_utils:/home/sws/autoware/install/autoware_auto_vehicle_msgs:/home/sws/autoware/install/autoware_auto_common:/home/sws/autoware/install/rtc_interface:/home/sws/autoware/install/autoware_planning_msgs:/home/sws/autoware/install/autoware_cmake:/home/sws/autoware/install/autoware_auto_planning_msgs:/home/sws/autoware/install/autoware_auto_perception_msgs:/home/sws/autoware/install/tier4_rtc_msgs:/home/sws/autoware/install/tier4_planning_msgs:/home/sws/autoware/install/tier4_debug_msgs:/home/sws/autoware/install/autoware_lint_common:/home/sws/autoware/install/autoware_common_msgs:/home/sws/autoware/install/autoware_auto_system_msgs:/home/sws/autoware/install/autoware_auto_mapping_msgs:/home/sws/autoware/install/autoware_auto_geometry_msgs:/home/sws/autoware/install/autoware_adapi_v1_msgs:${AMENT_PREFIX_PATH} CMAKE_PREFIX_PATH=/home/sws/autoware/install/route_handler:/home/sws/autoware/install/lane_departure_checker:/home/sws/autoware/install/motion_utils:/home/sws/autoware/install/freespace_planning_algorithms:/home/sws/autoware/install/vehicle_info_util:/home/sws/autoware/install/interpolation:/home/sws/autoware/install/tier4_autoware_utils:/home/sws/autoware/install/lanelet2_extension:/home/sws/autoware/install/autoware_auto_tf2:/home/sws/autoware/install/autoware_utils:/home/sws/autoware/install/autoware_auto_vehicle_msgs:/home/sws/autoware/install/autoware_auto_common:/home/sws/autoware/install/rtc_interface:/home/sws/autoware/install/autoware_planning_msgs:/home/sws/autoware/install/autoware_cmake:/home/sws/autoware/install/autoware_auto_planning_msgs:/home/sws/autoware/install/autoware_auto_perception_msgs:/home/sws/autoware/install/tier4_rtc_msgs:/home/sws/autoware/install/tier4_planning_msgs:/home/sws/autoware/install/tier4_debug_msgs:/home/sws/autoware/install/autoware_lint_common:/home/sws/autoware/install/autoware_common_msgs:/home/sws/autoware/install/autoware_auto_system_msgs:/home/sws/autoware/install/autoware_auto_mapping_msgs:/home/sws/autoware/install/autoware_auto_geometry_msgs:/home/sws/autoware/install/autoware_adapi_v1_msgs:/opt/ros/humble LD_LIBRARY_PATH=/home/sws/autoware/install/route_handler/lib:/home/sws/autoware/install/lane_departure_checker/lib:/home/sws/autoware/install/motion_utils/lib:/home/sws/autoware/install/freespace_planning_algorithms/lib:/home/sws/autoware/install/vehicle_info_util/lib:/home/sws/autoware/install/interpolation/lib:/home/sws/autoware/install/tier4_autoware_utils/lib:/home/sws/autoware/install/lanelet2_extension/lib:/home/sws/autoware/install/autoware_utils/lib:/home/sws/autoware/install/autoware_auto_vehicle_msgs/lib:/home/sws/autoware/install/rtc_interface/lib:/home/sws/autoware/install/autoware_planning_msgs/lib:/home/sws/autoware/install/autoware_auto_planning_msgs/lib:/home/sws/autoware/install/autoware_auto_perception_msgs/lib:/home/sws/autoware/install/tier4_rtc_msgs/lib:/home/sws/autoware/install/tier4_planning_msgs/lib:/home/sws/autoware/install/tier4_debug_msgs/lib:/home/sws/autoware/install/autoware_common_msgs/lib:/home/sws/autoware/install/autoware_auto_system_msgs/lib:/home/sws/autoware/install/autoware_auto_mapping_msgs/lib:/home/sws/autoware/install/autoware_auto_geometry_msgs/lib:/home/sws/autoware/install/autoware_adapi_v1_msgs/lib:${LD_LIBRARY_PATH} PYTHONPATH=/home/sws/autoware/install/autoware_auto_vehicle_msgs/local/lib/python3.10/dist-packages:/home/sws/autoware/install/autoware_planning_msgs/local/lib/python3.10/dist-packages:/home/sws/autoware/install/autoware_auto_planning_msgs/local/lib/python3.10/dist-packages:/home/sws/autoware/install/autoware_auto_perception_msgs/local/lib/python3.10/dist-packages:/home/sws/autoware/install/tier4_rtc_msgs/local/lib/python3.10/dist-packages:/home/sws/autoware/install/tier4_planning_msgs/local/lib/python3.10/dist-packages:/home/sws/autoware/install/tier4_debug_msgs/local/lib/python3.10/dist-packages:/home/sws/autoware/install/autoware_common_msgs/local/lib/python3.10/dist-packages:/home/sws/autoware/install/autoware_auto_system_msgs/local/lib/python3.10/dist-packages:/home/sws/autoware/install/autoware_auto_mapping_msgs/local/lib/python3.10/dist-packages:/home/sws/autoware/install/autoware_auto_geometry_msgs/local/lib/python3.10/dist-packages:/home/sws/autoware/install/autoware_adapi_v1_msgs/local/lib/python3.10/dist-packages:${PYTHONPATH} /usr/bin/cmake --build /home/sws/autoware/build/behavior_path_planner -- -j16 -l16
[669.580s] Invoking command in '/home/sws/autoware/build/behavior_path_planner': AMENT_PREFIX_PATH=/home/sws/autoware/install/route_handler:/home/sws/autoware/install/lane_departure_checker:/home/sws/autoware/install/motion_utils:/home/sws/autoware/install/freespace_planning_algorithms:/home/sws/autoware/install/vehicle_info_util:/home/sws/autoware/install/interpolation:/home/sws/autoware/install/tier4_autoware_utils:/home/sws/autoware/install/lanelet2_extension:/home/sws/autoware/install/autoware_auto_tf2:/home/sws/autoware/install/autoware_utils:/home/sws/autoware/install/autoware_auto_vehicle_msgs:/home/sws/autoware/install/autoware_auto_common:/home/sws/autoware/install/rtc_interface:/home/sws/autoware/install/autoware_planning_msgs:/home/sws/autoware/install/autoware_cmake:/home/sws/autoware/install/autoware_auto_planning_msgs:/home/sws/autoware/install/autoware_auto_perception_msgs:/home/sws/autoware/install/tier4_rtc_msgs:/home/sws/autoware/install/tier4_planning_msgs:/home/sws/autoware/install/tier4_debug_msgs:/home/sws/autoware/install/autoware_lint_common:/home/sws/autoware/install/autoware_common_msgs:/home/sws/autoware/install/autoware_auto_system_msgs:/home/sws/autoware/install/autoware_auto_mapping_msgs:/home/sws/autoware/install/autoware_auto_geometry_msgs:/home/sws/autoware/install/autoware_adapi_v1_msgs:${AMENT_PREFIX_PATH} CMAKE_PREFIX_PATH=/home/sws/autoware/install/route_handler:/home/sws/autoware/install/lane_departure_checker:/home/sws/autoware/install/motion_utils:/home/sws/autoware/install/freespace_planning_algorithms:/home/sws/autoware/install/vehicle_info_util:/home/sws/autoware/install/interpolation:/home/sws/autoware/install/tier4_autoware_utils:/home/sws/autoware/install/lanelet2_extension:/home/sws/autoware/install/autoware_auto_tf2:/home/sws/autoware/install/autoware_utils:/home/sws/autoware/install/autoware_auto_vehicle_msgs:/home/sws/autoware/install/autoware_auto_common:/home/sws/autoware/install/rtc_interface:/home/sws/autoware/install/autoware_planning_msgs:/home/sws/autoware/install/autoware_cmake:/home/sws/autoware/install/autoware_auto_planning_msgs:/home/sws/autoware/install/autoware_auto_perception_msgs:/home/sws/autoware/install/tier4_rtc_msgs:/home/sws/autoware/install/tier4_planning_msgs:/home/sws/autoware/install/tier4_debug_msgs:/home/sws/autoware/install/autoware_lint_common:/home/sws/autoware/install/autoware_common_msgs:/home/sws/autoware/install/autoware_auto_system_msgs:/home/sws/autoware/install/autoware_auto_mapping_msgs:/home/sws/autoware/install/autoware_auto_geometry_msgs:/home/sws/autoware/install/autoware_adapi_v1_msgs:/opt/ros/humble LD_LIBRARY_PATH=/home/sws/autoware/install/route_handler/lib:/home/sws/autoware/install/lane_departure_checker/lib:/home/sws/autoware/install/motion_utils/lib:/home/sws/autoware/install/freespace_planning_algorithms/lib:/home/sws/autoware/install/vehicle_info_util/lib:/home/sws/autoware/install/interpolation/lib:/home/sws/autoware/install/tier4_autoware_utils/lib:/home/sws/autoware/install/lanelet2_extension/lib:/home/sws/autoware/install/autoware_utils/lib:/home/sws/autoware/install/autoware_auto_vehicle_msgs/lib:/home/sws/autoware/install/rtc_interface/lib:/home/sws/autoware/install/autoware_planning_msgs/lib:/home/sws/autoware/install/autoware_auto_planning_msgs/lib:/home/sws/autoware/install/autoware_auto_perception_msgs/lib:/home/sws/autoware/install/tier4_rtc_msgs/lib:/home/sws/autoware/install/tier4_planning_msgs/lib:/home/sws/autoware/install/tier4_debug_msgs/lib:/home/sws/autoware/install/autoware_common_msgs/lib:/home/sws/autoware/install/autoware_auto_system_msgs/lib:/home/sws/autoware/install/autoware_auto_mapping_msgs/lib:/home/sws/autoware/install/autoware_auto_geometry_msgs/lib:/home/sws/autoware/install/autoware_adapi_v1_msgs/lib:${LD_LIBRARY_PATH} PYTHONPATH=/home/sws/autoware/install/autoware_auto_vehicle_msgs/local/lib/python3.10/dist-packages:/home/sws/autoware/install/autoware_planning_msgs/local/lib/python3.10/dist-packages:/home/sws/autoware/install/autoware_auto_planning_msgs/local/lib/python3.10/dist-packages:/home/sws/autoware/install/autoware_auto_perception_msgs/local/lib/python3.10/dist-packages:/home/sws/autoware/install/tier4_rtc_msgs/local/lib/python3.10/dist-packages:/home/sws/autoware/install/tier4_planning_msgs/local/lib/python3.10/dist-packages:/home/sws/autoware/install/tier4_debug_msgs/local/lib/python3.10/dist-packages:/home/sws/autoware/install/autoware_common_msgs/local/lib/python3.10/dist-packages:/home/sws/autoware/install/autoware_auto_system_msgs/local/lib/python3.10/dist-packages:/home/sws/autoware/install/autoware_auto_mapping_msgs/local/lib/python3.10/dist-packages:/home/sws/autoware/install/autoware_auto_geometry_msgs/local/lib/python3.10/dist-packages:/home/sws/autoware/install/autoware_adapi_v1_msgs/local/lib/python3.10/dist-packages:${PYTHONPATH} /usr/bin/cmake --install /home/sws/autoware/build/behavior_path_planner
[669.599s] -- Install configuration: "Release"
[669.600s] -- Execute custom install script
[669.601s] -- Symlinking: /home/sws/autoware/install/behavior_path_planner/lib/behavior_path_planner/behavior_path_planner
[669.617s] -- Symlinking: /home/sws/autoware/install/behavior_path_planner/include/behavior_path_planner/behavior_path_planner_node.hpp
[669.636s] -- Symlinking: /home/sws/autoware/install/behavior_path_planner/include/behavior_path_planner/behavior_tree_manager.hpp
[669.653s] -- Symlinking: /home/sws/autoware/install/behavior_path_planner/include/behavior_path_planner/data_manager.hpp
[669.665s] -- Symlinking: /home/sws/autoware/install/behavior_path_planner/include/behavior_path_planner/marker_util/avoidance/debug.hpp
[669.678s] -- Symlinking: /home/sws/autoware/install/behavior_path_planner/include/behavior_path_planner/marker_util/debug_utilities.hpp
[669.695s] -- Symlinking: /home/sws/autoware/install/behavior_path_planner/include/behavior_path_planner/marker_util/lane_change/debug.hpp
[669.707s] -- Symlinking: /home/sws/autoware/install/behavior_path_planner/include/behavior_path_planner/module_status.hpp
[669.718s] -- Symlinking: /home/sws/autoware/install/behavior_path_planner/include/behavior_path_planner/parameters.hpp
[669.728s] -- Symlinking: /home/sws/autoware/install/behavior_path_planner/include/behavior_path_planner/path_utilities.hpp
[669.744s] -- Symlinking: /home/sws/autoware/install/behavior_path_planner/include/behavior_path_planner/planner_manager.hpp
[669.755s] -- Symlinking: /home/sws/autoware/install/behavior_path_planner/include/behavior_path_planner/scene_module/avoidance/avoidance_module.hpp
[669.766s] -- Symlinking: /home/sws/autoware/install/behavior_path_planner/include/behavior_path_planner/scene_module/avoidance/manager.hpp
[669.772s] -- Symlinking: /home/sws/autoware/install/behavior_path_planner/include/behavior_path_planner/scene_module/lane_change/external_request_lane_change_module.hpp
[669.777s] -- Symlinking: /home/sws/autoware/install/behavior_path_planner/include/behavior_path_planner/scene_module/lane_change/lane_change_module.hpp
[669.782s] -- Symlinking: /home/sws/autoware/install/behavior_path_planner/include/behavior_path_planner/scene_module/lane_change/manager.hpp
[669.786s] -- Symlinking: /home/sws/autoware/install/behavior_path_planner/include/behavior_path_planner/scene_module/lane_following/lane_following_module.hpp
[669.791s] -- Symlinking: /home/sws/autoware/install/behavior_path_planner/include/behavior_path_planner/scene_module/pull_out/manager.hpp
[669.797s] -- Symlinking: /home/sws/autoware/install/behavior_path_planner/include/behavior_path_planner/scene_module/pull_out/pull_out_module.hpp
[669.807s] -- Symlinking: /home/sws/autoware/install/behavior_path_planner/include/behavior_path_planner/scene_module/pull_over/manager.hpp
[669.816s] -- Symlinking: /home/sws/autoware/install/behavior_path_planner/include/behavior_path_planner/scene_module/pull_over/pull_over_module.hpp
[669.825s] -- Symlinking: /home/sws/autoware/install/behavior_path_planner/include/behavior_path_planner/scene_module/scene_module_bt_node_interface.hpp
[669.833s] -- Symlinking: /home/sws/autoware/install/behavior_path_planner/include/behavior_path_planner/scene_module/scene_module_interface.hpp
[669.841s] -- Symlinking: /home/sws/autoware/install/behavior_path_planner/include/behavior_path_planner/scene_module/scene_module_manager_interface.hpp
[669.848s] -- Symlinking: /home/sws/autoware/install/behavior_path_planner/include/behavior_path_planner/scene_module/scene_module_visitor.hpp
[669.855s] -- Symlinking: /home/sws/autoware/install/behavior_path_planner/include/behavior_path_planner/scene_module/side_shift/manager.hpp
[669.863s] -- Symlinking: /home/sws/autoware/install/behavior_path_planner/include/behavior_path_planner/scene_module/side_shift/side_shift_module.hpp
[669.869s] -- Symlinking: /home/sws/autoware/install/behavior_path_planner/include/behavior_path_planner/steering_factor_interface.hpp
[669.876s] -- Symlinking: /home/sws/autoware/install/behavior_path_planner/include/behavior_path_planner/turn_signal_decider.hpp
[669.882s] -- Symlinking: /home/sws/autoware/install/behavior_path_planner/include/behavior_path_planner/util/avoidance/avoidance_module_data.hpp
[669.890s] -- Symlinking: /home/sws/autoware/install/behavior_path_planner/include/behavior_path_planner/util/avoidance/util.hpp
[669.898s] -- Symlinking: /home/sws/autoware/install/behavior_path_planner/include/behavior_path_planner/util/create_vehicle_footprint.hpp
[669.904s] -- Symlinking: /home/sws/autoware/install/behavior_path_planner/include/behavior_path_planner/util/drivable_area_expansion/drivable_area_expansion.hpp
[669.920s] -- Symlinking: /home/sws/autoware/install/behavior_path_planner/include/behavior_path_planner/util/drivable_area_expansion/expansion.hpp
[669.933s] -- Symlinking: /home/sws/autoware/install/behavior_path_planner/include/behavior_path_planner/util/drivable_area_expansion/footprints.hpp
[669.946s] -- Symlinking: /home/sws/autoware/install/behavior_path_planner/include/behavior_path_planner/util/drivable_area_expansion/map_utils.hpp
[669.956s] -- Symlinking: /home/sws/autoware/install/behavior_path_planner/include/behavior_path_planner/util/drivable_area_expansion/parameters.hpp
[669.967s] -- Symlinking: /home/sws/autoware/install/behavior_path_planner/include/behavior_path_planner/util/drivable_area_expansion/path_projection.hpp
[669.980s] -- Symlinking: /home/sws/autoware/install/behavior_path_planner/include/behavior_path_planner/util/drivable_area_expansion/types.hpp
[669.989s] -- Symlinking: /home/sws/autoware/install/behavior_path_planner/include/behavior_path_planner/util/geometric_parallel_parking/geometric_parallel_parking.hpp
[670.002s] -- Symlinking: /home/sws/autoware/install/behavior_path_planner/include/behavior_path_planner/util/lane_change/lane_change_module_data.hpp
[670.016s] -- Symlinking: /home/sws/autoware/install/behavior_path_planner/include/behavior_path_planner/util/lane_change/lane_change_path.hpp
[670.026s] -- Symlinking: /home/sws/autoware/install/behavior_path_planner/include/behavior_path_planner/util/lane_change/util.hpp
[670.038s] -- Symlinking: /home/sws/autoware/install/behavior_path_planner/include/behavior_path_planner/util/lane_following/module_data.hpp
[670.044s] -- Symlinking: /home/sws/autoware/install/behavior_path_planner/include/behavior_path_planner/util/occupancy_grid_based_collision_detector/occupancy_grid_based_collision_detector.hpp
[670.049s] -- Symlinking: /home/sws/autoware/install/behavior_path_planner/include/behavior_path_planner/util/path_shifter/path_shifter.hpp
[670.054s] -- Symlinking: /home/sws/autoware/install/behavior_path_planner/include/behavior_path_planner/util/pull_out/geometric_pull_out.hpp
[670.058s] -- Symlinking: /home/sws/autoware/install/behavior_path_planner/include/behavior_path_planner/util/pull_out/pull_out_parameters.hpp
[670.065s] -- Symlinking: /home/sws/autoware/install/behavior_path_planner/include/behavior_path_planner/util/pull_out/pull_out_path.hpp
[670.076s] -- Symlinking: /home/sws/autoware/install/behavior_path_planner/include/behavior_path_planner/util/pull_out/pull_out_planner_base.hpp
[670.088s] -- Symlinking: /home/sws/autoware/install/behavior_path_planner/include/behavior_path_planner/util/pull_out/shift_pull_out.hpp
[670.098s] -- Symlinking: /home/sws/autoware/install/behavior_path_planner/include/behavior_path_planner/util/pull_out/util.hpp
[670.114s] -- Symlinking: /home/sws/autoware/install/behavior_path_planner/include/behavior_path_planner/util/pull_over/freespace_pull_over.hpp
[670.123s] -- Symlinking: /home/sws/autoware/install/behavior_path_planner/include/behavior_path_planner/util/pull_over/geometric_pull_over.hpp
[670.129s] -- Symlinking: /home/sws/autoware/install/behavior_path_planner/include/behavior_path_planner/util/pull_over/goal_searcher.hpp
[670.136s] -- Symlinking: /home/sws/autoware/install/behavior_path_planner/include/behavior_path_planner/util/pull_over/goal_searcher_base.hpp
[670.141s] -- Symlinking: /home/sws/autoware/install/behavior_path_planner/include/behavior_path_planner/util/pull_over/pull_over_parameters.hpp
[670.148s] -- Symlinking: /home/sws/autoware/install/behavior_path_planner/include/behavior_path_planner/util/pull_over/pull_over_planner_base.hpp
[670.153s] -- Symlinking: /home/sws/autoware/install/behavior_path_planner/include/behavior_path_planner/util/pull_over/shift_pull_over.hpp
[670.160s] -- Symlinking: /home/sws/autoware/install/behavior_path_planner/include/behavior_path_planner/util/pull_over/util.hpp
[670.169s] -- Symlinking: /home/sws/autoware/install/behavior_path_planner/include/behavior_path_planner/util/side_shift/side_shift_parameters.hpp
[670.177s] -- Symlinking: /home/sws/autoware/install/behavior_path_planner/include/behavior_path_planner/util/side_shift/util.hpp
[670.186s] -- Symlinking: /home/sws/autoware/install/behavior_path_planner/include/behavior_path_planner/utilities.hpp
[670.191s] -- Symlinking: /home/sws/autoware/install/behavior_path_planner/share/behavior_path_planner/environment/library_path.sh
[670.196s] -- Symlinking: /home/sws/autoware/install/behavior_path_planner/share/behavior_path_planner/environment/library_path.dsv
[670.202s] -- Symlinking: /home/sws/autoware/install/behavior_path_planner/lib/libbehavior_path_planner_node.so
[670.207s] -- Symlinking: /home/sws/autoware/install/behavior_path_planner/share/behavior_path_planner/config/avoidance/avoidance.param.yaml
[670.212s] -- Symlinking: /home/sws/autoware/install/behavior_path_planner/share/behavior_path_planner/config/behavior_path_planner.param.yaml
[670.216s] -- Symlinking: /home/sws/autoware/install/behavior_path_planner/share/behavior_path_planner/config/behavior_path_planner_tree.xml
[670.221s] -- Symlinking: /home/sws/autoware/install/behavior_path_planner/share/behavior_path_planner/config/behavior_path_planner_tree_lane_change_only.xml
[670.226s] -- Symlinking: /home/sws/autoware/install/behavior_path_planner/share/behavior_path_planner/config/behavior_path_planner_tree_lane_change_only_old.xml
[670.231s] -- Symlinking: /home/sws/autoware/install/behavior_path_planner/share/behavior_path_planner/config/behavior_path_planner_tree_old.xml
[670.236s] -- Symlinking: /home/sws/autoware/install/behavior_path_planner/share/behavior_path_planner/config/behavior_path_planner_tree_pull_out.xml
[670.241s] -- Symlinking: /home/sws/autoware/install/behavior_path_planner/share/behavior_path_planner/config/behavior_path_planner_tree_with_external_request_LC.xml
[670.246s] -- Symlinking: /home/sws/autoware/install/behavior_path_planner/share/behavior_path_planner/config/lane_change/lane_change.param.yaml
[670.253s] -- Symlinking: /home/sws/autoware/install/behavior_path_planner/share/behavior_path_planner/config/lane_following/lane_following.param.yaml
[670.259s] -- Symlinking: /home/sws/autoware/install/behavior_path_planner/share/behavior_path_planner/config/pull_out/pull_out.param.yaml
[670.265s] -- Symlinking: /home/sws/autoware/install/behavior_path_planner/share/behavior_path_planner/config/pull_over/pull_over.param.yaml
[670.271s] -- Symlinking: /home/sws/autoware/install/behavior_path_planner/share/behavior_path_planner/config/side_shift/side_shift.param.yaml
[670.277s] -- Symlinking: /home/sws/autoware/install/behavior_path_planner/share/behavior_path_planner/launch/behavior_path_planner.launch.xml
[670.283s] -- Symlinking: /home/sws/autoware/install/behavior_path_planner/share/ament_index/resource_index/package_run_dependencies/behavior_path_planner
[670.289s] -- Symlinking: /home/sws/autoware/install/behavior_path_planner/share/ament_index/resource_index/parent_prefix_path/behavior_path_planner
[670.294s] -- Symlinking: /home/sws/autoware/install/behavior_path_planner/share/behavior_path_planner/environment/ament_prefix_path.sh
[670.301s] -- Symlinking: /home/sws/autoware/install/behavior_path_planner/share/behavior_path_planner/environment/ament_prefix_path.dsv
[670.306s] -- Symlinking: /home/sws/autoware/install/behavior_path_planner/share/behavior_path_planner/environment/path.sh
[670.310s] -- Symlinking: /home/sws/autoware/install/behavior_path_planner/share/behavior_path_planner/environment/path.dsv
[670.315s] -- Symlinking: /home/sws/autoware/install/behavior_path_planner/share/behavior_path_planner/local_setup.bash
[670.320s] -- Symlinking: /home/sws/autoware/install/behavior_path_planner/share/behavior_path_planner/local_setup.sh
[670.325s] -- Symlinking: /home/sws/autoware/install/behavior_path_planner/share/behavior_path_planner/local_setup.zsh
[670.330s] -- Symlinking: /home/sws/autoware/install/behavior_path_planner/share/behavior_path_planner/local_setup.dsv
[670.335s] -- Symlinking: /home/sws/autoware/install/behavior_path_planner/share/behavior_path_planner/package.dsv
[670.342s] -- Symlinking: /home/sws/autoware/install/behavior_path_planner/share/ament_index/resource_index/packages/behavior_path_planner
[670.352s] -- Symlinking: /home/sws/autoware/install/behavior_path_planner/share/ament_index/resource_index/rclcpp_components/behavior_path_planner
[670.363s] -- Symlinking: /home/sws/autoware/install/behavior_path_planner/share/behavior_path_planner/cmake/ament_cmake_export_dependencies-extras.cmake
[670.371s] -- Symlinking: /home/sws/autoware/install/behavior_path_planner/share/behavior_path_planner/cmake/ament_cmake_export_include_directories-extras.cmake
[670.381s] -- Symlinking: /home/sws/autoware/install/behavior_path_planner/share/behavior_path_planner/cmake/ament_cmake_export_libraries-extras.cmake
[670.388s] -- Symlinking: /home/sws/autoware/install/behavior_path_planner/share/behavior_path_planner/cmake/behavior_path_plannerConfig.cmake
[670.395s] -- Symlinking: /home/sws/autoware/install/behavior_path_planner/share/behavior_path_planner/cmake/behavior_path_plannerConfig-version.cmake
[670.404s] -- Symlinking: /home/sws/autoware/install/behavior_path_planner/share/behavior_path_planner/package.xml
[670.418s] Invoked command in '/home/sws/autoware/build/behavior_path_planner' returned '0': AMENT_PREFIX_PATH=/home/sws/autoware/install/route_handler:/home/sws/autoware/install/lane_departure_checker:/home/sws/autoware/install/motion_utils:/home/sws/autoware/install/freespace_planning_algorithms:/home/sws/autoware/install/vehicle_info_util:/home/sws/autoware/install/interpolation:/home/sws/autoware/install/tier4_autoware_utils:/home/sws/autoware/install/lanelet2_extension:/home/sws/autoware/install/autoware_auto_tf2:/home/sws/autoware/install/autoware_utils:/home/sws/autoware/install/autoware_auto_vehicle_msgs:/home/sws/autoware/install/autoware_auto_common:/home/sws/autoware/install/rtc_interface:/home/sws/autoware/install/autoware_planning_msgs:/home/sws/autoware/install/autoware_cmake:/home/sws/autoware/install/autoware_auto_planning_msgs:/home/sws/autoware/install/autoware_auto_perception_msgs:/home/sws/autoware/install/tier4_rtc_msgs:/home/sws/autoware/install/tier4_planning_msgs:/home/sws/autoware/install/tier4_debug_msgs:/home/sws/autoware/install/autoware_lint_common:/home/sws/autoware/install/autoware_common_msgs:/home/sws/autoware/install/autoware_auto_system_msgs:/home/sws/autoware/install/autoware_auto_mapping_msgs:/home/sws/autoware/install/autoware_auto_geometry_msgs:/home/sws/autoware/install/autoware_adapi_v1_msgs:${AMENT_PREFIX_PATH} CMAKE_PREFIX_PATH=/home/sws/autoware/install/route_handler:/home/sws/autoware/install/lane_departure_checker:/home/sws/autoware/install/motion_utils:/home/sws/autoware/install/freespace_planning_algorithms:/home/sws/autoware/install/vehicle_info_util:/home/sws/autoware/install/interpolation:/home/sws/autoware/install/tier4_autoware_utils:/home/sws/autoware/install/lanelet2_extension:/home/sws/autoware/install/autoware_auto_tf2:/home/sws/autoware/install/autoware_utils:/home/sws/autoware/install/autoware_auto_vehicle_msgs:/home/sws/autoware/install/autoware_auto_common:/home/sws/autoware/install/rtc_interface:/home/sws/autoware/install/autoware_planning_msgs:/home/sws/autoware/install/autoware_cmake:/home/sws/autoware/install/autoware_auto_planning_msgs:/home/sws/autoware/install/autoware_auto_perception_msgs:/home/sws/autoware/install/tier4_rtc_msgs:/home/sws/autoware/install/tier4_planning_msgs:/home/sws/autoware/install/tier4_debug_msgs:/home/sws/autoware/install/autoware_lint_common:/home/sws/autoware/install/autoware_common_msgs:/home/sws/autoware/install/autoware_auto_system_msgs:/home/sws/autoware/install/autoware_auto_mapping_msgs:/home/sws/autoware/install/autoware_auto_geometry_msgs:/home/sws/autoware/install/autoware_adapi_v1_msgs:/opt/ros/humble LD_LIBRARY_PATH=/home/sws/autoware/install/route_handler/lib:/home/sws/autoware/install/lane_departure_checker/lib:/home/sws/autoware/install/motion_utils/lib:/home/sws/autoware/install/freespace_planning_algorithms/lib:/home/sws/autoware/install/vehicle_info_util/lib:/home/sws/autoware/install/interpolation/lib:/home/sws/autoware/install/tier4_autoware_utils/lib:/home/sws/autoware/install/lanelet2_extension/lib:/home/sws/autoware/install/autoware_utils/lib:/home/sws/autoware/install/autoware_auto_vehicle_msgs/lib:/home/sws/autoware/install/rtc_interface/lib:/home/sws/autoware/install/autoware_planning_msgs/lib:/home/sws/autoware/install/autoware_auto_planning_msgs/lib:/home/sws/autoware/install/autoware_auto_perception_msgs/lib:/home/sws/autoware/install/tier4_rtc_msgs/lib:/home/sws/autoware/install/tier4_planning_msgs/lib:/home/sws/autoware/install/tier4_debug_msgs/lib:/home/sws/autoware/install/autoware_common_msgs/lib:/home/sws/autoware/install/autoware_auto_system_msgs/lib:/home/sws/autoware/install/autoware_auto_mapping_msgs/lib:/home/sws/autoware/install/autoware_auto_geometry_msgs/lib:/home/sws/autoware/install/autoware_adapi_v1_msgs/lib:${LD_LIBRARY_PATH} PYTHONPATH=/home/sws/autoware/install/autoware_auto_vehicle_msgs/local/lib/python3.10/dist-packages:/home/sws/autoware/install/autoware_planning_msgs/local/lib/python3.10/dist-packages:/home/sws/autoware/install/autoware_auto_planning_msgs/local/lib/python3.10/dist-packages:/home/sws/autoware/install/autoware_auto_perception_msgs/local/lib/python3.10/dist-packages:/home/sws/autoware/install/tier4_rtc_msgs/local/lib/python3.10/dist-packages:/home/sws/autoware/install/tier4_planning_msgs/local/lib/python3.10/dist-packages:/home/sws/autoware/install/tier4_debug_msgs/local/lib/python3.10/dist-packages:/home/sws/autoware/install/autoware_common_msgs/local/lib/python3.10/dist-packages:/home/sws/autoware/install/autoware_auto_system_msgs/local/lib/python3.10/dist-packages:/home/sws/autoware/install/autoware_auto_mapping_msgs/local/lib/python3.10/dist-packages:/home/sws/autoware/install/autoware_auto_geometry_msgs/local/lib/python3.10/dist-packages:/home/sws/autoware/install/autoware_adapi_v1_msgs/local/lib/python3.10/dist-packages:${PYTHONPATH} /usr/bin/cmake --install /home/sws/autoware/build/behavior_path_planner
