-- The C compiler identification is GNU 11.3.0
-- The CXX compiler identification is GNU 11.3.0
-- Detecting C compiler ABI info
-- Detecting C compiler ABI info - done
-- Check for working C compiler: /usr/bin/cc - skipped
-- Detecting C compile features
-- Detecting C compile features - done
-- Detecting CXX compiler ABI info
-- Detecting CXX compiler ABI info - done
-- Check for working CXX compiler: /usr/bin/c++ - skipped
-- Detecting CXX compile features
-- Detecting CXX compile features - done
-- Found autoware_cmake: 0.1.0 (/home/sws/autoware/install/autoware_cmake/share/autoware_cmake/cmake)
-- Found Python3: /usr/bin/python3.10 (found version "3.10.6") found components: Interpreter 
-- Override CMake install command with custom implementation using symlinks instead of copying resources
-- Using all available rosidl_typesupport_c: rosidl_typesupport_fastrtps_c;rosidl_typesupport_introspection_c
-- Found rosidl_adapter: 3.1.4 (/opt/ros/humble/share/rosidl_adapter/cmake)
-- Using all available rosidl_typesupport_cpp: rosidl_typesupport_fastrtps_cpp;rosidl_typesupport_introspection_cpp
-- Found rmw_implementation_cmake: 6.1.1 (/opt/ros/humble/share/rmw_implementation_cmake/cmake)
-- Found rmw_fastrtps_cpp: 6.2.2 (/opt/ros/humble/share/rmw_fastrtps_cpp/cmake)
-- Found OpenSSL: /usr/lib/x86_64-linux-gnu/libcrypto.so (found version "3.0.2")  
-- Found FastRTPS: /opt/ros/humble/include  
-- Using RMW implementation 'rmw_fastrtps_cpp' as default
-- Looking for pthread.h
-- Looking for pthread.h - found
-- Performing Test CMAKE_HAVE_LIBC_PTHREAD
-- Performing Test CMAKE_HAVE_LIBC_PTHREAD - Success
-- Found Threads: TRUE  
-- Found eigen3_cmake_module: 0.1.1 (/opt/ros/humble/share/eigen3_cmake_module/cmake)
-- Found Eigen3: TRUE (found version "3.4.0") 
-- Ensuring Eigen3 include directory is part of orocos-kdl CMake target
-- Found ament_lint_auto: 0.12.5 (/opt/ros/humble/share/ament_lint_auto/cmake)
-- Using all available rosidl_typesupport_c: rosidl_typesupport_fastrtps_c;rosidl_typesupport_introspection_c
-- Using all available rosidl_typesupport_cpp: rosidl_typesupport_fastrtps_cpp;rosidl_typesupport_introspection_cpp
-- Found PythonInterp: /usr/bin/python3 (found suitable version "3.10.6", minimum required is "3.6") 
-- Found python_cmake_module: 0.10.0 (/opt/ros/humble/share/python_cmake_module/cmake)
-- Found PythonLibs: /usr/lib/x86_64-linux-gnu/libpython3.10.so (found suitable version "3.10.6", minimum required is "3.5") 
-- Using PYTHON_EXECUTABLE: /usr/bin/python3
-- Using PYTHON_INCLUDE_DIRS: /usr/include/python3.10
-- Using PYTHON_LIBRARIES: /usr/lib/x86_64-linux-gnu/libpython3.10.so
-- Found PythonExtra: .so  
-- Checking for module 'eigen3'
--   Found eigen3, version 3.4.0
-- Found Eigen: /usr/include/eigen3 (Required is at least version "3.1") 
-- Eigen found (include: /usr/include/eigen3, version: 3.4.0)
-- Found Boost: /usr/lib/x86_64-linux-gnu/cmake/Boost-1.74.0/BoostConfig.cmake (found suitable version "1.74.0", minimum required is "1.65.0") found components: system filesystem date_time iostreams serialization 
-- Checking for module 'flann'
--   Found flann, version 1.9.1
-- Found FLANN: /usr/lib/x86_64-linux-gnu/libflann_cpp.so  
-- FLANN found (include: /usr/include, lib: /usr/lib/x86_64-linux-gnu/libflann_cpp.so)
-- looking for PCL_COMMON
-- Found PCL_COMMON: /usr/lib/x86_64-linux-gnu/libpcl_common.so  
-- looking for PCL_KDTREE
-- Found PCL_KDTREE: /usr/lib/x86_64-linux-gnu/libpcl_kdtree.so  
-- looking for PCL_OCTREE
-- Found PCL_OCTREE: /usr/lib/x86_64-linux-gnu/libpcl_octree.so  
-- looking for PCL_SEARCH
-- Found PCL_SEARCH: /usr/lib/x86_64-linux-gnu/libpcl_search.so  
-- looking for PCL_SAMPLE_CONSENSUS
-- Found PCL_SAMPLE_CONSENSUS: /usr/lib/x86_64-linux-gnu/libpcl_sample_consensus.so  
-- looking for PCL_FILTERS
-- Found PCL_FILTERS: /usr/lib/x86_64-linux-gnu/libpcl_filters.so  
-- Found PCL: pcl_common;pcl_kdtree;pcl_octree;pcl_search;pcl_sample_consensus;pcl_filters;Boost::system;Boost::filesystem;Boost::date_time;Boost::iostreams;Boost::serialization;FLANN::FLANN  
-- Found gtest sources under '/opt/ros/humble/src/gtest_vendor': C++ tests using 'Google Test' will be built
-- Added test 'copyright' to check source files copyright and LICENSE
-- Added test 'cppcheck' to perform static code analysis on C / C++ code
-- Configured cppcheck include dirs: /home/sws/autoware/src/universe/autoware.universe/simulator/dummy_perception_publisher/include;$<BUILD_INTERFACE:/home/sws/autoware/src/universe/autoware.universe/simulator/dummy_perception_publisher/include>
-- Configured cppcheck exclude dirs and/or files: 
-- Added test 'lint_cmake' to check CMake code style
-- Added test 'xmllint' to check XML markup files
-- Configuring done
-- Generating done
-- Build files have been written to: /home/sws/autoware/build/dummy_perception_publisher
[  1%] [34m[1mGenerating C++ code for ROS interfaces[0m
[  1%] Built target dummy_perception_publisher__cpp
[  3%] [32mBuilding CXX object gtest/CMakeFiles/gtest.dir/src/gtest-all.cc.o[0m
[  5%] [32m[1mLinking CXX static library libgtest.a[0m
[  5%] Built target gtest
[  7%] [34m[1mGenerating C++ introspection for ROS interfaces[0m
[  9%] [32mBuilding CXX object CMakeFiles/dummy_perception_publisher__rosidl_typesupport_introspection_cpp.dir/rosidl_typesupport_introspection_cpp/dummy_perception_publisher/msg/detail/initial_state__type_support.cpp.o[0m
[ 11%] [32mBuilding CXX object CMakeFiles/dummy_perception_publisher__rosidl_typesupport_introspection_cpp.dir/rosidl_typesupport_introspection_cpp/dummy_perception_publisher/msg/detail/object__type_support.cpp.o[0m
[ 13%] [32m[1mLinking CXX shared library libdummy_perception_publisher__rosidl_typesupport_introspection_cpp.so[0m
[ 13%] Built target dummy_perception_publisher__rosidl_typesupport_introspection_cpp
[ 15%] [34m[1mGenerating C++ type support for eProsima Fast-RTPS[0m
[ 16%] [32mBuilding CXX object CMakeFiles/dummy_perception_publisher__rosidl_typesupport_fastrtps_cpp.dir/rosidl_typesupport_fastrtps_cpp/dummy_perception_publisher/msg/detail/dds_fastrtps/initial_state__type_support.cpp.o[0m
[ 18%] [32mBuilding CXX object CMakeFiles/dummy_perception_publisher__rosidl_typesupport_fastrtps_cpp.dir/rosidl_typesupport_fastrtps_cpp/dummy_perception_publisher/msg/detail/dds_fastrtps/object__type_support.cpp.o[0m
[ 20%] [32m[1mLinking CXX shared library libdummy_perception_publisher__rosidl_typesupport_fastrtps_cpp.so[0m
[ 20%] Built target dummy_perception_publisher__rosidl_typesupport_fastrtps_cpp
[ 22%] [34m[1mGenerating C++ type support dispatch for ROS interfaces[0m
[ 24%] [32mBuilding CXX object CMakeFiles/dummy_perception_publisher__rosidl_typesupport_cpp.dir/rosidl_typesupport_cpp/dummy_perception_publisher/msg/initial_state__type_support.cpp.o[0m
[ 26%] [32mBuilding CXX object CMakeFiles/dummy_perception_publisher__rosidl_typesupport_cpp.dir/rosidl_typesupport_cpp/dummy_perception_publisher/msg/object__type_support.cpp.o[0m
[ 28%] [32m[1mLinking CXX shared library libdummy_perception_publisher__rosidl_typesupport_cpp.so[0m
[ 28%] Built target dummy_perception_publisher__rosidl_typesupport_cpp
[ 30%] [32mBuilding CXX object gtest/CMakeFiles/gtest_main.dir/src/gtest_main.cc.o[0m
[ 32%] [32m[1mLinking CXX static library libgtest_main.a[0m
[ 32%] Built target gtest_main
[ 33%] [32mBuilding CXX object CMakeFiles/signed_distance_function.dir/src/signed_distance_function.cpp.o[0m
[ 35%] [32m[1mLinking CXX shared library libsigned_distance_function.so[0m
[ 35%] Built target signed_distance_function
[ 35%] Built target ament_cmake_python_symlink_dummy_perception_publisher
[ 37%] [32mBuilding CXX object CMakeFiles/signed_distance_function-test.dir/test/src/test_signed_distance_function.cpp.o[0m
[ 39%] [32m[1mLinking CXX executable signed_distance_function-test[0m
[ 39%] Built target signed_distance_function-test
running egg_info
creating dummy_perception_publisher.egg-info
writing dummy_perception_publisher.egg-info/PKG-INFO
writing dependency_links to dummy_perception_publisher.egg-info/dependency_links.txt
writing top-level names to dummy_perception_publisher.egg-info/top_level.txt
writing manifest file 'dummy_perception_publisher.egg-info/SOURCES.txt'
reading manifest file 'dummy_perception_publisher.egg-info/SOURCES.txt'
writing manifest file 'dummy_perception_publisher.egg-info/SOURCES.txt'
[ 39%] Built target ament_cmake_python_build_dummy_perception_publisher_egg
[ 41%] [32mBuilding CXX object CMakeFiles/empty_objects_publisher.dir/src/empty_objects_publisher.cpp.o[0m
[ 43%] [32m[1mLinking CXX executable empty_objects_publisher[0m
[ 43%] Built target empty_objects_publisher
[ 45%] [32mBuilding CXX object CMakeFiles/dummy_perception_publisher_node.dir/src/main.cpp.o[0m
[ 47%] [32mBuilding CXX object CMakeFiles/dummy_perception_publisher_node.dir/src/pointcloud_creator.cpp.o[0m
[ 49%] [32mBuilding CXX object CMakeFiles/dummy_perception_publisher_node.dir/src/node.cpp.o[0m
[ 50%] [32m[1mLinking CXX executable dummy_perception_publisher_node[0m
[ 50%] Built target dummy_perception_publisher_node
[ 52%] [34m[1mGenerating C code for ROS interfaces[0m
[ 56%] [32mBuilding C object CMakeFiles/dummy_perception_publisher__rosidl_generator_c.dir/rosidl_generator_c/dummy_perception_publisher/msg/detail/object__functions.c.o[0m
[ 56%] [32mBuilding C object CMakeFiles/dummy_perception_publisher__rosidl_generator_c.dir/rosidl_generator_c/dummy_perception_publisher/msg/detail/initial_state__functions.c.o[0m
[ 58%] [32m[1mLinking C shared library libdummy_perception_publisher__rosidl_generator_c.so[0m
[ 58%] Built target dummy_perception_publisher__rosidl_generator_c
[ 60%] [34m[1mGenerating C type support for eProsima Fast-RTPS[0m
[ 62%] [34m[1mGenerating C introspection for ROS interfaces[0m
[ 64%] [32mBuilding CXX object CMakeFiles/dummy_perception_publisher__rosidl_typesupport_fastrtps_c.dir/rosidl_typesupport_fastrtps_c/dummy_perception_publisher/msg/detail/initial_state__type_support_c.cpp.o[0m
[ 66%] [32mBuilding CXX object CMakeFiles/dummy_perception_publisher__rosidl_typesupport_fastrtps_c.dir/rosidl_typesupport_fastrtps_c/dummy_perception_publisher/msg/detail/object__type_support_c.cpp.o[0m
[ 67%] [32mBuilding C object CMakeFiles/dummy_perception_publisher__rosidl_typesupport_introspection_c.dir/rosidl_typesupport_introspection_c/dummy_perception_publisher/msg/detail/object__type_support.c.o[0m
[ 69%] [32mBuilding C object CMakeFiles/dummy_perception_publisher__rosidl_typesupport_introspection_c.dir/rosidl_typesupport_introspection_c/dummy_perception_publisher/msg/detail/initial_state__type_support.c.o[0m
[ 71%] [32m[1mLinking C shared library libdummy_perception_publisher__rosidl_typesupport_introspection_c.so[0m
[ 71%] Built target dummy_perception_publisher__rosidl_typesupport_introspection_c
[ 73%] [34m[1mGenerating C type support dispatch for ROS interfaces[0m
[ 75%] [32m[1mLinking CXX shared library libdummy_perception_publisher__rosidl_typesupport_fastrtps_c.so[0m
[ 77%] [32mBuilding CXX object CMakeFiles/dummy_perception_publisher__rosidl_typesupport_c.dir/rosidl_typesupport_c/dummy_perception_publisher/msg/initial_state__type_support.cpp.o[0m
[ 79%] [32mBuilding CXX object CMakeFiles/dummy_perception_publisher__rosidl_typesupport_c.dir/rosidl_typesupport_c/dummy_perception_publisher/msg/object__type_support.cpp.o[0m
[ 79%] Built target dummy_perception_publisher__rosidl_typesupport_fastrtps_c
[ 81%] [32m[1mLinking CXX shared library libdummy_perception_publisher__rosidl_typesupport_c.so[0m
[ 81%] Built target dummy_perception_publisher__rosidl_typesupport_c
[ 81%] Built target dummy_perception_publisher
[ 83%] [34m[1mGenerating Python code for ROS interfaces[0m
[ 83%] Built target dummy_perception_publisher__py
[ 84%] [32mBuilding C object CMakeFiles/dummy_perception_publisher__rosidl_generator_py.dir/rosidl_generator_py/dummy_perception_publisher/msg/_object_s.c.o[0m
[ 86%] [32mBuilding C object CMakeFiles/dummy_perception_publisher__rosidl_generator_py.dir/rosidl_generator_py/dummy_perception_publisher/msg/_initial_state_s.c.o[0m
[ 88%] [32m[1mLinking C shared library rosidl_generator_py/dummy_perception_publisher/libdummy_perception_publisher__rosidl_generator_py.so[0m
[ 88%] Built target dummy_perception_publisher__rosidl_generator_py
[ 90%] [32mBuilding C object CMakeFiles/dummy_perception_publisher__rosidl_typesupport_fastrtps_c__pyext.dir/rosidl_generator_py/dummy_perception_publisher/_dummy_perception_publisher_s.ep.rosidl_typesupport_fastrtps_c.c.o[0m
[ 92%] [32mBuilding C object CMakeFiles/dummy_perception_publisher__rosidl_typesupport_introspection_c__pyext.dir/rosidl_generator_py/dummy_perception_publisher/_dummy_perception_publisher_s.ep.rosidl_typesupport_introspection_c.c.o[0m
[ 94%] [32m[1mLinking C shared library rosidl_generator_py/dummy_perception_publisher/dummy_perception_publisher_s__rosidl_typesupport_introspection_c.cpython-310-x86_64-linux-gnu.so[0m
[ 96%] [32m[1mLinking C shared library rosidl_generator_py/dummy_perception_publisher/dummy_perception_publisher_s__rosidl_typesupport_fastrtps_c.cpython-310-x86_64-linux-gnu.so[0m
[ 96%] Built target dummy_perception_publisher__rosidl_typesupport_introspection_c__pyext
[ 96%] Built target dummy_perception_publisher__rosidl_typesupport_fastrtps_c__pyext
[ 98%] [32mBuilding C object CMakeFiles/dummy_perception_publisher__rosidl_typesupport_c__pyext.dir/rosidl_generator_py/dummy_perception_publisher/_dummy_perception_publisher_s.ep.rosidl_typesupport_c.c.o[0m
[100%] [32m[1mLinking C shared library rosidl_generator_py/dummy_perception_publisher/dummy_perception_publisher_s__rosidl_typesupport_c.cpython-310-x86_64-linux-gnu.so[0m
[100%] Built target dummy_perception_publisher__rosidl_typesupport_c__pyext
-- Install configuration: "Release"
-- Execute custom install script
-- Symlinking: /home/sws/autoware/install/dummy_perception_publisher/share/ament_index/resource_index/rosidl_interfaces/dummy_perception_publisher
-- Symlinking: /home/sws/autoware/install/dummy_perception_publisher/include/dummy_perception_publisher/dummy_perception_publisher/msg/detail/initial_state__functions.h
-- Symlinking: /home/sws/autoware/install/dummy_perception_publisher/include/dummy_perception_publisher/dummy_perception_publisher/msg/detail/initial_state__struct.h
-- Symlinking: /home/sws/autoware/install/dummy_perception_publisher/include/dummy_perception_publisher/dummy_perception_publisher/msg/detail/initial_state__type_support.h
-- Symlinking: /home/sws/autoware/install/dummy_perception_publisher/include/dummy_perception_publisher/dummy_perception_publisher/msg/detail/object__functions.h
-- Symlinking: /home/sws/autoware/install/dummy_perception_publisher/include/dummy_perception_publisher/dummy_perception_publisher/msg/detail/object__struct.h
-- Symlinking: /home/sws/autoware/install/dummy_perception_publisher/include/dummy_perception_publisher/dummy_perception_publisher/msg/detail/object__type_support.h
-- Symlinking: /home/sws/autoware/install/dummy_perception_publisher/include/dummy_perception_publisher/dummy_perception_publisher/msg/initial_state.h
-- Symlinking: /home/sws/autoware/install/dummy_perception_publisher/include/dummy_perception_publisher/dummy_perception_publisher/msg/object.h
-- Symlinking: /home/sws/autoware/install/dummy_perception_publisher/include/dummy_perception_publisher/dummy_perception_publisher/msg/rosidl_generator_c__visibility_control.h
-- Symlinking: /home/sws/autoware/install/dummy_perception_publisher/share/dummy_perception_publisher/environment/library_path.sh
-- Symlinking: /home/sws/autoware/install/dummy_perception_publisher/share/dummy_perception_publisher/environment/library_path.dsv
-- Symlinking: /home/sws/autoware/install/dummy_perception_publisher/include/dummy_perception_publisher/dummy_perception_publisher/msg/detail/initial_state__rosidl_typesupport_fastrtps_c.h
-- Symlinking: /home/sws/autoware/install/dummy_perception_publisher/include/dummy_perception_publisher/dummy_perception_publisher/msg/detail/object__rosidl_typesupport_fastrtps_c.h
-- Symlinking: /home/sws/autoware/install/dummy_perception_publisher/include/dummy_perception_publisher/dummy_perception_publisher/msg/rosidl_typesupport_fastrtps_c__visibility_control.h
-- Symlinking: /home/sws/autoware/install/dummy_perception_publisher/include/dummy_perception_publisher/dummy_perception_publisher/msg/detail/initial_state__rosidl_typesupport_introspection_c.h
-- Symlinking: /home/sws/autoware/install/dummy_perception_publisher/include/dummy_perception_publisher/dummy_perception_publisher/msg/detail/object__rosidl_typesupport_introspection_c.h
-- Symlinking: /home/sws/autoware/install/dummy_perception_publisher/include/dummy_perception_publisher/dummy_perception_publisher/msg/rosidl_typesupport_introspection_c__visibility_control.h
-- Symlinking: /home/sws/autoware/install/dummy_perception_publisher/include/dummy_perception_publisher/dummy_perception_publisher/msg/detail/initial_state__builder.hpp
-- Symlinking: /home/sws/autoware/install/dummy_perception_publisher/include/dummy_perception_publisher/dummy_perception_publisher/msg/detail/initial_state__struct.hpp
-- Symlinking: /home/sws/autoware/install/dummy_perception_publisher/include/dummy_perception_publisher/dummy_perception_publisher/msg/detail/initial_state__traits.hpp
-- Symlinking: /home/sws/autoware/install/dummy_perception_publisher/include/dummy_perception_publisher/dummy_perception_publisher/msg/detail/object__builder.hpp
-- Symlinking: /home/sws/autoware/install/dummy_perception_publisher/include/dummy_perception_publisher/dummy_perception_publisher/msg/detail/object__struct.hpp
-- Symlinking: /home/sws/autoware/install/dummy_perception_publisher/include/dummy_perception_publisher/dummy_perception_publisher/msg/detail/object__traits.hpp
-- Symlinking: /home/sws/autoware/install/dummy_perception_publisher/include/dummy_perception_publisher/dummy_perception_publisher/msg/initial_state.hpp
-- Symlinking: /home/sws/autoware/install/dummy_perception_publisher/include/dummy_perception_publisher/dummy_perception_publisher/msg/object.hpp
-- Symlinking: /home/sws/autoware/install/dummy_perception_publisher/include/dummy_perception_publisher/dummy_perception_publisher/msg/detail/initial_state__rosidl_typesupport_fastrtps_cpp.hpp
-- Symlinking: /home/sws/autoware/install/dummy_perception_publisher/include/dummy_perception_publisher/dummy_perception_publisher/msg/detail/object__rosidl_typesupport_fastrtps_cpp.hpp
-- Symlinking: /home/sws/autoware/install/dummy_perception_publisher/include/dummy_perception_publisher/dummy_perception_publisher/msg/rosidl_typesupport_fastrtps_cpp__visibility_control.h
-- Symlinking: /home/sws/autoware/install/dummy_perception_publisher/include/dummy_perception_publisher/dummy_perception_publisher/msg/detail/initial_state__rosidl_typesupport_introspection_cpp.hpp
-- Symlinking: /home/sws/autoware/install/dummy_perception_publisher/include/dummy_perception_publisher/dummy_perception_publisher/msg/detail/object__rosidl_typesupport_introspection_cpp.hpp
-- Symlinking: /home/sws/autoware/install/dummy_perception_publisher/share/dummy_perception_publisher/environment/pythonpath.sh
-- Symlinking: /home/sws/autoware/install/dummy_perception_publisher/share/dummy_perception_publisher/environment/pythonpath.dsv
-- Symlinking: /home/sws/autoware/install/dummy_perception_publisher/local/lib/python3.10/dist-packages/dummy_perception_publisher-0.1.0-py3.10.egg-info/PKG-INFO
-- Symlinking: /home/sws/autoware/install/dummy_perception_publisher/local/lib/python3.10/dist-packages/dummy_perception_publisher-0.1.0-py3.10.egg-info/SOURCES.txt
-- Symlinking: /home/sws/autoware/install/dummy_perception_publisher/local/lib/python3.10/dist-packages/dummy_perception_publisher-0.1.0-py3.10.egg-info/dependency_links.txt
-- Symlinking: /home/sws/autoware/install/dummy_perception_publisher/local/lib/python3.10/dist-packages/dummy_perception_publisher-0.1.0-py3.10.egg-info/top_level.txt
-- Symlinking: /home/sws/autoware/install/dummy_perception_publisher/local/lib/python3.10/dist-packages/dummy_perception_publisher/__init__.py
-- Symlinking: /home/sws/autoware/install/dummy_perception_publisher/local/lib/python3.10/dist-packages/dummy_perception_publisher/_dummy_perception_publisher_s.ep.rosidl_typesupport_c.c
-- Symlinking: /home/sws/autoware/install/dummy_perception_publisher/local/lib/python3.10/dist-packages/dummy_perception_publisher/_dummy_perception_publisher_s.ep.rosidl_typesupport_fastrtps_c.c
-- Symlinking: /home/sws/autoware/install/dummy_perception_publisher/local/lib/python3.10/dist-packages/dummy_perception_publisher/_dummy_perception_publisher_s.ep.rosidl_typesupport_introspection_c.c
-- Symlinking: /home/sws/autoware/install/dummy_perception_publisher/local/lib/python3.10/dist-packages/dummy_perception_publisher/dummy_perception_publisher_s__rosidl_typesupport_c.cpython-310-x86_64-linux-gnu.so
-- Symlinking: /home/sws/autoware/install/dummy_perception_publisher/local/lib/python3.10/dist-packages/dummy_perception_publisher/dummy_perception_publisher_s__rosidl_typesupport_fastrtps_c.cpython-310-x86_64-linux-gnu.so
-- Symlinking: /home/sws/autoware/install/dummy_perception_publisher/local/lib/python3.10/dist-packages/dummy_perception_publisher/dummy_perception_publisher_s__rosidl_typesupport_introspection_c.cpython-310-x86_64-linux-gnu.so
-- Symlinking: /home/sws/autoware/install/dummy_perception_publisher/local/lib/python3.10/dist-packages/dummy_perception_publisher/libdummy_perception_publisher__rosidl_generator_py.so
-- Symlinking: /home/sws/autoware/install/dummy_perception_publisher/local/lib/python3.10/dist-packages/dummy_perception_publisher/msg/__init__.py
-- Symlinking: /home/sws/autoware/install/dummy_perception_publisher/local/lib/python3.10/dist-packages/dummy_perception_publisher/msg/_initial_state.py
-- Symlinking: /home/sws/autoware/install/dummy_perception_publisher/local/lib/python3.10/dist-packages/dummy_perception_publisher/msg/_initial_state_s.c
-- Symlinking: /home/sws/autoware/install/dummy_perception_publisher/local/lib/python3.10/dist-packages/dummy_perception_publisher/msg/_object.py
-- Symlinking: /home/sws/autoware/install/dummy_perception_publisher/local/lib/python3.10/dist-packages/dummy_perception_publisher/msg/_object_s.c
-- Up-to-date symlink: /home/sws/autoware/install/dummy_perception_publisher/local/lib/python3.10/dist-packages/dummy_perception_publisher/dummy_perception_publisher_s__rosidl_typesupport_fastrtps_c.cpython-310-x86_64-linux-gnu.so
-- Up-to-date symlink: /home/sws/autoware/install/dummy_perception_publisher/local/lib/python3.10/dist-packages/dummy_perception_publisher/dummy_perception_publisher_s__rosidl_typesupport_introspection_c.cpython-310-x86_64-linux-gnu.so
-- Up-to-date symlink: /home/sws/autoware/install/dummy_perception_publisher/local/lib/python3.10/dist-packages/dummy_perception_publisher/dummy_perception_publisher_s__rosidl_typesupport_c.cpython-310-x86_64-linux-gnu.so
-- Symlinking: /home/sws/autoware/install/dummy_perception_publisher/share/dummy_perception_publisher/msg/InitialState.idl
-- Symlinking: /home/sws/autoware/install/dummy_perception_publisher/share/dummy_perception_publisher/msg/Object.idl
-- Symlinking: /home/sws/autoware/install/dummy_perception_publisher/share/dummy_perception_publisher/msg/InitialState.msg
-- Symlinking: /home/sws/autoware/install/dummy_perception_publisher/share/dummy_perception_publisher/msg/Object.msg
-- Symlinking: /home/sws/autoware/install/dummy_perception_publisher/include/dummy_perception_publisher/node.hpp
-- Symlinking: /home/sws/autoware/install/dummy_perception_publisher/include/dummy_perception_publisher/signed_distance_function.hpp
-- Symlinking: /home/sws/autoware/install/dummy_perception_publisher/lib/libsigned_distance_function.so
-- Symlinking: /home/sws/autoware/install/dummy_perception_publisher/lib/dummy_perception_publisher/dummy_perception_publisher_node
-- Symlinking: /home/sws/autoware/install/dummy_perception_publisher/lib/dummy_perception_publisher/empty_objects_publisher
-- Symlinking: /home/sws/autoware/install/dummy_perception_publisher/share/dummy_perception_publisher/launch/dummy_perception_publisher.launch.xml
-- Symlinking: /home/sws/autoware/install/dummy_perception_publisher/share/ament_index/resource_index/package_run_dependencies/dummy_perception_publisher
-- Symlinking: /home/sws/autoware/install/dummy_perception_publisher/share/ament_index/resource_index/parent_prefix_path/dummy_perception_publisher
-- Symlinking: /home/sws/autoware/install/dummy_perception_publisher/share/dummy_perception_publisher/environment/ament_prefix_path.sh
-- Symlinking: /home/sws/autoware/install/dummy_perception_publisher/share/dummy_perception_publisher/environment/ament_prefix_path.dsv
-- Symlinking: /home/sws/autoware/install/dummy_perception_publisher/share/dummy_perception_publisher/environment/path.sh
-- Symlinking: /home/sws/autoware/install/dummy_perception_publisher/share/dummy_perception_publisher/environment/path.dsv
-- Symlinking: /home/sws/autoware/install/dummy_perception_publisher/share/dummy_perception_publisher/local_setup.bash
-- Symlinking: /home/sws/autoware/install/dummy_perception_publisher/share/dummy_perception_publisher/local_setup.sh
-- Symlinking: /home/sws/autoware/install/dummy_perception_publisher/share/dummy_perception_publisher/local_setup.zsh
-- Symlinking: /home/sws/autoware/install/dummy_perception_publisher/share/dummy_perception_publisher/local_setup.dsv
-- Symlinking: /home/sws/autoware/install/dummy_perception_publisher/share/dummy_perception_publisher/package.dsv
-- Symlinking: /home/sws/autoware/install/dummy_perception_publisher/share/ament_index/resource_index/packages/dummy_perception_publisher
-- Symlinking: /home/sws/autoware/install/dummy_perception_publisher/share/dummy_perception_publisher/cmake/rosidl_cmake-extras.cmake
-- Symlinking: /home/sws/autoware/install/dummy_perception_publisher/share/dummy_perception_publisher/cmake/ament_cmake_export_dependencies-extras.cmake
-- Symlinking: /home/sws/autoware/install/dummy_perception_publisher/share/dummy_perception_publisher/cmake/ament_cmake_export_include_directories-extras.cmake
-- Symlinking: /home/sws/autoware/install/dummy_perception_publisher/share/dummy_perception_publisher/cmake/ament_cmake_export_libraries-extras.cmake
-- Symlinking: /home/sws/autoware/install/dummy_perception_publisher/share/dummy_perception_publisher/cmake/ament_cmake_export_targets-extras.cmake
-- Symlinking: /home/sws/autoware/install/dummy_perception_publisher/share/dummy_perception_publisher/cmake/rosidl_cmake_export_typesupport_targets-extras.cmake
-- Symlinking: /home/sws/autoware/install/dummy_perception_publisher/share/dummy_perception_publisher/cmake/rosidl_cmake_export_typesupport_libraries-extras.cmake
-- Symlinking: /home/sws/autoware/install/dummy_perception_publisher/share/dummy_perception_publisher/cmake/dummy_perception_publisherConfig.cmake
-- Symlinking: /home/sws/autoware/install/dummy_perception_publisher/share/dummy_perception_publisher/cmake/dummy_perception_publisherConfig-version.cmake
-- Symlinking: /home/sws/autoware/install/dummy_perception_publisher/share/dummy_perception_publisher/package.xml
-- Installing: /home/sws/autoware/install/dummy_perception_publisher/lib/libdummy_perception_publisher__rosidl_generator_c.so
-- Set runtime path of "/home/sws/autoware/install/dummy_perception_publisher/lib/libdummy_perception_publisher__rosidl_generator_c.so" to ""
-- Installing: /home/sws/autoware/install/dummy_perception_publisher/lib/libdummy_perception_publisher__rosidl_typesupport_fastrtps_c.so
-- Set runtime path of "/home/sws/autoware/install/dummy_perception_publisher/lib/libdummy_perception_publisher__rosidl_typesupport_fastrtps_c.so" to ""
-- Installing: /home/sws/autoware/install/dummy_perception_publisher/lib/libdummy_perception_publisher__rosidl_typesupport_introspection_c.so
-- Set runtime path of "/home/sws/autoware/install/dummy_perception_publisher/lib/libdummy_perception_publisher__rosidl_typesupport_introspection_c.so" to ""
-- Installing: /home/sws/autoware/install/dummy_perception_publisher/lib/libdummy_perception_publisher__rosidl_typesupport_c.so
-- Set runtime path of "/home/sws/autoware/install/dummy_perception_publisher/lib/libdummy_perception_publisher__rosidl_typesupport_c.so" to ""
-- Installing: /home/sws/autoware/install/dummy_perception_publisher/lib/libdummy_perception_publisher__rosidl_typesupport_fastrtps_cpp.so
-- Set runtime path of "/home/sws/autoware/install/dummy_perception_publisher/lib/libdummy_perception_publisher__rosidl_typesupport_fastrtps_cpp.so" to ""
-- Installing: /home/sws/autoware/install/dummy_perception_publisher/lib/libdummy_perception_publisher__rosidl_typesupport_introspection_cpp.so
-- Set runtime path of "/home/sws/autoware/install/dummy_perception_publisher/lib/libdummy_perception_publisher__rosidl_typesupport_introspection_cpp.so" to ""
-- Installing: /home/sws/autoware/install/dummy_perception_publisher/lib/libdummy_perception_publisher__rosidl_typesupport_cpp.so
-- Set runtime path of "/home/sws/autoware/install/dummy_perception_publisher/lib/libdummy_perception_publisher__rosidl_typesupport_cpp.so" to ""
Listing '/home/sws/autoware/install/dummy_perception_publisher/local/lib/python3.10/dist-packages/dummy_perception_publisher'...
Compiling '/home/sws/autoware/install/dummy_perception_publisher/local/lib/python3.10/dist-packages/dummy_perception_publisher/__init__.py'...
Listing '/home/sws/autoware/install/dummy_perception_publisher/local/lib/python3.10/dist-packages/dummy_perception_publisher/msg'...
Compiling '/home/sws/autoware/install/dummy_perception_publisher/local/lib/python3.10/dist-packages/dummy_perception_publisher/msg/__init__.py'...
Compiling '/home/sws/autoware/install/dummy_perception_publisher/local/lib/python3.10/dist-packages/dummy_perception_publisher/msg/_initial_state.py'...
Compiling '/home/sws/autoware/install/dummy_perception_publisher/local/lib/python3.10/dist-packages/dummy_perception_publisher/msg/_object.py'...
-- Installing: /home/sws/autoware/install/dummy_perception_publisher/lib/libdummy_perception_publisher__rosidl_generator_py.so
-- Set runtime path of "/home/sws/autoware/install/dummy_perception_publisher/lib/libdummy_perception_publisher__rosidl_generator_py.so" to ""
-- Installing: /home/sws/autoware/install/dummy_perception_publisher/share/dummy_perception_publisher/cmake/export_dummy_perception_publisher__rosidl_generator_cExport.cmake
-- Installing: /home/sws/autoware/install/dummy_perception_publisher/share/dummy_perception_publisher/cmake/export_dummy_perception_publisher__rosidl_generator_cExport-release.cmake
-- Installing: /home/sws/autoware/install/dummy_perception_publisher/share/dummy_perception_publisher/cmake/export_dummy_perception_publisher__rosidl_typesupport_fastrtps_cExport.cmake
-- Installing: /home/sws/autoware/install/dummy_perception_publisher/share/dummy_perception_publisher/cmake/export_dummy_perception_publisher__rosidl_typesupport_fastrtps_cExport-release.cmake
-- Installing: /home/sws/autoware/install/dummy_perception_publisher/share/dummy_perception_publisher/cmake/dummy_perception_publisher__rosidl_typesupport_introspection_cExport.cmake
-- Installing: /home/sws/autoware/install/dummy_perception_publisher/share/dummy_perception_publisher/cmake/dummy_perception_publisher__rosidl_typesupport_introspection_cExport-release.cmake
-- Installing: /home/sws/autoware/install/dummy_perception_publisher/share/dummy_perception_publisher/cmake/dummy_perception_publisher__rosidl_typesupport_cExport.cmake
-- Installing: /home/sws/autoware/install/dummy_perception_publisher/share/dummy_perception_publisher/cmake/dummy_perception_publisher__rosidl_typesupport_cExport-release.cmake
-- Installing: /home/sws/autoware/install/dummy_perception_publisher/share/dummy_perception_publisher/cmake/export_dummy_perception_publisher__rosidl_generator_cppExport.cmake
-- Installing: /home/sws/autoware/install/dummy_perception_publisher/share/dummy_perception_publisher/cmake/export_dummy_perception_publisher__rosidl_typesupport_fastrtps_cppExport.cmake
-- Installing: /home/sws/autoware/install/dummy_perception_publisher/share/dummy_perception_publisher/cmake/export_dummy_perception_publisher__rosidl_typesupport_fastrtps_cppExport-release.cmake
-- Installing: /home/sws/autoware/install/dummy_perception_publisher/share/dummy_perception_publisher/cmake/dummy_perception_publisher__rosidl_typesupport_introspection_cppExport.cmake
-- Installing: /home/sws/autoware/install/dummy_perception_publisher/share/dummy_perception_publisher/cmake/dummy_perception_publisher__rosidl_typesupport_introspection_cppExport-release.cmake
-- Installing: /home/sws/autoware/install/dummy_perception_publisher/share/dummy_perception_publisher/cmake/dummy_perception_publisher__rosidl_typesupport_cppExport.cmake
-- Installing: /home/sws/autoware/install/dummy_perception_publisher/share/dummy_perception_publisher/cmake/dummy_perception_publisher__rosidl_typesupport_cppExport-release.cmake
-- Installing: /home/sws/autoware/install/dummy_perception_publisher/share/dummy_perception_publisher/cmake/export_dummy_perception_publisher__rosidl_generator_pyExport.cmake
-- Installing: /home/sws/autoware/install/dummy_perception_publisher/share/dummy_perception_publisher/cmake/export_dummy_perception_publisher__rosidl_generator_pyExport-release.cmake
