[0.083s] Invoking command in '/home/sws/autoware/build/autoware_cmake': AMENT_PREFIX_PATH=/home/sws/autoware/install/autoware_lint_common:${AMENT_PREFIX_PATH} CMAKE_PREFIX_PATH=/home/sws/autoware/install/autoware_lint_common:/opt/ros/humble /usr/bin/cmake /home/sws/autoware/src/core/autoware_common/autoware_cmake -DCMAKE_BUILD_TYPE=Release -DAMENT_CMAKE_SYMLINK_INSTALL=1 -DCMAKE_INSTALL_PREFIX=/home/sws/autoware/install/autoware_cmake
[7.005s] -- Found ament_cmake_auto: 1.3.3 (/opt/ros/humble/share/ament_cmake_auto/cmake)
[7.005s] -- Found Python3: /usr/bin/python3.10 (found version "3.10.6") found components: Interpreter 
[7.005s] -- Override CMake install command with custom implementation using symlinks instead of copying resources
[7.005s] -- Found ament_lint_auto: 0.12.5 (/opt/ros/humble/share/ament_lint_auto/cmake)
[7.005s] -- Added test 'copyright' to check source files copyright and LICENSE
[7.005s] -- Added test 'lint_cmake' to check CMake code style
[7.005s] -- Added test 'xmllint' to check XML markup files
[7.006s] -- Configuring done
[7.006s] -- Generating done
[7.006s] -- Build files have been written to: /home/sws/autoware/build/autoware_cmake
[7.052s] Invoked command in '/home/sws/autoware/build/autoware_cmake' returned '0': AMENT_PREFIX_PATH=/home/sws/autoware/install/autoware_lint_common:${AMENT_PREFIX_PATH} CMAKE_PREFIX_PATH=/home/sws/autoware/install/autoware_lint_common:/opt/ros/humble /usr/bin/cmake /home/sws/autoware/src/core/autoware_common/autoware_cmake -DCMAKE_BUILD_TYPE=Release -DAMENT_CMAKE_SYMLINK_INSTALL=1 -DCMAKE_INSTALL_PREFIX=/home/sws/autoware/install/autoware_cmake
[7.052s] Invoking command in '/home/sws/autoware/build/autoware_cmake': AMENT_PREFIX_PATH=/home/sws/autoware/install/autoware_lint_common:${AMENT_PREFIX_PATH} CMAKE_PREFIX_PATH=/home/sws/autoware/install/autoware_lint_common:/opt/ros/humble /usr/bin/cmake --build /home/sws/autoware/build/autoware_cmake -- -j16 -l16
[7.360s] Invoked command in '/home/sws/autoware/build/autoware_cmake' returned '0': AMENT_PREFIX_PATH=/home/sws/autoware/install/autoware_lint_common:${AMENT_PREFIX_PATH} CMAKE_PREFIX_PATH=/home/sws/autoware/install/autoware_lint_common:/opt/ros/humble /usr/bin/cmake --build /home/sws/autoware/build/autoware_cmake -- -j16 -l16
[7.555s] Invoking command in '/home/sws/autoware/build/autoware_cmake': AMENT_PREFIX_PATH=/home/sws/autoware/install/autoware_lint_common:${AMENT_PREFIX_PATH} CMAKE_PREFIX_PATH=/home/sws/autoware/install/autoware_lint_common:/opt/ros/humble /usr/bin/cmake --install /home/sws/autoware/build/autoware_cmake
[9.514s] -- Install configuration: "Release"
[9.515s] -- Execute custom install script
[9.515s] -- Symlinking: /home/sws/autoware/install/autoware_cmake/share/autoware_cmake/cmake/autoware_package.cmake
[9.515s] -- Symlinking: /home/sws/autoware/install/autoware_cmake/share/ament_index/resource_index/package_run_dependencies/autoware_cmake
[9.515s] -- Symlinking: /home/sws/autoware/install/autoware_cmake/share/ament_index/resource_index/parent_prefix_path/autoware_cmake
[9.515s] -- Symlinking: /home/sws/autoware/install/autoware_cmake/share/autoware_cmake/environment/ament_prefix_path.sh
[9.515s] -- Symlinking: /home/sws/autoware/install/autoware_cmake/share/autoware_cmake/environment/ament_prefix_path.dsv
[9.515s] -- Symlinking: /home/sws/autoware/install/autoware_cmake/share/autoware_cmake/environment/path.sh
[9.515s] -- Symlinking: /home/sws/autoware/install/autoware_cmake/share/autoware_cmake/environment/path.dsv
[9.515s] -- Symlinking: /home/sws/autoware/install/autoware_cmake/share/autoware_cmake/local_setup.bash
[9.516s] -- Symlinking: /home/sws/autoware/install/autoware_cmake/share/autoware_cmake/local_setup.sh
[9.516s] -- Symlinking: /home/sws/autoware/install/autoware_cmake/share/autoware_cmake/local_setup.zsh
[9.516s] -- Symlinking: /home/sws/autoware/install/autoware_cmake/share/autoware_cmake/local_setup.dsv
[9.516s] -- Symlinking: /home/sws/autoware/install/autoware_cmake/share/autoware_cmake/package.dsv
[9.516s] -- Symlinking: /home/sws/autoware/install/autoware_cmake/share/ament_index/resource_index/packages/autoware_cmake
[9.516s] -- Symlinking: /home/sws/autoware/install/autoware_cmake/share/autoware_cmake/cmake/autoware_cmake-extras.cmake
[9.516s] -- Symlinking: /home/sws/autoware/install/autoware_cmake/share/autoware_cmake/cmake/ament_cmake_export_dependencies-extras.cmake
[9.516s] -- Symlinking: /home/sws/autoware/install/autoware_cmake/share/autoware_cmake/cmake/autoware_cmakeConfig.cmake
[9.516s] -- Symlinking: /home/sws/autoware/install/autoware_cmake/share/autoware_cmake/cmake/autoware_cmakeConfig-version.cmake
[9.516s] -- Symlinking: /home/sws/autoware/install/autoware_cmake/share/autoware_cmake/package.xml
[9.543s] Invoked command in '/home/sws/autoware/build/autoware_cmake' returned '0': AMENT_PREFIX_PATH=/home/sws/autoware/install/autoware_lint_common:${AMENT_PREFIX_PATH} CMAKE_PREFIX_PATH=/home/sws/autoware/install/autoware_lint_common:/opt/ros/humble /usr/bin/cmake --install /home/sws/autoware/build/autoware_cmake
