-- The C compiler identification is GNU 11.3.0
-- The CXX compiler identification is GNU 11.3.0
-- Detecting C compiler ABI info
-- Detecting C compiler ABI info - done
-- Check for working C compiler: /usr/bin/cc - skipped
-- Detecting C compile features
-- Detecting C compile features - done
-- Detecting CXX compiler ABI info
-- Detecting CXX compiler ABI info - done
-- Check for working CXX compiler: /usr/bin/c++ - skipped
-- Detecting CXX compile features
-- Detecting CXX compile features - done
-- Found autoware_cmake: 0.1.0 (/home/sws/autoware/install/autoware_cmake/share/autoware_cmake/cmake)
-- Found Python3: /usr/bin/python3.10 (found version "3.10.6") found components: Interpreter 
-- Override CMake install command with custom implementation using symlinks instead of copying resources
-- Found rosidl_generator_c: 3.1.4 (/opt/ros/humble/share/rosidl_generator_c/cmake)
-- Found rosidl_adapter: 3.1.4 (/opt/ros/humble/share/rosidl_adapter/cmake)
-- Found rosidl_generator_cpp: 3.1.4 (/opt/ros/humble/share/rosidl_generator_cpp/cmake)
-- Using all available rosidl_typesupport_c: rosidl_typesupport_fastrtps_c;rosidl_typesupport_introspection_c
-- Using all available rosidl_typesupport_cpp: rosidl_typesupport_fastrtps_cpp;rosidl_typesupport_introspection_cpp
-- Found rmw_implementation_cmake: 6.1.1 (/opt/ros/humble/share/rmw_implementation_cmake/cmake)
-- Found rmw_fastrtps_cpp: 6.2.2 (/opt/ros/humble/share/rmw_fastrtps_cpp/cmake)
-- Found OpenSSL: /usr/lib/x86_64-linux-gnu/libcrypto.so (found version "3.0.2")  
-- Found FastRTPS: /opt/ros/humble/include  
-- Using RMW implementation 'rmw_fastrtps_cpp' as default
-- Looking for pthread.h
-- Looking for pthread.h - found
-- Performing Test CMAKE_HAVE_LIBC_PTHREAD
-- Performing Test CMAKE_HAVE_LIBC_PTHREAD - Success
-- Found Threads: TRUE  
-- Found eigen3_cmake_module: 0.1.1 (/opt/ros/humble/share/eigen3_cmake_module/cmake)
-- Found Eigen3: TRUE (found version "3.4.0") 
-- Ensuring Eigen3 include directory is part of orocos-kdl CMake target
-- Found ament_lint_auto: 0.12.5 (/opt/ros/humble/share/ament_lint_auto/cmake)
-- Added test 'copyright' to check source files copyright and LICENSE
-- Added test 'cppcheck' to perform static code analysis on C / C++ code
-- Configured cppcheck include dirs: /home/sws/autoware/src/universe/autoware.universe/perception/object_merger/include
-- Configured cppcheck exclude dirs and/or files: 
-- Added test 'lint_cmake' to check CMake code style
-- Added test 'xmllint' to check XML markup files
-- Configuring done
-- Generating done
-- Build files have been written to: /home/sws/autoware/build/object_merger
[ 14%] [32mBuilding CXX object CMakeFiles/object_association_merger_node.dir/rclcpp_components/node_main_object_association_merger_node.cpp.o[0m
[ 28%] [32mBuilding CXX object CMakeFiles/mu_successive_shortest_path.dir/src/object_association_merger/data_association/mu_successive_shortest_path/mu_successive_shortest_path_wrapper.cpp.o[0m
[ 42%] [32m[1mLinking CXX shared library libmu_successive_shortest_path.so[0m
[ 42%] Built target mu_successive_shortest_path
[ 57%] [32mBuilding CXX object CMakeFiles/object_association_merger.dir/src/object_association_merger/data_association/data_association.cpp.o[0m
[ 71%] [32mBuilding CXX object CMakeFiles/object_association_merger.dir/src/object_association_merger/node.cpp.o[0m
[ 85%] [32m[1mLinking CXX executable object_association_merger_node[0m
[ 85%] Built target object_association_merger_node
[100%] [32m[1mLinking CXX shared library libobject_association_merger.so[0m
[100%] Built target object_association_merger
-- Install configuration: "Release"
-- Execute custom install script
-- Symlinking: /home/sws/autoware/install/object_merger/lib/object_merger/object_association_merger_node
-- Symlinking: /home/sws/autoware/install/object_merger/include/object_association_merger/data_association/data_association.hpp
-- Symlinking: /home/sws/autoware/install/object_merger/include/object_association_merger/data_association/solver/gnn_solver.hpp
-- Symlinking: /home/sws/autoware/install/object_merger/include/object_association_merger/data_association/solver/gnn_solver_interface.hpp
-- Symlinking: /home/sws/autoware/install/object_merger/include/object_association_merger/data_association/solver/mu_successive_shortest_path.hpp
-- Symlinking: /home/sws/autoware/install/object_merger/include/object_association_merger/data_association/solver/successive_shortest_path.hpp
-- Symlinking: /home/sws/autoware/install/object_merger/include/object_association_merger/node.hpp
-- Symlinking: /home/sws/autoware/install/object_merger/include/object_association_merger/utils/utils.hpp
-- Symlinking: /home/sws/autoware/install/object_merger/share/object_merger/environment/library_path.sh
-- Symlinking: /home/sws/autoware/install/object_merger/share/object_merger/environment/library_path.dsv
-- Symlinking: /home/sws/autoware/install/object_merger/lib/libmu_successive_shortest_path.so
-- Symlinking: /home/sws/autoware/install/object_merger/lib/libobject_association_merger.so
-- Symlinking: /home/sws/autoware/install/object_merger/share/object_merger/launch/object_association_merger.launch.xml
-- Symlinking: /home/sws/autoware/install/object_merger/share/object_merger/config/data_association_matrix.param.yaml
-- Symlinking: /home/sws/autoware/install/object_merger/share/object_merger/config/overlapped_judge.param.yaml
-- Symlinking: /home/sws/autoware/install/object_merger/share/ament_index/resource_index/package_run_dependencies/object_merger
-- Symlinking: /home/sws/autoware/install/object_merger/share/ament_index/resource_index/parent_prefix_path/object_merger
-- Symlinking: /home/sws/autoware/install/object_merger/share/object_merger/environment/ament_prefix_path.sh
-- Symlinking: /home/sws/autoware/install/object_merger/share/object_merger/environment/ament_prefix_path.dsv
-- Symlinking: /home/sws/autoware/install/object_merger/share/object_merger/environment/path.sh
-- Symlinking: /home/sws/autoware/install/object_merger/share/object_merger/environment/path.dsv
-- Symlinking: /home/sws/autoware/install/object_merger/share/object_merger/local_setup.bash
-- Symlinking: /home/sws/autoware/install/object_merger/share/object_merger/local_setup.sh
-- Symlinking: /home/sws/autoware/install/object_merger/share/object_merger/local_setup.zsh
-- Symlinking: /home/sws/autoware/install/object_merger/share/object_merger/local_setup.dsv
-- Symlinking: /home/sws/autoware/install/object_merger/share/object_merger/package.dsv
-- Symlinking: /home/sws/autoware/install/object_merger/share/ament_index/resource_index/packages/object_merger
-- Symlinking: /home/sws/autoware/install/object_merger/share/ament_index/resource_index/rclcpp_components/object_merger
-- Symlinking: /home/sws/autoware/install/object_merger/share/object_merger/cmake/ament_cmake_export_dependencies-extras.cmake
-- Symlinking: /home/sws/autoware/install/object_merger/share/object_merger/cmake/ament_cmake_export_include_directories-extras.cmake
-- Symlinking: /home/sws/autoware/install/object_merger/share/object_merger/cmake/ament_cmake_export_libraries-extras.cmake
-- Symlinking: /home/sws/autoware/install/object_merger/share/object_merger/cmake/object_mergerConfig.cmake
-- Symlinking: /home/sws/autoware/install/object_merger/share/object_merger/cmake/object_mergerConfig-version.cmake
-- Symlinking: /home/sws/autoware/install/object_merger/share/object_merger/package.xml
