[0.606s] Invoking command in '/home/sws/autoware/build/object_merger': AMENT_PREFIX_PATH=/home/sws/autoware/install/perception_utils:/home/sws/autoware/install/interpolation:/home/sws/autoware/install/tier4_autoware_utils:/home/sws/autoware/install/tier4_perception_msgs:/home/sws/autoware/install/autoware_auto_vehicle_msgs:/home/sws/autoware/install/autoware_cmake:/home/sws/autoware/install/autoware_auto_planning_msgs:/home/sws/autoware/install/autoware_auto_perception_msgs:/home/sws/autoware/install/tier4_debug_msgs:/home/sws/autoware/install/mussp:/home/sws/autoware/install/autoware_lint_common:/home/sws/autoware/install/autoware_auto_mapping_msgs:/home/sws/autoware/install/autoware_auto_geometry_msgs:${AMENT_PREFIX_PATH} CMAKE_PREFIX_PATH=/home/sws/autoware/install/perception_utils:/home/sws/autoware/install/interpolation:/home/sws/autoware/install/tier4_autoware_utils:/home/sws/autoware/install/tier4_perception_msgs:/home/sws/autoware/install/autoware_auto_vehicle_msgs:/home/sws/autoware/install/autoware_cmake:/home/sws/autoware/install/autoware_auto_planning_msgs:/home/sws/autoware/install/autoware_auto_perception_msgs:/home/sws/autoware/install/tier4_debug_msgs:/home/sws/autoware/install/mussp:/home/sws/autoware/install/autoware_lint_common:/home/sws/autoware/install/autoware_auto_mapping_msgs:/home/sws/autoware/install/autoware_auto_geometry_msgs:/opt/ros/humble LD_LIBRARY_PATH=/home/sws/autoware/install/perception_utils/lib:/home/sws/autoware/install/interpolation/lib:/home/sws/autoware/install/tier4_autoware_utils/lib:/home/sws/autoware/install/tier4_perception_msgs/lib:/home/sws/autoware/install/autoware_auto_vehicle_msgs/lib:/home/sws/autoware/install/autoware_auto_planning_msgs/lib:/home/sws/autoware/install/autoware_auto_perception_msgs/lib:/home/sws/autoware/install/tier4_debug_msgs/lib:/home/sws/autoware/install/mussp/lib:/home/sws/autoware/install/autoware_auto_mapping_msgs/lib:/home/sws/autoware/install/autoware_auto_geometry_msgs/lib:${LD_LIBRARY_PATH} PYTHONPATH=/home/sws/autoware/install/tier4_perception_msgs/local/lib/python3.10/dist-packages:/home/sws/autoware/install/autoware_auto_vehicle_msgs/local/lib/python3.10/dist-packages:/home/sws/autoware/install/autoware_auto_planning_msgs/local/lib/python3.10/dist-packages:/home/sws/autoware/install/autoware_auto_perception_msgs/local/lib/python3.10/dist-packages:/home/sws/autoware/install/tier4_debug_msgs/local/lib/python3.10/dist-packages:/home/sws/autoware/install/autoware_auto_mapping_msgs/local/lib/python3.10/dist-packages:/home/sws/autoware/install/autoware_auto_geometry_msgs/local/lib/python3.10/dist-packages:${PYTHONPATH} /usr/bin/cmake /home/sws/autoware/src/universe/autoware.universe/perception/object_merger -DCMAKE_BUILD_TYPE=Release -DAMENT_CMAKE_SYMLINK_INSTALL=1 -DCMAKE_INSTALL_PREFIX=/home/sws/autoware/install/object_merger
[15.615s] -- The C compiler identification is GNU 11.3.0
[15.615s] -- The CXX compiler identification is GNU 11.3.0
[15.615s] -- Detecting C compiler ABI info
[15.615s] -- Detecting C compiler ABI info - done
[15.615s] -- Check for working C compiler: /usr/bin/cc - skipped
[15.615s] -- Detecting C compile features
[15.615s] -- Detecting C compile features - done
[15.615s] -- Detecting CXX compiler ABI info
[15.615s] -- Detecting CXX compiler ABI info - done
[15.616s] -- Check for working CXX compiler: /usr/bin/c++ - skipped
[15.616s] -- Detecting CXX compile features
[15.616s] -- Detecting CXX compile features - done
[15.616s] -- Found autoware_cmake: 0.1.0 (/home/sws/autoware/install/autoware_cmake/share/autoware_cmake/cmake)
[15.616s] -- Found Python3: /usr/bin/python3.10 (found version "3.10.6") found components: Interpreter 
[15.616s] -- Override CMake install command with custom implementation using symlinks instead of copying resources
[15.616s] -- Found rosidl_generator_c: 3.1.4 (/opt/ros/humble/share/rosidl_generator_c/cmake)
[15.616s] -- Found rosidl_adapter: 3.1.4 (/opt/ros/humble/share/rosidl_adapter/cmake)
[15.616s] -- Found rosidl_generator_cpp: 3.1.4 (/opt/ros/humble/share/rosidl_generator_cpp/cmake)
[15.616s] -- Using all available rosidl_typesupport_c: rosidl_typesupport_fastrtps_c;rosidl_typesupport_introspection_c
[15.616s] -- Using all available rosidl_typesupport_cpp: rosidl_typesupport_fastrtps_cpp;rosidl_typesupport_introspection_cpp
[15.617s] -- Found rmw_implementation_cmake: 6.1.1 (/opt/ros/humble/share/rmw_implementation_cmake/cmake)
[15.617s] -- Found rmw_fastrtps_cpp: 6.2.2 (/opt/ros/humble/share/rmw_fastrtps_cpp/cmake)
[15.617s] -- Found OpenSSL: /usr/lib/x86_64-linux-gnu/libcrypto.so (found version "3.0.2")  
[15.617s] -- Found FastRTPS: /opt/ros/humble/include  
[15.617s] -- Using RMW implementation 'rmw_fastrtps_cpp' as default
[15.617s] -- Looking for pthread.h
[15.617s] -- Looking for pthread.h - found
[15.617s] -- Performing Test CMAKE_HAVE_LIBC_PTHREAD
[15.617s] -- Performing Test CMAKE_HAVE_LIBC_PTHREAD - Success
[15.617s] -- Found Threads: TRUE  
[15.617s] -- Found eigen3_cmake_module: 0.1.1 (/opt/ros/humble/share/eigen3_cmake_module/cmake)
[15.617s] -- Found Eigen3: TRUE (found version "3.4.0") 
[15.617s] -- Ensuring Eigen3 include directory is part of orocos-kdl CMake target
[15.618s] -- Found ament_lint_auto: 0.12.5 (/opt/ros/humble/share/ament_lint_auto/cmake)
[15.618s] -- Added test 'copyright' to check source files copyright and LICENSE
[15.618s] -- Added test 'cppcheck' to perform static code analysis on C / C++ code
[15.618s] -- Configured cppcheck include dirs: /home/sws/autoware/src/universe/autoware.universe/perception/object_merger/include
[15.618s] -- Configured cppcheck exclude dirs and/or files: 
[15.618s] -- Added test 'lint_cmake' to check CMake code style
[15.618s] -- Added test 'xmllint' to check XML markup files
[15.618s] -- Configuring done
[15.618s] -- Generating done
[15.618s] -- Build files have been written to: /home/sws/autoware/build/object_merger
[15.643s] Invoked command in '/home/sws/autoware/build/object_merger' returned '0': AMENT_PREFIX_PATH=/home/sws/autoware/install/perception_utils:/home/sws/autoware/install/interpolation:/home/sws/autoware/install/tier4_autoware_utils:/home/sws/autoware/install/tier4_perception_msgs:/home/sws/autoware/install/autoware_auto_vehicle_msgs:/home/sws/autoware/install/autoware_cmake:/home/sws/autoware/install/autoware_auto_planning_msgs:/home/sws/autoware/install/autoware_auto_perception_msgs:/home/sws/autoware/install/tier4_debug_msgs:/home/sws/autoware/install/mussp:/home/sws/autoware/install/autoware_lint_common:/home/sws/autoware/install/autoware_auto_mapping_msgs:/home/sws/autoware/install/autoware_auto_geometry_msgs:${AMENT_PREFIX_PATH} CMAKE_PREFIX_PATH=/home/sws/autoware/install/perception_utils:/home/sws/autoware/install/interpolation:/home/sws/autoware/install/tier4_autoware_utils:/home/sws/autoware/install/tier4_perception_msgs:/home/sws/autoware/install/autoware_auto_vehicle_msgs:/home/sws/autoware/install/autoware_cmake:/home/sws/autoware/install/autoware_auto_planning_msgs:/home/sws/autoware/install/autoware_auto_perception_msgs:/home/sws/autoware/install/tier4_debug_msgs:/home/sws/autoware/install/mussp:/home/sws/autoware/install/autoware_lint_common:/home/sws/autoware/install/autoware_auto_mapping_msgs:/home/sws/autoware/install/autoware_auto_geometry_msgs:/opt/ros/humble LD_LIBRARY_PATH=/home/sws/autoware/install/perception_utils/lib:/home/sws/autoware/install/interpolation/lib:/home/sws/autoware/install/tier4_autoware_utils/lib:/home/sws/autoware/install/tier4_perception_msgs/lib:/home/sws/autoware/install/autoware_auto_vehicle_msgs/lib:/home/sws/autoware/install/autoware_auto_planning_msgs/lib:/home/sws/autoware/install/autoware_auto_perception_msgs/lib:/home/sws/autoware/install/tier4_debug_msgs/lib:/home/sws/autoware/install/mussp/lib:/home/sws/autoware/install/autoware_auto_mapping_msgs/lib:/home/sws/autoware/install/autoware_auto_geometry_msgs/lib:${LD_LIBRARY_PATH} PYTHONPATH=/home/sws/autoware/install/tier4_perception_msgs/local/lib/python3.10/dist-packages:/home/sws/autoware/install/autoware_auto_vehicle_msgs/local/lib/python3.10/dist-packages:/home/sws/autoware/install/autoware_auto_planning_msgs/local/lib/python3.10/dist-packages:/home/sws/autoware/install/autoware_auto_perception_msgs/local/lib/python3.10/dist-packages:/home/sws/autoware/install/tier4_debug_msgs/local/lib/python3.10/dist-packages:/home/sws/autoware/install/autoware_auto_mapping_msgs/local/lib/python3.10/dist-packages:/home/sws/autoware/install/autoware_auto_geometry_msgs/local/lib/python3.10/dist-packages:${PYTHONPATH} /usr/bin/cmake /home/sws/autoware/src/universe/autoware.universe/perception/object_merger -DCMAKE_BUILD_TYPE=Release -DAMENT_CMAKE_SYMLINK_INSTALL=1 -DCMAKE_INSTALL_PREFIX=/home/sws/autoware/install/object_merger
[15.645s] Invoking command in '/home/sws/autoware/build/object_merger': AMENT_PREFIX_PATH=/home/sws/autoware/install/perception_utils:/home/sws/autoware/install/interpolation:/home/sws/autoware/install/tier4_autoware_utils:/home/sws/autoware/install/tier4_perception_msgs:/home/sws/autoware/install/autoware_auto_vehicle_msgs:/home/sws/autoware/install/autoware_cmake:/home/sws/autoware/install/autoware_auto_planning_msgs:/home/sws/autoware/install/autoware_auto_perception_msgs:/home/sws/autoware/install/tier4_debug_msgs:/home/sws/autoware/install/mussp:/home/sws/autoware/install/autoware_lint_common:/home/sws/autoware/install/autoware_auto_mapping_msgs:/home/sws/autoware/install/autoware_auto_geometry_msgs:${AMENT_PREFIX_PATH} CMAKE_PREFIX_PATH=/home/sws/autoware/install/perception_utils:/home/sws/autoware/install/interpolation:/home/sws/autoware/install/tier4_autoware_utils:/home/sws/autoware/install/tier4_perception_msgs:/home/sws/autoware/install/autoware_auto_vehicle_msgs:/home/sws/autoware/install/autoware_cmake:/home/sws/autoware/install/autoware_auto_planning_msgs:/home/sws/autoware/install/autoware_auto_perception_msgs:/home/sws/autoware/install/tier4_debug_msgs:/home/sws/autoware/install/mussp:/home/sws/autoware/install/autoware_lint_common:/home/sws/autoware/install/autoware_auto_mapping_msgs:/home/sws/autoware/install/autoware_auto_geometry_msgs:/opt/ros/humble LD_LIBRARY_PATH=/home/sws/autoware/install/perception_utils/lib:/home/sws/autoware/install/interpolation/lib:/home/sws/autoware/install/tier4_autoware_utils/lib:/home/sws/autoware/install/tier4_perception_msgs/lib:/home/sws/autoware/install/autoware_auto_vehicle_msgs/lib:/home/sws/autoware/install/autoware_auto_planning_msgs/lib:/home/sws/autoware/install/autoware_auto_perception_msgs/lib:/home/sws/autoware/install/tier4_debug_msgs/lib:/home/sws/autoware/install/mussp/lib:/home/sws/autoware/install/autoware_auto_mapping_msgs/lib:/home/sws/autoware/install/autoware_auto_geometry_msgs/lib:${LD_LIBRARY_PATH} PYTHONPATH=/home/sws/autoware/install/tier4_perception_msgs/local/lib/python3.10/dist-packages:/home/sws/autoware/install/autoware_auto_vehicle_msgs/local/lib/python3.10/dist-packages:/home/sws/autoware/install/autoware_auto_planning_msgs/local/lib/python3.10/dist-packages:/home/sws/autoware/install/autoware_auto_perception_msgs/local/lib/python3.10/dist-packages:/home/sws/autoware/install/tier4_debug_msgs/local/lib/python3.10/dist-packages:/home/sws/autoware/install/autoware_auto_mapping_msgs/local/lib/python3.10/dist-packages:/home/sws/autoware/install/autoware_auto_geometry_msgs/local/lib/python3.10/dist-packages:${PYTHONPATH} /usr/bin/cmake --build /home/sws/autoware/build/object_merger -- -j16 -l16
[23.276s] [ 14%] [32mBuilding CXX object CMakeFiles/object_association_merger_node.dir/rclcpp_components/node_main_object_association_merger_node.cpp.o[0m
[23.277s] [ 28%] [32mBuilding CXX object CMakeFiles/mu_successive_shortest_path.dir/src/object_association_merger/data_association/mu_successive_shortest_path/mu_successive_shortest_path_wrapper.cpp.o[0m
[23.277s] [ 42%] [32m[1mLinking CXX shared library libmu_successive_shortest_path.so[0m
[23.277s] [ 42%] Built target mu_successive_shortest_path
[23.277s] [ 57%] [32mBuilding CXX object CMakeFiles/object_association_merger.dir/src/object_association_merger/data_association/data_association.cpp.o[0m
[23.278s] [ 71%] [32mBuilding CXX object CMakeFiles/object_association_merger.dir/src/object_association_merger/node.cpp.o[0m
[23.280s] [ 85%] [32m[1mLinking CXX executable object_association_merger_node[0m
[23.280s] [ 85%] Built target object_association_merger_node
[61.936s] [100%] [32m[1mLinking CXX shared library libobject_association_merger.so[0m
[62.896s] [100%] Built target object_association_merger
[62.933s] Invoked command in '/home/sws/autoware/build/object_merger' returned '0': AMENT_PREFIX_PATH=/home/sws/autoware/install/perception_utils:/home/sws/autoware/install/interpolation:/home/sws/autoware/install/tier4_autoware_utils:/home/sws/autoware/install/tier4_perception_msgs:/home/sws/autoware/install/autoware_auto_vehicle_msgs:/home/sws/autoware/install/autoware_cmake:/home/sws/autoware/install/autoware_auto_planning_msgs:/home/sws/autoware/install/autoware_auto_perception_msgs:/home/sws/autoware/install/tier4_debug_msgs:/home/sws/autoware/install/mussp:/home/sws/autoware/install/autoware_lint_common:/home/sws/autoware/install/autoware_auto_mapping_msgs:/home/sws/autoware/install/autoware_auto_geometry_msgs:${AMENT_PREFIX_PATH} CMAKE_PREFIX_PATH=/home/sws/autoware/install/perception_utils:/home/sws/autoware/install/interpolation:/home/sws/autoware/install/tier4_autoware_utils:/home/sws/autoware/install/tier4_perception_msgs:/home/sws/autoware/install/autoware_auto_vehicle_msgs:/home/sws/autoware/install/autoware_cmake:/home/sws/autoware/install/autoware_auto_planning_msgs:/home/sws/autoware/install/autoware_auto_perception_msgs:/home/sws/autoware/install/tier4_debug_msgs:/home/sws/autoware/install/mussp:/home/sws/autoware/install/autoware_lint_common:/home/sws/autoware/install/autoware_auto_mapping_msgs:/home/sws/autoware/install/autoware_auto_geometry_msgs:/opt/ros/humble LD_LIBRARY_PATH=/home/sws/autoware/install/perception_utils/lib:/home/sws/autoware/install/interpolation/lib:/home/sws/autoware/install/tier4_autoware_utils/lib:/home/sws/autoware/install/tier4_perception_msgs/lib:/home/sws/autoware/install/autoware_auto_vehicle_msgs/lib:/home/sws/autoware/install/autoware_auto_planning_msgs/lib:/home/sws/autoware/install/autoware_auto_perception_msgs/lib:/home/sws/autoware/install/tier4_debug_msgs/lib:/home/sws/autoware/install/mussp/lib:/home/sws/autoware/install/autoware_auto_mapping_msgs/lib:/home/sws/autoware/install/autoware_auto_geometry_msgs/lib:${LD_LIBRARY_PATH} PYTHONPATH=/home/sws/autoware/install/tier4_perception_msgs/local/lib/python3.10/dist-packages:/home/sws/autoware/install/autoware_auto_vehicle_msgs/local/lib/python3.10/dist-packages:/home/sws/autoware/install/autoware_auto_planning_msgs/local/lib/python3.10/dist-packages:/home/sws/autoware/install/autoware_auto_perception_msgs/local/lib/python3.10/dist-packages:/home/sws/autoware/install/tier4_debug_msgs/local/lib/python3.10/dist-packages:/home/sws/autoware/install/autoware_auto_mapping_msgs/local/lib/python3.10/dist-packages:/home/sws/autoware/install/autoware_auto_geometry_msgs/local/lib/python3.10/dist-packages:${PYTHONPATH} /usr/bin/cmake --build /home/sws/autoware/build/object_merger -- -j16 -l16
[63.419s] Invoking command in '/home/sws/autoware/build/object_merger': AMENT_PREFIX_PATH=/home/sws/autoware/install/perception_utils:/home/sws/autoware/install/interpolation:/home/sws/autoware/install/tier4_autoware_utils:/home/sws/autoware/install/tier4_perception_msgs:/home/sws/autoware/install/autoware_auto_vehicle_msgs:/home/sws/autoware/install/autoware_cmake:/home/sws/autoware/install/autoware_auto_planning_msgs:/home/sws/autoware/install/autoware_auto_perception_msgs:/home/sws/autoware/install/tier4_debug_msgs:/home/sws/autoware/install/mussp:/home/sws/autoware/install/autoware_lint_common:/home/sws/autoware/install/autoware_auto_mapping_msgs:/home/sws/autoware/install/autoware_auto_geometry_msgs:${AMENT_PREFIX_PATH} CMAKE_PREFIX_PATH=/home/sws/autoware/install/perception_utils:/home/sws/autoware/install/interpolation:/home/sws/autoware/install/tier4_autoware_utils:/home/sws/autoware/install/tier4_perception_msgs:/home/sws/autoware/install/autoware_auto_vehicle_msgs:/home/sws/autoware/install/autoware_cmake:/home/sws/autoware/install/autoware_auto_planning_msgs:/home/sws/autoware/install/autoware_auto_perception_msgs:/home/sws/autoware/install/tier4_debug_msgs:/home/sws/autoware/install/mussp:/home/sws/autoware/install/autoware_lint_common:/home/sws/autoware/install/autoware_auto_mapping_msgs:/home/sws/autoware/install/autoware_auto_geometry_msgs:/opt/ros/humble LD_LIBRARY_PATH=/home/sws/autoware/install/perception_utils/lib:/home/sws/autoware/install/interpolation/lib:/home/sws/autoware/install/tier4_autoware_utils/lib:/home/sws/autoware/install/tier4_perception_msgs/lib:/home/sws/autoware/install/autoware_auto_vehicle_msgs/lib:/home/sws/autoware/install/autoware_auto_planning_msgs/lib:/home/sws/autoware/install/autoware_auto_perception_msgs/lib:/home/sws/autoware/install/tier4_debug_msgs/lib:/home/sws/autoware/install/mussp/lib:/home/sws/autoware/install/autoware_auto_mapping_msgs/lib:/home/sws/autoware/install/autoware_auto_geometry_msgs/lib:${LD_LIBRARY_PATH} PYTHONPATH=/home/sws/autoware/install/tier4_perception_msgs/local/lib/python3.10/dist-packages:/home/sws/autoware/install/autoware_auto_vehicle_msgs/local/lib/python3.10/dist-packages:/home/sws/autoware/install/autoware_auto_planning_msgs/local/lib/python3.10/dist-packages:/home/sws/autoware/install/autoware_auto_perception_msgs/local/lib/python3.10/dist-packages:/home/sws/autoware/install/tier4_debug_msgs/local/lib/python3.10/dist-packages:/home/sws/autoware/install/autoware_auto_mapping_msgs/local/lib/python3.10/dist-packages:/home/sws/autoware/install/autoware_auto_geometry_msgs/local/lib/python3.10/dist-packages:${PYTHONPATH} /usr/bin/cmake --install /home/sws/autoware/build/object_merger
[77.954s] -- Install configuration: "Release"
[77.954s] -- Execute custom install script
[77.955s] -- Symlinking: /home/sws/autoware/install/object_merger/lib/object_merger/object_association_merger_node
[77.955s] -- Symlinking: /home/sws/autoware/install/object_merger/include/object_association_merger/data_association/data_association.hpp
[77.955s] -- Symlinking: /home/sws/autoware/install/object_merger/include/object_association_merger/data_association/solver/gnn_solver.hpp
[77.955s] -- Symlinking: /home/sws/autoware/install/object_merger/include/object_association_merger/data_association/solver/gnn_solver_interface.hpp
[77.955s] -- Symlinking: /home/sws/autoware/install/object_merger/include/object_association_merger/data_association/solver/mu_successive_shortest_path.hpp
[77.955s] -- Symlinking: /home/sws/autoware/install/object_merger/include/object_association_merger/data_association/solver/successive_shortest_path.hpp
[77.955s] -- Symlinking: /home/sws/autoware/install/object_merger/include/object_association_merger/node.hpp
[77.955s] -- Symlinking: /home/sws/autoware/install/object_merger/include/object_association_merger/utils/utils.hpp
[77.955s] -- Symlinking: /home/sws/autoware/install/object_merger/share/object_merger/environment/library_path.sh
[77.955s] -- Symlinking: /home/sws/autoware/install/object_merger/share/object_merger/environment/library_path.dsv
[77.956s] -- Symlinking: /home/sws/autoware/install/object_merger/lib/libmu_successive_shortest_path.so
[77.956s] -- Symlinking: /home/sws/autoware/install/object_merger/lib/libobject_association_merger.so
[77.956s] -- Symlinking: /home/sws/autoware/install/object_merger/share/object_merger/launch/object_association_merger.launch.xml
[77.956s] -- Symlinking: /home/sws/autoware/install/object_merger/share/object_merger/config/data_association_matrix.param.yaml
[77.956s] -- Symlinking: /home/sws/autoware/install/object_merger/share/object_merger/config/overlapped_judge.param.yaml
[77.956s] -- Symlinking: /home/sws/autoware/install/object_merger/share/ament_index/resource_index/package_run_dependencies/object_merger
[77.956s] -- Symlinking: /home/sws/autoware/install/object_merger/share/ament_index/resource_index/parent_prefix_path/object_merger
[77.956s] -- Symlinking: /home/sws/autoware/install/object_merger/share/object_merger/environment/ament_prefix_path.sh
[77.956s] -- Symlinking: /home/sws/autoware/install/object_merger/share/object_merger/environment/ament_prefix_path.dsv
[77.956s] -- Symlinking: /home/sws/autoware/install/object_merger/share/object_merger/environment/path.sh
[77.957s] -- Symlinking: /home/sws/autoware/install/object_merger/share/object_merger/environment/path.dsv
[77.957s] -- Symlinking: /home/sws/autoware/install/object_merger/share/object_merger/local_setup.bash
[77.957s] -- Symlinking: /home/sws/autoware/install/object_merger/share/object_merger/local_setup.sh
[77.957s] -- Symlinking: /home/sws/autoware/install/object_merger/share/object_merger/local_setup.zsh
[77.957s] -- Symlinking: /home/sws/autoware/install/object_merger/share/object_merger/local_setup.dsv
[77.957s] -- Symlinking: /home/sws/autoware/install/object_merger/share/object_merger/package.dsv
[77.957s] -- Symlinking: /home/sws/autoware/install/object_merger/share/ament_index/resource_index/packages/object_merger
[77.957s] -- Symlinking: /home/sws/autoware/install/object_merger/share/ament_index/resource_index/rclcpp_components/object_merger
[77.957s] -- Symlinking: /home/sws/autoware/install/object_merger/share/object_merger/cmake/ament_cmake_export_dependencies-extras.cmake
[77.957s] -- Symlinking: /home/sws/autoware/install/object_merger/share/object_merger/cmake/ament_cmake_export_include_directories-extras.cmake
[77.958s] -- Symlinking: /home/sws/autoware/install/object_merger/share/object_merger/cmake/ament_cmake_export_libraries-extras.cmake
[77.958s] -- Symlinking: /home/sws/autoware/install/object_merger/share/object_merger/cmake/object_mergerConfig.cmake
[77.958s] -- Symlinking: /home/sws/autoware/install/object_merger/share/object_merger/cmake/object_mergerConfig-version.cmake
[77.958s] -- Symlinking: /home/sws/autoware/install/object_merger/share/object_merger/package.xml
[77.981s] Invoked command in '/home/sws/autoware/build/object_merger' returned '0': AMENT_PREFIX_PATH=/home/sws/autoware/install/perception_utils:/home/sws/autoware/install/interpolation:/home/sws/autoware/install/tier4_autoware_utils:/home/sws/autoware/install/tier4_perception_msgs:/home/sws/autoware/install/autoware_auto_vehicle_msgs:/home/sws/autoware/install/autoware_cmake:/home/sws/autoware/install/autoware_auto_planning_msgs:/home/sws/autoware/install/autoware_auto_perception_msgs:/home/sws/autoware/install/tier4_debug_msgs:/home/sws/autoware/install/mussp:/home/sws/autoware/install/autoware_lint_common:/home/sws/autoware/install/autoware_auto_mapping_msgs:/home/sws/autoware/install/autoware_auto_geometry_msgs:${AMENT_PREFIX_PATH} CMAKE_PREFIX_PATH=/home/sws/autoware/install/perception_utils:/home/sws/autoware/install/interpolation:/home/sws/autoware/install/tier4_autoware_utils:/home/sws/autoware/install/tier4_perception_msgs:/home/sws/autoware/install/autoware_auto_vehicle_msgs:/home/sws/autoware/install/autoware_cmake:/home/sws/autoware/install/autoware_auto_planning_msgs:/home/sws/autoware/install/autoware_auto_perception_msgs:/home/sws/autoware/install/tier4_debug_msgs:/home/sws/autoware/install/mussp:/home/sws/autoware/install/autoware_lint_common:/home/sws/autoware/install/autoware_auto_mapping_msgs:/home/sws/autoware/install/autoware_auto_geometry_msgs:/opt/ros/humble LD_LIBRARY_PATH=/home/sws/autoware/install/perception_utils/lib:/home/sws/autoware/install/interpolation/lib:/home/sws/autoware/install/tier4_autoware_utils/lib:/home/sws/autoware/install/tier4_perception_msgs/lib:/home/sws/autoware/install/autoware_auto_vehicle_msgs/lib:/home/sws/autoware/install/autoware_auto_planning_msgs/lib:/home/sws/autoware/install/autoware_auto_perception_msgs/lib:/home/sws/autoware/install/tier4_debug_msgs/lib:/home/sws/autoware/install/mussp/lib:/home/sws/autoware/install/autoware_auto_mapping_msgs/lib:/home/sws/autoware/install/autoware_auto_geometry_msgs/lib:${LD_LIBRARY_PATH} PYTHONPATH=/home/sws/autoware/install/tier4_perception_msgs/local/lib/python3.10/dist-packages:/home/sws/autoware/install/autoware_auto_vehicle_msgs/local/lib/python3.10/dist-packages:/home/sws/autoware/install/autoware_auto_planning_msgs/local/lib/python3.10/dist-packages:/home/sws/autoware/install/autoware_auto_perception_msgs/local/lib/python3.10/dist-packages:/home/sws/autoware/install/tier4_debug_msgs/local/lib/python3.10/dist-packages:/home/sws/autoware/install/autoware_auto_mapping_msgs/local/lib/python3.10/dist-packages:/home/sws/autoware/install/autoware_auto_geometry_msgs/local/lib/python3.10/dist-packages:${PYTHONPATH} /usr/bin/cmake --install /home/sws/autoware/build/object_merger
