-- The C compiler identification is GNU 11.3.0
-- The CXX compiler identification is GNU 11.3.0
-- Detecting C compiler ABI info
-- Detecting C compiler ABI info - done
-- Check for working C compiler: /usr/bin/cc - skipped
-- Detecting C compile features
-- Detecting C compile features - done
-- Detecting CXX compiler ABI info
-- Detecting CXX compiler ABI info - done
-- Check for working CXX compiler: /usr/bin/c++ - skipped
-- Detecting CXX compile features
-- Detecting CXX compile features - done
-- Found ament_cmake_auto: 1.3.3 (/opt/ros/humble/share/ament_cmake_auto/cmake)
-- Found Python3: /usr/bin/python3.10 (found version "3.10.6") found components: Interpreter 
-- Override CMake install command with custom implementation using symlinks instead of copying resources
-- Found rosidl_generator_c: 3.1.4 (/opt/ros/humble/share/rosidl_generator_c/cmake)
-- Found rosidl_adapter: 3.1.4 (/opt/ros/humble/share/rosidl_adapter/cmake)
-- Found rosidl_generator_cpp: 3.1.4 (/opt/ros/humble/share/rosidl_generator_cpp/cmake)
-- Using all available rosidl_typesupport_c: rosidl_typesupport_fastrtps_c;rosidl_typesupport_introspection_c
-- Using all available rosidl_typesupport_cpp: rosidl_typesupport_fastrtps_cpp;rosidl_typesupport_introspection_cpp
-- Found ament_cmake_ros: 0.10.0 (/opt/ros/humble/share/ament_cmake_ros/cmake)
-- Using all available rosidl_typesupport_c: rosidl_typesupport_fastrtps_c;rosidl_typesupport_introspection_c
-- Using all available rosidl_typesupport_cpp: rosidl_typesupport_fastrtps_cpp;rosidl_typesupport_introspection_cpp
-- Found PythonInterp: /usr/bin/python3 (found suitable version "3.10.6", minimum required is "3.6") 
-- Found python_cmake_module: 0.10.0 (/opt/ros/humble/share/python_cmake_module/cmake)
-- Found PythonLibs: /usr/lib/x86_64-linux-gnu/libpython3.10.so (found suitable version "3.10.6", minimum required is "3.5") 
-- Using PYTHON_EXECUTABLE: /usr/bin/python3
-- Using PYTHON_INCLUDE_DIRS: /usr/include/python3.10
-- Using PYTHON_LIBRARIES: /usr/lib/x86_64-linux-gnu/libpython3.10.so
-- Found PythonExtra: .so  
-- Configuring done
-- Generating done
-- Build files have been written to: /home/sws/autoware/build/autoware_perception_msgs
[  1%] [34m[1mGenerating C++ code for ROS interfaces[0m
[  1%] Built target autoware_perception_msgs__cpp
[  1%] Built target ament_cmake_python_symlink_autoware_perception_msgs
[  3%] [34m[1mGenerating C++ introspection for ROS interfaces[0m
[  4%] [32mBuilding CXX object CMakeFiles/autoware_perception_msgs__rosidl_typesupport_introspection_cpp.dir/rosidl_typesupport_introspection_cpp/autoware_perception_msgs/msg/detail/traffic_light__type_support.cpp.o[0m
[  6%] [32mBuilding CXX object CMakeFiles/autoware_perception_msgs__rosidl_typesupport_introspection_cpp.dir/rosidl_typesupport_introspection_cpp/autoware_perception_msgs/msg/detail/traffic_signal_array__type_support.cpp.o[0m
[  7%] [32mBuilding CXX object CMakeFiles/autoware_perception_msgs__rosidl_typesupport_introspection_cpp.dir/rosidl_typesupport_introspection_cpp/autoware_perception_msgs/msg/detail/traffic_signal__type_support.cpp.o[0m
[  9%] [32mBuilding CXX object CMakeFiles/autoware_perception_msgs__rosidl_typesupport_introspection_cpp.dir/rosidl_typesupport_introspection_cpp/autoware_perception_msgs/msg/detail/traffic_light_element__type_support.cpp.o[0m
[ 11%] [32mBuilding CXX object CMakeFiles/autoware_perception_msgs__rosidl_typesupport_introspection_cpp.dir/rosidl_typesupport_introspection_cpp/autoware_perception_msgs/msg/detail/traffic_light_array__type_support.cpp.o[0m
[ 12%] [32m[1mLinking CXX shared library libautoware_perception_msgs__rosidl_typesupport_introspection_cpp.so[0m
[ 12%] Built target autoware_perception_msgs__rosidl_typesupport_introspection_cpp
running egg_info
creating autoware_perception_msgs.egg-info
writing autoware_perception_msgs.egg-info/PKG-INFO
writing dependency_links to autoware_perception_msgs.egg-info/dependency_links.txt
writing top-level names to autoware_perception_msgs.egg-info/top_level.txt
writing manifest file 'autoware_perception_msgs.egg-info/SOURCES.txt'
reading manifest file 'autoware_perception_msgs.egg-info/SOURCES.txt'
writing manifest file 'autoware_perception_msgs.egg-info/SOURCES.txt'
[ 12%] Built target ament_cmake_python_build_autoware_perception_msgs_egg
[ 14%] [34m[1mGenerating C++ type support for eProsima Fast-RTPS[0m
[ 15%] [32mBuilding CXX object CMakeFiles/autoware_perception_msgs__rosidl_typesupport_fastrtps_cpp.dir/rosidl_typesupport_fastrtps_cpp/autoware_perception_msgs/msg/detail/dds_fastrtps/traffic_light__type_support.cpp.o[0m
[ 17%] [32mBuilding CXX object CMakeFiles/autoware_perception_msgs__rosidl_typesupport_fastrtps_cpp.dir/rosidl_typesupport_fastrtps_cpp/autoware_perception_msgs/msg/detail/dds_fastrtps/traffic_signal_array__type_support.cpp.o[0m
[ 19%] [32mBuilding CXX object CMakeFiles/autoware_perception_msgs__rosidl_typesupport_fastrtps_cpp.dir/rosidl_typesupport_fastrtps_cpp/autoware_perception_msgs/msg/detail/dds_fastrtps/traffic_signal__type_support.cpp.o[0m
[ 20%] [32mBuilding CXX object CMakeFiles/autoware_perception_msgs__rosidl_typesupport_fastrtps_cpp.dir/rosidl_typesupport_fastrtps_cpp/autoware_perception_msgs/msg/detail/dds_fastrtps/traffic_light_element__type_support.cpp.o[0m
[ 22%] [32mBuilding CXX object CMakeFiles/autoware_perception_msgs__rosidl_typesupport_fastrtps_cpp.dir/rosidl_typesupport_fastrtps_cpp/autoware_perception_msgs/msg/detail/dds_fastrtps/traffic_light_array__type_support.cpp.o[0m
[ 23%] [32m[1mLinking CXX shared library libautoware_perception_msgs__rosidl_typesupport_fastrtps_cpp.so[0m
[ 23%] Built target autoware_perception_msgs__rosidl_typesupport_fastrtps_cpp
[ 25%] [34m[1mGenerating C++ type support dispatch for ROS interfaces[0m
[ 26%] [32mBuilding CXX object CMakeFiles/autoware_perception_msgs__rosidl_typesupport_cpp.dir/rosidl_typesupport_cpp/autoware_perception_msgs/msg/traffic_light__type_support.cpp.o[0m
[ 28%] [32mBuilding CXX object CMakeFiles/autoware_perception_msgs__rosidl_typesupport_cpp.dir/rosidl_typesupport_cpp/autoware_perception_msgs/msg/traffic_signal_array__type_support.cpp.o[0m
[ 30%] [32mBuilding CXX object CMakeFiles/autoware_perception_msgs__rosidl_typesupport_cpp.dir/rosidl_typesupport_cpp/autoware_perception_msgs/msg/traffic_signal__type_support.cpp.o[0m
[ 31%] [32mBuilding CXX object CMakeFiles/autoware_perception_msgs__rosidl_typesupport_cpp.dir/rosidl_typesupport_cpp/autoware_perception_msgs/msg/traffic_light_element__type_support.cpp.o[0m
[ 33%] [32mBuilding CXX object CMakeFiles/autoware_perception_msgs__rosidl_typesupport_cpp.dir/rosidl_typesupport_cpp/autoware_perception_msgs/msg/traffic_light_array__type_support.cpp.o[0m
[ 34%] [32m[1mLinking CXX shared library libautoware_perception_msgs__rosidl_typesupport_cpp.so[0m
[ 34%] Built target autoware_perception_msgs__rosidl_typesupport_cpp
[ 36%] [34m[1mGenerating C code for ROS interfaces[0m
[ 38%] [32mBuilding C object CMakeFiles/autoware_perception_msgs__rosidl_generator_c.dir/rosidl_generator_c/autoware_perception_msgs/msg/detail/traffic_light__functions.c.o[0m
[ 39%] [32mBuilding C object CMakeFiles/autoware_perception_msgs__rosidl_generator_c.dir/rosidl_generator_c/autoware_perception_msgs/msg/detail/traffic_signal_array__functions.c.o[0m
[ 41%] [32mBuilding C object CMakeFiles/autoware_perception_msgs__rosidl_generator_c.dir/rosidl_generator_c/autoware_perception_msgs/msg/detail/traffic_signal__functions.c.o[0m
[ 42%] [32mBuilding C object CMakeFiles/autoware_perception_msgs__rosidl_generator_c.dir/rosidl_generator_c/autoware_perception_msgs/msg/detail/traffic_light_element__functions.c.o[0m
[ 44%] [32mBuilding C object CMakeFiles/autoware_perception_msgs__rosidl_generator_c.dir/rosidl_generator_c/autoware_perception_msgs/msg/detail/traffic_light_array__functions.c.o[0m
[ 46%] [32m[1mLinking C shared library libautoware_perception_msgs__rosidl_generator_c.so[0m
[ 46%] Built target autoware_perception_msgs__rosidl_generator_c
[ 47%] [34m[1mGenerating C type support for eProsima Fast-RTPS[0m
[ 49%] [32mBuilding CXX object CMakeFiles/autoware_perception_msgs__rosidl_typesupport_fastrtps_c.dir/rosidl_typesupport_fastrtps_c/autoware_perception_msgs/msg/detail/traffic_light__type_support_c.cpp.o[0m
[ 50%] [32mBuilding CXX object CMakeFiles/autoware_perception_msgs__rosidl_typesupport_fastrtps_c.dir/rosidl_typesupport_fastrtps_c/autoware_perception_msgs/msg/detail/traffic_signal_array__type_support_c.cpp.o[0m
[ 52%] [32mBuilding CXX object CMakeFiles/autoware_perception_msgs__rosidl_typesupport_fastrtps_c.dir/rosidl_typesupport_fastrtps_c/autoware_perception_msgs/msg/detail/traffic_signal__type_support_c.cpp.o[0m
[ 53%] [32mBuilding CXX object CMakeFiles/autoware_perception_msgs__rosidl_typesupport_fastrtps_c.dir/rosidl_typesupport_fastrtps_c/autoware_perception_msgs/msg/detail/traffic_light_element__type_support_c.cpp.o[0m
[ 55%] [32mBuilding CXX object CMakeFiles/autoware_perception_msgs__rosidl_typesupport_fastrtps_c.dir/rosidl_typesupport_fastrtps_c/autoware_perception_msgs/msg/detail/traffic_light_array__type_support_c.cpp.o[0m
[ 57%] [32m[1mLinking CXX shared library libautoware_perception_msgs__rosidl_typesupport_fastrtps_c.so[0m
[ 57%] Built target autoware_perception_msgs__rosidl_typesupport_fastrtps_c
[ 58%] [34m[1mGenerating C type support dispatch for ROS interfaces[0m
[ 60%] [32mBuilding CXX object CMakeFiles/autoware_perception_msgs__rosidl_typesupport_c.dir/rosidl_typesupport_c/autoware_perception_msgs/msg/traffic_light__type_support.cpp.o[0m
[ 61%] [32mBuilding CXX object CMakeFiles/autoware_perception_msgs__rosidl_typesupport_c.dir/rosidl_typesupport_c/autoware_perception_msgs/msg/traffic_signal_array__type_support.cpp.o[0m
[ 63%] [32mBuilding CXX object CMakeFiles/autoware_perception_msgs__rosidl_typesupport_c.dir/rosidl_typesupport_c/autoware_perception_msgs/msg/traffic_signal__type_support.cpp.o[0m
[ 65%] [32mBuilding CXX object CMakeFiles/autoware_perception_msgs__rosidl_typesupport_c.dir/rosidl_typesupport_c/autoware_perception_msgs/msg/traffic_light_element__type_support.cpp.o[0m
[ 66%] [32mBuilding CXX object CMakeFiles/autoware_perception_msgs__rosidl_typesupport_c.dir/rosidl_typesupport_c/autoware_perception_msgs/msg/traffic_light_array__type_support.cpp.o[0m
[ 68%] [32m[1mLinking CXX shared library libautoware_perception_msgs__rosidl_typesupport_c.so[0m
[ 68%] Built target autoware_perception_msgs__rosidl_typesupport_c
[ 69%] [34m[1mGenerating C introspection for ROS interfaces[0m
[ 71%] [32mBuilding C object CMakeFiles/autoware_perception_msgs__rosidl_typesupport_introspection_c.dir/rosidl_typesupport_introspection_c/autoware_perception_msgs/msg/detail/traffic_light__type_support.c.o[0m
[ 73%] [32mBuilding C object CMakeFiles/autoware_perception_msgs__rosidl_typesupport_introspection_c.dir/rosidl_typesupport_introspection_c/autoware_perception_msgs/msg/detail/traffic_light_array__type_support.c.o[0m
[ 74%] [32mBuilding C object CMakeFiles/autoware_perception_msgs__rosidl_typesupport_introspection_c.dir/rosidl_typesupport_introspection_c/autoware_perception_msgs/msg/detail/traffic_signal_array__type_support.c.o[0m
[ 76%] [32mBuilding C object CMakeFiles/autoware_perception_msgs__rosidl_typesupport_introspection_c.dir/rosidl_typesupport_introspection_c/autoware_perception_msgs/msg/detail/traffic_signal__type_support.c.o[0m
[ 77%] [32mBuilding C object CMakeFiles/autoware_perception_msgs__rosidl_typesupport_introspection_c.dir/rosidl_typesupport_introspection_c/autoware_perception_msgs/msg/detail/traffic_light_element__type_support.c.o[0m
[ 79%] [32m[1mLinking C shared library libautoware_perception_msgs__rosidl_typesupport_introspection_c.so[0m
[ 79%] Built target autoware_perception_msgs__rosidl_typesupport_introspection_c
[ 79%] Built target autoware_perception_msgs
[ 80%] [34m[1mGenerating Python code for ROS interfaces[0m
[ 80%] Built target autoware_perception_msgs__py
[ 82%] [32mBuilding C object CMakeFiles/autoware_perception_msgs__rosidl_generator_py.dir/rosidl_generator_py/autoware_perception_msgs/msg/_traffic_light_array_s.c.o[0m
[ 84%] [32mBuilding C object CMakeFiles/autoware_perception_msgs__rosidl_generator_py.dir/rosidl_generator_py/autoware_perception_msgs/msg/_traffic_light_s.c.o[0m
[ 85%] [32mBuilding C object CMakeFiles/autoware_perception_msgs__rosidl_generator_py.dir/rosidl_generator_py/autoware_perception_msgs/msg/_traffic_signal_array_s.c.o[0m
[ 87%] [32mBuilding C object CMakeFiles/autoware_perception_msgs__rosidl_generator_py.dir/rosidl_generator_py/autoware_perception_msgs/msg/_traffic_signal_s.c.o[0m
[ 88%] [32mBuilding C object CMakeFiles/autoware_perception_msgs__rosidl_generator_py.dir/rosidl_generator_py/autoware_perception_msgs/msg/_traffic_light_element_s.c.o[0m
[ 90%] [32m[1mLinking C shared library rosidl_generator_py/autoware_perception_msgs/libautoware_perception_msgs__rosidl_generator_py.so[0m
[ 90%] Built target autoware_perception_msgs__rosidl_generator_py
[ 92%] [32mBuilding C object CMakeFiles/autoware_perception_msgs__rosidl_typesupport_introspection_c__pyext.dir/rosidl_generator_py/autoware_perception_msgs/_autoware_perception_msgs_s.ep.rosidl_typesupport_introspection_c.c.o[0m
[ 93%] [32mBuilding C object CMakeFiles/autoware_perception_msgs__rosidl_typesupport_fastrtps_c__pyext.dir/rosidl_generator_py/autoware_perception_msgs/_autoware_perception_msgs_s.ep.rosidl_typesupport_fastrtps_c.c.o[0m
[ 95%] [32m[1mLinking C shared library rosidl_generator_py/autoware_perception_msgs/autoware_perception_msgs_s__rosidl_typesupport_fastrtps_c.cpython-310-x86_64-linux-gnu.so[0m
[ 96%] [32m[1mLinking C shared library rosidl_generator_py/autoware_perception_msgs/autoware_perception_msgs_s__rosidl_typesupport_introspection_c.cpython-310-x86_64-linux-gnu.so[0m
[ 96%] Built target autoware_perception_msgs__rosidl_typesupport_fastrtps_c__pyext
[ 98%] [32mBuilding C object CMakeFiles/autoware_perception_msgs__rosidl_typesupport_c__pyext.dir/rosidl_generator_py/autoware_perception_msgs/_autoware_perception_msgs_s.ep.rosidl_typesupport_c.c.o[0m
[ 98%] Built target autoware_perception_msgs__rosidl_typesupport_introspection_c__pyext
[100%] [32m[1mLinking C shared library rosidl_generator_py/autoware_perception_msgs/autoware_perception_msgs_s__rosidl_typesupport_c.cpython-310-x86_64-linux-gnu.so[0m
[100%] Built target autoware_perception_msgs__rosidl_typesupport_c__pyext
-- Install configuration: "Release"
-- Execute custom install script
-- Symlinking: /home/sws/autoware/install/autoware_perception_msgs/share/ament_index/resource_index/rosidl_interfaces/autoware_perception_msgs
-- Symlinking: /home/sws/autoware/install/autoware_perception_msgs/include/autoware_perception_msgs/autoware_perception_msgs/msg/detail/traffic_light__functions.h
-- Symlinking: /home/sws/autoware/install/autoware_perception_msgs/include/autoware_perception_msgs/autoware_perception_msgs/msg/detail/traffic_light__struct.h
-- Symlinking: /home/sws/autoware/install/autoware_perception_msgs/include/autoware_perception_msgs/autoware_perception_msgs/msg/detail/traffic_light__type_support.h
-- Symlinking: /home/sws/autoware/install/autoware_perception_msgs/include/autoware_perception_msgs/autoware_perception_msgs/msg/detail/traffic_light_array__functions.h
-- Symlinking: /home/sws/autoware/install/autoware_perception_msgs/include/autoware_perception_msgs/autoware_perception_msgs/msg/detail/traffic_light_array__struct.h
-- Symlinking: /home/sws/autoware/install/autoware_perception_msgs/include/autoware_perception_msgs/autoware_perception_msgs/msg/detail/traffic_light_array__type_support.h
-- Symlinking: /home/sws/autoware/install/autoware_perception_msgs/include/autoware_perception_msgs/autoware_perception_msgs/msg/detail/traffic_light_element__functions.h
-- Symlinking: /home/sws/autoware/install/autoware_perception_msgs/include/autoware_perception_msgs/autoware_perception_msgs/msg/detail/traffic_light_element__struct.h
-- Symlinking: /home/sws/autoware/install/autoware_perception_msgs/include/autoware_perception_msgs/autoware_perception_msgs/msg/detail/traffic_light_element__type_support.h
-- Symlinking: /home/sws/autoware/install/autoware_perception_msgs/include/autoware_perception_msgs/autoware_perception_msgs/msg/detail/traffic_signal__functions.h
-- Symlinking: /home/sws/autoware/install/autoware_perception_msgs/include/autoware_perception_msgs/autoware_perception_msgs/msg/detail/traffic_signal__struct.h
-- Symlinking: /home/sws/autoware/install/autoware_perception_msgs/include/autoware_perception_msgs/autoware_perception_msgs/msg/detail/traffic_signal__type_support.h
-- Symlinking: /home/sws/autoware/install/autoware_perception_msgs/include/autoware_perception_msgs/autoware_perception_msgs/msg/detail/traffic_signal_array__functions.h
-- Symlinking: /home/sws/autoware/install/autoware_perception_msgs/include/autoware_perception_msgs/autoware_perception_msgs/msg/detail/traffic_signal_array__struct.h
-- Symlinking: /home/sws/autoware/install/autoware_perception_msgs/include/autoware_perception_msgs/autoware_perception_msgs/msg/detail/traffic_signal_array__type_support.h
-- Symlinking: /home/sws/autoware/install/autoware_perception_msgs/include/autoware_perception_msgs/autoware_perception_msgs/msg/rosidl_generator_c__visibility_control.h
-- Symlinking: /home/sws/autoware/install/autoware_perception_msgs/include/autoware_perception_msgs/autoware_perception_msgs/msg/traffic_light.h
-- Symlinking: /home/sws/autoware/install/autoware_perception_msgs/include/autoware_perception_msgs/autoware_perception_msgs/msg/traffic_light_array.h
-- Symlinking: /home/sws/autoware/install/autoware_perception_msgs/include/autoware_perception_msgs/autoware_perception_msgs/msg/traffic_light_element.h
-- Symlinking: /home/sws/autoware/install/autoware_perception_msgs/include/autoware_perception_msgs/autoware_perception_msgs/msg/traffic_signal.h
-- Symlinking: /home/sws/autoware/install/autoware_perception_msgs/include/autoware_perception_msgs/autoware_perception_msgs/msg/traffic_signal_array.h
-- Symlinking: /home/sws/autoware/install/autoware_perception_msgs/share/autoware_perception_msgs/environment/library_path.sh
-- Symlinking: /home/sws/autoware/install/autoware_perception_msgs/share/autoware_perception_msgs/environment/library_path.dsv
-- Symlinking: /home/sws/autoware/install/autoware_perception_msgs/include/autoware_perception_msgs/autoware_perception_msgs/msg/detail/traffic_light__rosidl_typesupport_fastrtps_c.h
-- Symlinking: /home/sws/autoware/install/autoware_perception_msgs/include/autoware_perception_msgs/autoware_perception_msgs/msg/detail/traffic_light_array__rosidl_typesupport_fastrtps_c.h
-- Symlinking: /home/sws/autoware/install/autoware_perception_msgs/include/autoware_perception_msgs/autoware_perception_msgs/msg/detail/traffic_light_element__rosidl_typesupport_fastrtps_c.h
-- Symlinking: /home/sws/autoware/install/autoware_perception_msgs/include/autoware_perception_msgs/autoware_perception_msgs/msg/detail/traffic_signal__rosidl_typesupport_fastrtps_c.h
-- Symlinking: /home/sws/autoware/install/autoware_perception_msgs/include/autoware_perception_msgs/autoware_perception_msgs/msg/detail/traffic_signal_array__rosidl_typesupport_fastrtps_c.h
-- Symlinking: /home/sws/autoware/install/autoware_perception_msgs/include/autoware_perception_msgs/autoware_perception_msgs/msg/rosidl_typesupport_fastrtps_c__visibility_control.h
-- Symlinking: /home/sws/autoware/install/autoware_perception_msgs/include/autoware_perception_msgs/autoware_perception_msgs/msg/detail/traffic_light__builder.hpp
-- Symlinking: /home/sws/autoware/install/autoware_perception_msgs/include/autoware_perception_msgs/autoware_perception_msgs/msg/detail/traffic_light__struct.hpp
-- Symlinking: /home/sws/autoware/install/autoware_perception_msgs/include/autoware_perception_msgs/autoware_perception_msgs/msg/detail/traffic_light__traits.hpp
-- Symlinking: /home/sws/autoware/install/autoware_perception_msgs/include/autoware_perception_msgs/autoware_perception_msgs/msg/detail/traffic_light_array__builder.hpp
-- Symlinking: /home/sws/autoware/install/autoware_perception_msgs/include/autoware_perception_msgs/autoware_perception_msgs/msg/detail/traffic_light_array__struct.hpp
-- Symlinking: /home/sws/autoware/install/autoware_perception_msgs/include/autoware_perception_msgs/autoware_perception_msgs/msg/detail/traffic_light_array__traits.hpp
-- Symlinking: /home/sws/autoware/install/autoware_perception_msgs/include/autoware_perception_msgs/autoware_perception_msgs/msg/detail/traffic_light_element__builder.hpp
-- Symlinking: /home/sws/autoware/install/autoware_perception_msgs/include/autoware_perception_msgs/autoware_perception_msgs/msg/detail/traffic_light_element__struct.hpp
-- Symlinking: /home/sws/autoware/install/autoware_perception_msgs/include/autoware_perception_msgs/autoware_perception_msgs/msg/detail/traffic_light_element__traits.hpp
-- Symlinking: /home/sws/autoware/install/autoware_perception_msgs/include/autoware_perception_msgs/autoware_perception_msgs/msg/detail/traffic_signal__builder.hpp
-- Symlinking: /home/sws/autoware/install/autoware_perception_msgs/include/autoware_perception_msgs/autoware_perception_msgs/msg/detail/traffic_signal__struct.hpp
-- Symlinking: /home/sws/autoware/install/autoware_perception_msgs/include/autoware_perception_msgs/autoware_perception_msgs/msg/detail/traffic_signal__traits.hpp
-- Symlinking: /home/sws/autoware/install/autoware_perception_msgs/include/autoware_perception_msgs/autoware_perception_msgs/msg/detail/traffic_signal_array__builder.hpp
-- Symlinking: /home/sws/autoware/install/autoware_perception_msgs/include/autoware_perception_msgs/autoware_perception_msgs/msg/detail/traffic_signal_array__struct.hpp
-- Symlinking: /home/sws/autoware/install/autoware_perception_msgs/include/autoware_perception_msgs/autoware_perception_msgs/msg/detail/traffic_signal_array__traits.hpp
-- Symlinking: /home/sws/autoware/install/autoware_perception_msgs/include/autoware_perception_msgs/autoware_perception_msgs/msg/traffic_light.hpp
-- Symlinking: /home/sws/autoware/install/autoware_perception_msgs/include/autoware_perception_msgs/autoware_perception_msgs/msg/traffic_light_array.hpp
-- Symlinking: /home/sws/autoware/install/autoware_perception_msgs/include/autoware_perception_msgs/autoware_perception_msgs/msg/traffic_light_element.hpp
-- Symlinking: /home/sws/autoware/install/autoware_perception_msgs/include/autoware_perception_msgs/autoware_perception_msgs/msg/traffic_signal.hpp
-- Symlinking: /home/sws/autoware/install/autoware_perception_msgs/include/autoware_perception_msgs/autoware_perception_msgs/msg/traffic_signal_array.hpp
-- Symlinking: /home/sws/autoware/install/autoware_perception_msgs/include/autoware_perception_msgs/autoware_perception_msgs/msg/detail/traffic_light__rosidl_typesupport_fastrtps_cpp.hpp
-- Symlinking: /home/sws/autoware/install/autoware_perception_msgs/include/autoware_perception_msgs/autoware_perception_msgs/msg/detail/traffic_light_array__rosidl_typesupport_fastrtps_cpp.hpp
-- Symlinking: /home/sws/autoware/install/autoware_perception_msgs/include/autoware_perception_msgs/autoware_perception_msgs/msg/detail/traffic_light_element__rosidl_typesupport_fastrtps_cpp.hpp
-- Symlinking: /home/sws/autoware/install/autoware_perception_msgs/include/autoware_perception_msgs/autoware_perception_msgs/msg/detail/traffic_signal__rosidl_typesupport_fastrtps_cpp.hpp
-- Symlinking: /home/sws/autoware/install/autoware_perception_msgs/include/autoware_perception_msgs/autoware_perception_msgs/msg/detail/traffic_signal_array__rosidl_typesupport_fastrtps_cpp.hpp
-- Symlinking: /home/sws/autoware/install/autoware_perception_msgs/include/autoware_perception_msgs/autoware_perception_msgs/msg/rosidl_typesupport_fastrtps_cpp__visibility_control.h
-- Symlinking: /home/sws/autoware/install/autoware_perception_msgs/include/autoware_perception_msgs/autoware_perception_msgs/msg/detail/traffic_light__rosidl_typesupport_introspection_c.h
-- Symlinking: /home/sws/autoware/install/autoware_perception_msgs/include/autoware_perception_msgs/autoware_perception_msgs/msg/detail/traffic_light_array__rosidl_typesupport_introspection_c.h
-- Symlinking: /home/sws/autoware/install/autoware_perception_msgs/include/autoware_perception_msgs/autoware_perception_msgs/msg/detail/traffic_light_element__rosidl_typesupport_introspection_c.h
-- Symlinking: /home/sws/autoware/install/autoware_perception_msgs/include/autoware_perception_msgs/autoware_perception_msgs/msg/detail/traffic_signal__rosidl_typesupport_introspection_c.h
-- Symlinking: /home/sws/autoware/install/autoware_perception_msgs/include/autoware_perception_msgs/autoware_perception_msgs/msg/detail/traffic_signal_array__rosidl_typesupport_introspection_c.h
-- Symlinking: /home/sws/autoware/install/autoware_perception_msgs/include/autoware_perception_msgs/autoware_perception_msgs/msg/rosidl_typesupport_introspection_c__visibility_control.h
-- Symlinking: /home/sws/autoware/install/autoware_perception_msgs/include/autoware_perception_msgs/autoware_perception_msgs/msg/detail/traffic_light__rosidl_typesupport_introspection_cpp.hpp
-- Symlinking: /home/sws/autoware/install/autoware_perception_msgs/include/autoware_perception_msgs/autoware_perception_msgs/msg/detail/traffic_light_array__rosidl_typesupport_introspection_cpp.hpp
-- Symlinking: /home/sws/autoware/install/autoware_perception_msgs/include/autoware_perception_msgs/autoware_perception_msgs/msg/detail/traffic_light_element__rosidl_typesupport_introspection_cpp.hpp
-- Symlinking: /home/sws/autoware/install/autoware_perception_msgs/include/autoware_perception_msgs/autoware_perception_msgs/msg/detail/traffic_signal__rosidl_typesupport_introspection_cpp.hpp
-- Symlinking: /home/sws/autoware/install/autoware_perception_msgs/include/autoware_perception_msgs/autoware_perception_msgs/msg/detail/traffic_signal_array__rosidl_typesupport_introspection_cpp.hpp
-- Symlinking: /home/sws/autoware/install/autoware_perception_msgs/share/autoware_perception_msgs/environment/pythonpath.sh
-- Symlinking: /home/sws/autoware/install/autoware_perception_msgs/share/autoware_perception_msgs/environment/pythonpath.dsv
-- Symlinking: /home/sws/autoware/install/autoware_perception_msgs/local/lib/python3.10/dist-packages/autoware_perception_msgs-1.0.0-py3.10.egg-info/PKG-INFO
-- Symlinking: /home/sws/autoware/install/autoware_perception_msgs/local/lib/python3.10/dist-packages/autoware_perception_msgs-1.0.0-py3.10.egg-info/SOURCES.txt
-- Symlinking: /home/sws/autoware/install/autoware_perception_msgs/local/lib/python3.10/dist-packages/autoware_perception_msgs-1.0.0-py3.10.egg-info/dependency_links.txt
-- Symlinking: /home/sws/autoware/install/autoware_perception_msgs/local/lib/python3.10/dist-packages/autoware_perception_msgs-1.0.0-py3.10.egg-info/top_level.txt
-- Symlinking: /home/sws/autoware/install/autoware_perception_msgs/local/lib/python3.10/dist-packages/autoware_perception_msgs/__init__.py
-- Symlinking: /home/sws/autoware/install/autoware_perception_msgs/local/lib/python3.10/dist-packages/autoware_perception_msgs/_autoware_perception_msgs_s.ep.rosidl_typesupport_c.c
-- Symlinking: /home/sws/autoware/install/autoware_perception_msgs/local/lib/python3.10/dist-packages/autoware_perception_msgs/_autoware_perception_msgs_s.ep.rosidl_typesupport_fastrtps_c.c
-- Symlinking: /home/sws/autoware/install/autoware_perception_msgs/local/lib/python3.10/dist-packages/autoware_perception_msgs/_autoware_perception_msgs_s.ep.rosidl_typesupport_introspection_c.c
-- Symlinking: /home/sws/autoware/install/autoware_perception_msgs/local/lib/python3.10/dist-packages/autoware_perception_msgs/autoware_perception_msgs_s__rosidl_typesupport_c.cpython-310-x86_64-linux-gnu.so
-- Symlinking: /home/sws/autoware/install/autoware_perception_msgs/local/lib/python3.10/dist-packages/autoware_perception_msgs/autoware_perception_msgs_s__rosidl_typesupport_fastrtps_c.cpython-310-x86_64-linux-gnu.so
-- Symlinking: /home/sws/autoware/install/autoware_perception_msgs/local/lib/python3.10/dist-packages/autoware_perception_msgs/autoware_perception_msgs_s__rosidl_typesupport_introspection_c.cpython-310-x86_64-linux-gnu.so
-- Symlinking: /home/sws/autoware/install/autoware_perception_msgs/local/lib/python3.10/dist-packages/autoware_perception_msgs/libautoware_perception_msgs__rosidl_generator_py.so
-- Symlinking: /home/sws/autoware/install/autoware_perception_msgs/local/lib/python3.10/dist-packages/autoware_perception_msgs/msg/__init__.py
-- Symlinking: /home/sws/autoware/install/autoware_perception_msgs/local/lib/python3.10/dist-packages/autoware_perception_msgs/msg/_traffic_light.py
-- Symlinking: /home/sws/autoware/install/autoware_perception_msgs/local/lib/python3.10/dist-packages/autoware_perception_msgs/msg/_traffic_light_array.py
-- Symlinking: /home/sws/autoware/install/autoware_perception_msgs/local/lib/python3.10/dist-packages/autoware_perception_msgs/msg/_traffic_light_array_s.c
-- Symlinking: /home/sws/autoware/install/autoware_perception_msgs/local/lib/python3.10/dist-packages/autoware_perception_msgs/msg/_traffic_light_element.py
-- Symlinking: /home/sws/autoware/install/autoware_perception_msgs/local/lib/python3.10/dist-packages/autoware_perception_msgs/msg/_traffic_light_element_s.c
-- Symlinking: /home/sws/autoware/install/autoware_perception_msgs/local/lib/python3.10/dist-packages/autoware_perception_msgs/msg/_traffic_light_s.c
-- Symlinking: /home/sws/autoware/install/autoware_perception_msgs/local/lib/python3.10/dist-packages/autoware_perception_msgs/msg/_traffic_signal.py
-- Symlinking: /home/sws/autoware/install/autoware_perception_msgs/local/lib/python3.10/dist-packages/autoware_perception_msgs/msg/_traffic_signal_array.py
-- Symlinking: /home/sws/autoware/install/autoware_perception_msgs/local/lib/python3.10/dist-packages/autoware_perception_msgs/msg/_traffic_signal_array_s.c
-- Symlinking: /home/sws/autoware/install/autoware_perception_msgs/local/lib/python3.10/dist-packages/autoware_perception_msgs/msg/_traffic_signal_s.c
-- Up-to-date symlink: /home/sws/autoware/install/autoware_perception_msgs/local/lib/python3.10/dist-packages/autoware_perception_msgs/autoware_perception_msgs_s__rosidl_typesupport_fastrtps_c.cpython-310-x86_64-linux-gnu.so
-- Up-to-date symlink: /home/sws/autoware/install/autoware_perception_msgs/local/lib/python3.10/dist-packages/autoware_perception_msgs/autoware_perception_msgs_s__rosidl_typesupport_introspection_c.cpython-310-x86_64-linux-gnu.so
-- Up-to-date symlink: /home/sws/autoware/install/autoware_perception_msgs/local/lib/python3.10/dist-packages/autoware_perception_msgs/autoware_perception_msgs_s__rosidl_typesupport_c.cpython-310-x86_64-linux-gnu.so
-- Symlinking: /home/sws/autoware/install/autoware_perception_msgs/share/autoware_perception_msgs/msg/TrafficLight.idl
-- Symlinking: /home/sws/autoware/install/autoware_perception_msgs/share/autoware_perception_msgs/msg/TrafficLightArray.idl
-- Symlinking: /home/sws/autoware/install/autoware_perception_msgs/share/autoware_perception_msgs/msg/TrafficLightElement.idl
-- Symlinking: /home/sws/autoware/install/autoware_perception_msgs/share/autoware_perception_msgs/msg/TrafficSignal.idl
-- Symlinking: /home/sws/autoware/install/autoware_perception_msgs/share/autoware_perception_msgs/msg/TrafficSignalArray.idl
-- Symlinking: /home/sws/autoware/install/autoware_perception_msgs/share/autoware_perception_msgs/msg/TrafficLight.msg
-- Symlinking: /home/sws/autoware/install/autoware_perception_msgs/share/autoware_perception_msgs/msg/TrafficLightArray.msg
-- Symlinking: /home/sws/autoware/install/autoware_perception_msgs/share/autoware_perception_msgs/msg/TrafficLightElement.msg
-- Symlinking: /home/sws/autoware/install/autoware_perception_msgs/share/autoware_perception_msgs/msg/TrafficSignal.msg
-- Symlinking: /home/sws/autoware/install/autoware_perception_msgs/share/autoware_perception_msgs/msg/TrafficSignalArray.msg
-- Symlinking: /home/sws/autoware/install/autoware_perception_msgs/share/ament_index/resource_index/package_run_dependencies/autoware_perception_msgs
-- Symlinking: /home/sws/autoware/install/autoware_perception_msgs/share/ament_index/resource_index/parent_prefix_path/autoware_perception_msgs
-- Symlinking: /home/sws/autoware/install/autoware_perception_msgs/share/autoware_perception_msgs/environment/ament_prefix_path.sh
-- Symlinking: /home/sws/autoware/install/autoware_perception_msgs/share/autoware_perception_msgs/environment/ament_prefix_path.dsv
-- Symlinking: /home/sws/autoware/install/autoware_perception_msgs/share/autoware_perception_msgs/environment/path.sh
-- Symlinking: /home/sws/autoware/install/autoware_perception_msgs/share/autoware_perception_msgs/environment/path.dsv
-- Symlinking: /home/sws/autoware/install/autoware_perception_msgs/share/autoware_perception_msgs/local_setup.bash
-- Symlinking: /home/sws/autoware/install/autoware_perception_msgs/share/autoware_perception_msgs/local_setup.sh
-- Symlinking: /home/sws/autoware/install/autoware_perception_msgs/share/autoware_perception_msgs/local_setup.zsh
-- Symlinking: /home/sws/autoware/install/autoware_perception_msgs/share/autoware_perception_msgs/local_setup.dsv
-- Symlinking: /home/sws/autoware/install/autoware_perception_msgs/share/autoware_perception_msgs/package.dsv
-- Symlinking: /home/sws/autoware/install/autoware_perception_msgs/share/ament_index/resource_index/packages/autoware_perception_msgs
-- Symlinking: /home/sws/autoware/install/autoware_perception_msgs/share/autoware_perception_msgs/cmake/rosidl_cmake-extras.cmake
-- Symlinking: /home/sws/autoware/install/autoware_perception_msgs/share/autoware_perception_msgs/cmake/ament_cmake_export_dependencies-extras.cmake
-- Symlinking: /home/sws/autoware/install/autoware_perception_msgs/share/autoware_perception_msgs/cmake/ament_cmake_export_include_directories-extras.cmake
-- Symlinking: /home/sws/autoware/install/autoware_perception_msgs/share/autoware_perception_msgs/cmake/ament_cmake_export_libraries-extras.cmake
-- Symlinking: /home/sws/autoware/install/autoware_perception_msgs/share/autoware_perception_msgs/cmake/ament_cmake_export_targets-extras.cmake
-- Symlinking: /home/sws/autoware/install/autoware_perception_msgs/share/autoware_perception_msgs/cmake/rosidl_cmake_export_typesupport_targets-extras.cmake
-- Symlinking: /home/sws/autoware/install/autoware_perception_msgs/share/autoware_perception_msgs/cmake/rosidl_cmake_export_typesupport_libraries-extras.cmake
-- Symlinking: /home/sws/autoware/install/autoware_perception_msgs/share/autoware_perception_msgs/cmake/autoware_perception_msgsConfig.cmake
-- Symlinking: /home/sws/autoware/install/autoware_perception_msgs/share/autoware_perception_msgs/cmake/autoware_perception_msgsConfig-version.cmake
-- Symlinking: /home/sws/autoware/install/autoware_perception_msgs/share/autoware_perception_msgs/package.xml
-- Installing: /home/sws/autoware/install/autoware_perception_msgs/lib/libautoware_perception_msgs__rosidl_generator_c.so
-- Set runtime path of "/home/sws/autoware/install/autoware_perception_msgs/lib/libautoware_perception_msgs__rosidl_generator_c.so" to ""
-- Installing: /home/sws/autoware/install/autoware_perception_msgs/lib/libautoware_perception_msgs__rosidl_typesupport_fastrtps_c.so
-- Set runtime path of "/home/sws/autoware/install/autoware_perception_msgs/lib/libautoware_perception_msgs__rosidl_typesupport_fastrtps_c.so" to ""
-- Installing: /home/sws/autoware/install/autoware_perception_msgs/lib/libautoware_perception_msgs__rosidl_typesupport_fastrtps_cpp.so
-- Set runtime path of "/home/sws/autoware/install/autoware_perception_msgs/lib/libautoware_perception_msgs__rosidl_typesupport_fastrtps_cpp.so" to ""
-- Installing: /home/sws/autoware/install/autoware_perception_msgs/lib/libautoware_perception_msgs__rosidl_typesupport_introspection_c.so
-- Set runtime path of "/home/sws/autoware/install/autoware_perception_msgs/lib/libautoware_perception_msgs__rosidl_typesupport_introspection_c.so" to ""
-- Installing: /home/sws/autoware/install/autoware_perception_msgs/lib/libautoware_perception_msgs__rosidl_typesupport_c.so
-- Set runtime path of "/home/sws/autoware/install/autoware_perception_msgs/lib/libautoware_perception_msgs__rosidl_typesupport_c.so" to ""
-- Installing: /home/sws/autoware/install/autoware_perception_msgs/lib/libautoware_perception_msgs__rosidl_typesupport_introspection_cpp.so
-- Set runtime path of "/home/sws/autoware/install/autoware_perception_msgs/lib/libautoware_perception_msgs__rosidl_typesupport_introspection_cpp.so" to ""
-- Installing: /home/sws/autoware/install/autoware_perception_msgs/lib/libautoware_perception_msgs__rosidl_typesupport_cpp.so
-- Set runtime path of "/home/sws/autoware/install/autoware_perception_msgs/lib/libautoware_perception_msgs__rosidl_typesupport_cpp.so" to ""
Listing '/home/sws/autoware/install/autoware_perception_msgs/local/lib/python3.10/dist-packages/autoware_perception_msgs'...
Compiling '/home/sws/autoware/install/autoware_perception_msgs/local/lib/python3.10/dist-packages/autoware_perception_msgs/__init__.py'...
Listing '/home/sws/autoware/install/autoware_perception_msgs/local/lib/python3.10/dist-packages/autoware_perception_msgs/msg'...
Compiling '/home/sws/autoware/install/autoware_perception_msgs/local/lib/python3.10/dist-packages/autoware_perception_msgs/msg/__init__.py'...
Compiling '/home/sws/autoware/install/autoware_perception_msgs/local/lib/python3.10/dist-packages/autoware_perception_msgs/msg/_traffic_light.py'...
Compiling '/home/sws/autoware/install/autoware_perception_msgs/local/lib/python3.10/dist-packages/autoware_perception_msgs/msg/_traffic_light_array.py'...
Compiling '/home/sws/autoware/install/autoware_perception_msgs/local/lib/python3.10/dist-packages/autoware_perception_msgs/msg/_traffic_light_element.py'...
Compiling '/home/sws/autoware/install/autoware_perception_msgs/local/lib/python3.10/dist-packages/autoware_perception_msgs/msg/_traffic_signal.py'...
Compiling '/home/sws/autoware/install/autoware_perception_msgs/local/lib/python3.10/dist-packages/autoware_perception_msgs/msg/_traffic_signal_array.py'...
-- Installing: /home/sws/autoware/install/autoware_perception_msgs/lib/libautoware_perception_msgs__rosidl_generator_py.so
-- Set runtime path of "/home/sws/autoware/install/autoware_perception_msgs/lib/libautoware_perception_msgs__rosidl_generator_py.so" to ""
-- Installing: /home/sws/autoware/install/autoware_perception_msgs/share/autoware_perception_msgs/cmake/export_autoware_perception_msgs__rosidl_generator_cExport.cmake
-- Installing: /home/sws/autoware/install/autoware_perception_msgs/share/autoware_perception_msgs/cmake/export_autoware_perception_msgs__rosidl_generator_cExport-release.cmake
-- Installing: /home/sws/autoware/install/autoware_perception_msgs/share/autoware_perception_msgs/cmake/export_autoware_perception_msgs__rosidl_typesupport_fastrtps_cExport.cmake
-- Installing: /home/sws/autoware/install/autoware_perception_msgs/share/autoware_perception_msgs/cmake/export_autoware_perception_msgs__rosidl_typesupport_fastrtps_cExport-release.cmake
-- Installing: /home/sws/autoware/install/autoware_perception_msgs/share/autoware_perception_msgs/cmake/export_autoware_perception_msgs__rosidl_generator_cppExport.cmake
-- Installing: /home/sws/autoware/install/autoware_perception_msgs/share/autoware_perception_msgs/cmake/export_autoware_perception_msgs__rosidl_typesupport_fastrtps_cppExport.cmake
-- Installing: /home/sws/autoware/install/autoware_perception_msgs/share/autoware_perception_msgs/cmake/export_autoware_perception_msgs__rosidl_typesupport_fastrtps_cppExport-release.cmake
-- Installing: /home/sws/autoware/install/autoware_perception_msgs/share/autoware_perception_msgs/cmake/autoware_perception_msgs__rosidl_typesupport_introspection_cExport.cmake
-- Installing: /home/sws/autoware/install/autoware_perception_msgs/share/autoware_perception_msgs/cmake/autoware_perception_msgs__rosidl_typesupport_introspection_cExport-release.cmake
-- Installing: /home/sws/autoware/install/autoware_perception_msgs/share/autoware_perception_msgs/cmake/autoware_perception_msgs__rosidl_typesupport_cExport.cmake
-- Installing: /home/sws/autoware/install/autoware_perception_msgs/share/autoware_perception_msgs/cmake/autoware_perception_msgs__rosidl_typesupport_cExport-release.cmake
-- Installing: /home/sws/autoware/install/autoware_perception_msgs/share/autoware_perception_msgs/cmake/autoware_perception_msgs__rosidl_typesupport_introspection_cppExport.cmake
-- Installing: /home/sws/autoware/install/autoware_perception_msgs/share/autoware_perception_msgs/cmake/autoware_perception_msgs__rosidl_typesupport_introspection_cppExport-release.cmake
-- Installing: /home/sws/autoware/install/autoware_perception_msgs/share/autoware_perception_msgs/cmake/autoware_perception_msgs__rosidl_typesupport_cppExport.cmake
-- Installing: /home/sws/autoware/install/autoware_perception_msgs/share/autoware_perception_msgs/cmake/autoware_perception_msgs__rosidl_typesupport_cppExport-release.cmake
-- Installing: /home/sws/autoware/install/autoware_perception_msgs/share/autoware_perception_msgs/cmake/export_autoware_perception_msgs__rosidl_generator_pyExport.cmake
-- Installing: /home/sws/autoware/install/autoware_perception_msgs/share/autoware_perception_msgs/cmake/export_autoware_perception_msgs__rosidl_generator_pyExport-release.cmake
