[0.079s] Invoking command in '/home/sws/autoware/build/autoware_perception_msgs': CMAKE_PREFIX_PATH=/opt/ros/humble /usr/bin/cmake /home/sws/autoware/src/core/autoware_msgs/autoware_perception_msgs -DCMAKE_BUILD_TYPE=Release -DAMENT_CMAKE_SYMLINK_INSTALL=1 -DCMAKE_INSTALL_PREFIX=/home/sws/autoware/install/autoware_perception_msgs
[2.564s] -- The C compiler identification is GNU 11.3.0
[2.564s] -- The CXX compiler identification is GNU 11.3.0
[2.564s] -- Detecting C compiler ABI info
[2.564s] -- Detecting C compiler ABI info - done
[2.564s] -- Check for working C compiler: /usr/bin/cc - skipped
[2.564s] -- Detecting C compile features
[2.565s] -- Detecting C compile features - done
[2.565s] -- Detecting CXX compiler ABI info
[2.565s] -- Detecting CXX compiler ABI info - done
[2.565s] -- Check for working CXX compiler: /usr/bin/c++ - skipped
[2.565s] -- Detecting CXX compile features
[2.565s] -- Detecting CXX compile features - done
[2.570s] -- Found ament_cmake_auto: 1.3.3 (/opt/ros/humble/share/ament_cmake_auto/cmake)
[2.570s] -- Found Python3: /usr/bin/python3.10 (found version "3.10.6") found components: Interpreter 
[2.570s] -- Override CMake install command with custom implementation using symlinks instead of copying resources
[2.570s] -- Found rosidl_generator_c: 3.1.4 (/opt/ros/humble/share/rosidl_generator_c/cmake)
[2.570s] -- Found rosidl_adapter: 3.1.4 (/opt/ros/humble/share/rosidl_adapter/cmake)
[2.570s] -- Found rosidl_generator_cpp: 3.1.4 (/opt/ros/humble/share/rosidl_generator_cpp/cmake)
[2.571s] -- Using all available rosidl_typesupport_c: rosidl_typesupport_fastrtps_c;rosidl_typesupport_introspection_c
[2.571s] -- Using all available rosidl_typesupport_cpp: rosidl_typesupport_fastrtps_cpp;rosidl_typesupport_introspection_cpp
[2.571s] -- Found ament_cmake_ros: 0.10.0 (/opt/ros/humble/share/ament_cmake_ros/cmake)
[2.571s] -- Using all available rosidl_typesupport_c: rosidl_typesupport_fastrtps_c;rosidl_typesupport_introspection_c
[2.571s] -- Using all available rosidl_typesupport_cpp: rosidl_typesupport_fastrtps_cpp;rosidl_typesupport_introspection_cpp
[2.571s] -- Found PythonInterp: /usr/bin/python3 (found suitable version "3.10.6", minimum required is "3.6") 
[2.571s] -- Found python_cmake_module: 0.10.0 (/opt/ros/humble/share/python_cmake_module/cmake)
[2.571s] -- Found PythonLibs: /usr/lib/x86_64-linux-gnu/libpython3.10.so (found suitable version "3.10.6", minimum required is "3.5") 
[2.571s] -- Using PYTHON_EXECUTABLE: /usr/bin/python3
[2.571s] -- Using PYTHON_INCLUDE_DIRS: /usr/include/python3.10
[2.571s] -- Using PYTHON_LIBRARIES: /usr/lib/x86_64-linux-gnu/libpython3.10.so
[2.572s] -- Found PythonExtra: .so  
[2.572s] -- Configuring done
[2.572s] -- Generating done
[2.572s] -- Build files have been written to: /home/sws/autoware/build/autoware_perception_msgs
[2.578s] Invoked command in '/home/sws/autoware/build/autoware_perception_msgs' returned '0': CMAKE_PREFIX_PATH=/opt/ros/humble /usr/bin/cmake /home/sws/autoware/src/core/autoware_msgs/autoware_perception_msgs -DCMAKE_BUILD_TYPE=Release -DAMENT_CMAKE_SYMLINK_INSTALL=1 -DCMAKE_INSTALL_PREFIX=/home/sws/autoware/install/autoware_perception_msgs
[2.578s] Invoking command in '/home/sws/autoware/build/autoware_perception_msgs': CMAKE_PREFIX_PATH=/opt/ros/humble /usr/bin/cmake --build /home/sws/autoware/build/autoware_perception_msgs -- -j16 -l16
[6.083s] [  1%] [34m[1mGenerating C++ code for ROS interfaces[0m
[6.083s] [  1%] Built target autoware_perception_msgs__cpp
[6.083s] [  1%] Built target ament_cmake_python_symlink_autoware_perception_msgs
[6.084s] [  3%] [34m[1mGenerating C++ introspection for ROS interfaces[0m
[6.084s] [  4%] [32mBuilding CXX object CMakeFiles/autoware_perception_msgs__rosidl_typesupport_introspection_cpp.dir/rosidl_typesupport_introspection_cpp/autoware_perception_msgs/msg/detail/traffic_light__type_support.cpp.o[0m
[6.084s] [  6%] [32mBuilding CXX object CMakeFiles/autoware_perception_msgs__rosidl_typesupport_introspection_cpp.dir/rosidl_typesupport_introspection_cpp/autoware_perception_msgs/msg/detail/traffic_signal_array__type_support.cpp.o[0m
[6.354s] [  7%] [32mBuilding CXX object CMakeFiles/autoware_perception_msgs__rosidl_typesupport_introspection_cpp.dir/rosidl_typesupport_introspection_cpp/autoware_perception_msgs/msg/detail/traffic_signal__type_support.cpp.o[0m
[7.065s] [  9%] [32mBuilding CXX object CMakeFiles/autoware_perception_msgs__rosidl_typesupport_introspection_cpp.dir/rosidl_typesupport_introspection_cpp/autoware_perception_msgs/msg/detail/traffic_light_element__type_support.cpp.o[0m
[7.724s] [ 11%] [32mBuilding CXX object CMakeFiles/autoware_perception_msgs__rosidl_typesupport_introspection_cpp.dir/rosidl_typesupport_introspection_cpp/autoware_perception_msgs/msg/detail/traffic_light_array__type_support.cpp.o[0m
[8.490s] [ 12%] [32m[1mLinking CXX shared library libautoware_perception_msgs__rosidl_typesupport_introspection_cpp.so[0m
[8.593s] [ 12%] Built target autoware_perception_msgs__rosidl_typesupport_introspection_cpp
[9.127s] running egg_info
[9.128s] creating autoware_perception_msgs.egg-info
[9.129s] writing autoware_perception_msgs.egg-info/PKG-INFO
[9.129s] writing dependency_links to autoware_perception_msgs.egg-info/dependency_links.txt
[9.129s] writing top-level names to autoware_perception_msgs.egg-info/top_level.txt
[9.129s] writing manifest file 'autoware_perception_msgs.egg-info/SOURCES.txt'
[9.134s] reading manifest file 'autoware_perception_msgs.egg-info/SOURCES.txt'
[9.135s] writing manifest file 'autoware_perception_msgs.egg-info/SOURCES.txt'
[9.177s] [ 12%] Built target ament_cmake_python_build_autoware_perception_msgs_egg
[9.199s] [ 14%] [34m[1mGenerating C++ type support for eProsima Fast-RTPS[0m
[10.177s] [ 15%] [32mBuilding CXX object CMakeFiles/autoware_perception_msgs__rosidl_typesupport_fastrtps_cpp.dir/rosidl_typesupport_fastrtps_cpp/autoware_perception_msgs/msg/detail/dds_fastrtps/traffic_light__type_support.cpp.o[0m
[10.967s] [ 17%] [32mBuilding CXX object CMakeFiles/autoware_perception_msgs__rosidl_typesupport_fastrtps_cpp.dir/rosidl_typesupport_fastrtps_cpp/autoware_perception_msgs/msg/detail/dds_fastrtps/traffic_signal_array__type_support.cpp.o[0m
[11.747s] [ 19%] [32mBuilding CXX object CMakeFiles/autoware_perception_msgs__rosidl_typesupport_fastrtps_cpp.dir/rosidl_typesupport_fastrtps_cpp/autoware_perception_msgs/msg/detail/dds_fastrtps/traffic_signal__type_support.cpp.o[0m
[12.506s] [ 20%] [32mBuilding CXX object CMakeFiles/autoware_perception_msgs__rosidl_typesupport_fastrtps_cpp.dir/rosidl_typesupport_fastrtps_cpp/autoware_perception_msgs/msg/detail/dds_fastrtps/traffic_light_element__type_support.cpp.o[0m
[13.182s] [ 22%] [32mBuilding CXX object CMakeFiles/autoware_perception_msgs__rosidl_typesupport_fastrtps_cpp.dir/rosidl_typesupport_fastrtps_cpp/autoware_perception_msgs/msg/detail/dds_fastrtps/traffic_light_array__type_support.cpp.o[0m
[14.031s] [ 23%] [32m[1mLinking CXX shared library libautoware_perception_msgs__rosidl_typesupport_fastrtps_cpp.so[0m
[14.163s] [ 23%] Built target autoware_perception_msgs__rosidl_typesupport_fastrtps_cpp
[14.191s] [ 25%] [34m[1mGenerating C++ type support dispatch for ROS interfaces[0m
[14.971s] [ 26%] [32mBuilding CXX object CMakeFiles/autoware_perception_msgs__rosidl_typesupport_cpp.dir/rosidl_typesupport_cpp/autoware_perception_msgs/msg/traffic_light__type_support.cpp.o[0m
[15.436s] [ 28%] [32mBuilding CXX object CMakeFiles/autoware_perception_msgs__rosidl_typesupport_cpp.dir/rosidl_typesupport_cpp/autoware_perception_msgs/msg/traffic_signal_array__type_support.cpp.o[0m
[15.873s] [ 30%] [32mBuilding CXX object CMakeFiles/autoware_perception_msgs__rosidl_typesupport_cpp.dir/rosidl_typesupport_cpp/autoware_perception_msgs/msg/traffic_signal__type_support.cpp.o[0m
[16.387s] [ 31%] [32mBuilding CXX object CMakeFiles/autoware_perception_msgs__rosidl_typesupport_cpp.dir/rosidl_typesupport_cpp/autoware_perception_msgs/msg/traffic_light_element__type_support.cpp.o[0m
[16.821s] [ 33%] [32mBuilding CXX object CMakeFiles/autoware_perception_msgs__rosidl_typesupport_cpp.dir/rosidl_typesupport_cpp/autoware_perception_msgs/msg/traffic_light_array__type_support.cpp.o[0m
[17.242s] [ 34%] [32m[1mLinking CXX shared library libautoware_perception_msgs__rosidl_typesupport_cpp.so[0m
[17.300s] [ 34%] Built target autoware_perception_msgs__rosidl_typesupport_cpp
[17.313s] [ 36%] [34m[1mGenerating C code for ROS interfaces[0m
[18.410s] [ 38%] [32mBuilding C object CMakeFiles/autoware_perception_msgs__rosidl_generator_c.dir/rosidl_generator_c/autoware_perception_msgs/msg/detail/traffic_light__functions.c.o[0m
[18.546s] [ 39%] [32mBuilding C object CMakeFiles/autoware_perception_msgs__rosidl_generator_c.dir/rosidl_generator_c/autoware_perception_msgs/msg/detail/traffic_signal_array__functions.c.o[0m
[18.702s] [ 41%] [32mBuilding C object CMakeFiles/autoware_perception_msgs__rosidl_generator_c.dir/rosidl_generator_c/autoware_perception_msgs/msg/detail/traffic_signal__functions.c.o[0m
[18.856s] [ 42%] [32mBuilding C object CMakeFiles/autoware_perception_msgs__rosidl_generator_c.dir/rosidl_generator_c/autoware_perception_msgs/msg/detail/traffic_light_element__functions.c.o[0m
[19.002s] [ 44%] [32mBuilding C object CMakeFiles/autoware_perception_msgs__rosidl_generator_c.dir/rosidl_generator_c/autoware_perception_msgs/msg/detail/traffic_light_array__functions.c.o[0m
[19.154s] [ 46%] [32m[1mLinking C shared library libautoware_perception_msgs__rosidl_generator_c.so[0m
[19.210s] [ 46%] Built target autoware_perception_msgs__rosidl_generator_c
[19.227s] [ 47%] [34m[1mGenerating C type support for eProsima Fast-RTPS[0m
[20.162s] [ 49%] [32mBuilding CXX object CMakeFiles/autoware_perception_msgs__rosidl_typesupport_fastrtps_c.dir/rosidl_typesupport_fastrtps_c/autoware_perception_msgs/msg/detail/traffic_light__type_support_c.cpp.o[0m
[20.734s] [ 50%] [32mBuilding CXX object CMakeFiles/autoware_perception_msgs__rosidl_typesupport_fastrtps_c.dir/rosidl_typesupport_fastrtps_c/autoware_perception_msgs/msg/detail/traffic_signal_array__type_support_c.cpp.o[0m
[21.250s] [ 52%] [32mBuilding CXX object CMakeFiles/autoware_perception_msgs__rosidl_typesupport_fastrtps_c.dir/rosidl_typesupport_fastrtps_c/autoware_perception_msgs/msg/detail/traffic_signal__type_support_c.cpp.o[0m
[21.839s] [ 53%] [32mBuilding CXX object CMakeFiles/autoware_perception_msgs__rosidl_typesupport_fastrtps_c.dir/rosidl_typesupport_fastrtps_c/autoware_perception_msgs/msg/detail/traffic_light_element__type_support_c.cpp.o[0m
[22.337s] [ 55%] [32mBuilding CXX object CMakeFiles/autoware_perception_msgs__rosidl_typesupport_fastrtps_c.dir/rosidl_typesupport_fastrtps_c/autoware_perception_msgs/msg/detail/traffic_light_array__type_support_c.cpp.o[0m
[22.833s] [ 57%] [32m[1mLinking CXX shared library libautoware_perception_msgs__rosidl_typesupport_fastrtps_c.so[0m
[22.945s] [ 57%] Built target autoware_perception_msgs__rosidl_typesupport_fastrtps_c
[22.958s] [ 58%] [34m[1mGenerating C type support dispatch for ROS interfaces[0m
[23.413s] [ 60%] [32mBuilding CXX object CMakeFiles/autoware_perception_msgs__rosidl_typesupport_c.dir/rosidl_typesupport_c/autoware_perception_msgs/msg/traffic_light__type_support.cpp.o[0m
[23.438s] [ 61%] [32mBuilding CXX object CMakeFiles/autoware_perception_msgs__rosidl_typesupport_c.dir/rosidl_typesupport_c/autoware_perception_msgs/msg/traffic_signal_array__type_support.cpp.o[0m
[23.465s] [ 63%] [32mBuilding CXX object CMakeFiles/autoware_perception_msgs__rosidl_typesupport_c.dir/rosidl_typesupport_c/autoware_perception_msgs/msg/traffic_signal__type_support.cpp.o[0m
[23.492s] [ 65%] [32mBuilding CXX object CMakeFiles/autoware_perception_msgs__rosidl_typesupport_c.dir/rosidl_typesupport_c/autoware_perception_msgs/msg/traffic_light_element__type_support.cpp.o[0m
[23.518s] [ 66%] [32mBuilding CXX object CMakeFiles/autoware_perception_msgs__rosidl_typesupport_c.dir/rosidl_typesupport_c/autoware_perception_msgs/msg/traffic_light_array__type_support.cpp.o[0m
[23.544s] [ 68%] [32m[1mLinking CXX shared library libautoware_perception_msgs__rosidl_typesupport_c.so[0m
[23.580s] [ 68%] Built target autoware_perception_msgs__rosidl_typesupport_c
[23.588s] [ 69%] [34m[1mGenerating C introspection for ROS interfaces[0m
[24.451s] [ 71%] [32mBuilding C object CMakeFiles/autoware_perception_msgs__rosidl_typesupport_introspection_c.dir/rosidl_typesupport_introspection_c/autoware_perception_msgs/msg/detail/traffic_light__type_support.c.o[0m
[24.455s] [ 73%] [32mBuilding C object CMakeFiles/autoware_perception_msgs__rosidl_typesupport_introspection_c.dir/rosidl_typesupport_introspection_c/autoware_perception_msgs/msg/detail/traffic_light_array__type_support.c.o[0m
[24.527s] [ 74%] [32mBuilding C object CMakeFiles/autoware_perception_msgs__rosidl_typesupport_introspection_c.dir/rosidl_typesupport_introspection_c/autoware_perception_msgs/msg/detail/traffic_signal_array__type_support.c.o[0m
[24.536s] [ 76%] [32mBuilding C object CMakeFiles/autoware_perception_msgs__rosidl_typesupport_introspection_c.dir/rosidl_typesupport_introspection_c/autoware_perception_msgs/msg/detail/traffic_signal__type_support.c.o[0m
[24.602s] [ 77%] [32mBuilding C object CMakeFiles/autoware_perception_msgs__rosidl_typesupport_introspection_c.dir/rosidl_typesupport_introspection_c/autoware_perception_msgs/msg/detail/traffic_light_element__type_support.c.o[0m
[24.654s] [ 79%] [32m[1mLinking C shared library libautoware_perception_msgs__rosidl_typesupport_introspection_c.so[0m
[24.695s] [ 79%] Built target autoware_perception_msgs__rosidl_typesupport_introspection_c
[24.722s] [ 79%] Built target autoware_perception_msgs
[24.749s] [ 80%] [34m[1mGenerating Python code for ROS interfaces[0m
[26.266s] [ 80%] Built target autoware_perception_msgs__py
[26.292s] [ 82%] [32mBuilding C object CMakeFiles/autoware_perception_msgs__rosidl_generator_py.dir/rosidl_generator_py/autoware_perception_msgs/msg/_traffic_light_array_s.c.o[0m
[26.293s] [ 84%] [32mBuilding C object CMakeFiles/autoware_perception_msgs__rosidl_generator_py.dir/rosidl_generator_py/autoware_perception_msgs/msg/_traffic_light_s.c.o[0m
[26.515s] [ 85%] [32mBuilding C object CMakeFiles/autoware_perception_msgs__rosidl_generator_py.dir/rosidl_generator_py/autoware_perception_msgs/msg/_traffic_signal_array_s.c.o[0m
[26.554s] [ 87%] [32mBuilding C object CMakeFiles/autoware_perception_msgs__rosidl_generator_py.dir/rosidl_generator_py/autoware_perception_msgs/msg/_traffic_signal_s.c.o[0m
[26.734s] [ 88%] [32mBuilding C object CMakeFiles/autoware_perception_msgs__rosidl_generator_py.dir/rosidl_generator_py/autoware_perception_msgs/msg/_traffic_light_element_s.c.o[0m
[26.936s] [ 90%] [32m[1mLinking C shared library rosidl_generator_py/autoware_perception_msgs/libautoware_perception_msgs__rosidl_generator_py.so[0m
[26.992s] [ 90%] Built target autoware_perception_msgs__rosidl_generator_py
[27.019s] [ 92%] [32mBuilding C object CMakeFiles/autoware_perception_msgs__rosidl_typesupport_introspection_c__pyext.dir/rosidl_generator_py/autoware_perception_msgs/_autoware_perception_msgs_s.ep.rosidl_typesupport_introspection_c.c.o[0m
[27.019s] [ 93%] [32mBuilding C object CMakeFiles/autoware_perception_msgs__rosidl_typesupport_fastrtps_c__pyext.dir/rosidl_generator_py/autoware_perception_msgs/_autoware_perception_msgs_s.ep.rosidl_typesupport_fastrtps_c.c.o[0m
[27.267s] [ 95%] [32m[1mLinking C shared library rosidl_generator_py/autoware_perception_msgs/autoware_perception_msgs_s__rosidl_typesupport_fastrtps_c.cpython-310-x86_64-linux-gnu.so[0m
[27.283s] [ 96%] [32m[1mLinking C shared library rosidl_generator_py/autoware_perception_msgs/autoware_perception_msgs_s__rosidl_typesupport_introspection_c.cpython-310-x86_64-linux-gnu.so[0m
[27.311s] [ 96%] Built target autoware_perception_msgs__rosidl_typesupport_fastrtps_c__pyext
[27.334s] [ 98%] [32mBuilding C object CMakeFiles/autoware_perception_msgs__rosidl_typesupport_c__pyext.dir/rosidl_generator_py/autoware_perception_msgs/_autoware_perception_msgs_s.ep.rosidl_typesupport_c.c.o[0m
[27.344s] [ 98%] Built target autoware_perception_msgs__rosidl_typesupport_introspection_c__pyext
[27.619s] [100%] [32m[1mLinking C shared library rosidl_generator_py/autoware_perception_msgs/autoware_perception_msgs_s__rosidl_typesupport_c.cpython-310-x86_64-linux-gnu.so[0m
[27.654s] [100%] Built target autoware_perception_msgs__rosidl_typesupport_c__pyext
[27.676s] Invoked command in '/home/sws/autoware/build/autoware_perception_msgs' returned '0': CMAKE_PREFIX_PATH=/opt/ros/humble /usr/bin/cmake --build /home/sws/autoware/build/autoware_perception_msgs -- -j16 -l16
[27.982s] Invoking command in '/home/sws/autoware/build/autoware_perception_msgs': CMAKE_PREFIX_PATH=/opt/ros/humble /usr/bin/cmake --install /home/sws/autoware/build/autoware_perception_msgs
[36.839s] -- Install configuration: "Release"
[36.840s] -- Execute custom install script
[36.840s] -- Symlinking: /home/sws/autoware/install/autoware_perception_msgs/share/ament_index/resource_index/rosidl_interfaces/autoware_perception_msgs
[36.840s] -- Symlinking: /home/sws/autoware/install/autoware_perception_msgs/include/autoware_perception_msgs/autoware_perception_msgs/msg/detail/traffic_light__functions.h
[36.840s] -- Symlinking: /home/sws/autoware/install/autoware_perception_msgs/include/autoware_perception_msgs/autoware_perception_msgs/msg/detail/traffic_light__struct.h
[36.840s] -- Symlinking: /home/sws/autoware/install/autoware_perception_msgs/include/autoware_perception_msgs/autoware_perception_msgs/msg/detail/traffic_light__type_support.h
[36.841s] -- Symlinking: /home/sws/autoware/install/autoware_perception_msgs/include/autoware_perception_msgs/autoware_perception_msgs/msg/detail/traffic_light_array__functions.h
[36.841s] -- Symlinking: /home/sws/autoware/install/autoware_perception_msgs/include/autoware_perception_msgs/autoware_perception_msgs/msg/detail/traffic_light_array__struct.h
[36.841s] -- Symlinking: /home/sws/autoware/install/autoware_perception_msgs/include/autoware_perception_msgs/autoware_perception_msgs/msg/detail/traffic_light_array__type_support.h
[36.841s] -- Symlinking: /home/sws/autoware/install/autoware_perception_msgs/include/autoware_perception_msgs/autoware_perception_msgs/msg/detail/traffic_light_element__functions.h
[36.841s] -- Symlinking: /home/sws/autoware/install/autoware_perception_msgs/include/autoware_perception_msgs/autoware_perception_msgs/msg/detail/traffic_light_element__struct.h
[36.841s] -- Symlinking: /home/sws/autoware/install/autoware_perception_msgs/include/autoware_perception_msgs/autoware_perception_msgs/msg/detail/traffic_light_element__type_support.h
[36.841s] -- Symlinking: /home/sws/autoware/install/autoware_perception_msgs/include/autoware_perception_msgs/autoware_perception_msgs/msg/detail/traffic_signal__functions.h
[36.841s] -- Symlinking: /home/sws/autoware/install/autoware_perception_msgs/include/autoware_perception_msgs/autoware_perception_msgs/msg/detail/traffic_signal__struct.h
[36.841s] -- Symlinking: /home/sws/autoware/install/autoware_perception_msgs/include/autoware_perception_msgs/autoware_perception_msgs/msg/detail/traffic_signal__type_support.h
[36.841s] -- Symlinking: /home/sws/autoware/install/autoware_perception_msgs/include/autoware_perception_msgs/autoware_perception_msgs/msg/detail/traffic_signal_array__functions.h
[36.841s] -- Symlinking: /home/sws/autoware/install/autoware_perception_msgs/include/autoware_perception_msgs/autoware_perception_msgs/msg/detail/traffic_signal_array__struct.h
[36.841s] -- Symlinking: /home/sws/autoware/install/autoware_perception_msgs/include/autoware_perception_msgs/autoware_perception_msgs/msg/detail/traffic_signal_array__type_support.h
[36.842s] -- Symlinking: /home/sws/autoware/install/autoware_perception_msgs/include/autoware_perception_msgs/autoware_perception_msgs/msg/rosidl_generator_c__visibility_control.h
[36.842s] -- Symlinking: /home/sws/autoware/install/autoware_perception_msgs/include/autoware_perception_msgs/autoware_perception_msgs/msg/traffic_light.h
[36.842s] -- Symlinking: /home/sws/autoware/install/autoware_perception_msgs/include/autoware_perception_msgs/autoware_perception_msgs/msg/traffic_light_array.h
[36.842s] -- Symlinking: /home/sws/autoware/install/autoware_perception_msgs/include/autoware_perception_msgs/autoware_perception_msgs/msg/traffic_light_element.h
[36.842s] -- Symlinking: /home/sws/autoware/install/autoware_perception_msgs/include/autoware_perception_msgs/autoware_perception_msgs/msg/traffic_signal.h
[36.842s] -- Symlinking: /home/sws/autoware/install/autoware_perception_msgs/include/autoware_perception_msgs/autoware_perception_msgs/msg/traffic_signal_array.h
[36.842s] -- Symlinking: /home/sws/autoware/install/autoware_perception_msgs/share/autoware_perception_msgs/environment/library_path.sh
[36.842s] -- Symlinking: /home/sws/autoware/install/autoware_perception_msgs/share/autoware_perception_msgs/environment/library_path.dsv
[36.842s] -- Symlinking: /home/sws/autoware/install/autoware_perception_msgs/include/autoware_perception_msgs/autoware_perception_msgs/msg/detail/traffic_light__rosidl_typesupport_fastrtps_c.h
[36.842s] -- Symlinking: /home/sws/autoware/install/autoware_perception_msgs/include/autoware_perception_msgs/autoware_perception_msgs/msg/detail/traffic_light_array__rosidl_typesupport_fastrtps_c.h
[36.843s] -- Symlinking: /home/sws/autoware/install/autoware_perception_msgs/include/autoware_perception_msgs/autoware_perception_msgs/msg/detail/traffic_light_element__rosidl_typesupport_fastrtps_c.h
[36.843s] -- Symlinking: /home/sws/autoware/install/autoware_perception_msgs/include/autoware_perception_msgs/autoware_perception_msgs/msg/detail/traffic_signal__rosidl_typesupport_fastrtps_c.h
[36.843s] -- Symlinking: /home/sws/autoware/install/autoware_perception_msgs/include/autoware_perception_msgs/autoware_perception_msgs/msg/detail/traffic_signal_array__rosidl_typesupport_fastrtps_c.h
[36.843s] -- Symlinking: /home/sws/autoware/install/autoware_perception_msgs/include/autoware_perception_msgs/autoware_perception_msgs/msg/rosidl_typesupport_fastrtps_c__visibility_control.h
[36.843s] -- Symlinking: /home/sws/autoware/install/autoware_perception_msgs/include/autoware_perception_msgs/autoware_perception_msgs/msg/detail/traffic_light__builder.hpp
[36.843s] -- Symlinking: /home/sws/autoware/install/autoware_perception_msgs/include/autoware_perception_msgs/autoware_perception_msgs/msg/detail/traffic_light__struct.hpp
[36.843s] -- Symlinking: /home/sws/autoware/install/autoware_perception_msgs/include/autoware_perception_msgs/autoware_perception_msgs/msg/detail/traffic_light__traits.hpp
[36.843s] -- Symlinking: /home/sws/autoware/install/autoware_perception_msgs/include/autoware_perception_msgs/autoware_perception_msgs/msg/detail/traffic_light_array__builder.hpp
[36.843s] -- Symlinking: /home/sws/autoware/install/autoware_perception_msgs/include/autoware_perception_msgs/autoware_perception_msgs/msg/detail/traffic_light_array__struct.hpp
[36.843s] -- Symlinking: /home/sws/autoware/install/autoware_perception_msgs/include/autoware_perception_msgs/autoware_perception_msgs/msg/detail/traffic_light_array__traits.hpp
[36.844s] -- Symlinking: /home/sws/autoware/install/autoware_perception_msgs/include/autoware_perception_msgs/autoware_perception_msgs/msg/detail/traffic_light_element__builder.hpp
[36.844s] -- Symlinking: /home/sws/autoware/install/autoware_perception_msgs/include/autoware_perception_msgs/autoware_perception_msgs/msg/detail/traffic_light_element__struct.hpp
[36.844s] -- Symlinking: /home/sws/autoware/install/autoware_perception_msgs/include/autoware_perception_msgs/autoware_perception_msgs/msg/detail/traffic_light_element__traits.hpp
[36.844s] -- Symlinking: /home/sws/autoware/install/autoware_perception_msgs/include/autoware_perception_msgs/autoware_perception_msgs/msg/detail/traffic_signal__builder.hpp
[36.844s] -- Symlinking: /home/sws/autoware/install/autoware_perception_msgs/include/autoware_perception_msgs/autoware_perception_msgs/msg/detail/traffic_signal__struct.hpp
[36.844s] -- Symlinking: /home/sws/autoware/install/autoware_perception_msgs/include/autoware_perception_msgs/autoware_perception_msgs/msg/detail/traffic_signal__traits.hpp
[36.844s] -- Symlinking: /home/sws/autoware/install/autoware_perception_msgs/include/autoware_perception_msgs/autoware_perception_msgs/msg/detail/traffic_signal_array__builder.hpp
[36.844s] -- Symlinking: /home/sws/autoware/install/autoware_perception_msgs/include/autoware_perception_msgs/autoware_perception_msgs/msg/detail/traffic_signal_array__struct.hpp
[36.844s] -- Symlinking: /home/sws/autoware/install/autoware_perception_msgs/include/autoware_perception_msgs/autoware_perception_msgs/msg/detail/traffic_signal_array__traits.hpp
[36.844s] -- Symlinking: /home/sws/autoware/install/autoware_perception_msgs/include/autoware_perception_msgs/autoware_perception_msgs/msg/traffic_light.hpp
[36.844s] -- Symlinking: /home/sws/autoware/install/autoware_perception_msgs/include/autoware_perception_msgs/autoware_perception_msgs/msg/traffic_light_array.hpp
[36.845s] -- Symlinking: /home/sws/autoware/install/autoware_perception_msgs/include/autoware_perception_msgs/autoware_perception_msgs/msg/traffic_light_element.hpp
[36.845s] -- Symlinking: /home/sws/autoware/install/autoware_perception_msgs/include/autoware_perception_msgs/autoware_perception_msgs/msg/traffic_signal.hpp
[36.845s] -- Symlinking: /home/sws/autoware/install/autoware_perception_msgs/include/autoware_perception_msgs/autoware_perception_msgs/msg/traffic_signal_array.hpp
[36.845s] -- Symlinking: /home/sws/autoware/install/autoware_perception_msgs/include/autoware_perception_msgs/autoware_perception_msgs/msg/detail/traffic_light__rosidl_typesupport_fastrtps_cpp.hpp
[36.845s] -- Symlinking: /home/sws/autoware/install/autoware_perception_msgs/include/autoware_perception_msgs/autoware_perception_msgs/msg/detail/traffic_light_array__rosidl_typesupport_fastrtps_cpp.hpp
[36.845s] -- Symlinking: /home/sws/autoware/install/autoware_perception_msgs/include/autoware_perception_msgs/autoware_perception_msgs/msg/detail/traffic_light_element__rosidl_typesupport_fastrtps_cpp.hpp
[36.845s] -- Symlinking: /home/sws/autoware/install/autoware_perception_msgs/include/autoware_perception_msgs/autoware_perception_msgs/msg/detail/traffic_signal__rosidl_typesupport_fastrtps_cpp.hpp
[36.845s] -- Symlinking: /home/sws/autoware/install/autoware_perception_msgs/include/autoware_perception_msgs/autoware_perception_msgs/msg/detail/traffic_signal_array__rosidl_typesupport_fastrtps_cpp.hpp
[36.845s] -- Symlinking: /home/sws/autoware/install/autoware_perception_msgs/include/autoware_perception_msgs/autoware_perception_msgs/msg/rosidl_typesupport_fastrtps_cpp__visibility_control.h
[36.845s] -- Symlinking: /home/sws/autoware/install/autoware_perception_msgs/include/autoware_perception_msgs/autoware_perception_msgs/msg/detail/traffic_light__rosidl_typesupport_introspection_c.h
[36.845s] -- Symlinking: /home/sws/autoware/install/autoware_perception_msgs/include/autoware_perception_msgs/autoware_perception_msgs/msg/detail/traffic_light_array__rosidl_typesupport_introspection_c.h
[36.846s] -- Symlinking: /home/sws/autoware/install/autoware_perception_msgs/include/autoware_perception_msgs/autoware_perception_msgs/msg/detail/traffic_light_element__rosidl_typesupport_introspection_c.h
[36.846s] -- Symlinking: /home/sws/autoware/install/autoware_perception_msgs/include/autoware_perception_msgs/autoware_perception_msgs/msg/detail/traffic_signal__rosidl_typesupport_introspection_c.h
[36.846s] -- Symlinking: /home/sws/autoware/install/autoware_perception_msgs/include/autoware_perception_msgs/autoware_perception_msgs/msg/detail/traffic_signal_array__rosidl_typesupport_introspection_c.h
[36.846s] -- Symlinking: /home/sws/autoware/install/autoware_perception_msgs/include/autoware_perception_msgs/autoware_perception_msgs/msg/rosidl_typesupport_introspection_c__visibility_control.h
[36.846s] -- Symlinking: /home/sws/autoware/install/autoware_perception_msgs/include/autoware_perception_msgs/autoware_perception_msgs/msg/detail/traffic_light__rosidl_typesupport_introspection_cpp.hpp
[36.846s] -- Symlinking: /home/sws/autoware/install/autoware_perception_msgs/include/autoware_perception_msgs/autoware_perception_msgs/msg/detail/traffic_light_array__rosidl_typesupport_introspection_cpp.hpp
[36.846s] -- Symlinking: /home/sws/autoware/install/autoware_perception_msgs/include/autoware_perception_msgs/autoware_perception_msgs/msg/detail/traffic_light_element__rosidl_typesupport_introspection_cpp.hpp
[36.846s] -- Symlinking: /home/sws/autoware/install/autoware_perception_msgs/include/autoware_perception_msgs/autoware_perception_msgs/msg/detail/traffic_signal__rosidl_typesupport_introspection_cpp.hpp
[36.846s] -- Symlinking: /home/sws/autoware/install/autoware_perception_msgs/include/autoware_perception_msgs/autoware_perception_msgs/msg/detail/traffic_signal_array__rosidl_typesupport_introspection_cpp.hpp
[36.846s] -- Symlinking: /home/sws/autoware/install/autoware_perception_msgs/share/autoware_perception_msgs/environment/pythonpath.sh
[36.846s] -- Symlinking: /home/sws/autoware/install/autoware_perception_msgs/share/autoware_perception_msgs/environment/pythonpath.dsv
[36.847s] -- Symlinking: /home/sws/autoware/install/autoware_perception_msgs/local/lib/python3.10/dist-packages/autoware_perception_msgs-1.0.0-py3.10.egg-info/PKG-INFO
[36.847s] -- Symlinking: /home/sws/autoware/install/autoware_perception_msgs/local/lib/python3.10/dist-packages/autoware_perception_msgs-1.0.0-py3.10.egg-info/SOURCES.txt
[36.847s] -- Symlinking: /home/sws/autoware/install/autoware_perception_msgs/local/lib/python3.10/dist-packages/autoware_perception_msgs-1.0.0-py3.10.egg-info/dependency_links.txt
[36.847s] -- Symlinking: /home/sws/autoware/install/autoware_perception_msgs/local/lib/python3.10/dist-packages/autoware_perception_msgs-1.0.0-py3.10.egg-info/top_level.txt
[36.847s] -- Symlinking: /home/sws/autoware/install/autoware_perception_msgs/local/lib/python3.10/dist-packages/autoware_perception_msgs/__init__.py
[36.847s] -- Symlinking: /home/sws/autoware/install/autoware_perception_msgs/local/lib/python3.10/dist-packages/autoware_perception_msgs/_autoware_perception_msgs_s.ep.rosidl_typesupport_c.c
[36.847s] -- Symlinking: /home/sws/autoware/install/autoware_perception_msgs/local/lib/python3.10/dist-packages/autoware_perception_msgs/_autoware_perception_msgs_s.ep.rosidl_typesupport_fastrtps_c.c
[36.847s] -- Symlinking: /home/sws/autoware/install/autoware_perception_msgs/local/lib/python3.10/dist-packages/autoware_perception_msgs/_autoware_perception_msgs_s.ep.rosidl_typesupport_introspection_c.c
[36.847s] -- Symlinking: /home/sws/autoware/install/autoware_perception_msgs/local/lib/python3.10/dist-packages/autoware_perception_msgs/autoware_perception_msgs_s__rosidl_typesupport_c.cpython-310-x86_64-linux-gnu.so
[36.847s] -- Symlinking: /home/sws/autoware/install/autoware_perception_msgs/local/lib/python3.10/dist-packages/autoware_perception_msgs/autoware_perception_msgs_s__rosidl_typesupport_fastrtps_c.cpython-310-x86_64-linux-gnu.so
[36.847s] -- Symlinking: /home/sws/autoware/install/autoware_perception_msgs/local/lib/python3.10/dist-packages/autoware_perception_msgs/autoware_perception_msgs_s__rosidl_typesupport_introspection_c.cpython-310-x86_64-linux-gnu.so
[36.847s] -- Symlinking: /home/sws/autoware/install/autoware_perception_msgs/local/lib/python3.10/dist-packages/autoware_perception_msgs/libautoware_perception_msgs__rosidl_generator_py.so
[36.848s] -- Symlinking: /home/sws/autoware/install/autoware_perception_msgs/local/lib/python3.10/dist-packages/autoware_perception_msgs/msg/__init__.py
[36.848s] -- Symlinking: /home/sws/autoware/install/autoware_perception_msgs/local/lib/python3.10/dist-packages/autoware_perception_msgs/msg/_traffic_light.py
[36.848s] -- Symlinking: /home/sws/autoware/install/autoware_perception_msgs/local/lib/python3.10/dist-packages/autoware_perception_msgs/msg/_traffic_light_array.py
[36.848s] -- Symlinking: /home/sws/autoware/install/autoware_perception_msgs/local/lib/python3.10/dist-packages/autoware_perception_msgs/msg/_traffic_light_array_s.c
[36.848s] -- Symlinking: /home/sws/autoware/install/autoware_perception_msgs/local/lib/python3.10/dist-packages/autoware_perception_msgs/msg/_traffic_light_element.py
[36.848s] -- Symlinking: /home/sws/autoware/install/autoware_perception_msgs/local/lib/python3.10/dist-packages/autoware_perception_msgs/msg/_traffic_light_element_s.c
[36.848s] -- Symlinking: /home/sws/autoware/install/autoware_perception_msgs/local/lib/python3.10/dist-packages/autoware_perception_msgs/msg/_traffic_light_s.c
[36.848s] -- Symlinking: /home/sws/autoware/install/autoware_perception_msgs/local/lib/python3.10/dist-packages/autoware_perception_msgs/msg/_traffic_signal.py
[36.848s] -- Symlinking: /home/sws/autoware/install/autoware_perception_msgs/local/lib/python3.10/dist-packages/autoware_perception_msgs/msg/_traffic_signal_array.py
[36.848s] -- Symlinking: /home/sws/autoware/install/autoware_perception_msgs/local/lib/python3.10/dist-packages/autoware_perception_msgs/msg/_traffic_signal_array_s.c
[36.848s] -- Symlinking: /home/sws/autoware/install/autoware_perception_msgs/local/lib/python3.10/dist-packages/autoware_perception_msgs/msg/_traffic_signal_s.c
[36.849s] -- Up-to-date symlink: /home/sws/autoware/install/autoware_perception_msgs/local/lib/python3.10/dist-packages/autoware_perception_msgs/autoware_perception_msgs_s__rosidl_typesupport_fastrtps_c.cpython-310-x86_64-linux-gnu.so
[36.849s] -- Up-to-date symlink: /home/sws/autoware/install/autoware_perception_msgs/local/lib/python3.10/dist-packages/autoware_perception_msgs/autoware_perception_msgs_s__rosidl_typesupport_introspection_c.cpython-310-x86_64-linux-gnu.so
[36.849s] -- Up-to-date symlink: /home/sws/autoware/install/autoware_perception_msgs/local/lib/python3.10/dist-packages/autoware_perception_msgs/autoware_perception_msgs_s__rosidl_typesupport_c.cpython-310-x86_64-linux-gnu.so
[36.849s] -- Symlinking: /home/sws/autoware/install/autoware_perception_msgs/share/autoware_perception_msgs/msg/TrafficLight.idl
[36.849s] -- Symlinking: /home/sws/autoware/install/autoware_perception_msgs/share/autoware_perception_msgs/msg/TrafficLightArray.idl
[36.849s] -- Symlinking: /home/sws/autoware/install/autoware_perception_msgs/share/autoware_perception_msgs/msg/TrafficLightElement.idl
[36.849s] -- Symlinking: /home/sws/autoware/install/autoware_perception_msgs/share/autoware_perception_msgs/msg/TrafficSignal.idl
[36.849s] -- Symlinking: /home/sws/autoware/install/autoware_perception_msgs/share/autoware_perception_msgs/msg/TrafficSignalArray.idl
[36.849s] -- Symlinking: /home/sws/autoware/install/autoware_perception_msgs/share/autoware_perception_msgs/msg/TrafficLight.msg
[36.850s] -- Symlinking: /home/sws/autoware/install/autoware_perception_msgs/share/autoware_perception_msgs/msg/TrafficLightArray.msg
[36.850s] -- Symlinking: /home/sws/autoware/install/autoware_perception_msgs/share/autoware_perception_msgs/msg/TrafficLightElement.msg
[36.850s] -- Symlinking: /home/sws/autoware/install/autoware_perception_msgs/share/autoware_perception_msgs/msg/TrafficSignal.msg
[36.850s] -- Symlinking: /home/sws/autoware/install/autoware_perception_msgs/share/autoware_perception_msgs/msg/TrafficSignalArray.msg
[36.850s] -- Symlinking: /home/sws/autoware/install/autoware_perception_msgs/share/ament_index/resource_index/package_run_dependencies/autoware_perception_msgs
[36.850s] -- Symlinking: /home/sws/autoware/install/autoware_perception_msgs/share/ament_index/resource_index/parent_prefix_path/autoware_perception_msgs
[36.855s] -- Symlinking: /home/sws/autoware/install/autoware_perception_msgs/share/autoware_perception_msgs/environment/ament_prefix_path.sh
[36.864s] -- Symlinking: /home/sws/autoware/install/autoware_perception_msgs/share/autoware_perception_msgs/environment/ament_prefix_path.dsv
[36.873s] -- Symlinking: /home/sws/autoware/install/autoware_perception_msgs/share/autoware_perception_msgs/environment/path.sh
[36.882s] -- Symlinking: /home/sws/autoware/install/autoware_perception_msgs/share/autoware_perception_msgs/environment/path.dsv
[36.896s] -- Symlinking: /home/sws/autoware/install/autoware_perception_msgs/share/autoware_perception_msgs/local_setup.bash
[36.898s] -- Symlinking: /home/sws/autoware/install/autoware_perception_msgs/share/autoware_perception_msgs/local_setup.sh
[36.907s] -- Symlinking: /home/sws/autoware/install/autoware_perception_msgs/share/autoware_perception_msgs/local_setup.zsh
[36.916s] -- Symlinking: /home/sws/autoware/install/autoware_perception_msgs/share/autoware_perception_msgs/local_setup.dsv
[36.926s] -- Symlinking: /home/sws/autoware/install/autoware_perception_msgs/share/autoware_perception_msgs/package.dsv
[36.936s] -- Symlinking: /home/sws/autoware/install/autoware_perception_msgs/share/ament_index/resource_index/packages/autoware_perception_msgs
[36.945s] -- Symlinking: /home/sws/autoware/install/autoware_perception_msgs/share/autoware_perception_msgs/cmake/rosidl_cmake-extras.cmake
[36.955s] -- Symlinking: /home/sws/autoware/install/autoware_perception_msgs/share/autoware_perception_msgs/cmake/ament_cmake_export_dependencies-extras.cmake
[36.965s] -- Symlinking: /home/sws/autoware/install/autoware_perception_msgs/share/autoware_perception_msgs/cmake/ament_cmake_export_include_directories-extras.cmake
[36.975s] -- Symlinking: /home/sws/autoware/install/autoware_perception_msgs/share/autoware_perception_msgs/cmake/ament_cmake_export_libraries-extras.cmake
[36.984s] -- Symlinking: /home/sws/autoware/install/autoware_perception_msgs/share/autoware_perception_msgs/cmake/ament_cmake_export_targets-extras.cmake
[36.992s] -- Symlinking: /home/sws/autoware/install/autoware_perception_msgs/share/autoware_perception_msgs/cmake/rosidl_cmake_export_typesupport_targets-extras.cmake
[37.002s] -- Symlinking: /home/sws/autoware/install/autoware_perception_msgs/share/autoware_perception_msgs/cmake/rosidl_cmake_export_typesupport_libraries-extras.cmake
[37.010s] -- Symlinking: /home/sws/autoware/install/autoware_perception_msgs/share/autoware_perception_msgs/cmake/autoware_perception_msgsConfig.cmake
[37.020s] -- Symlinking: /home/sws/autoware/install/autoware_perception_msgs/share/autoware_perception_msgs/cmake/autoware_perception_msgsConfig-version.cmake
[37.027s] -- Symlinking: /home/sws/autoware/install/autoware_perception_msgs/share/autoware_perception_msgs/package.xml
[37.035s] -- Installing: /home/sws/autoware/install/autoware_perception_msgs/lib/libautoware_perception_msgs__rosidl_generator_c.so
[37.036s] -- Set runtime path of "/home/sws/autoware/install/autoware_perception_msgs/lib/libautoware_perception_msgs__rosidl_generator_c.so" to ""
[37.036s] -- Installing: /home/sws/autoware/install/autoware_perception_msgs/lib/libautoware_perception_msgs__rosidl_typesupport_fastrtps_c.so
[37.036s] -- Set runtime path of "/home/sws/autoware/install/autoware_perception_msgs/lib/libautoware_perception_msgs__rosidl_typesupport_fastrtps_c.so" to ""
[37.036s] -- Installing: /home/sws/autoware/install/autoware_perception_msgs/lib/libautoware_perception_msgs__rosidl_typesupport_fastrtps_cpp.so
[37.036s] -- Set runtime path of "/home/sws/autoware/install/autoware_perception_msgs/lib/libautoware_perception_msgs__rosidl_typesupport_fastrtps_cpp.so" to ""
[37.037s] -- Installing: /home/sws/autoware/install/autoware_perception_msgs/lib/libautoware_perception_msgs__rosidl_typesupport_introspection_c.so
[37.037s] -- Set runtime path of "/home/sws/autoware/install/autoware_perception_msgs/lib/libautoware_perception_msgs__rosidl_typesupport_introspection_c.so" to ""
[37.037s] -- Installing: /home/sws/autoware/install/autoware_perception_msgs/lib/libautoware_perception_msgs__rosidl_typesupport_c.so
[37.037s] -- Set runtime path of "/home/sws/autoware/install/autoware_perception_msgs/lib/libautoware_perception_msgs__rosidl_typesupport_c.so" to ""
[37.037s] -- Installing: /home/sws/autoware/install/autoware_perception_msgs/lib/libautoware_perception_msgs__rosidl_typesupport_introspection_cpp.so
[37.038s] -- Set runtime path of "/home/sws/autoware/install/autoware_perception_msgs/lib/libautoware_perception_msgs__rosidl_typesupport_introspection_cpp.so" to ""
[37.038s] -- Installing: /home/sws/autoware/install/autoware_perception_msgs/lib/libautoware_perception_msgs__rosidl_typesupport_cpp.so
[37.038s] -- Set runtime path of "/home/sws/autoware/install/autoware_perception_msgs/lib/libautoware_perception_msgs__rosidl_typesupport_cpp.so" to ""
[37.080s] Listing '/home/sws/autoware/install/autoware_perception_msgs/local/lib/python3.10/dist-packages/autoware_perception_msgs'...
[37.080s] Compiling '/home/sws/autoware/install/autoware_perception_msgs/local/lib/python3.10/dist-packages/autoware_perception_msgs/__init__.py'...
[37.080s] Listing '/home/sws/autoware/install/autoware_perception_msgs/local/lib/python3.10/dist-packages/autoware_perception_msgs/msg'...
[37.080s] Compiling '/home/sws/autoware/install/autoware_perception_msgs/local/lib/python3.10/dist-packages/autoware_perception_msgs/msg/__init__.py'...
[37.080s] Compiling '/home/sws/autoware/install/autoware_perception_msgs/local/lib/python3.10/dist-packages/autoware_perception_msgs/msg/_traffic_light.py'...
[37.080s] Compiling '/home/sws/autoware/install/autoware_perception_msgs/local/lib/python3.10/dist-packages/autoware_perception_msgs/msg/_traffic_light_array.py'...
[37.080s] Compiling '/home/sws/autoware/install/autoware_perception_msgs/local/lib/python3.10/dist-packages/autoware_perception_msgs/msg/_traffic_light_element.py'...
[37.081s] Compiling '/home/sws/autoware/install/autoware_perception_msgs/local/lib/python3.10/dist-packages/autoware_perception_msgs/msg/_traffic_signal.py'...
[37.081s] Compiling '/home/sws/autoware/install/autoware_perception_msgs/local/lib/python3.10/dist-packages/autoware_perception_msgs/msg/_traffic_signal_array.py'...
[37.086s] -- Installing: /home/sws/autoware/install/autoware_perception_msgs/lib/libautoware_perception_msgs__rosidl_generator_py.so
[37.086s] -- Set runtime path of "/home/sws/autoware/install/autoware_perception_msgs/lib/libautoware_perception_msgs__rosidl_generator_py.so" to ""
[37.087s] -- Installing: /home/sws/autoware/install/autoware_perception_msgs/share/autoware_perception_msgs/cmake/export_autoware_perception_msgs__rosidl_generator_cExport.cmake
[37.087s] -- Installing: /home/sws/autoware/install/autoware_perception_msgs/share/autoware_perception_msgs/cmake/export_autoware_perception_msgs__rosidl_generator_cExport-release.cmake
[37.087s] -- Installing: /home/sws/autoware/install/autoware_perception_msgs/share/autoware_perception_msgs/cmake/export_autoware_perception_msgs__rosidl_typesupport_fastrtps_cExport.cmake
[37.087s] -- Installing: /home/sws/autoware/install/autoware_perception_msgs/share/autoware_perception_msgs/cmake/export_autoware_perception_msgs__rosidl_typesupport_fastrtps_cExport-release.cmake
[37.087s] -- Installing: /home/sws/autoware/install/autoware_perception_msgs/share/autoware_perception_msgs/cmake/export_autoware_perception_msgs__rosidl_generator_cppExport.cmake
[37.087s] -- Installing: /home/sws/autoware/install/autoware_perception_msgs/share/autoware_perception_msgs/cmake/export_autoware_perception_msgs__rosidl_typesupport_fastrtps_cppExport.cmake
[37.087s] -- Installing: /home/sws/autoware/install/autoware_perception_msgs/share/autoware_perception_msgs/cmake/export_autoware_perception_msgs__rosidl_typesupport_fastrtps_cppExport-release.cmake
[37.088s] -- Installing: /home/sws/autoware/install/autoware_perception_msgs/share/autoware_perception_msgs/cmake/autoware_perception_msgs__rosidl_typesupport_introspection_cExport.cmake
[37.088s] -- Installing: /home/sws/autoware/install/autoware_perception_msgs/share/autoware_perception_msgs/cmake/autoware_perception_msgs__rosidl_typesupport_introspection_cExport-release.cmake
[37.088s] -- Installing: /home/sws/autoware/install/autoware_perception_msgs/share/autoware_perception_msgs/cmake/autoware_perception_msgs__rosidl_typesupport_cExport.cmake
[37.088s] -- Installing: /home/sws/autoware/install/autoware_perception_msgs/share/autoware_perception_msgs/cmake/autoware_perception_msgs__rosidl_typesupport_cExport-release.cmake
[37.088s] -- Installing: /home/sws/autoware/install/autoware_perception_msgs/share/autoware_perception_msgs/cmake/autoware_perception_msgs__rosidl_typesupport_introspection_cppExport.cmake
[37.088s] -- Installing: /home/sws/autoware/install/autoware_perception_msgs/share/autoware_perception_msgs/cmake/autoware_perception_msgs__rosidl_typesupport_introspection_cppExport-release.cmake
[37.088s] -- Installing: /home/sws/autoware/install/autoware_perception_msgs/share/autoware_perception_msgs/cmake/autoware_perception_msgs__rosidl_typesupport_cppExport.cmake
[37.089s] -- Installing: /home/sws/autoware/install/autoware_perception_msgs/share/autoware_perception_msgs/cmake/autoware_perception_msgs__rosidl_typesupport_cppExport-release.cmake
[37.089s] -- Installing: /home/sws/autoware/install/autoware_perception_msgs/share/autoware_perception_msgs/cmake/export_autoware_perception_msgs__rosidl_generator_pyExport.cmake
[37.089s] -- Installing: /home/sws/autoware/install/autoware_perception_msgs/share/autoware_perception_msgs/cmake/export_autoware_perception_msgs__rosidl_generator_pyExport-release.cmake
[37.095s] Invoked command in '/home/sws/autoware/build/autoware_perception_msgs' returned '0': CMAKE_PREFIX_PATH=/opt/ros/humble /usr/bin/cmake --install /home/sws/autoware/build/autoware_perception_msgs
