[0.077s] Invoking command in '/home/sws/autoware/build/polar_grid': AMENT_PREFIX_PATH=/home/sws/autoware/install/autoware_cmake:/home/sws/autoware/install/autoware_lint_common:${AMENT_PREFIX_PATH} CMAKE_PREFIX_PATH=/home/sws/autoware/install/autoware_cmake:/home/sws/autoware/install/autoware_lint_common:/opt/ros/humble /usr/bin/cmake /home/sws/autoware/src/universe/autoware.universe/common/polar_grid -DCMAKE_BUILD_TYPE=Release -DAMENT_CMAKE_SYMLINK_INSTALL=1 -DCMAKE_INSTALL_PREFIX=/home/sws/autoware/install/polar_grid
[11.057s] -- The C compiler identification is GNU 11.3.0
[11.057s] -- The CXX compiler identification is GNU 11.3.0
[11.057s] -- Detecting C compiler ABI info
[11.057s] -- Detecting C compiler ABI info - done
[11.058s] -- Check for working C compiler: /usr/bin/cc - skipped
[11.058s] -- Detecting C compile features
[11.058s] -- Detecting C compile features - done
[11.058s] -- Detecting CXX compiler ABI info
[11.058s] -- Detecting CXX compiler ABI info - done
[11.058s] -- Check for working CXX compiler: /usr/bin/c++ - skipped
[11.058s] -- Detecting CXX compile features
[11.058s] -- Detecting CXX compile features - done
[11.058s] -- Found autoware_cmake: 0.1.0 (/home/sws/autoware/install/autoware_cmake/share/autoware_cmake/cmake)
[11.058s] -- Found Python3: /usr/bin/python3.10 (found version "3.10.6") found components: Interpreter 
[11.059s] -- Override CMake install command with custom implementation using symlinks instead of copying resources
[11.059s] -- Setting OGRE_DIR to: '/opt/ros/humble/share/rviz_ogre_vendor/cmake/../../../opt/rviz_ogre_vendor/lib/OGRE/cmake'
[11.059s] -- Found OGRE
[11.059s] --   static     : OFF
[11.059s] --   components : HLMS;MeshLodGenerator;Overlay;Paging;Property;RTShaderSystem;Terrain;Volume
[11.059s] --   plugins    : Plugin_BSPSceneManager;Plugin_OctreeSceneManager;Plugin_PCZSceneManager;Plugin_ParticleFX;RenderSystem_GL;RenderSystem_GL3Plus;Codec_STBI
[11.059s] --   media      : /opt/ros/humble/opt/rviz_ogre_vendor/share/OGRE/Media
[11.059s] -- OGRE_LIBRARIES: OgreHLMS;OgreMeshLodGenerator;OgreOverlay;OgrePaging;OgreProperty;OgreRTShaderSystem;OgreTerrain;OgreVolume;OgreMain
[11.059s] -- OGRE_LIBRARY_DIRS: /opt/ros/humble/opt/rviz_ogre_vendor/lib
[11.059s] -- OGRE_PLUGINS: Plugin_BSPSceneManager;Plugin_OctreeSceneManager;Plugin_PCZSceneManager;Plugin_ParticleFX;RenderSystem_GL;RenderSystem_GL3Plus;Codec_STBI
[11.059s] -- OGRE_PLUGIN_DIR: /opt/ros/humble/opt/rviz_ogre_vendor/lib/OGRE
[11.060s] -- rviz_ogre_vendor::OgreOverlay for IMPORTED_LOCATION_RELEASE: /opt/ros/humble/opt/rviz_ogre_vendor/lib/libOgreOverlay.so
[11.060s] -- rviz_ogre_vendor::OgreOverlay for IMPORTED_LOCATION_DEBUG: /opt/ros/humble/opt/rviz_ogre_vendor/lib/libOgreOverlay.so
[11.060s] -- rviz_ogre_vendor::OgreMain for IMPORTED_LOCATION_RELEASE: /opt/ros/humble/opt/rviz_ogre_vendor/lib/libOgreMain.so
[11.060s] -- rviz_ogre_vendor::OgreMain for IMPORTED_LOCATION_DEBUG: /opt/ros/humble/opt/rviz_ogre_vendor/lib/libOgreMain.so
[11.060s] -- Could not find freeimage library
[11.060s] -- Found ZLIB: /usr/lib/x86_64-linux-gnu/libz.so (found version "1.2.11") 
[11.060s] -- Found OpenGL: /usr/lib/x86_64-linux-gnu/libOpenGL.so   
[11.060s] -- Found X11: /usr/include   
[11.060s] -- Looking for XOpenDisplay in /usr/lib/x86_64-linux-gnu/libX11.so;/usr/lib/x86_64-linux-gnu/libXext.so
[11.060s] -- Looking for XOpenDisplay in /usr/lib/x86_64-linux-gnu/libX11.so;/usr/lib/x86_64-linux-gnu/libXext.so - found
[11.061s] -- Looking for gethostbyname
[11.061s] -- Looking for gethostbyname - found
[11.061s] -- Looking for connect
[11.061s] -- Looking for connect - found
[11.061s] -- Looking for remove
[11.061s] -- Looking for remove - found
[11.061s] -- Looking for shmat
[11.061s] -- Looking for shmat - found
[11.061s] -- Looking for IceConnectionNumber in ICE
[11.061s] -- Looking for IceConnectionNumber in ICE - found
[11.061s] -- rviz_ogre_vendor::RenderSystem_GL for IMPORTED_LOCATION_RELEASE: _render_system_gl_static_library_abs-NOTFOUND
[11.062s] -- rviz_ogre_vendor::RenderSystem_GL for IMPORTED_LOCATION_DEBUG: _render_system_gl_static_library_abs-NOTFOUND
[11.062s] -- library: /usr/lib/x86_64-linux-gnu/libcurl.so
[11.062s] -- Found rosidl_generator_c: 3.1.4 (/opt/ros/humble/share/rosidl_generator_c/cmake)
[11.062s] -- Found rosidl_adapter: 3.1.4 (/opt/ros/humble/share/rosidl_adapter/cmake)
[11.062s] -- Found rosidl_generator_cpp: 3.1.4 (/opt/ros/humble/share/rosidl_generator_cpp/cmake)
[11.062s] -- Using all available rosidl_typesupport_c: rosidl_typesupport_fastrtps_c;rosidl_typesupport_introspection_c
[11.062s] -- Using all available rosidl_typesupport_cpp: rosidl_typesupport_fastrtps_cpp;rosidl_typesupport_introspection_cpp
[11.062s] -- Found rmw_implementation_cmake: 6.1.1 (/opt/ros/humble/share/rmw_implementation_cmake/cmake)
[11.062s] -- Found rmw_fastrtps_cpp: 6.2.2 (/opt/ros/humble/share/rmw_fastrtps_cpp/cmake)
[11.062s] -- Found OpenSSL: /usr/lib/x86_64-linux-gnu/libcrypto.so (found version "3.0.2")  
[11.063s] -- Found FastRTPS: /opt/ros/humble/include  
[11.063s] -- Using RMW implementation 'rmw_fastrtps_cpp' as default
[11.063s] -- Looking for pthread.h
[11.063s] -- Looking for pthread.h - found
[11.063s] -- Performing Test CMAKE_HAVE_LIBC_PTHREAD
[11.063s] -- Performing Test CMAKE_HAVE_LIBC_PTHREAD - Success
[11.063s] -- Found Threads: TRUE  
[11.063s] -- Found Eigen3: TRUE (found version "3.4.0") 
[11.063s] -- Ensuring Eigen3 include directory is part of orocos-kdl CMake target
[11.063s] -- Found ament_lint_auto: 0.12.5 (/opt/ros/humble/share/ament_lint_auto/cmake)
[11.063s] -- Added test 'copyright' to check source files copyright and LICENSE
[11.064s] -- Added test 'cppcheck' to perform static code analysis on C / C++ code
[11.064s] -- Configured cppcheck include dirs: 
[11.064s] -- Configured cppcheck exclude dirs and/or files: 
[11.064s] -- Added test 'lint_cmake' to check CMake code style
[11.080s] -- Added test 'xmllint' to check XML markup files
[11.080s] -- Configuring done
[11.080s] -- Generating done
[11.081s] -- Build files have been written to: /home/sws/autoware/build/polar_grid
[11.107s] Invoked command in '/home/sws/autoware/build/polar_grid' returned '0': AMENT_PREFIX_PATH=/home/sws/autoware/install/autoware_cmake:/home/sws/autoware/install/autoware_lint_common:${AMENT_PREFIX_PATH} CMAKE_PREFIX_PATH=/home/sws/autoware/install/autoware_cmake:/home/sws/autoware/install/autoware_lint_common:/opt/ros/humble /usr/bin/cmake /home/sws/autoware/src/universe/autoware.universe/common/polar_grid -DCMAKE_BUILD_TYPE=Release -DAMENT_CMAKE_SYMLINK_INSTALL=1 -DCMAKE_INSTALL_PREFIX=/home/sws/autoware/install/polar_grid
[11.107s] Invoking command in '/home/sws/autoware/build/polar_grid': AMENT_PREFIX_PATH=/home/sws/autoware/install/autoware_cmake:/home/sws/autoware/install/autoware_lint_common:${AMENT_PREFIX_PATH} CMAKE_PREFIX_PATH=/home/sws/autoware/install/autoware_cmake:/home/sws/autoware/install/autoware_lint_common:/opt/ros/humble /usr/bin/cmake --build /home/sws/autoware/build/polar_grid -- -j16 -l16
[11.187s] [ 25%] [34m[1mAutomatic MOC for target polar_grid[0m
[11.860s] [ 25%] Built target polar_grid_autogen
[11.910s] [ 50%] [32mBuilding CXX object CMakeFiles/polar_grid.dir/polar_grid_autogen/mocs_compilation.cpp.o[0m
[20.244s] [ 75%] [32mBuilding CXX object CMakeFiles/polar_grid.dir/src/polar_grid_display.cpp.o[0m
[28.883s] [100%] [32m[1mLinking CXX shared library libpolar_grid.so[0m
[30.857s] [100%] Built target polar_grid
[30.868s] Invoked command in '/home/sws/autoware/build/polar_grid' returned '0': AMENT_PREFIX_PATH=/home/sws/autoware/install/autoware_cmake:/home/sws/autoware/install/autoware_lint_common:${AMENT_PREFIX_PATH} CMAKE_PREFIX_PATH=/home/sws/autoware/install/autoware_cmake:/home/sws/autoware/install/autoware_lint_common:/opt/ros/humble /usr/bin/cmake --build /home/sws/autoware/build/polar_grid -- -j16 -l16
[30.898s] Invoking command in '/home/sws/autoware/build/polar_grid': AMENT_PREFIX_PATH=/home/sws/autoware/install/autoware_cmake:/home/sws/autoware/install/autoware_lint_common:${AMENT_PREFIX_PATH} CMAKE_PREFIX_PATH=/home/sws/autoware/install/autoware_cmake:/home/sws/autoware/install/autoware_lint_common:/opt/ros/humble /usr/bin/cmake --install /home/sws/autoware/build/polar_grid
[34.710s] -- Install configuration: "Release"
[34.710s] -- Execute custom install script
[34.710s] -- Symlinking: /home/sws/autoware/install/polar_grid//libpolar_grid.so
[34.710s] -- Symlinking: /home/sws/autoware/install/polar_grid/share/polar_grid/plugins/plugin_description.xml
[34.710s] -- Symlinking: /home/sws/autoware/install/polar_grid/share/polar_grid/environment/library_path.sh
[34.710s] -- Symlinking: /home/sws/autoware/install/polar_grid/share/polar_grid/environment/library_path.dsv
[34.711s] -- Symlinking: /home/sws/autoware/install/polar_grid/lib/libpolar_grid.so
[34.711s] -- Symlinking: /home/sws/autoware/install/polar_grid/share/polar_grid/icons/classes/PolarGridDisplay.png
[34.711s] -- Up-to-date symlink: /home/sws/autoware/install/polar_grid/share/polar_grid/plugins/plugin_description.xml
[34.711s] -- Symlinking: /home/sws/autoware/install/polar_grid/share/ament_index/resource_index/package_run_dependencies/polar_grid
[34.711s] -- Symlinking: /home/sws/autoware/install/polar_grid/share/ament_index/resource_index/parent_prefix_path/polar_grid
[34.711s] -- Symlinking: /home/sws/autoware/install/polar_grid/share/polar_grid/environment/ament_prefix_path.sh
[34.711s] -- Symlinking: /home/sws/autoware/install/polar_grid/share/polar_grid/environment/ament_prefix_path.dsv
[34.711s] -- Symlinking: /home/sws/autoware/install/polar_grid/share/polar_grid/environment/path.sh
[34.711s] -- Symlinking: /home/sws/autoware/install/polar_grid/share/polar_grid/environment/path.dsv
[34.711s] -- Symlinking: /home/sws/autoware/install/polar_grid/share/polar_grid/local_setup.bash
[34.711s] -- Symlinking: /home/sws/autoware/install/polar_grid/share/polar_grid/local_setup.sh
[34.712s] -- Symlinking: /home/sws/autoware/install/polar_grid/share/polar_grid/local_setup.zsh
[34.712s] -- Symlinking: /home/sws/autoware/install/polar_grid/share/polar_grid/local_setup.dsv
[34.712s] -- Symlinking: /home/sws/autoware/install/polar_grid/share/polar_grid/package.dsv
[34.712s] -- Symlinking: /home/sws/autoware/install/polar_grid/share/ament_index/resource_index/packages/polar_grid
[34.712s] -- Symlinking: /home/sws/autoware/install/polar_grid/share/ament_index/resource_index/rviz_common__pluginlib__plugin/polar_grid
[34.712s] -- Symlinking: /home/sws/autoware/install/polar_grid/share/polar_grid/cmake/ament_cmake_export_dependencies-extras.cmake
[34.712s] -- Symlinking: /home/sws/autoware/install/polar_grid/share/polar_grid/cmake/ament_cmake_export_libraries-extras.cmake
[34.712s] -- Symlinking: /home/sws/autoware/install/polar_grid/share/polar_grid/cmake/polar_gridConfig.cmake
[34.712s] -- Symlinking: /home/sws/autoware/install/polar_grid/share/polar_grid/cmake/polar_gridConfig-version.cmake
[34.712s] -- Symlinking: /home/sws/autoware/install/polar_grid/share/polar_grid/package.xml
[34.781s] Invoked command in '/home/sws/autoware/build/polar_grid' returned '0': AMENT_PREFIX_PATH=/home/sws/autoware/install/autoware_cmake:/home/sws/autoware/install/autoware_lint_common:${AMENT_PREFIX_PATH} CMAKE_PREFIX_PATH=/home/sws/autoware/install/autoware_cmake:/home/sws/autoware/install/autoware_lint_common:/opt/ros/humble /usr/bin/cmake --install /home/sws/autoware/build/polar_grid
