[0.020s] Invoking command in '/home/sws/autoware/build/image_transport_decompressor': AMENT_PREFIX_PATH=/home/sws/autoware/install/autoware_cmake:/home/sws/autoware/install/autoware_lint_common:${AMENT_PREFIX_PATH} CMAKE_PREFIX_PATH=/home/sws/autoware/install/autoware_cmake:/home/sws/autoware/install/autoware_lint_common:/opt/ros/humble /usr/bin/cmake /home/sws/autoware/src/universe/autoware.universe/sensing/image_transport_decompressor -DCMAKE_BUILD_TYPE=Release -DAMENT_CMAKE_SYMLINK_INSTALL=1 -DCMAKE_INSTALL_PREFIX=/home/sws/autoware/install/image_transport_decompressor
[6.079s] -- The C compiler identification is GNU 11.3.0
[6.079s] -- The CXX compiler identification is GNU 11.3.0
[6.079s] -- Detecting C compiler ABI info
[6.079s] -- Detecting C compiler ABI info - done
[6.079s] -- Check for working C compiler: /usr/bin/cc - skipped
[6.079s] -- Detecting C compile features
[6.079s] -- Detecting C compile features - done
[6.080s] -- Detecting CXX compiler ABI info
[6.080s] -- Detecting CXX compiler ABI info - done
[6.080s] -- Check for working CXX compiler: /usr/bin/c++ - skipped
[6.080s] -- Detecting CXX compile features
[6.080s] -- Detecting CXX compile features - done
[6.080s] -- Found autoware_cmake: 0.1.0 (/home/sws/autoware/install/autoware_cmake/share/autoware_cmake/cmake)
[6.080s] -- Found Python3: /usr/bin/python3.10 (found version "3.10.6") found components: Interpreter 
[6.081s] -- Override CMake install command with custom implementation using symlinks instead of copying resources
[6.081s] -- Found rosidl_generator_c: 3.1.4 (/opt/ros/humble/share/rosidl_generator_c/cmake)
[6.081s] -- Found rosidl_adapter: 3.1.4 (/opt/ros/humble/share/rosidl_adapter/cmake)
[6.081s] -- Found rosidl_generator_cpp: 3.1.4 (/opt/ros/humble/share/rosidl_generator_cpp/cmake)
[6.081s] -- Using all available rosidl_typesupport_c: rosidl_typesupport_fastrtps_c;rosidl_typesupport_introspection_c
[6.081s] -- Using all available rosidl_typesupport_cpp: rosidl_typesupport_fastrtps_cpp;rosidl_typesupport_introspection_cpp
[6.081s] -- Found rmw_implementation_cmake: 6.1.1 (/opt/ros/humble/share/rmw_implementation_cmake/cmake)
[6.081s] -- Found rmw_fastrtps_cpp: 6.2.2 (/opt/ros/humble/share/rmw_fastrtps_cpp/cmake)
[6.081s] -- Found OpenSSL: /usr/lib/x86_64-linux-gnu/libcrypto.so (found version "3.0.2")  
[6.081s] -- Found FastRTPS: /opt/ros/humble/include  
[6.081s] -- Using RMW implementation 'rmw_fastrtps_cpp' as default
[6.082s] -- Looking for pthread.h
[6.082s] -- Looking for pthread.h - found
[6.082s] -- Performing Test CMAKE_HAVE_LIBC_PTHREAD
[6.082s] -- Performing Test CMAKE_HAVE_LIBC_PTHREAD - Success
[6.082s] -- Found Threads: TRUE  
[6.082s] -- Found ament_lint_auto: 0.12.5 (/opt/ros/humble/share/ament_lint_auto/cmake)
[6.082s] -- Found OpenCV: /usr (found version "4.5.4") 
[6.082s] -- Added test 'copyright' to check source files copyright and LICENSE
[6.082s] -- Added test 'cppcheck' to perform static code analysis on C / C++ code
[6.082s] -- Configured cppcheck include dirs: /home/sws/autoware/src/universe/autoware.universe/sensing/image_transport_decompressor/include
[6.082s] -- Configured cppcheck exclude dirs and/or files: 
[6.083s] -- Added test 'lint_cmake' to check CMake code style
[6.083s] -- Added test 'xmllint' to check XML markup files
[6.083s] -- Configuring done
[6.083s] -- Generating done
[6.083s] -- Build files have been written to: /home/sws/autoware/build/image_transport_decompressor
[6.097s] Invoked command in '/home/sws/autoware/build/image_transport_decompressor' returned '0': AMENT_PREFIX_PATH=/home/sws/autoware/install/autoware_cmake:/home/sws/autoware/install/autoware_lint_common:${AMENT_PREFIX_PATH} CMAKE_PREFIX_PATH=/home/sws/autoware/install/autoware_cmake:/home/sws/autoware/install/autoware_lint_common:/opt/ros/humble /usr/bin/cmake /home/sws/autoware/src/universe/autoware.universe/sensing/image_transport_decompressor -DCMAKE_BUILD_TYPE=Release -DAMENT_CMAKE_SYMLINK_INSTALL=1 -DCMAKE_INSTALL_PREFIX=/home/sws/autoware/install/image_transport_decompressor
[6.097s] Invoking command in '/home/sws/autoware/build/image_transport_decompressor': AMENT_PREFIX_PATH=/home/sws/autoware/install/autoware_cmake:/home/sws/autoware/install/autoware_lint_common:${AMENT_PREFIX_PATH} CMAKE_PREFIX_PATH=/home/sws/autoware/install/autoware_cmake:/home/sws/autoware/install/autoware_lint_common:/opt/ros/humble /usr/bin/cmake --build /home/sws/autoware/build/image_transport_decompressor -- -j16 -l16
[8.912s] [ 25%] [32mBuilding CXX object CMakeFiles/image_transport_decompressor.dir/src/image_transport_decompressor.cpp.o[0m
[24.406s] [ 50%] [32m[1mLinking CXX shared library libimage_transport_decompressor.so[0m
[24.772s] [ 50%] Built target image_transport_decompressor
[24.824s] [ 75%] [32mBuilding CXX object CMakeFiles/image_transport_decompressor_node.dir/rclcpp_components/node_main_image_transport_decompressor_node.cpp.o[0m
[30.525s] [100%] [32m[1mLinking CXX executable image_transport_decompressor_node[0m
[30.700s] [100%] Built target image_transport_decompressor_node
[30.720s] Invoked command in '/home/sws/autoware/build/image_transport_decompressor' returned '0': AMENT_PREFIX_PATH=/home/sws/autoware/install/autoware_cmake:/home/sws/autoware/install/autoware_lint_common:${AMENT_PREFIX_PATH} CMAKE_PREFIX_PATH=/home/sws/autoware/install/autoware_cmake:/home/sws/autoware/install/autoware_lint_common:/opt/ros/humble /usr/bin/cmake --build /home/sws/autoware/build/image_transport_decompressor -- -j16 -l16
[30.762s] Invoking command in '/home/sws/autoware/build/image_transport_decompressor': AMENT_PREFIX_PATH=/home/sws/autoware/install/autoware_cmake:/home/sws/autoware/install/autoware_lint_common:${AMENT_PREFIX_PATH} CMAKE_PREFIX_PATH=/home/sws/autoware/install/autoware_cmake:/home/sws/autoware/install/autoware_lint_common:/opt/ros/humble /usr/bin/cmake --install /home/sws/autoware/build/image_transport_decompressor
[42.468s] -- Install configuration: "Release"
[42.469s] -- Execute custom install script
[42.469s] -- Symlinking: /home/sws/autoware/install/image_transport_decompressor/lib/image_transport_decompressor/image_transport_decompressor_node
[42.470s] -- Symlinking: /home/sws/autoware/install/image_transport_decompressor/include/image_transport_decompressor/image_transport_decompressor.hpp
[42.470s] -- Symlinking: /home/sws/autoware/install/image_transport_decompressor/share/image_transport_decompressor/environment/library_path.sh
[42.471s] -- Symlinking: /home/sws/autoware/install/image_transport_decompressor/share/image_transport_decompressor/environment/library_path.dsv
[42.471s] -- Symlinking: /home/sws/autoware/install/image_transport_decompressor/lib/libimage_transport_decompressor.so
[42.472s] -- Symlinking: /home/sws/autoware/install/image_transport_decompressor/share/image_transport_decompressor/launch/image_transport_decompressor.launch.xml
[42.472s] -- Symlinking: /home/sws/autoware/install/image_transport_decompressor/share/ament_index/resource_index/package_run_dependencies/image_transport_decompressor
[42.472s] -- Symlinking: /home/sws/autoware/install/image_transport_decompressor/share/ament_index/resource_index/parent_prefix_path/image_transport_decompressor
[42.472s] -- Symlinking: /home/sws/autoware/install/image_transport_decompressor/share/image_transport_decompressor/environment/ament_prefix_path.sh
[42.472s] -- Symlinking: /home/sws/autoware/install/image_transport_decompressor/share/image_transport_decompressor/environment/ament_prefix_path.dsv
[42.473s] -- Symlinking: /home/sws/autoware/install/image_transport_decompressor/share/image_transport_decompressor/environment/path.sh
[42.473s] -- Symlinking: /home/sws/autoware/install/image_transport_decompressor/share/image_transport_decompressor/environment/path.dsv
[42.473s] -- Symlinking: /home/sws/autoware/install/image_transport_decompressor/share/image_transport_decompressor/local_setup.bash
[42.473s] -- Symlinking: /home/sws/autoware/install/image_transport_decompressor/share/image_transport_decompressor/local_setup.sh
[42.473s] -- Symlinking: /home/sws/autoware/install/image_transport_decompressor/share/image_transport_decompressor/local_setup.zsh
[42.473s] -- Symlinking: /home/sws/autoware/install/image_transport_decompressor/share/image_transport_decompressor/local_setup.dsv
[42.473s] -- Symlinking: /home/sws/autoware/install/image_transport_decompressor/share/image_transport_decompressor/package.dsv
[42.473s] -- Symlinking: /home/sws/autoware/install/image_transport_decompressor/share/ament_index/resource_index/packages/image_transport_decompressor
[42.473s] -- Symlinking: /home/sws/autoware/install/image_transport_decompressor/share/ament_index/resource_index/rclcpp_components/image_transport_decompressor
[42.473s] -- Symlinking: /home/sws/autoware/install/image_transport_decompressor/share/image_transport_decompressor/cmake/ament_cmake_export_dependencies-extras.cmake
[42.473s] -- Symlinking: /home/sws/autoware/install/image_transport_decompressor/share/image_transport_decompressor/cmake/ament_cmake_export_include_directories-extras.cmake
[42.473s] -- Symlinking: /home/sws/autoware/install/image_transport_decompressor/share/image_transport_decompressor/cmake/ament_cmake_export_libraries-extras.cmake
[42.474s] -- Symlinking: /home/sws/autoware/install/image_transport_decompressor/share/image_transport_decompressor/cmake/image_transport_decompressorConfig.cmake
[42.474s] -- Symlinking: /home/sws/autoware/install/image_transport_decompressor/share/image_transport_decompressor/cmake/image_transport_decompressorConfig-version.cmake
[42.474s] -- Symlinking: /home/sws/autoware/install/image_transport_decompressor/share/image_transport_decompressor/package.xml
[42.493s] Invoked command in '/home/sws/autoware/build/image_transport_decompressor' returned '0': AMENT_PREFIX_PATH=/home/sws/autoware/install/autoware_cmake:/home/sws/autoware/install/autoware_lint_common:${AMENT_PREFIX_PATH} CMAKE_PREFIX_PATH=/home/sws/autoware/install/autoware_cmake:/home/sws/autoware/install/autoware_lint_common:/opt/ros/humble /usr/bin/cmake --install /home/sws/autoware/build/image_transport_decompressor
