-- The C compiler identification is GNU 11.3.0
-- The CXX compiler identification is GNU 11.3.0
-- Detecting C compiler ABI info
-- Detecting C compiler ABI info - done
-- Check for working C compiler: /usr/bin/cc - skipped
-- Detecting C compile features
-- Detecting C compile features - done
-- Detecting CXX compiler ABI info
-- Detecting CXX compiler ABI info - done
-- Check for working CXX compiler: /usr/bin/c++ - skipped
-- Detecting CXX compile features
-- Detecting CXX compile features - done
-- Found autoware_cmake: 0.1.0 (/home/sws/autoware/install/autoware_cmake/share/autoware_cmake/cmake)
-- Found Python3: /usr/bin/python3.10 (found version "3.10.6") found components: Interpreter 
-- Override CMake install command with custom implementation using symlinks instead of copying resources
-- Found rosidl_generator_c: 3.1.4 (/opt/ros/humble/share/rosidl_generator_c/cmake)
-- Found rosidl_adapter: 3.1.4 (/opt/ros/humble/share/rosidl_adapter/cmake)
-- Found rosidl_generator_cpp: 3.1.4 (/opt/ros/humble/share/rosidl_generator_cpp/cmake)
-- Using all available rosidl_typesupport_c: rosidl_typesupport_fastrtps_c;rosidl_typesupport_introspection_c
-- Using all available rosidl_typesupport_cpp: rosidl_typesupport_fastrtps_cpp;rosidl_typesupport_introspection_cpp
-- Found rmw_implementation_cmake: 6.1.1 (/opt/ros/humble/share/rmw_implementation_cmake/cmake)
-- Found rmw_fastrtps_cpp: 6.2.2 (/opt/ros/humble/share/rmw_fastrtps_cpp/cmake)
-- Found OpenSSL: /usr/lib/x86_64-linux-gnu/libcrypto.so (found version "3.0.2")  
-- Found FastRTPS: /opt/ros/humble/include  
-- Using RMW implementation 'rmw_fastrtps_cpp' as default
-- Looking for pthread.h
-- Looking for pthread.h - found
-- Performing Test CMAKE_HAVE_LIBC_PTHREAD
-- Performing Test CMAKE_HAVE_LIBC_PTHREAD - Success
-- Found Threads: TRUE  
-- Found eigen3_cmake_module: 0.1.1 (/opt/ros/humble/share/eigen3_cmake_module/cmake)
-- Found Eigen3: TRUE (found version "3.4.0") 
-- Ensuring Eigen3 include directory is part of orocos-kdl CMake target
-- Found ament_lint_auto: 0.12.5 (/opt/ros/humble/share/ament_lint_auto/cmake)
-- Found CUDA: /usr/local/cuda (found version "11.6") 
-- Checking and downloading vlp-16.caffemodel
-- start vlp-16.caffemodel
-- not found vlp-16.caffemodel
-- File doesn't exists. Downloading now ...
-- Download completed successfully!
-- Checking and downloading hdl-64.caffemodel
-- start hdl-64.caffemodel
-- not found hdl-64.caffemodel
-- File doesn't exists. Downloading now ...
-- Download completed successfully!
-- Checking and downloading vls-128.caffemodel
-- start vls-128.caffemodel
-- not found vls-128.caffemodel
-- File doesn't exists. Downloading now ...
-- Download completed successfully!
-- Checking for module 'eigen3'
--   Found eigen3, version 3.4.0
-- Found Eigen: /usr/include/eigen3 (Required is at least version "3.1") 
-- Eigen found (include: /usr/include/eigen3, version: 3.4.0)
-- Found Boost: /usr/lib/x86_64-linux-gnu/cmake/Boost-1.74.0/BoostConfig.cmake (found suitable version "1.74.0", minimum required is "1.65.0") found components: system filesystem date_time iostreams serialization 
-- Checking for module 'flann'
--   Found flann, version 1.9.1
-- Found FLANN: /usr/lib/x86_64-linux-gnu/libflann_cpp.so  
-- FLANN found (include: /usr/include, lib: /usr/lib/x86_64-linux-gnu/libflann_cpp.so)
-- Found GLEW: /usr/lib/x86_64-linux-gnu/libGLEW.so  
-- Found OpenGL: /usr/lib/x86_64-linux-gnu/libOpenGL.so  found components: OpenGL GLX 
-- Found MPI_C: /usr/lib/x86_64-linux-gnu/libmpi.so (found version "3.1") 
-- Found MPI: TRUE (found version "3.1") found components: C 
-- Found JsonCpp: /usr/lib/x86_64-linux-gnu/libjsoncpp.so (found suitable version "1.9.5", minimum required is "0.7.0") 
-- Found ZLIB: /usr/lib/x86_64-linux-gnu/libz.so (found version "1.2.11") 
-- Found PNG: /usr/lib/x86_64-linux-gnu/libpng.so (found version "1.6.37") 
-- Found Eigen3: /usr/include/eigen3 (found version "3.4.0") 
-- Found X11: /usr/include   
-- Looking for XOpenDisplay in /usr/lib/x86_64-linux-gnu/libX11.so;/usr/lib/x86_64-linux-gnu/libXext.so
-- Looking for XOpenDisplay in /usr/lib/x86_64-linux-gnu/libX11.so;/usr/lib/x86_64-linux-gnu/libXext.so - found
-- Looking for gethostbyname
-- Looking for gethostbyname - found
-- Looking for connect
-- Looking for connect - found
-- Looking for remove
-- Looking for remove - found
-- Looking for shmat
-- Looking for shmat - found
-- Looking for IceConnectionNumber in ICE
-- Looking for IceConnectionNumber in ICE - found
-- Found EXPAT: /usr/lib/x86_64-linux-gnu/libexpat.so (found version "2.4.7") 
-- Found double-conversion: /usr/lib/x86_64-linux-gnu/libdouble-conversion.so  
-- Found LZ4: /usr/lib/x86_64-linux-gnu/liblz4.so (found version "1.9.3") 
-- Found LZMA: /usr/lib/x86_64-linux-gnu/liblzma.so (found version "5.2.5") 
-- Found JPEG: /usr/lib/x86_64-linux-gnu/libjpeg.so (found version "80") 
-- Found TIFF: /usr/lib/x86_64-linux-gnu/libtiff.so (found version "4.3.0")  
-- Found Freetype: /usr/lib/x86_64-linux-gnu/libfreetype.so (found version "2.11.1") 
-- Found utf8cpp: /usr/include/utf8cpp  
-- Checking for module 'libusb-1.0'
--   Found libusb-1.0, version 1.0.25
-- Found libusb: /usr/lib/x86_64-linux-gnu/libusb-1.0.so  
-- Found OpenNI: /usr/lib/libOpenNI.so;libusb::libusb (found version "1.5.4.0") 
-- OpenNI found (version: 1.5.4.0, include: /usr/include/ni, lib: /usr/lib/libOpenNI.so;libusb::libusb)
-- Found OpenNI2: /usr/lib/x86_64-linux-gnu/libOpenNI2.so;libusb::libusb (found version "2.2.0.33") 
-- OpenNI2 found (version: 2.2.0.33, include: /usr/include/openni2, lib: /usr/lib/x86_64-linux-gnu/libOpenNI2.so;libusb::libusb)
-- Eigen found (include: /usr/include/eigen3, version: 3.4.0)
-- OpenNI found (version: 1.5.4.0, include: /usr/include/ni, lib: /usr/lib/libOpenNI.so;libusb::libusb)
-- OpenNI2 found (version: 2.2.0.33, include: /usr/include/openni2, lib: /usr/lib/x86_64-linux-gnu/libOpenNI2.so;libusb::libusb)
-- Found Qhull version 8.0.2
-- OpenNI found (version: 1.5.4.0, include: /usr/include/ni, lib: /usr/lib/libOpenNI.so;libusb::libusb)
-- looking for PCL_COMMON
-- Found PCL_COMMON: /usr/lib/x86_64-linux-gnu/libpcl_common.so  
-- looking for PCL_KDTREE
-- Found PCL_KDTREE: /usr/lib/x86_64-linux-gnu/libpcl_kdtree.so  
-- looking for PCL_OCTREE
-- Found PCL_OCTREE: /usr/lib/x86_64-linux-gnu/libpcl_octree.so  
-- looking for PCL_SEARCH
-- Found PCL_SEARCH: /usr/lib/x86_64-linux-gnu/libpcl_search.so  
-- looking for PCL_SAMPLE_CONSENSUS
-- Found PCL_SAMPLE_CONSENSUS: /usr/lib/x86_64-linux-gnu/libpcl_sample_consensus.so  
-- looking for PCL_FILTERS
-- Found PCL_FILTERS: /usr/lib/x86_64-linux-gnu/libpcl_filters.so  
-- looking for PCL_2D
-- Found PCL_2D: /usr/include/pcl-1.12  
-- looking for PCL_GEOMETRY
-- Found PCL_GEOMETRY: /usr/include/pcl-1.12  
-- looking for PCL_IO
-- Found PCL_IO: /usr/lib/x86_64-linux-gnu/libpcl_io.so  
-- looking for PCL_FEATURES
-- Found PCL_FEATURES: /usr/lib/x86_64-linux-gnu/libpcl_features.so  
-- looking for PCL_ML
-- Found PCL_ML: /usr/lib/x86_64-linux-gnu/libpcl_ml.so  
-- looking for PCL_SEGMENTATION
-- Found PCL_SEGMENTATION: /usr/lib/x86_64-linux-gnu/libpcl_segmentation.so  
-- looking for PCL_VISUALIZATION
-- Found PCL_VISUALIZATION: /usr/lib/x86_64-linux-gnu/libpcl_visualization.so  
-- looking for PCL_SURFACE
-- Found PCL_SURFACE: /usr/lib/x86_64-linux-gnu/libpcl_surface.so  
-- looking for PCL_REGISTRATION
-- Found PCL_REGISTRATION: /usr/lib/x86_64-linux-gnu/libpcl_registration.so  
-- looking for PCL_KEYPOINTS
-- Found PCL_KEYPOINTS: /usr/lib/x86_64-linux-gnu/libpcl_keypoints.so  
-- looking for PCL_TRACKING
-- Found PCL_TRACKING: /usr/lib/x86_64-linux-gnu/libpcl_tracking.so  
-- looking for PCL_RECOGNITION
-- Found PCL_RECOGNITION: /usr/lib/x86_64-linux-gnu/libpcl_recognition.so  
-- looking for PCL_STEREO
-- Found PCL_STEREO: /usr/lib/x86_64-linux-gnu/libpcl_stereo.so  
-- looking for PCL_APPS
-- Found PCL_APPS: /usr/lib/x86_64-linux-gnu/libpcl_apps.so  
-- looking for PCL_IN_HAND_SCANNER
-- Found PCL_IN_HAND_SCANNER: /usr/include/pcl-1.12  
-- looking for PCL_MODELER
-- Found PCL_MODELER: /usr/include/pcl-1.12  
-- looking for PCL_POINT_CLOUD_EDITOR
-- Found PCL_POINT_CLOUD_EDITOR: /usr/include/pcl-1.12  
-- looking for PCL_OUTOFCORE
-- Found PCL_OUTOFCORE: /usr/lib/x86_64-linux-gnu/libpcl_outofcore.so  
-- looking for PCL_PEOPLE
-- Found PCL_PEOPLE: /usr/lib/x86_64-linux-gnu/libpcl_people.so  
-- Found PCL: pcl_common;pcl_kdtree;pcl_octree;pcl_search;pcl_sample_consensus;pcl_filters;pcl_io;pcl_features;pcl_ml;pcl_segmentation;pcl_visualization;pcl_surface;pcl_registration;pcl_keypoints;pcl_tracking;pcl_recognition;pcl_stereo;pcl_apps;pcl_outofcore;pcl_people;Boost::system;Boost::filesystem;Boost::date_time;Boost::iostreams;Boost::serialization;/usr/lib/libOpenNI.so;libusb::libusb;/usr/lib/x86_64-linux-gnu/libOpenNI2.so;libusb::libusb;VTK::ChartsCore;VTK::CommonColor;VTK::CommonComputationalGeometry;VTK::CommonCore;VTK::CommonDataModel;VTK::CommonExecutionModel;VTK::CommonMath;VTK::CommonMisc;VTK::CommonTransforms;VTK::FiltersCore;VTK::FiltersExtraction;VTK::FiltersGeneral;VTK::FiltersGeometry;VTK::FiltersModeling;VTK::FiltersSources;VTK::ImagingCore;VTK::ImagingSources;VTK::InteractionImage;VTK::InteractionStyle;VTK::InteractionWidgets;VTK::IOCore;VTK::IOGeometry;VTK::IOImage;VTK::IOLegacy;VTK::IOPLY;VTK::RenderingAnnotation;VTK::RenderingCore;VTK::RenderingContext2D;VTK::RenderingLOD;VTK::RenderingFreeType;VTK::ViewsCore;VTK::ViewsContext2D;VTK::RenderingOpenGL2;VTK::GUISupportQt;FLANN::FLANN;QHULL::QHULL  
-- Added test 'cppcheck' to perform static code analysis on C / C++ code
-- Configured cppcheck include dirs: /home/sws/autoware/src/universe/autoware.universe/perception/lidar_apollo_instance_segmentation/lib/include;/home/sws/autoware/src/universe/autoware.universe/perception/lidar_apollo_instance_segmentation/include
-- Configured cppcheck exclude dirs and/or files: 
-- Configuring done
-- Generating done
-- Build files have been written to: /home/sws/autoware/build/lidar_apollo_instance_segmentation
[0m** WARNING ** io features related to pcap will be disabled[0m
[  8%] [32mBuilding CXX object CMakeFiles/tensorrt_apollo_cnn_lib.dir/lib/src/TrtNet.cpp.o[0m
[ 16%] [32m[1mLinking CXX shared library libtensorrt_apollo_cnn_lib.so[0m
[ 16%] Built target tensorrt_apollo_cnn_lib
[ 25%] [32mBuilding CXX object CMakeFiles/lidar_apollo_instance_segmentation_node.dir/rclcpp_components/node_main_lidar_apollo_instance_segmentation_node.cpp.o[0m
[ 33%] [32m[1mLinking CXX executable lidar_apollo_instance_segmentation_node[0m
[ 33%] Built target lidar_apollo_instance_segmentation_node
[ 41%] [32mBuilding CXX object CMakeFiles/lidar_apollo_instance_segmentation.dir/src/node.cpp.o[0m
[ 50%] [32mBuilding CXX object CMakeFiles/lidar_apollo_instance_segmentation.dir/src/debugger.cpp.o[0m
[ 58%] [32mBuilding CXX object CMakeFiles/lidar_apollo_instance_segmentation.dir/src/feature_map.cpp.o[0m
[ 66%] [32mBuilding CXX object CMakeFiles/lidar_apollo_instance_segmentation.dir/src/cluster2d.cpp.o[0m
[ 75%] [32mBuilding CXX object CMakeFiles/lidar_apollo_instance_segmentation.dir/src/feature_generator.cpp.o[0m
[ 83%] [32mBuilding CXX object CMakeFiles/lidar_apollo_instance_segmentation.dir/src/log_table.cpp.o[0m
[ 91%] [32mBuilding CXX object CMakeFiles/lidar_apollo_instance_segmentation.dir/src/detector.cpp.o[0m
[100%] [32m[1mLinking CXX shared library liblidar_apollo_instance_segmentation.so[0m
[100%] Built target lidar_apollo_instance_segmentation
-- Install configuration: "Release"
-- Execute custom install script
-- Symlinking: /home/sws/autoware/install/lidar_apollo_instance_segmentation/lib/lidar_apollo_instance_segmentation/lidar_apollo_instance_segmentation_node
-- Symlinking: /home/sws/autoware/install/lidar_apollo_instance_segmentation/include/lidar_apollo_instance_segmentation/cluster2d.hpp
-- Symlinking: /home/sws/autoware/install/lidar_apollo_instance_segmentation/include/lidar_apollo_instance_segmentation/debugger.hpp
-- Symlinking: /home/sws/autoware/install/lidar_apollo_instance_segmentation/include/lidar_apollo_instance_segmentation/detector.hpp
-- Symlinking: /home/sws/autoware/install/lidar_apollo_instance_segmentation/include/lidar_apollo_instance_segmentation/disjoint_set.hpp
-- Symlinking: /home/sws/autoware/install/lidar_apollo_instance_segmentation/include/lidar_apollo_instance_segmentation/feature_generator.hpp
-- Symlinking: /home/sws/autoware/install/lidar_apollo_instance_segmentation/include/lidar_apollo_instance_segmentation/feature_map.hpp
-- Symlinking: /home/sws/autoware/install/lidar_apollo_instance_segmentation/include/lidar_apollo_instance_segmentation/log_table.hpp
-- Symlinking: /home/sws/autoware/install/lidar_apollo_instance_segmentation/include/lidar_apollo_instance_segmentation/node.hpp
-- Symlinking: /home/sws/autoware/install/lidar_apollo_instance_segmentation/include/lidar_apollo_instance_segmentation/util.hpp
-- Symlinking: /home/sws/autoware/install/lidar_apollo_instance_segmentation/share/lidar_apollo_instance_segmentation/environment/library_path.sh
-- Symlinking: /home/sws/autoware/install/lidar_apollo_instance_segmentation/share/lidar_apollo_instance_segmentation/environment/library_path.dsv
-- Symlinking: /home/sws/autoware/install/lidar_apollo_instance_segmentation/lib/libtensorrt_apollo_cnn_lib.so
-- Symlinking: /home/sws/autoware/install/lidar_apollo_instance_segmentation/lib/liblidar_apollo_instance_segmentation.so
-- Symlinking: /home/sws/autoware/install/lidar_apollo_instance_segmentation/share/lidar_apollo_instance_segmentation/launch/lidar_apollo_instance_segmentation.launch.xml
-- Symlinking: /home/sws/autoware/install/lidar_apollo_instance_segmentation/share/lidar_apollo_instance_segmentation/config/hdl-64.param.yaml
-- Symlinking: /home/sws/autoware/install/lidar_apollo_instance_segmentation/share/lidar_apollo_instance_segmentation/config/vlp-16.param.yaml
-- Symlinking: /home/sws/autoware/install/lidar_apollo_instance_segmentation/share/lidar_apollo_instance_segmentation/config/vls-128.param.yaml
-- Symlinking: /home/sws/autoware/install/lidar_apollo_instance_segmentation/share/lidar_apollo_instance_segmentation/data/hdl-64.caffemodel
-- Symlinking: /home/sws/autoware/install/lidar_apollo_instance_segmentation/share/lidar_apollo_instance_segmentation/data/hdl-64.prototxt
-- Symlinking: /home/sws/autoware/install/lidar_apollo_instance_segmentation/share/lidar_apollo_instance_segmentation/data/vlp-16.caffemodel
-- Symlinking: /home/sws/autoware/install/lidar_apollo_instance_segmentation/share/lidar_apollo_instance_segmentation/data/vlp-16.prototxt
-- Symlinking: /home/sws/autoware/install/lidar_apollo_instance_segmentation/share/lidar_apollo_instance_segmentation/data/vls-128.caffemodel
-- Symlinking: /home/sws/autoware/install/lidar_apollo_instance_segmentation/share/lidar_apollo_instance_segmentation/data/vls-128.prototxt
-- Symlinking: /home/sws/autoware/install/lidar_apollo_instance_segmentation/share/ament_index/resource_index/package_run_dependencies/lidar_apollo_instance_segmentation
-- Symlinking: /home/sws/autoware/install/lidar_apollo_instance_segmentation/share/ament_index/resource_index/parent_prefix_path/lidar_apollo_instance_segmentation
-- Symlinking: /home/sws/autoware/install/lidar_apollo_instance_segmentation/share/lidar_apollo_instance_segmentation/environment/ament_prefix_path.sh
-- Symlinking: /home/sws/autoware/install/lidar_apollo_instance_segmentation/share/lidar_apollo_instance_segmentation/environment/ament_prefix_path.dsv
-- Symlinking: /home/sws/autoware/install/lidar_apollo_instance_segmentation/share/lidar_apollo_instance_segmentation/environment/path.sh
-- Symlinking: /home/sws/autoware/install/lidar_apollo_instance_segmentation/share/lidar_apollo_instance_segmentation/environment/path.dsv
-- Symlinking: /home/sws/autoware/install/lidar_apollo_instance_segmentation/share/lidar_apollo_instance_segmentation/local_setup.bash
-- Symlinking: /home/sws/autoware/install/lidar_apollo_instance_segmentation/share/lidar_apollo_instance_segmentation/local_setup.sh
-- Symlinking: /home/sws/autoware/install/lidar_apollo_instance_segmentation/share/lidar_apollo_instance_segmentation/local_setup.zsh
-- Symlinking: /home/sws/autoware/install/lidar_apollo_instance_segmentation/share/lidar_apollo_instance_segmentation/local_setup.dsv
-- Symlinking: /home/sws/autoware/install/lidar_apollo_instance_segmentation/share/lidar_apollo_instance_segmentation/package.dsv
-- Symlinking: /home/sws/autoware/install/lidar_apollo_instance_segmentation/share/ament_index/resource_index/packages/lidar_apollo_instance_segmentation
-- Symlinking: /home/sws/autoware/install/lidar_apollo_instance_segmentation/share/ament_index/resource_index/rclcpp_components/lidar_apollo_instance_segmentation
-- Symlinking: /home/sws/autoware/install/lidar_apollo_instance_segmentation/share/lidar_apollo_instance_segmentation/cmake/ament_cmake_export_dependencies-extras.cmake
-- Symlinking: /home/sws/autoware/install/lidar_apollo_instance_segmentation/share/lidar_apollo_instance_segmentation/cmake/ament_cmake_export_include_directories-extras.cmake
-- Symlinking: /home/sws/autoware/install/lidar_apollo_instance_segmentation/share/lidar_apollo_instance_segmentation/cmake/ament_cmake_export_libraries-extras.cmake
-- Symlinking: /home/sws/autoware/install/lidar_apollo_instance_segmentation/share/lidar_apollo_instance_segmentation/cmake/lidar_apollo_instance_segmentationConfig.cmake
-- Symlinking: /home/sws/autoware/install/lidar_apollo_instance_segmentation/share/lidar_apollo_instance_segmentation/cmake/lidar_apollo_instance_segmentationConfig-version.cmake
-- Symlinking: /home/sws/autoware/install/lidar_apollo_instance_segmentation/share/lidar_apollo_instance_segmentation/package.xml
