-- The C compiler identification is GNU 11.3.0
-- The CXX compiler identification is GNU 11.3.0
-- Detecting C compiler ABI info
-- Detecting C compiler ABI info - done
-- Check for working C compiler: /usr/bin/cc - skipped
-- Detecting C compile features
-- Detecting C compile features - done
-- Detecting CXX compiler ABI info
-- Detecting CXX compiler ABI info - done
-- Check for working CXX compiler: /usr/bin/c++ - skipped
-- Detecting CXX compile features
-- Detecting CXX compile features - done
-- Found autoware_cmake: 0.1.0 (/home/sws/autoware/install/autoware_cmake/share/autoware_cmake/cmake)
-- Found Python3: /usr/bin/python3.10 (found version "3.10.6") found components: Interpreter 
-- Override CMake install command with custom implementation using symlinks instead of copying resources
-- Found rosidl_generator_c: 3.1.4 (/opt/ros/humble/share/rosidl_generator_c/cmake)
-- Found rosidl_adapter: 3.1.4 (/opt/ros/humble/share/rosidl_adapter/cmake)
-- Found rosidl_generator_cpp: 3.1.4 (/opt/ros/humble/share/rosidl_generator_cpp/cmake)
-- Using all available rosidl_typesupport_c: rosidl_typesupport_fastrtps_c;rosidl_typesupport_introspection_c
-- Using all available rosidl_typesupport_cpp: rosidl_typesupport_fastrtps_cpp;rosidl_typesupport_introspection_cpp
-- Looking for pthread.h
-- Looking for pthread.h - found
-- Performing Test CMAKE_HAVE_LIBC_PTHREAD
-- Performing Test CMAKE_HAVE_LIBC_PTHREAD - Success
-- Found Threads: TRUE  
-- Found rmw_implementation_cmake: 6.1.1 (/opt/ros/humble/share/rmw_implementation_cmake/cmake)
-- Found rmw_fastrtps_cpp: 6.2.2 (/opt/ros/humble/share/rmw_fastrtps_cpp/cmake)
-- Found OpenSSL: /usr/lib/x86_64-linux-gnu/libcrypto.so (found version "3.0.2")  
-- Found FastRTPS: /opt/ros/humble/include  
-- Using RMW implementation 'rmw_fastrtps_cpp' as default
-- Found TensorRT headers at /usr/include/x86_64-linux-gnu
-- Found TensorRT libs at /usr/lib/x86_64-linux-gnu/libnvinfer.so;/usr/lib/x86_64-linux-gnu/libnvinfer_plugin.so;/usr/lib/x86_64-linux-gnu/libnvparsers.so;/usr/lib/x86_64-linux-gnu/libnvonnxparser.so
-- Found ament_lint_auto: 0.12.5 (/opt/ros/humble/share/ament_lint_auto/cmake)
-- Found OpenCV: /usr (found version "4.5.4") 
-- Found OpenMP_C: -fopenmp (found version "4.5") 
-- Found OpenMP_CXX: -fopenmp (found version "4.5") 
-- Found OpenMP: TRUE (found version "4.5")  
-- Found Boost: /usr/lib/x86_64-linux-gnu/cmake/Boost-1.74.0/BoostConfig.cmake (found version "1.74.0")  
-- Added test 'copyright' to check source files copyright and LICENSE
-- Added test 'cppcheck' to perform static code analysis on C / C++ code
-- Configured cppcheck include dirs: /home/sws/autoware/src/universe/autoware.universe/perception/bytetrack/include;$<BUILD_INTERFACE:/home/sws/autoware/src/universe/autoware.universe/perception/bytetrack/lib/include>
-- Configured cppcheck exclude dirs and/or files: 
-- Added test 'lint_cmake' to check CMake code style
-- Added test 'xmllint' to check XML markup files
-- Configuring done
-- Generating done
-- Build files have been written to: /home/sws/autoware/build/bytetrack
[  6%] [32mBuilding CXX object CMakeFiles/bytetrack_lib.dir/lib/src/byte_tracker.cpp.o[0m
[ 12%] [32mBuilding CXX object CMakeFiles/bytetrack_lib.dir/lib/src/utils.cpp.o[0m
[ 18%] [32mBuilding CXX object CMakeFiles/bytetrack_lib.dir/lib/src/strack.cpp.o[0m
[ 25%] [32mBuilding CXX object CMakeFiles/bytetrack_lib.dir/lib/src/lapjv.cpp.o[0m
[ 31%] [32mBuilding CXX object CMakeFiles/bytetrack_lib.dir/lib/src/kalman_filter.cpp.o[0m
[ 37%] [32m[1mLinking CXX shared library libbytetrack_lib.so[0m
[ 37%] Built target bytetrack_lib
[ 43%] [32mBuilding CXX object CMakeFiles/bytetrack_visualizer_node_exe.dir/rclcpp_components/node_main_bytetrack_visualizer_node_exe.cpp.o[0m
[ 50%] [32m[1mLinking CXX executable bytetrack_visualizer_node_exe[0m
[ 50%] Built target bytetrack_visualizer_node_exe
[ 56%] [32mBuilding CXX object CMakeFiles/bytetrack.dir/src/bytetrack.cpp.o[0m
[ 62%] [32m[1mLinking CXX shared library libbytetrack.so[0m
[ 62%] Built target bytetrack
[ 68%] [32mBuilding CXX object CMakeFiles/bytetrack_node_exe.dir/rclcpp_components/node_main_bytetrack_node_exe.cpp.o[0m
[ 75%] [32m[1mLinking CXX executable bytetrack_node_exe[0m
[ 75%] Built target bytetrack_node_exe
[ 81%] [32mBuilding CXX object CMakeFiles/bytetrack_node.dir/src/bytetrack_node.cpp.o[0m
[ 87%] [32m[1mLinking CXX shared library libbytetrack_node.so[0m
[ 87%] Built target bytetrack_node
[ 93%] [32mBuilding CXX object CMakeFiles/bytetrack_visualizer.dir/src/bytetrack_visualizer_node.cpp.o[0m
[100%] [32m[1mLinking CXX shared library libbytetrack_visualizer.so[0m
[100%] Built target bytetrack_visualizer
-- Install configuration: "Release"
-- Execute custom install script
-- Symlinking: /home/sws/autoware/install/bytetrack/lib/bytetrack/bytetrack_node_exe
-- Symlinking: /home/sws/autoware/install/bytetrack/lib/bytetrack/bytetrack_visualizer_node_exe
-- Symlinking: /home/sws/autoware/install/bytetrack/include/bytetrack/bytetrack.hpp
-- Symlinking: /home/sws/autoware/install/bytetrack/include/bytetrack/bytetrack_node.hpp
-- Symlinking: /home/sws/autoware/install/bytetrack/include/bytetrack/bytetrack_visualizer_node.hpp
-- Symlinking: /home/sws/autoware/install/bytetrack/share/bytetrack/environment/library_path.sh
-- Symlinking: /home/sws/autoware/install/bytetrack/share/bytetrack/environment/library_path.dsv
-- Symlinking: /home/sws/autoware/install/bytetrack/lib/libbytetrack_lib.so
-- Symlinking: /home/sws/autoware/install/bytetrack/lib/libbytetrack.so
-- Symlinking: /home/sws/autoware/install/bytetrack/lib/libbytetrack_node.so
-- Symlinking: /home/sws/autoware/install/bytetrack/lib/libbytetrack_visualizer.so
-- Symlinking: /home/sws/autoware/install/bytetrack/share/bytetrack/launch/bytetrack.launch.xml
-- Symlinking: /home/sws/autoware/install/bytetrack/share/ament_index/resource_index/package_run_dependencies/bytetrack
-- Symlinking: /home/sws/autoware/install/bytetrack/share/ament_index/resource_index/parent_prefix_path/bytetrack
-- Symlinking: /home/sws/autoware/install/bytetrack/share/bytetrack/environment/ament_prefix_path.sh
-- Symlinking: /home/sws/autoware/install/bytetrack/share/bytetrack/environment/ament_prefix_path.dsv
-- Symlinking: /home/sws/autoware/install/bytetrack/share/bytetrack/environment/path.sh
-- Symlinking: /home/sws/autoware/install/bytetrack/share/bytetrack/environment/path.dsv
-- Symlinking: /home/sws/autoware/install/bytetrack/share/bytetrack/local_setup.bash
-- Symlinking: /home/sws/autoware/install/bytetrack/share/bytetrack/local_setup.sh
-- Symlinking: /home/sws/autoware/install/bytetrack/share/bytetrack/local_setup.zsh
-- Symlinking: /home/sws/autoware/install/bytetrack/share/bytetrack/local_setup.dsv
-- Symlinking: /home/sws/autoware/install/bytetrack/share/bytetrack/package.dsv
-- Symlinking: /home/sws/autoware/install/bytetrack/share/ament_index/resource_index/packages/bytetrack
-- Symlinking: /home/sws/autoware/install/bytetrack/share/ament_index/resource_index/rclcpp_components/bytetrack
-- Symlinking: /home/sws/autoware/install/bytetrack/share/bytetrack/cmake/ament_cmake_export_dependencies-extras.cmake
-- Symlinking: /home/sws/autoware/install/bytetrack/share/bytetrack/cmake/ament_cmake_export_include_directories-extras.cmake
-- Symlinking: /home/sws/autoware/install/bytetrack/share/bytetrack/cmake/ament_cmake_export_libraries-extras.cmake
-- Symlinking: /home/sws/autoware/install/bytetrack/share/bytetrack/cmake/bytetrackConfig.cmake
-- Symlinking: /home/sws/autoware/install/bytetrack/share/bytetrack/cmake/bytetrackConfig-version.cmake
-- Symlinking: /home/sws/autoware/install/bytetrack/share/bytetrack/package.xml
