[0.052s] Invoking command in '/home/sws/autoware/build/bytetrack': AMENT_PREFIX_PATH=/home/sws/autoware/install/tier4_perception_msgs:/home/sws/autoware/install/tensorrt_common:/home/sws/autoware/install/cuda_utils:/home/sws/autoware/install/autoware_cmake:/home/sws/autoware/install/autoware_auto_perception_msgs:/home/sws/autoware/install/autoware_lint_common:/home/sws/autoware/install/autoware_auto_geometry_msgs:${AMENT_PREFIX_PATH} CMAKE_PREFIX_PATH=/home/sws/autoware/install/tier4_perception_msgs:/home/sws/autoware/install/tensorrt_common:/home/sws/autoware/install/cuda_utils:/home/sws/autoware/install/autoware_cmake:/home/sws/autoware/install/autoware_auto_perception_msgs:/home/sws/autoware/install/autoware_lint_common:/home/sws/autoware/install/autoware_auto_geometry_msgs:/opt/ros/humble LD_LIBRARY_PATH=/home/sws/autoware/install/tier4_perception_msgs/lib:/home/sws/autoware/install/tensorrt_common/lib:/home/sws/autoware/install/autoware_auto_perception_msgs/lib:/home/sws/autoware/install/autoware_auto_geometry_msgs/lib:${LD_LIBRARY_PATH} PYTHONPATH=/home/sws/autoware/install/tier4_perception_msgs/local/lib/python3.10/dist-packages:/home/sws/autoware/install/autoware_auto_perception_msgs/local/lib/python3.10/dist-packages:/home/sws/autoware/install/autoware_auto_geometry_msgs/local/lib/python3.10/dist-packages:${PYTHONPATH} /usr/bin/cmake /home/sws/autoware/src/universe/autoware.universe/perception/bytetrack -DCMAKE_BUILD_TYPE=Release -DAMENT_CMAKE_SYMLINK_INSTALL=1 -DCMAKE_INSTALL_PREFIX=/home/sws/autoware/install/bytetrack
[2.902s] -- The C compiler identification is GNU 11.3.0
[2.903s] -- The CXX compiler identification is GNU 11.3.0
[2.903s] -- Detecting C compiler ABI info
[2.903s] -- Detecting C compiler ABI info - done
[2.903s] -- Check for working C compiler: /usr/bin/cc - skipped
[2.903s] -- Detecting C compile features
[2.903s] -- Detecting C compile features - done
[2.903s] -- Detecting CXX compiler ABI info
[2.903s] -- Detecting CXX compiler ABI info - done
[2.903s] -- Check for working CXX compiler: /usr/bin/c++ - skipped
[2.903s] -- Detecting CXX compile features
[2.903s] -- Detecting CXX compile features - done
[2.904s] -- Found autoware_cmake: 0.1.0 (/home/sws/autoware/install/autoware_cmake/share/autoware_cmake/cmake)
[2.904s] -- Found Python3: /usr/bin/python3.10 (found version "3.10.6") found components: Interpreter 
[2.904s] -- Override CMake install command with custom implementation using symlinks instead of copying resources
[2.904s] -- Found rosidl_generator_c: 3.1.4 (/opt/ros/humble/share/rosidl_generator_c/cmake)
[2.904s] -- Found rosidl_adapter: 3.1.4 (/opt/ros/humble/share/rosidl_adapter/cmake)
[2.904s] -- Found rosidl_generator_cpp: 3.1.4 (/opt/ros/humble/share/rosidl_generator_cpp/cmake)
[2.904s] -- Using all available rosidl_typesupport_c: rosidl_typesupport_fastrtps_c;rosidl_typesupport_introspection_c
[2.904s] -- Using all available rosidl_typesupport_cpp: rosidl_typesupport_fastrtps_cpp;rosidl_typesupport_introspection_cpp
[2.904s] -- Looking for pthread.h
[2.904s] -- Looking for pthread.h - found
[2.904s] -- Performing Test CMAKE_HAVE_LIBC_PTHREAD
[3.149s] -- Performing Test CMAKE_HAVE_LIBC_PTHREAD - Success
[3.151s] -- Found Threads: TRUE  
[3.538s] -- Found rmw_implementation_cmake: 6.1.1 (/opt/ros/humble/share/rmw_implementation_cmake/cmake)
[3.543s] -- Found rmw_fastrtps_cpp: 6.2.2 (/opt/ros/humble/share/rmw_fastrtps_cpp/cmake)
[4.156s] -- Found OpenSSL: /usr/lib/x86_64-linux-gnu/libcrypto.so (found version "3.0.2")  
[4.233s] -- Found FastRTPS: /opt/ros/humble/include  
[4.319s] -- Using RMW implementation 'rmw_fastrtps_cpp' as default
[4.872s] -- Found TensorRT headers at /usr/include/x86_64-linux-gnu
[4.879s] -- Found TensorRT libs at /usr/lib/x86_64-linux-gnu/libnvinfer.so;/usr/lib/x86_64-linux-gnu/libnvinfer_plugin.so;/usr/lib/x86_64-linux-gnu/libnvparsers.so;/usr/lib/x86_64-linux-gnu/libnvonnxparser.so
[5.616s] -- Found ament_lint_auto: 0.12.5 (/opt/ros/humble/share/ament_lint_auto/cmake)
[5.640s] -- Found OpenCV: /usr (found version "4.5.4") 
[6.811s] -- Found OpenMP_C: -fopenmp (found version "4.5") 
[7.177s] -- Found OpenMP_CXX: -fopenmp (found version "4.5") 
[7.178s] -- Found OpenMP: TRUE (found version "4.5")  
[7.198s] -- Found Boost: /usr/lib/x86_64-linux-gnu/cmake/Boost-1.74.0/BoostConfig.cmake (found version "1.74.0")  
[7.410s] -- Added test 'copyright' to check source files copyright and LICENSE
[7.437s] -- Added test 'cppcheck' to perform static code analysis on C / C++ code
[7.438s] -- Configured cppcheck include dirs: /home/sws/autoware/src/universe/autoware.universe/perception/bytetrack/include;$<BUILD_INTERFACE:/home/sws/autoware/src/universe/autoware.universe/perception/bytetrack/lib/include>
[7.438s] -- Configured cppcheck exclude dirs and/or files: 
[7.440s] -- Added test 'lint_cmake' to check CMake code style
[7.441s] -- Added test 'xmllint' to check XML markup files
[7.452s] -- Configuring done
[7.669s] -- Generating done
[7.670s] -- Build files have been written to: /home/sws/autoware/build/bytetrack
[7.693s] Invoked command in '/home/sws/autoware/build/bytetrack' returned '0': AMENT_PREFIX_PATH=/home/sws/autoware/install/tier4_perception_msgs:/home/sws/autoware/install/tensorrt_common:/home/sws/autoware/install/cuda_utils:/home/sws/autoware/install/autoware_cmake:/home/sws/autoware/install/autoware_auto_perception_msgs:/home/sws/autoware/install/autoware_lint_common:/home/sws/autoware/install/autoware_auto_geometry_msgs:${AMENT_PREFIX_PATH} CMAKE_PREFIX_PATH=/home/sws/autoware/install/tier4_perception_msgs:/home/sws/autoware/install/tensorrt_common:/home/sws/autoware/install/cuda_utils:/home/sws/autoware/install/autoware_cmake:/home/sws/autoware/install/autoware_auto_perception_msgs:/home/sws/autoware/install/autoware_lint_common:/home/sws/autoware/install/autoware_auto_geometry_msgs:/opt/ros/humble LD_LIBRARY_PATH=/home/sws/autoware/install/tier4_perception_msgs/lib:/home/sws/autoware/install/tensorrt_common/lib:/home/sws/autoware/install/autoware_auto_perception_msgs/lib:/home/sws/autoware/install/autoware_auto_geometry_msgs/lib:${LD_LIBRARY_PATH} PYTHONPATH=/home/sws/autoware/install/tier4_perception_msgs/local/lib/python3.10/dist-packages:/home/sws/autoware/install/autoware_auto_perception_msgs/local/lib/python3.10/dist-packages:/home/sws/autoware/install/autoware_auto_geometry_msgs/local/lib/python3.10/dist-packages:${PYTHONPATH} /usr/bin/cmake /home/sws/autoware/src/universe/autoware.universe/perception/bytetrack -DCMAKE_BUILD_TYPE=Release -DAMENT_CMAKE_SYMLINK_INSTALL=1 -DCMAKE_INSTALL_PREFIX=/home/sws/autoware/install/bytetrack
[7.694s] Invoking command in '/home/sws/autoware/build/bytetrack': AMENT_PREFIX_PATH=/home/sws/autoware/install/tier4_perception_msgs:/home/sws/autoware/install/tensorrt_common:/home/sws/autoware/install/cuda_utils:/home/sws/autoware/install/autoware_cmake:/home/sws/autoware/install/autoware_auto_perception_msgs:/home/sws/autoware/install/autoware_lint_common:/home/sws/autoware/install/autoware_auto_geometry_msgs:${AMENT_PREFIX_PATH} CMAKE_PREFIX_PATH=/home/sws/autoware/install/tier4_perception_msgs:/home/sws/autoware/install/tensorrt_common:/home/sws/autoware/install/cuda_utils:/home/sws/autoware/install/autoware_cmake:/home/sws/autoware/install/autoware_auto_perception_msgs:/home/sws/autoware/install/autoware_lint_common:/home/sws/autoware/install/autoware_auto_geometry_msgs:/opt/ros/humble LD_LIBRARY_PATH=/home/sws/autoware/install/tier4_perception_msgs/lib:/home/sws/autoware/install/tensorrt_common/lib:/home/sws/autoware/install/autoware_auto_perception_msgs/lib:/home/sws/autoware/install/autoware_auto_geometry_msgs/lib:${LD_LIBRARY_PATH} PYTHONPATH=/home/sws/autoware/install/tier4_perception_msgs/local/lib/python3.10/dist-packages:/home/sws/autoware/install/autoware_auto_perception_msgs/local/lib/python3.10/dist-packages:/home/sws/autoware/install/autoware_auto_geometry_msgs/local/lib/python3.10/dist-packages:${PYTHONPATH} /usr/bin/cmake --build /home/sws/autoware/build/bytetrack -- -j16 -l16
[19.941s] [  6%] [32mBuilding CXX object CMakeFiles/bytetrack_lib.dir/lib/src/byte_tracker.cpp.o[0m
[19.941s] [ 12%] [32mBuilding CXX object CMakeFiles/bytetrack_lib.dir/lib/src/utils.cpp.o[0m
[21.147s] [ 18%] [32mBuilding CXX object CMakeFiles/bytetrack_lib.dir/lib/src/strack.cpp.o[0m
[26.181s] [ 25%] [32mBuilding CXX object CMakeFiles/bytetrack_lib.dir/lib/src/lapjv.cpp.o[0m
[26.443s] [ 31%] [32mBuilding CXX object CMakeFiles/bytetrack_lib.dir/lib/src/kalman_filter.cpp.o[0m
[39.410s] [ 37%] [32m[1mLinking CXX shared library libbytetrack_lib.so[0m
[39.760s] [ 37%] Built target bytetrack_lib
[39.785s] [ 43%] [32mBuilding CXX object CMakeFiles/bytetrack_visualizer_node_exe.dir/rclcpp_components/node_main_bytetrack_visualizer_node_exe.cpp.o[0m
[45.150s] [ 50%] [32m[1mLinking CXX executable bytetrack_visualizer_node_exe[0m
[45.287s] [ 50%] Built target bytetrack_visualizer_node_exe
[45.305s] [ 56%] [32mBuilding CXX object CMakeFiles/bytetrack.dir/src/bytetrack.cpp.o[0m
[48.269s] [ 62%] [32m[1mLinking CXX shared library libbytetrack.so[0m
[48.512s] [ 62%] Built target bytetrack
[48.530s] [ 68%] [32mBuilding CXX object CMakeFiles/bytetrack_node_exe.dir/rclcpp_components/node_main_bytetrack_node_exe.cpp.o[0m
[52.718s] [ 75%] [32m[1mLinking CXX executable bytetrack_node_exe[0m
[52.877s] [ 75%] Built target bytetrack_node_exe
[52.904s] [ 81%] [32mBuilding CXX object CMakeFiles/bytetrack_node.dir/src/bytetrack_node.cpp.o[0m
[75.945s] [ 87%] [32m[1mLinking CXX shared library libbytetrack_node.so[0m
[76.315s] [ 87%] Built target bytetrack_node
[76.351s] [ 93%] [32mBuilding CXX object CMakeFiles/bytetrack_visualizer.dir/src/bytetrack_visualizer_node.cpp.o[0m
[107.102s] [100%] [32m[1mLinking CXX shared library libbytetrack_visualizer.so[0m
[107.511s] [100%] Built target bytetrack_visualizer
[107.527s] Invoked command in '/home/sws/autoware/build/bytetrack' returned '0': AMENT_PREFIX_PATH=/home/sws/autoware/install/tier4_perception_msgs:/home/sws/autoware/install/tensorrt_common:/home/sws/autoware/install/cuda_utils:/home/sws/autoware/install/autoware_cmake:/home/sws/autoware/install/autoware_auto_perception_msgs:/home/sws/autoware/install/autoware_lint_common:/home/sws/autoware/install/autoware_auto_geometry_msgs:${AMENT_PREFIX_PATH} CMAKE_PREFIX_PATH=/home/sws/autoware/install/tier4_perception_msgs:/home/sws/autoware/install/tensorrt_common:/home/sws/autoware/install/cuda_utils:/home/sws/autoware/install/autoware_cmake:/home/sws/autoware/install/autoware_auto_perception_msgs:/home/sws/autoware/install/autoware_lint_common:/home/sws/autoware/install/autoware_auto_geometry_msgs:/opt/ros/humble LD_LIBRARY_PATH=/home/sws/autoware/install/tier4_perception_msgs/lib:/home/sws/autoware/install/tensorrt_common/lib:/home/sws/autoware/install/autoware_auto_perception_msgs/lib:/home/sws/autoware/install/autoware_auto_geometry_msgs/lib:${LD_LIBRARY_PATH} PYTHONPATH=/home/sws/autoware/install/tier4_perception_msgs/local/lib/python3.10/dist-packages:/home/sws/autoware/install/autoware_auto_perception_msgs/local/lib/python3.10/dist-packages:/home/sws/autoware/install/autoware_auto_geometry_msgs/local/lib/python3.10/dist-packages:${PYTHONPATH} /usr/bin/cmake --build /home/sws/autoware/build/bytetrack -- -j16 -l16
[107.592s] Invoking command in '/home/sws/autoware/build/bytetrack': AMENT_PREFIX_PATH=/home/sws/autoware/install/tier4_perception_msgs:/home/sws/autoware/install/tensorrt_common:/home/sws/autoware/install/cuda_utils:/home/sws/autoware/install/autoware_cmake:/home/sws/autoware/install/autoware_auto_perception_msgs:/home/sws/autoware/install/autoware_lint_common:/home/sws/autoware/install/autoware_auto_geometry_msgs:${AMENT_PREFIX_PATH} CMAKE_PREFIX_PATH=/home/sws/autoware/install/tier4_perception_msgs:/home/sws/autoware/install/tensorrt_common:/home/sws/autoware/install/cuda_utils:/home/sws/autoware/install/autoware_cmake:/home/sws/autoware/install/autoware_auto_perception_msgs:/home/sws/autoware/install/autoware_lint_common:/home/sws/autoware/install/autoware_auto_geometry_msgs:/opt/ros/humble LD_LIBRARY_PATH=/home/sws/autoware/install/tier4_perception_msgs/lib:/home/sws/autoware/install/tensorrt_common/lib:/home/sws/autoware/install/autoware_auto_perception_msgs/lib:/home/sws/autoware/install/autoware_auto_geometry_msgs/lib:${LD_LIBRARY_PATH} PYTHONPATH=/home/sws/autoware/install/tier4_perception_msgs/local/lib/python3.10/dist-packages:/home/sws/autoware/install/autoware_auto_perception_msgs/local/lib/python3.10/dist-packages:/home/sws/autoware/install/autoware_auto_geometry_msgs/local/lib/python3.10/dist-packages:${PYTHONPATH} /usr/bin/cmake --install /home/sws/autoware/build/bytetrack
[130.532s] -- Install configuration: "Release"
[130.532s] -- Execute custom install script
[130.533s] -- Symlinking: /home/sws/autoware/install/bytetrack/lib/bytetrack/bytetrack_node_exe
[130.533s] -- Symlinking: /home/sws/autoware/install/bytetrack/lib/bytetrack/bytetrack_visualizer_node_exe
[130.533s] -- Symlinking: /home/sws/autoware/install/bytetrack/include/bytetrack/bytetrack.hpp
[130.533s] -- Symlinking: /home/sws/autoware/install/bytetrack/include/bytetrack/bytetrack_node.hpp
[130.533s] -- Symlinking: /home/sws/autoware/install/bytetrack/include/bytetrack/bytetrack_visualizer_node.hpp
[130.533s] -- Symlinking: /home/sws/autoware/install/bytetrack/share/bytetrack/environment/library_path.sh
[130.533s] -- Symlinking: /home/sws/autoware/install/bytetrack/share/bytetrack/environment/library_path.dsv
[130.533s] -- Symlinking: /home/sws/autoware/install/bytetrack/lib/libbytetrack_lib.so
[130.533s] -- Symlinking: /home/sws/autoware/install/bytetrack/lib/libbytetrack.so
[130.533s] -- Symlinking: /home/sws/autoware/install/bytetrack/lib/libbytetrack_node.so
[130.533s] -- Symlinking: /home/sws/autoware/install/bytetrack/lib/libbytetrack_visualizer.so
[130.534s] -- Symlinking: /home/sws/autoware/install/bytetrack/share/bytetrack/launch/bytetrack.launch.xml
[130.534s] -- Symlinking: /home/sws/autoware/install/bytetrack/share/ament_index/resource_index/package_run_dependencies/bytetrack
[130.534s] -- Symlinking: /home/sws/autoware/install/bytetrack/share/ament_index/resource_index/parent_prefix_path/bytetrack
[130.534s] -- Symlinking: /home/sws/autoware/install/bytetrack/share/bytetrack/environment/ament_prefix_path.sh
[130.534s] -- Symlinking: /home/sws/autoware/install/bytetrack/share/bytetrack/environment/ament_prefix_path.dsv
[130.534s] -- Symlinking: /home/sws/autoware/install/bytetrack/share/bytetrack/environment/path.sh
[130.534s] -- Symlinking: /home/sws/autoware/install/bytetrack/share/bytetrack/environment/path.dsv
[130.534s] -- Symlinking: /home/sws/autoware/install/bytetrack/share/bytetrack/local_setup.bash
[130.534s] -- Symlinking: /home/sws/autoware/install/bytetrack/share/bytetrack/local_setup.sh
[130.534s] -- Symlinking: /home/sws/autoware/install/bytetrack/share/bytetrack/local_setup.zsh
[130.535s] -- Symlinking: /home/sws/autoware/install/bytetrack/share/bytetrack/local_setup.dsv
[130.535s] -- Symlinking: /home/sws/autoware/install/bytetrack/share/bytetrack/package.dsv
[130.535s] -- Symlinking: /home/sws/autoware/install/bytetrack/share/ament_index/resource_index/packages/bytetrack
[130.535s] -- Symlinking: /home/sws/autoware/install/bytetrack/share/ament_index/resource_index/rclcpp_components/bytetrack
[130.535s] -- Symlinking: /home/sws/autoware/install/bytetrack/share/bytetrack/cmake/ament_cmake_export_dependencies-extras.cmake
[130.535s] -- Symlinking: /home/sws/autoware/install/bytetrack/share/bytetrack/cmake/ament_cmake_export_include_directories-extras.cmake
[130.535s] -- Symlinking: /home/sws/autoware/install/bytetrack/share/bytetrack/cmake/ament_cmake_export_libraries-extras.cmake
[130.535s] -- Symlinking: /home/sws/autoware/install/bytetrack/share/bytetrack/cmake/bytetrackConfig.cmake
[130.535s] -- Symlinking: /home/sws/autoware/install/bytetrack/share/bytetrack/cmake/bytetrackConfig-version.cmake
[130.535s] -- Symlinking: /home/sws/autoware/install/bytetrack/share/bytetrack/package.xml
[130.576s] Invoked command in '/home/sws/autoware/build/bytetrack' returned '0': AMENT_PREFIX_PATH=/home/sws/autoware/install/tier4_perception_msgs:/home/sws/autoware/install/tensorrt_common:/home/sws/autoware/install/cuda_utils:/home/sws/autoware/install/autoware_cmake:/home/sws/autoware/install/autoware_auto_perception_msgs:/home/sws/autoware/install/autoware_lint_common:/home/sws/autoware/install/autoware_auto_geometry_msgs:${AMENT_PREFIX_PATH} CMAKE_PREFIX_PATH=/home/sws/autoware/install/tier4_perception_msgs:/home/sws/autoware/install/tensorrt_common:/home/sws/autoware/install/cuda_utils:/home/sws/autoware/install/autoware_cmake:/home/sws/autoware/install/autoware_auto_perception_msgs:/home/sws/autoware/install/autoware_lint_common:/home/sws/autoware/install/autoware_auto_geometry_msgs:/opt/ros/humble LD_LIBRARY_PATH=/home/sws/autoware/install/tier4_perception_msgs/lib:/home/sws/autoware/install/tensorrt_common/lib:/home/sws/autoware/install/autoware_auto_perception_msgs/lib:/home/sws/autoware/install/autoware_auto_geometry_msgs/lib:${LD_LIBRARY_PATH} PYTHONPATH=/home/sws/autoware/install/tier4_perception_msgs/local/lib/python3.10/dist-packages:/home/sws/autoware/install/autoware_auto_perception_msgs/local/lib/python3.10/dist-packages:/home/sws/autoware/install/autoware_auto_geometry_msgs/local/lib/python3.10/dist-packages:${PYTHONPATH} /usr/bin/cmake --install /home/sws/autoware/build/bytetrack
