-- The C compiler identification is GNU 11.3.0
-- The CXX compiler identification is GNU 11.3.0
-- Detecting C compiler ABI info
-- Detecting C compiler ABI info - done
-- Check for working C compiler: /usr/bin/cc - skipped
-- Detecting C compile features
-- Detecting C compile features - done
-- Detecting CXX compiler ABI info
-- Detecting CXX compiler ABI info - done
-- Check for working CXX compiler: /usr/bin/c++ - skipped
-- Detecting CXX compile features
-- Detecting CXX compile features - done
-- Found ament_cmake_auto: 1.3.3 (/opt/ros/humble/share/ament_cmake_auto/cmake)
-- Found Python3: /usr/bin/python3.10 (found version "3.10.6") found components: Interpreter 
-- Override CMake install command with custom implementation using symlinks instead of copying resources
-- Found rosidl_generator_c: 3.1.4 (/opt/ros/humble/share/rosidl_generator_c/cmake)
-- Found rosidl_adapter: 3.1.4 (/opt/ros/humble/share/rosidl_adapter/cmake)
-- Found rosidl_generator_cpp: 3.1.4 (/opt/ros/humble/share/rosidl_generator_cpp/cmake)
-- Using all available rosidl_typesupport_c: rosidl_typesupport_fastrtps_c;rosidl_typesupport_introspection_c
-- Using all available rosidl_typesupport_cpp: rosidl_typesupport_fastrtps_cpp;rosidl_typesupport_introspection_cpp
-- Found rmw_implementation_cmake: 6.1.1 (/opt/ros/humble/share/rmw_implementation_cmake/cmake)
-- Found rmw_fastrtps_cpp: 6.2.2 (/opt/ros/humble/share/rmw_fastrtps_cpp/cmake)
-- Found OpenSSL: /usr/lib/x86_64-linux-gnu/libcrypto.so (found version "3.0.2")  
-- Found FastRTPS: /opt/ros/humble/include  
-- Using RMW implementation 'rmw_fastrtps_cpp' as default
-- Looking for pthread.h
-- Looking for pthread.h - found
-- Performing Test CMAKE_HAVE_LIBC_PTHREAD
-- Performing Test CMAKE_HAVE_LIBC_PTHREAD - Success
-- Found Threads: TRUE  
-- Found Boost: /usr/lib/x86_64-linux-gnu/cmake/Boost-1.74.0/BoostConfig.cmake (found version "1.74.0") found components: thread 
-- Configuring done
-- Generating done
-- Build files have been written to: /home/sws/autoware/build/velodyne_driver
[ 14%] [32mBuilding CXX object src/lib/CMakeFiles/velodyne_input.dir/input.cc.o[0m
[ 28%] [32m[1mLinking CXX shared library libvelodyne_input.so[0m
[ 28%] Built target velodyne_input
[ 42%] [32mBuilding CXX object CMakeFiles/velodyne_driver_node.dir/rclcpp_components/node_main_velodyne_driver_node.cpp.o[0m
[ 57%] [32m[1mLinking CXX executable velodyne_driver_node[0m
[ 57%] Built target velodyne_driver_node
[ 71%] [32mBuilding CXX object CMakeFiles/velodyne_driver.dir/src/driver/driver.cc.o[0m
[ 85%] [32mBuilding CXX object CMakeFiles/velodyne_driver.dir/src/driver/nodelet.cc.o[0m
[100%] [32m[1mLinking CXX shared library libvelodyne_driver.so[0m
[100%] Built target velodyne_driver
-- Install configuration: "Release"
-- Execute custom install script
-- Symlinking: /home/sws/autoware/install/velodyne_driver/lib/libvelodyne_input.so
-- Symlinking: /home/sws/autoware/install/velodyne_driver/lib/velodyne_driver/velodyne_driver_node
-- Symlinking: /home/sws/autoware/install/velodyne_driver/include/velodyne_driver/input.h
-- Symlinking: /home/sws/autoware/install/velodyne_driver/include/velodyne_driver/ring_sequence.h
-- Symlinking: /home/sws/autoware/install/velodyne_driver/include/velodyne_driver/time_conversion.hpp
-- Symlinking: /home/sws/autoware/install/velodyne_driver/share/velodyne_driver/environment/library_path.sh
-- Symlinking: /home/sws/autoware/install/velodyne_driver/share/velodyne_driver/environment/library_path.dsv
-- Symlinking: /home/sws/autoware/install/velodyne_driver/lib/libvelodyne_driver.so
-- Symlinking: /home/sws/autoware/install/velodyne_driver/share/velodyne_driver/launch/nodelet_manager.launch.xml
-- Symlinking: /home/sws/autoware/install/velodyne_driver/share/ament_index/resource_index/package_run_dependencies/velodyne_driver
-- Symlinking: /home/sws/autoware/install/velodyne_driver/share/ament_index/resource_index/parent_prefix_path/velodyne_driver
-- Symlinking: /home/sws/autoware/install/velodyne_driver/share/velodyne_driver/environment/ament_prefix_path.sh
-- Symlinking: /home/sws/autoware/install/velodyne_driver/share/velodyne_driver/environment/ament_prefix_path.dsv
-- Symlinking: /home/sws/autoware/install/velodyne_driver/share/velodyne_driver/environment/path.sh
-- Symlinking: /home/sws/autoware/install/velodyne_driver/share/velodyne_driver/environment/path.dsv
-- Symlinking: /home/sws/autoware/install/velodyne_driver/share/velodyne_driver/local_setup.bash
-- Symlinking: /home/sws/autoware/install/velodyne_driver/share/velodyne_driver/local_setup.sh
-- Symlinking: /home/sws/autoware/install/velodyne_driver/share/velodyne_driver/local_setup.zsh
-- Symlinking: /home/sws/autoware/install/velodyne_driver/share/velodyne_driver/local_setup.dsv
-- Symlinking: /home/sws/autoware/install/velodyne_driver/share/velodyne_driver/package.dsv
-- Symlinking: /home/sws/autoware/install/velodyne_driver/share/ament_index/resource_index/packages/velodyne_driver
-- Symlinking: /home/sws/autoware/install/velodyne_driver/share/ament_index/resource_index/rclcpp_components/velodyne_driver
-- Symlinking: /home/sws/autoware/install/velodyne_driver/share/velodyne_driver/cmake/ament_cmake_export_dependencies-extras.cmake
-- Symlinking: /home/sws/autoware/install/velodyne_driver/share/velodyne_driver/cmake/ament_cmake_export_include_directories-extras.cmake
-- Symlinking: /home/sws/autoware/install/velodyne_driver/share/velodyne_driver/cmake/ament_cmake_export_libraries-extras.cmake
-- Symlinking: /home/sws/autoware/install/velodyne_driver/share/velodyne_driver/cmake/velodyne_driverConfig.cmake
-- Symlinking: /home/sws/autoware/install/velodyne_driver/share/velodyne_driver/cmake/velodyne_driverConfig-version.cmake
-- Symlinking: /home/sws/autoware/install/velodyne_driver/share/velodyne_driver/package.xml
