[0.039s] Invoking command in '/home/sws/autoware/build/velodyne_driver': AMENT_PREFIX_PATH=/home/sws/autoware/install/velodyne_msgs:${AMENT_PREFIX_PATH} CMAKE_PREFIX_PATH=/home/sws/autoware/install/velodyne_msgs:/opt/ros/humble LD_LIBRARY_PATH=/home/sws/autoware/install/velodyne_msgs/lib:${LD_LIBRARY_PATH} PYTHONPATH=/home/sws/autoware/install/velodyne_msgs/local/lib/python3.10/dist-packages:${PYTHONPATH} /usr/bin/cmake /home/sws/autoware/src/sensor_component/external/velodyne_vls/velodyne_driver -DCMAKE_BUILD_TYPE=Release -DAMENT_CMAKE_SYMLINK_INSTALL=1 -DCMAKE_INSTALL_PREFIX=/home/sws/autoware/install/velodyne_driver
[9.213s] -- The C compiler identification is GNU 11.3.0
[9.213s] -- The CXX compiler identification is GNU 11.3.0
[9.213s] -- Detecting C compiler ABI info
[9.213s] -- Detecting C compiler ABI info - done
[9.213s] -- Check for working C compiler: /usr/bin/cc - skipped
[9.213s] -- Detecting C compile features
[9.214s] -- Detecting C compile features - done
[9.214s] -- Detecting CXX compiler ABI info
[9.214s] -- Detecting CXX compiler ABI info - done
[9.214s] -- Check for working CXX compiler: /usr/bin/c++ - skipped
[9.214s] -- Detecting CXX compile features
[9.214s] -- Detecting CXX compile features - done
[9.214s] -- Found ament_cmake_auto: 1.3.3 (/opt/ros/humble/share/ament_cmake_auto/cmake)
[9.214s] -- Found Python3: /usr/bin/python3.10 (found version "3.10.6") found components: Interpreter 
[9.214s] -- Override CMake install command with custom implementation using symlinks instead of copying resources
[9.214s] -- Found rosidl_generator_c: 3.1.4 (/opt/ros/humble/share/rosidl_generator_c/cmake)
[9.214s] -- Found rosidl_adapter: 3.1.4 (/opt/ros/humble/share/rosidl_adapter/cmake)
[9.214s] -- Found rosidl_generator_cpp: 3.1.4 (/opt/ros/humble/share/rosidl_generator_cpp/cmake)
[9.214s] -- Using all available rosidl_typesupport_c: rosidl_typesupport_fastrtps_c;rosidl_typesupport_introspection_c
[9.214s] -- Using all available rosidl_typesupport_cpp: rosidl_typesupport_fastrtps_cpp;rosidl_typesupport_introspection_cpp
[9.214s] -- Found rmw_implementation_cmake: 6.1.1 (/opt/ros/humble/share/rmw_implementation_cmake/cmake)
[9.214s] -- Found rmw_fastrtps_cpp: 6.2.2 (/opt/ros/humble/share/rmw_fastrtps_cpp/cmake)
[9.214s] -- Found OpenSSL: /usr/lib/x86_64-linux-gnu/libcrypto.so (found version "3.0.2")  
[9.214s] -- Found FastRTPS: /opt/ros/humble/include  
[9.214s] -- Using RMW implementation 'rmw_fastrtps_cpp' as default
[9.215s] -- Looking for pthread.h
[9.215s] -- Looking for pthread.h - found
[9.215s] -- Performing Test CMAKE_HAVE_LIBC_PTHREAD
[9.215s] -- Performing Test CMAKE_HAVE_LIBC_PTHREAD - Success
[9.215s] -- Found Threads: TRUE  
[9.215s] -- Found Boost: /usr/lib/x86_64-linux-gnu/cmake/Boost-1.74.0/BoostConfig.cmake (found version "1.74.0") found components: thread 
[9.215s] -- Configuring done
[9.215s] -- Generating done
[9.215s] -- Build files have been written to: /home/sws/autoware/build/velodyne_driver
[9.239s] Invoked command in '/home/sws/autoware/build/velodyne_driver' returned '0': AMENT_PREFIX_PATH=/home/sws/autoware/install/velodyne_msgs:${AMENT_PREFIX_PATH} CMAKE_PREFIX_PATH=/home/sws/autoware/install/velodyne_msgs:/opt/ros/humble LD_LIBRARY_PATH=/home/sws/autoware/install/velodyne_msgs/lib:${LD_LIBRARY_PATH} PYTHONPATH=/home/sws/autoware/install/velodyne_msgs/local/lib/python3.10/dist-packages:${PYTHONPATH} /usr/bin/cmake /home/sws/autoware/src/sensor_component/external/velodyne_vls/velodyne_driver -DCMAKE_BUILD_TYPE=Release -DAMENT_CMAKE_SYMLINK_INSTALL=1 -DCMAKE_INSTALL_PREFIX=/home/sws/autoware/install/velodyne_driver
[9.241s] Invoking command in '/home/sws/autoware/build/velodyne_driver': AMENT_PREFIX_PATH=/home/sws/autoware/install/velodyne_msgs:${AMENT_PREFIX_PATH} CMAKE_PREFIX_PATH=/home/sws/autoware/install/velodyne_msgs:/opt/ros/humble LD_LIBRARY_PATH=/home/sws/autoware/install/velodyne_msgs/lib:${LD_LIBRARY_PATH} PYTHONPATH=/home/sws/autoware/install/velodyne_msgs/local/lib/python3.10/dist-packages:${PYTHONPATH} /usr/bin/cmake --build /home/sws/autoware/build/velodyne_driver -- -j16 -l16
[10.011s] [ 14%] [32mBuilding CXX object src/lib/CMakeFiles/velodyne_input.dir/input.cc.o[0m
[14.083s] [ 28%] [32m[1mLinking CXX shared library libvelodyne_input.so[0m
[14.243s] [ 28%] Built target velodyne_input
[14.268s] [ 42%] [32mBuilding CXX object CMakeFiles/velodyne_driver_node.dir/rclcpp_components/node_main_velodyne_driver_node.cpp.o[0m
[18.540s] [ 57%] [32m[1mLinking CXX executable velodyne_driver_node[0m
[18.685s] [ 57%] Built target velodyne_driver_node
[18.710s] [ 71%] [32mBuilding CXX object CMakeFiles/velodyne_driver.dir/src/driver/driver.cc.o[0m
[27.808s] [ 85%] [32mBuilding CXX object CMakeFiles/velodyne_driver.dir/src/driver/nodelet.cc.o[0m
[35.151s] [100%] [32m[1mLinking CXX shared library libvelodyne_driver.so[0m
[35.463s] [100%] Built target velodyne_driver
[35.477s] Invoked command in '/home/sws/autoware/build/velodyne_driver' returned '0': AMENT_PREFIX_PATH=/home/sws/autoware/install/velodyne_msgs:${AMENT_PREFIX_PATH} CMAKE_PREFIX_PATH=/home/sws/autoware/install/velodyne_msgs:/opt/ros/humble LD_LIBRARY_PATH=/home/sws/autoware/install/velodyne_msgs/lib:${LD_LIBRARY_PATH} PYTHONPATH=/home/sws/autoware/install/velodyne_msgs/local/lib/python3.10/dist-packages:${PYTHONPATH} /usr/bin/cmake --build /home/sws/autoware/build/velodyne_driver -- -j16 -l16
[35.519s] Invoking command in '/home/sws/autoware/build/velodyne_driver': AMENT_PREFIX_PATH=/home/sws/autoware/install/velodyne_msgs:${AMENT_PREFIX_PATH} CMAKE_PREFIX_PATH=/home/sws/autoware/install/velodyne_msgs:/opt/ros/humble LD_LIBRARY_PATH=/home/sws/autoware/install/velodyne_msgs/lib:${LD_LIBRARY_PATH} PYTHONPATH=/home/sws/autoware/install/velodyne_msgs/local/lib/python3.10/dist-packages:${PYTHONPATH} /usr/bin/cmake --install /home/sws/autoware/build/velodyne_driver
[39.457s] -- Install configuration: "Release"
[39.457s] -- Execute custom install script
[39.457s] -- Symlinking: /home/sws/autoware/install/velodyne_driver/lib/libvelodyne_input.so
[39.457s] -- Symlinking: /home/sws/autoware/install/velodyne_driver/lib/velodyne_driver/velodyne_driver_node
[39.457s] -- Symlinking: /home/sws/autoware/install/velodyne_driver/include/velodyne_driver/input.h
[39.457s] -- Symlinking: /home/sws/autoware/install/velodyne_driver/include/velodyne_driver/ring_sequence.h
[39.457s] -- Symlinking: /home/sws/autoware/install/velodyne_driver/include/velodyne_driver/time_conversion.hpp
[39.458s] -- Symlinking: /home/sws/autoware/install/velodyne_driver/share/velodyne_driver/environment/library_path.sh
[39.458s] -- Symlinking: /home/sws/autoware/install/velodyne_driver/share/velodyne_driver/environment/library_path.dsv
[39.458s] -- Symlinking: /home/sws/autoware/install/velodyne_driver/lib/libvelodyne_driver.so
[39.458s] -- Symlinking: /home/sws/autoware/install/velodyne_driver/share/velodyne_driver/launch/nodelet_manager.launch.xml
[39.458s] -- Symlinking: /home/sws/autoware/install/velodyne_driver/share/ament_index/resource_index/package_run_dependencies/velodyne_driver
[39.458s] -- Symlinking: /home/sws/autoware/install/velodyne_driver/share/ament_index/resource_index/parent_prefix_path/velodyne_driver
[39.458s] -- Symlinking: /home/sws/autoware/install/velodyne_driver/share/velodyne_driver/environment/ament_prefix_path.sh
[39.458s] -- Symlinking: /home/sws/autoware/install/velodyne_driver/share/velodyne_driver/environment/ament_prefix_path.dsv
[39.458s] -- Symlinking: /home/sws/autoware/install/velodyne_driver/share/velodyne_driver/environment/path.sh
[39.458s] -- Symlinking: /home/sws/autoware/install/velodyne_driver/share/velodyne_driver/environment/path.dsv
[39.458s] -- Symlinking: /home/sws/autoware/install/velodyne_driver/share/velodyne_driver/local_setup.bash
[39.459s] -- Symlinking: /home/sws/autoware/install/velodyne_driver/share/velodyne_driver/local_setup.sh
[39.459s] -- Symlinking: /home/sws/autoware/install/velodyne_driver/share/velodyne_driver/local_setup.zsh
[39.459s] -- Symlinking: /home/sws/autoware/install/velodyne_driver/share/velodyne_driver/local_setup.dsv
[39.459s] -- Symlinking: /home/sws/autoware/install/velodyne_driver/share/velodyne_driver/package.dsv
[39.459s] -- Symlinking: /home/sws/autoware/install/velodyne_driver/share/ament_index/resource_index/packages/velodyne_driver
[39.459s] -- Symlinking: /home/sws/autoware/install/velodyne_driver/share/ament_index/resource_index/rclcpp_components/velodyne_driver
[39.459s] -- Symlinking: /home/sws/autoware/install/velodyne_driver/share/velodyne_driver/cmake/ament_cmake_export_dependencies-extras.cmake
[39.459s] -- Symlinking: /home/sws/autoware/install/velodyne_driver/share/velodyne_driver/cmake/ament_cmake_export_include_directories-extras.cmake
[39.459s] -- Symlinking: /home/sws/autoware/install/velodyne_driver/share/velodyne_driver/cmake/ament_cmake_export_libraries-extras.cmake
[39.459s] -- Symlinking: /home/sws/autoware/install/velodyne_driver/share/velodyne_driver/cmake/velodyne_driverConfig.cmake
[39.459s] -- Symlinking: /home/sws/autoware/install/velodyne_driver/share/velodyne_driver/cmake/velodyne_driverConfig-version.cmake
[39.460s] -- Symlinking: /home/sws/autoware/install/velodyne_driver/share/velodyne_driver/package.xml
[39.525s] Invoked command in '/home/sws/autoware/build/velodyne_driver' returned '0': AMENT_PREFIX_PATH=/home/sws/autoware/install/velodyne_msgs:${AMENT_PREFIX_PATH} CMAKE_PREFIX_PATH=/home/sws/autoware/install/velodyne_msgs:/opt/ros/humble LD_LIBRARY_PATH=/home/sws/autoware/install/velodyne_msgs/lib:${LD_LIBRARY_PATH} PYTHONPATH=/home/sws/autoware/install/velodyne_msgs/local/lib/python3.10/dist-packages:${PYTHONPATH} /usr/bin/cmake --install /home/sws/autoware/build/velodyne_driver
