-- The C compiler identification is GNU 11.3.0
-- The CXX compiler identification is GNU 11.3.0
-- Detecting C compiler ABI info
-- Detecting C compiler ABI info - done
-- Check for working C compiler: /usr/bin/cc - skipped
-- Detecting C compile features
-- Detecting C compile features - done
-- Detecting CXX compiler ABI info
-- Detecting CXX compiler ABI info - done
-- Check for working CXX compiler: /usr/bin/c++ - skipped
-- Detecting CXX compile features
-- Detecting CXX compile features - done
-- Found autoware_cmake: 0.1.0 (/home/sws/autoware/install/autoware_cmake/share/autoware_cmake/cmake)
-- Found Python3: /usr/bin/python3.10 (found version "3.10.6") found components: Interpreter 
-- Override CMake install command with custom implementation using symlinks instead of copying resources
-- Found rosidl_generator_c: 3.1.4 (/opt/ros/humble/share/rosidl_generator_c/cmake)
-- Found rosidl_adapter: 3.1.4 (/opt/ros/humble/share/rosidl_adapter/cmake)
-- Found rosidl_generator_cpp: 3.1.4 (/opt/ros/humble/share/rosidl_generator_cpp/cmake)
-- Using all available rosidl_typesupport_c: rosidl_typesupport_fastrtps_c;rosidl_typesupport_introspection_c
-- Using all available rosidl_typesupport_cpp: rosidl_typesupport_fastrtps_cpp;rosidl_typesupport_introspection_cpp
-- Found rmw_implementation_cmake: 6.1.1 (/opt/ros/humble/share/rmw_implementation_cmake/cmake)
-- Found rmw_fastrtps_cpp: 6.2.2 (/opt/ros/humble/share/rmw_fastrtps_cpp/cmake)
-- Found OpenSSL: /usr/lib/x86_64-linux-gnu/libcrypto.so (found version "3.0.2")  
-- Found FastRTPS: /opt/ros/humble/include  
-- Using RMW implementation 'rmw_fastrtps_cpp' as default
-- Looking for pthread.h
-- Looking for pthread.h - found
-- Performing Test CMAKE_HAVE_LIBC_PTHREAD
-- Performing Test CMAKE_HAVE_LIBC_PTHREAD - Success
-- Found Threads: TRUE  
-- Found eigen3_cmake_module: 0.1.1 (/opt/ros/humble/share/eigen3_cmake_module/cmake)
-- Found Eigen3: TRUE (found version "3.4.0") 
-- Ensuring Eigen3 include directory is part of orocos-kdl CMake target
-- Found ament_lint_auto: 0.12.5 (/opt/ros/humble/share/ament_lint_auto/cmake)
-- Found gtest sources under '/opt/ros/humble/src/gtest_vendor': C++ tests using 'Google Test' will be built
-- Added test 'copyright' to check source files copyright and LICENSE
-- Added test 'cppcheck' to perform static code analysis on C / C++ code
-- Configured cppcheck include dirs: /home/sws/autoware/src/universe/autoware.universe/evaluator/localization_evaluator/include
-- Configured cppcheck exclude dirs and/or files: 
-- Added test 'lint_cmake' to check CMake code style
-- Added test 'xmllint' to check XML markup files
-- Configuring done
-- Generating done
-- Build files have been written to: /home/sws/autoware/build/localization_evaluator
[  8%] [32mBuilding CXX object CMakeFiles/localization_evaluator_node.dir/src/metrics_calculator.cpp.o[0m
[ 16%] [32mBuilding CXX object CMakeFiles/localization_evaluator_node.dir/src/metrics/localization_metrics.cpp.o[0m
[ 25%] [32mBuilding CXX object CMakeFiles/localization_evaluator_node.dir/src/localization_evaluator_node.cpp.o[0m
[ 33%] [32m[1mLinking CXX shared library liblocalization_evaluator_node.so[0m
[ 33%] Built target localization_evaluator_node
[ 41%] [32mBuilding CXX object gtest/CMakeFiles/gtest.dir/src/gtest-all.cc.o[0m
[ 50%] [32m[1mLinking CXX static library libgtest.a[0m
[ 50%] Built target gtest
[ 58%] [32mBuilding CXX object gtest/CMakeFiles/gtest_main.dir/src/gtest_main.cc.o[0m
[ 66%] [32m[1mLinking CXX static library libgtest_main.a[0m
[ 66%] Built target gtest_main
[ 75%] [32mBuilding CXX object CMakeFiles/localization_evaluator.dir/rclcpp_components/node_main_localization_evaluator.cpp.o[0m
[ 83%] [32m[1mLinking CXX executable localization_evaluator[0m
[ 83%] Built target localization_evaluator
[ 91%] [32mBuilding CXX object CMakeFiles/test_localization_evaluator.dir/test/test_localization_evaluator_node.cpp.o[0m
[100%] [32m[1mLinking CXX executable test_localization_evaluator[0m
[100%] Built target test_localization_evaluator
-- Install configuration: "Release"
-- Execute custom install script
-- Symlinking: /home/sws/autoware/install/localization_evaluator/lib/localization_evaluator/localization_evaluator
-- Symlinking: /home/sws/autoware/install/localization_evaluator/include/localization_evaluator/localization_evaluator_node.hpp
-- Symlinking: /home/sws/autoware/install/localization_evaluator/include/localization_evaluator/metrics/localization_metrics.hpp
-- Symlinking: /home/sws/autoware/install/localization_evaluator/include/localization_evaluator/metrics/metric.hpp
-- Symlinking: /home/sws/autoware/install/localization_evaluator/include/localization_evaluator/metrics_calculator.hpp
-- Symlinking: /home/sws/autoware/install/localization_evaluator/include/localization_evaluator/parameters.hpp
-- Symlinking: /home/sws/autoware/install/localization_evaluator/include/localization_evaluator/stat.hpp
-- Symlinking: /home/sws/autoware/install/localization_evaluator/share/localization_evaluator/environment/library_path.sh
-- Symlinking: /home/sws/autoware/install/localization_evaluator/share/localization_evaluator/environment/library_path.dsv
-- Symlinking: /home/sws/autoware/install/localization_evaluator/lib/liblocalization_evaluator_node.so
-- Symlinking: /home/sws/autoware/install/localization_evaluator/share/localization_evaluator/param/localization_evaluator.defaults.yaml
-- Symlinking: /home/sws/autoware/install/localization_evaluator/share/localization_evaluator/launch/localization_evaluator.launch.xml
-- Symlinking: /home/sws/autoware/install/localization_evaluator/share/ament_index/resource_index/package_run_dependencies/localization_evaluator
-- Symlinking: /home/sws/autoware/install/localization_evaluator/share/ament_index/resource_index/parent_prefix_path/localization_evaluator
-- Symlinking: /home/sws/autoware/install/localization_evaluator/share/localization_evaluator/environment/ament_prefix_path.sh
-- Symlinking: /home/sws/autoware/install/localization_evaluator/share/localization_evaluator/environment/ament_prefix_path.dsv
-- Symlinking: /home/sws/autoware/install/localization_evaluator/share/localization_evaluator/environment/path.sh
-- Symlinking: /home/sws/autoware/install/localization_evaluator/share/localization_evaluator/environment/path.dsv
-- Symlinking: /home/sws/autoware/install/localization_evaluator/share/localization_evaluator/local_setup.bash
-- Symlinking: /home/sws/autoware/install/localization_evaluator/share/localization_evaluator/local_setup.sh
-- Symlinking: /home/sws/autoware/install/localization_evaluator/share/localization_evaluator/local_setup.zsh
-- Symlinking: /home/sws/autoware/install/localization_evaluator/share/localization_evaluator/local_setup.dsv
-- Symlinking: /home/sws/autoware/install/localization_evaluator/share/localization_evaluator/package.dsv
-- Symlinking: /home/sws/autoware/install/localization_evaluator/share/ament_index/resource_index/packages/localization_evaluator
-- Symlinking: /home/sws/autoware/install/localization_evaluator/share/ament_index/resource_index/rclcpp_components/localization_evaluator
-- Symlinking: /home/sws/autoware/install/localization_evaluator/share/localization_evaluator/cmake/ament_cmake_export_dependencies-extras.cmake
-- Symlinking: /home/sws/autoware/install/localization_evaluator/share/localization_evaluator/cmake/ament_cmake_export_include_directories-extras.cmake
-- Symlinking: /home/sws/autoware/install/localization_evaluator/share/localization_evaluator/cmake/ament_cmake_export_libraries-extras.cmake
-- Symlinking: /home/sws/autoware/install/localization_evaluator/share/localization_evaluator/cmake/localization_evaluatorConfig.cmake
-- Symlinking: /home/sws/autoware/install/localization_evaluator/share/localization_evaluator/cmake/localization_evaluatorConfig-version.cmake
-- Symlinking: /home/sws/autoware/install/localization_evaluator/share/localization_evaluator/package.xml
