[0.116s] Invoking command in '/home/sws/autoware/build/path_distance_calculator': AMENT_PREFIX_PATH=/home/sws/autoware/install/motion_utils:/home/sws/autoware/install/interpolation:/home/sws/autoware/install/tier4_autoware_utils:/home/sws/autoware/install/autoware_auto_vehicle_msgs:/home/sws/autoware/install/autoware_cmake:/home/sws/autoware/install/autoware_auto_planning_msgs:/home/sws/autoware/install/autoware_auto_perception_msgs:/home/sws/autoware/install/tier4_debug_msgs:/home/sws/autoware/install/autoware_lint_common:/home/sws/autoware/install/autoware_auto_mapping_msgs:/home/sws/autoware/install/autoware_auto_geometry_msgs:${AMENT_PREFIX_PATH} CMAKE_PREFIX_PATH=/home/sws/autoware/install/motion_utils:/home/sws/autoware/install/interpolation:/home/sws/autoware/install/tier4_autoware_utils:/home/sws/autoware/install/autoware_auto_vehicle_msgs:/home/sws/autoware/install/autoware_cmake:/home/sws/autoware/install/autoware_auto_planning_msgs:/home/sws/autoware/install/autoware_auto_perception_msgs:/home/sws/autoware/install/tier4_debug_msgs:/home/sws/autoware/install/autoware_lint_common:/home/sws/autoware/install/autoware_auto_mapping_msgs:/home/sws/autoware/install/autoware_auto_geometry_msgs:/opt/ros/humble LD_LIBRARY_PATH=/home/sws/autoware/install/motion_utils/lib:/home/sws/autoware/install/interpolation/lib:/home/sws/autoware/install/tier4_autoware_utils/lib:/home/sws/autoware/install/autoware_auto_vehicle_msgs/lib:/home/sws/autoware/install/autoware_auto_planning_msgs/lib:/home/sws/autoware/install/autoware_auto_perception_msgs/lib:/home/sws/autoware/install/tier4_debug_msgs/lib:/home/sws/autoware/install/autoware_auto_mapping_msgs/lib:/home/sws/autoware/install/autoware_auto_geometry_msgs/lib:${LD_LIBRARY_PATH} PYTHONPATH=/home/sws/autoware/install/autoware_auto_vehicle_msgs/local/lib/python3.10/dist-packages:/home/sws/autoware/install/autoware_auto_planning_msgs/local/lib/python3.10/dist-packages:/home/sws/autoware/install/autoware_auto_perception_msgs/local/lib/python3.10/dist-packages:/home/sws/autoware/install/tier4_debug_msgs/local/lib/python3.10/dist-packages:/home/sws/autoware/install/autoware_auto_mapping_msgs/local/lib/python3.10/dist-packages:/home/sws/autoware/install/autoware_auto_geometry_msgs/local/lib/python3.10/dist-packages:${PYTHONPATH} /usr/bin/cmake /home/sws/autoware/src/universe/autoware.universe/common/path_distance_calculator -DCMAKE_BUILD_TYPE=Release -DAMENT_CMAKE_SYMLINK_INSTALL=1 -DCMAKE_INSTALL_PREFIX=/home/sws/autoware/install/path_distance_calculator
[47.436s] -- The C compiler identification is GNU 11.3.0
[47.436s] -- The CXX compiler identification is GNU 11.3.0
[47.436s] -- Detecting C compiler ABI info
[47.437s] -- Detecting C compiler ABI info - done
[47.437s] -- Check for working C compiler: /usr/bin/cc - skipped
[47.437s] -- Detecting C compile features
[47.437s] -- Detecting C compile features - done
[47.437s] -- Detecting CXX compiler ABI info
[47.437s] -- Detecting CXX compiler ABI info - done
[47.437s] -- Check for working CXX compiler: /usr/bin/c++ - skipped
[47.437s] -- Detecting CXX compile features
[47.437s] -- Detecting CXX compile features - done
[47.437s] -- Found autoware_cmake: 0.1.0 (/home/sws/autoware/install/autoware_cmake/share/autoware_cmake/cmake)
[47.438s] -- Found Python3: /usr/bin/python3.10 (found version "3.10.6") found components: Interpreter 
[47.438s] -- Override CMake install command with custom implementation using symlinks instead of copying resources
[47.438s] -- Found rosidl_generator_c: 3.1.4 (/opt/ros/humble/share/rosidl_generator_c/cmake)
[47.438s] -- Found rosidl_adapter: 3.1.4 (/opt/ros/humble/share/rosidl_adapter/cmake)
[47.438s] -- Found rosidl_generator_cpp: 3.1.4 (/opt/ros/humble/share/rosidl_generator_cpp/cmake)
[47.438s] -- Using all available rosidl_typesupport_c: rosidl_typesupport_fastrtps_c;rosidl_typesupport_introspection_c
[47.438s] -- Using all available rosidl_typesupport_cpp: rosidl_typesupport_fastrtps_cpp;rosidl_typesupport_introspection_cpp
[47.438s] -- Found rmw_implementation_cmake: 6.1.1 (/opt/ros/humble/share/rmw_implementation_cmake/cmake)
[47.438s] -- Found rmw_fastrtps_cpp: 6.2.2 (/opt/ros/humble/share/rmw_fastrtps_cpp/cmake)
[47.438s] -- Found OpenSSL: /usr/lib/x86_64-linux-gnu/libcrypto.so (found version "3.0.2")  
[47.439s] -- Found FastRTPS: /opt/ros/humble/include  
[47.439s] -- Using RMW implementation 'rmw_fastrtps_cpp' as default
[47.439s] -- Looking for pthread.h
[47.439s] -- Looking for pthread.h - found
[47.439s] -- Performing Test CMAKE_HAVE_LIBC_PTHREAD
[47.439s] -- Performing Test CMAKE_HAVE_LIBC_PTHREAD - Success
[47.439s] -- Found Threads: TRUE  
[47.439s] -- Found eigen3_cmake_module: 0.1.1 (/opt/ros/humble/share/eigen3_cmake_module/cmake)
[47.439s] -- Found Eigen3: TRUE (found version "3.4.0") 
[47.439s] -- Ensuring Eigen3 include directory is part of orocos-kdl CMake target
[47.439s] -- Found ament_lint_auto: 0.12.5 (/opt/ros/humble/share/ament_lint_auto/cmake)
[47.440s] -- Added test 'copyright' to check source files copyright and LICENSE
[47.440s] -- Added test 'cppcheck' to perform static code analysis on C / C++ code
[47.440s] -- Configured cppcheck include dirs: 
[47.440s] -- Configured cppcheck exclude dirs and/or files: 
[47.440s] -- Added test 'lint_cmake' to check CMake code style
[47.440s] -- Added test 'xmllint' to check XML markup files
[47.440s] -- Configuring done
[47.440s] -- Generating done
[47.440s] -- Build files have been written to: /home/sws/autoware/build/path_distance_calculator
[47.468s] Invoked command in '/home/sws/autoware/build/path_distance_calculator' returned '0': AMENT_PREFIX_PATH=/home/sws/autoware/install/motion_utils:/home/sws/autoware/install/interpolation:/home/sws/autoware/install/tier4_autoware_utils:/home/sws/autoware/install/autoware_auto_vehicle_msgs:/home/sws/autoware/install/autoware_cmake:/home/sws/autoware/install/autoware_auto_planning_msgs:/home/sws/autoware/install/autoware_auto_perception_msgs:/home/sws/autoware/install/tier4_debug_msgs:/home/sws/autoware/install/autoware_lint_common:/home/sws/autoware/install/autoware_auto_mapping_msgs:/home/sws/autoware/install/autoware_auto_geometry_msgs:${AMENT_PREFIX_PATH} CMAKE_PREFIX_PATH=/home/sws/autoware/install/motion_utils:/home/sws/autoware/install/interpolation:/home/sws/autoware/install/tier4_autoware_utils:/home/sws/autoware/install/autoware_auto_vehicle_msgs:/home/sws/autoware/install/autoware_cmake:/home/sws/autoware/install/autoware_auto_planning_msgs:/home/sws/autoware/install/autoware_auto_perception_msgs:/home/sws/autoware/install/tier4_debug_msgs:/home/sws/autoware/install/autoware_lint_common:/home/sws/autoware/install/autoware_auto_mapping_msgs:/home/sws/autoware/install/autoware_auto_geometry_msgs:/opt/ros/humble LD_LIBRARY_PATH=/home/sws/autoware/install/motion_utils/lib:/home/sws/autoware/install/interpolation/lib:/home/sws/autoware/install/tier4_autoware_utils/lib:/home/sws/autoware/install/autoware_auto_vehicle_msgs/lib:/home/sws/autoware/install/autoware_auto_planning_msgs/lib:/home/sws/autoware/install/autoware_auto_perception_msgs/lib:/home/sws/autoware/install/tier4_debug_msgs/lib:/home/sws/autoware/install/autoware_auto_mapping_msgs/lib:/home/sws/autoware/install/autoware_auto_geometry_msgs/lib:${LD_LIBRARY_PATH} PYTHONPATH=/home/sws/autoware/install/autoware_auto_vehicle_msgs/local/lib/python3.10/dist-packages:/home/sws/autoware/install/autoware_auto_planning_msgs/local/lib/python3.10/dist-packages:/home/sws/autoware/install/autoware_auto_perception_msgs/local/lib/python3.10/dist-packages:/home/sws/autoware/install/tier4_debug_msgs/local/lib/python3.10/dist-packages:/home/sws/autoware/install/autoware_auto_mapping_msgs/local/lib/python3.10/dist-packages:/home/sws/autoware/install/autoware_auto_geometry_msgs/local/lib/python3.10/dist-packages:${PYTHONPATH} /usr/bin/cmake /home/sws/autoware/src/universe/autoware.universe/common/path_distance_calculator -DCMAKE_BUILD_TYPE=Release -DAMENT_CMAKE_SYMLINK_INSTALL=1 -DCMAKE_INSTALL_PREFIX=/home/sws/autoware/install/path_distance_calculator
[47.468s] Invoking command in '/home/sws/autoware/build/path_distance_calculator': AMENT_PREFIX_PATH=/home/sws/autoware/install/motion_utils:/home/sws/autoware/install/interpolation:/home/sws/autoware/install/tier4_autoware_utils:/home/sws/autoware/install/autoware_auto_vehicle_msgs:/home/sws/autoware/install/autoware_cmake:/home/sws/autoware/install/autoware_auto_planning_msgs:/home/sws/autoware/install/autoware_auto_perception_msgs:/home/sws/autoware/install/tier4_debug_msgs:/home/sws/autoware/install/autoware_lint_common:/home/sws/autoware/install/autoware_auto_mapping_msgs:/home/sws/autoware/install/autoware_auto_geometry_msgs:${AMENT_PREFIX_PATH} CMAKE_PREFIX_PATH=/home/sws/autoware/install/motion_utils:/home/sws/autoware/install/interpolation:/home/sws/autoware/install/tier4_autoware_utils:/home/sws/autoware/install/autoware_auto_vehicle_msgs:/home/sws/autoware/install/autoware_cmake:/home/sws/autoware/install/autoware_auto_planning_msgs:/home/sws/autoware/install/autoware_auto_perception_msgs:/home/sws/autoware/install/tier4_debug_msgs:/home/sws/autoware/install/autoware_lint_common:/home/sws/autoware/install/autoware_auto_mapping_msgs:/home/sws/autoware/install/autoware_auto_geometry_msgs:/opt/ros/humble LD_LIBRARY_PATH=/home/sws/autoware/install/motion_utils/lib:/home/sws/autoware/install/interpolation/lib:/home/sws/autoware/install/tier4_autoware_utils/lib:/home/sws/autoware/install/autoware_auto_vehicle_msgs/lib:/home/sws/autoware/install/autoware_auto_planning_msgs/lib:/home/sws/autoware/install/autoware_auto_perception_msgs/lib:/home/sws/autoware/install/tier4_debug_msgs/lib:/home/sws/autoware/install/autoware_auto_mapping_msgs/lib:/home/sws/autoware/install/autoware_auto_geometry_msgs/lib:${LD_LIBRARY_PATH} PYTHONPATH=/home/sws/autoware/install/autoware_auto_vehicle_msgs/local/lib/python3.10/dist-packages:/home/sws/autoware/install/autoware_auto_planning_msgs/local/lib/python3.10/dist-packages:/home/sws/autoware/install/autoware_auto_perception_msgs/local/lib/python3.10/dist-packages:/home/sws/autoware/install/tier4_debug_msgs/local/lib/python3.10/dist-packages:/home/sws/autoware/install/autoware_auto_mapping_msgs/local/lib/python3.10/dist-packages:/home/sws/autoware/install/autoware_auto_geometry_msgs/local/lib/python3.10/dist-packages:${PYTHONPATH} /usr/bin/cmake --build /home/sws/autoware/build/path_distance_calculator -- -j16 -l16
[72.512s] [ 25%] [32mBuilding CXX object CMakeFiles/path_distance_calculator.dir/src/path_distance_calculator.cpp.o[0m
[74.594s] [ 50%] [32m[1mLinking CXX shared library libpath_distance_calculator.so[0m
[74.972s] [ 50%] Built target path_distance_calculator
[75.011s] [ 75%] [32mBuilding CXX object CMakeFiles/path_distance_calculator_node.dir/rclcpp_components/node_main_path_distance_calculator_node.cpp.o[0m
[81.968s] [100%] [32m[1mLinking CXX executable path_distance_calculator_node[0m
[82.273s] [100%] Built target path_distance_calculator_node
[82.319s] Invoked command in '/home/sws/autoware/build/path_distance_calculator' returned '0': AMENT_PREFIX_PATH=/home/sws/autoware/install/motion_utils:/home/sws/autoware/install/interpolation:/home/sws/autoware/install/tier4_autoware_utils:/home/sws/autoware/install/autoware_auto_vehicle_msgs:/home/sws/autoware/install/autoware_cmake:/home/sws/autoware/install/autoware_auto_planning_msgs:/home/sws/autoware/install/autoware_auto_perception_msgs:/home/sws/autoware/install/tier4_debug_msgs:/home/sws/autoware/install/autoware_lint_common:/home/sws/autoware/install/autoware_auto_mapping_msgs:/home/sws/autoware/install/autoware_auto_geometry_msgs:${AMENT_PREFIX_PATH} CMAKE_PREFIX_PATH=/home/sws/autoware/install/motion_utils:/home/sws/autoware/install/interpolation:/home/sws/autoware/install/tier4_autoware_utils:/home/sws/autoware/install/autoware_auto_vehicle_msgs:/home/sws/autoware/install/autoware_cmake:/home/sws/autoware/install/autoware_auto_planning_msgs:/home/sws/autoware/install/autoware_auto_perception_msgs:/home/sws/autoware/install/tier4_debug_msgs:/home/sws/autoware/install/autoware_lint_common:/home/sws/autoware/install/autoware_auto_mapping_msgs:/home/sws/autoware/install/autoware_auto_geometry_msgs:/opt/ros/humble LD_LIBRARY_PATH=/home/sws/autoware/install/motion_utils/lib:/home/sws/autoware/install/interpolation/lib:/home/sws/autoware/install/tier4_autoware_utils/lib:/home/sws/autoware/install/autoware_auto_vehicle_msgs/lib:/home/sws/autoware/install/autoware_auto_planning_msgs/lib:/home/sws/autoware/install/autoware_auto_perception_msgs/lib:/home/sws/autoware/install/tier4_debug_msgs/lib:/home/sws/autoware/install/autoware_auto_mapping_msgs/lib:/home/sws/autoware/install/autoware_auto_geometry_msgs/lib:${LD_LIBRARY_PATH} PYTHONPATH=/home/sws/autoware/install/autoware_auto_vehicle_msgs/local/lib/python3.10/dist-packages:/home/sws/autoware/install/autoware_auto_planning_msgs/local/lib/python3.10/dist-packages:/home/sws/autoware/install/autoware_auto_perception_msgs/local/lib/python3.10/dist-packages:/home/sws/autoware/install/tier4_debug_msgs/local/lib/python3.10/dist-packages:/home/sws/autoware/install/autoware_auto_mapping_msgs/local/lib/python3.10/dist-packages:/home/sws/autoware/install/autoware_auto_geometry_msgs/local/lib/python3.10/dist-packages:${PYTHONPATH} /usr/bin/cmake --build /home/sws/autoware/build/path_distance_calculator -- -j16 -l16
[82.689s] Invoking command in '/home/sws/autoware/build/path_distance_calculator': AMENT_PREFIX_PATH=/home/sws/autoware/install/motion_utils:/home/sws/autoware/install/interpolation:/home/sws/autoware/install/tier4_autoware_utils:/home/sws/autoware/install/autoware_auto_vehicle_msgs:/home/sws/autoware/install/autoware_cmake:/home/sws/autoware/install/autoware_auto_planning_msgs:/home/sws/autoware/install/autoware_auto_perception_msgs:/home/sws/autoware/install/tier4_debug_msgs:/home/sws/autoware/install/autoware_lint_common:/home/sws/autoware/install/autoware_auto_mapping_msgs:/home/sws/autoware/install/autoware_auto_geometry_msgs:${AMENT_PREFIX_PATH} CMAKE_PREFIX_PATH=/home/sws/autoware/install/motion_utils:/home/sws/autoware/install/interpolation:/home/sws/autoware/install/tier4_autoware_utils:/home/sws/autoware/install/autoware_auto_vehicle_msgs:/home/sws/autoware/install/autoware_cmake:/home/sws/autoware/install/autoware_auto_planning_msgs:/home/sws/autoware/install/autoware_auto_perception_msgs:/home/sws/autoware/install/tier4_debug_msgs:/home/sws/autoware/install/autoware_lint_common:/home/sws/autoware/install/autoware_auto_mapping_msgs:/home/sws/autoware/install/autoware_auto_geometry_msgs:/opt/ros/humble LD_LIBRARY_PATH=/home/sws/autoware/install/motion_utils/lib:/home/sws/autoware/install/interpolation/lib:/home/sws/autoware/install/tier4_autoware_utils/lib:/home/sws/autoware/install/autoware_auto_vehicle_msgs/lib:/home/sws/autoware/install/autoware_auto_planning_msgs/lib:/home/sws/autoware/install/autoware_auto_perception_msgs/lib:/home/sws/autoware/install/tier4_debug_msgs/lib:/home/sws/autoware/install/autoware_auto_mapping_msgs/lib:/home/sws/autoware/install/autoware_auto_geometry_msgs/lib:${LD_LIBRARY_PATH} PYTHONPATH=/home/sws/autoware/install/autoware_auto_vehicle_msgs/local/lib/python3.10/dist-packages:/home/sws/autoware/install/autoware_auto_planning_msgs/local/lib/python3.10/dist-packages:/home/sws/autoware/install/autoware_auto_perception_msgs/local/lib/python3.10/dist-packages:/home/sws/autoware/install/tier4_debug_msgs/local/lib/python3.10/dist-packages:/home/sws/autoware/install/autoware_auto_mapping_msgs/local/lib/python3.10/dist-packages:/home/sws/autoware/install/autoware_auto_geometry_msgs/local/lib/python3.10/dist-packages:${PYTHONPATH} /usr/bin/cmake --install /home/sws/autoware/build/path_distance_calculator
[106.933s] -- Install configuration: "Release"
[106.943s] -- Execute custom install script
[106.944s] -- Symlinking: /home/sws/autoware/install/path_distance_calculator/lib/path_distance_calculator/path_distance_calculator_node
[106.944s] -- Symlinking: /home/sws/autoware/install/path_distance_calculator/share/path_distance_calculator/environment/library_path.sh
[106.944s] -- Symlinking: /home/sws/autoware/install/path_distance_calculator/share/path_distance_calculator/environment/library_path.dsv
[106.944s] -- Symlinking: /home/sws/autoware/install/path_distance_calculator/lib/libpath_distance_calculator.so
[106.944s] -- Symlinking: /home/sws/autoware/install/path_distance_calculator/share/path_distance_calculator/launch/path_distance_calculator.launch.xml
[106.944s] -- Symlinking: /home/sws/autoware/install/path_distance_calculator/share/ament_index/resource_index/package_run_dependencies/path_distance_calculator
[106.944s] -- Symlinking: /home/sws/autoware/install/path_distance_calculator/share/ament_index/resource_index/parent_prefix_path/path_distance_calculator
[106.944s] -- Symlinking: /home/sws/autoware/install/path_distance_calculator/share/path_distance_calculator/environment/ament_prefix_path.sh
[106.945s] -- Symlinking: /home/sws/autoware/install/path_distance_calculator/share/path_distance_calculator/environment/ament_prefix_path.dsv
[106.945s] -- Symlinking: /home/sws/autoware/install/path_distance_calculator/share/path_distance_calculator/environment/path.sh
[106.945s] -- Symlinking: /home/sws/autoware/install/path_distance_calculator/share/path_distance_calculator/environment/path.dsv
[106.945s] -- Symlinking: /home/sws/autoware/install/path_distance_calculator/share/path_distance_calculator/local_setup.bash
[106.945s] -- Symlinking: /home/sws/autoware/install/path_distance_calculator/share/path_distance_calculator/local_setup.sh
[106.945s] -- Symlinking: /home/sws/autoware/install/path_distance_calculator/share/path_distance_calculator/local_setup.zsh
[106.945s] -- Symlinking: /home/sws/autoware/install/path_distance_calculator/share/path_distance_calculator/local_setup.dsv
[106.945s] -- Symlinking: /home/sws/autoware/install/path_distance_calculator/share/path_distance_calculator/package.dsv
[106.945s] -- Symlinking: /home/sws/autoware/install/path_distance_calculator/share/ament_index/resource_index/packages/path_distance_calculator
[106.945s] -- Symlinking: /home/sws/autoware/install/path_distance_calculator/share/ament_index/resource_index/rclcpp_components/path_distance_calculator
[106.945s] -- Symlinking: /home/sws/autoware/install/path_distance_calculator/share/path_distance_calculator/cmake/ament_cmake_export_dependencies-extras.cmake
[106.945s] -- Symlinking: /home/sws/autoware/install/path_distance_calculator/share/path_distance_calculator/cmake/ament_cmake_export_libraries-extras.cmake
[106.946s] -- Symlinking: /home/sws/autoware/install/path_distance_calculator/share/path_distance_calculator/cmake/path_distance_calculatorConfig.cmake
[106.946s] -- Symlinking: /home/sws/autoware/install/path_distance_calculator/share/path_distance_calculator/cmake/path_distance_calculatorConfig-version.cmake
[106.946s] -- Symlinking: /home/sws/autoware/install/path_distance_calculator/share/path_distance_calculator/package.xml
[106.982s] Invoked command in '/home/sws/autoware/build/path_distance_calculator' returned '0': AMENT_PREFIX_PATH=/home/sws/autoware/install/motion_utils:/home/sws/autoware/install/interpolation:/home/sws/autoware/install/tier4_autoware_utils:/home/sws/autoware/install/autoware_auto_vehicle_msgs:/home/sws/autoware/install/autoware_cmake:/home/sws/autoware/install/autoware_auto_planning_msgs:/home/sws/autoware/install/autoware_auto_perception_msgs:/home/sws/autoware/install/tier4_debug_msgs:/home/sws/autoware/install/autoware_lint_common:/home/sws/autoware/install/autoware_auto_mapping_msgs:/home/sws/autoware/install/autoware_auto_geometry_msgs:${AMENT_PREFIX_PATH} CMAKE_PREFIX_PATH=/home/sws/autoware/install/motion_utils:/home/sws/autoware/install/interpolation:/home/sws/autoware/install/tier4_autoware_utils:/home/sws/autoware/install/autoware_auto_vehicle_msgs:/home/sws/autoware/install/autoware_cmake:/home/sws/autoware/install/autoware_auto_planning_msgs:/home/sws/autoware/install/autoware_auto_perception_msgs:/home/sws/autoware/install/tier4_debug_msgs:/home/sws/autoware/install/autoware_lint_common:/home/sws/autoware/install/autoware_auto_mapping_msgs:/home/sws/autoware/install/autoware_auto_geometry_msgs:/opt/ros/humble LD_LIBRARY_PATH=/home/sws/autoware/install/motion_utils/lib:/home/sws/autoware/install/interpolation/lib:/home/sws/autoware/install/tier4_autoware_utils/lib:/home/sws/autoware/install/autoware_auto_vehicle_msgs/lib:/home/sws/autoware/install/autoware_auto_planning_msgs/lib:/home/sws/autoware/install/autoware_auto_perception_msgs/lib:/home/sws/autoware/install/tier4_debug_msgs/lib:/home/sws/autoware/install/autoware_auto_mapping_msgs/lib:/home/sws/autoware/install/autoware_auto_geometry_msgs/lib:${LD_LIBRARY_PATH} PYTHONPATH=/home/sws/autoware/install/autoware_auto_vehicle_msgs/local/lib/python3.10/dist-packages:/home/sws/autoware/install/autoware_auto_planning_msgs/local/lib/python3.10/dist-packages:/home/sws/autoware/install/autoware_auto_perception_msgs/local/lib/python3.10/dist-packages:/home/sws/autoware/install/tier4_debug_msgs/local/lib/python3.10/dist-packages:/home/sws/autoware/install/autoware_auto_mapping_msgs/local/lib/python3.10/dist-packages:/home/sws/autoware/install/autoware_auto_geometry_msgs/local/lib/python3.10/dist-packages:${PYTHONPATH} /usr/bin/cmake --install /home/sws/autoware/build/path_distance_calculator
