[0.036s] Invoking command in '/home/sws/autoware/build/costmap_generator': AMENT_PREFIX_PATH=/home/sws/autoware/install/lanelet2_extension:/home/sws/autoware/install/autoware_utils:/home/sws/autoware/install/autoware_planning_msgs:/home/sws/autoware/install/autoware_cmake:/home/sws/autoware/install/autoware_auto_planning_msgs:/home/sws/autoware/install/autoware_auto_perception_msgs:/home/sws/autoware/install/tier4_planning_msgs:/home/sws/autoware/install/autoware_lint_common:/home/sws/autoware/install/autoware_common_msgs:/home/sws/autoware/install/autoware_auto_mapping_msgs:/home/sws/autoware/install/autoware_auto_geometry_msgs:${AMENT_PREFIX_PATH} CMAKE_PREFIX_PATH=/home/sws/autoware/install/lanelet2_extension:/home/sws/autoware/install/autoware_utils:/home/sws/autoware/install/autoware_planning_msgs:/home/sws/autoware/install/autoware_cmake:/home/sws/autoware/install/autoware_auto_planning_msgs:/home/sws/autoware/install/autoware_auto_perception_msgs:/home/sws/autoware/install/tier4_planning_msgs:/home/sws/autoware/install/autoware_lint_common:/home/sws/autoware/install/autoware_common_msgs:/home/sws/autoware/install/autoware_auto_mapping_msgs:/home/sws/autoware/install/autoware_auto_geometry_msgs:/opt/ros/humble LD_LIBRARY_PATH=/home/sws/autoware/install/lanelet2_extension/lib:/home/sws/autoware/install/autoware_utils/lib:/home/sws/autoware/install/autoware_planning_msgs/lib:/home/sws/autoware/install/autoware_auto_planning_msgs/lib:/home/sws/autoware/install/autoware_auto_perception_msgs/lib:/home/sws/autoware/install/tier4_planning_msgs/lib:/home/sws/autoware/install/autoware_common_msgs/lib:/home/sws/autoware/install/autoware_auto_mapping_msgs/lib:/home/sws/autoware/install/autoware_auto_geometry_msgs/lib:${LD_LIBRARY_PATH} PYTHONPATH=/home/sws/autoware/install/autoware_planning_msgs/local/lib/python3.10/dist-packages:/home/sws/autoware/install/autoware_auto_planning_msgs/local/lib/python3.10/dist-packages:/home/sws/autoware/install/autoware_auto_perception_msgs/local/lib/python3.10/dist-packages:/home/sws/autoware/install/tier4_planning_msgs/local/lib/python3.10/dist-packages:/home/sws/autoware/install/autoware_common_msgs/local/lib/python3.10/dist-packages:/home/sws/autoware/install/autoware_auto_mapping_msgs/local/lib/python3.10/dist-packages:/home/sws/autoware/install/autoware_auto_geometry_msgs/local/lib/python3.10/dist-packages:${PYTHONPATH} /usr/bin/cmake /home/sws/autoware/src/universe/autoware.universe/planning/costmap_generator -DCMAKE_BUILD_TYPE=Release -DAMENT_CMAKE_SYMLINK_INSTALL=1 -DCMAKE_INSTALL_PREFIX=/home/sws/autoware/install/costmap_generator
[19.517s] -- The C compiler identification is GNU 11.3.0
[19.517s] -- The CXX compiler identification is GNU 11.3.0
[19.517s] -- Detecting C compiler ABI info
[19.517s] -- Detecting C compiler ABI info - done
[19.518s] -- Check for working C compiler: /usr/bin/cc - skipped
[19.518s] -- Detecting C compile features
[19.518s] -- Detecting C compile features - done
[19.518s] -- Detecting CXX compiler ABI info
[19.518s] -- Detecting CXX compiler ABI info - done
[19.518s] -- Check for working CXX compiler: /usr/bin/c++ - skipped
[19.518s] -- Detecting CXX compile features
[19.518s] -- Detecting CXX compile features - done
[19.518s] -- Found autoware_cmake: 0.1.0 (/home/sws/autoware/install/autoware_cmake/share/autoware_cmake/cmake)
[19.518s] -- Found Python3: /usr/bin/python3.10 (found version "3.10.6") found components: Interpreter 
[19.518s] -- Override CMake install command with custom implementation using symlinks instead of copying resources
[19.518s] -- Found rosidl_generator_c: 3.1.4 (/opt/ros/humble/share/rosidl_generator_c/cmake)
[19.518s] -- Found rosidl_adapter: 3.1.4 (/opt/ros/humble/share/rosidl_adapter/cmake)
[19.519s] -- Found rosidl_generator_cpp: 3.1.4 (/opt/ros/humble/share/rosidl_generator_cpp/cmake)
[19.519s] -- Using all available rosidl_typesupport_c: rosidl_typesupport_fastrtps_c;rosidl_typesupport_introspection_c
[19.519s] -- Using all available rosidl_typesupport_cpp: rosidl_typesupport_fastrtps_cpp;rosidl_typesupport_introspection_cpp
[19.519s] -- Found rmw_implementation_cmake: 6.1.1 (/opt/ros/humble/share/rmw_implementation_cmake/cmake)
[19.519s] -- Found rmw_fastrtps_cpp: 6.2.2 (/opt/ros/humble/share/rmw_fastrtps_cpp/cmake)
[19.519s] -- Found OpenSSL: /usr/lib/x86_64-linux-gnu/libcrypto.so (found version "3.0.2")  
[19.519s] -- Found FastRTPS: /opt/ros/humble/include  
[19.519s] -- Using RMW implementation 'rmw_fastrtps_cpp' as default
[19.519s] -- Looking for pthread.h
[19.519s] -- Looking for pthread.h - found
[19.519s] -- Performing Test CMAKE_HAVE_LIBC_PTHREAD
[19.519s] -- Performing Test CMAKE_HAVE_LIBC_PTHREAD - Success
[19.520s] -- Found Threads: TRUE  
[19.520s] -- Found mrt_cmake_modules: 1.0.9 (/opt/ros/humble/share/mrt_cmake_modules/cmake)
[19.520s] -- Found Boost: /usr/lib/x86_64-linux-gnu/cmake/Boost-1.74.0/BoostConfig.cmake (found version "1.74.0") found components: wserialization thread random serialization log_setup prg_exec_monitor wave system chrono filesystem locale timer date_time regex graph program_options unit_test_framework log atomic iostreams 
[19.520s] -- Found OpenMP_C: -fopenmp (found version "4.5") 
[19.520s] -- Found OpenMP_CXX: -fopenmp (found version "4.5") 
[19.520s] -- Found OpenMP: TRUE (found version "4.5")  
[19.520s] -- Found pugixml: /usr/lib/x86_64-linux-gnu/libpugixml.so  
[19.520s] -- Found PkgConfig: /usr/bin/pkg-config (found version "0.29.2") 
[19.520s] -- Found GeographicLib: /usr/lib/x86_64-linux-gnu/libGeographic.so  
[19.520s] -- Found eigen3_cmake_module: 0.1.1 (/opt/ros/humble/share/eigen3_cmake_module/cmake)
[19.520s] -- Found Eigen3: TRUE (found version "3.4.0") 
[19.521s] -- Ensuring Eigen3 include directory is part of orocos-kdl CMake target
[19.521s] -- Checking for module 'eigen3'
[19.521s] --   Found eigen3, version 3.4.0
[19.521s] -- Found Eigen: /usr/include/eigen3 (Required is at least version "3.1") 
[19.521s] -- Eigen found (include: /usr/include/eigen3, version: 3.4.0)
[19.521s] -- Checking for module 'flann'
[19.521s] --   Found flann, version 1.9.1
[19.521s] -- Found FLANN: /usr/lib/x86_64-linux-gnu/libflann_cpp.so  
[19.521s] -- Checking for module 'libusb-1.0'
[19.521s] --   Found libusb-1.0, version 1.0.25
[19.522s] -- Found libusb: /usr/lib/x86_64-linux-gnu/libusb-1.0.so  
[19.522s] -- OpenNI found (version: 1.5.4.0, include: /usr/include/ni, lib: /usr/lib/libOpenNI.so;libusb::libusb)
[19.522s] -- OpenNI2 found (version: 2.2.0.33, include: /usr/include/openni2, lib: /usr/lib/x86_64-linux-gnu/libOpenNI2.so;libusb::libusb)
[19.522s] -- Eigen found (include: /usr/include/eigen3, version: 3.4.0)
[19.522s] -- OpenNI found (version: 1.5.4.0, include: /usr/include/ni, lib: /usr/lib/libOpenNI.so;libusb::libusb)
[19.522s] -- OpenNI2 found (version: 2.2.0.33, include: /usr/include/openni2, lib: /usr/lib/x86_64-linux-gnu/libOpenNI2.so;libusb::libusb)
[19.522s] -- Found Qhull version 8.0.2
[19.522s] -- OpenNI found (version: 1.5.4.0, include: /usr/include/ni, lib: /usr/lib/libOpenNI.so;libusb::libusb)
[19.522s] -- Found PCL_COMMON: /usr/lib/x86_64-linux-gnu/libpcl_common.so  
[19.522s] -- Found PCL_KDTREE: /usr/lib/x86_64-linux-gnu/libpcl_kdtree.so  
[19.522s] -- Found PCL_OCTREE: /usr/lib/x86_64-linux-gnu/libpcl_octree.so  
[19.522s] -- Found PCL_SEARCH: /usr/lib/x86_64-linux-gnu/libpcl_search.so  
[19.523s] -- Found PCL_SAMPLE_CONSENSUS: /usr/lib/x86_64-linux-gnu/libpcl_sample_consensus.so  
[19.523s] -- Found PCL_FILTERS: /usr/lib/x86_64-linux-gnu/libpcl_filters.so  
[19.523s] -- Found PCL_2D: /usr/include/pcl-1.12  
[19.523s] -- Found PCL_GEOMETRY: /usr/include/pcl-1.12  
[19.523s] -- Found PCL_IO: /usr/lib/x86_64-linux-gnu/libpcl_io.so  
[19.523s] -- Found PCL_FEATURES: /usr/lib/x86_64-linux-gnu/libpcl_features.so  
[19.523s] -- Found PCL_ML: /usr/lib/x86_64-linux-gnu/libpcl_ml.so  
[19.523s] -- Found PCL_SEGMENTATION: /usr/lib/x86_64-linux-gnu/libpcl_segmentation.so  
[19.523s] -- Found PCL_VISUALIZATION: /usr/lib/x86_64-linux-gnu/libpcl_visualization.so  
[19.523s] -- Found PCL_SURFACE: /usr/lib/x86_64-linux-gnu/libpcl_surface.so  
[19.523s] -- Found PCL_REGISTRATION: /usr/lib/x86_64-linux-gnu/libpcl_registration.so  
[19.523s] -- Found PCL_KEYPOINTS: /usr/lib/x86_64-linux-gnu/libpcl_keypoints.so  
[19.524s] -- Found PCL_TRACKING: /usr/lib/x86_64-linux-gnu/libpcl_tracking.so  
[19.524s] -- Found PCL_RECOGNITION: /usr/lib/x86_64-linux-gnu/libpcl_recognition.so  
[19.524s] -- Found PCL_STEREO: /usr/lib/x86_64-linux-gnu/libpcl_stereo.so  
[19.524s] -- Found PCL_APPS: /usr/lib/x86_64-linux-gnu/libpcl_apps.so  
[19.524s] -- Found PCL_IN_HAND_SCANNER: /usr/include/pcl-1.12  
[19.524s] -- Found PCL_MODELER: /usr/include/pcl-1.12  
[19.524s] -- Found PCL_POINT_CLOUD_EDITOR: /usr/include/pcl-1.12  
[19.524s] -- Found PCL_OUTOFCORE: /usr/lib/x86_64-linux-gnu/libpcl_outofcore.so  
[19.524s] -- Found PCL_PEOPLE: /usr/lib/x86_64-linux-gnu/libpcl_people.so  
[19.524s] -- Found ament_lint_auto: 0.12.5 (/opt/ros/humble/share/ament_lint_auto/cmake)
[19.524s] -- Found gtest sources under '/opt/ros/humble/src/gtest_vendor': C++ tests using 'Google Test' will be built
[19.525s] -- Found gtest sources under '/opt/ros/humble/src/gtest_vendor': C++ tests using 'Google Test' will be built
[19.525s] -- Added test 'copyright' to check source files copyright and LICENSE
[19.526s] -- Added test 'cppcheck' to perform static code analysis on C / C++ code
[19.526s] -- Configured cppcheck include dirs: /home/sws/autoware/src/universe/autoware.universe/planning/costmap_generator/include
[19.526s] -- Configured cppcheck exclude dirs and/or files: 
[19.526s] -- Added test 'lint_cmake' to check CMake code style
[19.531s] -- Added test 'xmllint' to check XML markup files
[19.531s] -- Configuring done
[19.531s] -- Generating done
[19.531s] -- Build files have been written to: /home/sws/autoware/build/costmap_generator
[19.536s] Invoked command in '/home/sws/autoware/build/costmap_generator' returned '0': AMENT_PREFIX_PATH=/home/sws/autoware/install/lanelet2_extension:/home/sws/autoware/install/autoware_utils:/home/sws/autoware/install/autoware_planning_msgs:/home/sws/autoware/install/autoware_cmake:/home/sws/autoware/install/autoware_auto_planning_msgs:/home/sws/autoware/install/autoware_auto_perception_msgs:/home/sws/autoware/install/tier4_planning_msgs:/home/sws/autoware/install/autoware_lint_common:/home/sws/autoware/install/autoware_common_msgs:/home/sws/autoware/install/autoware_auto_mapping_msgs:/home/sws/autoware/install/autoware_auto_geometry_msgs:${AMENT_PREFIX_PATH} CMAKE_PREFIX_PATH=/home/sws/autoware/install/lanelet2_extension:/home/sws/autoware/install/autoware_utils:/home/sws/autoware/install/autoware_planning_msgs:/home/sws/autoware/install/autoware_cmake:/home/sws/autoware/install/autoware_auto_planning_msgs:/home/sws/autoware/install/autoware_auto_perception_msgs:/home/sws/autoware/install/tier4_planning_msgs:/home/sws/autoware/install/autoware_lint_common:/home/sws/autoware/install/autoware_common_msgs:/home/sws/autoware/install/autoware_auto_mapping_msgs:/home/sws/autoware/install/autoware_auto_geometry_msgs:/opt/ros/humble LD_LIBRARY_PATH=/home/sws/autoware/install/lanelet2_extension/lib:/home/sws/autoware/install/autoware_utils/lib:/home/sws/autoware/install/autoware_planning_msgs/lib:/home/sws/autoware/install/autoware_auto_planning_msgs/lib:/home/sws/autoware/install/autoware_auto_perception_msgs/lib:/home/sws/autoware/install/tier4_planning_msgs/lib:/home/sws/autoware/install/autoware_common_msgs/lib:/home/sws/autoware/install/autoware_auto_mapping_msgs/lib:/home/sws/autoware/install/autoware_auto_geometry_msgs/lib:${LD_LIBRARY_PATH} PYTHONPATH=/home/sws/autoware/install/autoware_planning_msgs/local/lib/python3.10/dist-packages:/home/sws/autoware/install/autoware_auto_planning_msgs/local/lib/python3.10/dist-packages:/home/sws/autoware/install/autoware_auto_perception_msgs/local/lib/python3.10/dist-packages:/home/sws/autoware/install/tier4_planning_msgs/local/lib/python3.10/dist-packages:/home/sws/autoware/install/autoware_common_msgs/local/lib/python3.10/dist-packages:/home/sws/autoware/install/autoware_auto_mapping_msgs/local/lib/python3.10/dist-packages:/home/sws/autoware/install/autoware_auto_geometry_msgs/local/lib/python3.10/dist-packages:${PYTHONPATH} /usr/bin/cmake /home/sws/autoware/src/universe/autoware.universe/planning/costmap_generator -DCMAKE_BUILD_TYPE=Release -DAMENT_CMAKE_SYMLINK_INSTALL=1 -DCMAKE_INSTALL_PREFIX=/home/sws/autoware/install/costmap_generator
[19.537s] Invoking command in '/home/sws/autoware/build/costmap_generator': AMENT_PREFIX_PATH=/home/sws/autoware/install/lanelet2_extension:/home/sws/autoware/install/autoware_utils:/home/sws/autoware/install/autoware_planning_msgs:/home/sws/autoware/install/autoware_cmake:/home/sws/autoware/install/autoware_auto_planning_msgs:/home/sws/autoware/install/autoware_auto_perception_msgs:/home/sws/autoware/install/tier4_planning_msgs:/home/sws/autoware/install/autoware_lint_common:/home/sws/autoware/install/autoware_common_msgs:/home/sws/autoware/install/autoware_auto_mapping_msgs:/home/sws/autoware/install/autoware_auto_geometry_msgs:${AMENT_PREFIX_PATH} CMAKE_PREFIX_PATH=/home/sws/autoware/install/lanelet2_extension:/home/sws/autoware/install/autoware_utils:/home/sws/autoware/install/autoware_planning_msgs:/home/sws/autoware/install/autoware_cmake:/home/sws/autoware/install/autoware_auto_planning_msgs:/home/sws/autoware/install/autoware_auto_perception_msgs:/home/sws/autoware/install/tier4_planning_msgs:/home/sws/autoware/install/autoware_lint_common:/home/sws/autoware/install/autoware_common_msgs:/home/sws/autoware/install/autoware_auto_mapping_msgs:/home/sws/autoware/install/autoware_auto_geometry_msgs:/opt/ros/humble LD_LIBRARY_PATH=/home/sws/autoware/install/lanelet2_extension/lib:/home/sws/autoware/install/autoware_utils/lib:/home/sws/autoware/install/autoware_planning_msgs/lib:/home/sws/autoware/install/autoware_auto_planning_msgs/lib:/home/sws/autoware/install/autoware_auto_perception_msgs/lib:/home/sws/autoware/install/tier4_planning_msgs/lib:/home/sws/autoware/install/autoware_common_msgs/lib:/home/sws/autoware/install/autoware_auto_mapping_msgs/lib:/home/sws/autoware/install/autoware_auto_geometry_msgs/lib:${LD_LIBRARY_PATH} PYTHONPATH=/home/sws/autoware/install/autoware_planning_msgs/local/lib/python3.10/dist-packages:/home/sws/autoware/install/autoware_auto_planning_msgs/local/lib/python3.10/dist-packages:/home/sws/autoware/install/autoware_auto_perception_msgs/local/lib/python3.10/dist-packages:/home/sws/autoware/install/tier4_planning_msgs/local/lib/python3.10/dist-packages:/home/sws/autoware/install/autoware_common_msgs/local/lib/python3.10/dist-packages:/home/sws/autoware/install/autoware_auto_mapping_msgs/local/lib/python3.10/dist-packages:/home/sws/autoware/install/autoware_auto_geometry_msgs/local/lib/python3.10/dist-packages:${PYTHONPATH} /usr/bin/cmake --build /home/sws/autoware/build/costmap_generator -- -j16 -l16
[32.132s] [  6%] [32mBuilding CXX object CMakeFiles/costmap_generator_lib.dir/nodes/costmap_generator/points_to_costmap.cpp.o[0m
[32.132s] [ 12%] [32mBuilding CXX object CMakeFiles/costmap_generator_lib.dir/nodes/costmap_generator/object_map_utils.cpp.o[0m
[39.951s] [ 18%] [32mBuilding CXX object CMakeFiles/costmap_generator_lib.dir/nodes/costmap_generator/objects_to_costmap.cpp.o[0m
[50.290s] [ 25%] [32m[1mLinking CXX shared library libcostmap_generator_lib.so[0m
[51.160s] [ 25%] Built target costmap_generator_lib
[51.191s] [ 31%] [32mBuilding CXX object gtest/CMakeFiles/gtest.dir/src/gtest-all.cc.o[0m
[62.748s] [ 37%] [32m[1mLinking CXX static library libgtest.a[0m
[62.820s] [ 37%] Built target gtest
[62.863s] [ 43%] [32mBuilding CXX object CMakeFiles/costmap_generator_node.dir/nodes/costmap_generator/costmap_generator_node.cpp.o[0m
[118.628s] [ 50%] [32m[1mLinking CXX shared library libcostmap_generator_node.so[0m
[120.284s] [ 50%] Built target costmap_generator_node
[120.312s] [ 56%] [32mBuilding CXX object gtest/CMakeFiles/gtest_main.dir/src/gtest_main.cc.o[0m
[120.313s] [ 62%] [32mBuilding CXX object CMakeFiles/costmap_generator.dir/rclcpp_components/node_main_costmap_generator.cpp.o[0m
[121.807s] [ 68%] [32m[1mLinking CXX static library libgtest_main.a[0m
[121.857s] [ 68%] Built target gtest_main
[121.893s] [ 75%] [32mBuilding CXX object CMakeFiles/test_points_to_costmap.dir/test/test_points_to_costmap.cpp.o[0m
[124.709s] [ 81%] [32m[1mLinking CXX executable costmap_generator[0m
[124.819s] [ 81%] Built target costmap_generator
[130.791s] [ 87%] [32m[1mLinking CXX executable test_points_to_costmap[0m
[131.989s] [ 87%] Built target test_points_to_costmap
[132.029s] [ 93%] [32mBuilding CXX object CMakeFiles/test_objects_to_costmap.dir/test/test_objects_to_costmap.cpp.o[0m
[142.931s] [100%] [32m[1mLinking CXX executable test_objects_to_costmap[0m
[144.259s] [100%] Built target test_objects_to_costmap
[144.275s] Invoked command in '/home/sws/autoware/build/costmap_generator' returned '0': AMENT_PREFIX_PATH=/home/sws/autoware/install/lanelet2_extension:/home/sws/autoware/install/autoware_utils:/home/sws/autoware/install/autoware_planning_msgs:/home/sws/autoware/install/autoware_cmake:/home/sws/autoware/install/autoware_auto_planning_msgs:/home/sws/autoware/install/autoware_auto_perception_msgs:/home/sws/autoware/install/tier4_planning_msgs:/home/sws/autoware/install/autoware_lint_common:/home/sws/autoware/install/autoware_common_msgs:/home/sws/autoware/install/autoware_auto_mapping_msgs:/home/sws/autoware/install/autoware_auto_geometry_msgs:${AMENT_PREFIX_PATH} CMAKE_PREFIX_PATH=/home/sws/autoware/install/lanelet2_extension:/home/sws/autoware/install/autoware_utils:/home/sws/autoware/install/autoware_planning_msgs:/home/sws/autoware/install/autoware_cmake:/home/sws/autoware/install/autoware_auto_planning_msgs:/home/sws/autoware/install/autoware_auto_perception_msgs:/home/sws/autoware/install/tier4_planning_msgs:/home/sws/autoware/install/autoware_lint_common:/home/sws/autoware/install/autoware_common_msgs:/home/sws/autoware/install/autoware_auto_mapping_msgs:/home/sws/autoware/install/autoware_auto_geometry_msgs:/opt/ros/humble LD_LIBRARY_PATH=/home/sws/autoware/install/lanelet2_extension/lib:/home/sws/autoware/install/autoware_utils/lib:/home/sws/autoware/install/autoware_planning_msgs/lib:/home/sws/autoware/install/autoware_auto_planning_msgs/lib:/home/sws/autoware/install/autoware_auto_perception_msgs/lib:/home/sws/autoware/install/tier4_planning_msgs/lib:/home/sws/autoware/install/autoware_common_msgs/lib:/home/sws/autoware/install/autoware_auto_mapping_msgs/lib:/home/sws/autoware/install/autoware_auto_geometry_msgs/lib:${LD_LIBRARY_PATH} PYTHONPATH=/home/sws/autoware/install/autoware_planning_msgs/local/lib/python3.10/dist-packages:/home/sws/autoware/install/autoware_auto_planning_msgs/local/lib/python3.10/dist-packages:/home/sws/autoware/install/autoware_auto_perception_msgs/local/lib/python3.10/dist-packages:/home/sws/autoware/install/tier4_planning_msgs/local/lib/python3.10/dist-packages:/home/sws/autoware/install/autoware_common_msgs/local/lib/python3.10/dist-packages:/home/sws/autoware/install/autoware_auto_mapping_msgs/local/lib/python3.10/dist-packages:/home/sws/autoware/install/autoware_auto_geometry_msgs/local/lib/python3.10/dist-packages:${PYTHONPATH} /usr/bin/cmake --build /home/sws/autoware/build/costmap_generator -- -j16 -l16
[145.009s] Invoking command in '/home/sws/autoware/build/costmap_generator': AMENT_PREFIX_PATH=/home/sws/autoware/install/lanelet2_extension:/home/sws/autoware/install/autoware_utils:/home/sws/autoware/install/autoware_planning_msgs:/home/sws/autoware/install/autoware_cmake:/home/sws/autoware/install/autoware_auto_planning_msgs:/home/sws/autoware/install/autoware_auto_perception_msgs:/home/sws/autoware/install/tier4_planning_msgs:/home/sws/autoware/install/autoware_lint_common:/home/sws/autoware/install/autoware_common_msgs:/home/sws/autoware/install/autoware_auto_mapping_msgs:/home/sws/autoware/install/autoware_auto_geometry_msgs:${AMENT_PREFIX_PATH} CMAKE_PREFIX_PATH=/home/sws/autoware/install/lanelet2_extension:/home/sws/autoware/install/autoware_utils:/home/sws/autoware/install/autoware_planning_msgs:/home/sws/autoware/install/autoware_cmake:/home/sws/autoware/install/autoware_auto_planning_msgs:/home/sws/autoware/install/autoware_auto_perception_msgs:/home/sws/autoware/install/tier4_planning_msgs:/home/sws/autoware/install/autoware_lint_common:/home/sws/autoware/install/autoware_common_msgs:/home/sws/autoware/install/autoware_auto_mapping_msgs:/home/sws/autoware/install/autoware_auto_geometry_msgs:/opt/ros/humble LD_LIBRARY_PATH=/home/sws/autoware/install/lanelet2_extension/lib:/home/sws/autoware/install/autoware_utils/lib:/home/sws/autoware/install/autoware_planning_msgs/lib:/home/sws/autoware/install/autoware_auto_planning_msgs/lib:/home/sws/autoware/install/autoware_auto_perception_msgs/lib:/home/sws/autoware/install/tier4_planning_msgs/lib:/home/sws/autoware/install/autoware_common_msgs/lib:/home/sws/autoware/install/autoware_auto_mapping_msgs/lib:/home/sws/autoware/install/autoware_auto_geometry_msgs/lib:${LD_LIBRARY_PATH} PYTHONPATH=/home/sws/autoware/install/autoware_planning_msgs/local/lib/python3.10/dist-packages:/home/sws/autoware/install/autoware_auto_planning_msgs/local/lib/python3.10/dist-packages:/home/sws/autoware/install/autoware_auto_perception_msgs/local/lib/python3.10/dist-packages:/home/sws/autoware/install/tier4_planning_msgs/local/lib/python3.10/dist-packages:/home/sws/autoware/install/autoware_common_msgs/local/lib/python3.10/dist-packages:/home/sws/autoware/install/autoware_auto_mapping_msgs/local/lib/python3.10/dist-packages:/home/sws/autoware/install/autoware_auto_geometry_msgs/local/lib/python3.10/dist-packages:${PYTHONPATH} /usr/bin/cmake --install /home/sws/autoware/build/costmap_generator
[159.553s] -- Install configuration: "Release"
[159.553s] -- Execute custom install script
[159.553s] -- Symlinking: /home/sws/autoware/install/costmap_generator/lib/costmap_generator/costmap_generator
[159.554s] -- Symlinking: /home/sws/autoware/install/costmap_generator/include/costmap_generator/costmap_generator.hpp
[159.554s] -- Symlinking: /home/sws/autoware/install/costmap_generator/include/costmap_generator/object_map_utils.hpp
[159.554s] -- Symlinking: /home/sws/autoware/install/costmap_generator/include/costmap_generator/objects_to_costmap.hpp
[159.554s] -- Symlinking: /home/sws/autoware/install/costmap_generator/include/costmap_generator/points_to_costmap.hpp
[159.554s] -- Symlinking: /home/sws/autoware/install/costmap_generator/share/costmap_generator/environment/library_path.sh
[159.554s] -- Symlinking: /home/sws/autoware/install/costmap_generator/share/costmap_generator/environment/library_path.dsv
[159.554s] -- Symlinking: /home/sws/autoware/install/costmap_generator/lib/libcostmap_generator_lib.so
[159.554s] -- Symlinking: /home/sws/autoware/install/costmap_generator/lib/libcostmap_generator_node.so
[159.554s] -- Symlinking: /home/sws/autoware/install/costmap_generator/share/costmap_generator/launch/costmap_generator.launch.xml
[159.554s] -- Symlinking: /home/sws/autoware/install/costmap_generator/share/ament_index/resource_index/package_run_dependencies/costmap_generator
[159.554s] -- Symlinking: /home/sws/autoware/install/costmap_generator/share/ament_index/resource_index/parent_prefix_path/costmap_generator
[159.554s] -- Symlinking: /home/sws/autoware/install/costmap_generator/share/costmap_generator/environment/ament_prefix_path.sh
[159.555s] -- Symlinking: /home/sws/autoware/install/costmap_generator/share/costmap_generator/environment/ament_prefix_path.dsv
[159.555s] -- Symlinking: /home/sws/autoware/install/costmap_generator/share/costmap_generator/environment/path.sh
[159.555s] -- Symlinking: /home/sws/autoware/install/costmap_generator/share/costmap_generator/environment/path.dsv
[159.555s] -- Symlinking: /home/sws/autoware/install/costmap_generator/share/costmap_generator/local_setup.bash
[159.555s] -- Symlinking: /home/sws/autoware/install/costmap_generator/share/costmap_generator/local_setup.sh
[159.555s] -- Symlinking: /home/sws/autoware/install/costmap_generator/share/costmap_generator/local_setup.zsh
[159.555s] -- Symlinking: /home/sws/autoware/install/costmap_generator/share/costmap_generator/local_setup.dsv
[159.555s] -- Symlinking: /home/sws/autoware/install/costmap_generator/share/costmap_generator/package.dsv
[159.555s] -- Symlinking: /home/sws/autoware/install/costmap_generator/share/ament_index/resource_index/packages/costmap_generator
[159.555s] -- Symlinking: /home/sws/autoware/install/costmap_generator/share/ament_index/resource_index/rclcpp_components/costmap_generator
[159.555s] -- Symlinking: /home/sws/autoware/install/costmap_generator/share/costmap_generator/cmake/ament_cmake_export_dependencies-extras.cmake
[159.555s] -- Symlinking: /home/sws/autoware/install/costmap_generator/share/costmap_generator/cmake/ament_cmake_export_include_directories-extras.cmake
[159.556s] -- Symlinking: /home/sws/autoware/install/costmap_generator/share/costmap_generator/cmake/ament_cmake_export_libraries-extras.cmake
[159.556s] -- Symlinking: /home/sws/autoware/install/costmap_generator/share/costmap_generator/cmake/costmap_generatorConfig.cmake
[159.556s] -- Symlinking: /home/sws/autoware/install/costmap_generator/share/costmap_generator/cmake/costmap_generatorConfig-version.cmake
[159.556s] -- Symlinking: /home/sws/autoware/install/costmap_generator/share/costmap_generator/package.xml
[159.582s] Invoked command in '/home/sws/autoware/build/costmap_generator' returned '0': AMENT_PREFIX_PATH=/home/sws/autoware/install/lanelet2_extension:/home/sws/autoware/install/autoware_utils:/home/sws/autoware/install/autoware_planning_msgs:/home/sws/autoware/install/autoware_cmake:/home/sws/autoware/install/autoware_auto_planning_msgs:/home/sws/autoware/install/autoware_auto_perception_msgs:/home/sws/autoware/install/tier4_planning_msgs:/home/sws/autoware/install/autoware_lint_common:/home/sws/autoware/install/autoware_common_msgs:/home/sws/autoware/install/autoware_auto_mapping_msgs:/home/sws/autoware/install/autoware_auto_geometry_msgs:${AMENT_PREFIX_PATH} CMAKE_PREFIX_PATH=/home/sws/autoware/install/lanelet2_extension:/home/sws/autoware/install/autoware_utils:/home/sws/autoware/install/autoware_planning_msgs:/home/sws/autoware/install/autoware_cmake:/home/sws/autoware/install/autoware_auto_planning_msgs:/home/sws/autoware/install/autoware_auto_perception_msgs:/home/sws/autoware/install/tier4_planning_msgs:/home/sws/autoware/install/autoware_lint_common:/home/sws/autoware/install/autoware_common_msgs:/home/sws/autoware/install/autoware_auto_mapping_msgs:/home/sws/autoware/install/autoware_auto_geometry_msgs:/opt/ros/humble LD_LIBRARY_PATH=/home/sws/autoware/install/lanelet2_extension/lib:/home/sws/autoware/install/autoware_utils/lib:/home/sws/autoware/install/autoware_planning_msgs/lib:/home/sws/autoware/install/autoware_auto_planning_msgs/lib:/home/sws/autoware/install/autoware_auto_perception_msgs/lib:/home/sws/autoware/install/tier4_planning_msgs/lib:/home/sws/autoware/install/autoware_common_msgs/lib:/home/sws/autoware/install/autoware_auto_mapping_msgs/lib:/home/sws/autoware/install/autoware_auto_geometry_msgs/lib:${LD_LIBRARY_PATH} PYTHONPATH=/home/sws/autoware/install/autoware_planning_msgs/local/lib/python3.10/dist-packages:/home/sws/autoware/install/autoware_auto_planning_msgs/local/lib/python3.10/dist-packages:/home/sws/autoware/install/autoware_auto_perception_msgs/local/lib/python3.10/dist-packages:/home/sws/autoware/install/tier4_planning_msgs/local/lib/python3.10/dist-packages:/home/sws/autoware/install/autoware_common_msgs/local/lib/python3.10/dist-packages:/home/sws/autoware/install/autoware_auto_mapping_msgs/local/lib/python3.10/dist-packages:/home/sws/autoware/install/autoware_auto_geometry_msgs/local/lib/python3.10/dist-packages:${PYTHONPATH} /usr/bin/cmake --install /home/sws/autoware/build/costmap_generator
