[0.060s] Invoking command in '/home/sws/autoware/build/crosswalk_traffic_light_estimator': AMENT_PREFIX_PATH=/home/sws/autoware/install/tier4_autoware_utils:/home/sws/autoware/install/lanelet2_extension:/home/sws/autoware/install/autoware_utils:/home/sws/autoware/install/autoware_auto_vehicle_msgs:/home/sws/autoware/install/autoware_planning_msgs:/home/sws/autoware/install/autoware_cmake:/home/sws/autoware/install/autoware_auto_planning_msgs:/home/sws/autoware/install/autoware_auto_perception_msgs:/home/sws/autoware/install/tier4_debug_msgs:/home/sws/autoware/install/autoware_lint_common:/home/sws/autoware/install/autoware_common_msgs:/home/sws/autoware/install/autoware_auto_mapping_msgs:/home/sws/autoware/install/autoware_auto_geometry_msgs:${AMENT_PREFIX_PATH} CMAKE_PREFIX_PATH=/home/sws/autoware/install/tier4_autoware_utils:/home/sws/autoware/install/lanelet2_extension:/home/sws/autoware/install/autoware_utils:/home/sws/autoware/install/autoware_auto_vehicle_msgs:/home/sws/autoware/install/autoware_planning_msgs:/home/sws/autoware/install/autoware_cmake:/home/sws/autoware/install/autoware_auto_planning_msgs:/home/sws/autoware/install/autoware_auto_perception_msgs:/home/sws/autoware/install/tier4_debug_msgs:/home/sws/autoware/install/autoware_lint_common:/home/sws/autoware/install/autoware_common_msgs:/home/sws/autoware/install/autoware_auto_mapping_msgs:/home/sws/autoware/install/autoware_auto_geometry_msgs:/opt/ros/humble LD_LIBRARY_PATH=/home/sws/autoware/install/tier4_autoware_utils/lib:/home/sws/autoware/install/lanelet2_extension/lib:/home/sws/autoware/install/autoware_utils/lib:/home/sws/autoware/install/autoware_auto_vehicle_msgs/lib:/home/sws/autoware/install/autoware_planning_msgs/lib:/home/sws/autoware/install/autoware_auto_planning_msgs/lib:/home/sws/autoware/install/autoware_auto_perception_msgs/lib:/home/sws/autoware/install/tier4_debug_msgs/lib:/home/sws/autoware/install/autoware_common_msgs/lib:/home/sws/autoware/install/autoware_auto_mapping_msgs/lib:/home/sws/autoware/install/autoware_auto_geometry_msgs/lib:${LD_LIBRARY_PATH} PYTHONPATH=/home/sws/autoware/install/autoware_auto_vehicle_msgs/local/lib/python3.10/dist-packages:/home/sws/autoware/install/autoware_planning_msgs/local/lib/python3.10/dist-packages:/home/sws/autoware/install/autoware_auto_planning_msgs/local/lib/python3.10/dist-packages:/home/sws/autoware/install/autoware_auto_perception_msgs/local/lib/python3.10/dist-packages:/home/sws/autoware/install/tier4_debug_msgs/local/lib/python3.10/dist-packages:/home/sws/autoware/install/autoware_common_msgs/local/lib/python3.10/dist-packages:/home/sws/autoware/install/autoware_auto_mapping_msgs/local/lib/python3.10/dist-packages:/home/sws/autoware/install/autoware_auto_geometry_msgs/local/lib/python3.10/dist-packages:${PYTHONPATH} /usr/bin/cmake /home/sws/autoware/src/universe/autoware.universe/perception/crosswalk_traffic_light_estimator -DCMAKE_BUILD_TYPE=Release -DAMENT_CMAKE_SYMLINK_INSTALL=1 -DCMAKE_INSTALL_PREFIX=/home/sws/autoware/install/crosswalk_traffic_light_estimator
[19.517s] -- The C compiler identification is GNU 11.3.0
[19.517s] -- The CXX compiler identification is GNU 11.3.0
[19.517s] -- Detecting C compiler ABI info
[19.518s] -- Detecting C compiler ABI info - done
[19.518s] -- Check for working C compiler: /usr/bin/cc - skipped
[19.518s] -- Detecting C compile features
[19.518s] -- Detecting C compile features - done
[19.518s] -- Detecting CXX compiler ABI info
[19.518s] -- Detecting CXX compiler ABI info - done
[19.518s] -- Check for working CXX compiler: /usr/bin/c++ - skipped
[19.518s] -- Detecting CXX compile features
[19.518s] -- Detecting CXX compile features - done
[19.518s] -- Found autoware_cmake: 0.1.0 (/home/sws/autoware/install/autoware_cmake/share/autoware_cmake/cmake)
[19.518s] -- Found Python3: /usr/bin/python3.10 (found version "3.10.6") found components: Interpreter 
[19.518s] -- Override CMake install command with custom implementation using symlinks instead of copying resources
[19.519s] -- Found rosidl_generator_c: 3.1.4 (/opt/ros/humble/share/rosidl_generator_c/cmake)
[19.519s] -- Found rosidl_adapter: 3.1.4 (/opt/ros/humble/share/rosidl_adapter/cmake)
[19.519s] -- Found rosidl_generator_cpp: 3.1.4 (/opt/ros/humble/share/rosidl_generator_cpp/cmake)
[19.519s] -- Using all available rosidl_typesupport_c: rosidl_typesupport_fastrtps_c;rosidl_typesupport_introspection_c
[19.519s] -- Using all available rosidl_typesupport_cpp: rosidl_typesupport_fastrtps_cpp;rosidl_typesupport_introspection_cpp
[19.519s] -- Found rmw_implementation_cmake: 6.1.1 (/opt/ros/humble/share/rmw_implementation_cmake/cmake)
[19.519s] -- Found rmw_fastrtps_cpp: 6.2.2 (/opt/ros/humble/share/rmw_fastrtps_cpp/cmake)
[19.519s] -- Found OpenSSL: /usr/lib/x86_64-linux-gnu/libcrypto.so (found version "3.0.2")  
[19.519s] -- Found FastRTPS: /opt/ros/humble/include  
[19.519s] -- Using RMW implementation 'rmw_fastrtps_cpp' as default
[19.519s] -- Looking for pthread.h
[19.519s] -- Looking for pthread.h - found
[19.520s] -- Performing Test CMAKE_HAVE_LIBC_PTHREAD
[19.520s] -- Performing Test CMAKE_HAVE_LIBC_PTHREAD - Success
[19.520s] -- Found Threads: TRUE  
[19.520s] -- Found mrt_cmake_modules: 1.0.9 (/opt/ros/humble/share/mrt_cmake_modules/cmake)
[19.520s] -- Found Boost: /usr/lib/x86_64-linux-gnu/cmake/Boost-1.74.0/BoostConfig.cmake (found version "1.74.0") found components: wserialization thread random serialization log_setup prg_exec_monitor wave system chrono filesystem locale timer date_time regex graph program_options unit_test_framework log atomic iostreams 
[19.520s] -- Found OpenMP_C: -fopenmp (found version "4.5") 
[19.520s] -- Found OpenMP_CXX: -fopenmp (found version "4.5") 
[19.520s] -- Found OpenMP: TRUE (found version "4.5")  
[19.520s] -- Found pugixml: /usr/lib/x86_64-linux-gnu/libpugixml.so  
[19.520s] -- Found PkgConfig: /usr/bin/pkg-config (found version "0.29.2") 
[19.520s] -- Found GeographicLib: /usr/lib/x86_64-linux-gnu/libGeographic.so  
[19.521s] -- Found eigen3_cmake_module: 0.1.1 (/opt/ros/humble/share/eigen3_cmake_module/cmake)
[19.521s] -- Found Eigen3: TRUE (found version "3.4.0") 
[19.521s] -- Ensuring Eigen3 include directory is part of orocos-kdl CMake target
[19.521s] -- Found ament_lint_auto: 0.12.5 (/opt/ros/humble/share/ament_lint_auto/cmake)
[19.521s] -- Added test 'copyright' to check source files copyright and LICENSE
[19.521s] -- Added test 'cppcheck' to perform static code analysis on C / C++ code
[19.521s] -- Configured cppcheck include dirs: /home/sws/autoware/src/universe/autoware.universe/perception/crosswalk_traffic_light_estimator/include
[19.521s] -- Configured cppcheck exclude dirs and/or files: 
[19.521s] -- Added test 'lint_cmake' to check CMake code style
[19.521s] -- Added test 'xmllint' to check XML markup files
[19.521s] -- Configuring done
[19.521s] -- Generating done
[19.522s] -- Build files have been written to: /home/sws/autoware/build/crosswalk_traffic_light_estimator
[19.523s] Invoked command in '/home/sws/autoware/build/crosswalk_traffic_light_estimator' returned '0': AMENT_PREFIX_PATH=/home/sws/autoware/install/tier4_autoware_utils:/home/sws/autoware/install/lanelet2_extension:/home/sws/autoware/install/autoware_utils:/home/sws/autoware/install/autoware_auto_vehicle_msgs:/home/sws/autoware/install/autoware_planning_msgs:/home/sws/autoware/install/autoware_cmake:/home/sws/autoware/install/autoware_auto_planning_msgs:/home/sws/autoware/install/autoware_auto_perception_msgs:/home/sws/autoware/install/tier4_debug_msgs:/home/sws/autoware/install/autoware_lint_common:/home/sws/autoware/install/autoware_common_msgs:/home/sws/autoware/install/autoware_auto_mapping_msgs:/home/sws/autoware/install/autoware_auto_geometry_msgs:${AMENT_PREFIX_PATH} CMAKE_PREFIX_PATH=/home/sws/autoware/install/tier4_autoware_utils:/home/sws/autoware/install/lanelet2_extension:/home/sws/autoware/install/autoware_utils:/home/sws/autoware/install/autoware_auto_vehicle_msgs:/home/sws/autoware/install/autoware_planning_msgs:/home/sws/autoware/install/autoware_cmake:/home/sws/autoware/install/autoware_auto_planning_msgs:/home/sws/autoware/install/autoware_auto_perception_msgs:/home/sws/autoware/install/tier4_debug_msgs:/home/sws/autoware/install/autoware_lint_common:/home/sws/autoware/install/autoware_common_msgs:/home/sws/autoware/install/autoware_auto_mapping_msgs:/home/sws/autoware/install/autoware_auto_geometry_msgs:/opt/ros/humble LD_LIBRARY_PATH=/home/sws/autoware/install/tier4_autoware_utils/lib:/home/sws/autoware/install/lanelet2_extension/lib:/home/sws/autoware/install/autoware_utils/lib:/home/sws/autoware/install/autoware_auto_vehicle_msgs/lib:/home/sws/autoware/install/autoware_planning_msgs/lib:/home/sws/autoware/install/autoware_auto_planning_msgs/lib:/home/sws/autoware/install/autoware_auto_perception_msgs/lib:/home/sws/autoware/install/tier4_debug_msgs/lib:/home/sws/autoware/install/autoware_common_msgs/lib:/home/sws/autoware/install/autoware_auto_mapping_msgs/lib:/home/sws/autoware/install/autoware_auto_geometry_msgs/lib:${LD_LIBRARY_PATH} PYTHONPATH=/home/sws/autoware/install/autoware_auto_vehicle_msgs/local/lib/python3.10/dist-packages:/home/sws/autoware/install/autoware_planning_msgs/local/lib/python3.10/dist-packages:/home/sws/autoware/install/autoware_auto_planning_msgs/local/lib/python3.10/dist-packages:/home/sws/autoware/install/autoware_auto_perception_msgs/local/lib/python3.10/dist-packages:/home/sws/autoware/install/tier4_debug_msgs/local/lib/python3.10/dist-packages:/home/sws/autoware/install/autoware_common_msgs/local/lib/python3.10/dist-packages:/home/sws/autoware/install/autoware_auto_mapping_msgs/local/lib/python3.10/dist-packages:/home/sws/autoware/install/autoware_auto_geometry_msgs/local/lib/python3.10/dist-packages:${PYTHONPATH} /usr/bin/cmake /home/sws/autoware/src/universe/autoware.universe/perception/crosswalk_traffic_light_estimator -DCMAKE_BUILD_TYPE=Release -DAMENT_CMAKE_SYMLINK_INSTALL=1 -DCMAKE_INSTALL_PREFIX=/home/sws/autoware/install/crosswalk_traffic_light_estimator
[19.525s] Invoking command in '/home/sws/autoware/build/crosswalk_traffic_light_estimator': AMENT_PREFIX_PATH=/home/sws/autoware/install/tier4_autoware_utils:/home/sws/autoware/install/lanelet2_extension:/home/sws/autoware/install/autoware_utils:/home/sws/autoware/install/autoware_auto_vehicle_msgs:/home/sws/autoware/install/autoware_planning_msgs:/home/sws/autoware/install/autoware_cmake:/home/sws/autoware/install/autoware_auto_planning_msgs:/home/sws/autoware/install/autoware_auto_perception_msgs:/home/sws/autoware/install/tier4_debug_msgs:/home/sws/autoware/install/autoware_lint_common:/home/sws/autoware/install/autoware_common_msgs:/home/sws/autoware/install/autoware_auto_mapping_msgs:/home/sws/autoware/install/autoware_auto_geometry_msgs:${AMENT_PREFIX_PATH} CMAKE_PREFIX_PATH=/home/sws/autoware/install/tier4_autoware_utils:/home/sws/autoware/install/lanelet2_extension:/home/sws/autoware/install/autoware_utils:/home/sws/autoware/install/autoware_auto_vehicle_msgs:/home/sws/autoware/install/autoware_planning_msgs:/home/sws/autoware/install/autoware_cmake:/home/sws/autoware/install/autoware_auto_planning_msgs:/home/sws/autoware/install/autoware_auto_perception_msgs:/home/sws/autoware/install/tier4_debug_msgs:/home/sws/autoware/install/autoware_lint_common:/home/sws/autoware/install/autoware_common_msgs:/home/sws/autoware/install/autoware_auto_mapping_msgs:/home/sws/autoware/install/autoware_auto_geometry_msgs:/opt/ros/humble LD_LIBRARY_PATH=/home/sws/autoware/install/tier4_autoware_utils/lib:/home/sws/autoware/install/lanelet2_extension/lib:/home/sws/autoware/install/autoware_utils/lib:/home/sws/autoware/install/autoware_auto_vehicle_msgs/lib:/home/sws/autoware/install/autoware_planning_msgs/lib:/home/sws/autoware/install/autoware_auto_planning_msgs/lib:/home/sws/autoware/install/autoware_auto_perception_msgs/lib:/home/sws/autoware/install/tier4_debug_msgs/lib:/home/sws/autoware/install/autoware_common_msgs/lib:/home/sws/autoware/install/autoware_auto_mapping_msgs/lib:/home/sws/autoware/install/autoware_auto_geometry_msgs/lib:${LD_LIBRARY_PATH} PYTHONPATH=/home/sws/autoware/install/autoware_auto_vehicle_msgs/local/lib/python3.10/dist-packages:/home/sws/autoware/install/autoware_planning_msgs/local/lib/python3.10/dist-packages:/home/sws/autoware/install/autoware_auto_planning_msgs/local/lib/python3.10/dist-packages:/home/sws/autoware/install/autoware_auto_perception_msgs/local/lib/python3.10/dist-packages:/home/sws/autoware/install/tier4_debug_msgs/local/lib/python3.10/dist-packages:/home/sws/autoware/install/autoware_common_msgs/local/lib/python3.10/dist-packages:/home/sws/autoware/install/autoware_auto_mapping_msgs/local/lib/python3.10/dist-packages:/home/sws/autoware/install/autoware_auto_geometry_msgs/local/lib/python3.10/dist-packages:${PYTHONPATH} /usr/bin/cmake --build /home/sws/autoware/build/crosswalk_traffic_light_estimator -- -j16 -l16
[38.732s] [ 25%] [32mBuilding CXX object CMakeFiles/crosswalk_traffic_light_estimator.dir/src/node.cpp.o[0m
[69.075s] [ 50%] [32m[1mLinking CXX shared library libcrosswalk_traffic_light_estimator.so[0m
[69.735s] [ 50%] Built target crosswalk_traffic_light_estimator
[69.767s] [ 75%] [32mBuilding CXX object CMakeFiles/crosswalk_traffic_light_estimator_node.dir/rclcpp_components/node_main_crosswalk_traffic_light_estimator_node.cpp.o[0m
[75.452s] [100%] [32m[1mLinking CXX executable crosswalk_traffic_light_estimator_node[0m
[75.682s] [100%] Built target crosswalk_traffic_light_estimator_node
[75.703s] Invoked command in '/home/sws/autoware/build/crosswalk_traffic_light_estimator' returned '0': AMENT_PREFIX_PATH=/home/sws/autoware/install/tier4_autoware_utils:/home/sws/autoware/install/lanelet2_extension:/home/sws/autoware/install/autoware_utils:/home/sws/autoware/install/autoware_auto_vehicle_msgs:/home/sws/autoware/install/autoware_planning_msgs:/home/sws/autoware/install/autoware_cmake:/home/sws/autoware/install/autoware_auto_planning_msgs:/home/sws/autoware/install/autoware_auto_perception_msgs:/home/sws/autoware/install/tier4_debug_msgs:/home/sws/autoware/install/autoware_lint_common:/home/sws/autoware/install/autoware_common_msgs:/home/sws/autoware/install/autoware_auto_mapping_msgs:/home/sws/autoware/install/autoware_auto_geometry_msgs:${AMENT_PREFIX_PATH} CMAKE_PREFIX_PATH=/home/sws/autoware/install/tier4_autoware_utils:/home/sws/autoware/install/lanelet2_extension:/home/sws/autoware/install/autoware_utils:/home/sws/autoware/install/autoware_auto_vehicle_msgs:/home/sws/autoware/install/autoware_planning_msgs:/home/sws/autoware/install/autoware_cmake:/home/sws/autoware/install/autoware_auto_planning_msgs:/home/sws/autoware/install/autoware_auto_perception_msgs:/home/sws/autoware/install/tier4_debug_msgs:/home/sws/autoware/install/autoware_lint_common:/home/sws/autoware/install/autoware_common_msgs:/home/sws/autoware/install/autoware_auto_mapping_msgs:/home/sws/autoware/install/autoware_auto_geometry_msgs:/opt/ros/humble LD_LIBRARY_PATH=/home/sws/autoware/install/tier4_autoware_utils/lib:/home/sws/autoware/install/lanelet2_extension/lib:/home/sws/autoware/install/autoware_utils/lib:/home/sws/autoware/install/autoware_auto_vehicle_msgs/lib:/home/sws/autoware/install/autoware_planning_msgs/lib:/home/sws/autoware/install/autoware_auto_planning_msgs/lib:/home/sws/autoware/install/autoware_auto_perception_msgs/lib:/home/sws/autoware/install/tier4_debug_msgs/lib:/home/sws/autoware/install/autoware_common_msgs/lib:/home/sws/autoware/install/autoware_auto_mapping_msgs/lib:/home/sws/autoware/install/autoware_auto_geometry_msgs/lib:${LD_LIBRARY_PATH} PYTHONPATH=/home/sws/autoware/install/autoware_auto_vehicle_msgs/local/lib/python3.10/dist-packages:/home/sws/autoware/install/autoware_planning_msgs/local/lib/python3.10/dist-packages:/home/sws/autoware/install/autoware_auto_planning_msgs/local/lib/python3.10/dist-packages:/home/sws/autoware/install/autoware_auto_perception_msgs/local/lib/python3.10/dist-packages:/home/sws/autoware/install/tier4_debug_msgs/local/lib/python3.10/dist-packages:/home/sws/autoware/install/autoware_common_msgs/local/lib/python3.10/dist-packages:/home/sws/autoware/install/autoware_auto_mapping_msgs/local/lib/python3.10/dist-packages:/home/sws/autoware/install/autoware_auto_geometry_msgs/local/lib/python3.10/dist-packages:${PYTHONPATH} /usr/bin/cmake --build /home/sws/autoware/build/crosswalk_traffic_light_estimator -- -j16 -l16
[75.754s] Invoking command in '/home/sws/autoware/build/crosswalk_traffic_light_estimator': AMENT_PREFIX_PATH=/home/sws/autoware/install/tier4_autoware_utils:/home/sws/autoware/install/lanelet2_extension:/home/sws/autoware/install/autoware_utils:/home/sws/autoware/install/autoware_auto_vehicle_msgs:/home/sws/autoware/install/autoware_planning_msgs:/home/sws/autoware/install/autoware_cmake:/home/sws/autoware/install/autoware_auto_planning_msgs:/home/sws/autoware/install/autoware_auto_perception_msgs:/home/sws/autoware/install/tier4_debug_msgs:/home/sws/autoware/install/autoware_lint_common:/home/sws/autoware/install/autoware_common_msgs:/home/sws/autoware/install/autoware_auto_mapping_msgs:/home/sws/autoware/install/autoware_auto_geometry_msgs:${AMENT_PREFIX_PATH} CMAKE_PREFIX_PATH=/home/sws/autoware/install/tier4_autoware_utils:/home/sws/autoware/install/lanelet2_extension:/home/sws/autoware/install/autoware_utils:/home/sws/autoware/install/autoware_auto_vehicle_msgs:/home/sws/autoware/install/autoware_planning_msgs:/home/sws/autoware/install/autoware_cmake:/home/sws/autoware/install/autoware_auto_planning_msgs:/home/sws/autoware/install/autoware_auto_perception_msgs:/home/sws/autoware/install/tier4_debug_msgs:/home/sws/autoware/install/autoware_lint_common:/home/sws/autoware/install/autoware_common_msgs:/home/sws/autoware/install/autoware_auto_mapping_msgs:/home/sws/autoware/install/autoware_auto_geometry_msgs:/opt/ros/humble LD_LIBRARY_PATH=/home/sws/autoware/install/tier4_autoware_utils/lib:/home/sws/autoware/install/lanelet2_extension/lib:/home/sws/autoware/install/autoware_utils/lib:/home/sws/autoware/install/autoware_auto_vehicle_msgs/lib:/home/sws/autoware/install/autoware_planning_msgs/lib:/home/sws/autoware/install/autoware_auto_planning_msgs/lib:/home/sws/autoware/install/autoware_auto_perception_msgs/lib:/home/sws/autoware/install/tier4_debug_msgs/lib:/home/sws/autoware/install/autoware_common_msgs/lib:/home/sws/autoware/install/autoware_auto_mapping_msgs/lib:/home/sws/autoware/install/autoware_auto_geometry_msgs/lib:${LD_LIBRARY_PATH} PYTHONPATH=/home/sws/autoware/install/autoware_auto_vehicle_msgs/local/lib/python3.10/dist-packages:/home/sws/autoware/install/autoware_planning_msgs/local/lib/python3.10/dist-packages:/home/sws/autoware/install/autoware_auto_planning_msgs/local/lib/python3.10/dist-packages:/home/sws/autoware/install/autoware_auto_perception_msgs/local/lib/python3.10/dist-packages:/home/sws/autoware/install/tier4_debug_msgs/local/lib/python3.10/dist-packages:/home/sws/autoware/install/autoware_common_msgs/local/lib/python3.10/dist-packages:/home/sws/autoware/install/autoware_auto_mapping_msgs/local/lib/python3.10/dist-packages:/home/sws/autoware/install/autoware_auto_geometry_msgs/local/lib/python3.10/dist-packages:${PYTHONPATH} /usr/bin/cmake --install /home/sws/autoware/build/crosswalk_traffic_light_estimator
[100.275s] -- Install configuration: "Release"
[100.275s] -- Execute custom install script
[100.275s] -- Symlinking: /home/sws/autoware/install/crosswalk_traffic_light_estimator/lib/crosswalk_traffic_light_estimator/crosswalk_traffic_light_estimator_node
[100.275s] -- Symlinking: /home/sws/autoware/install/crosswalk_traffic_light_estimator/include/crosswalk_traffic_light_estimator/node.hpp
[100.275s] -- Symlinking: /home/sws/autoware/install/crosswalk_traffic_light_estimator/share/crosswalk_traffic_light_estimator/environment/library_path.sh
[100.276s] -- Symlinking: /home/sws/autoware/install/crosswalk_traffic_light_estimator/share/crosswalk_traffic_light_estimator/environment/library_path.dsv
[100.276s] -- Symlinking: /home/sws/autoware/install/crosswalk_traffic_light_estimator/lib/libcrosswalk_traffic_light_estimator.so
[100.276s] -- Symlinking: /home/sws/autoware/install/crosswalk_traffic_light_estimator/share/crosswalk_traffic_light_estimator/launch/crosswalk_traffic_light_estimator.launch.xml
[100.276s] -- Symlinking: /home/sws/autoware/install/crosswalk_traffic_light_estimator/share/ament_index/resource_index/package_run_dependencies/crosswalk_traffic_light_estimator
[100.276s] -- Symlinking: /home/sws/autoware/install/crosswalk_traffic_light_estimator/share/ament_index/resource_index/parent_prefix_path/crosswalk_traffic_light_estimator
[100.276s] -- Symlinking: /home/sws/autoware/install/crosswalk_traffic_light_estimator/share/crosswalk_traffic_light_estimator/environment/ament_prefix_path.sh
[100.276s] -- Symlinking: /home/sws/autoware/install/crosswalk_traffic_light_estimator/share/crosswalk_traffic_light_estimator/environment/ament_prefix_path.dsv
[100.276s] -- Symlinking: /home/sws/autoware/install/crosswalk_traffic_light_estimator/share/crosswalk_traffic_light_estimator/environment/path.sh
[100.276s] -- Symlinking: /home/sws/autoware/install/crosswalk_traffic_light_estimator/share/crosswalk_traffic_light_estimator/environment/path.dsv
[100.276s] -- Symlinking: /home/sws/autoware/install/crosswalk_traffic_light_estimator/share/crosswalk_traffic_light_estimator/local_setup.bash
[100.276s] -- Symlinking: /home/sws/autoware/install/crosswalk_traffic_light_estimator/share/crosswalk_traffic_light_estimator/local_setup.sh
[100.277s] -- Symlinking: /home/sws/autoware/install/crosswalk_traffic_light_estimator/share/crosswalk_traffic_light_estimator/local_setup.zsh
[100.277s] -- Symlinking: /home/sws/autoware/install/crosswalk_traffic_light_estimator/share/crosswalk_traffic_light_estimator/local_setup.dsv
[100.277s] -- Symlinking: /home/sws/autoware/install/crosswalk_traffic_light_estimator/share/crosswalk_traffic_light_estimator/package.dsv
[100.277s] -- Symlinking: /home/sws/autoware/install/crosswalk_traffic_light_estimator/share/ament_index/resource_index/packages/crosswalk_traffic_light_estimator
[100.277s] -- Symlinking: /home/sws/autoware/install/crosswalk_traffic_light_estimator/share/ament_index/resource_index/rclcpp_components/crosswalk_traffic_light_estimator
[100.277s] -- Symlinking: /home/sws/autoware/install/crosswalk_traffic_light_estimator/share/crosswalk_traffic_light_estimator/cmake/ament_cmake_export_dependencies-extras.cmake
[100.277s] -- Symlinking: /home/sws/autoware/install/crosswalk_traffic_light_estimator/share/crosswalk_traffic_light_estimator/cmake/ament_cmake_export_include_directories-extras.cmake
[100.277s] -- Symlinking: /home/sws/autoware/install/crosswalk_traffic_light_estimator/share/crosswalk_traffic_light_estimator/cmake/ament_cmake_export_libraries-extras.cmake
[100.277s] -- Symlinking: /home/sws/autoware/install/crosswalk_traffic_light_estimator/share/crosswalk_traffic_light_estimator/cmake/crosswalk_traffic_light_estimatorConfig.cmake
[100.277s] -- Symlinking: /home/sws/autoware/install/crosswalk_traffic_light_estimator/share/crosswalk_traffic_light_estimator/cmake/crosswalk_traffic_light_estimatorConfig-version.cmake
[100.277s] -- Symlinking: /home/sws/autoware/install/crosswalk_traffic_light_estimator/share/crosswalk_traffic_light_estimator/package.xml
[100.307s] Invoked command in '/home/sws/autoware/build/crosswalk_traffic_light_estimator' returned '0': AMENT_PREFIX_PATH=/home/sws/autoware/install/tier4_autoware_utils:/home/sws/autoware/install/lanelet2_extension:/home/sws/autoware/install/autoware_utils:/home/sws/autoware/install/autoware_auto_vehicle_msgs:/home/sws/autoware/install/autoware_planning_msgs:/home/sws/autoware/install/autoware_cmake:/home/sws/autoware/install/autoware_auto_planning_msgs:/home/sws/autoware/install/autoware_auto_perception_msgs:/home/sws/autoware/install/tier4_debug_msgs:/home/sws/autoware/install/autoware_lint_common:/home/sws/autoware/install/autoware_common_msgs:/home/sws/autoware/install/autoware_auto_mapping_msgs:/home/sws/autoware/install/autoware_auto_geometry_msgs:${AMENT_PREFIX_PATH} CMAKE_PREFIX_PATH=/home/sws/autoware/install/tier4_autoware_utils:/home/sws/autoware/install/lanelet2_extension:/home/sws/autoware/install/autoware_utils:/home/sws/autoware/install/autoware_auto_vehicle_msgs:/home/sws/autoware/install/autoware_planning_msgs:/home/sws/autoware/install/autoware_cmake:/home/sws/autoware/install/autoware_auto_planning_msgs:/home/sws/autoware/install/autoware_auto_perception_msgs:/home/sws/autoware/install/tier4_debug_msgs:/home/sws/autoware/install/autoware_lint_common:/home/sws/autoware/install/autoware_common_msgs:/home/sws/autoware/install/autoware_auto_mapping_msgs:/home/sws/autoware/install/autoware_auto_geometry_msgs:/opt/ros/humble LD_LIBRARY_PATH=/home/sws/autoware/install/tier4_autoware_utils/lib:/home/sws/autoware/install/lanelet2_extension/lib:/home/sws/autoware/install/autoware_utils/lib:/home/sws/autoware/install/autoware_auto_vehicle_msgs/lib:/home/sws/autoware/install/autoware_planning_msgs/lib:/home/sws/autoware/install/autoware_auto_planning_msgs/lib:/home/sws/autoware/install/autoware_auto_perception_msgs/lib:/home/sws/autoware/install/tier4_debug_msgs/lib:/home/sws/autoware/install/autoware_common_msgs/lib:/home/sws/autoware/install/autoware_auto_mapping_msgs/lib:/home/sws/autoware/install/autoware_auto_geometry_msgs/lib:${LD_LIBRARY_PATH} PYTHONPATH=/home/sws/autoware/install/autoware_auto_vehicle_msgs/local/lib/python3.10/dist-packages:/home/sws/autoware/install/autoware_planning_msgs/local/lib/python3.10/dist-packages:/home/sws/autoware/install/autoware_auto_planning_msgs/local/lib/python3.10/dist-packages:/home/sws/autoware/install/autoware_auto_perception_msgs/local/lib/python3.10/dist-packages:/home/sws/autoware/install/tier4_debug_msgs/local/lib/python3.10/dist-packages:/home/sws/autoware/install/autoware_common_msgs/local/lib/python3.10/dist-packages:/home/sws/autoware/install/autoware_auto_mapping_msgs/local/lib/python3.10/dist-packages:/home/sws/autoware/install/autoware_auto_geometry_msgs/local/lib/python3.10/dist-packages:${PYTHONPATH} /usr/bin/cmake --install /home/sws/autoware/build/crosswalk_traffic_light_estimator
