-- The C compiler identification is GNU 11.3.0
-- The CXX compiler identification is GNU 11.3.0
-- Detecting C compiler ABI info
-- Detecting C compiler ABI info - done
-- Check for working C compiler: /usr/bin/cc - skipped
-- Detecting C compile features
-- Detecting C compile features - done
-- Detecting CXX compiler ABI info
-- Detecting CXX compiler ABI info - done
-- Check for working CXX compiler: /usr/bin/c++ - skipped
-- Detecting CXX compile features
-- Detecting CXX compile features - done
-- Found autoware_cmake: 0.1.0 (/home/sws/autoware/install/autoware_cmake/share/autoware_cmake/cmake)
-- Found Python3: /usr/bin/python3.10 (found version "3.10.6") found components: Interpreter 
-- Override CMake install command with custom implementation using symlinks instead of copying resources
-- Using all available rosidl_typesupport_c: rosidl_typesupport_fastrtps_c;rosidl_typesupport_introspection_c
-- Found rosidl_adapter: 3.1.4 (/opt/ros/humble/share/rosidl_adapter/cmake)
-- Using all available rosidl_typesupport_cpp: rosidl_typesupport_fastrtps_cpp;rosidl_typesupport_introspection_cpp
-- Found rmw_implementation_cmake: 6.1.1 (/opt/ros/humble/share/rmw_implementation_cmake/cmake)
-- Found rmw_fastrtps_cpp: 6.2.2 (/opt/ros/humble/share/rmw_fastrtps_cpp/cmake)
-- Found OpenSSL: /usr/lib/x86_64-linux-gnu/libcrypto.so (found version "3.0.2")  
-- Found FastRTPS: /opt/ros/humble/include  
-- Using RMW implementation 'rmw_fastrtps_cpp' as default
-- Looking for pthread.h
-- Looking for pthread.h - found
-- Performing Test CMAKE_HAVE_LIBC_PTHREAD
-- Performing Test CMAKE_HAVE_LIBC_PTHREAD - Success
-- Found Threads: TRUE  
-- Found eigen3_cmake_module: 0.1.1 (/opt/ros/humble/share/eigen3_cmake_module/cmake)
-- Found Eigen3: TRUE (found version "3.4.0") 
-- Ensuring Eigen3 include directory is part of orocos-kdl CMake target
-- Found ament_lint_auto: 0.12.5 (/opt/ros/humble/share/ament_lint_auto/cmake)
-- Found ament_cmake_ros: 0.10.0 (/opt/ros/humble/share/ament_cmake_ros/cmake)
-- Using all available rosidl_typesupport_c: rosidl_typesupport_fastrtps_c;rosidl_typesupport_introspection_c
-- Using all available rosidl_typesupport_cpp: rosidl_typesupport_fastrtps_cpp;rosidl_typesupport_introspection_cpp
-- Found PythonInterp: /usr/bin/python3 (found suitable version "3.10.6", minimum required is "3.6") 
-- Found python_cmake_module: 0.10.0 (/opt/ros/humble/share/python_cmake_module/cmake)
-- Found PythonLibs: /usr/lib/x86_64-linux-gnu/libpython3.10.so (found suitable version "3.10.6", minimum required is "3.5") 
-- Using PYTHON_EXECUTABLE: /usr/bin/python3
-- Using PYTHON_INCLUDE_DIRS: /usr/include/python3.10
-- Using PYTHON_LIBRARIES: /usr/lib/x86_64-linux-gnu/libpython3.10.so
-- Found PythonExtra: .so  
-- Added test 'copyright' to check source files copyright and LICENSE
-- Added test 'cppcheck' to perform static code analysis on C / C++ code
-- Configured cppcheck include dirs: /home/sws/autoware/src/universe/autoware.universe/planning/planning_debug_tools/include
-- Configured cppcheck exclude dirs and/or files: 
-- Added test 'lint_cmake' to check CMake code style
-- Added test 'xmllint' to check XML markup files
-- Configuring done
-- Generating done
-- Build files have been written to: /home/sws/autoware/build/planning_debug_tools
[  2%] [34m[1mGenerating C++ code for ROS interfaces[0m
[  2%] Built target planning_debug_tools__cpp
[  5%] [32mBuilding CXX object CMakeFiles/stop_reason_visualizer_exe.dir/rclcpp_components/node_main_stop_reason_visualizer_exe.cpp.o[0m
[  7%] [32m[1mLinking CXX executable stop_reason_visualizer_exe[0m
[  7%] Built target stop_reason_visualizer_exe
[ 10%] [34m[1mGenerating C++ introspection for ROS interfaces[0m
[ 12%] [32mBuilding CXX object CMakeFiles/planning_debug_tools__rosidl_typesupport_introspection_cpp.dir/rosidl_typesupport_introspection_cpp/planning_debug_tools/msg/detail/trajectory_debug_info__type_support.cpp.o[0m
[ 15%] [32m[1mLinking CXX shared library libplanning_debug_tools__rosidl_typesupport_introspection_cpp.so[0m
[ 15%] Built target planning_debug_tools__rosidl_typesupport_introspection_cpp
[ 17%] [34m[1mGenerating C++ type support for eProsima Fast-RTPS[0m
[ 20%] [32mBuilding CXX object CMakeFiles/planning_debug_tools__rosidl_typesupport_fastrtps_cpp.dir/rosidl_typesupport_fastrtps_cpp/planning_debug_tools/msg/detail/dds_fastrtps/trajectory_debug_info__type_support.cpp.o[0m
[ 23%] [32m[1mLinking CXX shared library libplanning_debug_tools__rosidl_typesupport_fastrtps_cpp.so[0m
[ 23%] Built target planning_debug_tools__rosidl_typesupport_fastrtps_cpp
[ 25%] [34m[1mGenerating C++ type support dispatch for ROS interfaces[0m
[ 28%] [32mBuilding CXX object CMakeFiles/planning_debug_tools__rosidl_typesupport_cpp.dir/rosidl_typesupport_cpp/planning_debug_tools/msg/trajectory_debug_info__type_support.cpp.o[0m
[ 30%] [32m[1mLinking CXX shared library libplanning_debug_tools__rosidl_typesupport_cpp.so[0m
[ 30%] Built target planning_debug_tools__rosidl_typesupport_cpp
[ 33%] [32mBuilding CXX object CMakeFiles/trajectory_analyzer_exe.dir/rclcpp_components/node_main_trajectory_analyzer_exe.cpp.o[0m
[ 35%] [32m[1mLinking CXX executable trajectory_analyzer_exe[0m
[ 35%] Built target trajectory_analyzer_exe
[ 38%] [32mBuilding CXX object CMakeFiles/trajectory_analyzer_node.dir/src/trajectory_analyzer.cpp.o[0m
[ 41%] [32m[1mLinking CXX shared library libtrajectory_analyzer_node.so[0m
[ 41%] Built target trajectory_analyzer_node
[ 41%] Built target ament_cmake_python_symlink_planning_debug_tools
[ 43%] [32mBuilding CXX object CMakeFiles/stop_reason_visualizer_node.dir/src/stop_reason_visualizer.cpp.o[0m
[ 46%] [32m[1mLinking CXX shared library libstop_reason_visualizer_node.so[0m
[ 46%] Built target stop_reason_visualizer_node
running egg_info
creating planning_debug_tools.egg-info
writing planning_debug_tools.egg-info/PKG-INFO
writing dependency_links to planning_debug_tools.egg-info/dependency_links.txt
writing top-level names to planning_debug_tools.egg-info/top_level.txt
writing manifest file 'planning_debug_tools.egg-info/SOURCES.txt'
reading manifest file 'planning_debug_tools.egg-info/SOURCES.txt'
writing manifest file 'planning_debug_tools.egg-info/SOURCES.txt'
[ 46%] Built target ament_cmake_python_build_planning_debug_tools_egg
[ 48%] [34m[1mGenerating C code for ROS interfaces[0m
[ 51%] [32mBuilding C object CMakeFiles/planning_debug_tools__rosidl_generator_c.dir/rosidl_generator_c/planning_debug_tools/msg/detail/trajectory_debug_info__functions.c.o[0m
[ 53%] [32m[1mLinking C shared library libplanning_debug_tools__rosidl_generator_c.so[0m
[ 53%] Built target planning_debug_tools__rosidl_generator_c
[ 56%] [34m[1mGenerating C type support for eProsima Fast-RTPS[0m
[ 58%] [32mBuilding CXX object CMakeFiles/planning_debug_tools__rosidl_typesupport_fastrtps_c.dir/rosidl_typesupport_fastrtps_c/planning_debug_tools/msg/detail/trajectory_debug_info__type_support_c.cpp.o[0m
[ 61%] [32m[1mLinking CXX shared library libplanning_debug_tools__rosidl_typesupport_fastrtps_c.so[0m
[ 61%] Built target planning_debug_tools__rosidl_typesupport_fastrtps_c
[ 64%] [34m[1mGenerating C type support dispatch for ROS interfaces[0m
[ 66%] [32mBuilding CXX object CMakeFiles/planning_debug_tools__rosidl_typesupport_c.dir/rosidl_typesupport_c/planning_debug_tools/msg/trajectory_debug_info__type_support.cpp.o[0m
[ 69%] [32m[1mLinking CXX shared library libplanning_debug_tools__rosidl_typesupport_c.so[0m
[ 69%] Built target planning_debug_tools__rosidl_typesupport_c
[ 71%] [34m[1mGenerating C introspection for ROS interfaces[0m
[ 74%] [32mBuilding C object CMakeFiles/planning_debug_tools__rosidl_typesupport_introspection_c.dir/rosidl_typesupport_introspection_c/planning_debug_tools/msg/detail/trajectory_debug_info__type_support.c.o[0m
[ 76%] [32m[1mLinking C shared library libplanning_debug_tools__rosidl_typesupport_introspection_c.so[0m
[ 76%] Built target planning_debug_tools__rosidl_typesupport_introspection_c
[ 76%] Built target planning_debug_tools
[ 79%] [34m[1mGenerating Python code for ROS interfaces[0m
[ 79%] Built target planning_debug_tools__py
[ 82%] [32mBuilding C object CMakeFiles/planning_debug_tools__rosidl_generator_py.dir/rosidl_generator_py/planning_debug_tools/msg/_trajectory_debug_info_s.c.o[0m
[ 84%] [32m[1mLinking C shared library rosidl_generator_py/planning_debug_tools/libplanning_debug_tools__rosidl_generator_py.so[0m
[ 84%] Built target planning_debug_tools__rosidl_generator_py
[ 87%] [32mBuilding C object CMakeFiles/planning_debug_tools__rosidl_typesupport_fastrtps_c__pyext.dir/rosidl_generator_py/planning_debug_tools/_planning_debug_tools_s.ep.rosidl_typesupport_fastrtps_c.c.o[0m
[ 89%] [32m[1mLinking C shared library rosidl_generator_py/planning_debug_tools/planning_debug_tools_s__rosidl_typesupport_fastrtps_c.cpython-310-x86_64-linux-gnu.so[0m
[ 89%] Built target planning_debug_tools__rosidl_typesupport_fastrtps_c__pyext
[ 92%] [32mBuilding C object CMakeFiles/planning_debug_tools__rosidl_typesupport_c__pyext.dir/rosidl_generator_py/planning_debug_tools/_planning_debug_tools_s.ep.rosidl_typesupport_c.c.o[0m
[ 94%] [32m[1mLinking C shared library rosidl_generator_py/planning_debug_tools/planning_debug_tools_s__rosidl_typesupport_c.cpython-310-x86_64-linux-gnu.so[0m
[ 94%] Built target planning_debug_tools__rosidl_typesupport_c__pyext
[ 97%] [32mBuilding C object CMakeFiles/planning_debug_tools__rosidl_typesupport_introspection_c__pyext.dir/rosidl_generator_py/planning_debug_tools/_planning_debug_tools_s.ep.rosidl_typesupport_introspection_c.c.o[0m
[100%] [32m[1mLinking C shared library rosidl_generator_py/planning_debug_tools/planning_debug_tools_s__rosidl_typesupport_introspection_c.cpython-310-x86_64-linux-gnu.so[0m
[100%] Built target planning_debug_tools__rosidl_typesupport_introspection_c__pyext
-- Install configuration: "Release"
-- Execute custom install script
-- Symlinking: /home/sws/autoware/install/planning_debug_tools/share/ament_index/resource_index/rosidl_interfaces/planning_debug_tools
-- Symlinking: /home/sws/autoware/install/planning_debug_tools/include/planning_debug_tools/planning_debug_tools/msg/detail/trajectory_debug_info__functions.h
-- Symlinking: /home/sws/autoware/install/planning_debug_tools/include/planning_debug_tools/planning_debug_tools/msg/detail/trajectory_debug_info__struct.h
-- Symlinking: /home/sws/autoware/install/planning_debug_tools/include/planning_debug_tools/planning_debug_tools/msg/detail/trajectory_debug_info__type_support.h
-- Symlinking: /home/sws/autoware/install/planning_debug_tools/include/planning_debug_tools/planning_debug_tools/msg/rosidl_generator_c__visibility_control.h
-- Symlinking: /home/sws/autoware/install/planning_debug_tools/include/planning_debug_tools/planning_debug_tools/msg/trajectory_debug_info.h
-- Symlinking: /home/sws/autoware/install/planning_debug_tools/share/planning_debug_tools/environment/library_path.sh
-- Symlinking: /home/sws/autoware/install/planning_debug_tools/share/planning_debug_tools/environment/library_path.dsv
-- Symlinking: /home/sws/autoware/install/planning_debug_tools/include/planning_debug_tools/planning_debug_tools/msg/detail/trajectory_debug_info__rosidl_typesupport_fastrtps_c.h
-- Symlinking: /home/sws/autoware/install/planning_debug_tools/include/planning_debug_tools/planning_debug_tools/msg/rosidl_typesupport_fastrtps_c__visibility_control.h
-- Symlinking: /home/sws/autoware/install/planning_debug_tools/include/planning_debug_tools/planning_debug_tools/msg/detail/trajectory_debug_info__rosidl_typesupport_introspection_c.h
-- Symlinking: /home/sws/autoware/install/planning_debug_tools/include/planning_debug_tools/planning_debug_tools/msg/rosidl_typesupport_introspection_c__visibility_control.h
-- Symlinking: /home/sws/autoware/install/planning_debug_tools/include/planning_debug_tools/planning_debug_tools/msg/detail/trajectory_debug_info__builder.hpp
-- Symlinking: /home/sws/autoware/install/planning_debug_tools/include/planning_debug_tools/planning_debug_tools/msg/detail/trajectory_debug_info__struct.hpp
-- Symlinking: /home/sws/autoware/install/planning_debug_tools/include/planning_debug_tools/planning_debug_tools/msg/detail/trajectory_debug_info__traits.hpp
-- Symlinking: /home/sws/autoware/install/planning_debug_tools/include/planning_debug_tools/planning_debug_tools/msg/trajectory_debug_info.hpp
-- Symlinking: /home/sws/autoware/install/planning_debug_tools/include/planning_debug_tools/planning_debug_tools/msg/detail/trajectory_debug_info__rosidl_typesupport_fastrtps_cpp.hpp
-- Symlinking: /home/sws/autoware/install/planning_debug_tools/include/planning_debug_tools/planning_debug_tools/msg/rosidl_typesupport_fastrtps_cpp__visibility_control.h
-- Symlinking: /home/sws/autoware/install/planning_debug_tools/include/planning_debug_tools/planning_debug_tools/msg/detail/trajectory_debug_info__rosidl_typesupport_introspection_cpp.hpp
-- Symlinking: /home/sws/autoware/install/planning_debug_tools/share/planning_debug_tools/environment/pythonpath.sh
-- Symlinking: /home/sws/autoware/install/planning_debug_tools/share/planning_debug_tools/environment/pythonpath.dsv
-- Symlinking: /home/sws/autoware/install/planning_debug_tools/local/lib/python3.10/dist-packages/planning_debug_tools-0.1.0-py3.10.egg-info/PKG-INFO
-- Symlinking: /home/sws/autoware/install/planning_debug_tools/local/lib/python3.10/dist-packages/planning_debug_tools-0.1.0-py3.10.egg-info/SOURCES.txt
-- Symlinking: /home/sws/autoware/install/planning_debug_tools/local/lib/python3.10/dist-packages/planning_debug_tools-0.1.0-py3.10.egg-info/dependency_links.txt
-- Symlinking: /home/sws/autoware/install/planning_debug_tools/local/lib/python3.10/dist-packages/planning_debug_tools-0.1.0-py3.10.egg-info/top_level.txt
-- Symlinking: /home/sws/autoware/install/planning_debug_tools/local/lib/python3.10/dist-packages/planning_debug_tools/__init__.py
-- Symlinking: /home/sws/autoware/install/planning_debug_tools/local/lib/python3.10/dist-packages/planning_debug_tools/_planning_debug_tools_s.ep.rosidl_typesupport_c.c
-- Symlinking: /home/sws/autoware/install/planning_debug_tools/local/lib/python3.10/dist-packages/planning_debug_tools/_planning_debug_tools_s.ep.rosidl_typesupport_fastrtps_c.c
-- Symlinking: /home/sws/autoware/install/planning_debug_tools/local/lib/python3.10/dist-packages/planning_debug_tools/_planning_debug_tools_s.ep.rosidl_typesupport_introspection_c.c
-- Symlinking: /home/sws/autoware/install/planning_debug_tools/local/lib/python3.10/dist-packages/planning_debug_tools/libplanning_debug_tools__rosidl_generator_py.so
-- Symlinking: /home/sws/autoware/install/planning_debug_tools/local/lib/python3.10/dist-packages/planning_debug_tools/msg/__init__.py
-- Symlinking: /home/sws/autoware/install/planning_debug_tools/local/lib/python3.10/dist-packages/planning_debug_tools/msg/_trajectory_debug_info.py
-- Symlinking: /home/sws/autoware/install/planning_debug_tools/local/lib/python3.10/dist-packages/planning_debug_tools/msg/_trajectory_debug_info_s.c
-- Symlinking: /home/sws/autoware/install/planning_debug_tools/local/lib/python3.10/dist-packages/planning_debug_tools/planning_debug_tools_s__rosidl_typesupport_c.cpython-310-x86_64-linux-gnu.so
-- Symlinking: /home/sws/autoware/install/planning_debug_tools/local/lib/python3.10/dist-packages/planning_debug_tools/planning_debug_tools_s__rosidl_typesupport_fastrtps_c.cpython-310-x86_64-linux-gnu.so
-- Symlinking: /home/sws/autoware/install/planning_debug_tools/local/lib/python3.10/dist-packages/planning_debug_tools/planning_debug_tools_s__rosidl_typesupport_introspection_c.cpython-310-x86_64-linux-gnu.so
-- Up-to-date symlink: /home/sws/autoware/install/planning_debug_tools/local/lib/python3.10/dist-packages/planning_debug_tools/planning_debug_tools_s__rosidl_typesupport_fastrtps_c.cpython-310-x86_64-linux-gnu.so
-- Up-to-date symlink: /home/sws/autoware/install/planning_debug_tools/local/lib/python3.10/dist-packages/planning_debug_tools/planning_debug_tools_s__rosidl_typesupport_introspection_c.cpython-310-x86_64-linux-gnu.so
-- Up-to-date symlink: /home/sws/autoware/install/planning_debug_tools/local/lib/python3.10/dist-packages/planning_debug_tools/planning_debug_tools_s__rosidl_typesupport_c.cpython-310-x86_64-linux-gnu.so
-- Symlinking: /home/sws/autoware/install/planning_debug_tools/share/planning_debug_tools/msg/TrajectoryDebugInfo.idl
-- Symlinking: /home/sws/autoware/install/planning_debug_tools/share/planning_debug_tools/msg/TrajectoryDebugInfo.msg
-- Symlinking: /home/sws/autoware/install/planning_debug_tools/lib/planning_debug_tools/trajectory_analyzer_exe
-- Symlinking: /home/sws/autoware/install/planning_debug_tools/lib/planning_debug_tools/stop_reason_visualizer_exe
-- Symlinking: /home/sws/autoware/install/planning_debug_tools/include/planning_debug_tools/trajectory_analyzer.hpp
-- Symlinking: /home/sws/autoware/install/planning_debug_tools/include/planning_debug_tools/util.hpp
-- Symlinking: /home/sws/autoware/install/planning_debug_tools/lib/libtrajectory_analyzer_node.so
-- Symlinking: /home/sws/autoware/install/planning_debug_tools/lib/libstop_reason_visualizer_node.so
-- Symlinking: /home/sws/autoware/install/planning_debug_tools/share/planning_debug_tools/launch/behavior_velocity_analyzer.launch.xml
-- Symlinking: /home/sws/autoware/install/planning_debug_tools/share/planning_debug_tools/launch/stop_reason_visualizer.launch.xml
-- Symlinking: /home/sws/autoware/install/planning_debug_tools/share/planning_debug_tools/launch/trajectory_analyzer.launch.xml
-- Symlinking: /home/sws/autoware/install/planning_debug_tools/share/ament_index/resource_index/package_run_dependencies/planning_debug_tools
-- Symlinking: /home/sws/autoware/install/planning_debug_tools/share/ament_index/resource_index/parent_prefix_path/planning_debug_tools
-- Symlinking: /home/sws/autoware/install/planning_debug_tools/share/planning_debug_tools/environment/ament_prefix_path.sh
-- Symlinking: /home/sws/autoware/install/planning_debug_tools/share/planning_debug_tools/environment/ament_prefix_path.dsv
-- Symlinking: /home/sws/autoware/install/planning_debug_tools/share/planning_debug_tools/environment/path.sh
-- Symlinking: /home/sws/autoware/install/planning_debug_tools/share/planning_debug_tools/environment/path.dsv
-- Symlinking: /home/sws/autoware/install/planning_debug_tools/share/planning_debug_tools/local_setup.bash
-- Symlinking: /home/sws/autoware/install/planning_debug_tools/share/planning_debug_tools/local_setup.sh
-- Symlinking: /home/sws/autoware/install/planning_debug_tools/share/planning_debug_tools/local_setup.zsh
-- Symlinking: /home/sws/autoware/install/planning_debug_tools/share/planning_debug_tools/local_setup.dsv
-- Symlinking: /home/sws/autoware/install/planning_debug_tools/share/planning_debug_tools/package.dsv
-- Symlinking: /home/sws/autoware/install/planning_debug_tools/share/ament_index/resource_index/packages/planning_debug_tools
-- Symlinking: /home/sws/autoware/install/planning_debug_tools/share/ament_index/resource_index/rclcpp_components/planning_debug_tools
-- Symlinking: /home/sws/autoware/install/planning_debug_tools/share/planning_debug_tools/cmake/rosidl_cmake-extras.cmake
-- Symlinking: /home/sws/autoware/install/planning_debug_tools/share/planning_debug_tools/cmake/ament_cmake_export_dependencies-extras.cmake
-- Symlinking: /home/sws/autoware/install/planning_debug_tools/share/planning_debug_tools/cmake/ament_cmake_export_include_directories-extras.cmake
-- Symlinking: /home/sws/autoware/install/planning_debug_tools/share/planning_debug_tools/cmake/ament_cmake_export_libraries-extras.cmake
-- Symlinking: /home/sws/autoware/install/planning_debug_tools/share/planning_debug_tools/cmake/ament_cmake_export_targets-extras.cmake
-- Symlinking: /home/sws/autoware/install/planning_debug_tools/share/planning_debug_tools/cmake/rosidl_cmake_export_typesupport_targets-extras.cmake
-- Symlinking: /home/sws/autoware/install/planning_debug_tools/share/planning_debug_tools/cmake/rosidl_cmake_export_typesupport_libraries-extras.cmake
-- Symlinking: /home/sws/autoware/install/planning_debug_tools/share/planning_debug_tools/cmake/planning_debug_toolsConfig.cmake
-- Symlinking: /home/sws/autoware/install/planning_debug_tools/share/planning_debug_tools/cmake/planning_debug_toolsConfig-version.cmake
-- Symlinking: /home/sws/autoware/install/planning_debug_tools/share/planning_debug_tools/package.xml
-- Symlinking: /home/sws/autoware/install/planning_debug_tools/lib/planning_debug_tools/trajectory_visualizer.py
-- Symlinking: /home/sws/autoware/install/planning_debug_tools/lib/planning_debug_tools/closest_velocity_checker.py
-- Symlinking: /home/sws/autoware/install/planning_debug_tools/lib/planning_debug_tools/perception_reproducer.py
-- Installing: /home/sws/autoware/install/planning_debug_tools/lib/libplanning_debug_tools__rosidl_generator_c.so
-- Set runtime path of "/home/sws/autoware/install/planning_debug_tools/lib/libplanning_debug_tools__rosidl_generator_c.so" to ""
-- Installing: /home/sws/autoware/install/planning_debug_tools/lib/libplanning_debug_tools__rosidl_typesupport_fastrtps_c.so
-- Set runtime path of "/home/sws/autoware/install/planning_debug_tools/lib/libplanning_debug_tools__rosidl_typesupport_fastrtps_c.so" to ""
-- Installing: /home/sws/autoware/install/planning_debug_tools/lib/libplanning_debug_tools__rosidl_typesupport_introspection_c.so
-- Set runtime path of "/home/sws/autoware/install/planning_debug_tools/lib/libplanning_debug_tools__rosidl_typesupport_introspection_c.so" to ""
-- Installing: /home/sws/autoware/install/planning_debug_tools/lib/libplanning_debug_tools__rosidl_typesupport_c.so
-- Set runtime path of "/home/sws/autoware/install/planning_debug_tools/lib/libplanning_debug_tools__rosidl_typesupport_c.so" to ""
-- Installing: /home/sws/autoware/install/planning_debug_tools/lib/libplanning_debug_tools__rosidl_typesupport_fastrtps_cpp.so
-- Set runtime path of "/home/sws/autoware/install/planning_debug_tools/lib/libplanning_debug_tools__rosidl_typesupport_fastrtps_cpp.so" to ""
-- Installing: /home/sws/autoware/install/planning_debug_tools/lib/libplanning_debug_tools__rosidl_typesupport_introspection_cpp.so
-- Set runtime path of "/home/sws/autoware/install/planning_debug_tools/lib/libplanning_debug_tools__rosidl_typesupport_introspection_cpp.so" to ""
-- Installing: /home/sws/autoware/install/planning_debug_tools/lib/libplanning_debug_tools__rosidl_typesupport_cpp.so
-- Set runtime path of "/home/sws/autoware/install/planning_debug_tools/lib/libplanning_debug_tools__rosidl_typesupport_cpp.so" to ""
Listing '/home/sws/autoware/install/planning_debug_tools/local/lib/python3.10/dist-packages/planning_debug_tools'...
Compiling '/home/sws/autoware/install/planning_debug_tools/local/lib/python3.10/dist-packages/planning_debug_tools/__init__.py'...
Listing '/home/sws/autoware/install/planning_debug_tools/local/lib/python3.10/dist-packages/planning_debug_tools/msg'...
Compiling '/home/sws/autoware/install/planning_debug_tools/local/lib/python3.10/dist-packages/planning_debug_tools/msg/__init__.py'...
Compiling '/home/sws/autoware/install/planning_debug_tools/local/lib/python3.10/dist-packages/planning_debug_tools/msg/_trajectory_debug_info.py'...
-- Installing: /home/sws/autoware/install/planning_debug_tools/lib/libplanning_debug_tools__rosidl_generator_py.so
-- Set runtime path of "/home/sws/autoware/install/planning_debug_tools/lib/libplanning_debug_tools__rosidl_generator_py.so" to ""
-- Installing: /home/sws/autoware/install/planning_debug_tools/share/planning_debug_tools/cmake/export_planning_debug_tools__rosidl_generator_cExport.cmake
-- Installing: /home/sws/autoware/install/planning_debug_tools/share/planning_debug_tools/cmake/export_planning_debug_tools__rosidl_generator_cExport-release.cmake
-- Installing: /home/sws/autoware/install/planning_debug_tools/share/planning_debug_tools/cmake/export_planning_debug_tools__rosidl_typesupport_fastrtps_cExport.cmake
-- Installing: /home/sws/autoware/install/planning_debug_tools/share/planning_debug_tools/cmake/export_planning_debug_tools__rosidl_typesupport_fastrtps_cExport-release.cmake
-- Installing: /home/sws/autoware/install/planning_debug_tools/share/planning_debug_tools/cmake/planning_debug_tools__rosidl_typesupport_introspection_cExport.cmake
-- Installing: /home/sws/autoware/install/planning_debug_tools/share/planning_debug_tools/cmake/planning_debug_tools__rosidl_typesupport_introspection_cExport-release.cmake
-- Installing: /home/sws/autoware/install/planning_debug_tools/share/planning_debug_tools/cmake/planning_debug_tools__rosidl_typesupport_cExport.cmake
-- Installing: /home/sws/autoware/install/planning_debug_tools/share/planning_debug_tools/cmake/planning_debug_tools__rosidl_typesupport_cExport-release.cmake
-- Installing: /home/sws/autoware/install/planning_debug_tools/share/planning_debug_tools/cmake/export_planning_debug_tools__rosidl_generator_cppExport.cmake
-- Installing: /home/sws/autoware/install/planning_debug_tools/share/planning_debug_tools/cmake/export_planning_debug_tools__rosidl_typesupport_fastrtps_cppExport.cmake
-- Installing: /home/sws/autoware/install/planning_debug_tools/share/planning_debug_tools/cmake/export_planning_debug_tools__rosidl_typesupport_fastrtps_cppExport-release.cmake
-- Installing: /home/sws/autoware/install/planning_debug_tools/share/planning_debug_tools/cmake/planning_debug_tools__rosidl_typesupport_introspection_cppExport.cmake
-- Installing: /home/sws/autoware/install/planning_debug_tools/share/planning_debug_tools/cmake/planning_debug_tools__rosidl_typesupport_introspection_cppExport-release.cmake
-- Installing: /home/sws/autoware/install/planning_debug_tools/share/planning_debug_tools/cmake/planning_debug_tools__rosidl_typesupport_cppExport.cmake
-- Installing: /home/sws/autoware/install/planning_debug_tools/share/planning_debug_tools/cmake/planning_debug_tools__rosidl_typesupport_cppExport-release.cmake
-- Installing: /home/sws/autoware/install/planning_debug_tools/share/planning_debug_tools/cmake/export_planning_debug_tools__rosidl_generator_pyExport.cmake
-- Installing: /home/sws/autoware/install/planning_debug_tools/share/planning_debug_tools/cmake/export_planning_debug_tools__rosidl_generator_pyExport-release.cmake
