-- The C compiler identification is GNU 11.3.0
-- The CXX compiler identification is GNU 11.3.0
-- Detecting C compiler ABI info
-- Detecting C compiler ABI info - done
-- Check for working C compiler: /usr/bin/cc - skipped
-- Detecting C compile features
-- Detecting C compile features - done
-- Detecting CXX compiler ABI info
-- Detecting CXX compiler ABI info - done
-- Check for working CXX compiler: /usr/bin/c++ - skipped
-- Detecting CXX compile features
-- Detecting CXX compile features - done
-- Found autoware_cmake: 0.1.0 (/home/sws/autoware/install/autoware_cmake/share/autoware_cmake/cmake)
-- Found Python3: /usr/bin/python3.10 (found version "3.10.6") found components: Interpreter 
-- Override CMake install command with custom implementation using symlinks instead of copying resources
-- Found rosidl_generator_c: 3.1.4 (/opt/ros/humble/share/rosidl_generator_c/cmake)
-- Found rosidl_adapter: 3.1.4 (/opt/ros/humble/share/rosidl_adapter/cmake)
-- Found rosidl_generator_cpp: 3.1.4 (/opt/ros/humble/share/rosidl_generator_cpp/cmake)
-- Using all available rosidl_typesupport_c: rosidl_typesupport_fastrtps_c;rosidl_typesupport_introspection_c
-- Using all available rosidl_typesupport_cpp: rosidl_typesupport_fastrtps_cpp;rosidl_typesupport_introspection_cpp
-- Found rmw_implementation_cmake: 6.1.1 (/opt/ros/humble/share/rmw_implementation_cmake/cmake)
-- Found rmw_fastrtps_cpp: 6.2.2 (/opt/ros/humble/share/rmw_fastrtps_cpp/cmake)
-- Found OpenSSL: /usr/lib/x86_64-linux-gnu/libcrypto.so (found version "3.0.2")  
-- Found FastRTPS: /opt/ros/humble/include  
-- Using RMW implementation 'rmw_fastrtps_cpp' as default
-- Looking for pthread.h
-- Looking for pthread.h - found
-- Performing Test CMAKE_HAVE_LIBC_PTHREAD
-- Performing Test CMAKE_HAVE_LIBC_PTHREAD - Success
-- Found Threads: TRUE  
-- Found mrt_cmake_modules: 1.0.9 (/opt/ros/humble/share/mrt_cmake_modules/cmake)
-- Found Boost: /usr/lib/x86_64-linux-gnu/cmake/Boost-1.74.0/BoostConfig.cmake (found version "1.74.0") found components: wserialization thread random serialization log_setup prg_exec_monitor wave system chrono filesystem locale timer date_time regex graph program_options unit_test_framework log atomic iostreams 
-- Found OpenMP_C: -fopenmp (found version "4.5") 
-- Found OpenMP_CXX: -fopenmp (found version "4.5") 
-- Found OpenMP: TRUE (found version "4.5")  
-- Found pugixml: /usr/lib/x86_64-linux-gnu/libpugixml.so  
-- Found PkgConfig: /usr/bin/pkg-config (found version "0.29.2") 
-- Found GeographicLib: /usr/lib/x86_64-linux-gnu/libGeographic.so  
-- Found eigen3_cmake_module: 0.1.1 (/opt/ros/humble/share/eigen3_cmake_module/cmake)
-- Found Eigen3: TRUE (found version "3.4.0") 
-- Ensuring Eigen3 include directory is part of orocos-kdl CMake target
-- Checking for module 'eigen3'
--   Found eigen3, version 3.4.0
-- Found Eigen: /usr/include/eigen3 (Required is at least version "3.1") 
-- Eigen found (include: /usr/include/eigen3, version: 3.4.0)
-- Checking for module 'flann'
--   Found flann, version 1.9.1
-- Found FLANN: /usr/lib/x86_64-linux-gnu/libflann_cpp.so  
-- Checking for module 'libusb-1.0'
--   Found libusb-1.0, version 1.0.25
-- Found libusb: /usr/lib/x86_64-linux-gnu/libusb-1.0.so  
-- OpenNI found (version: 1.5.4.0, include: /usr/include/ni, lib: /usr/lib/libOpenNI.so;libusb::libusb)
-- OpenNI2 found (version: 2.2.0.33, include: /usr/include/openni2, lib: /usr/lib/x86_64-linux-gnu/libOpenNI2.so;libusb::libusb)
-- Eigen found (include: /usr/include/eigen3, version: 3.4.0)
-- OpenNI found (version: 1.5.4.0, include: /usr/include/ni, lib: /usr/lib/libOpenNI.so;libusb::libusb)
-- OpenNI2 found (version: 2.2.0.33, include: /usr/include/openni2, lib: /usr/lib/x86_64-linux-gnu/libOpenNI2.so;libusb::libusb)
-- Found Qhull version 8.0.2
-- OpenNI found (version: 1.5.4.0, include: /usr/include/ni, lib: /usr/lib/libOpenNI.so;libusb::libusb)
-- Found PCL_COMMON: /usr/lib/x86_64-linux-gnu/libpcl_common.so  
-- Found PCL_KDTREE: /usr/lib/x86_64-linux-gnu/libpcl_kdtree.so  
-- Found PCL_OCTREE: /usr/lib/x86_64-linux-gnu/libpcl_octree.so  
-- Found PCL_SEARCH: /usr/lib/x86_64-linux-gnu/libpcl_search.so  
-- Found PCL_SAMPLE_CONSENSUS: /usr/lib/x86_64-linux-gnu/libpcl_sample_consensus.so  
-- Found PCL_FILTERS: /usr/lib/x86_64-linux-gnu/libpcl_filters.so  
-- Found PCL_2D: /usr/include/pcl-1.12  
-- Found PCL_GEOMETRY: /usr/include/pcl-1.12  
-- Found PCL_IO: /usr/lib/x86_64-linux-gnu/libpcl_io.so  
-- Found PCL_FEATURES: /usr/lib/x86_64-linux-gnu/libpcl_features.so  
-- Found PCL_ML: /usr/lib/x86_64-linux-gnu/libpcl_ml.so  
-- Found PCL_SEGMENTATION: /usr/lib/x86_64-linux-gnu/libpcl_segmentation.so  
-- Found PCL_VISUALIZATION: /usr/lib/x86_64-linux-gnu/libpcl_visualization.so  
-- Found PCL_SURFACE: /usr/lib/x86_64-linux-gnu/libpcl_surface.so  
-- Found PCL_REGISTRATION: /usr/lib/x86_64-linux-gnu/libpcl_registration.so  
-- Found PCL_KEYPOINTS: /usr/lib/x86_64-linux-gnu/libpcl_keypoints.so  
-- Found PCL_TRACKING: /usr/lib/x86_64-linux-gnu/libpcl_tracking.so  
-- Found PCL_RECOGNITION: /usr/lib/x86_64-linux-gnu/libpcl_recognition.so  
-- Found PCL_STEREO: /usr/lib/x86_64-linux-gnu/libpcl_stereo.so  
-- Found PCL_APPS: /usr/lib/x86_64-linux-gnu/libpcl_apps.so  
-- Found PCL_IN_HAND_SCANNER: /usr/include/pcl-1.12  
-- Found PCL_MODELER: /usr/include/pcl-1.12  
-- Found PCL_POINT_CLOUD_EDITOR: /usr/include/pcl-1.12  
-- Found PCL_OUTOFCORE: /usr/lib/x86_64-linux-gnu/libpcl_outofcore.so  
-- Found PCL_PEOPLE: /usr/lib/x86_64-linux-gnu/libpcl_people.so  
-- Found ament_lint_auto: 0.12.5 (/opt/ros/humble/share/ament_lint_auto/cmake)
-- Found launch_testing_ament_cmake: 1.0.4 (/opt/ros/humble/share/launch_testing_ament_cmake/cmake)
-- Found python_cmake_module: 0.10.0 (/opt/ros/humble/share/python_cmake_module/cmake)
-- Found PythonInterp: /usr/bin/python3.10 (found suitable version "3.10.6", minimum required is "3.6") 
-- Found PythonLibs: /usr/lib/x86_64-linux-gnu/libpython3.10.so (found suitable version "3.10.6", minimum required is "3.5") 
-- Using PYTHON_EXECUTABLE: /usr/bin/python3.10
-- Using PYTHON_INCLUDE_DIRS: /usr/include/python3.10
-- Using PYTHON_LIBRARIES: /usr/lib/x86_64-linux-gnu/libpython3.10.so
-- Found PythonExtra: .so  
-- Found gmock sources under '/opt/ros/humble/src/gmock_vendor': C++ tests using 'Google Mock' will be built
-- Found ament_cmake_gtest: 1.3.3 (/opt/ros/humble/share/ament_cmake_gtest/cmake)
-- Found gtest sources under '/opt/ros/humble/src/gtest_vendor': C++ tests using 'Google Test' will be built
-- Found gmock sources under '/opt/ros/humble/src/gmock_vendor': C++ tests using 'Google Mock' will be built
-- Found ament_cmake_gtest: 1.3.3 (/opt/ros/humble/share/ament_cmake_gtest/cmake)
-- Found gtest sources under '/opt/ros/humble/src/gtest_vendor': C++ tests using 'Google Test' will be built
-- Found gmock sources under '/opt/ros/humble/src/gmock_vendor': C++ tests using 'Google Mock' will be built
-- Found ament_cmake_gtest: 1.3.3 (/opt/ros/humble/share/ament_cmake_gtest/cmake)
-- Found gtest sources under '/opt/ros/humble/src/gtest_vendor': C++ tests using 'Google Test' will be built
-- Found gmock sources under '/opt/ros/humble/src/gmock_vendor': C++ tests using 'Google Mock' will be built
-- Found ament_cmake_gtest: 1.3.3 (/opt/ros/humble/share/ament_cmake_gtest/cmake)
-- Found gtest sources under '/opt/ros/humble/src/gtest_vendor': C++ tests using 'Google Test' will be built
-- Added test 'copyright' to check source files copyright and LICENSE
-- Added test 'cppcheck' to perform static code analysis on C / C++ code
-- Configured cppcheck include dirs: /home/sws/autoware/src/universe/autoware.universe/map/map_loader/include
-- Configured cppcheck exclude dirs and/or files: 
-- Added test 'lint_cmake' to check CMake code style
-- Added test 'xmllint' to check XML markup files
-- Configuring done
-- Generating done
-- Build files have been written to: /home/sws/autoware/build/map_loader
[  3%] [32mBuilding CXX object CMakeFiles/pointcloud_map_loader_node.dir/src/pointcloud_map_loader/pointcloud_map_loader_node.cpp.o[0m
[  6%] [32mBuilding CXX object CMakeFiles/pointcloud_map_loader_node.dir/src/pointcloud_map_loader/utils.cpp.o[0m
[ 10%] [32mBuilding CXX object CMakeFiles/pointcloud_map_loader_node.dir/src/pointcloud_map_loader/differential_map_loader_module.cpp.o[0m
[ 13%] [32mBuilding CXX object CMakeFiles/pointcloud_map_loader_node.dir/src/pointcloud_map_loader/partial_map_loader_module.cpp.o[0m
[ 17%] [32mBuilding CXX object CMakeFiles/pointcloud_map_loader_node.dir/src/pointcloud_map_loader/pointcloud_map_loader_module.cpp.o[0m
[ 20%] [32m[1mLinking CXX shared library libpointcloud_map_loader_node.so[0m
[ 20%] Built target pointcloud_map_loader_node
[ 31%] [32mBuilding CXX object gmock/CMakeFiles/gmock_main.dir/src/gmock_main.cc.o[0m
[ 31%] [32mBuilding CXX object gmock/CMakeFiles/gmock.dir/src/gmock-all.cc.o[0m
[ 31%] [32mBuilding CXX object gmock/CMakeFiles/gmock.dir/opt/ros/humble/src/gtest_vendor/src/gtest-all.cc.o[0m
[ 34%] [32m[1mLinking CXX static library libgmock_main.a[0m
[ 34%] Built target gmock_main
[ 37%] [32mBuilding CXX object CMakeFiles/lanelet2_map_loader_node.dir/src/lanelet2_map_loader/lanelet2_map_loader_node.cpp.o[0m
[ 41%] [32m[1mLinking CXX static library libgmock.a[0m
[ 41%] Built target gmock
[ 44%] [32m[1mLinking CXX shared library liblanelet2_map_loader_node.so[0m
[ 44%] Built target lanelet2_map_loader_node
[ 48%] [32mBuilding CXX object CMakeFiles/lanelet2_map_visualization.dir/rclcpp_components/node_main_lanelet2_map_visualization.cpp.o[0m
[ 51%] [32m[1mLinking CXX executable lanelet2_map_visualization[0m
[ 51%] Built target lanelet2_map_visualization
[ 55%] [32mBuilding CXX object CMakeFiles/lanelet2_map_loader.dir/rclcpp_components/node_main_lanelet2_map_loader.cpp.o[0m
[ 58%] [32mBuilding CXX object CMakeFiles/lanelet2_map_visualization_node.dir/src/lanelet2_map_loader/lanelet2_map_visualization_node.cpp.o[0m
[ 62%] [32m[1mLinking CXX executable lanelet2_map_loader[0m
[ 62%] Built target lanelet2_map_loader
[ 65%] [32m[1mLinking CXX shared library liblanelet2_map_visualization_node.so[0m
[ 65%] Built target lanelet2_map_visualization_node
[ 68%] [32mBuilding CXX object CMakeFiles/pointcloud_map_loader.dir/rclcpp_components/node_main_pointcloud_map_loader.cpp.o[0m
[ 72%] [32m[1mLinking CXX executable pointcloud_map_loader[0m
[ 72%] Built target pointcloud_map_loader
[ 75%] [32mBuilding CXX object CMakeFiles/test_differential_map_loader_module.dir/test/test_differential_map_loader_module.cpp.o[0m
[ 79%] [32m[1mLinking CXX executable test_differential_map_loader_module[0m
[ 79%] Built target test_differential_map_loader_module
[ 82%] [32mBuilding CXX object CMakeFiles/test_partial_map_loader_module.dir/test/test_partial_map_loader_module.cpp.o[0m
[ 86%] [32m[1mLinking CXX executable test_partial_map_loader_module[0m
[ 86%] Built target test_partial_map_loader_module
[ 89%] [32mBuilding CXX object CMakeFiles/test_pointcloud_map_loader_module.dir/test/test_pointcloud_map_loader_module.cpp.o[0m
[ 93%] [32m[1mLinking CXX executable test_pointcloud_map_loader_module[0m
[ 93%] Built target test_pointcloud_map_loader_module
[ 96%] [32mBuilding CXX object CMakeFiles/test_sphere_box_overlap.dir/test/test_sphere_box_overlap.cpp.o[0m
[100%] [32m[1mLinking CXX executable test_sphere_box_overlap[0m
[100%] Built target test_sphere_box_overlap
-- Install configuration: "Release"
-- Execute custom install script
-- Symlinking: /home/sws/autoware/install/map_loader/lib/map_loader/pointcloud_map_loader
-- Symlinking: /home/sws/autoware/install/map_loader/lib/map_loader/lanelet2_map_loader
-- Symlinking: /home/sws/autoware/install/map_loader/lib/map_loader/lanelet2_map_visualization
-- Symlinking: /home/sws/autoware/install/map_loader/share/map_loader/test/data//test_map.osm
-- Symlinking: /home/sws/autoware/install/map_loader/lib/map_loader/map_hash_generator
-- Symlinking: /home/sws/autoware/install/map_loader/include/map_loader/lanelet2_map_loader_node.hpp
-- Symlinking: /home/sws/autoware/install/map_loader/include/map_loader/lanelet2_map_visualization_node.hpp
-- Symlinking: /home/sws/autoware/install/map_loader/share/map_loader/environment/library_path.sh
-- Symlinking: /home/sws/autoware/install/map_loader/share/map_loader/environment/library_path.dsv
-- Symlinking: /home/sws/autoware/install/map_loader/lib/libpointcloud_map_loader_node.so
-- Symlinking: /home/sws/autoware/install/map_loader/lib/liblanelet2_map_loader_node.so
-- Symlinking: /home/sws/autoware/install/map_loader/lib/liblanelet2_map_visualization_node.so
-- Symlinking: /home/sws/autoware/install/map_loader/share/map_loader/launch/lanelet2_map_loader.launch.xml
-- Symlinking: /home/sws/autoware/install/map_loader/share/map_loader/launch/pointcloud_map_loader.launch.xml
-- Symlinking: /home/sws/autoware/install/map_loader/share/map_loader/config/lanelet2_map_loader.param.yaml
-- Symlinking: /home/sws/autoware/install/map_loader/share/map_loader/config/pointcloud_map_loader.param.yaml
-- Symlinking: /home/sws/autoware/install/map_loader/share/ament_index/resource_index/package_run_dependencies/map_loader
-- Symlinking: /home/sws/autoware/install/map_loader/share/ament_index/resource_index/parent_prefix_path/map_loader
-- Symlinking: /home/sws/autoware/install/map_loader/share/map_loader/environment/ament_prefix_path.sh
-- Symlinking: /home/sws/autoware/install/map_loader/share/map_loader/environment/ament_prefix_path.dsv
-- Symlinking: /home/sws/autoware/install/map_loader/share/map_loader/environment/path.sh
-- Symlinking: /home/sws/autoware/install/map_loader/share/map_loader/environment/path.dsv
-- Symlinking: /home/sws/autoware/install/map_loader/share/map_loader/local_setup.bash
-- Symlinking: /home/sws/autoware/install/map_loader/share/map_loader/local_setup.sh
-- Symlinking: /home/sws/autoware/install/map_loader/share/map_loader/local_setup.zsh
-- Symlinking: /home/sws/autoware/install/map_loader/share/map_loader/local_setup.dsv
-- Symlinking: /home/sws/autoware/install/map_loader/share/map_loader/package.dsv
-- Symlinking: /home/sws/autoware/install/map_loader/share/ament_index/resource_index/packages/map_loader
-- Symlinking: /home/sws/autoware/install/map_loader/share/ament_index/resource_index/rclcpp_components/map_loader
-- Symlinking: /home/sws/autoware/install/map_loader/share/map_loader/cmake/ament_cmake_export_dependencies-extras.cmake
-- Symlinking: /home/sws/autoware/install/map_loader/share/map_loader/cmake/ament_cmake_export_include_directories-extras.cmake
-- Symlinking: /home/sws/autoware/install/map_loader/share/map_loader/cmake/ament_cmake_export_libraries-extras.cmake
-- Symlinking: /home/sws/autoware/install/map_loader/share/map_loader/cmake/map_loaderConfig.cmake
-- Symlinking: /home/sws/autoware/install/map_loader/share/map_loader/cmake/map_loaderConfig-version.cmake
-- Symlinking: /home/sws/autoware/install/map_loader/share/map_loader/package.xml
