-- The C compiler identification is GNU 11.3.0
-- The CXX compiler identification is GNU 11.3.0
-- Detecting C compiler ABI info
-- Detecting C compiler ABI info - done
-- Check for working C compiler: /usr/bin/cc - skipped
-- Detecting C compile features
-- Detecting C compile features - done
-- Detecting CXX compiler ABI info
-- Detecting CXX compiler ABI info - done
-- Check for working CXX compiler: /usr/bin/c++ - skipped
-- Detecting CXX compile features
-- Detecting CXX compile features - done
-- Found autoware_cmake: 0.1.0 (/home/sws/autoware/install/autoware_cmake/share/autoware_cmake/cmake)
-- Found Python3: /usr/bin/python3.10 (found version "3.10.6") found components: Interpreter 
-- Override CMake install command with custom implementation using symlinks instead of copying resources
-- Found rosidl_generator_c: 3.1.4 (/opt/ros/humble/share/rosidl_generator_c/cmake)
-- Found rosidl_adapter: 3.1.4 (/opt/ros/humble/share/rosidl_adapter/cmake)
-- Found rosidl_generator_cpp: 3.1.4 (/opt/ros/humble/share/rosidl_generator_cpp/cmake)
-- Using all available rosidl_typesupport_c: rosidl_typesupport_fastrtps_c;rosidl_typesupport_introspection_c
-- Using all available rosidl_typesupport_cpp: rosidl_typesupport_fastrtps_cpp;rosidl_typesupport_introspection_cpp
-- Found rmw_implementation_cmake: 6.1.1 (/opt/ros/humble/share/rmw_implementation_cmake/cmake)
-- Found rmw_fastrtps_cpp: 6.2.2 (/opt/ros/humble/share/rmw_fastrtps_cpp/cmake)
-- Found OpenSSL: /usr/lib/x86_64-linux-gnu/libcrypto.so (found version "3.0.2")  
-- Found FastRTPS: /opt/ros/humble/include  
-- Using RMW implementation 'rmw_fastrtps_cpp' as default
-- Looking for pthread.h
-- Looking for pthread.h - found
-- Performing Test CMAKE_HAVE_LIBC_PTHREAD
-- Performing Test CMAKE_HAVE_LIBC_PTHREAD - Success
-- Found Threads: TRUE  
-- Found ament_lint_auto: 0.12.5 (/opt/ros/humble/share/ament_lint_auto/cmake)
-- Found gtest sources under '/opt/ros/humble/src/gtest_vendor': C++ tests using 'Google Test' will be built
-- Added test 'copyright' to check source files copyright and LICENSE
-- Added test 'cppcheck' to perform static code analysis on C / C++ code
-- Configured cppcheck include dirs: /home/sws/autoware/src/universe/autoware.universe/common/osqp_interface/include
-- Configured cppcheck exclude dirs and/or files: 
-- Added test 'lint_cmake' to check CMake code style
-- Added test 'xmllint' to check XML markup files
-- Configuring done
-- Generating done
-- Build files have been written to: /home/sws/autoware/build/osqp_interface
[ 10%] [32mBuilding CXX object CMakeFiles/osqp_interface.dir/src/csc_matrix_conv.cpp.o[0m
[ 20%] [32mBuilding CXX object CMakeFiles/osqp_interface.dir/src/osqp_interface.cpp.o[0m
[ 30%] [32m[1mLinking CXX shared library libosqp_interface.so[0m
[ 30%] Built target osqp_interface
[ 40%] [32mBuilding CXX object gtest/CMakeFiles/gtest.dir/src/gtest-all.cc.o[0m
[ 50%] [32m[1mLinking CXX static library libgtest.a[0m
[ 50%] Built target gtest
[ 60%] [32mBuilding CXX object gtest/CMakeFiles/gtest_main.dir/src/gtest_main.cc.o[0m
[ 70%] [32m[1mLinking CXX static library libgtest_main.a[0m
[ 70%] Built target gtest_main
[ 80%] [32mBuilding CXX object CMakeFiles/test_osqp_interface.dir/test/test_osqp_interface.cpp.o[0m
[ 90%] [32mBuilding CXX object CMakeFiles/test_osqp_interface.dir/test/test_csc_matrix_conv.cpp.o[0m
[100%] [32m[1mLinking CXX executable test_osqp_interface[0m
[100%] Built target test_osqp_interface
-- Install configuration: "Release"
-- Execute custom install script
-- Symlinking: /home/sws/autoware/install/osqp_interface/share/osqp_interface/environment/library_path.sh
-- Symlinking: /home/sws/autoware/install/osqp_interface/share/osqp_interface/environment/library_path.dsv
-- Symlinking: /home/sws/autoware/install/osqp_interface/include/osqp_interface/csc_matrix_conv.hpp
-- Symlinking: /home/sws/autoware/install/osqp_interface/include/osqp_interface/osqp_interface.hpp
-- Symlinking: /home/sws/autoware/install/osqp_interface/include/osqp_interface/visibility_control.hpp
-- Symlinking: /home/sws/autoware/install/osqp_interface/lib/libosqp_interface.so
-- Symlinking: /home/sws/autoware/install/osqp_interface/share/ament_index/resource_index/package_run_dependencies/osqp_interface
-- Symlinking: /home/sws/autoware/install/osqp_interface/share/ament_index/resource_index/parent_prefix_path/osqp_interface
-- Symlinking: /home/sws/autoware/install/osqp_interface/share/osqp_interface/environment/ament_prefix_path.sh
-- Symlinking: /home/sws/autoware/install/osqp_interface/share/osqp_interface/environment/ament_prefix_path.dsv
-- Symlinking: /home/sws/autoware/install/osqp_interface/share/osqp_interface/environment/path.sh
-- Symlinking: /home/sws/autoware/install/osqp_interface/share/osqp_interface/environment/path.dsv
-- Symlinking: /home/sws/autoware/install/osqp_interface/share/osqp_interface/local_setup.bash
-- Symlinking: /home/sws/autoware/install/osqp_interface/share/osqp_interface/local_setup.sh
-- Symlinking: /home/sws/autoware/install/osqp_interface/share/osqp_interface/local_setup.zsh
-- Symlinking: /home/sws/autoware/install/osqp_interface/share/osqp_interface/local_setup.dsv
-- Symlinking: /home/sws/autoware/install/osqp_interface/share/osqp_interface/package.dsv
-- Symlinking: /home/sws/autoware/install/osqp_interface/share/ament_index/resource_index/packages/osqp_interface
-- Symlinking: /home/sws/autoware/install/osqp_interface/share/osqp_interface/cmake/ament_cmake_export_include_directories-extras.cmake
-- Symlinking: /home/sws/autoware/install/osqp_interface/share/osqp_interface/cmake/ament_cmake_export_libraries-extras.cmake
-- Symlinking: /home/sws/autoware/install/osqp_interface/share/osqp_interface/cmake/ament_cmake_export_dependencies-extras.cmake
-- Symlinking: /home/sws/autoware/install/osqp_interface/share/osqp_interface/cmake/osqp_interfaceConfig.cmake
-- Symlinking: /home/sws/autoware/install/osqp_interface/share/osqp_interface/cmake/osqp_interfaceConfig-version.cmake
-- Symlinking: /home/sws/autoware/install/osqp_interface/share/osqp_interface/package.xml
