[0.098s] Invoking command in '/home/sws/autoware/build/osqp_interface': AMENT_PREFIX_PATH=/home/sws/autoware/install/autoware_cmake:/home/sws/autoware/install/autoware_lint_common:${AMENT_PREFIX_PATH} CMAKE_PREFIX_PATH=/home/sws/autoware/install/autoware_cmake:/home/sws/autoware/install/autoware_lint_common:/opt/ros/humble /usr/bin/cmake /home/sws/autoware/src/universe/autoware.universe/common/osqp_interface -DCMAKE_BUILD_TYPE=Release -DAMENT_CMAKE_SYMLINK_INSTALL=1 -DCMAKE_INSTALL_PREFIX=/home/sws/autoware/install/osqp_interface
[1.443s] -- The C compiler identification is GNU 11.3.0
[1.444s] -- The CXX compiler identification is GNU 11.3.0
[1.444s] -- Detecting C compiler ABI info
[1.444s] -- Detecting C compiler ABI info - done
[1.444s] -- Check for working C compiler: /usr/bin/cc - skipped
[1.444s] -- Detecting C compile features
[1.444s] -- Detecting C compile features - done
[1.444s] -- Detecting CXX compiler ABI info
[1.444s] -- Detecting CXX compiler ABI info - done
[1.444s] -- Check for working CXX compiler: /usr/bin/c++ - skipped
[1.445s] -- Detecting CXX compile features
[1.445s] -- Detecting CXX compile features - done
[1.445s] -- Found autoware_cmake: 0.1.0 (/home/sws/autoware/install/autoware_cmake/share/autoware_cmake/cmake)
[1.445s] -- Found Python3: /usr/bin/python3.10 (found version "3.10.6") found components: Interpreter 
[1.445s] -- Override CMake install command with custom implementation using symlinks instead of copying resources
[1.445s] -- Found rosidl_generator_c: 3.1.4 (/opt/ros/humble/share/rosidl_generator_c/cmake)
[1.445s] -- Found rosidl_adapter: 3.1.4 (/opt/ros/humble/share/rosidl_adapter/cmake)
[1.445s] -- Found rosidl_generator_cpp: 3.1.4 (/opt/ros/humble/share/rosidl_generator_cpp/cmake)
[1.445s] -- Using all available rosidl_typesupport_c: rosidl_typesupport_fastrtps_c;rosidl_typesupport_introspection_c
[1.446s] -- Using all available rosidl_typesupport_cpp: rosidl_typesupport_fastrtps_cpp;rosidl_typesupport_introspection_cpp
[1.446s] -- Found rmw_implementation_cmake: 6.1.1 (/opt/ros/humble/share/rmw_implementation_cmake/cmake)
[1.454s] -- Found rmw_fastrtps_cpp: 6.2.2 (/opt/ros/humble/share/rmw_fastrtps_cpp/cmake)
[1.686s] -- Found OpenSSL: /usr/lib/x86_64-linux-gnu/libcrypto.so (found version "3.0.2")  
[1.733s] -- Found FastRTPS: /opt/ros/humble/include  
[1.816s] -- Using RMW implementation 'rmw_fastrtps_cpp' as default
[1.831s] -- Looking for pthread.h
[2.080s] -- Looking for pthread.h - found
[2.080s] -- Performing Test CMAKE_HAVE_LIBC_PTHREAD
[2.203s] -- Performing Test CMAKE_HAVE_LIBC_PTHREAD - Success
[2.205s] -- Found Threads: TRUE  
[2.702s] -- Found ament_lint_auto: 0.12.5 (/opt/ros/humble/share/ament_lint_auto/cmake)
[2.764s] -- Found gtest sources under '/opt/ros/humble/src/gtest_vendor': C++ tests using 'Google Test' will be built
[2.778s] -- Added test 'copyright' to check source files copyright and LICENSE
[2.781s] -- Added test 'cppcheck' to perform static code analysis on C / C++ code
[2.781s] -- Configured cppcheck include dirs: /home/sws/autoware/src/universe/autoware.universe/common/osqp_interface/include
[2.781s] -- Configured cppcheck exclude dirs and/or files: 
[2.782s] -- Added test 'lint_cmake' to check CMake code style
[2.783s] -- Added test 'xmllint' to check XML markup files
[2.789s] -- Configuring done
[2.815s] -- Generating done
[2.819s] -- Build files have been written to: /home/sws/autoware/build/osqp_interface
[2.838s] Invoked command in '/home/sws/autoware/build/osqp_interface' returned '0': AMENT_PREFIX_PATH=/home/sws/autoware/install/autoware_cmake:/home/sws/autoware/install/autoware_lint_common:${AMENT_PREFIX_PATH} CMAKE_PREFIX_PATH=/home/sws/autoware/install/autoware_cmake:/home/sws/autoware/install/autoware_lint_common:/opt/ros/humble /usr/bin/cmake /home/sws/autoware/src/universe/autoware.universe/common/osqp_interface -DCMAKE_BUILD_TYPE=Release -DAMENT_CMAKE_SYMLINK_INSTALL=1 -DCMAKE_INSTALL_PREFIX=/home/sws/autoware/install/osqp_interface
[2.838s] Invoking command in '/home/sws/autoware/build/osqp_interface': AMENT_PREFIX_PATH=/home/sws/autoware/install/autoware_cmake:/home/sws/autoware/install/autoware_lint_common:${AMENT_PREFIX_PATH} CMAKE_PREFIX_PATH=/home/sws/autoware/install/autoware_cmake:/home/sws/autoware/install/autoware_lint_common:/opt/ros/humble /usr/bin/cmake --build /home/sws/autoware/build/osqp_interface -- -j16 -l16
[9.390s] [ 10%] [32mBuilding CXX object CMakeFiles/osqp_interface.dir/src/csc_matrix_conv.cpp.o[0m
[9.390s] [ 20%] [32mBuilding CXX object CMakeFiles/osqp_interface.dir/src/osqp_interface.cpp.o[0m
[11.298s] [ 30%] [32m[1mLinking CXX shared library libosqp_interface.so[0m
[11.470s] [ 30%] Built target osqp_interface
[11.487s] [ 40%] [32mBuilding CXX object gtest/CMakeFiles/gtest.dir/src/gtest-all.cc.o[0m
[22.903s] [ 50%] [32m[1mLinking CXX static library libgtest.a[0m
[22.951s] [ 50%] Built target gtest
[22.974s] [ 60%] [32mBuilding CXX object gtest/CMakeFiles/gtest_main.dir/src/gtest_main.cc.o[0m
[23.979s] [ 70%] [32m[1mLinking CXX static library libgtest_main.a[0m
[24.040s] [ 70%] Built target gtest_main
[24.062s] [ 80%] [32mBuilding CXX object CMakeFiles/test_osqp_interface.dir/test/test_osqp_interface.cpp.o[0m
[30.101s] [ 90%] [32mBuilding CXX object CMakeFiles/test_osqp_interface.dir/test/test_csc_matrix_conv.cpp.o[0m
[34.008s] [100%] [32m[1mLinking CXX executable test_osqp_interface[0m
[34.183s] [100%] Built target test_osqp_interface
[34.204s] Invoked command in '/home/sws/autoware/build/osqp_interface' returned '0': AMENT_PREFIX_PATH=/home/sws/autoware/install/autoware_cmake:/home/sws/autoware/install/autoware_lint_common:${AMENT_PREFIX_PATH} CMAKE_PREFIX_PATH=/home/sws/autoware/install/autoware_cmake:/home/sws/autoware/install/autoware_lint_common:/opt/ros/humble /usr/bin/cmake --build /home/sws/autoware/build/osqp_interface -- -j16 -l16
[34.266s] Invoking command in '/home/sws/autoware/build/osqp_interface': AMENT_PREFIX_PATH=/home/sws/autoware/install/autoware_cmake:/home/sws/autoware/install/autoware_lint_common:${AMENT_PREFIX_PATH} CMAKE_PREFIX_PATH=/home/sws/autoware/install/autoware_cmake:/home/sws/autoware/install/autoware_lint_common:/opt/ros/humble /usr/bin/cmake --install /home/sws/autoware/build/osqp_interface
[40.098s] -- Install configuration: "Release"
[40.098s] -- Execute custom install script
[40.098s] -- Symlinking: /home/sws/autoware/install/osqp_interface/share/osqp_interface/environment/library_path.sh
[40.098s] -- Symlinking: /home/sws/autoware/install/osqp_interface/share/osqp_interface/environment/library_path.dsv
[40.098s] -- Symlinking: /home/sws/autoware/install/osqp_interface/include/osqp_interface/csc_matrix_conv.hpp
[40.098s] -- Symlinking: /home/sws/autoware/install/osqp_interface/include/osqp_interface/osqp_interface.hpp
[40.098s] -- Symlinking: /home/sws/autoware/install/osqp_interface/include/osqp_interface/visibility_control.hpp
[40.099s] -- Symlinking: /home/sws/autoware/install/osqp_interface/lib/libosqp_interface.so
[40.099s] -- Symlinking: /home/sws/autoware/install/osqp_interface/share/ament_index/resource_index/package_run_dependencies/osqp_interface
[40.099s] -- Symlinking: /home/sws/autoware/install/osqp_interface/share/ament_index/resource_index/parent_prefix_path/osqp_interface
[40.099s] -- Symlinking: /home/sws/autoware/install/osqp_interface/share/osqp_interface/environment/ament_prefix_path.sh
[40.099s] -- Symlinking: /home/sws/autoware/install/osqp_interface/share/osqp_interface/environment/ament_prefix_path.dsv
[40.099s] -- Symlinking: /home/sws/autoware/install/osqp_interface/share/osqp_interface/environment/path.sh
[40.099s] -- Symlinking: /home/sws/autoware/install/osqp_interface/share/osqp_interface/environment/path.dsv
[40.099s] -- Symlinking: /home/sws/autoware/install/osqp_interface/share/osqp_interface/local_setup.bash
[40.099s] -- Symlinking: /home/sws/autoware/install/osqp_interface/share/osqp_interface/local_setup.sh
[40.099s] -- Symlinking: /home/sws/autoware/install/osqp_interface/share/osqp_interface/local_setup.zsh
[40.099s] -- Symlinking: /home/sws/autoware/install/osqp_interface/share/osqp_interface/local_setup.dsv
[40.100s] -- Symlinking: /home/sws/autoware/install/osqp_interface/share/osqp_interface/package.dsv
[40.100s] -- Symlinking: /home/sws/autoware/install/osqp_interface/share/ament_index/resource_index/packages/osqp_interface
[40.100s] -- Symlinking: /home/sws/autoware/install/osqp_interface/share/osqp_interface/cmake/ament_cmake_export_include_directories-extras.cmake
[40.100s] -- Symlinking: /home/sws/autoware/install/osqp_interface/share/osqp_interface/cmake/ament_cmake_export_libraries-extras.cmake
[40.100s] -- Symlinking: /home/sws/autoware/install/osqp_interface/share/osqp_interface/cmake/ament_cmake_export_dependencies-extras.cmake
[40.100s] -- Symlinking: /home/sws/autoware/install/osqp_interface/share/osqp_interface/cmake/osqp_interfaceConfig.cmake
[40.100s] -- Symlinking: /home/sws/autoware/install/osqp_interface/share/osqp_interface/cmake/osqp_interfaceConfig-version.cmake
[40.100s] -- Symlinking: /home/sws/autoware/install/osqp_interface/share/osqp_interface/package.xml
[40.144s] Invoked command in '/home/sws/autoware/build/osqp_interface' returned '0': AMENT_PREFIX_PATH=/home/sws/autoware/install/autoware_cmake:/home/sws/autoware/install/autoware_lint_common:${AMENT_PREFIX_PATH} CMAKE_PREFIX_PATH=/home/sws/autoware/install/autoware_cmake:/home/sws/autoware/install/autoware_lint_common:/opt/ros/humble /usr/bin/cmake --install /home/sws/autoware/build/osqp_interface
