[0.052s] Invoking command in '/home/sws/autoware/build/joy_controller': AMENT_PREFIX_PATH=/home/sws/autoware/install/tier4_api_utils:/home/sws/autoware/install/autoware_auto_vehicle_msgs:/home/sws/autoware/install/tier4_control_msgs:/home/sws/autoware/install/autoware_cmake:/home/sws/autoware/install/autoware_auto_planning_msgs:/home/sws/autoware/install/tier4_external_api_msgs:/home/sws/autoware/install/autoware_lint_common:/home/sws/autoware/install/autoware_common_msgs:/home/sws/autoware/install/autoware_auto_mapping_msgs:/home/sws/autoware/install/autoware_auto_geometry_msgs:/home/sws/autoware/install/autoware_auto_control_msgs:${AMENT_PREFIX_PATH} CMAKE_PREFIX_PATH=/home/sws/autoware/install/tier4_api_utils:/home/sws/autoware/install/autoware_auto_vehicle_msgs:/home/sws/autoware/install/tier4_control_msgs:/home/sws/autoware/install/autoware_cmake:/home/sws/autoware/install/autoware_auto_planning_msgs:/home/sws/autoware/install/tier4_external_api_msgs:/home/sws/autoware/install/autoware_lint_common:/home/sws/autoware/install/autoware_common_msgs:/home/sws/autoware/install/autoware_auto_mapping_msgs:/home/sws/autoware/install/autoware_auto_geometry_msgs:/home/sws/autoware/install/autoware_auto_control_msgs:/opt/ros/humble LD_LIBRARY_PATH=/home/sws/autoware/install/autoware_auto_vehicle_msgs/lib:/home/sws/autoware/install/tier4_control_msgs/lib:/home/sws/autoware/install/autoware_auto_planning_msgs/lib:/home/sws/autoware/install/tier4_external_api_msgs/lib:/home/sws/autoware/install/autoware_common_msgs/lib:/home/sws/autoware/install/autoware_auto_mapping_msgs/lib:/home/sws/autoware/install/autoware_auto_geometry_msgs/lib:/home/sws/autoware/install/autoware_auto_control_msgs/lib:${LD_LIBRARY_PATH} PYTHONPATH=/home/sws/autoware/install/autoware_auto_vehicle_msgs/local/lib/python3.10/dist-packages:/home/sws/autoware/install/tier4_control_msgs/local/lib/python3.10/dist-packages:/home/sws/autoware/install/autoware_auto_planning_msgs/local/lib/python3.10/dist-packages:/home/sws/autoware/install/tier4_external_api_msgs/local/lib/python3.10/dist-packages:/home/sws/autoware/install/autoware_common_msgs/local/lib/python3.10/dist-packages:/home/sws/autoware/install/autoware_auto_mapping_msgs/local/lib/python3.10/dist-packages:/home/sws/autoware/install/autoware_auto_geometry_msgs/local/lib/python3.10/dist-packages:/home/sws/autoware/install/autoware_auto_control_msgs/local/lib/python3.10/dist-packages:${PYTHONPATH} /usr/bin/cmake /home/sws/autoware/src/universe/autoware.universe/control/joy_controller -DCMAKE_BUILD_TYPE=Release -DAMENT_CMAKE_SYMLINK_INSTALL=1 -DCMAKE_INSTALL_PREFIX=/home/sws/autoware/install/joy_controller
[28.633s] -- The C compiler identification is GNU 11.3.0
[28.634s] -- The CXX compiler identification is GNU 11.3.0
[28.634s] -- Detecting C compiler ABI info
[28.634s] -- Detecting C compiler ABI info - done
[28.634s] -- Check for working C compiler: /usr/bin/cc - skipped
[28.634s] -- Detecting C compile features
[28.634s] -- Detecting C compile features - done
[28.634s] -- Detecting CXX compiler ABI info
[28.635s] -- Detecting CXX compiler ABI info - done
[28.635s] -- Check for working CXX compiler: /usr/bin/c++ - skipped
[28.635s] -- Detecting CXX compile features
[28.635s] -- Detecting CXX compile features - done
[28.635s] -- Found autoware_cmake: 0.1.0 (/home/sws/autoware/install/autoware_cmake/share/autoware_cmake/cmake)
[28.635s] -- Found Python3: /usr/bin/python3.10 (found version "3.10.6") found components: Interpreter 
[28.635s] -- Override CMake install command with custom implementation using symlinks instead of copying resources
[28.635s] -- Found rosidl_generator_c: 3.1.4 (/opt/ros/humble/share/rosidl_generator_c/cmake)
[28.635s] -- Found rosidl_adapter: 3.1.4 (/opt/ros/humble/share/rosidl_adapter/cmake)
[28.635s] -- Found rosidl_generator_cpp: 3.1.4 (/opt/ros/humble/share/rosidl_generator_cpp/cmake)
[28.636s] -- Using all available rosidl_typesupport_c: rosidl_typesupport_fastrtps_c;rosidl_typesupport_introspection_c
[28.637s] -- Using all available rosidl_typesupport_cpp: rosidl_typesupport_fastrtps_cpp;rosidl_typesupport_introspection_cpp
[28.637s] -- Found rmw_implementation_cmake: 6.1.1 (/opt/ros/humble/share/rmw_implementation_cmake/cmake)
[28.637s] -- Found rmw_fastrtps_cpp: 6.2.2 (/opt/ros/humble/share/rmw_fastrtps_cpp/cmake)
[28.637s] -- Found OpenSSL: /usr/lib/x86_64-linux-gnu/libcrypto.so (found version "3.0.2")  
[28.637s] -- Found FastRTPS: /opt/ros/humble/include  
[28.637s] -- Using RMW implementation 'rmw_fastrtps_cpp' as default
[28.637s] -- Looking for pthread.h
[28.637s] -- Looking for pthread.h - found
[28.637s] -- Performing Test CMAKE_HAVE_LIBC_PTHREAD
[28.638s] -- Performing Test CMAKE_HAVE_LIBC_PTHREAD - Success
[28.638s] -- Found Threads: TRUE  
[28.638s] -- Found ament_lint_auto: 0.12.5 (/opt/ros/humble/share/ament_lint_auto/cmake)
[28.638s] -- Added test 'copyright' to check source files copyright and LICENSE
[28.638s] -- Added test 'cppcheck' to perform static code analysis on C / C++ code
[28.638s] -- Configured cppcheck include dirs: /home/sws/autoware/src/universe/autoware.universe/control/joy_controller/include
[28.638s] -- Configured cppcheck exclude dirs and/or files: 
[28.638s] -- Added test 'lint_cmake' to check CMake code style
[28.638s] -- Added test 'xmllint' to check XML markup files
[28.638s] -- Configuring done
[28.638s] -- Generating done
[28.638s] -- Build files have been written to: /home/sws/autoware/build/joy_controller
[28.648s] Invoked command in '/home/sws/autoware/build/joy_controller' returned '0': AMENT_PREFIX_PATH=/home/sws/autoware/install/tier4_api_utils:/home/sws/autoware/install/autoware_auto_vehicle_msgs:/home/sws/autoware/install/tier4_control_msgs:/home/sws/autoware/install/autoware_cmake:/home/sws/autoware/install/autoware_auto_planning_msgs:/home/sws/autoware/install/tier4_external_api_msgs:/home/sws/autoware/install/autoware_lint_common:/home/sws/autoware/install/autoware_common_msgs:/home/sws/autoware/install/autoware_auto_mapping_msgs:/home/sws/autoware/install/autoware_auto_geometry_msgs:/home/sws/autoware/install/autoware_auto_control_msgs:${AMENT_PREFIX_PATH} CMAKE_PREFIX_PATH=/home/sws/autoware/install/tier4_api_utils:/home/sws/autoware/install/autoware_auto_vehicle_msgs:/home/sws/autoware/install/tier4_control_msgs:/home/sws/autoware/install/autoware_cmake:/home/sws/autoware/install/autoware_auto_planning_msgs:/home/sws/autoware/install/tier4_external_api_msgs:/home/sws/autoware/install/autoware_lint_common:/home/sws/autoware/install/autoware_common_msgs:/home/sws/autoware/install/autoware_auto_mapping_msgs:/home/sws/autoware/install/autoware_auto_geometry_msgs:/home/sws/autoware/install/autoware_auto_control_msgs:/opt/ros/humble LD_LIBRARY_PATH=/home/sws/autoware/install/autoware_auto_vehicle_msgs/lib:/home/sws/autoware/install/tier4_control_msgs/lib:/home/sws/autoware/install/autoware_auto_planning_msgs/lib:/home/sws/autoware/install/tier4_external_api_msgs/lib:/home/sws/autoware/install/autoware_common_msgs/lib:/home/sws/autoware/install/autoware_auto_mapping_msgs/lib:/home/sws/autoware/install/autoware_auto_geometry_msgs/lib:/home/sws/autoware/install/autoware_auto_control_msgs/lib:${LD_LIBRARY_PATH} PYTHONPATH=/home/sws/autoware/install/autoware_auto_vehicle_msgs/local/lib/python3.10/dist-packages:/home/sws/autoware/install/tier4_control_msgs/local/lib/python3.10/dist-packages:/home/sws/autoware/install/autoware_auto_planning_msgs/local/lib/python3.10/dist-packages:/home/sws/autoware/install/tier4_external_api_msgs/local/lib/python3.10/dist-packages:/home/sws/autoware/install/autoware_common_msgs/local/lib/python3.10/dist-packages:/home/sws/autoware/install/autoware_auto_mapping_msgs/local/lib/python3.10/dist-packages:/home/sws/autoware/install/autoware_auto_geometry_msgs/local/lib/python3.10/dist-packages:/home/sws/autoware/install/autoware_auto_control_msgs/local/lib/python3.10/dist-packages:${PYTHONPATH} /usr/bin/cmake /home/sws/autoware/src/universe/autoware.universe/control/joy_controller -DCMAKE_BUILD_TYPE=Release -DAMENT_CMAKE_SYMLINK_INSTALL=1 -DCMAKE_INSTALL_PREFIX=/home/sws/autoware/install/joy_controller
[28.649s] Invoking command in '/home/sws/autoware/build/joy_controller': AMENT_PREFIX_PATH=/home/sws/autoware/install/tier4_api_utils:/home/sws/autoware/install/autoware_auto_vehicle_msgs:/home/sws/autoware/install/tier4_control_msgs:/home/sws/autoware/install/autoware_cmake:/home/sws/autoware/install/autoware_auto_planning_msgs:/home/sws/autoware/install/tier4_external_api_msgs:/home/sws/autoware/install/autoware_lint_common:/home/sws/autoware/install/autoware_common_msgs:/home/sws/autoware/install/autoware_auto_mapping_msgs:/home/sws/autoware/install/autoware_auto_geometry_msgs:/home/sws/autoware/install/autoware_auto_control_msgs:${AMENT_PREFIX_PATH} CMAKE_PREFIX_PATH=/home/sws/autoware/install/tier4_api_utils:/home/sws/autoware/install/autoware_auto_vehicle_msgs:/home/sws/autoware/install/tier4_control_msgs:/home/sws/autoware/install/autoware_cmake:/home/sws/autoware/install/autoware_auto_planning_msgs:/home/sws/autoware/install/tier4_external_api_msgs:/home/sws/autoware/install/autoware_lint_common:/home/sws/autoware/install/autoware_common_msgs:/home/sws/autoware/install/autoware_auto_mapping_msgs:/home/sws/autoware/install/autoware_auto_geometry_msgs:/home/sws/autoware/install/autoware_auto_control_msgs:/opt/ros/humble LD_LIBRARY_PATH=/home/sws/autoware/install/autoware_auto_vehicle_msgs/lib:/home/sws/autoware/install/tier4_control_msgs/lib:/home/sws/autoware/install/autoware_auto_planning_msgs/lib:/home/sws/autoware/install/tier4_external_api_msgs/lib:/home/sws/autoware/install/autoware_common_msgs/lib:/home/sws/autoware/install/autoware_auto_mapping_msgs/lib:/home/sws/autoware/install/autoware_auto_geometry_msgs/lib:/home/sws/autoware/install/autoware_auto_control_msgs/lib:${LD_LIBRARY_PATH} PYTHONPATH=/home/sws/autoware/install/autoware_auto_vehicle_msgs/local/lib/python3.10/dist-packages:/home/sws/autoware/install/tier4_control_msgs/local/lib/python3.10/dist-packages:/home/sws/autoware/install/autoware_auto_planning_msgs/local/lib/python3.10/dist-packages:/home/sws/autoware/install/tier4_external_api_msgs/local/lib/python3.10/dist-packages:/home/sws/autoware/install/autoware_common_msgs/local/lib/python3.10/dist-packages:/home/sws/autoware/install/autoware_auto_mapping_msgs/local/lib/python3.10/dist-packages:/home/sws/autoware/install/autoware_auto_geometry_msgs/local/lib/python3.10/dist-packages:/home/sws/autoware/install/autoware_auto_control_msgs/local/lib/python3.10/dist-packages:${PYTHONPATH} /usr/bin/cmake --build /home/sws/autoware/build/joy_controller -- -j16 -l16
[30.741s] [ 25%] [32mBuilding CXX object CMakeFiles/joy_controller_node.dir/src/joy_controller/joy_controller_node.cpp.o[0m
[60.317s] [ 50%] [32m[1mLinking CXX shared library libjoy_controller_node.so[0m
[60.807s] [ 50%] Built target joy_controller_node
[60.841s] [ 75%] [32mBuilding CXX object CMakeFiles/joy_controller.dir/rclcpp_components/node_main_joy_controller.cpp.o[0m
[66.240s] [100%] [32m[1mLinking CXX executable joy_controller[0m
[66.408s] [100%] Built target joy_controller
[66.428s] Invoked command in '/home/sws/autoware/build/joy_controller' returned '0': AMENT_PREFIX_PATH=/home/sws/autoware/install/tier4_api_utils:/home/sws/autoware/install/autoware_auto_vehicle_msgs:/home/sws/autoware/install/tier4_control_msgs:/home/sws/autoware/install/autoware_cmake:/home/sws/autoware/install/autoware_auto_planning_msgs:/home/sws/autoware/install/tier4_external_api_msgs:/home/sws/autoware/install/autoware_lint_common:/home/sws/autoware/install/autoware_common_msgs:/home/sws/autoware/install/autoware_auto_mapping_msgs:/home/sws/autoware/install/autoware_auto_geometry_msgs:/home/sws/autoware/install/autoware_auto_control_msgs:${AMENT_PREFIX_PATH} CMAKE_PREFIX_PATH=/home/sws/autoware/install/tier4_api_utils:/home/sws/autoware/install/autoware_auto_vehicle_msgs:/home/sws/autoware/install/tier4_control_msgs:/home/sws/autoware/install/autoware_cmake:/home/sws/autoware/install/autoware_auto_planning_msgs:/home/sws/autoware/install/tier4_external_api_msgs:/home/sws/autoware/install/autoware_lint_common:/home/sws/autoware/install/autoware_common_msgs:/home/sws/autoware/install/autoware_auto_mapping_msgs:/home/sws/autoware/install/autoware_auto_geometry_msgs:/home/sws/autoware/install/autoware_auto_control_msgs:/opt/ros/humble LD_LIBRARY_PATH=/home/sws/autoware/install/autoware_auto_vehicle_msgs/lib:/home/sws/autoware/install/tier4_control_msgs/lib:/home/sws/autoware/install/autoware_auto_planning_msgs/lib:/home/sws/autoware/install/tier4_external_api_msgs/lib:/home/sws/autoware/install/autoware_common_msgs/lib:/home/sws/autoware/install/autoware_auto_mapping_msgs/lib:/home/sws/autoware/install/autoware_auto_geometry_msgs/lib:/home/sws/autoware/install/autoware_auto_control_msgs/lib:${LD_LIBRARY_PATH} PYTHONPATH=/home/sws/autoware/install/autoware_auto_vehicle_msgs/local/lib/python3.10/dist-packages:/home/sws/autoware/install/tier4_control_msgs/local/lib/python3.10/dist-packages:/home/sws/autoware/install/autoware_auto_planning_msgs/local/lib/python3.10/dist-packages:/home/sws/autoware/install/tier4_external_api_msgs/local/lib/python3.10/dist-packages:/home/sws/autoware/install/autoware_common_msgs/local/lib/python3.10/dist-packages:/home/sws/autoware/install/autoware_auto_mapping_msgs/local/lib/python3.10/dist-packages:/home/sws/autoware/install/autoware_auto_geometry_msgs/local/lib/python3.10/dist-packages:/home/sws/autoware/install/autoware_auto_control_msgs/local/lib/python3.10/dist-packages:${PYTHONPATH} /usr/bin/cmake --build /home/sws/autoware/build/joy_controller -- -j16 -l16
[66.452s] Invoking command in '/home/sws/autoware/build/joy_controller': AMENT_PREFIX_PATH=/home/sws/autoware/install/tier4_api_utils:/home/sws/autoware/install/autoware_auto_vehicle_msgs:/home/sws/autoware/install/tier4_control_msgs:/home/sws/autoware/install/autoware_cmake:/home/sws/autoware/install/autoware_auto_planning_msgs:/home/sws/autoware/install/tier4_external_api_msgs:/home/sws/autoware/install/autoware_lint_common:/home/sws/autoware/install/autoware_common_msgs:/home/sws/autoware/install/autoware_auto_mapping_msgs:/home/sws/autoware/install/autoware_auto_geometry_msgs:/home/sws/autoware/install/autoware_auto_control_msgs:${AMENT_PREFIX_PATH} CMAKE_PREFIX_PATH=/home/sws/autoware/install/tier4_api_utils:/home/sws/autoware/install/autoware_auto_vehicle_msgs:/home/sws/autoware/install/tier4_control_msgs:/home/sws/autoware/install/autoware_cmake:/home/sws/autoware/install/autoware_auto_planning_msgs:/home/sws/autoware/install/tier4_external_api_msgs:/home/sws/autoware/install/autoware_lint_common:/home/sws/autoware/install/autoware_common_msgs:/home/sws/autoware/install/autoware_auto_mapping_msgs:/home/sws/autoware/install/autoware_auto_geometry_msgs:/home/sws/autoware/install/autoware_auto_control_msgs:/opt/ros/humble LD_LIBRARY_PATH=/home/sws/autoware/install/autoware_auto_vehicle_msgs/lib:/home/sws/autoware/install/tier4_control_msgs/lib:/home/sws/autoware/install/autoware_auto_planning_msgs/lib:/home/sws/autoware/install/tier4_external_api_msgs/lib:/home/sws/autoware/install/autoware_common_msgs/lib:/home/sws/autoware/install/autoware_auto_mapping_msgs/lib:/home/sws/autoware/install/autoware_auto_geometry_msgs/lib:/home/sws/autoware/install/autoware_auto_control_msgs/lib:${LD_LIBRARY_PATH} PYTHONPATH=/home/sws/autoware/install/autoware_auto_vehicle_msgs/local/lib/python3.10/dist-packages:/home/sws/autoware/install/tier4_control_msgs/local/lib/python3.10/dist-packages:/home/sws/autoware/install/autoware_auto_planning_msgs/local/lib/python3.10/dist-packages:/home/sws/autoware/install/tier4_external_api_msgs/local/lib/python3.10/dist-packages:/home/sws/autoware/install/autoware_common_msgs/local/lib/python3.10/dist-packages:/home/sws/autoware/install/autoware_auto_mapping_msgs/local/lib/python3.10/dist-packages:/home/sws/autoware/install/autoware_auto_geometry_msgs/local/lib/python3.10/dist-packages:/home/sws/autoware/install/autoware_auto_control_msgs/local/lib/python3.10/dist-packages:${PYTHONPATH} /usr/bin/cmake --install /home/sws/autoware/build/joy_controller
[78.219s] -- Install configuration: "Release"
[78.219s] -- Execute custom install script
[78.219s] -- Symlinking: /home/sws/autoware/install/joy_controller/lib/joy_controller/joy_controller
[78.219s] -- Symlinking: /home/sws/autoware/install/joy_controller/include/joy_controller/joy_controller.hpp
[78.219s] -- Symlinking: /home/sws/autoware/install/joy_controller/include/joy_controller/joy_converter/ds4_joy_converter.hpp
[78.220s] -- Symlinking: /home/sws/autoware/install/joy_controller/include/joy_controller/joy_converter/g29_joy_converter.hpp
[78.220s] -- Symlinking: /home/sws/autoware/install/joy_controller/include/joy_controller/joy_converter/joy_converter_base.hpp
[78.220s] -- Symlinking: /home/sws/autoware/install/joy_controller/include/joy_controller/joy_converter/p65_joy_converter.hpp
[78.220s] -- Symlinking: /home/sws/autoware/install/joy_controller/share/joy_controller/environment/library_path.sh
[78.220s] -- Symlinking: /home/sws/autoware/install/joy_controller/share/joy_controller/environment/library_path.dsv
[78.220s] -- Symlinking: /home/sws/autoware/install/joy_controller/lib/libjoy_controller_node.so
[78.220s] -- Symlinking: /home/sws/autoware/install/joy_controller/share/joy_controller/launch/joy_controller.launch.xml
[78.220s] -- Symlinking: /home/sws/autoware/install/joy_controller/share/joy_controller/config/joy_controller.param.yaml
[78.220s] -- Symlinking: /home/sws/autoware/install/joy_controller/share/ament_index/resource_index/package_run_dependencies/joy_controller
[78.220s] -- Symlinking: /home/sws/autoware/install/joy_controller/share/ament_index/resource_index/parent_prefix_path/joy_controller
[78.220s] -- Symlinking: /home/sws/autoware/install/joy_controller/share/joy_controller/environment/ament_prefix_path.sh
[78.220s] -- Symlinking: /home/sws/autoware/install/joy_controller/share/joy_controller/environment/ament_prefix_path.dsv
[78.220s] -- Symlinking: /home/sws/autoware/install/joy_controller/share/joy_controller/environment/path.sh
[78.220s] -- Symlinking: /home/sws/autoware/install/joy_controller/share/joy_controller/environment/path.dsv
[78.220s] -- Symlinking: /home/sws/autoware/install/joy_controller/share/joy_controller/local_setup.bash
[78.221s] -- Symlinking: /home/sws/autoware/install/joy_controller/share/joy_controller/local_setup.sh
[78.221s] -- Symlinking: /home/sws/autoware/install/joy_controller/share/joy_controller/local_setup.zsh
[78.221s] -- Symlinking: /home/sws/autoware/install/joy_controller/share/joy_controller/local_setup.dsv
[78.221s] -- Symlinking: /home/sws/autoware/install/joy_controller/share/joy_controller/package.dsv
[78.221s] -- Symlinking: /home/sws/autoware/install/joy_controller/share/ament_index/resource_index/packages/joy_controller
[78.221s] -- Symlinking: /home/sws/autoware/install/joy_controller/share/ament_index/resource_index/rclcpp_components/joy_controller
[78.221s] -- Symlinking: /home/sws/autoware/install/joy_controller/share/joy_controller/cmake/ament_cmake_export_dependencies-extras.cmake
[78.221s] -- Symlinking: /home/sws/autoware/install/joy_controller/share/joy_controller/cmake/ament_cmake_export_include_directories-extras.cmake
[78.221s] -- Symlinking: /home/sws/autoware/install/joy_controller/share/joy_controller/cmake/ament_cmake_export_libraries-extras.cmake
[78.221s] -- Symlinking: /home/sws/autoware/install/joy_controller/share/joy_controller/cmake/joy_controllerConfig.cmake
[78.221s] -- Symlinking: /home/sws/autoware/install/joy_controller/share/joy_controller/cmake/joy_controllerConfig-version.cmake
[78.221s] -- Symlinking: /home/sws/autoware/install/joy_controller/share/joy_controller/package.xml
[78.223s] Invoked command in '/home/sws/autoware/build/joy_controller' returned '0': AMENT_PREFIX_PATH=/home/sws/autoware/install/tier4_api_utils:/home/sws/autoware/install/autoware_auto_vehicle_msgs:/home/sws/autoware/install/tier4_control_msgs:/home/sws/autoware/install/autoware_cmake:/home/sws/autoware/install/autoware_auto_planning_msgs:/home/sws/autoware/install/tier4_external_api_msgs:/home/sws/autoware/install/autoware_lint_common:/home/sws/autoware/install/autoware_common_msgs:/home/sws/autoware/install/autoware_auto_mapping_msgs:/home/sws/autoware/install/autoware_auto_geometry_msgs:/home/sws/autoware/install/autoware_auto_control_msgs:${AMENT_PREFIX_PATH} CMAKE_PREFIX_PATH=/home/sws/autoware/install/tier4_api_utils:/home/sws/autoware/install/autoware_auto_vehicle_msgs:/home/sws/autoware/install/tier4_control_msgs:/home/sws/autoware/install/autoware_cmake:/home/sws/autoware/install/autoware_auto_planning_msgs:/home/sws/autoware/install/tier4_external_api_msgs:/home/sws/autoware/install/autoware_lint_common:/home/sws/autoware/install/autoware_common_msgs:/home/sws/autoware/install/autoware_auto_mapping_msgs:/home/sws/autoware/install/autoware_auto_geometry_msgs:/home/sws/autoware/install/autoware_auto_control_msgs:/opt/ros/humble LD_LIBRARY_PATH=/home/sws/autoware/install/autoware_auto_vehicle_msgs/lib:/home/sws/autoware/install/tier4_control_msgs/lib:/home/sws/autoware/install/autoware_auto_planning_msgs/lib:/home/sws/autoware/install/tier4_external_api_msgs/lib:/home/sws/autoware/install/autoware_common_msgs/lib:/home/sws/autoware/install/autoware_auto_mapping_msgs/lib:/home/sws/autoware/install/autoware_auto_geometry_msgs/lib:/home/sws/autoware/install/autoware_auto_control_msgs/lib:${LD_LIBRARY_PATH} PYTHONPATH=/home/sws/autoware/install/autoware_auto_vehicle_msgs/local/lib/python3.10/dist-packages:/home/sws/autoware/install/tier4_control_msgs/local/lib/python3.10/dist-packages:/home/sws/autoware/install/autoware_auto_planning_msgs/local/lib/python3.10/dist-packages:/home/sws/autoware/install/tier4_external_api_msgs/local/lib/python3.10/dist-packages:/home/sws/autoware/install/autoware_common_msgs/local/lib/python3.10/dist-packages:/home/sws/autoware/install/autoware_auto_mapping_msgs/local/lib/python3.10/dist-packages:/home/sws/autoware/install/autoware_auto_geometry_msgs/local/lib/python3.10/dist-packages:/home/sws/autoware/install/autoware_auto_control_msgs/local/lib/python3.10/dist-packages:${PYTHONPATH} /usr/bin/cmake --install /home/sws/autoware/build/joy_controller
