[0.484s] Invoking command in '/home/sws/autoware/build/lidar_apollo_segmentation_tvm_nodes': AMENT_PREFIX_PATH=/home/sws/autoware/install/lidar_apollo_segmentation_tvm:/home/sws/autoware/install/autoware_auto_geometry:/home/sws/autoware/install/autoware_auto_tf2:/home/sws/autoware/install/tvm_utility:/home/sws/autoware/install/tier4_perception_msgs:/home/sws/autoware/install/autoware_auto_vehicle_msgs:/home/sws/autoware/install/autoware_auto_common:/home/sws/autoware/install/autoware_cmake:/home/sws/autoware/install/autoware_auto_planning_msgs:/home/sws/autoware/install/autoware_auto_perception_msgs:/home/sws/autoware/install/autoware_lint_common:/home/sws/autoware/install/autoware_auto_system_msgs:/home/sws/autoware/install/autoware_auto_mapping_msgs:/home/sws/autoware/install/autoware_auto_geometry_msgs:${AMENT_PREFIX_PATH} CMAKE_PREFIX_PATH=/home/sws/autoware/install/lidar_apollo_segmentation_tvm:/home/sws/autoware/install/autoware_auto_geometry:/home/sws/autoware/install/autoware_auto_tf2:/home/sws/autoware/install/tvm_utility:/home/sws/autoware/install/tier4_perception_msgs:/home/sws/autoware/install/autoware_auto_vehicle_msgs:/home/sws/autoware/install/autoware_auto_common:/home/sws/autoware/install/autoware_cmake:/home/sws/autoware/install/autoware_auto_planning_msgs:/home/sws/autoware/install/autoware_auto_perception_msgs:/home/sws/autoware/install/autoware_lint_common:/home/sws/autoware/install/autoware_auto_system_msgs:/home/sws/autoware/install/autoware_auto_mapping_msgs:/home/sws/autoware/install/autoware_auto_geometry_msgs:/opt/ros/humble LD_LIBRARY_PATH=/home/sws/autoware/install/autoware_auto_geometry/lib:/home/sws/autoware/install/tvm_utility/lib:/home/sws/autoware/install/tier4_perception_msgs/lib:/home/sws/autoware/install/autoware_auto_vehicle_msgs/lib:/home/sws/autoware/install/autoware_auto_planning_msgs/lib:/home/sws/autoware/install/autoware_auto_perception_msgs/lib:/home/sws/autoware/install/autoware_auto_system_msgs/lib:/home/sws/autoware/install/autoware_auto_mapping_msgs/lib:/home/sws/autoware/install/autoware_auto_geometry_msgs/lib:${LD_LIBRARY_PATH} PYTHONPATH=/home/sws/autoware/install/tier4_perception_msgs/local/lib/python3.10/dist-packages:/home/sws/autoware/install/autoware_auto_vehicle_msgs/local/lib/python3.10/dist-packages:/home/sws/autoware/install/autoware_auto_planning_msgs/local/lib/python3.10/dist-packages:/home/sws/autoware/install/autoware_auto_perception_msgs/local/lib/python3.10/dist-packages:/home/sws/autoware/install/autoware_auto_system_msgs/local/lib/python3.10/dist-packages:/home/sws/autoware/install/autoware_auto_mapping_msgs/local/lib/python3.10/dist-packages:/home/sws/autoware/install/autoware_auto_geometry_msgs/local/lib/python3.10/dist-packages:${PYTHONPATH} /usr/bin/cmake /home/sws/autoware/src/universe/autoware.universe/perception/lidar_apollo_segmentation_tvm_nodes -DCMAKE_BUILD_TYPE=Release -DAMENT_CMAKE_SYMLINK_INSTALL=1 -DCMAKE_INSTALL_PREFIX=/home/sws/autoware/install/lidar_apollo_segmentation_tvm_nodes
[6.407s] -- The C compiler identification is GNU 11.3.0
[6.407s] -- The CXX compiler identification is GNU 11.3.0
[6.407s] -- Detecting C compiler ABI info
[6.407s] -- Detecting C compiler ABI info - done
[6.408s] -- Check for working C compiler: /usr/bin/cc - skipped
[6.408s] -- Detecting C compile features
[6.408s] -- Detecting C compile features - done
[6.408s] -- Detecting CXX compiler ABI info
[6.408s] -- Detecting CXX compiler ABI info - done
[6.408s] -- Check for working CXX compiler: /usr/bin/c++ - skipped
[6.408s] -- Detecting CXX compile features
[6.408s] -- Detecting CXX compile features - done
[6.408s] -- Found autoware_cmake: 0.1.0 (/home/sws/autoware/install/autoware_cmake/share/autoware_cmake/cmake)
[6.408s] -- Found Python3: /usr/bin/python3.10 (found version "3.10.6") found components: Interpreter 
[6.408s] -- Override CMake install command with custom implementation using symlinks instead of copying resources
[6.409s] -- Found rosidl_generator_c: 3.1.4 (/opt/ros/humble/share/rosidl_generator_c/cmake)
[6.409s] -- Found rosidl_adapter: 3.1.4 (/opt/ros/humble/share/rosidl_adapter/cmake)
[6.409s] -- Found rosidl_generator_cpp: 3.1.4 (/opt/ros/humble/share/rosidl_generator_cpp/cmake)
[6.409s] -- Using all available rosidl_typesupport_c: rosidl_typesupport_fastrtps_c;rosidl_typesupport_introspection_c
[6.409s] -- Using all available rosidl_typesupport_cpp: rosidl_typesupport_fastrtps_cpp;rosidl_typesupport_introspection_cpp
[6.409s] -- Found eigen3_cmake_module: 0.1.1 (/opt/ros/humble/share/eigen3_cmake_module/cmake)
[6.409s] -- Found Eigen3: TRUE (found version "3.4.0") 
[6.409s] -- Ensuring Eigen3 include directory is part of orocos-kdl CMake target
[6.409s] -- Found rmw_implementation_cmake: 6.1.1 (/opt/ros/humble/share/rmw_implementation_cmake/cmake)
[6.409s] -- Found rmw_fastrtps_cpp: 6.2.2 (/opt/ros/humble/share/rmw_fastrtps_cpp/cmake)
[6.410s] -- Found OpenSSL: /usr/lib/x86_64-linux-gnu/libcrypto.so (found version "3.0.2")  
[6.410s] -- Found FastRTPS: /opt/ros/humble/include  
[6.410s] -- Using RMW implementation 'rmw_fastrtps_cpp' as default
[6.410s] -- Looking for pthread.h
[6.410s] -- Looking for pthread.h - found
[6.410s] -- Performing Test CMAKE_HAVE_LIBC_PTHREAD
[6.609s] -- Performing Test CMAKE_HAVE_LIBC_PTHREAD - Success
[6.611s] -- Found Threads: TRUE  
[10.370s] -- Found ament_lint_auto: 0.12.5 (/opt/ros/humble/share/ament_lint_auto/cmake)
[10.431s] -- Found launch_testing_ament_cmake: 1.0.4 (/opt/ros/humble/share/launch_testing_ament_cmake/cmake)
[10.434s] -- Found python_cmake_module: 0.10.0 (/opt/ros/humble/share/python_cmake_module/cmake)
[10.530s] -- Found PythonInterp: /usr/bin/python3 (found suitable version "3.10.6", minimum required is "3.6") 
[10.539s] -- Found PythonLibs: /usr/lib/x86_64-linux-gnu/libpython3.10.so (found suitable version "3.10.6", minimum required is "3.5") 
[10.539s] -- Using PYTHON_EXECUTABLE: /usr/bin/python3
[10.539s] -- Using PYTHON_INCLUDE_DIRS: /usr/include/python3.10
[10.539s] -- Using PYTHON_LIBRARIES: /usr/lib/x86_64-linux-gnu/libpython3.10.so
[10.637s] -- Found PythonExtra: .so  
[10.638s] [33mCMake Warning at CMakeLists.txt:50 (message):
[10.638s]   lidar_apollo_segmentation_tvm not built, skipping package.
[10.639s] 
[10.639s] [0m
[10.646s] -- Added test 'copyright' to check source files copyright and LICENSE
[10.663s] -- Added test 'cppcheck' to perform static code analysis on C / C++ code
[10.664s] -- Configured cppcheck include dirs: 
[10.664s] -- Configured cppcheck exclude dirs and/or files: 
[10.665s] -- Added test 'lint_cmake' to check CMake code style
[10.667s] -- Added test 'xmllint' to check XML markup files
[10.671s] -- Configuring done
[10.699s] -- Generating done
[10.719s] -- Build files have been written to: /home/sws/autoware/build/lidar_apollo_segmentation_tvm_nodes
[10.768s] Invoked command in '/home/sws/autoware/build/lidar_apollo_segmentation_tvm_nodes' returned '0': AMENT_PREFIX_PATH=/home/sws/autoware/install/lidar_apollo_segmentation_tvm:/home/sws/autoware/install/autoware_auto_geometry:/home/sws/autoware/install/autoware_auto_tf2:/home/sws/autoware/install/tvm_utility:/home/sws/autoware/install/tier4_perception_msgs:/home/sws/autoware/install/autoware_auto_vehicle_msgs:/home/sws/autoware/install/autoware_auto_common:/home/sws/autoware/install/autoware_cmake:/home/sws/autoware/install/autoware_auto_planning_msgs:/home/sws/autoware/install/autoware_auto_perception_msgs:/home/sws/autoware/install/autoware_lint_common:/home/sws/autoware/install/autoware_auto_system_msgs:/home/sws/autoware/install/autoware_auto_mapping_msgs:/home/sws/autoware/install/autoware_auto_geometry_msgs:${AMENT_PREFIX_PATH} CMAKE_PREFIX_PATH=/home/sws/autoware/install/lidar_apollo_segmentation_tvm:/home/sws/autoware/install/autoware_auto_geometry:/home/sws/autoware/install/autoware_auto_tf2:/home/sws/autoware/install/tvm_utility:/home/sws/autoware/install/tier4_perception_msgs:/home/sws/autoware/install/autoware_auto_vehicle_msgs:/home/sws/autoware/install/autoware_auto_common:/home/sws/autoware/install/autoware_cmake:/home/sws/autoware/install/autoware_auto_planning_msgs:/home/sws/autoware/install/autoware_auto_perception_msgs:/home/sws/autoware/install/autoware_lint_common:/home/sws/autoware/install/autoware_auto_system_msgs:/home/sws/autoware/install/autoware_auto_mapping_msgs:/home/sws/autoware/install/autoware_auto_geometry_msgs:/opt/ros/humble LD_LIBRARY_PATH=/home/sws/autoware/install/autoware_auto_geometry/lib:/home/sws/autoware/install/tvm_utility/lib:/home/sws/autoware/install/tier4_perception_msgs/lib:/home/sws/autoware/install/autoware_auto_vehicle_msgs/lib:/home/sws/autoware/install/autoware_auto_planning_msgs/lib:/home/sws/autoware/install/autoware_auto_perception_msgs/lib:/home/sws/autoware/install/autoware_auto_system_msgs/lib:/home/sws/autoware/install/autoware_auto_mapping_msgs/lib:/home/sws/autoware/install/autoware_auto_geometry_msgs/lib:${LD_LIBRARY_PATH} PYTHONPATH=/home/sws/autoware/install/tier4_perception_msgs/local/lib/python3.10/dist-packages:/home/sws/autoware/install/autoware_auto_vehicle_msgs/local/lib/python3.10/dist-packages:/home/sws/autoware/install/autoware_auto_planning_msgs/local/lib/python3.10/dist-packages:/home/sws/autoware/install/autoware_auto_perception_msgs/local/lib/python3.10/dist-packages:/home/sws/autoware/install/autoware_auto_system_msgs/local/lib/python3.10/dist-packages:/home/sws/autoware/install/autoware_auto_mapping_msgs/local/lib/python3.10/dist-packages:/home/sws/autoware/install/autoware_auto_geometry_msgs/local/lib/python3.10/dist-packages:${PYTHONPATH} /usr/bin/cmake /home/sws/autoware/src/universe/autoware.universe/perception/lidar_apollo_segmentation_tvm_nodes -DCMAKE_BUILD_TYPE=Release -DAMENT_CMAKE_SYMLINK_INSTALL=1 -DCMAKE_INSTALL_PREFIX=/home/sws/autoware/install/lidar_apollo_segmentation_tvm_nodes
[10.768s] Invoking command in '/home/sws/autoware/build/lidar_apollo_segmentation_tvm_nodes': AMENT_PREFIX_PATH=/home/sws/autoware/install/lidar_apollo_segmentation_tvm:/home/sws/autoware/install/autoware_auto_geometry:/home/sws/autoware/install/autoware_auto_tf2:/home/sws/autoware/install/tvm_utility:/home/sws/autoware/install/tier4_perception_msgs:/home/sws/autoware/install/autoware_auto_vehicle_msgs:/home/sws/autoware/install/autoware_auto_common:/home/sws/autoware/install/autoware_cmake:/home/sws/autoware/install/autoware_auto_planning_msgs:/home/sws/autoware/install/autoware_auto_perception_msgs:/home/sws/autoware/install/autoware_lint_common:/home/sws/autoware/install/autoware_auto_system_msgs:/home/sws/autoware/install/autoware_auto_mapping_msgs:/home/sws/autoware/install/autoware_auto_geometry_msgs:${AMENT_PREFIX_PATH} CMAKE_PREFIX_PATH=/home/sws/autoware/install/lidar_apollo_segmentation_tvm:/home/sws/autoware/install/autoware_auto_geometry:/home/sws/autoware/install/autoware_auto_tf2:/home/sws/autoware/install/tvm_utility:/home/sws/autoware/install/tier4_perception_msgs:/home/sws/autoware/install/autoware_auto_vehicle_msgs:/home/sws/autoware/install/autoware_auto_common:/home/sws/autoware/install/autoware_cmake:/home/sws/autoware/install/autoware_auto_planning_msgs:/home/sws/autoware/install/autoware_auto_perception_msgs:/home/sws/autoware/install/autoware_lint_common:/home/sws/autoware/install/autoware_auto_system_msgs:/home/sws/autoware/install/autoware_auto_mapping_msgs:/home/sws/autoware/install/autoware_auto_geometry_msgs:/opt/ros/humble LD_LIBRARY_PATH=/home/sws/autoware/install/autoware_auto_geometry/lib:/home/sws/autoware/install/tvm_utility/lib:/home/sws/autoware/install/tier4_perception_msgs/lib:/home/sws/autoware/install/autoware_auto_vehicle_msgs/lib:/home/sws/autoware/install/autoware_auto_planning_msgs/lib:/home/sws/autoware/install/autoware_auto_perception_msgs/lib:/home/sws/autoware/install/autoware_auto_system_msgs/lib:/home/sws/autoware/install/autoware_auto_mapping_msgs/lib:/home/sws/autoware/install/autoware_auto_geometry_msgs/lib:${LD_LIBRARY_PATH} PYTHONPATH=/home/sws/autoware/install/tier4_perception_msgs/local/lib/python3.10/dist-packages:/home/sws/autoware/install/autoware_auto_vehicle_msgs/local/lib/python3.10/dist-packages:/home/sws/autoware/install/autoware_auto_planning_msgs/local/lib/python3.10/dist-packages:/home/sws/autoware/install/autoware_auto_perception_msgs/local/lib/python3.10/dist-packages:/home/sws/autoware/install/autoware_auto_system_msgs/local/lib/python3.10/dist-packages:/home/sws/autoware/install/autoware_auto_mapping_msgs/local/lib/python3.10/dist-packages:/home/sws/autoware/install/autoware_auto_geometry_msgs/local/lib/python3.10/dist-packages:${PYTHONPATH} /usr/bin/cmake --build /home/sws/autoware/build/lidar_apollo_segmentation_tvm_nodes -- -j16 -l16
[35.294s] Invoked command in '/home/sws/autoware/build/lidar_apollo_segmentation_tvm_nodes' returned '0': AMENT_PREFIX_PATH=/home/sws/autoware/install/lidar_apollo_segmentation_tvm:/home/sws/autoware/install/autoware_auto_geometry:/home/sws/autoware/install/autoware_auto_tf2:/home/sws/autoware/install/tvm_utility:/home/sws/autoware/install/tier4_perception_msgs:/home/sws/autoware/install/autoware_auto_vehicle_msgs:/home/sws/autoware/install/autoware_auto_common:/home/sws/autoware/install/autoware_cmake:/home/sws/autoware/install/autoware_auto_planning_msgs:/home/sws/autoware/install/autoware_auto_perception_msgs:/home/sws/autoware/install/autoware_lint_common:/home/sws/autoware/install/autoware_auto_system_msgs:/home/sws/autoware/install/autoware_auto_mapping_msgs:/home/sws/autoware/install/autoware_auto_geometry_msgs:${AMENT_PREFIX_PATH} CMAKE_PREFIX_PATH=/home/sws/autoware/install/lidar_apollo_segmentation_tvm:/home/sws/autoware/install/autoware_auto_geometry:/home/sws/autoware/install/autoware_auto_tf2:/home/sws/autoware/install/tvm_utility:/home/sws/autoware/install/tier4_perception_msgs:/home/sws/autoware/install/autoware_auto_vehicle_msgs:/home/sws/autoware/install/autoware_auto_common:/home/sws/autoware/install/autoware_cmake:/home/sws/autoware/install/autoware_auto_planning_msgs:/home/sws/autoware/install/autoware_auto_perception_msgs:/home/sws/autoware/install/autoware_lint_common:/home/sws/autoware/install/autoware_auto_system_msgs:/home/sws/autoware/install/autoware_auto_mapping_msgs:/home/sws/autoware/install/autoware_auto_geometry_msgs:/opt/ros/humble LD_LIBRARY_PATH=/home/sws/autoware/install/autoware_auto_geometry/lib:/home/sws/autoware/install/tvm_utility/lib:/home/sws/autoware/install/tier4_perception_msgs/lib:/home/sws/autoware/install/autoware_auto_vehicle_msgs/lib:/home/sws/autoware/install/autoware_auto_planning_msgs/lib:/home/sws/autoware/install/autoware_auto_perception_msgs/lib:/home/sws/autoware/install/autoware_auto_system_msgs/lib:/home/sws/autoware/install/autoware_auto_mapping_msgs/lib:/home/sws/autoware/install/autoware_auto_geometry_msgs/lib:${LD_LIBRARY_PATH} PYTHONPATH=/home/sws/autoware/install/tier4_perception_msgs/local/lib/python3.10/dist-packages:/home/sws/autoware/install/autoware_auto_vehicle_msgs/local/lib/python3.10/dist-packages:/home/sws/autoware/install/autoware_auto_planning_msgs/local/lib/python3.10/dist-packages:/home/sws/autoware/install/autoware_auto_perception_msgs/local/lib/python3.10/dist-packages:/home/sws/autoware/install/autoware_auto_system_msgs/local/lib/python3.10/dist-packages:/home/sws/autoware/install/autoware_auto_mapping_msgs/local/lib/python3.10/dist-packages:/home/sws/autoware/install/autoware_auto_geometry_msgs/local/lib/python3.10/dist-packages:${PYTHONPATH} /usr/bin/cmake --build /home/sws/autoware/build/lidar_apollo_segmentation_tvm_nodes -- -j16 -l16
[35.317s] Invoking command in '/home/sws/autoware/build/lidar_apollo_segmentation_tvm_nodes': AMENT_PREFIX_PATH=/home/sws/autoware/install/lidar_apollo_segmentation_tvm:/home/sws/autoware/install/autoware_auto_geometry:/home/sws/autoware/install/autoware_auto_tf2:/home/sws/autoware/install/tvm_utility:/home/sws/autoware/install/tier4_perception_msgs:/home/sws/autoware/install/autoware_auto_vehicle_msgs:/home/sws/autoware/install/autoware_auto_common:/home/sws/autoware/install/autoware_cmake:/home/sws/autoware/install/autoware_auto_planning_msgs:/home/sws/autoware/install/autoware_auto_perception_msgs:/home/sws/autoware/install/autoware_lint_common:/home/sws/autoware/install/autoware_auto_system_msgs:/home/sws/autoware/install/autoware_auto_mapping_msgs:/home/sws/autoware/install/autoware_auto_geometry_msgs:${AMENT_PREFIX_PATH} CMAKE_PREFIX_PATH=/home/sws/autoware/install/lidar_apollo_segmentation_tvm:/home/sws/autoware/install/autoware_auto_geometry:/home/sws/autoware/install/autoware_auto_tf2:/home/sws/autoware/install/tvm_utility:/home/sws/autoware/install/tier4_perception_msgs:/home/sws/autoware/install/autoware_auto_vehicle_msgs:/home/sws/autoware/install/autoware_auto_common:/home/sws/autoware/install/autoware_cmake:/home/sws/autoware/install/autoware_auto_planning_msgs:/home/sws/autoware/install/autoware_auto_perception_msgs:/home/sws/autoware/install/autoware_lint_common:/home/sws/autoware/install/autoware_auto_system_msgs:/home/sws/autoware/install/autoware_auto_mapping_msgs:/home/sws/autoware/install/autoware_auto_geometry_msgs:/opt/ros/humble LD_LIBRARY_PATH=/home/sws/autoware/install/autoware_auto_geometry/lib:/home/sws/autoware/install/tvm_utility/lib:/home/sws/autoware/install/tier4_perception_msgs/lib:/home/sws/autoware/install/autoware_auto_vehicle_msgs/lib:/home/sws/autoware/install/autoware_auto_planning_msgs/lib:/home/sws/autoware/install/autoware_auto_perception_msgs/lib:/home/sws/autoware/install/autoware_auto_system_msgs/lib:/home/sws/autoware/install/autoware_auto_mapping_msgs/lib:/home/sws/autoware/install/autoware_auto_geometry_msgs/lib:${LD_LIBRARY_PATH} PYTHONPATH=/home/sws/autoware/install/tier4_perception_msgs/local/lib/python3.10/dist-packages:/home/sws/autoware/install/autoware_auto_vehicle_msgs/local/lib/python3.10/dist-packages:/home/sws/autoware/install/autoware_auto_planning_msgs/local/lib/python3.10/dist-packages:/home/sws/autoware/install/autoware_auto_perception_msgs/local/lib/python3.10/dist-packages:/home/sws/autoware/install/autoware_auto_system_msgs/local/lib/python3.10/dist-packages:/home/sws/autoware/install/autoware_auto_mapping_msgs/local/lib/python3.10/dist-packages:/home/sws/autoware/install/autoware_auto_geometry_msgs/local/lib/python3.10/dist-packages:${PYTHONPATH} /usr/bin/cmake --install /home/sws/autoware/build/lidar_apollo_segmentation_tvm_nodes
[44.818s] -- Install configuration: "Release"
[44.818s] -- Execute custom install script
[44.818s] -- Symlinking: /home/sws/autoware/install/lidar_apollo_segmentation_tvm_nodes/include/lidar_apollo_segmentation_tvm_nodes/lidar_apollo_segmentation_tvm_node.hpp
[44.818s] -- Symlinking: /home/sws/autoware/install/lidar_apollo_segmentation_tvm_nodes/include/lidar_apollo_segmentation_tvm_nodes/visibility_control.hpp
[44.818s] -- Symlinking: /home/sws/autoware/install/lidar_apollo_segmentation_tvm_nodes/share/ament_index/resource_index/package_run_dependencies/lidar_apollo_segmentation_tvm_nodes
[44.818s] -- Symlinking: /home/sws/autoware/install/lidar_apollo_segmentation_tvm_nodes/share/ament_index/resource_index/parent_prefix_path/lidar_apollo_segmentation_tvm_nodes
[44.818s] -- Symlinking: /home/sws/autoware/install/lidar_apollo_segmentation_tvm_nodes/share/lidar_apollo_segmentation_tvm_nodes/environment/ament_prefix_path.sh
[44.818s] -- Symlinking: /home/sws/autoware/install/lidar_apollo_segmentation_tvm_nodes/share/lidar_apollo_segmentation_tvm_nodes/environment/ament_prefix_path.dsv
[44.818s] -- Symlinking: /home/sws/autoware/install/lidar_apollo_segmentation_tvm_nodes/share/lidar_apollo_segmentation_tvm_nodes/environment/path.sh
[44.819s] -- Symlinking: /home/sws/autoware/install/lidar_apollo_segmentation_tvm_nodes/share/lidar_apollo_segmentation_tvm_nodes/environment/path.dsv
[44.819s] -- Symlinking: /home/sws/autoware/install/lidar_apollo_segmentation_tvm_nodes/share/lidar_apollo_segmentation_tvm_nodes/local_setup.bash
[44.819s] -- Symlinking: /home/sws/autoware/install/lidar_apollo_segmentation_tvm_nodes/share/lidar_apollo_segmentation_tvm_nodes/local_setup.sh
[44.819s] -- Symlinking: /home/sws/autoware/install/lidar_apollo_segmentation_tvm_nodes/share/lidar_apollo_segmentation_tvm_nodes/local_setup.zsh
[44.819s] -- Symlinking: /home/sws/autoware/install/lidar_apollo_segmentation_tvm_nodes/share/lidar_apollo_segmentation_tvm_nodes/local_setup.dsv
[44.819s] -- Symlinking: /home/sws/autoware/install/lidar_apollo_segmentation_tvm_nodes/share/lidar_apollo_segmentation_tvm_nodes/package.dsv
[44.819s] -- Symlinking: /home/sws/autoware/install/lidar_apollo_segmentation_tvm_nodes/share/ament_index/resource_index/packages/lidar_apollo_segmentation_tvm_nodes
[44.819s] -- Symlinking: /home/sws/autoware/install/lidar_apollo_segmentation_tvm_nodes/share/lidar_apollo_segmentation_tvm_nodes/cmake/ament_cmake_export_dependencies-extras.cmake
[44.819s] -- Symlinking: /home/sws/autoware/install/lidar_apollo_segmentation_tvm_nodes/share/lidar_apollo_segmentation_tvm_nodes/cmake/ament_cmake_export_include_directories-extras.cmake
[44.820s] -- Symlinking: /home/sws/autoware/install/lidar_apollo_segmentation_tvm_nodes/share/lidar_apollo_segmentation_tvm_nodes/cmake/lidar_apollo_segmentation_tvm_nodesConfig.cmake
[44.820s] -- Symlinking: /home/sws/autoware/install/lidar_apollo_segmentation_tvm_nodes/share/lidar_apollo_segmentation_tvm_nodes/cmake/lidar_apollo_segmentation_tvm_nodesConfig-version.cmake
[44.820s] -- Symlinking: /home/sws/autoware/install/lidar_apollo_segmentation_tvm_nodes/share/lidar_apollo_segmentation_tvm_nodes/package.xml
[44.855s] Invoked command in '/home/sws/autoware/build/lidar_apollo_segmentation_tvm_nodes' returned '0': AMENT_PREFIX_PATH=/home/sws/autoware/install/lidar_apollo_segmentation_tvm:/home/sws/autoware/install/autoware_auto_geometry:/home/sws/autoware/install/autoware_auto_tf2:/home/sws/autoware/install/tvm_utility:/home/sws/autoware/install/tier4_perception_msgs:/home/sws/autoware/install/autoware_auto_vehicle_msgs:/home/sws/autoware/install/autoware_auto_common:/home/sws/autoware/install/autoware_cmake:/home/sws/autoware/install/autoware_auto_planning_msgs:/home/sws/autoware/install/autoware_auto_perception_msgs:/home/sws/autoware/install/autoware_lint_common:/home/sws/autoware/install/autoware_auto_system_msgs:/home/sws/autoware/install/autoware_auto_mapping_msgs:/home/sws/autoware/install/autoware_auto_geometry_msgs:${AMENT_PREFIX_PATH} CMAKE_PREFIX_PATH=/home/sws/autoware/install/lidar_apollo_segmentation_tvm:/home/sws/autoware/install/autoware_auto_geometry:/home/sws/autoware/install/autoware_auto_tf2:/home/sws/autoware/install/tvm_utility:/home/sws/autoware/install/tier4_perception_msgs:/home/sws/autoware/install/autoware_auto_vehicle_msgs:/home/sws/autoware/install/autoware_auto_common:/home/sws/autoware/install/autoware_cmake:/home/sws/autoware/install/autoware_auto_planning_msgs:/home/sws/autoware/install/autoware_auto_perception_msgs:/home/sws/autoware/install/autoware_lint_common:/home/sws/autoware/install/autoware_auto_system_msgs:/home/sws/autoware/install/autoware_auto_mapping_msgs:/home/sws/autoware/install/autoware_auto_geometry_msgs:/opt/ros/humble LD_LIBRARY_PATH=/home/sws/autoware/install/autoware_auto_geometry/lib:/home/sws/autoware/install/tvm_utility/lib:/home/sws/autoware/install/tier4_perception_msgs/lib:/home/sws/autoware/install/autoware_auto_vehicle_msgs/lib:/home/sws/autoware/install/autoware_auto_planning_msgs/lib:/home/sws/autoware/install/autoware_auto_perception_msgs/lib:/home/sws/autoware/install/autoware_auto_system_msgs/lib:/home/sws/autoware/install/autoware_auto_mapping_msgs/lib:/home/sws/autoware/install/autoware_auto_geometry_msgs/lib:${LD_LIBRARY_PATH} PYTHONPATH=/home/sws/autoware/install/tier4_perception_msgs/local/lib/python3.10/dist-packages:/home/sws/autoware/install/autoware_auto_vehicle_msgs/local/lib/python3.10/dist-packages:/home/sws/autoware/install/autoware_auto_planning_msgs/local/lib/python3.10/dist-packages:/home/sws/autoware/install/autoware_auto_perception_msgs/local/lib/python3.10/dist-packages:/home/sws/autoware/install/autoware_auto_system_msgs/local/lib/python3.10/dist-packages:/home/sws/autoware/install/autoware_auto_mapping_msgs/local/lib/python3.10/dist-packages:/home/sws/autoware/install/autoware_auto_geometry_msgs/local/lib/python3.10/dist-packages:${PYTHONPATH} /usr/bin/cmake --install /home/sws/autoware/build/lidar_apollo_segmentation_tvm_nodes
