-- The C compiler identification is GNU 11.3.0
-- The CXX compiler identification is GNU 11.3.0
-- Detecting C compiler ABI info
-- Detecting C compiler ABI info - done
-- Check for working C compiler: /usr/bin/cc - skipped
-- Detecting C compile features
-- Detecting C compile features - done
-- Detecting CXX compiler ABI info
-- Detecting CXX compiler ABI info - done
-- Check for working CXX compiler: /usr/bin/c++ - skipped
-- Detecting CXX compile features
-- Detecting CXX compile features - done
-- Found autoware_cmake: 0.1.0 (/home/sws/autoware/install/autoware_cmake/share/autoware_cmake/cmake)
-- Found Python3: /usr/bin/python3.10 (found version "3.10.6") found components: Interpreter 
-- Override CMake install command with custom implementation using symlinks instead of copying resources
-- Found rosidl_generator_c: 3.1.4 (/opt/ros/humble/share/rosidl_generator_c/cmake)
-- Found rosidl_adapter: 3.1.4 (/opt/ros/humble/share/rosidl_adapter/cmake)
-- Found rosidl_generator_cpp: 3.1.4 (/opt/ros/humble/share/rosidl_generator_cpp/cmake)
-- Using all available rosidl_typesupport_c: rosidl_typesupport_fastrtps_c;rosidl_typesupport_introspection_c
-- Using all available rosidl_typesupport_cpp: rosidl_typesupport_fastrtps_cpp;rosidl_typesupport_introspection_cpp
-- Found rmw_implementation_cmake: 6.1.1 (/opt/ros/humble/share/rmw_implementation_cmake/cmake)
-- Found rmw_fastrtps_cpp: 6.2.2 (/opt/ros/humble/share/rmw_fastrtps_cpp/cmake)
-- Found OpenSSL: /usr/lib/x86_64-linux-gnu/libcrypto.so (found version "3.0.2")  
-- Found FastRTPS: /opt/ros/humble/include  
-- Using RMW implementation 'rmw_fastrtps_cpp' as default
-- Looking for pthread.h
-- Looking for pthread.h - found
-- Performing Test CMAKE_HAVE_LIBC_PTHREAD
-- Performing Test CMAKE_HAVE_LIBC_PTHREAD - Success
-- Found Threads: TRUE  
-- Found eigen3_cmake_module: 0.1.1 (/opt/ros/humble/share/eigen3_cmake_module/cmake)
-- Found Eigen3: TRUE (found version "3.4.0") 
-- Ensuring Eigen3 include directory is part of orocos-kdl CMake target
-- Checking for module 'eigen3'
--   Found eigen3, version 3.4.0
-- Found Eigen: /usr/include/eigen3 (Required is at least version "3.1") 
-- Eigen found (include: /usr/include/eigen3, version: 3.4.0)
-- Checking for module 'flann'
--   Found flann, version 1.9.1
-- Found FLANN: /usr/lib/x86_64-linux-gnu/libflann_cpp.so  
-- FLANN found (include: /usr/include, lib: /usr/lib/x86_64-linux-gnu/libflann_cpp.so)
-- Checking for module 'libusb-1.0'
--   Found libusb-1.0, version 1.0.25
-- Found libusb: /usr/lib/x86_64-linux-gnu/libusb-1.0.so  
-- OpenNI found (version: 1.5.4.0, include: /usr/include/ni, lib: /usr/lib/libOpenNI.so;libusb::libusb)
-- OpenNI2 found (version: 2.2.0.33, include: /usr/include/openni2, lib: /usr/lib/x86_64-linux-gnu/libOpenNI2.so;libusb::libusb)
-- Eigen found (include: /usr/include/eigen3, version: 3.4.0)
-- OpenNI found (version: 1.5.4.0, include: /usr/include/ni, lib: /usr/lib/libOpenNI.so;libusb::libusb)
-- OpenNI2 found (version: 2.2.0.33, include: /usr/include/openni2, lib: /usr/lib/x86_64-linux-gnu/libOpenNI2.so;libusb::libusb)
-- Found Qhull version 8.0.2
-- OpenNI found (version: 1.5.4.0, include: /usr/include/ni, lib: /usr/lib/libOpenNI.so;libusb::libusb)
-- Found PCL_COMMON: /usr/lib/x86_64-linux-gnu/libpcl_common.so  
-- Found PCL_KDTREE: /usr/lib/x86_64-linux-gnu/libpcl_kdtree.so  
-- Found PCL_OCTREE: /usr/lib/x86_64-linux-gnu/libpcl_octree.so  
-- Found PCL_SEARCH: /usr/lib/x86_64-linux-gnu/libpcl_search.so  
-- Found PCL_SAMPLE_CONSENSUS: /usr/lib/x86_64-linux-gnu/libpcl_sample_consensus.so  
-- Found PCL_FILTERS: /usr/lib/x86_64-linux-gnu/libpcl_filters.so  
-- Found PCL_2D: /usr/include/pcl-1.12  
-- Found PCL_GEOMETRY: /usr/include/pcl-1.12  
-- Found PCL_IO: /usr/lib/x86_64-linux-gnu/libpcl_io.so  
-- Found PCL_FEATURES: /usr/lib/x86_64-linux-gnu/libpcl_features.so  
-- Found PCL_ML: /usr/lib/x86_64-linux-gnu/libpcl_ml.so  
-- Found PCL_SEGMENTATION: /usr/lib/x86_64-linux-gnu/libpcl_segmentation.so  
-- Found PCL_VISUALIZATION: /usr/lib/x86_64-linux-gnu/libpcl_visualization.so  
-- Found PCL_SURFACE: /usr/lib/x86_64-linux-gnu/libpcl_surface.so  
-- Found PCL_REGISTRATION: /usr/lib/x86_64-linux-gnu/libpcl_registration.so  
-- Found PCL_KEYPOINTS: /usr/lib/x86_64-linux-gnu/libpcl_keypoints.so  
-- Found PCL_TRACKING: /usr/lib/x86_64-linux-gnu/libpcl_tracking.so  
-- Found PCL_RECOGNITION: /usr/lib/x86_64-linux-gnu/libpcl_recognition.so  
-- Found PCL_STEREO: /usr/lib/x86_64-linux-gnu/libpcl_stereo.so  
-- Found PCL_APPS: /usr/lib/x86_64-linux-gnu/libpcl_apps.so  
-- Found PCL_IN_HAND_SCANNER: /usr/include/pcl-1.12  
-- Found PCL_MODELER: /usr/include/pcl-1.12  
-- Found PCL_POINT_CLOUD_EDITOR: /usr/include/pcl-1.12  
-- Found PCL_OUTOFCORE: /usr/lib/x86_64-linux-gnu/libpcl_outofcore.so  
-- Found PCL_PEOPLE: /usr/lib/x86_64-linux-gnu/libpcl_people.so  
-- Found TensorRT headers at /usr/include/x86_64-linux-gnu
-- Found TensorRT libs at /usr/lib/x86_64-linux-gnu/libnvinfer.so;/usr/lib/x86_64-linux-gnu/libnvinfer_plugin.so;/usr/lib/x86_64-linux-gnu/libnvparsers.so;/usr/lib/x86_64-linux-gnu/libnvonnxparser.so
-- Found ament_lint_auto: 0.12.5 (/opt/ros/humble/share/ament_lint_auto/cmake)
-- Found CUDA: /usr/local/cuda (found version "11.6") 
-- start to download
-- Checking and downloading pts_voxel_encoder_centerpoint.onnx 
-- start pts_voxel_encoder_centerpoint.onnx
-- not found pts_voxel_encoder_centerpoint.onnx
-- File doesn't exists. Downloading now ...
-- Download completed successfully!
-- Checking and downloading pts_backbone_neck_head_centerpoint.onnx 
-- start pts_backbone_neck_head_centerpoint.onnx
-- not found pts_backbone_neck_head_centerpoint.onnx
-- File doesn't exists. Downloading now ...
-- Download completed successfully!
-- Checking and downloading pts_voxel_encoder_centerpoint_tiny.onnx 
-- start pts_voxel_encoder_centerpoint_tiny.onnx
-- not found pts_voxel_encoder_centerpoint_tiny.onnx
-- File doesn't exists. Downloading now ...
-- Download completed successfully!
-- Checking and downloading pts_backbone_neck_head_centerpoint_tiny.onnx 
-- start pts_backbone_neck_head_centerpoint_tiny.onnx
-- not found pts_backbone_neck_head_centerpoint_tiny.onnx
-- File doesn't exists. Downloading now ...
-- Download completed successfully!
-- Added test 'copyright' to check source files copyright and LICENSE
-- Added test 'cppcheck' to perform static code analysis on C / C++ code
-- Configured cppcheck include dirs: /home/sws/autoware/src/universe/autoware.universe/perception/lidar_centerpoint/include;$<BUILD_INTERFACE:/home/sws/autoware/src/universe/autoware.universe/perception/lidar_centerpoint/include>
-- Configured cppcheck exclude dirs and/or files: 
-- Added test 'lint_cmake' to check CMake code style
-- Added test 'xmllint' to check XML markup files
-- Configuring done
-- Generating done
-- Build files have been written to: /home/sws/autoware/build/lidar_centerpoint
[  4%] [34m[1mBuilding NVCC (Device) object CMakeFiles/centerpoint_cuda_lib.dir/lib/preprocess/centerpoint_cuda_lib_generated_preprocess_kernel.cu.o[0m
[  8%] [34m[1mBuilding NVCC (Device) object CMakeFiles/centerpoint_cuda_lib.dir/lib/postprocess/centerpoint_cuda_lib_generated_postprocess_kernel.cu.o[0m
[ 13%] [34m[1mBuilding NVCC (Device) object CMakeFiles/centerpoint_cuda_lib.dir/lib/postprocess/centerpoint_cuda_lib_generated_circle_nms_kernel.cu.o[0m
[ 17%] [34m[1mBuilding NVCC (Device) object CMakeFiles/centerpoint_cuda_lib.dir/lib/network/centerpoint_cuda_lib_generated_scatter_kernel.cu.o[0m
[ 21%] [32m[1mLinking CXX shared library libcenterpoint_cuda_lib.so[0m
[ 21%] Built target centerpoint_cuda_lib
[ 26%] [32mBuilding CXX object CMakeFiles/lidar_centerpoint_node.dir/rclcpp_components/node_main_lidar_centerpoint_node.cpp.o[0m
[ 30%] [32mBuilding CXX object CMakeFiles/single_inference_lidar_centerpoint_node.dir/rclcpp_components/node_main_single_inference_lidar_centerpoint_node.cpp.o[0m
[ 34%] [32m[1mLinking CXX executable single_inference_lidar_centerpoint_node[0m
[ 34%] Built target single_inference_lidar_centerpoint_node
[ 39%] [32m[1mLinking CXX executable lidar_centerpoint_node[0m
[ 39%] Built target lidar_centerpoint_node
[ 43%] [32mBuilding CXX object CMakeFiles/centerpoint_lib.dir/lib/centerpoint_trt.cpp.o[0m
[ 47%] [32mBuilding CXX object CMakeFiles/centerpoint_lib.dir/lib/preprocess/voxel_generator.cpp.o[0m
[ 52%] [32mBuilding CXX object CMakeFiles/centerpoint_lib.dir/lib/preprocess/pointcloud_densification.cpp.o[0m
[ 56%] [32mBuilding CXX object CMakeFiles/centerpoint_lib.dir/lib/postprocess/non_maximum_suppression.cpp.o[0m
[ 60%] [32mBuilding CXX object CMakeFiles/centerpoint_lib.dir/lib/network/network_trt.cpp.o[0m
[ 65%] [32mBuilding CXX object CMakeFiles/centerpoint_lib.dir/lib/ros_utils.cpp.o[0m
[ 69%] [32mBuilding CXX object CMakeFiles/centerpoint_lib.dir/lib/network/tensorrt_wrapper.cpp.o[0m
[ 73%] [32mBuilding CXX object CMakeFiles/centerpoint_lib.dir/lib/utils.cpp.o[0m
[ 78%] [32mBuilding CXX object CMakeFiles/centerpoint_lib.dir/lib/detection_class_remapper.cpp.o[0m
[ 82%] [32m[1mLinking CXX shared library libcenterpoint_lib.so[0m
[ 82%] Built target centerpoint_lib
[ 86%] [32mBuilding CXX object CMakeFiles/lidar_centerpoint_component.dir/src/node.cpp.o[0m
[ 91%] [32m[1mLinking CXX shared library liblidar_centerpoint_component.so[0m
[ 91%] Built target lidar_centerpoint_component
[ 95%] [32mBuilding CXX object CMakeFiles/single_inference_lidar_centerpoint_component.dir/src/single_inference_node.cpp.o[0m
[100%] [32m[1mLinking CXX shared library libsingle_inference_lidar_centerpoint_component.so[0m
[100%] Built target single_inference_lidar_centerpoint_component
-- Install configuration: "Release"
-- Execute custom install script
-- Symlinking: /home/sws/autoware/install/lidar_centerpoint/lib/lidar_centerpoint/lidar_centerpoint_node
-- Symlinking: /home/sws/autoware/install/lidar_centerpoint/lib/lidar_centerpoint/single_inference_lidar_centerpoint_node
-- Symlinking: /home/sws/autoware/install/lidar_centerpoint/lib/lidar_centerpoint/lidar_centerpoint_visualizer.py
-- Symlinking: /home/sws/autoware/install/lidar_centerpoint/include/lidar_centerpoint/centerpoint_config.hpp
-- Symlinking: /home/sws/autoware/install/lidar_centerpoint/include/lidar_centerpoint/centerpoint_trt.hpp
-- Symlinking: /home/sws/autoware/install/lidar_centerpoint/include/lidar_centerpoint/cuda_utils.hpp
-- Symlinking: /home/sws/autoware/install/lidar_centerpoint/include/lidar_centerpoint/detection_class_remapper.hpp
-- Symlinking: /home/sws/autoware/install/lidar_centerpoint/include/lidar_centerpoint/network/network_trt.hpp
-- Symlinking: /home/sws/autoware/install/lidar_centerpoint/include/lidar_centerpoint/network/scatter_kernel.hpp
-- Symlinking: /home/sws/autoware/install/lidar_centerpoint/include/lidar_centerpoint/network/tensorrt_wrapper.hpp
-- Symlinking: /home/sws/autoware/install/lidar_centerpoint/include/lidar_centerpoint/node.hpp
-- Symlinking: /home/sws/autoware/install/lidar_centerpoint/include/lidar_centerpoint/postprocess/circle_nms_kernel.hpp
-- Symlinking: /home/sws/autoware/install/lidar_centerpoint/include/lidar_centerpoint/postprocess/non_maximum_suppression.hpp
-- Symlinking: /home/sws/autoware/install/lidar_centerpoint/include/lidar_centerpoint/postprocess/postprocess_kernel.hpp
-- Symlinking: /home/sws/autoware/install/lidar_centerpoint/include/lidar_centerpoint/preprocess/pointcloud_densification.hpp
-- Symlinking: /home/sws/autoware/install/lidar_centerpoint/include/lidar_centerpoint/preprocess/preprocess_kernel.hpp
-- Symlinking: /home/sws/autoware/install/lidar_centerpoint/include/lidar_centerpoint/preprocess/voxel_generator.hpp
-- Symlinking: /home/sws/autoware/install/lidar_centerpoint/include/lidar_centerpoint/ros_utils.hpp
-- Symlinking: /home/sws/autoware/install/lidar_centerpoint/include/lidar_centerpoint/single_inference_node.hpp
-- Symlinking: /home/sws/autoware/install/lidar_centerpoint/include/lidar_centerpoint/utils.hpp
-- Symlinking: /home/sws/autoware/install/lidar_centerpoint/share/lidar_centerpoint/environment/library_path.sh
-- Symlinking: /home/sws/autoware/install/lidar_centerpoint/share/lidar_centerpoint/environment/library_path.dsv
-- Symlinking: /home/sws/autoware/install/lidar_centerpoint/lib/libcenterpoint_lib.so
-- Symlinking: /home/sws/autoware/install/lidar_centerpoint/lib/liblidar_centerpoint_component.so
-- Symlinking: /home/sws/autoware/install/lidar_centerpoint/lib/libsingle_inference_lidar_centerpoint_component.so
-- Symlinking: /home/sws/autoware/install/lidar_centerpoint/share/lidar_centerpoint/launch/centerpoint_vs_centerpoint-tiny/README.md
-- Symlinking: /home/sws/autoware/install/lidar_centerpoint/share/lidar_centerpoint/launch/centerpoint_vs_centerpoint-tiny/centerpoint_vs_centerpoint-tiny.launch.xml
-- Symlinking: /home/sws/autoware/install/lidar_centerpoint/share/lidar_centerpoint/launch/centerpoint_vs_centerpoint-tiny/rviz/centerpoint.rviz
-- Symlinking: /home/sws/autoware/install/lidar_centerpoint/share/lidar_centerpoint/launch/centerpoint_vs_centerpoint-tiny/rviz/centerpoint_tiny.rviz
-- Symlinking: /home/sws/autoware/install/lidar_centerpoint/share/lidar_centerpoint/launch/lidar_centerpoint.launch.xml
-- Symlinking: /home/sws/autoware/install/lidar_centerpoint/share/lidar_centerpoint/launch/single_inference_lidar_centerpoint.launch.xml
-- Symlinking: /home/sws/autoware/install/lidar_centerpoint/share/lidar_centerpoint/data/pts_backbone_neck_head_centerpoint.onnx
-- Symlinking: /home/sws/autoware/install/lidar_centerpoint/share/lidar_centerpoint/data/pts_backbone_neck_head_centerpoint_tiny.onnx
-- Symlinking: /home/sws/autoware/install/lidar_centerpoint/share/lidar_centerpoint/data/pts_voxel_encoder_centerpoint.onnx
-- Symlinking: /home/sws/autoware/install/lidar_centerpoint/share/lidar_centerpoint/data/pts_voxel_encoder_centerpoint_tiny.onnx
-- Symlinking: /home/sws/autoware/install/lidar_centerpoint/share/lidar_centerpoint/config/centerpoint.param.yaml
-- Symlinking: /home/sws/autoware/install/lidar_centerpoint/share/lidar_centerpoint/config/centerpoint_tiny.param.yaml
-- Symlinking: /home/sws/autoware/install/lidar_centerpoint/share/lidar_centerpoint/config/detection_class_remapper.param.yaml
-- Symlinking: /home/sws/autoware/install/lidar_centerpoint/share/ament_index/resource_index/package_run_dependencies/lidar_centerpoint
-- Symlinking: /home/sws/autoware/install/lidar_centerpoint/share/ament_index/resource_index/parent_prefix_path/lidar_centerpoint
-- Symlinking: /home/sws/autoware/install/lidar_centerpoint/share/lidar_centerpoint/environment/ament_prefix_path.sh
-- Symlinking: /home/sws/autoware/install/lidar_centerpoint/share/lidar_centerpoint/environment/ament_prefix_path.dsv
-- Symlinking: /home/sws/autoware/install/lidar_centerpoint/share/lidar_centerpoint/environment/path.sh
-- Symlinking: /home/sws/autoware/install/lidar_centerpoint/share/lidar_centerpoint/environment/path.dsv
-- Symlinking: /home/sws/autoware/install/lidar_centerpoint/share/lidar_centerpoint/local_setup.bash
-- Symlinking: /home/sws/autoware/install/lidar_centerpoint/share/lidar_centerpoint/local_setup.sh
-- Symlinking: /home/sws/autoware/install/lidar_centerpoint/share/lidar_centerpoint/local_setup.zsh
-- Symlinking: /home/sws/autoware/install/lidar_centerpoint/share/lidar_centerpoint/local_setup.dsv
-- Symlinking: /home/sws/autoware/install/lidar_centerpoint/share/lidar_centerpoint/package.dsv
-- Symlinking: /home/sws/autoware/install/lidar_centerpoint/share/ament_index/resource_index/packages/lidar_centerpoint
-- Symlinking: /home/sws/autoware/install/lidar_centerpoint/share/ament_index/resource_index/rclcpp_components/lidar_centerpoint
-- Symlinking: /home/sws/autoware/install/lidar_centerpoint/share/lidar_centerpoint/cmake/ament_cmake_export_dependencies-extras.cmake
-- Symlinking: /home/sws/autoware/install/lidar_centerpoint/share/lidar_centerpoint/cmake/ament_cmake_export_include_directories-extras.cmake
-- Symlinking: /home/sws/autoware/install/lidar_centerpoint/share/lidar_centerpoint/cmake/ament_cmake_export_libraries-extras.cmake
-- Symlinking: /home/sws/autoware/install/lidar_centerpoint/share/lidar_centerpoint/cmake/lidar_centerpointConfig.cmake
-- Symlinking: /home/sws/autoware/install/lidar_centerpoint/share/lidar_centerpoint/cmake/lidar_centerpointConfig-version.cmake
-- Symlinking: /home/sws/autoware/install/lidar_centerpoint/share/lidar_centerpoint/package.xml
-- Symlinking: /home/sws/autoware/install/lidar_centerpoint/lib/libcenterpoint_cuda_lib.so
