[0.026s] Invoking command in '/home/sws/autoware/build/velodyne_monitor': AMENT_PREFIX_PATH=/home/sws/autoware/install/autoware_cmake:/home/sws/autoware/install/autoware_lint_common:${AMENT_PREFIX_PATH} CMAKE_PREFIX_PATH=/home/sws/autoware/install/autoware_cmake:/home/sws/autoware/install/autoware_lint_common:/opt/ros/humble /usr/bin/cmake /home/sws/autoware/src/universe/autoware.universe/system/velodyne_monitor -DCMAKE_BUILD_TYPE=Release -DAMENT_CMAKE_SYMLINK_INSTALL=1 -DCMAKE_INSTALL_PREFIX=/home/sws/autoware/install/velodyne_monitor
[9.199s] -- The C compiler identification is GNU 11.3.0
[9.199s] -- The CXX compiler identification is GNU 11.3.0
[9.199s] -- Detecting C compiler ABI info
[9.199s] -- Detecting C compiler ABI info - done
[9.199s] -- Check for working C compiler: /usr/bin/cc - skipped
[9.199s] -- Detecting C compile features
[9.199s] -- Detecting C compile features - done
[9.199s] -- Detecting CXX compiler ABI info
[9.199s] -- Detecting CXX compiler ABI info - done
[9.199s] -- Check for working CXX compiler: /usr/bin/c++ - skipped
[9.199s] -- Detecting CXX compile features
[9.200s] -- Detecting CXX compile features - done
[9.200s] -- Found autoware_cmake: 0.1.0 (/home/sws/autoware/install/autoware_cmake/share/autoware_cmake/cmake)
[9.200s] -- Found Python3: /usr/bin/python3.10 (found version "3.10.6") found components: Interpreter 
[9.200s] -- Override CMake install command with custom implementation using symlinks instead of copying resources
[9.200s] -- Found rosidl_generator_c: 3.1.4 (/opt/ros/humble/share/rosidl_generator_c/cmake)
[9.200s] -- Found rosidl_adapter: 3.1.4 (/opt/ros/humble/share/rosidl_adapter/cmake)
[9.200s] -- Found rosidl_generator_cpp: 3.1.4 (/opt/ros/humble/share/rosidl_generator_cpp/cmake)
[9.200s] -- Using all available rosidl_typesupport_c: rosidl_typesupport_fastrtps_c;rosidl_typesupport_introspection_c
[9.200s] -- Using all available rosidl_typesupport_cpp: rosidl_typesupport_fastrtps_cpp;rosidl_typesupport_introspection_cpp
[9.200s] -- Found rmw_implementation_cmake: 6.1.1 (/opt/ros/humble/share/rmw_implementation_cmake/cmake)
[9.200s] -- Found rmw_fastrtps_cpp: 6.2.2 (/opt/ros/humble/share/rmw_fastrtps_cpp/cmake)
[9.200s] -- Found OpenSSL: /usr/lib/x86_64-linux-gnu/libcrypto.so (found version "3.0.2")  
[9.201s] -- Found FastRTPS: /opt/ros/humble/include  
[9.201s] -- Using RMW implementation 'rmw_fastrtps_cpp' as default
[9.201s] -- Looking for pthread.h
[9.201s] -- Looking for pthread.h - found
[9.201s] -- Performing Test CMAKE_HAVE_LIBC_PTHREAD
[9.201s] -- Performing Test CMAKE_HAVE_LIBC_PTHREAD - Success
[9.201s] -- Found Threads: TRUE  
[9.201s] -- Found ament_lint_auto: 0.12.5 (/opt/ros/humble/share/ament_lint_auto/cmake)
[9.201s] -- Added test 'copyright' to check source files copyright and LICENSE
[9.201s] -- Added test 'cppcheck' to perform static code analysis on C / C++ code
[9.201s] -- Configured cppcheck include dirs: /home/sws/autoware/src/universe/autoware.universe/system/velodyne_monitor/include
[9.202s] -- Configured cppcheck exclude dirs and/or files: 
[9.202s] -- Added test 'lint_cmake' to check CMake code style
[9.202s] -- Added test 'xmllint' to check XML markup files
[9.202s] -- Configuring done
[9.202s] -- Generating done
[9.202s] -- Build files have been written to: /home/sws/autoware/build/velodyne_monitor
[9.225s] Invoked command in '/home/sws/autoware/build/velodyne_monitor' returned '0': AMENT_PREFIX_PATH=/home/sws/autoware/install/autoware_cmake:/home/sws/autoware/install/autoware_lint_common:${AMENT_PREFIX_PATH} CMAKE_PREFIX_PATH=/home/sws/autoware/install/autoware_cmake:/home/sws/autoware/install/autoware_lint_common:/opt/ros/humble /usr/bin/cmake /home/sws/autoware/src/universe/autoware.universe/system/velodyne_monitor -DCMAKE_BUILD_TYPE=Release -DAMENT_CMAKE_SYMLINK_INSTALL=1 -DCMAKE_INSTALL_PREFIX=/home/sws/autoware/install/velodyne_monitor
[9.230s] Invoking command in '/home/sws/autoware/build/velodyne_monitor': AMENT_PREFIX_PATH=/home/sws/autoware/install/autoware_cmake:/home/sws/autoware/install/autoware_lint_common:${AMENT_PREFIX_PATH} CMAKE_PREFIX_PATH=/home/sws/autoware/install/autoware_cmake:/home/sws/autoware/install/autoware_lint_common:/opt/ros/humble /usr/bin/cmake --build /home/sws/autoware/build/velodyne_monitor -- -j16 -l16
[18.178s] [ 33%] [32mBuilding CXX object CMakeFiles/velodyne_monitor.dir/src/velodyne_monitor_node.cpp.o[0m
[20.356s] [ 66%] [32mBuilding CXX object CMakeFiles/velodyne_monitor.dir/src/velodyne_monitor.cpp.o[0m
[38.896s] [100%] [32m[1mLinking CXX executable velodyne_monitor[0m
[39.424s] [100%] Built target velodyne_monitor
[39.446s] Invoked command in '/home/sws/autoware/build/velodyne_monitor' returned '0': AMENT_PREFIX_PATH=/home/sws/autoware/install/autoware_cmake:/home/sws/autoware/install/autoware_lint_common:${AMENT_PREFIX_PATH} CMAKE_PREFIX_PATH=/home/sws/autoware/install/autoware_cmake:/home/sws/autoware/install/autoware_lint_common:/opt/ros/humble /usr/bin/cmake --build /home/sws/autoware/build/velodyne_monitor -- -j16 -l16
[39.614s] Invoking command in '/home/sws/autoware/build/velodyne_monitor': AMENT_PREFIX_PATH=/home/sws/autoware/install/autoware_cmake:/home/sws/autoware/install/autoware_lint_common:${AMENT_PREFIX_PATH} CMAKE_PREFIX_PATH=/home/sws/autoware/install/autoware_cmake:/home/sws/autoware/install/autoware_lint_common:/opt/ros/humble /usr/bin/cmake --install /home/sws/autoware/build/velodyne_monitor
[40.534s] -- Install configuration: "Release"
[40.535s] -- Execute custom install script
[40.535s] -- Symlinking: /home/sws/autoware/install/velodyne_monitor/include/velodyne_monitor/velodyne_monitor.hpp
[40.537s] -- Symlinking: /home/sws/autoware/install/velodyne_monitor/lib/velodyne_monitor/velodyne_monitor
[40.537s] -- Symlinking: /home/sws/autoware/install/velodyne_monitor/share/velodyne_monitor/launch/velodyne_monitor.launch.xml
[40.538s] -- Symlinking: /home/sws/autoware/install/velodyne_monitor/share/velodyne_monitor/config/HDL-32E.param.yaml
[40.538s] -- Symlinking: /home/sws/autoware/install/velodyne_monitor/share/velodyne_monitor/config/VLP-16.param.yaml
[40.538s] -- Symlinking: /home/sws/autoware/install/velodyne_monitor/share/velodyne_monitor/config/VLP-32C.param.yaml
[40.538s] -- Symlinking: /home/sws/autoware/install/velodyne_monitor/share/velodyne_monitor/config/VLS-128.param.yaml
[40.538s] -- Symlinking: /home/sws/autoware/install/velodyne_monitor/share/velodyne_monitor/config/Velarray_M1600.param.yaml
[40.538s] -- Symlinking: /home/sws/autoware/install/velodyne_monitor/share/ament_index/resource_index/package_run_dependencies/velodyne_monitor
[40.538s] -- Symlinking: /home/sws/autoware/install/velodyne_monitor/share/ament_index/resource_index/parent_prefix_path/velodyne_monitor
[40.538s] -- Symlinking: /home/sws/autoware/install/velodyne_monitor/share/velodyne_monitor/environment/ament_prefix_path.sh
[40.538s] -- Symlinking: /home/sws/autoware/install/velodyne_monitor/share/velodyne_monitor/environment/ament_prefix_path.dsv
[40.538s] -- Symlinking: /home/sws/autoware/install/velodyne_monitor/share/velodyne_monitor/environment/path.sh
[40.539s] -- Symlinking: /home/sws/autoware/install/velodyne_monitor/share/velodyne_monitor/environment/path.dsv
[40.539s] -- Symlinking: /home/sws/autoware/install/velodyne_monitor/share/velodyne_monitor/local_setup.bash
[40.539s] -- Symlinking: /home/sws/autoware/install/velodyne_monitor/share/velodyne_monitor/local_setup.sh
[40.539s] -- Symlinking: /home/sws/autoware/install/velodyne_monitor/share/velodyne_monitor/local_setup.zsh
[40.539s] -- Symlinking: /home/sws/autoware/install/velodyne_monitor/share/velodyne_monitor/local_setup.dsv
[40.539s] -- Symlinking: /home/sws/autoware/install/velodyne_monitor/share/velodyne_monitor/package.dsv
[40.539s] -- Symlinking: /home/sws/autoware/install/velodyne_monitor/share/ament_index/resource_index/packages/velodyne_monitor
[40.539s] -- Symlinking: /home/sws/autoware/install/velodyne_monitor/share/velodyne_monitor/cmake/ament_cmake_export_dependencies-extras.cmake
[40.539s] -- Symlinking: /home/sws/autoware/install/velodyne_monitor/share/velodyne_monitor/cmake/ament_cmake_export_include_directories-extras.cmake
[40.539s] -- Symlinking: /home/sws/autoware/install/velodyne_monitor/share/velodyne_monitor/cmake/velodyne_monitorConfig.cmake
[40.540s] -- Symlinking: /home/sws/autoware/install/velodyne_monitor/share/velodyne_monitor/cmake/velodyne_monitorConfig-version.cmake
[40.540s] -- Symlinking: /home/sws/autoware/install/velodyne_monitor/share/velodyne_monitor/package.xml
[40.566s] Invoked command in '/home/sws/autoware/build/velodyne_monitor' returned '0': AMENT_PREFIX_PATH=/home/sws/autoware/install/autoware_cmake:/home/sws/autoware/install/autoware_lint_common:${AMENT_PREFIX_PATH} CMAKE_PREFIX_PATH=/home/sws/autoware/install/autoware_cmake:/home/sws/autoware/install/autoware_lint_common:/opt/ros/humble /usr/bin/cmake --install /home/sws/autoware/build/velodyne_monitor
