[0.058s] Invoking command in '/home/sws/autoware/build/control_performance_analysis': AMENT_PREFIX_PATH=/home/sws/autoware/install/motion_utils:/home/sws/autoware/install/global_parameter_loader:/home/sws/autoware/install/vehicle_info_util:/home/sws/autoware/install/interpolation:/home/sws/autoware/install/tier4_autoware_utils:/home/sws/autoware/install/signal_processing:/home/sws/autoware/install/autoware_auto_vehicle_msgs:/home/sws/autoware/install/autoware_cmake:/home/sws/autoware/install/autoware_auto_planning_msgs:/home/sws/autoware/install/autoware_auto_perception_msgs:/home/sws/autoware/install/tier4_debug_msgs:/home/sws/autoware/install/autoware_lint_common:/home/sws/autoware/install/autoware_auto_mapping_msgs:/home/sws/autoware/install/autoware_auto_geometry_msgs:/home/sws/autoware/install/autoware_auto_control_msgs:${AMENT_PREFIX_PATH} CMAKE_PREFIX_PATH=/home/sws/autoware/install/motion_utils:/home/sws/autoware/install/global_parameter_loader:/home/sws/autoware/install/vehicle_info_util:/home/sws/autoware/install/interpolation:/home/sws/autoware/install/tier4_autoware_utils:/home/sws/autoware/install/signal_processing:/home/sws/autoware/install/autoware_auto_vehicle_msgs:/home/sws/autoware/install/autoware_cmake:/home/sws/autoware/install/autoware_auto_planning_msgs:/home/sws/autoware/install/autoware_auto_perception_msgs:/home/sws/autoware/install/tier4_debug_msgs:/home/sws/autoware/install/autoware_lint_common:/home/sws/autoware/install/autoware_auto_mapping_msgs:/home/sws/autoware/install/autoware_auto_geometry_msgs:/home/sws/autoware/install/autoware_auto_control_msgs:/opt/ros/humble LD_LIBRARY_PATH=/home/sws/autoware/install/motion_utils/lib:/home/sws/autoware/install/vehicle_info_util/lib:/home/sws/autoware/install/interpolation/lib:/home/sws/autoware/install/tier4_autoware_utils/lib:/home/sws/autoware/install/signal_processing/lib:/home/sws/autoware/install/autoware_auto_vehicle_msgs/lib:/home/sws/autoware/install/autoware_auto_planning_msgs/lib:/home/sws/autoware/install/autoware_auto_perception_msgs/lib:/home/sws/autoware/install/tier4_debug_msgs/lib:/home/sws/autoware/install/autoware_auto_mapping_msgs/lib:/home/sws/autoware/install/autoware_auto_geometry_msgs/lib:/home/sws/autoware/install/autoware_auto_control_msgs/lib:${LD_LIBRARY_PATH} PYTHONPATH=/home/sws/autoware/install/autoware_auto_vehicle_msgs/local/lib/python3.10/dist-packages:/home/sws/autoware/install/autoware_auto_planning_msgs/local/lib/python3.10/dist-packages:/home/sws/autoware/install/autoware_auto_perception_msgs/local/lib/python3.10/dist-packages:/home/sws/autoware/install/tier4_debug_msgs/local/lib/python3.10/dist-packages:/home/sws/autoware/install/autoware_auto_mapping_msgs/local/lib/python3.10/dist-packages:/home/sws/autoware/install/autoware_auto_geometry_msgs/local/lib/python3.10/dist-packages:/home/sws/autoware/install/autoware_auto_control_msgs/local/lib/python3.10/dist-packages:${PYTHONPATH} /usr/bin/cmake /home/sws/autoware/src/universe/autoware.universe/control/control_performance_analysis -DCMAKE_BUILD_TYPE=Release -DAMENT_CMAKE_SYMLINK_INSTALL=1 -DCMAKE_INSTALL_PREFIX=/home/sws/autoware/install/control_performance_analysis
[49.613s] -- The C compiler identification is GNU 11.3.0
[49.613s] -- The CXX compiler identification is GNU 11.3.0
[49.613s] -- Detecting C compiler ABI info
[49.613s] -- Detecting C compiler ABI info - done
[49.613s] -- Check for working C compiler: /usr/bin/cc - skipped
[49.613s] -- Detecting C compile features
[49.613s] -- Detecting C compile features - done
[49.613s] -- Detecting CXX compiler ABI info
[49.614s] -- Detecting CXX compiler ABI info - done
[49.614s] -- Check for working CXX compiler: /usr/bin/c++ - skipped
[49.614s] -- Detecting CXX compile features
[49.614s] -- Detecting CXX compile features - done
[49.614s] -- Found autoware_cmake: 0.1.0 (/home/sws/autoware/install/autoware_cmake/share/autoware_cmake/cmake)
[49.614s] -- Found Python3: /usr/bin/python3.10 (found version "3.10.6") found components: Interpreter 
[49.614s] -- Override CMake install command with custom implementation using symlinks instead of copying resources
[49.614s] -- Found rosidl_generator_c: 3.1.4 (/opt/ros/humble/share/rosidl_generator_c/cmake)
[49.614s] -- Found rosidl_adapter: 3.1.4 (/opt/ros/humble/share/rosidl_adapter/cmake)
[49.614s] -- Found rosidl_generator_cpp: 3.1.4 (/opt/ros/humble/share/rosidl_generator_cpp/cmake)
[49.614s] -- Using all available rosidl_typesupport_c: rosidl_typesupport_fastrtps_c;rosidl_typesupport_introspection_c
[49.615s] -- Using all available rosidl_typesupport_cpp: rosidl_typesupport_fastrtps_cpp;rosidl_typesupport_introspection_cpp
[49.615s] -- Found rmw_implementation_cmake: 6.1.1 (/opt/ros/humble/share/rmw_implementation_cmake/cmake)
[49.615s] -- Found rmw_fastrtps_cpp: 6.2.2 (/opt/ros/humble/share/rmw_fastrtps_cpp/cmake)
[49.615s] -- Found OpenSSL: /usr/lib/x86_64-linux-gnu/libcrypto.so (found version "3.0.2")  
[49.615s] -- Found FastRTPS: /opt/ros/humble/include  
[49.615s] -- Using RMW implementation 'rmw_fastrtps_cpp' as default
[49.615s] -- Looking for pthread.h
[49.615s] -- Looking for pthread.h - found
[49.615s] -- Performing Test CMAKE_HAVE_LIBC_PTHREAD
[49.615s] -- Performing Test CMAKE_HAVE_LIBC_PTHREAD - Success
[49.615s] -- Found Threads: TRUE  
[49.616s] -- Found eigen3_cmake_module: 0.1.1 (/opt/ros/humble/share/eigen3_cmake_module/cmake)
[49.616s] -- Found Eigen3: TRUE (found version "3.4.0") 
[49.616s] -- Ensuring Eigen3 include directory is part of orocos-kdl CMake target
[49.616s] -- Found ament_lint_auto: 0.12.5 (/opt/ros/humble/share/ament_lint_auto/cmake)
[49.616s] -- Found Boost: /usr/lib/x86_64-linux-gnu/cmake/Boost-1.74.0/BoostConfig.cmake (found version "1.74.0")  
[49.616s] -- Found ament_cmake_ros: 0.10.0 (/opt/ros/humble/share/ament_cmake_ros/cmake)
[49.616s] -- Using all available rosidl_typesupport_c: rosidl_typesupport_fastrtps_c;rosidl_typesupport_introspection_c
[49.616s] -- Using all available rosidl_typesupport_cpp: rosidl_typesupport_fastrtps_cpp;rosidl_typesupport_introspection_cpp
[49.616s] -- Found PythonInterp: /usr/bin/python3 (found suitable version "3.10.6", minimum required is "3.6") 
[49.616s] -- Found python_cmake_module: 0.10.0 (/opt/ros/humble/share/python_cmake_module/cmake)
[49.616s] -- Found PythonLibs: /usr/lib/x86_64-linux-gnu/libpython3.10.so (found suitable version "3.10.6", minimum required is "3.5") 
[49.617s] -- Using PYTHON_EXECUTABLE: /usr/bin/python3
[49.617s] -- Using PYTHON_INCLUDE_DIRS: /usr/include/python3.10
[49.617s] -- Using PYTHON_LIBRARIES: /usr/lib/x86_64-linux-gnu/libpython3.10.so
[49.617s] -- Found PythonExtra: .so  
[49.617s] -- Added test 'copyright' to check source files copyright and LICENSE
[49.617s] -- Added test 'cppcheck' to perform static code analysis on C / C++ code
[49.617s] -- Configured cppcheck include dirs: /home/sws/autoware/src/universe/autoware.universe/control/control_performance_analysis/include
[49.617s] -- Configured cppcheck exclude dirs and/or files: 
[49.617s] -- Added test 'lint_cmake' to check CMake code style
[49.617s] -- Added test 'xmllint' to check XML markup files
[49.617s] -- Configuring done
[49.617s] -- Generating done
[49.618s] -- Build files have been written to: /home/sws/autoware/build/control_performance_analysis
[49.689s] Invoked command in '/home/sws/autoware/build/control_performance_analysis' returned '0': AMENT_PREFIX_PATH=/home/sws/autoware/install/motion_utils:/home/sws/autoware/install/global_parameter_loader:/home/sws/autoware/install/vehicle_info_util:/home/sws/autoware/install/interpolation:/home/sws/autoware/install/tier4_autoware_utils:/home/sws/autoware/install/signal_processing:/home/sws/autoware/install/autoware_auto_vehicle_msgs:/home/sws/autoware/install/autoware_cmake:/home/sws/autoware/install/autoware_auto_planning_msgs:/home/sws/autoware/install/autoware_auto_perception_msgs:/home/sws/autoware/install/tier4_debug_msgs:/home/sws/autoware/install/autoware_lint_common:/home/sws/autoware/install/autoware_auto_mapping_msgs:/home/sws/autoware/install/autoware_auto_geometry_msgs:/home/sws/autoware/install/autoware_auto_control_msgs:${AMENT_PREFIX_PATH} CMAKE_PREFIX_PATH=/home/sws/autoware/install/motion_utils:/home/sws/autoware/install/global_parameter_loader:/home/sws/autoware/install/vehicle_info_util:/home/sws/autoware/install/interpolation:/home/sws/autoware/install/tier4_autoware_utils:/home/sws/autoware/install/signal_processing:/home/sws/autoware/install/autoware_auto_vehicle_msgs:/home/sws/autoware/install/autoware_cmake:/home/sws/autoware/install/autoware_auto_planning_msgs:/home/sws/autoware/install/autoware_auto_perception_msgs:/home/sws/autoware/install/tier4_debug_msgs:/home/sws/autoware/install/autoware_lint_common:/home/sws/autoware/install/autoware_auto_mapping_msgs:/home/sws/autoware/install/autoware_auto_geometry_msgs:/home/sws/autoware/install/autoware_auto_control_msgs:/opt/ros/humble LD_LIBRARY_PATH=/home/sws/autoware/install/motion_utils/lib:/home/sws/autoware/install/vehicle_info_util/lib:/home/sws/autoware/install/interpolation/lib:/home/sws/autoware/install/tier4_autoware_utils/lib:/home/sws/autoware/install/signal_processing/lib:/home/sws/autoware/install/autoware_auto_vehicle_msgs/lib:/home/sws/autoware/install/autoware_auto_planning_msgs/lib:/home/sws/autoware/install/autoware_auto_perception_msgs/lib:/home/sws/autoware/install/tier4_debug_msgs/lib:/home/sws/autoware/install/autoware_auto_mapping_msgs/lib:/home/sws/autoware/install/autoware_auto_geometry_msgs/lib:/home/sws/autoware/install/autoware_auto_control_msgs/lib:${LD_LIBRARY_PATH} PYTHONPATH=/home/sws/autoware/install/autoware_auto_vehicle_msgs/local/lib/python3.10/dist-packages:/home/sws/autoware/install/autoware_auto_planning_msgs/local/lib/python3.10/dist-packages:/home/sws/autoware/install/autoware_auto_perception_msgs/local/lib/python3.10/dist-packages:/home/sws/autoware/install/tier4_debug_msgs/local/lib/python3.10/dist-packages:/home/sws/autoware/install/autoware_auto_mapping_msgs/local/lib/python3.10/dist-packages:/home/sws/autoware/install/autoware_auto_geometry_msgs/local/lib/python3.10/dist-packages:/home/sws/autoware/install/autoware_auto_control_msgs/local/lib/python3.10/dist-packages:${PYTHONPATH} /usr/bin/cmake /home/sws/autoware/src/universe/autoware.universe/control/control_performance_analysis -DCMAKE_BUILD_TYPE=Release -DAMENT_CMAKE_SYMLINK_INSTALL=1 -DCMAKE_INSTALL_PREFIX=/home/sws/autoware/install/control_performance_analysis
[49.689s] Invoking command in '/home/sws/autoware/build/control_performance_analysis': AMENT_PREFIX_PATH=/home/sws/autoware/install/motion_utils:/home/sws/autoware/install/global_parameter_loader:/home/sws/autoware/install/vehicle_info_util:/home/sws/autoware/install/interpolation:/home/sws/autoware/install/tier4_autoware_utils:/home/sws/autoware/install/signal_processing:/home/sws/autoware/install/autoware_auto_vehicle_msgs:/home/sws/autoware/install/autoware_cmake:/home/sws/autoware/install/autoware_auto_planning_msgs:/home/sws/autoware/install/autoware_auto_perception_msgs:/home/sws/autoware/install/tier4_debug_msgs:/home/sws/autoware/install/autoware_lint_common:/home/sws/autoware/install/autoware_auto_mapping_msgs:/home/sws/autoware/install/autoware_auto_geometry_msgs:/home/sws/autoware/install/autoware_auto_control_msgs:${AMENT_PREFIX_PATH} CMAKE_PREFIX_PATH=/home/sws/autoware/install/motion_utils:/home/sws/autoware/install/global_parameter_loader:/home/sws/autoware/install/vehicle_info_util:/home/sws/autoware/install/interpolation:/home/sws/autoware/install/tier4_autoware_utils:/home/sws/autoware/install/signal_processing:/home/sws/autoware/install/autoware_auto_vehicle_msgs:/home/sws/autoware/install/autoware_cmake:/home/sws/autoware/install/autoware_auto_planning_msgs:/home/sws/autoware/install/autoware_auto_perception_msgs:/home/sws/autoware/install/tier4_debug_msgs:/home/sws/autoware/install/autoware_lint_common:/home/sws/autoware/install/autoware_auto_mapping_msgs:/home/sws/autoware/install/autoware_auto_geometry_msgs:/home/sws/autoware/install/autoware_auto_control_msgs:/opt/ros/humble LD_LIBRARY_PATH=/home/sws/autoware/install/motion_utils/lib:/home/sws/autoware/install/vehicle_info_util/lib:/home/sws/autoware/install/interpolation/lib:/home/sws/autoware/install/tier4_autoware_utils/lib:/home/sws/autoware/install/signal_processing/lib:/home/sws/autoware/install/autoware_auto_vehicle_msgs/lib:/home/sws/autoware/install/autoware_auto_planning_msgs/lib:/home/sws/autoware/install/autoware_auto_perception_msgs/lib:/home/sws/autoware/install/tier4_debug_msgs/lib:/home/sws/autoware/install/autoware_auto_mapping_msgs/lib:/home/sws/autoware/install/autoware_auto_geometry_msgs/lib:/home/sws/autoware/install/autoware_auto_control_msgs/lib:${LD_LIBRARY_PATH} PYTHONPATH=/home/sws/autoware/install/autoware_auto_vehicle_msgs/local/lib/python3.10/dist-packages:/home/sws/autoware/install/autoware_auto_planning_msgs/local/lib/python3.10/dist-packages:/home/sws/autoware/install/autoware_auto_perception_msgs/local/lib/python3.10/dist-packages:/home/sws/autoware/install/tier4_debug_msgs/local/lib/python3.10/dist-packages:/home/sws/autoware/install/autoware_auto_mapping_msgs/local/lib/python3.10/dist-packages:/home/sws/autoware/install/autoware_auto_geometry_msgs/local/lib/python3.10/dist-packages:/home/sws/autoware/install/autoware_auto_control_msgs/local/lib/python3.10/dist-packages:${PYTHONPATH} /usr/bin/cmake --build /home/sws/autoware/build/control_performance_analysis -- -j16 -l16
[55.593s] [  1%] [34m[1mGenerating C++ code for ROS interfaces[0m
[55.594s] [  1%] Built target control_performance_analysis__cpp
[55.607s] [  3%] [32mBuilding CXX object CMakeFiles/control_performance_analysis_exe.dir/rclcpp_components/node_main_control_performance_analysis_exe.cpp.o[0m
[58.108s] [  4%] [32m[1mLinking CXX executable control_performance_analysis_exe[0m
[58.494s] [  4%] Built target control_performance_analysis_exe
[58.558s] [  6%] [34m[1mGenerating C++ introspection for ROS interfaces[0m
[59.692s] [  8%] [32mBuilding CXX object CMakeFiles/control_performance_analysis__rosidl_typesupport_introspection_cpp.dir/rosidl_typesupport_introspection_cpp/control_performance_analysis/msg/detail/error__type_support.cpp.o[0m
[60.560s] [  9%] [32mBuilding CXX object CMakeFiles/control_performance_analysis__rosidl_typesupport_introspection_cpp.dir/rosidl_typesupport_introspection_cpp/control_performance_analysis/msg/detail/float_stamped__type_support.cpp.o[0m
[61.629s] [ 11%] [32mBuilding CXX object CMakeFiles/control_performance_analysis__rosidl_typesupport_introspection_cpp.dir/rosidl_typesupport_introspection_cpp/control_performance_analysis/msg/detail/driving_monitor_stamped__type_support.cpp.o[0m
[62.569s] [ 12%] [32mBuilding CXX object CMakeFiles/control_performance_analysis__rosidl_typesupport_introspection_cpp.dir/rosidl_typesupport_introspection_cpp/control_performance_analysis/msg/detail/error_stamped__type_support.cpp.o[0m
[63.266s] [ 14%] [32m[1mLinking CXX shared library libcontrol_performance_analysis__rosidl_typesupport_introspection_cpp.so[0m
[63.509s] [ 14%] Built target control_performance_analysis__rosidl_typesupport_introspection_cpp
[63.561s] [ 16%] [34m[1mGenerating C++ type support for eProsima Fast-RTPS[0m
[64.516s] [ 17%] [32mBuilding CXX object CMakeFiles/control_performance_analysis__rosidl_typesupport_fastrtps_cpp.dir/rosidl_typesupport_fastrtps_cpp/control_performance_analysis/msg/detail/dds_fastrtps/error__type_support.cpp.o[0m
[65.297s] [ 19%] [32mBuilding CXX object CMakeFiles/control_performance_analysis__rosidl_typesupport_fastrtps_cpp.dir/rosidl_typesupport_fastrtps_cpp/control_performance_analysis/msg/detail/dds_fastrtps/float_stamped__type_support.cpp.o[0m
[65.930s] [ 20%] [32mBuilding CXX object CMakeFiles/control_performance_analysis__rosidl_typesupport_fastrtps_cpp.dir/rosidl_typesupport_fastrtps_cpp/control_performance_analysis/msg/detail/dds_fastrtps/driving_monitor_stamped__type_support.cpp.o[0m
[66.656s] [ 22%] [32mBuilding CXX object CMakeFiles/control_performance_analysis__rosidl_typesupport_fastrtps_cpp.dir/rosidl_typesupport_fastrtps_cpp/control_performance_analysis/msg/detail/dds_fastrtps/error_stamped__type_support.cpp.o[0m
[67.371s] [ 24%] [32m[1mLinking CXX shared library libcontrol_performance_analysis__rosidl_typesupport_fastrtps_cpp.so[0m
[67.515s] [ 24%] Built target control_performance_analysis__rosidl_typesupport_fastrtps_cpp
[67.572s] [ 25%] [34m[1mGenerating C++ type support dispatch for ROS interfaces[0m
[68.172s] [ 27%] [32mBuilding CXX object CMakeFiles/control_performance_analysis__rosidl_typesupport_cpp.dir/rosidl_typesupport_cpp/control_performance_analysis/msg/error__type_support.cpp.o[0m
[68.604s] [ 29%] [32mBuilding CXX object CMakeFiles/control_performance_analysis__rosidl_typesupport_cpp.dir/rosidl_typesupport_cpp/control_performance_analysis/msg/float_stamped__type_support.cpp.o[0m
[69.029s] [ 30%] [32mBuilding CXX object CMakeFiles/control_performance_analysis__rosidl_typesupport_cpp.dir/rosidl_typesupport_cpp/control_performance_analysis/msg/driving_monitor_stamped__type_support.cpp.o[0m
[69.479s] [ 32%] [32mBuilding CXX object CMakeFiles/control_performance_analysis__rosidl_typesupport_cpp.dir/rosidl_typesupport_cpp/control_performance_analysis/msg/error_stamped__type_support.cpp.o[0m
[69.905s] [ 33%] [32m[1mLinking CXX shared library libcontrol_performance_analysis__rosidl_typesupport_cpp.so[0m
[69.976s] [ 33%] Built target control_performance_analysis__rosidl_typesupport_cpp
[70.031s] [ 33%] Built target ament_cmake_python_symlink_control_performance_analysis
[70.116s] [ 35%] [32mBuilding CXX object CMakeFiles/control_performance_analysis_core.dir/src/control_performance_analysis_utils.cpp.o[0m
[75.474s] [ 37%] [32mBuilding CXX object CMakeFiles/control_performance_analysis_core.dir/src/control_performance_analysis_core.cpp.o[0m
[89.016s] [ 38%] [32m[1mLinking CXX shared library libcontrol_performance_analysis_core.so[0m
[89.275s] [ 38%] Built target control_performance_analysis_core
[89.685s] running egg_info
[89.686s] creating control_performance_analysis.egg-info
[89.686s] writing control_performance_analysis.egg-info/PKG-INFO
[89.686s] writing dependency_links to control_performance_analysis.egg-info/dependency_links.txt
[89.686s] writing top-level names to control_performance_analysis.egg-info/top_level.txt
[89.687s] writing manifest file 'control_performance_analysis.egg-info/SOURCES.txt'
[89.691s] reading manifest file 'control_performance_analysis.egg-info/SOURCES.txt'
[89.692s] writing manifest file 'control_performance_analysis.egg-info/SOURCES.txt'
[89.731s] [ 38%] Built target ament_cmake_python_build_control_performance_analysis_egg
[89.767s] [ 40%] [32mBuilding CXX object CMakeFiles/control_performance_analysis_node.dir/src/control_performance_analysis_node.cpp.o[0m
[133.340s] [ 41%] [32m[1mLinking CXX shared library libcontrol_performance_analysis_node.so[0m
[134.584s] [ 41%] Built target control_performance_analysis_node
[134.632s] [ 43%] [34m[1mGenerating C code for ROS interfaces[0m
[136.252s] [ 45%] [32mBuilding C object CMakeFiles/control_performance_analysis__rosidl_generator_c.dir/rosidl_generator_c/control_performance_analysis/msg/detail/error__functions.c.o[0m
[136.612s] [ 46%] [32mBuilding C object CMakeFiles/control_performance_analysis__rosidl_generator_c.dir/rosidl_generator_c/control_performance_analysis/msg/detail/float_stamped__functions.c.o[0m
[136.948s] [ 48%] [32mBuilding C object CMakeFiles/control_performance_analysis__rosidl_generator_c.dir/rosidl_generator_c/control_performance_analysis/msg/detail/driving_monitor_stamped__functions.c.o[0m
[137.240s] [ 50%] [32mBuilding C object CMakeFiles/control_performance_analysis__rosidl_generator_c.dir/rosidl_generator_c/control_performance_analysis/msg/detail/error_stamped__functions.c.o[0m
[137.492s] [ 51%] [32m[1mLinking C shared library libcontrol_performance_analysis__rosidl_generator_c.so[0m
[137.664s] [ 51%] Built target control_performance_analysis__rosidl_generator_c
[137.712s] [ 53%] [34m[1mGenerating C type support for eProsima Fast-RTPS[0m
[138.548s] [ 54%] [32mBuilding CXX object CMakeFiles/control_performance_analysis__rosidl_typesupport_fastrtps_c.dir/rosidl_typesupport_fastrtps_c/control_performance_analysis/msg/detail/error__type_support_c.cpp.o[0m
[139.205s] [ 56%] [32mBuilding CXX object CMakeFiles/control_performance_analysis__rosidl_typesupport_fastrtps_c.dir/rosidl_typesupport_fastrtps_c/control_performance_analysis/msg/detail/float_stamped__type_support_c.cpp.o[0m
[139.885s] [ 58%] [32mBuilding CXX object CMakeFiles/control_performance_analysis__rosidl_typesupport_fastrtps_c.dir/rosidl_typesupport_fastrtps_c/control_performance_analysis/msg/detail/driving_monitor_stamped__type_support_c.cpp.o[0m
[140.428s] [ 59%] [32mBuilding CXX object CMakeFiles/control_performance_analysis__rosidl_typesupport_fastrtps_c.dir/rosidl_typesupport_fastrtps_c/control_performance_analysis/msg/detail/error_stamped__type_support_c.cpp.o[0m
[140.960s] [ 61%] [32m[1mLinking CXX shared library libcontrol_performance_analysis__rosidl_typesupport_fastrtps_c.so[0m
[141.069s] [ 61%] Built target control_performance_analysis__rosidl_typesupport_fastrtps_c
[141.084s] [ 62%] [34m[1mGenerating C type support dispatch for ROS interfaces[0m
[141.635s] [ 64%] [32mBuilding CXX object CMakeFiles/control_performance_analysis__rosidl_typesupport_c.dir/rosidl_typesupport_c/control_performance_analysis/msg/error__type_support.cpp.o[0m
[141.681s] [ 66%] [32mBuilding CXX object CMakeFiles/control_performance_analysis__rosidl_typesupport_c.dir/rosidl_typesupport_c/control_performance_analysis/msg/float_stamped__type_support.cpp.o[0m
[141.732s] [ 67%] [32mBuilding CXX object CMakeFiles/control_performance_analysis__rosidl_typesupport_c.dir/rosidl_typesupport_c/control_performance_analysis/msg/driving_monitor_stamped__type_support.cpp.o[0m
[141.780s] [ 69%] [32mBuilding CXX object CMakeFiles/control_performance_analysis__rosidl_typesupport_c.dir/rosidl_typesupport_c/control_performance_analysis/msg/error_stamped__type_support.cpp.o[0m
[141.829s] [ 70%] [32m[1mLinking CXX shared library libcontrol_performance_analysis__rosidl_typesupport_c.so[0m
[141.893s] [ 70%] Built target control_performance_analysis__rosidl_typesupport_c
[141.910s] [ 72%] [34m[1mGenerating C introspection for ROS interfaces[0m
[142.610s] [ 74%] [32mBuilding C object CMakeFiles/control_performance_analysis__rosidl_typesupport_introspection_c.dir/rosidl_typesupport_introspection_c/control_performance_analysis/msg/detail/error__type_support.c.o[0m
[142.668s] [ 75%] [32mBuilding C object CMakeFiles/control_performance_analysis__rosidl_typesupport_introspection_c.dir/rosidl_typesupport_introspection_c/control_performance_analysis/msg/detail/float_stamped__type_support.c.o[0m
[142.728s] [ 77%] [32mBuilding C object CMakeFiles/control_performance_analysis__rosidl_typesupport_introspection_c.dir/rosidl_typesupport_introspection_c/control_performance_analysis/msg/detail/driving_monitor_stamped__type_support.c.o[0m
[142.790s] [ 79%] [32mBuilding C object CMakeFiles/control_performance_analysis__rosidl_typesupport_introspection_c.dir/rosidl_typesupport_introspection_c/control_performance_analysis/msg/detail/error_stamped__type_support.c.o[0m
[142.850s] [ 80%] [32m[1mLinking C shared library libcontrol_performance_analysis__rosidl_typesupport_introspection_c.so[0m
[142.898s] [ 80%] Built target control_performance_analysis__rosidl_typesupport_introspection_c
[142.931s] [ 80%] Built target control_performance_analysis
[142.963s] [ 82%] [34m[1mGenerating Python code for ROS interfaces[0m
[144.203s] [ 82%] Built target control_performance_analysis__py
[144.235s] [ 83%] [32mBuilding C object CMakeFiles/control_performance_analysis__rosidl_generator_py.dir/rosidl_generator_py/control_performance_analysis/msg/_error_s.c.o[0m
[144.469s] [ 85%] [32mBuilding C object CMakeFiles/control_performance_analysis__rosidl_generator_py.dir/rosidl_generator_py/control_performance_analysis/msg/_float_stamped_s.c.o[0m
[144.664s] [ 87%] [32mBuilding C object CMakeFiles/control_performance_analysis__rosidl_generator_py.dir/rosidl_generator_py/control_performance_analysis/msg/_driving_monitor_stamped_s.c.o[0m
[144.878s] [ 88%] [32mBuilding C object CMakeFiles/control_performance_analysis__rosidl_generator_py.dir/rosidl_generator_py/control_performance_analysis/msg/_error_stamped_s.c.o[0m
[145.077s] [ 90%] [32m[1mLinking C shared library rosidl_generator_py/control_performance_analysis/libcontrol_performance_analysis__rosidl_generator_py.so[0m
[145.138s] [ 90%] Built target control_performance_analysis__rosidl_generator_py
[145.171s] [ 91%] [32mBuilding C object CMakeFiles/control_performance_analysis__rosidl_typesupport_fastrtps_c__pyext.dir/rosidl_generator_py/control_performance_analysis/_control_performance_analysis_s.ep.rosidl_typesupport_fastrtps_c.c.o[0m
[145.409s] [ 93%] [32m[1mLinking C shared library rosidl_generator_py/control_performance_analysis/control_performance_analysis_s__rosidl_typesupport_fastrtps_c.cpython-310-x86_64-linux-gnu.so[0m
[145.469s] [ 93%] Built target control_performance_analysis__rosidl_typesupport_fastrtps_c__pyext
[145.501s] [ 95%] [32mBuilding C object CMakeFiles/control_performance_analysis__rosidl_typesupport_c__pyext.dir/rosidl_generator_py/control_performance_analysis/_control_performance_analysis_s.ep.rosidl_typesupport_c.c.o[0m
[145.719s] [ 96%] [32m[1mLinking C shared library rosidl_generator_py/control_performance_analysis/control_performance_analysis_s__rosidl_typesupport_c.cpython-310-x86_64-linux-gnu.so[0m
[145.782s] [ 96%] Built target control_performance_analysis__rosidl_typesupport_c__pyext
[145.816s] [ 98%] [32mBuilding C object CMakeFiles/control_performance_analysis__rosidl_typesupport_introspection_c__pyext.dir/rosidl_generator_py/control_performance_analysis/_control_performance_analysis_s.ep.rosidl_typesupport_introspection_c.c.o[0m
[146.071s] [100%] [32m[1mLinking C shared library rosidl_generator_py/control_performance_analysis/control_performance_analysis_s__rosidl_typesupport_introspection_c.cpython-310-x86_64-linux-gnu.so[0m
[146.133s] [100%] Built target control_performance_analysis__rosidl_typesupport_introspection_c__pyext
[146.152s] Invoked command in '/home/sws/autoware/build/control_performance_analysis' returned '0': AMENT_PREFIX_PATH=/home/sws/autoware/install/motion_utils:/home/sws/autoware/install/global_parameter_loader:/home/sws/autoware/install/vehicle_info_util:/home/sws/autoware/install/interpolation:/home/sws/autoware/install/tier4_autoware_utils:/home/sws/autoware/install/signal_processing:/home/sws/autoware/install/autoware_auto_vehicle_msgs:/home/sws/autoware/install/autoware_cmake:/home/sws/autoware/install/autoware_auto_planning_msgs:/home/sws/autoware/install/autoware_auto_perception_msgs:/home/sws/autoware/install/tier4_debug_msgs:/home/sws/autoware/install/autoware_lint_common:/home/sws/autoware/install/autoware_auto_mapping_msgs:/home/sws/autoware/install/autoware_auto_geometry_msgs:/home/sws/autoware/install/autoware_auto_control_msgs:${AMENT_PREFIX_PATH} CMAKE_PREFIX_PATH=/home/sws/autoware/install/motion_utils:/home/sws/autoware/install/global_parameter_loader:/home/sws/autoware/install/vehicle_info_util:/home/sws/autoware/install/interpolation:/home/sws/autoware/install/tier4_autoware_utils:/home/sws/autoware/install/signal_processing:/home/sws/autoware/install/autoware_auto_vehicle_msgs:/home/sws/autoware/install/autoware_cmake:/home/sws/autoware/install/autoware_auto_planning_msgs:/home/sws/autoware/install/autoware_auto_perception_msgs:/home/sws/autoware/install/tier4_debug_msgs:/home/sws/autoware/install/autoware_lint_common:/home/sws/autoware/install/autoware_auto_mapping_msgs:/home/sws/autoware/install/autoware_auto_geometry_msgs:/home/sws/autoware/install/autoware_auto_control_msgs:/opt/ros/humble LD_LIBRARY_PATH=/home/sws/autoware/install/motion_utils/lib:/home/sws/autoware/install/vehicle_info_util/lib:/home/sws/autoware/install/interpolation/lib:/home/sws/autoware/install/tier4_autoware_utils/lib:/home/sws/autoware/install/signal_processing/lib:/home/sws/autoware/install/autoware_auto_vehicle_msgs/lib:/home/sws/autoware/install/autoware_auto_planning_msgs/lib:/home/sws/autoware/install/autoware_auto_perception_msgs/lib:/home/sws/autoware/install/tier4_debug_msgs/lib:/home/sws/autoware/install/autoware_auto_mapping_msgs/lib:/home/sws/autoware/install/autoware_auto_geometry_msgs/lib:/home/sws/autoware/install/autoware_auto_control_msgs/lib:${LD_LIBRARY_PATH} PYTHONPATH=/home/sws/autoware/install/autoware_auto_vehicle_msgs/local/lib/python3.10/dist-packages:/home/sws/autoware/install/autoware_auto_planning_msgs/local/lib/python3.10/dist-packages:/home/sws/autoware/install/autoware_auto_perception_msgs/local/lib/python3.10/dist-packages:/home/sws/autoware/install/tier4_debug_msgs/local/lib/python3.10/dist-packages:/home/sws/autoware/install/autoware_auto_mapping_msgs/local/lib/python3.10/dist-packages:/home/sws/autoware/install/autoware_auto_geometry_msgs/local/lib/python3.10/dist-packages:/home/sws/autoware/install/autoware_auto_control_msgs/local/lib/python3.10/dist-packages:${PYTHONPATH} /usr/bin/cmake --build /home/sws/autoware/build/control_performance_analysis -- -j16 -l16
[146.291s] Invoking command in '/home/sws/autoware/build/control_performance_analysis': AMENT_PREFIX_PATH=/home/sws/autoware/install/motion_utils:/home/sws/autoware/install/global_parameter_loader:/home/sws/autoware/install/vehicle_info_util:/home/sws/autoware/install/interpolation:/home/sws/autoware/install/tier4_autoware_utils:/home/sws/autoware/install/signal_processing:/home/sws/autoware/install/autoware_auto_vehicle_msgs:/home/sws/autoware/install/autoware_cmake:/home/sws/autoware/install/autoware_auto_planning_msgs:/home/sws/autoware/install/autoware_auto_perception_msgs:/home/sws/autoware/install/tier4_debug_msgs:/home/sws/autoware/install/autoware_lint_common:/home/sws/autoware/install/autoware_auto_mapping_msgs:/home/sws/autoware/install/autoware_auto_geometry_msgs:/home/sws/autoware/install/autoware_auto_control_msgs:${AMENT_PREFIX_PATH} CMAKE_PREFIX_PATH=/home/sws/autoware/install/motion_utils:/home/sws/autoware/install/global_parameter_loader:/home/sws/autoware/install/vehicle_info_util:/home/sws/autoware/install/interpolation:/home/sws/autoware/install/tier4_autoware_utils:/home/sws/autoware/install/signal_processing:/home/sws/autoware/install/autoware_auto_vehicle_msgs:/home/sws/autoware/install/autoware_cmake:/home/sws/autoware/install/autoware_auto_planning_msgs:/home/sws/autoware/install/autoware_auto_perception_msgs:/home/sws/autoware/install/tier4_debug_msgs:/home/sws/autoware/install/autoware_lint_common:/home/sws/autoware/install/autoware_auto_mapping_msgs:/home/sws/autoware/install/autoware_auto_geometry_msgs:/home/sws/autoware/install/autoware_auto_control_msgs:/opt/ros/humble LD_LIBRARY_PATH=/home/sws/autoware/install/motion_utils/lib:/home/sws/autoware/install/vehicle_info_util/lib:/home/sws/autoware/install/interpolation/lib:/home/sws/autoware/install/tier4_autoware_utils/lib:/home/sws/autoware/install/signal_processing/lib:/home/sws/autoware/install/autoware_auto_vehicle_msgs/lib:/home/sws/autoware/install/autoware_auto_planning_msgs/lib:/home/sws/autoware/install/autoware_auto_perception_msgs/lib:/home/sws/autoware/install/tier4_debug_msgs/lib:/home/sws/autoware/install/autoware_auto_mapping_msgs/lib:/home/sws/autoware/install/autoware_auto_geometry_msgs/lib:/home/sws/autoware/install/autoware_auto_control_msgs/lib:${LD_LIBRARY_PATH} PYTHONPATH=/home/sws/autoware/install/autoware_auto_vehicle_msgs/local/lib/python3.10/dist-packages:/home/sws/autoware/install/autoware_auto_planning_msgs/local/lib/python3.10/dist-packages:/home/sws/autoware/install/autoware_auto_perception_msgs/local/lib/python3.10/dist-packages:/home/sws/autoware/install/tier4_debug_msgs/local/lib/python3.10/dist-packages:/home/sws/autoware/install/autoware_auto_mapping_msgs/local/lib/python3.10/dist-packages:/home/sws/autoware/install/autoware_auto_geometry_msgs/local/lib/python3.10/dist-packages:/home/sws/autoware/install/autoware_auto_control_msgs/local/lib/python3.10/dist-packages:${PYTHONPATH} /usr/bin/cmake --install /home/sws/autoware/build/control_performance_analysis
[167.470s] -- Install configuration: "Release"
[167.471s] -- Execute custom install script
[167.471s] -- Symlinking: /home/sws/autoware/install/control_performance_analysis/share/ament_index/resource_index/rosidl_interfaces/control_performance_analysis
[167.471s] -- Symlinking: /home/sws/autoware/install/control_performance_analysis/include/control_performance_analysis/control_performance_analysis/msg/detail/driving_monitor_stamped__functions.h
[167.471s] -- Symlinking: /home/sws/autoware/install/control_performance_analysis/include/control_performance_analysis/control_performance_analysis/msg/detail/driving_monitor_stamped__struct.h
[167.471s] -- Symlinking: /home/sws/autoware/install/control_performance_analysis/include/control_performance_analysis/control_performance_analysis/msg/detail/driving_monitor_stamped__type_support.h
[167.491s] -- Symlinking: /home/sws/autoware/install/control_performance_analysis/include/control_performance_analysis/control_performance_analysis/msg/detail/error__functions.h
[167.492s] -- Symlinking: /home/sws/autoware/install/control_performance_analysis/include/control_performance_analysis/control_performance_analysis/msg/detail/error__struct.h
[167.492s] -- Symlinking: /home/sws/autoware/install/control_performance_analysis/include/control_performance_analysis/control_performance_analysis/msg/detail/error__type_support.h
[167.492s] -- Symlinking: /home/sws/autoware/install/control_performance_analysis/include/control_performance_analysis/control_performance_analysis/msg/detail/error_stamped__functions.h
[167.492s] -- Symlinking: /home/sws/autoware/install/control_performance_analysis/include/control_performance_analysis/control_performance_analysis/msg/detail/error_stamped__struct.h
[167.492s] -- Symlinking: /home/sws/autoware/install/control_performance_analysis/include/control_performance_analysis/control_performance_analysis/msg/detail/error_stamped__type_support.h
[167.493s] -- Symlinking: /home/sws/autoware/install/control_performance_analysis/include/control_performance_analysis/control_performance_analysis/msg/detail/float_stamped__functions.h
[167.493s] -- Symlinking: /home/sws/autoware/install/control_performance_analysis/include/control_performance_analysis/control_performance_analysis/msg/detail/float_stamped__struct.h
[167.493s] -- Symlinking: /home/sws/autoware/install/control_performance_analysis/include/control_performance_analysis/control_performance_analysis/msg/detail/float_stamped__type_support.h
[167.493s] -- Symlinking: /home/sws/autoware/install/control_performance_analysis/include/control_performance_analysis/control_performance_analysis/msg/driving_monitor_stamped.h
[167.493s] -- Symlinking: /home/sws/autoware/install/control_performance_analysis/include/control_performance_analysis/control_performance_analysis/msg/error.h
[167.493s] -- Symlinking: /home/sws/autoware/install/control_performance_analysis/include/control_performance_analysis/control_performance_analysis/msg/error_stamped.h
[167.493s] -- Symlinking: /home/sws/autoware/install/control_performance_analysis/include/control_performance_analysis/control_performance_analysis/msg/float_stamped.h
[167.493s] -- Symlinking: /home/sws/autoware/install/control_performance_analysis/include/control_performance_analysis/control_performance_analysis/msg/rosidl_generator_c__visibility_control.h
[167.493s] -- Symlinking: /home/sws/autoware/install/control_performance_analysis/share/control_performance_analysis/environment/library_path.sh
[167.493s] -- Symlinking: /home/sws/autoware/install/control_performance_analysis/share/control_performance_analysis/environment/library_path.dsv
[167.493s] -- Symlinking: /home/sws/autoware/install/control_performance_analysis/include/control_performance_analysis/control_performance_analysis/msg/detail/driving_monitor_stamped__rosidl_typesupport_fastrtps_c.h
[167.494s] -- Symlinking: /home/sws/autoware/install/control_performance_analysis/include/control_performance_analysis/control_performance_analysis/msg/detail/error__rosidl_typesupport_fastrtps_c.h
[167.494s] -- Symlinking: /home/sws/autoware/install/control_performance_analysis/include/control_performance_analysis/control_performance_analysis/msg/detail/error_stamped__rosidl_typesupport_fastrtps_c.h
[167.494s] -- Symlinking: /home/sws/autoware/install/control_performance_analysis/include/control_performance_analysis/control_performance_analysis/msg/detail/float_stamped__rosidl_typesupport_fastrtps_c.h
[167.494s] -- Symlinking: /home/sws/autoware/install/control_performance_analysis/include/control_performance_analysis/control_performance_analysis/msg/rosidl_typesupport_fastrtps_c__visibility_control.h
[167.494s] -- Symlinking: /home/sws/autoware/install/control_performance_analysis/include/control_performance_analysis/control_performance_analysis/msg/detail/driving_monitor_stamped__builder.hpp
[167.494s] -- Symlinking: /home/sws/autoware/install/control_performance_analysis/include/control_performance_analysis/control_performance_analysis/msg/detail/driving_monitor_stamped__struct.hpp
[167.494s] -- Symlinking: /home/sws/autoware/install/control_performance_analysis/include/control_performance_analysis/control_performance_analysis/msg/detail/driving_monitor_stamped__traits.hpp
[167.494s] -- Symlinking: /home/sws/autoware/install/control_performance_analysis/include/control_performance_analysis/control_performance_analysis/msg/detail/error__builder.hpp
[167.494s] -- Symlinking: /home/sws/autoware/install/control_performance_analysis/include/control_performance_analysis/control_performance_analysis/msg/detail/error__struct.hpp
[167.494s] -- Symlinking: /home/sws/autoware/install/control_performance_analysis/include/control_performance_analysis/control_performance_analysis/msg/detail/error__traits.hpp
[167.494s] -- Symlinking: /home/sws/autoware/install/control_performance_analysis/include/control_performance_analysis/control_performance_analysis/msg/detail/error_stamped__builder.hpp
[167.495s] -- Symlinking: /home/sws/autoware/install/control_performance_analysis/include/control_performance_analysis/control_performance_analysis/msg/detail/error_stamped__struct.hpp
[167.495s] -- Symlinking: /home/sws/autoware/install/control_performance_analysis/include/control_performance_analysis/control_performance_analysis/msg/detail/error_stamped__traits.hpp
[167.495s] -- Symlinking: /home/sws/autoware/install/control_performance_analysis/include/control_performance_analysis/control_performance_analysis/msg/detail/float_stamped__builder.hpp
[167.495s] -- Symlinking: /home/sws/autoware/install/control_performance_analysis/include/control_performance_analysis/control_performance_analysis/msg/detail/float_stamped__struct.hpp
[167.495s] -- Symlinking: /home/sws/autoware/install/control_performance_analysis/include/control_performance_analysis/control_performance_analysis/msg/detail/float_stamped__traits.hpp
[167.495s] -- Symlinking: /home/sws/autoware/install/control_performance_analysis/include/control_performance_analysis/control_performance_analysis/msg/driving_monitor_stamped.hpp
[167.495s] -- Symlinking: /home/sws/autoware/install/control_performance_analysis/include/control_performance_analysis/control_performance_analysis/msg/error.hpp
[167.495s] -- Symlinking: /home/sws/autoware/install/control_performance_analysis/include/control_performance_analysis/control_performance_analysis/msg/error_stamped.hpp
[167.495s] -- Symlinking: /home/sws/autoware/install/control_performance_analysis/include/control_performance_analysis/control_performance_analysis/msg/float_stamped.hpp
[167.495s] -- Symlinking: /home/sws/autoware/install/control_performance_analysis/include/control_performance_analysis/control_performance_analysis/msg/detail/driving_monitor_stamped__rosidl_typesupport_fastrtps_cpp.hpp
[167.496s] -- Symlinking: /home/sws/autoware/install/control_performance_analysis/include/control_performance_analysis/control_performance_analysis/msg/detail/error__rosidl_typesupport_fastrtps_cpp.hpp
[167.496s] -- Symlinking: /home/sws/autoware/install/control_performance_analysis/include/control_performance_analysis/control_performance_analysis/msg/detail/error_stamped__rosidl_typesupport_fastrtps_cpp.hpp
[167.496s] -- Symlinking: /home/sws/autoware/install/control_performance_analysis/include/control_performance_analysis/control_performance_analysis/msg/detail/float_stamped__rosidl_typesupport_fastrtps_cpp.hpp
[167.496s] -- Symlinking: /home/sws/autoware/install/control_performance_analysis/include/control_performance_analysis/control_performance_analysis/msg/rosidl_typesupport_fastrtps_cpp__visibility_control.h
[167.496s] -- Symlinking: /home/sws/autoware/install/control_performance_analysis/include/control_performance_analysis/control_performance_analysis/msg/detail/driving_monitor_stamped__rosidl_typesupport_introspection_c.h
[167.496s] -- Symlinking: /home/sws/autoware/install/control_performance_analysis/include/control_performance_analysis/control_performance_analysis/msg/detail/error__rosidl_typesupport_introspection_c.h
[167.496s] -- Symlinking: /home/sws/autoware/install/control_performance_analysis/include/control_performance_analysis/control_performance_analysis/msg/detail/error_stamped__rosidl_typesupport_introspection_c.h
[167.496s] -- Symlinking: /home/sws/autoware/install/control_performance_analysis/include/control_performance_analysis/control_performance_analysis/msg/detail/float_stamped__rosidl_typesupport_introspection_c.h
[167.496s] -- Symlinking: /home/sws/autoware/install/control_performance_analysis/include/control_performance_analysis/control_performance_analysis/msg/rosidl_typesupport_introspection_c__visibility_control.h
[167.496s] -- Symlinking: /home/sws/autoware/install/control_performance_analysis/include/control_performance_analysis/control_performance_analysis/msg/detail/driving_monitor_stamped__rosidl_typesupport_introspection_cpp.hpp
[167.496s] -- Symlinking: /home/sws/autoware/install/control_performance_analysis/include/control_performance_analysis/control_performance_analysis/msg/detail/error__rosidl_typesupport_introspection_cpp.hpp
[167.497s] -- Symlinking: /home/sws/autoware/install/control_performance_analysis/include/control_performance_analysis/control_performance_analysis/msg/detail/error_stamped__rosidl_typesupport_introspection_cpp.hpp
[167.497s] -- Symlinking: /home/sws/autoware/install/control_performance_analysis/include/control_performance_analysis/control_performance_analysis/msg/detail/float_stamped__rosidl_typesupport_introspection_cpp.hpp
[167.497s] -- Symlinking: /home/sws/autoware/install/control_performance_analysis/share/control_performance_analysis/environment/pythonpath.sh
[167.497s] -- Symlinking: /home/sws/autoware/install/control_performance_analysis/share/control_performance_analysis/environment/pythonpath.dsv
[167.497s] -- Symlinking: /home/sws/autoware/install/control_performance_analysis/local/lib/python3.10/dist-packages/control_performance_analysis-0.1.0-py3.10.egg-info/PKG-INFO
[167.497s] -- Symlinking: /home/sws/autoware/install/control_performance_analysis/local/lib/python3.10/dist-packages/control_performance_analysis-0.1.0-py3.10.egg-info/SOURCES.txt
[167.497s] -- Symlinking: /home/sws/autoware/install/control_performance_analysis/local/lib/python3.10/dist-packages/control_performance_analysis-0.1.0-py3.10.egg-info/dependency_links.txt
[167.497s] -- Symlinking: /home/sws/autoware/install/control_performance_analysis/local/lib/python3.10/dist-packages/control_performance_analysis-0.1.0-py3.10.egg-info/top_level.txt
[167.497s] -- Symlinking: /home/sws/autoware/install/control_performance_analysis/local/lib/python3.10/dist-packages/control_performance_analysis/__init__.py
[167.497s] -- Symlinking: /home/sws/autoware/install/control_performance_analysis/local/lib/python3.10/dist-packages/control_performance_analysis/_control_performance_analysis_s.ep.rosidl_typesupport_c.c
[167.497s] -- Symlinking: /home/sws/autoware/install/control_performance_analysis/local/lib/python3.10/dist-packages/control_performance_analysis/_control_performance_analysis_s.ep.rosidl_typesupport_fastrtps_c.c
[167.498s] -- Symlinking: /home/sws/autoware/install/control_performance_analysis/local/lib/python3.10/dist-packages/control_performance_analysis/_control_performance_analysis_s.ep.rosidl_typesupport_introspection_c.c
[167.498s] -- Symlinking: /home/sws/autoware/install/control_performance_analysis/local/lib/python3.10/dist-packages/control_performance_analysis/control_performance_analysis_s__rosidl_typesupport_c.cpython-310-x86_64-linux-gnu.so
[167.498s] -- Symlinking: /home/sws/autoware/install/control_performance_analysis/local/lib/python3.10/dist-packages/control_performance_analysis/control_performance_analysis_s__rosidl_typesupport_fastrtps_c.cpython-310-x86_64-linux-gnu.so
[167.498s] -- Symlinking: /home/sws/autoware/install/control_performance_analysis/local/lib/python3.10/dist-packages/control_performance_analysis/control_performance_analysis_s__rosidl_typesupport_introspection_c.cpython-310-x86_64-linux-gnu.so
[167.498s] -- Symlinking: /home/sws/autoware/install/control_performance_analysis/local/lib/python3.10/dist-packages/control_performance_analysis/libcontrol_performance_analysis__rosidl_generator_py.so
[167.498s] -- Symlinking: /home/sws/autoware/install/control_performance_analysis/local/lib/python3.10/dist-packages/control_performance_analysis/msg/__init__.py
[167.498s] -- Symlinking: /home/sws/autoware/install/control_performance_analysis/local/lib/python3.10/dist-packages/control_performance_analysis/msg/_driving_monitor_stamped.py
[167.498s] -- Symlinking: /home/sws/autoware/install/control_performance_analysis/local/lib/python3.10/dist-packages/control_performance_analysis/msg/_driving_monitor_stamped_s.c
[167.498s] -- Symlinking: /home/sws/autoware/install/control_performance_analysis/local/lib/python3.10/dist-packages/control_performance_analysis/msg/_error.py
[167.498s] -- Symlinking: /home/sws/autoware/install/control_performance_analysis/local/lib/python3.10/dist-packages/control_performance_analysis/msg/_error_s.c
[167.498s] -- Symlinking: /home/sws/autoware/install/control_performance_analysis/local/lib/python3.10/dist-packages/control_performance_analysis/msg/_error_stamped.py
[167.499s] -- Symlinking: /home/sws/autoware/install/control_performance_analysis/local/lib/python3.10/dist-packages/control_performance_analysis/msg/_error_stamped_s.c
[167.499s] -- Symlinking: /home/sws/autoware/install/control_performance_analysis/local/lib/python3.10/dist-packages/control_performance_analysis/msg/_float_stamped.py
[167.499s] -- Symlinking: /home/sws/autoware/install/control_performance_analysis/local/lib/python3.10/dist-packages/control_performance_analysis/msg/_float_stamped_s.c
[167.499s] -- Up-to-date symlink: /home/sws/autoware/install/control_performance_analysis/local/lib/python3.10/dist-packages/control_performance_analysis/control_performance_analysis_s__rosidl_typesupport_fastrtps_c.cpython-310-x86_64-linux-gnu.so
[167.499s] -- Up-to-date symlink: /home/sws/autoware/install/control_performance_analysis/local/lib/python3.10/dist-packages/control_performance_analysis/control_performance_analysis_s__rosidl_typesupport_introspection_c.cpython-310-x86_64-linux-gnu.so
[167.499s] -- Up-to-date symlink: /home/sws/autoware/install/control_performance_analysis/local/lib/python3.10/dist-packages/control_performance_analysis/control_performance_analysis_s__rosidl_typesupport_c.cpython-310-x86_64-linux-gnu.so
[167.499s] -- Symlinking: /home/sws/autoware/install/control_performance_analysis/share/control_performance_analysis/msg/Error.idl
[167.499s] -- Symlinking: /home/sws/autoware/install/control_performance_analysis/share/control_performance_analysis/msg/ErrorStamped.idl
[167.499s] -- Symlinking: /home/sws/autoware/install/control_performance_analysis/share/control_performance_analysis/msg/DrivingMonitorStamped.idl
[167.499s] -- Symlinking: /home/sws/autoware/install/control_performance_analysis/share/control_performance_analysis/msg/FloatStamped.idl
[167.499s] -- Symlinking: /home/sws/autoware/install/control_performance_analysis/share/control_performance_analysis/msg/Error.msg
[167.500s] -- Symlinking: /home/sws/autoware/install/control_performance_analysis/share/control_performance_analysis/msg/ErrorStamped.msg
[167.500s] -- Symlinking: /home/sws/autoware/install/control_performance_analysis/share/control_performance_analysis/msg/DrivingMonitorStamped.msg
[167.500s] -- Symlinking: /home/sws/autoware/install/control_performance_analysis/share/control_performance_analysis/msg/FloatStamped.msg
[167.500s] -- Symlinking: /home/sws/autoware/install/control_performance_analysis/lib/control_performance_analysis/control_performance_analysis_exe
[167.500s] -- Symlinking: /home/sws/autoware/install/control_performance_analysis/include/control_performance_analysis/control_performance_analysis_core.hpp
[167.500s] -- Symlinking: /home/sws/autoware/install/control_performance_analysis/include/control_performance_analysis/control_performance_analysis_node.hpp
[167.500s] -- Symlinking: /home/sws/autoware/install/control_performance_analysis/include/control_performance_analysis/control_performance_analysis_utils.hpp
[167.500s] -- Symlinking: /home/sws/autoware/install/control_performance_analysis/lib/libcontrol_performance_analysis_core.so
[167.500s] -- Symlinking: /home/sws/autoware/install/control_performance_analysis/lib/libcontrol_performance_analysis_node.so
[167.500s] -- Symlinking: /home/sws/autoware/install/control_performance_analysis/share/control_performance_analysis/launch/controller_performance_analysis.launch.xml
[167.500s] -- Symlinking: /home/sws/autoware/install/control_performance_analysis/share/control_performance_analysis/config/control_performance_analysis.param.yaml
[167.501s] -- Symlinking: /home/sws/autoware/install/control_performance_analysis/share/control_performance_analysis/config/controller_monitor.xml
[167.501s] -- Symlinking: /home/sws/autoware/install/control_performance_analysis/share/control_performance_analysis/config/error_rqt_multiplot.xml
[167.501s] -- Symlinking: /home/sws/autoware/install/control_performance_analysis/share/ament_index/resource_index/package_run_dependencies/control_performance_analysis
[167.502s] -- Symlinking: /home/sws/autoware/install/control_performance_analysis/share/ament_index/resource_index/parent_prefix_path/control_performance_analysis
[167.531s] -- Symlinking: /home/sws/autoware/install/control_performance_analysis/share/control_performance_analysis/environment/ament_prefix_path.sh
[167.548s] -- Symlinking: /home/sws/autoware/install/control_performance_analysis/share/control_performance_analysis/environment/ament_prefix_path.dsv
[167.582s] -- Symlinking: /home/sws/autoware/install/control_performance_analysis/share/control_performance_analysis/environment/path.sh
[167.602s] -- Symlinking: /home/sws/autoware/install/control_performance_analysis/share/control_performance_analysis/environment/path.dsv
[167.602s] -- Symlinking: /home/sws/autoware/install/control_performance_analysis/share/control_performance_analysis/local_setup.bash
[167.627s] -- Symlinking: /home/sws/autoware/install/control_performance_analysis/share/control_performance_analysis/local_setup.sh
[167.650s] -- Symlinking: /home/sws/autoware/install/control_performance_analysis/share/control_performance_analysis/local_setup.zsh
[167.653s] -- Symlinking: /home/sws/autoware/install/control_performance_analysis/share/control_performance_analysis/local_setup.dsv
[167.690s] -- Symlinking: /home/sws/autoware/install/control_performance_analysis/share/control_performance_analysis/package.dsv
[167.705s] -- Symlinking: /home/sws/autoware/install/control_performance_analysis/share/ament_index/resource_index/packages/control_performance_analysis
[167.725s] -- Symlinking: /home/sws/autoware/install/control_performance_analysis/share/ament_index/resource_index/rclcpp_components/control_performance_analysis
[167.735s] -- Symlinking: /home/sws/autoware/install/control_performance_analysis/share/control_performance_analysis/cmake/rosidl_cmake-extras.cmake
[167.758s] -- Symlinking: /home/sws/autoware/install/control_performance_analysis/share/control_performance_analysis/cmake/ament_cmake_export_dependencies-extras.cmake
[167.779s] -- Symlinking: /home/sws/autoware/install/control_performance_analysis/share/control_performance_analysis/cmake/ament_cmake_export_include_directories-extras.cmake
[167.812s] -- Symlinking: /home/sws/autoware/install/control_performance_analysis/share/control_performance_analysis/cmake/ament_cmake_export_libraries-extras.cmake
[167.840s] -- Symlinking: /home/sws/autoware/install/control_performance_analysis/share/control_performance_analysis/cmake/ament_cmake_export_targets-extras.cmake
[167.860s] -- Symlinking: /home/sws/autoware/install/control_performance_analysis/share/control_performance_analysis/cmake/rosidl_cmake_export_typesupport_targets-extras.cmake
[167.895s] -- Symlinking: /home/sws/autoware/install/control_performance_analysis/share/control_performance_analysis/cmake/rosidl_cmake_export_typesupport_libraries-extras.cmake
[167.904s] -- Symlinking: /home/sws/autoware/install/control_performance_analysis/share/control_performance_analysis/cmake/control_performance_analysisConfig.cmake
[167.928s] -- Symlinking: /home/sws/autoware/install/control_performance_analysis/share/control_performance_analysis/cmake/control_performance_analysisConfig-version.cmake
[167.955s] -- Symlinking: /home/sws/autoware/install/control_performance_analysis/share/control_performance_analysis/package.xml
[167.985s] -- Installing: /home/sws/autoware/install/control_performance_analysis/lib/libcontrol_performance_analysis__rosidl_generator_c.so
[167.986s] -- Set runtime path of "/home/sws/autoware/install/control_performance_analysis/lib/libcontrol_performance_analysis__rosidl_generator_c.so" to ""
[167.986s] -- Installing: /home/sws/autoware/install/control_performance_analysis/lib/libcontrol_performance_analysis__rosidl_typesupport_fastrtps_c.so
[167.986s] -- Set runtime path of "/home/sws/autoware/install/control_performance_analysis/lib/libcontrol_performance_analysis__rosidl_typesupport_fastrtps_c.so" to ""
[167.986s] -- Installing: /home/sws/autoware/install/control_performance_analysis/lib/libcontrol_performance_analysis__rosidl_typesupport_fastrtps_cpp.so
[167.987s] -- Set runtime path of "/home/sws/autoware/install/control_performance_analysis/lib/libcontrol_performance_analysis__rosidl_typesupport_fastrtps_cpp.so" to ""
[167.987s] -- Installing: /home/sws/autoware/install/control_performance_analysis/lib/libcontrol_performance_analysis__rosidl_typesupport_introspection_c.so
[167.987s] -- Set runtime path of "/home/sws/autoware/install/control_performance_analysis/lib/libcontrol_performance_analysis__rosidl_typesupport_introspection_c.so" to ""
[167.987s] -- Installing: /home/sws/autoware/install/control_performance_analysis/lib/libcontrol_performance_analysis__rosidl_typesupport_c.so
[167.988s] -- Set runtime path of "/home/sws/autoware/install/control_performance_analysis/lib/libcontrol_performance_analysis__rosidl_typesupport_c.so" to ""
[167.988s] -- Installing: /home/sws/autoware/install/control_performance_analysis/lib/libcontrol_performance_analysis__rosidl_typesupport_introspection_cpp.so
[167.988s] -- Set runtime path of "/home/sws/autoware/install/control_performance_analysis/lib/libcontrol_performance_analysis__rosidl_typesupport_introspection_cpp.so" to ""
[167.988s] -- Installing: /home/sws/autoware/install/control_performance_analysis/lib/libcontrol_performance_analysis__rosidl_typesupport_cpp.so
[167.989s] -- Set runtime path of "/home/sws/autoware/install/control_performance_analysis/lib/libcontrol_performance_analysis__rosidl_typesupport_cpp.so" to ""
[168.095s] Listing '/home/sws/autoware/install/control_performance_analysis/local/lib/python3.10/dist-packages/control_performance_analysis'...
[168.095s] Compiling '/home/sws/autoware/install/control_performance_analysis/local/lib/python3.10/dist-packages/control_performance_analysis/__init__.py'...
[168.095s] Listing '/home/sws/autoware/install/control_performance_analysis/local/lib/python3.10/dist-packages/control_performance_analysis/msg'...
[168.095s] Compiling '/home/sws/autoware/install/control_performance_analysis/local/lib/python3.10/dist-packages/control_performance_analysis/msg/__init__.py'...
[168.095s] Compiling '/home/sws/autoware/install/control_performance_analysis/local/lib/python3.10/dist-packages/control_performance_analysis/msg/_driving_monitor_stamped.py'...
[168.095s] Compiling '/home/sws/autoware/install/control_performance_analysis/local/lib/python3.10/dist-packages/control_performance_analysis/msg/_error.py'...
[168.096s] Compiling '/home/sws/autoware/install/control_performance_analysis/local/lib/python3.10/dist-packages/control_performance_analysis/msg/_error_stamped.py'...
[168.096s] Compiling '/home/sws/autoware/install/control_performance_analysis/local/lib/python3.10/dist-packages/control_performance_analysis/msg/_float_stamped.py'...
[168.104s] -- Installing: /home/sws/autoware/install/control_performance_analysis/lib/libcontrol_performance_analysis__rosidl_generator_py.so
[168.104s] -- Set runtime path of "/home/sws/autoware/install/control_performance_analysis/lib/libcontrol_performance_analysis__rosidl_generator_py.so" to ""
[168.105s] -- Installing: /home/sws/autoware/install/control_performance_analysis/share/control_performance_analysis/cmake/export_control_performance_analysis__rosidl_generator_cExport.cmake
[168.105s] -- Installing: /home/sws/autoware/install/control_performance_analysis/share/control_performance_analysis/cmake/export_control_performance_analysis__rosidl_generator_cExport-release.cmake
[168.105s] -- Installing: /home/sws/autoware/install/control_performance_analysis/share/control_performance_analysis/cmake/export_control_performance_analysis__rosidl_typesupport_fastrtps_cExport.cmake
[168.105s] -- Installing: /home/sws/autoware/install/control_performance_analysis/share/control_performance_analysis/cmake/export_control_performance_analysis__rosidl_typesupport_fastrtps_cExport-release.cmake
[168.105s] -- Installing: /home/sws/autoware/install/control_performance_analysis/share/control_performance_analysis/cmake/export_control_performance_analysis__rosidl_generator_cppExport.cmake
[168.105s] -- Installing: /home/sws/autoware/install/control_performance_analysis/share/control_performance_analysis/cmake/export_control_performance_analysis__rosidl_typesupport_fastrtps_cppExport.cmake
[168.106s] -- Installing: /home/sws/autoware/install/control_performance_analysis/share/control_performance_analysis/cmake/export_control_performance_analysis__rosidl_typesupport_fastrtps_cppExport-release.cmake
[168.106s] -- Installing: /home/sws/autoware/install/control_performance_analysis/share/control_performance_analysis/cmake/control_performance_analysis__rosidl_typesupport_introspection_cExport.cmake
[168.106s] -- Installing: /home/sws/autoware/install/control_performance_analysis/share/control_performance_analysis/cmake/control_performance_analysis__rosidl_typesupport_introspection_cExport-release.cmake
[168.107s] -- Installing: /home/sws/autoware/install/control_performance_analysis/share/control_performance_analysis/cmake/control_performance_analysis__rosidl_typesupport_cExport.cmake
[168.107s] -- Installing: /home/sws/autoware/install/control_performance_analysis/share/control_performance_analysis/cmake/control_performance_analysis__rosidl_typesupport_cExport-release.cmake
[168.108s] -- Installing: /home/sws/autoware/install/control_performance_analysis/share/control_performance_analysis/cmake/control_performance_analysis__rosidl_typesupport_introspection_cppExport.cmake
[168.108s] -- Installing: /home/sws/autoware/install/control_performance_analysis/share/control_performance_analysis/cmake/control_performance_analysis__rosidl_typesupport_introspection_cppExport-release.cmake
[168.108s] -- Installing: /home/sws/autoware/install/control_performance_analysis/share/control_performance_analysis/cmake/control_performance_analysis__rosidl_typesupport_cppExport.cmake
[168.109s] -- Installing: /home/sws/autoware/install/control_performance_analysis/share/control_performance_analysis/cmake/control_performance_analysis__rosidl_typesupport_cppExport-release.cmake
[168.109s] -- Installing: /home/sws/autoware/install/control_performance_analysis/share/control_performance_analysis/cmake/export_control_performance_analysis__rosidl_generator_pyExport.cmake
[168.110s] -- Installing: /home/sws/autoware/install/control_performance_analysis/share/control_performance_analysis/cmake/export_control_performance_analysis__rosidl_generator_pyExport-release.cmake
[168.118s] Invoked command in '/home/sws/autoware/build/control_performance_analysis' returned '0': AMENT_PREFIX_PATH=/home/sws/autoware/install/motion_utils:/home/sws/autoware/install/global_parameter_loader:/home/sws/autoware/install/vehicle_info_util:/home/sws/autoware/install/interpolation:/home/sws/autoware/install/tier4_autoware_utils:/home/sws/autoware/install/signal_processing:/home/sws/autoware/install/autoware_auto_vehicle_msgs:/home/sws/autoware/install/autoware_cmake:/home/sws/autoware/install/autoware_auto_planning_msgs:/home/sws/autoware/install/autoware_auto_perception_msgs:/home/sws/autoware/install/tier4_debug_msgs:/home/sws/autoware/install/autoware_lint_common:/home/sws/autoware/install/autoware_auto_mapping_msgs:/home/sws/autoware/install/autoware_auto_geometry_msgs:/home/sws/autoware/install/autoware_auto_control_msgs:${AMENT_PREFIX_PATH} CMAKE_PREFIX_PATH=/home/sws/autoware/install/motion_utils:/home/sws/autoware/install/global_parameter_loader:/home/sws/autoware/install/vehicle_info_util:/home/sws/autoware/install/interpolation:/home/sws/autoware/install/tier4_autoware_utils:/home/sws/autoware/install/signal_processing:/home/sws/autoware/install/autoware_auto_vehicle_msgs:/home/sws/autoware/install/autoware_cmake:/home/sws/autoware/install/autoware_auto_planning_msgs:/home/sws/autoware/install/autoware_auto_perception_msgs:/home/sws/autoware/install/tier4_debug_msgs:/home/sws/autoware/install/autoware_lint_common:/home/sws/autoware/install/autoware_auto_mapping_msgs:/home/sws/autoware/install/autoware_auto_geometry_msgs:/home/sws/autoware/install/autoware_auto_control_msgs:/opt/ros/humble LD_LIBRARY_PATH=/home/sws/autoware/install/motion_utils/lib:/home/sws/autoware/install/vehicle_info_util/lib:/home/sws/autoware/install/interpolation/lib:/home/sws/autoware/install/tier4_autoware_utils/lib:/home/sws/autoware/install/signal_processing/lib:/home/sws/autoware/install/autoware_auto_vehicle_msgs/lib:/home/sws/autoware/install/autoware_auto_planning_msgs/lib:/home/sws/autoware/install/autoware_auto_perception_msgs/lib:/home/sws/autoware/install/tier4_debug_msgs/lib:/home/sws/autoware/install/autoware_auto_mapping_msgs/lib:/home/sws/autoware/install/autoware_auto_geometry_msgs/lib:/home/sws/autoware/install/autoware_auto_control_msgs/lib:${LD_LIBRARY_PATH} PYTHONPATH=/home/sws/autoware/install/autoware_auto_vehicle_msgs/local/lib/python3.10/dist-packages:/home/sws/autoware/install/autoware_auto_planning_msgs/local/lib/python3.10/dist-packages:/home/sws/autoware/install/autoware_auto_perception_msgs/local/lib/python3.10/dist-packages:/home/sws/autoware/install/tier4_debug_msgs/local/lib/python3.10/dist-packages:/home/sws/autoware/install/autoware_auto_mapping_msgs/local/lib/python3.10/dist-packages:/home/sws/autoware/install/autoware_auto_geometry_msgs/local/lib/python3.10/dist-packages:/home/sws/autoware/install/autoware_auto_control_msgs/local/lib/python3.10/dist-packages:${PYTHONPATH} /usr/bin/cmake --install /home/sws/autoware/build/control_performance_analysis
