[0.014s] Invoking command in '/home/sws/autoware/build/tier4_simulated_clock_rviz_plugin': AMENT_PREFIX_PATH=/home/sws/autoware/install/autoware_cmake:/home/sws/autoware/install/autoware_lint_common:${AMENT_PREFIX_PATH} CMAKE_PREFIX_PATH=/home/sws/autoware/install/autoware_cmake:/home/sws/autoware/install/autoware_lint_common:/opt/ros/humble /usr/bin/cmake /home/sws/autoware/src/universe/autoware.universe/common/tier4_simulated_clock_rviz_plugin -DCMAKE_BUILD_TYPE=Release -DAMENT_CMAKE_SYMLINK_INSTALL=1 -DCMAKE_INSTALL_PREFIX=/home/sws/autoware/install/tier4_simulated_clock_rviz_plugin
[3.862s] -- The C compiler identification is GNU 11.3.0
[3.863s] -- The CXX compiler identification is GNU 11.3.0
[3.863s] -- Detecting C compiler ABI info
[3.878s] -- Detecting C compiler ABI info - done
[3.878s] -- Check for working C compiler: /usr/bin/cc - skipped
[3.878s] -- Detecting C compile features
[3.878s] -- Detecting C compile features - done
[3.878s] -- Detecting CXX compiler ABI info
[3.878s] -- Detecting CXX compiler ABI info - done
[3.878s] -- Check for working CXX compiler: /usr/bin/c++ - skipped
[3.878s] -- Detecting CXX compile features
[3.879s] -- Detecting CXX compile features - done
[3.879s] -- Found autoware_cmake: 0.1.0 (/home/sws/autoware/install/autoware_cmake/share/autoware_cmake/cmake)
[3.879s] -- Found Python3: /usr/bin/python3.10 (found version "3.10.6") found components: Interpreter 
[3.879s] -- Override CMake install command with custom implementation using symlinks instead of copying resources
[3.879s] -- Found rosidl_generator_c: 3.1.4 (/opt/ros/humble/share/rosidl_generator_c/cmake)
[3.879s] -- Found rosidl_adapter: 3.1.4 (/opt/ros/humble/share/rosidl_adapter/cmake)
[3.879s] -- Found rosidl_generator_cpp: 3.1.4 (/opt/ros/humble/share/rosidl_generator_cpp/cmake)
[3.879s] -- Using all available rosidl_typesupport_c: rosidl_typesupport_fastrtps_c;rosidl_typesupport_introspection_c
[3.879s] -- Using all available rosidl_typesupport_cpp: rosidl_typesupport_fastrtps_cpp;rosidl_typesupport_introspection_cpp
[3.879s] -- Found rmw_implementation_cmake: 6.1.1 (/opt/ros/humble/share/rmw_implementation_cmake/cmake)
[3.879s] -- Found rmw_fastrtps_cpp: 6.2.2 (/opt/ros/humble/share/rmw_fastrtps_cpp/cmake)
[3.880s] -- Found OpenSSL: /usr/lib/x86_64-linux-gnu/libcrypto.so (found version "3.0.2")  
[3.880s] -- Found FastRTPS: /opt/ros/humble/include  
[3.880s] -- Using RMW implementation 'rmw_fastrtps_cpp' as default
[3.880s] -- Looking for pthread.h
[3.880s] -- Looking for pthread.h - found
[3.880s] -- Performing Test CMAKE_HAVE_LIBC_PTHREAD
[3.880s] -- Performing Test CMAKE_HAVE_LIBC_PTHREAD - Success
[3.880s] -- Found Threads: TRUE  
[3.880s] -- Setting OGRE_DIR to: '/opt/ros/humble/share/rviz_ogre_vendor/cmake/../../../opt/rviz_ogre_vendor/lib/OGRE/cmake'
[3.880s] -- Found OGRE
[3.880s] --   static     : OFF
[3.881s] --   components : HLMS;MeshLodGenerator;Overlay;Paging;Property;RTShaderSystem;Terrain;Volume
[3.881s] --   plugins    : Plugin_BSPSceneManager;Plugin_OctreeSceneManager;Plugin_PCZSceneManager;Plugin_ParticleFX;RenderSystem_GL;RenderSystem_GL3Plus;Codec_STBI
[3.881s] --   media      : /opt/ros/humble/opt/rviz_ogre_vendor/share/OGRE/Media
[3.881s] -- OGRE_LIBRARIES: OgreHLMS;OgreMeshLodGenerator;OgreOverlay;OgrePaging;OgreProperty;OgreRTShaderSystem;OgreTerrain;OgreVolume;OgreMain
[3.881s] -- OGRE_LIBRARY_DIRS: /opt/ros/humble/opt/rviz_ogre_vendor/lib
[3.881s] -- OGRE_PLUGINS: Plugin_BSPSceneManager;Plugin_OctreeSceneManager;Plugin_PCZSceneManager;Plugin_ParticleFX;RenderSystem_GL;RenderSystem_GL3Plus;Codec_STBI
[3.881s] -- OGRE_PLUGIN_DIR: /opt/ros/humble/opt/rviz_ogre_vendor/lib/OGRE
[3.881s] -- rviz_ogre_vendor::OgreOverlay for IMPORTED_LOCATION_RELEASE: /opt/ros/humble/opt/rviz_ogre_vendor/lib/libOgreOverlay.so
[3.881s] -- rviz_ogre_vendor::OgreOverlay for IMPORTED_LOCATION_DEBUG: /opt/ros/humble/opt/rviz_ogre_vendor/lib/libOgreOverlay.so
[3.881s] -- rviz_ogre_vendor::OgreMain for IMPORTED_LOCATION_RELEASE: /opt/ros/humble/opt/rviz_ogre_vendor/lib/libOgreMain.so
[3.881s] -- rviz_ogre_vendor::OgreMain for IMPORTED_LOCATION_DEBUG: /opt/ros/humble/opt/rviz_ogre_vendor/lib/libOgreMain.so
[3.882s] -- Could not find freeimage library
[3.882s] -- Found ZLIB: /usr/lib/x86_64-linux-gnu/libz.so (found version "1.2.11") 
[3.882s] -- Found OpenGL: /usr/lib/x86_64-linux-gnu/libOpenGL.so   
[3.882s] -- Found X11: /usr/include   
[3.882s] -- Looking for XOpenDisplay in /usr/lib/x86_64-linux-gnu/libX11.so;/usr/lib/x86_64-linux-gnu/libXext.so
[3.882s] -- Looking for XOpenDisplay in /usr/lib/x86_64-linux-gnu/libX11.so;/usr/lib/x86_64-linux-gnu/libXext.so - found
[3.882s] -- Looking for gethostbyname
[3.882s] -- Looking for gethostbyname - found
[3.882s] -- Looking for connect
[3.882s] -- Looking for connect - found
[3.882s] -- Looking for remove
[3.883s] -- Looking for remove - found
[3.883s] -- Looking for shmat
[3.883s] -- Looking for shmat - found
[3.883s] -- Looking for IceConnectionNumber in ICE
[3.883s] -- Looking for IceConnectionNumber in ICE - found
[3.883s] -- rviz_ogre_vendor::RenderSystem_GL for IMPORTED_LOCATION_RELEASE: _render_system_gl_static_library_abs-NOTFOUND
[3.883s] -- rviz_ogre_vendor::RenderSystem_GL for IMPORTED_LOCATION_DEBUG: _render_system_gl_static_library_abs-NOTFOUND
[3.883s] -- library: /usr/lib/x86_64-linux-gnu/libcurl.so
[3.883s] -- Found Eigen3: TRUE (found version "3.4.0") 
[3.883s] -- Ensuring Eigen3 include directory is part of orocos-kdl CMake target
[3.883s] -- Found ament_lint_auto: 0.12.5 (/opt/ros/humble/share/ament_lint_auto/cmake)
[3.884s] -- Added test 'copyright' to check source files copyright and LICENSE
[3.884s] -- Added test 'cppcheck' to perform static code analysis on C / C++ code
[3.884s] -- Configured cppcheck include dirs: 
[3.884s] -- Configured cppcheck exclude dirs and/or files: 
[3.884s] -- Added test 'lint_cmake' to check CMake code style
[3.884s] -- Added test 'xmllint' to check XML markup files
[3.884s] -- Configuring done
[3.884s] -- Generating done
[3.884s] -- Build files have been written to: /home/sws/autoware/build/tier4_simulated_clock_rviz_plugin
[3.910s] Invoked command in '/home/sws/autoware/build/tier4_simulated_clock_rviz_plugin' returned '0': AMENT_PREFIX_PATH=/home/sws/autoware/install/autoware_cmake:/home/sws/autoware/install/autoware_lint_common:${AMENT_PREFIX_PATH} CMAKE_PREFIX_PATH=/home/sws/autoware/install/autoware_cmake:/home/sws/autoware/install/autoware_lint_common:/opt/ros/humble /usr/bin/cmake /home/sws/autoware/src/universe/autoware.universe/common/tier4_simulated_clock_rviz_plugin -DCMAKE_BUILD_TYPE=Release -DAMENT_CMAKE_SYMLINK_INSTALL=1 -DCMAKE_INSTALL_PREFIX=/home/sws/autoware/install/tier4_simulated_clock_rviz_plugin
[3.911s] Invoking command in '/home/sws/autoware/build/tier4_simulated_clock_rviz_plugin': AMENT_PREFIX_PATH=/home/sws/autoware/install/autoware_cmake:/home/sws/autoware/install/autoware_lint_common:${AMENT_PREFIX_PATH} CMAKE_PREFIX_PATH=/home/sws/autoware/install/autoware_cmake:/home/sws/autoware/install/autoware_lint_common:/opt/ros/humble /usr/bin/cmake --build /home/sws/autoware/build/tier4_simulated_clock_rviz_plugin -- -j16 -l16
[20.700s] [ 25%] [34m[1mAutomatic MOC for target tier4_simulated_clock_rviz_plugin[0m
[20.700s] [ 25%] Built target tier4_simulated_clock_rviz_plugin_autogen
[20.700s] [ 50%] [32mBuilding CXX object CMakeFiles/tier4_simulated_clock_rviz_plugin.dir/tier4_simulated_clock_rviz_plugin_autogen/mocs_compilation.cpp.o[0m
[20.701s] [ 75%] [32mBuilding CXX object CMakeFiles/tier4_simulated_clock_rviz_plugin.dir/src/simulated_clock_panel.cpp.o[0m
[20.701s] [100%] [32m[1mLinking CXX shared library libtier4_simulated_clock_rviz_plugin.so[0m
[20.701s] [100%] Built target tier4_simulated_clock_rviz_plugin
[20.718s] Invoked command in '/home/sws/autoware/build/tier4_simulated_clock_rviz_plugin' returned '0': AMENT_PREFIX_PATH=/home/sws/autoware/install/autoware_cmake:/home/sws/autoware/install/autoware_lint_common:${AMENT_PREFIX_PATH} CMAKE_PREFIX_PATH=/home/sws/autoware/install/autoware_cmake:/home/sws/autoware/install/autoware_lint_common:/opt/ros/humble /usr/bin/cmake --build /home/sws/autoware/build/tier4_simulated_clock_rviz_plugin -- -j16 -l16
[20.790s] Invoking command in '/home/sws/autoware/build/tier4_simulated_clock_rviz_plugin': AMENT_PREFIX_PATH=/home/sws/autoware/install/autoware_cmake:/home/sws/autoware/install/autoware_lint_common:${AMENT_PREFIX_PATH} CMAKE_PREFIX_PATH=/home/sws/autoware/install/autoware_cmake:/home/sws/autoware/install/autoware_lint_common:/opt/ros/humble /usr/bin/cmake --install /home/sws/autoware/build/tier4_simulated_clock_rviz_plugin
[25.139s] -- Install configuration: "Release"
[25.139s] -- Execute custom install script
[25.139s] -- Symlinking: /home/sws/autoware/install/tier4_simulated_clock_rviz_plugin/share/tier4_simulated_clock_rviz_plugin/plugins/plugin_description.xml
[25.139s] -- Symlinking: /home/sws/autoware/install/tier4_simulated_clock_rviz_plugin/share/tier4_simulated_clock_rviz_plugin/environment/library_path.sh
[25.139s] -- Symlinking: /home/sws/autoware/install/tier4_simulated_clock_rviz_plugin/share/tier4_simulated_clock_rviz_plugin/environment/library_path.dsv
[25.139s] -- Symlinking: /home/sws/autoware/install/tier4_simulated_clock_rviz_plugin/lib/libtier4_simulated_clock_rviz_plugin.so
[25.139s] -- Symlinking: /home/sws/autoware/install/tier4_simulated_clock_rviz_plugin/share/tier4_simulated_clock_rviz_plugin/icons/classes/SimulatedClockPanel.png
[25.139s] -- Up-to-date symlink: /home/sws/autoware/install/tier4_simulated_clock_rviz_plugin/share/tier4_simulated_clock_rviz_plugin/plugins/plugin_description.xml
[25.139s] -- Symlinking: /home/sws/autoware/install/tier4_simulated_clock_rviz_plugin/share/ament_index/resource_index/package_run_dependencies/tier4_simulated_clock_rviz_plugin
[25.139s] -- Symlinking: /home/sws/autoware/install/tier4_simulated_clock_rviz_plugin/share/ament_index/resource_index/parent_prefix_path/tier4_simulated_clock_rviz_plugin
[25.140s] -- Symlinking: /home/sws/autoware/install/tier4_simulated_clock_rviz_plugin/share/tier4_simulated_clock_rviz_plugin/environment/ament_prefix_path.sh
[25.140s] -- Symlinking: /home/sws/autoware/install/tier4_simulated_clock_rviz_plugin/share/tier4_simulated_clock_rviz_plugin/environment/ament_prefix_path.dsv
[25.140s] -- Symlinking: /home/sws/autoware/install/tier4_simulated_clock_rviz_plugin/share/tier4_simulated_clock_rviz_plugin/environment/path.sh
[25.140s] -- Symlinking: /home/sws/autoware/install/tier4_simulated_clock_rviz_plugin/share/tier4_simulated_clock_rviz_plugin/environment/path.dsv
[25.140s] -- Symlinking: /home/sws/autoware/install/tier4_simulated_clock_rviz_plugin/share/tier4_simulated_clock_rviz_plugin/local_setup.bash
[25.140s] -- Symlinking: /home/sws/autoware/install/tier4_simulated_clock_rviz_plugin/share/tier4_simulated_clock_rviz_plugin/local_setup.sh
[25.140s] -- Symlinking: /home/sws/autoware/install/tier4_simulated_clock_rviz_plugin/share/tier4_simulated_clock_rviz_plugin/local_setup.zsh
[25.140s] -- Symlinking: /home/sws/autoware/install/tier4_simulated_clock_rviz_plugin/share/tier4_simulated_clock_rviz_plugin/local_setup.dsv
[25.140s] -- Symlinking: /home/sws/autoware/install/tier4_simulated_clock_rviz_plugin/share/tier4_simulated_clock_rviz_plugin/package.dsv
[25.140s] -- Symlinking: /home/sws/autoware/install/tier4_simulated_clock_rviz_plugin/share/ament_index/resource_index/packages/tier4_simulated_clock_rviz_plugin
[25.140s] -- Symlinking: /home/sws/autoware/install/tier4_simulated_clock_rviz_plugin/share/ament_index/resource_index/rviz_common__pluginlib__plugin/tier4_simulated_clock_rviz_plugin
[25.140s] -- Symlinking: /home/sws/autoware/install/tier4_simulated_clock_rviz_plugin/share/tier4_simulated_clock_rviz_plugin/cmake/ament_cmake_export_dependencies-extras.cmake
[25.140s] -- Symlinking: /home/sws/autoware/install/tier4_simulated_clock_rviz_plugin/share/tier4_simulated_clock_rviz_plugin/cmake/ament_cmake_export_libraries-extras.cmake
[25.140s] -- Symlinking: /home/sws/autoware/install/tier4_simulated_clock_rviz_plugin/share/tier4_simulated_clock_rviz_plugin/cmake/tier4_simulated_clock_rviz_pluginConfig.cmake
[25.140s] -- Symlinking: /home/sws/autoware/install/tier4_simulated_clock_rviz_plugin/share/tier4_simulated_clock_rviz_plugin/cmake/tier4_simulated_clock_rviz_pluginConfig-version.cmake
[25.140s] -- Symlinking: /home/sws/autoware/install/tier4_simulated_clock_rviz_plugin/share/tier4_simulated_clock_rviz_plugin/package.xml
[25.168s] Invoked command in '/home/sws/autoware/build/tier4_simulated_clock_rviz_plugin' returned '0': AMENT_PREFIX_PATH=/home/sws/autoware/install/autoware_cmake:/home/sws/autoware/install/autoware_lint_common:${AMENT_PREFIX_PATH} CMAKE_PREFIX_PATH=/home/sws/autoware/install/autoware_cmake:/home/sws/autoware/install/autoware_lint_common:/opt/ros/humble /usr/bin/cmake --install /home/sws/autoware/build/tier4_simulated_clock_rviz_plugin
