[0.049s] Invoking command in '/home/sws/autoware/build/planning_evaluator': AMENT_PREFIX_PATH=/home/sws/autoware/install/motion_utils:/home/sws/autoware/install/interpolation:/home/sws/autoware/install/tier4_autoware_utils:/home/sws/autoware/install/autoware_auto_vehicle_msgs:/home/sws/autoware/install/autoware_planning_msgs:/home/sws/autoware/install/autoware_cmake:/home/sws/autoware/install/autoware_auto_planning_msgs:/home/sws/autoware/install/autoware_auto_perception_msgs:/home/sws/autoware/install/tier4_debug_msgs:/home/sws/autoware/install/autoware_lint_common:/home/sws/autoware/install/autoware_common_msgs:/home/sws/autoware/install/autoware_auto_mapping_msgs:/home/sws/autoware/install/autoware_auto_geometry_msgs:${AMENT_PREFIX_PATH} CMAKE_PREFIX_PATH=/home/sws/autoware/install/motion_utils:/home/sws/autoware/install/interpolation:/home/sws/autoware/install/tier4_autoware_utils:/home/sws/autoware/install/autoware_auto_vehicle_msgs:/home/sws/autoware/install/autoware_planning_msgs:/home/sws/autoware/install/autoware_cmake:/home/sws/autoware/install/autoware_auto_planning_msgs:/home/sws/autoware/install/autoware_auto_perception_msgs:/home/sws/autoware/install/tier4_debug_msgs:/home/sws/autoware/install/autoware_lint_common:/home/sws/autoware/install/autoware_common_msgs:/home/sws/autoware/install/autoware_auto_mapping_msgs:/home/sws/autoware/install/autoware_auto_geometry_msgs:/opt/ros/humble LD_LIBRARY_PATH=/home/sws/autoware/install/motion_utils/lib:/home/sws/autoware/install/interpolation/lib:/home/sws/autoware/install/tier4_autoware_utils/lib:/home/sws/autoware/install/autoware_auto_vehicle_msgs/lib:/home/sws/autoware/install/autoware_planning_msgs/lib:/home/sws/autoware/install/autoware_auto_planning_msgs/lib:/home/sws/autoware/install/autoware_auto_perception_msgs/lib:/home/sws/autoware/install/tier4_debug_msgs/lib:/home/sws/autoware/install/autoware_common_msgs/lib:/home/sws/autoware/install/autoware_auto_mapping_msgs/lib:/home/sws/autoware/install/autoware_auto_geometry_msgs/lib:${LD_LIBRARY_PATH} PYTHONPATH=/home/sws/autoware/install/autoware_auto_vehicle_msgs/local/lib/python3.10/dist-packages:/home/sws/autoware/install/autoware_planning_msgs/local/lib/python3.10/dist-packages:/home/sws/autoware/install/autoware_auto_planning_msgs/local/lib/python3.10/dist-packages:/home/sws/autoware/install/autoware_auto_perception_msgs/local/lib/python3.10/dist-packages:/home/sws/autoware/install/tier4_debug_msgs/local/lib/python3.10/dist-packages:/home/sws/autoware/install/autoware_common_msgs/local/lib/python3.10/dist-packages:/home/sws/autoware/install/autoware_auto_mapping_msgs/local/lib/python3.10/dist-packages:/home/sws/autoware/install/autoware_auto_geometry_msgs/local/lib/python3.10/dist-packages:${PYTHONPATH} /usr/bin/cmake /home/sws/autoware/src/universe/autoware.universe/evaluator/planning_evaluator -DCMAKE_BUILD_TYPE=Release -DAMENT_CMAKE_SYMLINK_INSTALL=1 -DCMAKE_INSTALL_PREFIX=/home/sws/autoware/install/planning_evaluator
[10.720s] -- The C compiler identification is GNU 11.3.0
[10.721s] -- The CXX compiler identification is GNU 11.3.0
[10.721s] -- Detecting C compiler ABI info
[10.721s] -- Detecting C compiler ABI info - done
[10.721s] -- Check for working C compiler: /usr/bin/cc - skipped
[10.721s] -- Detecting C compile features
[10.721s] -- Detecting C compile features - done
[10.721s] -- Detecting CXX compiler ABI info
[10.721s] -- Detecting CXX compiler ABI info - done
[10.721s] -- Check for working CXX compiler: /usr/bin/c++ - skipped
[10.721s] -- Detecting CXX compile features
[10.721s] -- Detecting CXX compile features - done
[10.722s] -- Found autoware_cmake: 0.1.0 (/home/sws/autoware/install/autoware_cmake/share/autoware_cmake/cmake)
[10.722s] -- Found Python3: /usr/bin/python3.10 (found version "3.10.6") found components: Interpreter 
[10.722s] -- Override CMake install command with custom implementation using symlinks instead of copying resources
[10.722s] -- Found rosidl_generator_c: 3.1.4 (/opt/ros/humble/share/rosidl_generator_c/cmake)
[10.722s] -- Found rosidl_adapter: 3.1.4 (/opt/ros/humble/share/rosidl_adapter/cmake)
[10.722s] -- Found rosidl_generator_cpp: 3.1.4 (/opt/ros/humble/share/rosidl_generator_cpp/cmake)
[10.722s] -- Using all available rosidl_typesupport_c: rosidl_typesupport_fastrtps_c;rosidl_typesupport_introspection_c
[10.722s] -- Using all available rosidl_typesupport_cpp: rosidl_typesupport_fastrtps_cpp;rosidl_typesupport_introspection_cpp
[10.722s] -- Found rmw_implementation_cmake: 6.1.1 (/opt/ros/humble/share/rmw_implementation_cmake/cmake)
[10.722s] -- Found rmw_fastrtps_cpp: 6.2.2 (/opt/ros/humble/share/rmw_fastrtps_cpp/cmake)
[10.723s] -- Found OpenSSL: /usr/lib/x86_64-linux-gnu/libcrypto.so (found version "3.0.2")  
[10.723s] -- Found FastRTPS: /opt/ros/humble/include  
[10.723s] -- Using RMW implementation 'rmw_fastrtps_cpp' as default
[10.723s] -- Looking for pthread.h
[10.723s] -- Looking for pthread.h - found
[10.723s] -- Performing Test CMAKE_HAVE_LIBC_PTHREAD
[10.723s] -- Performing Test CMAKE_HAVE_LIBC_PTHREAD - Success
[10.723s] -- Found Threads: TRUE  
[10.723s] -- Found eigen3_cmake_module: 0.1.1 (/opt/ros/humble/share/eigen3_cmake_module/cmake)
[10.723s] -- Found Eigen3: TRUE (found version "3.4.0") 
[10.723s] -- Ensuring Eigen3 include directory is part of orocos-kdl CMake target
[10.724s] -- Found ament_lint_auto: 0.12.5 (/opt/ros/humble/share/ament_lint_auto/cmake)
[12.055s] -- Found gtest sources under '/opt/ros/humble/src/gtest_vendor': C++ tests using 'Google Test' will be built
[12.070s] -- Added test 'copyright' to check source files copyright and LICENSE
[12.073s] -- Added test 'cppcheck' to perform static code analysis on C / C++ code
[12.073s] -- Configured cppcheck include dirs: /home/sws/autoware/src/universe/autoware.universe/evaluator/planning_evaluator/include
[12.073s] -- Configured cppcheck exclude dirs and/or files: 
[12.075s] -- Added test 'lint_cmake' to check CMake code style
[12.076s] -- Added test 'xmllint' to check XML markup files
[12.081s] -- Configuring done
[12.194s] -- Generating done
[12.197s] -- Build files have been written to: /home/sws/autoware/build/planning_evaluator
[12.220s] Invoked command in '/home/sws/autoware/build/planning_evaluator' returned '0': AMENT_PREFIX_PATH=/home/sws/autoware/install/motion_utils:/home/sws/autoware/install/interpolation:/home/sws/autoware/install/tier4_autoware_utils:/home/sws/autoware/install/autoware_auto_vehicle_msgs:/home/sws/autoware/install/autoware_planning_msgs:/home/sws/autoware/install/autoware_cmake:/home/sws/autoware/install/autoware_auto_planning_msgs:/home/sws/autoware/install/autoware_auto_perception_msgs:/home/sws/autoware/install/tier4_debug_msgs:/home/sws/autoware/install/autoware_lint_common:/home/sws/autoware/install/autoware_common_msgs:/home/sws/autoware/install/autoware_auto_mapping_msgs:/home/sws/autoware/install/autoware_auto_geometry_msgs:${AMENT_PREFIX_PATH} CMAKE_PREFIX_PATH=/home/sws/autoware/install/motion_utils:/home/sws/autoware/install/interpolation:/home/sws/autoware/install/tier4_autoware_utils:/home/sws/autoware/install/autoware_auto_vehicle_msgs:/home/sws/autoware/install/autoware_planning_msgs:/home/sws/autoware/install/autoware_cmake:/home/sws/autoware/install/autoware_auto_planning_msgs:/home/sws/autoware/install/autoware_auto_perception_msgs:/home/sws/autoware/install/tier4_debug_msgs:/home/sws/autoware/install/autoware_lint_common:/home/sws/autoware/install/autoware_common_msgs:/home/sws/autoware/install/autoware_auto_mapping_msgs:/home/sws/autoware/install/autoware_auto_geometry_msgs:/opt/ros/humble LD_LIBRARY_PATH=/home/sws/autoware/install/motion_utils/lib:/home/sws/autoware/install/interpolation/lib:/home/sws/autoware/install/tier4_autoware_utils/lib:/home/sws/autoware/install/autoware_auto_vehicle_msgs/lib:/home/sws/autoware/install/autoware_planning_msgs/lib:/home/sws/autoware/install/autoware_auto_planning_msgs/lib:/home/sws/autoware/install/autoware_auto_perception_msgs/lib:/home/sws/autoware/install/tier4_debug_msgs/lib:/home/sws/autoware/install/autoware_common_msgs/lib:/home/sws/autoware/install/autoware_auto_mapping_msgs/lib:/home/sws/autoware/install/autoware_auto_geometry_msgs/lib:${LD_LIBRARY_PATH} PYTHONPATH=/home/sws/autoware/install/autoware_auto_vehicle_msgs/local/lib/python3.10/dist-packages:/home/sws/autoware/install/autoware_planning_msgs/local/lib/python3.10/dist-packages:/home/sws/autoware/install/autoware_auto_planning_msgs/local/lib/python3.10/dist-packages:/home/sws/autoware/install/autoware_auto_perception_msgs/local/lib/python3.10/dist-packages:/home/sws/autoware/install/tier4_debug_msgs/local/lib/python3.10/dist-packages:/home/sws/autoware/install/autoware_common_msgs/local/lib/python3.10/dist-packages:/home/sws/autoware/install/autoware_auto_mapping_msgs/local/lib/python3.10/dist-packages:/home/sws/autoware/install/autoware_auto_geometry_msgs/local/lib/python3.10/dist-packages:${PYTHONPATH} /usr/bin/cmake /home/sws/autoware/src/universe/autoware.universe/evaluator/planning_evaluator -DCMAKE_BUILD_TYPE=Release -DAMENT_CMAKE_SYMLINK_INSTALL=1 -DCMAKE_INSTALL_PREFIX=/home/sws/autoware/install/planning_evaluator
[12.220s] Invoking command in '/home/sws/autoware/build/planning_evaluator': AMENT_PREFIX_PATH=/home/sws/autoware/install/motion_utils:/home/sws/autoware/install/interpolation:/home/sws/autoware/install/tier4_autoware_utils:/home/sws/autoware/install/autoware_auto_vehicle_msgs:/home/sws/autoware/install/autoware_planning_msgs:/home/sws/autoware/install/autoware_cmake:/home/sws/autoware/install/autoware_auto_planning_msgs:/home/sws/autoware/install/autoware_auto_perception_msgs:/home/sws/autoware/install/tier4_debug_msgs:/home/sws/autoware/install/autoware_lint_common:/home/sws/autoware/install/autoware_common_msgs:/home/sws/autoware/install/autoware_auto_mapping_msgs:/home/sws/autoware/install/autoware_auto_geometry_msgs:${AMENT_PREFIX_PATH} CMAKE_PREFIX_PATH=/home/sws/autoware/install/motion_utils:/home/sws/autoware/install/interpolation:/home/sws/autoware/install/tier4_autoware_utils:/home/sws/autoware/install/autoware_auto_vehicle_msgs:/home/sws/autoware/install/autoware_planning_msgs:/home/sws/autoware/install/autoware_cmake:/home/sws/autoware/install/autoware_auto_planning_msgs:/home/sws/autoware/install/autoware_auto_perception_msgs:/home/sws/autoware/install/tier4_debug_msgs:/home/sws/autoware/install/autoware_lint_common:/home/sws/autoware/install/autoware_common_msgs:/home/sws/autoware/install/autoware_auto_mapping_msgs:/home/sws/autoware/install/autoware_auto_geometry_msgs:/opt/ros/humble LD_LIBRARY_PATH=/home/sws/autoware/install/motion_utils/lib:/home/sws/autoware/install/interpolation/lib:/home/sws/autoware/install/tier4_autoware_utils/lib:/home/sws/autoware/install/autoware_auto_vehicle_msgs/lib:/home/sws/autoware/install/autoware_planning_msgs/lib:/home/sws/autoware/install/autoware_auto_planning_msgs/lib:/home/sws/autoware/install/autoware_auto_perception_msgs/lib:/home/sws/autoware/install/tier4_debug_msgs/lib:/home/sws/autoware/install/autoware_common_msgs/lib:/home/sws/autoware/install/autoware_auto_mapping_msgs/lib:/home/sws/autoware/install/autoware_auto_geometry_msgs/lib:${LD_LIBRARY_PATH} PYTHONPATH=/home/sws/autoware/install/autoware_auto_vehicle_msgs/local/lib/python3.10/dist-packages:/home/sws/autoware/install/autoware_planning_msgs/local/lib/python3.10/dist-packages:/home/sws/autoware/install/autoware_auto_planning_msgs/local/lib/python3.10/dist-packages:/home/sws/autoware/install/autoware_auto_perception_msgs/local/lib/python3.10/dist-packages:/home/sws/autoware/install/tier4_debug_msgs/local/lib/python3.10/dist-packages:/home/sws/autoware/install/autoware_common_msgs/local/lib/python3.10/dist-packages:/home/sws/autoware/install/autoware_auto_mapping_msgs/local/lib/python3.10/dist-packages:/home/sws/autoware/install/autoware_auto_geometry_msgs/local/lib/python3.10/dist-packages:${PYTHONPATH} /usr/bin/cmake --build /home/sws/autoware/build/planning_evaluator -- -j16 -l16
[27.346s] [  5%] [32mBuilding CXX object CMakeFiles/planning_evaluator_node.dir/src/metrics_calculator.cpp.o[0m
[27.346s] [ 10%] [32mBuilding CXX object CMakeFiles/planning_evaluator_node.dir/src/metrics/trajectory_metrics.cpp.o[0m
[39.865s] [ 15%] [32mBuilding CXX object CMakeFiles/planning_evaluator_node.dir/src/metrics/stability_metrics.cpp.o[0m
[55.303s] [ 21%] [32mBuilding CXX object CMakeFiles/planning_evaluator_node.dir/src/metrics/obstacle_metrics.cpp.o[0m
[68.136s] [ 26%] [32mBuilding CXX object CMakeFiles/planning_evaluator_node.dir/src/metrics/metrics_utils.cpp.o[0m
[80.625s] [ 31%] [32mBuilding CXX object CMakeFiles/planning_evaluator_node.dir/src/metrics/deviation_metrics.cpp.o[0m
[93.892s] [ 36%] [32mBuilding CXX object CMakeFiles/planning_evaluator_node.dir/src/motion_evaluator_node.cpp.o[0m
[111.504s] [ 42%] [32mBuilding CXX object CMakeFiles/planning_evaluator_node.dir/src/planning_evaluator_node.cpp.o[0m
[145.300s] [ 47%] [32m[1mLinking CXX shared library libplanning_evaluator_node.so[0m
[145.706s] [ 47%] Built target planning_evaluator_node
[145.725s] [ 52%] [32mBuilding CXX object gtest/CMakeFiles/gtest.dir/src/gtest-all.cc.o[0m
[145.734s] [ 57%] [32mBuilding CXX object gtest/CMakeFiles/gtest_main.dir/src/gtest_main.cc.o[0m
[147.160s] [ 63%] [32m[1mLinking CXX static library libgtest_main.a[0m
[147.208s] [ 63%] Built target gtest_main
[147.238s] [ 68%] [32mBuilding CXX object CMakeFiles/motion_evaluator.dir/rclcpp_components/node_main_motion_evaluator.cpp.o[0m
[152.092s] [ 73%] [32m[1mLinking CXX executable motion_evaluator[0m
[152.248s] [ 73%] Built target motion_evaluator
[152.277s] [ 78%] [32mBuilding CXX object CMakeFiles/planning_evaluator.dir/rclcpp_components/node_main_planning_evaluator.cpp.o[0m
[154.903s] [ 84%] [32m[1mLinking CXX static library libgtest.a[0m
[154.939s] [ 84%] Built target gtest
[154.961s] [ 89%] [32mBuilding CXX object CMakeFiles/test_planning_evaluator.dir/test/test_planning_evaluator_node.cpp.o[0m
[157.589s] [ 94%] [32m[1mLinking CXX executable planning_evaluator[0m
[157.744s] [ 94%] Built target planning_evaluator
[172.150s] [100%] [32m[1mLinking CXX executable test_planning_evaluator[0m
[172.504s] [100%] Built target test_planning_evaluator
[172.515s] Invoked command in '/home/sws/autoware/build/planning_evaluator' returned '0': AMENT_PREFIX_PATH=/home/sws/autoware/install/motion_utils:/home/sws/autoware/install/interpolation:/home/sws/autoware/install/tier4_autoware_utils:/home/sws/autoware/install/autoware_auto_vehicle_msgs:/home/sws/autoware/install/autoware_planning_msgs:/home/sws/autoware/install/autoware_cmake:/home/sws/autoware/install/autoware_auto_planning_msgs:/home/sws/autoware/install/autoware_auto_perception_msgs:/home/sws/autoware/install/tier4_debug_msgs:/home/sws/autoware/install/autoware_lint_common:/home/sws/autoware/install/autoware_common_msgs:/home/sws/autoware/install/autoware_auto_mapping_msgs:/home/sws/autoware/install/autoware_auto_geometry_msgs:${AMENT_PREFIX_PATH} CMAKE_PREFIX_PATH=/home/sws/autoware/install/motion_utils:/home/sws/autoware/install/interpolation:/home/sws/autoware/install/tier4_autoware_utils:/home/sws/autoware/install/autoware_auto_vehicle_msgs:/home/sws/autoware/install/autoware_planning_msgs:/home/sws/autoware/install/autoware_cmake:/home/sws/autoware/install/autoware_auto_planning_msgs:/home/sws/autoware/install/autoware_auto_perception_msgs:/home/sws/autoware/install/tier4_debug_msgs:/home/sws/autoware/install/autoware_lint_common:/home/sws/autoware/install/autoware_common_msgs:/home/sws/autoware/install/autoware_auto_mapping_msgs:/home/sws/autoware/install/autoware_auto_geometry_msgs:/opt/ros/humble LD_LIBRARY_PATH=/home/sws/autoware/install/motion_utils/lib:/home/sws/autoware/install/interpolation/lib:/home/sws/autoware/install/tier4_autoware_utils/lib:/home/sws/autoware/install/autoware_auto_vehicle_msgs/lib:/home/sws/autoware/install/autoware_planning_msgs/lib:/home/sws/autoware/install/autoware_auto_planning_msgs/lib:/home/sws/autoware/install/autoware_auto_perception_msgs/lib:/home/sws/autoware/install/tier4_debug_msgs/lib:/home/sws/autoware/install/autoware_common_msgs/lib:/home/sws/autoware/install/autoware_auto_mapping_msgs/lib:/home/sws/autoware/install/autoware_auto_geometry_msgs/lib:${LD_LIBRARY_PATH} PYTHONPATH=/home/sws/autoware/install/autoware_auto_vehicle_msgs/local/lib/python3.10/dist-packages:/home/sws/autoware/install/autoware_planning_msgs/local/lib/python3.10/dist-packages:/home/sws/autoware/install/autoware_auto_planning_msgs/local/lib/python3.10/dist-packages:/home/sws/autoware/install/autoware_auto_perception_msgs/local/lib/python3.10/dist-packages:/home/sws/autoware/install/tier4_debug_msgs/local/lib/python3.10/dist-packages:/home/sws/autoware/install/autoware_common_msgs/local/lib/python3.10/dist-packages:/home/sws/autoware/install/autoware_auto_mapping_msgs/local/lib/python3.10/dist-packages:/home/sws/autoware/install/autoware_auto_geometry_msgs/local/lib/python3.10/dist-packages:${PYTHONPATH} /usr/bin/cmake --build /home/sws/autoware/build/planning_evaluator -- -j16 -l16
[172.552s] Invoking command in '/home/sws/autoware/build/planning_evaluator': AMENT_PREFIX_PATH=/home/sws/autoware/install/motion_utils:/home/sws/autoware/install/interpolation:/home/sws/autoware/install/tier4_autoware_utils:/home/sws/autoware/install/autoware_auto_vehicle_msgs:/home/sws/autoware/install/autoware_planning_msgs:/home/sws/autoware/install/autoware_cmake:/home/sws/autoware/install/autoware_auto_planning_msgs:/home/sws/autoware/install/autoware_auto_perception_msgs:/home/sws/autoware/install/tier4_debug_msgs:/home/sws/autoware/install/autoware_lint_common:/home/sws/autoware/install/autoware_common_msgs:/home/sws/autoware/install/autoware_auto_mapping_msgs:/home/sws/autoware/install/autoware_auto_geometry_msgs:${AMENT_PREFIX_PATH} CMAKE_PREFIX_PATH=/home/sws/autoware/install/motion_utils:/home/sws/autoware/install/interpolation:/home/sws/autoware/install/tier4_autoware_utils:/home/sws/autoware/install/autoware_auto_vehicle_msgs:/home/sws/autoware/install/autoware_planning_msgs:/home/sws/autoware/install/autoware_cmake:/home/sws/autoware/install/autoware_auto_planning_msgs:/home/sws/autoware/install/autoware_auto_perception_msgs:/home/sws/autoware/install/tier4_debug_msgs:/home/sws/autoware/install/autoware_lint_common:/home/sws/autoware/install/autoware_common_msgs:/home/sws/autoware/install/autoware_auto_mapping_msgs:/home/sws/autoware/install/autoware_auto_geometry_msgs:/opt/ros/humble LD_LIBRARY_PATH=/home/sws/autoware/install/motion_utils/lib:/home/sws/autoware/install/interpolation/lib:/home/sws/autoware/install/tier4_autoware_utils/lib:/home/sws/autoware/install/autoware_auto_vehicle_msgs/lib:/home/sws/autoware/install/autoware_planning_msgs/lib:/home/sws/autoware/install/autoware_auto_planning_msgs/lib:/home/sws/autoware/install/autoware_auto_perception_msgs/lib:/home/sws/autoware/install/tier4_debug_msgs/lib:/home/sws/autoware/install/autoware_common_msgs/lib:/home/sws/autoware/install/autoware_auto_mapping_msgs/lib:/home/sws/autoware/install/autoware_auto_geometry_msgs/lib:${LD_LIBRARY_PATH} PYTHONPATH=/home/sws/autoware/install/autoware_auto_vehicle_msgs/local/lib/python3.10/dist-packages:/home/sws/autoware/install/autoware_planning_msgs/local/lib/python3.10/dist-packages:/home/sws/autoware/install/autoware_auto_planning_msgs/local/lib/python3.10/dist-packages:/home/sws/autoware/install/autoware_auto_perception_msgs/local/lib/python3.10/dist-packages:/home/sws/autoware/install/tier4_debug_msgs/local/lib/python3.10/dist-packages:/home/sws/autoware/install/autoware_common_msgs/local/lib/python3.10/dist-packages:/home/sws/autoware/install/autoware_auto_mapping_msgs/local/lib/python3.10/dist-packages:/home/sws/autoware/install/autoware_auto_geometry_msgs/local/lib/python3.10/dist-packages:${PYTHONPATH} /usr/bin/cmake --install /home/sws/autoware/build/planning_evaluator
[172.558s] -- Install configuration: "Release"
[172.559s] -- Execute custom install script
[172.559s] -- Symlinking: /home/sws/autoware/install/planning_evaluator/lib/planning_evaluator/planning_evaluator
[172.568s] -- Symlinking: /home/sws/autoware/install/planning_evaluator/lib/planning_evaluator/motion_evaluator
[172.576s] -- Symlinking: /home/sws/autoware/install/planning_evaluator/include/planning_evaluator/metrics/deviation_metrics.hpp
[172.583s] -- Symlinking: /home/sws/autoware/install/planning_evaluator/include/planning_evaluator/metrics/metric.hpp
[172.591s] -- Symlinking: /home/sws/autoware/install/planning_evaluator/include/planning_evaluator/metrics/metrics_utils.hpp
[172.599s] -- Symlinking: /home/sws/autoware/install/planning_evaluator/include/planning_evaluator/metrics/obstacle_metrics.hpp
[172.607s] -- Symlinking: /home/sws/autoware/install/planning_evaluator/include/planning_evaluator/metrics/stability_metrics.hpp
[172.615s] -- Symlinking: /home/sws/autoware/install/planning_evaluator/include/planning_evaluator/metrics/trajectory_metrics.hpp
[172.622s] -- Symlinking: /home/sws/autoware/install/planning_evaluator/include/planning_evaluator/metrics_calculator.hpp
[172.630s] -- Symlinking: /home/sws/autoware/install/planning_evaluator/include/planning_evaluator/motion_evaluator_node.hpp
[172.638s] -- Symlinking: /home/sws/autoware/install/planning_evaluator/include/planning_evaluator/parameters.hpp
[172.646s] -- Symlinking: /home/sws/autoware/install/planning_evaluator/include/planning_evaluator/planning_evaluator_node.hpp
[172.654s] -- Symlinking: /home/sws/autoware/install/planning_evaluator/include/planning_evaluator/stat.hpp
[172.662s] -- Symlinking: /home/sws/autoware/install/planning_evaluator/share/planning_evaluator/environment/library_path.sh
[172.670s] -- Symlinking: /home/sws/autoware/install/planning_evaluator/share/planning_evaluator/environment/library_path.dsv
[172.678s] -- Symlinking: /home/sws/autoware/install/planning_evaluator/lib/libplanning_evaluator_node.so
[172.686s] -- Symlinking: /home/sws/autoware/install/planning_evaluator/share/planning_evaluator/param/planning_evaluator.defaults.yaml
[172.694s] -- Symlinking: /home/sws/autoware/install/planning_evaluator/share/planning_evaluator/launch/motion_evaluator.launch.xml
[172.703s] -- Symlinking: /home/sws/autoware/install/planning_evaluator/share/planning_evaluator/launch/planning_evaluator.launch.xml
[172.711s] -- Symlinking: /home/sws/autoware/install/planning_evaluator/share/ament_index/resource_index/package_run_dependencies/planning_evaluator
[172.719s] -- Symlinking: /home/sws/autoware/install/planning_evaluator/share/ament_index/resource_index/parent_prefix_path/planning_evaluator
[172.727s] -- Symlinking: /home/sws/autoware/install/planning_evaluator/share/planning_evaluator/environment/ament_prefix_path.sh
[172.738s] -- Symlinking: /home/sws/autoware/install/planning_evaluator/share/planning_evaluator/environment/ament_prefix_path.dsv
[172.749s] -- Symlinking: /home/sws/autoware/install/planning_evaluator/share/planning_evaluator/environment/path.sh
[172.760s] -- Symlinking: /home/sws/autoware/install/planning_evaluator/share/planning_evaluator/environment/path.dsv
[172.772s] -- Symlinking: /home/sws/autoware/install/planning_evaluator/share/planning_evaluator/local_setup.bash
[172.784s] -- Symlinking: /home/sws/autoware/install/planning_evaluator/share/planning_evaluator/local_setup.sh
[172.795s] -- Symlinking: /home/sws/autoware/install/planning_evaluator/share/planning_evaluator/local_setup.zsh
[172.808s] -- Symlinking: /home/sws/autoware/install/planning_evaluator/share/planning_evaluator/local_setup.dsv
[172.820s] -- Symlinking: /home/sws/autoware/install/planning_evaluator/share/planning_evaluator/package.dsv
[172.832s] -- Symlinking: /home/sws/autoware/install/planning_evaluator/share/ament_index/resource_index/packages/planning_evaluator
[172.844s] -- Symlinking: /home/sws/autoware/install/planning_evaluator/share/ament_index/resource_index/rclcpp_components/planning_evaluator
[172.853s] -- Symlinking: /home/sws/autoware/install/planning_evaluator/share/planning_evaluator/cmake/ament_cmake_export_dependencies-extras.cmake
[172.860s] -- Symlinking: /home/sws/autoware/install/planning_evaluator/share/planning_evaluator/cmake/ament_cmake_export_include_directories-extras.cmake
[172.868s] -- Symlinking: /home/sws/autoware/install/planning_evaluator/share/planning_evaluator/cmake/ament_cmake_export_libraries-extras.cmake
[172.876s] -- Symlinking: /home/sws/autoware/install/planning_evaluator/share/planning_evaluator/cmake/planning_evaluatorConfig.cmake
[172.884s] -- Symlinking: /home/sws/autoware/install/planning_evaluator/share/planning_evaluator/cmake/planning_evaluatorConfig-version.cmake
[172.892s] -- Symlinking: /home/sws/autoware/install/planning_evaluator/share/planning_evaluator/package.xml
[172.906s] Invoked command in '/home/sws/autoware/build/planning_evaluator' returned '0': AMENT_PREFIX_PATH=/home/sws/autoware/install/motion_utils:/home/sws/autoware/install/interpolation:/home/sws/autoware/install/tier4_autoware_utils:/home/sws/autoware/install/autoware_auto_vehicle_msgs:/home/sws/autoware/install/autoware_planning_msgs:/home/sws/autoware/install/autoware_cmake:/home/sws/autoware/install/autoware_auto_planning_msgs:/home/sws/autoware/install/autoware_auto_perception_msgs:/home/sws/autoware/install/tier4_debug_msgs:/home/sws/autoware/install/autoware_lint_common:/home/sws/autoware/install/autoware_common_msgs:/home/sws/autoware/install/autoware_auto_mapping_msgs:/home/sws/autoware/install/autoware_auto_geometry_msgs:${AMENT_PREFIX_PATH} CMAKE_PREFIX_PATH=/home/sws/autoware/install/motion_utils:/home/sws/autoware/install/interpolation:/home/sws/autoware/install/tier4_autoware_utils:/home/sws/autoware/install/autoware_auto_vehicle_msgs:/home/sws/autoware/install/autoware_planning_msgs:/home/sws/autoware/install/autoware_cmake:/home/sws/autoware/install/autoware_auto_planning_msgs:/home/sws/autoware/install/autoware_auto_perception_msgs:/home/sws/autoware/install/tier4_debug_msgs:/home/sws/autoware/install/autoware_lint_common:/home/sws/autoware/install/autoware_common_msgs:/home/sws/autoware/install/autoware_auto_mapping_msgs:/home/sws/autoware/install/autoware_auto_geometry_msgs:/opt/ros/humble LD_LIBRARY_PATH=/home/sws/autoware/install/motion_utils/lib:/home/sws/autoware/install/interpolation/lib:/home/sws/autoware/install/tier4_autoware_utils/lib:/home/sws/autoware/install/autoware_auto_vehicle_msgs/lib:/home/sws/autoware/install/autoware_planning_msgs/lib:/home/sws/autoware/install/autoware_auto_planning_msgs/lib:/home/sws/autoware/install/autoware_auto_perception_msgs/lib:/home/sws/autoware/install/tier4_debug_msgs/lib:/home/sws/autoware/install/autoware_common_msgs/lib:/home/sws/autoware/install/autoware_auto_mapping_msgs/lib:/home/sws/autoware/install/autoware_auto_geometry_msgs/lib:${LD_LIBRARY_PATH} PYTHONPATH=/home/sws/autoware/install/autoware_auto_vehicle_msgs/local/lib/python3.10/dist-packages:/home/sws/autoware/install/autoware_planning_msgs/local/lib/python3.10/dist-packages:/home/sws/autoware/install/autoware_auto_planning_msgs/local/lib/python3.10/dist-packages:/home/sws/autoware/install/autoware_auto_perception_msgs/local/lib/python3.10/dist-packages:/home/sws/autoware/install/tier4_debug_msgs/local/lib/python3.10/dist-packages:/home/sws/autoware/install/autoware_common_msgs/local/lib/python3.10/dist-packages:/home/sws/autoware/install/autoware_auto_mapping_msgs/local/lib/python3.10/dist-packages:/home/sws/autoware/install/autoware_auto_geometry_msgs/local/lib/python3.10/dist-packages:${PYTHONPATH} /usr/bin/cmake --install /home/sws/autoware/build/planning_evaluator
