In file included from [01m[K/usr/include/boost/math/tools/cxx03_warn.hpp:9[m[K,
                 from [01m[K/usr/include/boost/math/constants/constants.hpp:11[m[K,
                 from [01m[K/usr/include/boost/geometry/util/math.hpp:29[m[K,
                 from [01m[K/usr/include/boost/geometry/util/is_inverse_spheroidal_coordinates.hpp:19[m[K,
                 from [01m[K/usr/include/boost/geometry/algorithms/detail/assign_values.hpp:42[m[K,
                 from [01m[K/usr/include/boost/geometry/algorithms/detail/assign_box_corners.hpp:21[m[K,
                 from [01m[K/usr/include/boost/geometry/algorithms/convert.hpp:38[m[K,
                 from [01m[K/usr/include/boost/geometry/geometries/box.hpp:22[m[K,
                 from [01m[K/usr/include/boost/geometry/geometries/geometries.hpp:25[m[K,
                 from [01m[K/home/sws/autoware/install/tier4_autoware_utils/include/tier4_autoware_utils/geometry/boost_geometry.hpp:19[m[K,
                 from [01m[K/home/sws/autoware/install/tier4_autoware_utils/include/tier4_autoware_utils/tier4_autoware_utils.hpp:18[m[K,
                 from [01m[K/home/sws/autoware/install/vehicle_info_util/include/vehicle_info_util/vehicle_info.hpp:18[m[K,
                 from [01m[K/home/sws/autoware/install/vehicle_info_util/include/vehicle_info_util/vehicle_info_util.hpp:18[m[K,
                 from [01m[K/home/sws/autoware/src/vehicle/external/pacmod_interface/pacmod_interface/include/pacmod_steer_test/pacmod_steer_test.hpp:19[m[K,
                 from [01m[K/home/sws/autoware/src/vehicle/external/pacmod_interface/pacmod_interface/src/pacmod_steer_test/pacmod_steer_test.cpp:15[m[K:
[01m[K/usr/include/boost/detail/no_exceptions_support.hpp:17:1:[m[K [01;36m[Knote: [m[K‘[01m[K#pragma message: This header is deprecated. Use <boost/core/no_exceptions_support.hpp> instead.[m[K’
   17 | [01;36m[KBOOST_HEADER_DEPRECATED[m[K("<boost/core/no_exceptions_support.hpp>")
      | [01;36m[K^~~~~~~~~~~~~~~~~~~~~~~[m[K
In file included from [01m[K/usr/include/boost/math/tools/cxx03_warn.hpp:9[m[K,
                 from [01m[K/usr/include/boost/math/constants/constants.hpp:11[m[K,
                 from [01m[K/usr/include/boost/geometry/util/math.hpp:29[m[K,
                 from [01m[K/usr/include/boost/geometry/util/is_inverse_spheroidal_coordinates.hpp:19[m[K,
                 from [01m[K/usr/include/boost/geometry/algorithms/detail/assign_values.hpp:42[m[K,
                 from [01m[K/usr/include/boost/geometry/algorithms/detail/assign_box_corners.hpp:21[m[K,
                 from [01m[K/usr/include/boost/geometry/algorithms/convert.hpp:38[m[K,
                 from [01m[K/usr/include/boost/geometry/geometries/box.hpp:22[m[K,
                 from [01m[K/usr/include/boost/geometry/geometries/geometries.hpp:25[m[K,
                 from [01m[K/home/sws/autoware/install/tier4_autoware_utils/include/tier4_autoware_utils/geometry/boost_geometry.hpp:19[m[K,
                 from [01m[K/home/sws/autoware/install/tier4_autoware_utils/include/tier4_autoware_utils/tier4_autoware_utils.hpp:18[m[K,
                 from [01m[K/home/sws/autoware/install/vehicle_info_util/include/vehicle_info_util/vehicle_info.hpp:18[m[K,
                 from [01m[K/home/sws/autoware/install/vehicle_info_util/include/vehicle_info_util/vehicle_info_util.hpp:18[m[K,
                 from [01m[K/home/sws/autoware/src/vehicle/external/pacmod_interface/pacmod_interface/include/pacmod_steer_test/pacmod_steer_test.hpp:19[m[K,
                 from [01m[K/home/sws/autoware/src/vehicle/external/pacmod_interface/pacmod_interface/src/pacmod_steer_test/pacmod_steer_test_node.cpp:15[m[K:
[01m[K/usr/include/boost/detail/no_exceptions_support.hpp:17:1:[m[K [01;36m[Knote: [m[K‘[01m[K#pragma message: This header is deprecated. Use <boost/core/no_exceptions_support.hpp> instead.[m[K’
   17 | [01;36m[KBOOST_HEADER_DEPRECATED[m[K("<boost/core/no_exceptions_support.hpp>")
      | [01;36m[K^~~~~~~~~~~~~~~~~~~~~~~[m[K
In file included from [01m[K/usr/include/boost/math/tools/cxx03_warn.hpp:9[m[K,
                 from [01m[K/usr/include/boost/math/constants/constants.hpp:11[m[K,
                 from [01m[K/usr/include/boost/geometry/util/math.hpp:29[m[K,
                 from [01m[K/usr/include/boost/geometry/util/is_inverse_spheroidal_coordinates.hpp:19[m[K,
                 from [01m[K/usr/include/boost/geometry/algorithms/detail/assign_values.hpp:42[m[K,
                 from [01m[K/usr/include/boost/geometry/algorithms/detail/assign_box_corners.hpp:21[m[K,
                 from [01m[K/usr/include/boost/geometry/algorithms/convert.hpp:38[m[K,
                 from [01m[K/usr/include/boost/geometry/geometries/box.hpp:22[m[K,
                 from [01m[K/usr/include/boost/geometry/geometries/geometries.hpp:25[m[K,
                 from [01m[K/home/sws/autoware/install/tier4_autoware_utils/include/tier4_autoware_utils/geometry/boost_geometry.hpp:19[m[K,
                 from [01m[K/home/sws/autoware/install/tier4_autoware_utils/include/tier4_autoware_utils/tier4_autoware_utils.hpp:18[m[K,
                 from [01m[K/home/sws/autoware/install/vehicle_info_util/include/vehicle_info_util/vehicle_info.hpp:18[m[K,
                 from [01m[K/home/sws/autoware/install/vehicle_info_util/include/vehicle_info_util/vehicle_info_util.hpp:18[m[K,
                 from [01m[K/home/sws/autoware/src/vehicle/external/pacmod_interface/pacmod_interface/include/pacmod_interface/pacmod_interface.hpp:20[m[K,
                 from [01m[K/home/sws/autoware/src/vehicle/external/pacmod_interface/pacmod_interface/src/pacmod_interface/pacmod_interface.cpp:15[m[K:
[01m[K/usr/include/boost/detail/no_exceptions_support.hpp:17:1:[m[K [01;36m[Knote: [m[K‘[01m[K#pragma message: This header is deprecated. Use <boost/core/no_exceptions_support.hpp> instead.[m[K’
   17 | [01;36m[KBOOST_HEADER_DEPRECATED[m[K("<boost/core/no_exceptions_support.hpp>")
      | [01;36m[K^~~~~~~~~~~~~~~~~~~~~~~[m[K
In file included from [01m[K/usr/include/boost/math/tools/cxx03_warn.hpp:9[m[K,
                 from [01m[K/usr/include/boost/math/constants/constants.hpp:11[m[K,
                 from [01m[K/usr/include/boost/geometry/util/math.hpp:29[m[K,
                 from [01m[K/usr/include/boost/geometry/util/is_inverse_spheroidal_coordinates.hpp:19[m[K,
                 from [01m[K/usr/include/boost/geometry/algorithms/detail/assign_values.hpp:42[m[K,
                 from [01m[K/usr/include/boost/geometry/algorithms/detail/assign_box_corners.hpp:21[m[K,
                 from [01m[K/usr/include/boost/geometry/algorithms/convert.hpp:38[m[K,
                 from [01m[K/usr/include/boost/geometry/geometries/box.hpp:22[m[K,
                 from [01m[K/usr/include/boost/geometry/geometries/geometries.hpp:25[m[K,
                 from [01m[K/home/sws/autoware/install/tier4_autoware_utils/include/tier4_autoware_utils/geometry/boost_geometry.hpp:19[m[K,
                 from [01m[K/home/sws/autoware/install/tier4_autoware_utils/include/tier4_autoware_utils/tier4_autoware_utils.hpp:18[m[K,
                 from [01m[K/home/sws/autoware/install/vehicle_info_util/include/vehicle_info_util/vehicle_info.hpp:18[m[K,
                 from [01m[K/home/sws/autoware/install/vehicle_info_util/include/vehicle_info_util/vehicle_info_util.hpp:18[m[K,
                 from [01m[K/home/sws/autoware/src/vehicle/external/pacmod_interface/pacmod_interface/include/pacmod_interface/pacmod_interface.hpp:20[m[K,
                 from [01m[K/home/sws/autoware/src/vehicle/external/pacmod_interface/pacmod_interface/src/pacmod_interface/pacmod_interface_node.cpp:15[m[K:
[01m[K/usr/include/boost/detail/no_exceptions_support.hpp:17:1:[m[K [01;36m[Knote: [m[K‘[01m[K#pragma message: This header is deprecated. Use <boost/core/no_exceptions_support.hpp> instead.[m[K’
   17 | [01;36m[KBOOST_HEADER_DEPRECATED[m[K("<boost/core/no_exceptions_support.hpp>")
      | [01;36m[K^~~~~~~~~~~~~~~~~~~~~~~[m[K
