[0.559s] Invoking command in '/home/sws/autoware/build/pacmod_interface': AMENT_PREFIX_PATH=/home/sws/autoware/install/vehicle_info_util:/home/sws/autoware/install/tier4_autoware_utils:/home/sws/autoware/install/tier4_vehicle_msgs:/home/sws/autoware/install/tier4_api_utils:/home/sws/autoware/install/tier4_api_msgs:/home/sws/autoware/install/autoware_auto_vehicle_msgs:/home/sws/autoware/install/tier4_system_msgs:/home/sws/autoware/install/tier4_control_msgs:/home/sws/autoware/install/autoware_auto_planning_msgs:/home/sws/autoware/install/autoware_auto_perception_msgs:/home/sws/autoware/install/tier4_planning_msgs:/home/sws/autoware/install/tier4_external_api_msgs:/home/sws/autoware/install/tier4_debug_msgs:/home/sws/autoware/install/autoware_lint_common:/home/sws/autoware/install/autoware_common_msgs:/home/sws/autoware/install/autoware_auto_mapping_msgs:/home/sws/autoware/install/autoware_auto_geometry_msgs:/home/sws/autoware/install/autoware_auto_control_msgs:${AMENT_PREFIX_PATH} CMAKE_PREFIX_PATH=/home/sws/autoware/install/vehicle_info_util:/home/sws/autoware/install/tier4_autoware_utils:/home/sws/autoware/install/tier4_vehicle_msgs:/home/sws/autoware/install/tier4_api_utils:/home/sws/autoware/install/tier4_api_msgs:/home/sws/autoware/install/autoware_auto_vehicle_msgs:/home/sws/autoware/install/tier4_system_msgs:/home/sws/autoware/install/tier4_control_msgs:/home/sws/autoware/install/autoware_auto_planning_msgs:/home/sws/autoware/install/autoware_auto_perception_msgs:/home/sws/autoware/install/tier4_planning_msgs:/home/sws/autoware/install/tier4_external_api_msgs:/home/sws/autoware/install/tier4_debug_msgs:/home/sws/autoware/install/autoware_lint_common:/home/sws/autoware/install/autoware_common_msgs:/home/sws/autoware/install/autoware_auto_mapping_msgs:/home/sws/autoware/install/autoware_auto_geometry_msgs:/home/sws/autoware/install/autoware_auto_control_msgs:/opt/ros/humble LD_LIBRARY_PATH=/home/sws/autoware/install/vehicle_info_util/lib:/home/sws/autoware/install/tier4_autoware_utils/lib:/home/sws/autoware/install/tier4_vehicle_msgs/lib:/home/sws/autoware/install/tier4_api_msgs/lib:/home/sws/autoware/install/autoware_auto_vehicle_msgs/lib:/home/sws/autoware/install/tier4_system_msgs/lib:/home/sws/autoware/install/tier4_control_msgs/lib:/home/sws/autoware/install/autoware_auto_planning_msgs/lib:/home/sws/autoware/install/autoware_auto_perception_msgs/lib:/home/sws/autoware/install/tier4_planning_msgs/lib:/home/sws/autoware/install/tier4_external_api_msgs/lib:/home/sws/autoware/install/tier4_debug_msgs/lib:/home/sws/autoware/install/autoware_common_msgs/lib:/home/sws/autoware/install/autoware_auto_mapping_msgs/lib:/home/sws/autoware/install/autoware_auto_geometry_msgs/lib:/home/sws/autoware/install/autoware_auto_control_msgs/lib:${LD_LIBRARY_PATH} PYTHONPATH=/home/sws/autoware/install/tier4_vehicle_msgs/local/lib/python3.10/dist-packages:/home/sws/autoware/install/tier4_api_msgs/local/lib/python3.10/dist-packages:/home/sws/autoware/install/autoware_auto_vehicle_msgs/local/lib/python3.10/dist-packages:/home/sws/autoware/install/tier4_system_msgs/local/lib/python3.10/dist-packages:/home/sws/autoware/install/tier4_control_msgs/local/lib/python3.10/dist-packages:/home/sws/autoware/install/autoware_auto_planning_msgs/local/lib/python3.10/dist-packages:/home/sws/autoware/install/autoware_auto_perception_msgs/local/lib/python3.10/dist-packages:/home/sws/autoware/install/tier4_planning_msgs/local/lib/python3.10/dist-packages:/home/sws/autoware/install/tier4_external_api_msgs/local/lib/python3.10/dist-packages:/home/sws/autoware/install/tier4_debug_msgs/local/lib/python3.10/dist-packages:/home/sws/autoware/install/autoware_common_msgs/local/lib/python3.10/dist-packages:/home/sws/autoware/install/autoware_auto_mapping_msgs/local/lib/python3.10/dist-packages:/home/sws/autoware/install/autoware_auto_geometry_msgs/local/lib/python3.10/dist-packages:/home/sws/autoware/install/autoware_auto_control_msgs/local/lib/python3.10/dist-packages:${PYTHONPATH} /usr/bin/cmake /home/sws/autoware/src/vehicle/external/pacmod_interface/pacmod_interface -DCMAKE_BUILD_TYPE=Release -DAMENT_CMAKE_SYMLINK_INSTALL=1 -DCMAKE_INSTALL_PREFIX=/home/sws/autoware/install/pacmod_interface
[14.630s] -- The C compiler identification is GNU 11.3.0
[14.632s] -- The CXX compiler identification is GNU 11.3.0
[14.633s] -- Detecting C compiler ABI info
[14.633s] -- Detecting C compiler ABI info - done
[14.633s] -- Check for working C compiler: /usr/bin/cc - skipped
[14.634s] -- Detecting C compile features
[14.634s] -- Detecting C compile features - done
[14.634s] -- Detecting CXX compiler ABI info
[14.634s] -- Detecting CXX compiler ABI info - done
[14.635s] -- Check for working CXX compiler: /usr/bin/c++ - skipped
[14.636s] -- Detecting CXX compile features
[14.636s] -- Detecting CXX compile features - done
[14.636s] -- Found ament_cmake_auto: 1.3.3 (/opt/ros/humble/share/ament_cmake_auto/cmake)
[14.636s] -- Found Python3: /usr/bin/python3.10 (found version "3.10.6") found components: Interpreter 
[14.636s] -- Override CMake install command with custom implementation using symlinks instead of copying resources
[14.636s] -- Found rosidl_generator_c: 3.1.4 (/opt/ros/humble/share/rosidl_generator_c/cmake)
[14.636s] -- Found rosidl_adapter: 3.1.4 (/opt/ros/humble/share/rosidl_adapter/cmake)
[14.636s] -- Found rosidl_generator_cpp: 3.1.4 (/opt/ros/humble/share/rosidl_generator_cpp/cmake)
[14.636s] -- Using all available rosidl_typesupport_c: rosidl_typesupport_fastrtps_c;rosidl_typesupport_introspection_c
[14.636s] -- Using all available rosidl_typesupport_cpp: rosidl_typesupport_fastrtps_cpp;rosidl_typesupport_introspection_cpp
[14.636s] -- Found rmw_implementation_cmake: 6.1.1 (/opt/ros/humble/share/rmw_implementation_cmake/cmake)
[14.636s] -- Found rmw_fastrtps_cpp: 6.2.2 (/opt/ros/humble/share/rmw_fastrtps_cpp/cmake)
[14.636s] -- Found OpenSSL: /usr/lib/x86_64-linux-gnu/libcrypto.so (found version "3.0.2")  
[14.637s] -- Found FastRTPS: /opt/ros/humble/include  
[14.637s] -- Using RMW implementation 'rmw_fastrtps_cpp' as default
[14.637s] -- Looking for pthread.h
[14.637s] -- Looking for pthread.h - found
[14.637s] -- Performing Test CMAKE_HAVE_LIBC_PTHREAD
[14.637s] -- Performing Test CMAKE_HAVE_LIBC_PTHREAD - Success
[14.637s] -- Found Threads: TRUE  
[14.637s] -- Found eigen3_cmake_module: 0.1.1 (/opt/ros/humble/share/eigen3_cmake_module/cmake)
[14.637s] -- Found Eigen3: TRUE (found version "3.4.0") 
[14.637s] -- Ensuring Eigen3 include directory is part of orocos-kdl CMake target
[14.637s] -- Found ament_lint_auto: 0.12.5 (/opt/ros/humble/share/ament_lint_auto/cmake)
[14.637s] -- Added test 'copyright' to check source files copyright and LICENSE
[14.638s] -- Added test 'cppcheck' to perform static code analysis on C / C++ code
[14.638s] -- Configured cppcheck include dirs: /home/sws/autoware/src/vehicle/external/pacmod_interface/pacmod_interface/include
[14.638s] -- Configured cppcheck exclude dirs and/or files: 
[14.638s] -- Added test 'lint_cmake' to check CMake code style
[14.638s] -- Added test 'xmllint' to check XML markup files
[14.638s] -- Configuring done
[14.638s] -- Generating done
[14.638s] -- Build files have been written to: /home/sws/autoware/build/pacmod_interface
[14.671s] Invoked command in '/home/sws/autoware/build/pacmod_interface' returned '0': AMENT_PREFIX_PATH=/home/sws/autoware/install/vehicle_info_util:/home/sws/autoware/install/tier4_autoware_utils:/home/sws/autoware/install/tier4_vehicle_msgs:/home/sws/autoware/install/tier4_api_utils:/home/sws/autoware/install/tier4_api_msgs:/home/sws/autoware/install/autoware_auto_vehicle_msgs:/home/sws/autoware/install/tier4_system_msgs:/home/sws/autoware/install/tier4_control_msgs:/home/sws/autoware/install/autoware_auto_planning_msgs:/home/sws/autoware/install/autoware_auto_perception_msgs:/home/sws/autoware/install/tier4_planning_msgs:/home/sws/autoware/install/tier4_external_api_msgs:/home/sws/autoware/install/tier4_debug_msgs:/home/sws/autoware/install/autoware_lint_common:/home/sws/autoware/install/autoware_common_msgs:/home/sws/autoware/install/autoware_auto_mapping_msgs:/home/sws/autoware/install/autoware_auto_geometry_msgs:/home/sws/autoware/install/autoware_auto_control_msgs:${AMENT_PREFIX_PATH} CMAKE_PREFIX_PATH=/home/sws/autoware/install/vehicle_info_util:/home/sws/autoware/install/tier4_autoware_utils:/home/sws/autoware/install/tier4_vehicle_msgs:/home/sws/autoware/install/tier4_api_utils:/home/sws/autoware/install/tier4_api_msgs:/home/sws/autoware/install/autoware_auto_vehicle_msgs:/home/sws/autoware/install/tier4_system_msgs:/home/sws/autoware/install/tier4_control_msgs:/home/sws/autoware/install/autoware_auto_planning_msgs:/home/sws/autoware/install/autoware_auto_perception_msgs:/home/sws/autoware/install/tier4_planning_msgs:/home/sws/autoware/install/tier4_external_api_msgs:/home/sws/autoware/install/tier4_debug_msgs:/home/sws/autoware/install/autoware_lint_common:/home/sws/autoware/install/autoware_common_msgs:/home/sws/autoware/install/autoware_auto_mapping_msgs:/home/sws/autoware/install/autoware_auto_geometry_msgs:/home/sws/autoware/install/autoware_auto_control_msgs:/opt/ros/humble LD_LIBRARY_PATH=/home/sws/autoware/install/vehicle_info_util/lib:/home/sws/autoware/install/tier4_autoware_utils/lib:/home/sws/autoware/install/tier4_vehicle_msgs/lib:/home/sws/autoware/install/tier4_api_msgs/lib:/home/sws/autoware/install/autoware_auto_vehicle_msgs/lib:/home/sws/autoware/install/tier4_system_msgs/lib:/home/sws/autoware/install/tier4_control_msgs/lib:/home/sws/autoware/install/autoware_auto_planning_msgs/lib:/home/sws/autoware/install/autoware_auto_perception_msgs/lib:/home/sws/autoware/install/tier4_planning_msgs/lib:/home/sws/autoware/install/tier4_external_api_msgs/lib:/home/sws/autoware/install/tier4_debug_msgs/lib:/home/sws/autoware/install/autoware_common_msgs/lib:/home/sws/autoware/install/autoware_auto_mapping_msgs/lib:/home/sws/autoware/install/autoware_auto_geometry_msgs/lib:/home/sws/autoware/install/autoware_auto_control_msgs/lib:${LD_LIBRARY_PATH} PYTHONPATH=/home/sws/autoware/install/tier4_vehicle_msgs/local/lib/python3.10/dist-packages:/home/sws/autoware/install/tier4_api_msgs/local/lib/python3.10/dist-packages:/home/sws/autoware/install/autoware_auto_vehicle_msgs/local/lib/python3.10/dist-packages:/home/sws/autoware/install/tier4_system_msgs/local/lib/python3.10/dist-packages:/home/sws/autoware/install/tier4_control_msgs/local/lib/python3.10/dist-packages:/home/sws/autoware/install/autoware_auto_planning_msgs/local/lib/python3.10/dist-packages:/home/sws/autoware/install/autoware_auto_perception_msgs/local/lib/python3.10/dist-packages:/home/sws/autoware/install/tier4_planning_msgs/local/lib/python3.10/dist-packages:/home/sws/autoware/install/tier4_external_api_msgs/local/lib/python3.10/dist-packages:/home/sws/autoware/install/tier4_debug_msgs/local/lib/python3.10/dist-packages:/home/sws/autoware/install/autoware_common_msgs/local/lib/python3.10/dist-packages:/home/sws/autoware/install/autoware_auto_mapping_msgs/local/lib/python3.10/dist-packages:/home/sws/autoware/install/autoware_auto_geometry_msgs/local/lib/python3.10/dist-packages:/home/sws/autoware/install/autoware_auto_control_msgs/local/lib/python3.10/dist-packages:${PYTHONPATH} /usr/bin/cmake /home/sws/autoware/src/vehicle/external/pacmod_interface/pacmod_interface -DCMAKE_BUILD_TYPE=Release -DAMENT_CMAKE_SYMLINK_INSTALL=1 -DCMAKE_INSTALL_PREFIX=/home/sws/autoware/install/pacmod_interface
[14.672s] Invoking command in '/home/sws/autoware/build/pacmod_interface': AMENT_PREFIX_PATH=/home/sws/autoware/install/vehicle_info_util:/home/sws/autoware/install/tier4_autoware_utils:/home/sws/autoware/install/tier4_vehicle_msgs:/home/sws/autoware/install/tier4_api_utils:/home/sws/autoware/install/tier4_api_msgs:/home/sws/autoware/install/autoware_auto_vehicle_msgs:/home/sws/autoware/install/tier4_system_msgs:/home/sws/autoware/install/tier4_control_msgs:/home/sws/autoware/install/autoware_auto_planning_msgs:/home/sws/autoware/install/autoware_auto_perception_msgs:/home/sws/autoware/install/tier4_planning_msgs:/home/sws/autoware/install/tier4_external_api_msgs:/home/sws/autoware/install/tier4_debug_msgs:/home/sws/autoware/install/autoware_lint_common:/home/sws/autoware/install/autoware_common_msgs:/home/sws/autoware/install/autoware_auto_mapping_msgs:/home/sws/autoware/install/autoware_auto_geometry_msgs:/home/sws/autoware/install/autoware_auto_control_msgs:${AMENT_PREFIX_PATH} CMAKE_PREFIX_PATH=/home/sws/autoware/install/vehicle_info_util:/home/sws/autoware/install/tier4_autoware_utils:/home/sws/autoware/install/tier4_vehicle_msgs:/home/sws/autoware/install/tier4_api_utils:/home/sws/autoware/install/tier4_api_msgs:/home/sws/autoware/install/autoware_auto_vehicle_msgs:/home/sws/autoware/install/tier4_system_msgs:/home/sws/autoware/install/tier4_control_msgs:/home/sws/autoware/install/autoware_auto_planning_msgs:/home/sws/autoware/install/autoware_auto_perception_msgs:/home/sws/autoware/install/tier4_planning_msgs:/home/sws/autoware/install/tier4_external_api_msgs:/home/sws/autoware/install/tier4_debug_msgs:/home/sws/autoware/install/autoware_lint_common:/home/sws/autoware/install/autoware_common_msgs:/home/sws/autoware/install/autoware_auto_mapping_msgs:/home/sws/autoware/install/autoware_auto_geometry_msgs:/home/sws/autoware/install/autoware_auto_control_msgs:/opt/ros/humble LD_LIBRARY_PATH=/home/sws/autoware/install/vehicle_info_util/lib:/home/sws/autoware/install/tier4_autoware_utils/lib:/home/sws/autoware/install/tier4_vehicle_msgs/lib:/home/sws/autoware/install/tier4_api_msgs/lib:/home/sws/autoware/install/autoware_auto_vehicle_msgs/lib:/home/sws/autoware/install/tier4_system_msgs/lib:/home/sws/autoware/install/tier4_control_msgs/lib:/home/sws/autoware/install/autoware_auto_planning_msgs/lib:/home/sws/autoware/install/autoware_auto_perception_msgs/lib:/home/sws/autoware/install/tier4_planning_msgs/lib:/home/sws/autoware/install/tier4_external_api_msgs/lib:/home/sws/autoware/install/tier4_debug_msgs/lib:/home/sws/autoware/install/autoware_common_msgs/lib:/home/sws/autoware/install/autoware_auto_mapping_msgs/lib:/home/sws/autoware/install/autoware_auto_geometry_msgs/lib:/home/sws/autoware/install/autoware_auto_control_msgs/lib:${LD_LIBRARY_PATH} PYTHONPATH=/home/sws/autoware/install/tier4_vehicle_msgs/local/lib/python3.10/dist-packages:/home/sws/autoware/install/tier4_api_msgs/local/lib/python3.10/dist-packages:/home/sws/autoware/install/autoware_auto_vehicle_msgs/local/lib/python3.10/dist-packages:/home/sws/autoware/install/tier4_system_msgs/local/lib/python3.10/dist-packages:/home/sws/autoware/install/tier4_control_msgs/local/lib/python3.10/dist-packages:/home/sws/autoware/install/autoware_auto_planning_msgs/local/lib/python3.10/dist-packages:/home/sws/autoware/install/autoware_auto_perception_msgs/local/lib/python3.10/dist-packages:/home/sws/autoware/install/tier4_planning_msgs/local/lib/python3.10/dist-packages:/home/sws/autoware/install/tier4_external_api_msgs/local/lib/python3.10/dist-packages:/home/sws/autoware/install/tier4_debug_msgs/local/lib/python3.10/dist-packages:/home/sws/autoware/install/autoware_common_msgs/local/lib/python3.10/dist-packages:/home/sws/autoware/install/autoware_auto_mapping_msgs/local/lib/python3.10/dist-packages:/home/sws/autoware/install/autoware_auto_geometry_msgs/local/lib/python3.10/dist-packages:/home/sws/autoware/install/autoware_auto_control_msgs/local/lib/python3.10/dist-packages:${PYTHONPATH} /usr/bin/cmake --build /home/sws/autoware/build/pacmod_interface -- -j16 -l16
[17.571s] [  6%] [32mBuilding CXX object CMakeFiles/pacmod_additional_debug_publisher.dir/src/pacmod_additional_debug_publisher/pacmod_additional_debug_publisher_node.cpp.o[0m
[31.899s] [ 13%] [32mBuilding CXX object CMakeFiles/pacmod_additional_debug_publisher.dir/src/pacmod_additional_debug_publisher/pacmod_additional_debug_publisher_main.cpp.o[0m
[36.496s] [ 20%] [32m[1mLinking CXX executable pacmod_additional_debug_publisher[0m
[36.936s] [ 20%] Built target pacmod_additional_debug_publisher
[36.973s] [ 26%] [32mBuilding CXX object CMakeFiles/pacmod_steer_test.dir/src/pacmod_steer_test/pacmod_steer_test.cpp.o[0m
[45.189s] In file included from [01m[K/usr/include/boost/math/tools/cxx03_warn.hpp:9[m[K,
[45.190s]                  from [01m[K/usr/include/boost/math/constants/constants.hpp:11[m[K,
[45.190s]                  from [01m[K/usr/include/boost/geometry/util/math.hpp:29[m[K,
[45.190s]                  from [01m[K/usr/include/boost/geometry/util/is_inverse_spheroidal_coordinates.hpp:19[m[K,
[45.190s]                  from [01m[K/usr/include/boost/geometry/algorithms/detail/assign_values.hpp:42[m[K,
[45.190s]                  from [01m[K/usr/include/boost/geometry/algorithms/detail/assign_box_corners.hpp:21[m[K,
[45.190s]                  from [01m[K/usr/include/boost/geometry/algorithms/convert.hpp:38[m[K,
[45.191s]                  from [01m[K/usr/include/boost/geometry/geometries/box.hpp:22[m[K,
[45.191s]                  from [01m[K/usr/include/boost/geometry/geometries/geometries.hpp:25[m[K,
[45.191s]                  from [01m[K/home/sws/autoware/install/tier4_autoware_utils/include/tier4_autoware_utils/geometry/boost_geometry.hpp:19[m[K,
[45.191s]                  from [01m[K/home/sws/autoware/install/tier4_autoware_utils/include/tier4_autoware_utils/tier4_autoware_utils.hpp:18[m[K,
[45.191s]                  from [01m[K/home/sws/autoware/install/vehicle_info_util/include/vehicle_info_util/vehicle_info.hpp:18[m[K,
[45.191s]                  from [01m[K/home/sws/autoware/install/vehicle_info_util/include/vehicle_info_util/vehicle_info_util.hpp:18[m[K,
[45.191s]                  from [01m[K/home/sws/autoware/src/vehicle/external/pacmod_interface/pacmod_interface/include/pacmod_steer_test/pacmod_steer_test.hpp:19[m[K,
[45.191s]                  from [01m[K/home/sws/autoware/src/vehicle/external/pacmod_interface/pacmod_interface/src/pacmod_steer_test/pacmod_steer_test.cpp:15[m[K:
[45.191s] [01m[K/usr/include/boost/detail/no_exceptions_support.hpp:17:1:[m[K [01;36m[Knote: [m[K‘[01m[K#pragma message: This header is deprecated. Use <boost/core/no_exceptions_support.hpp> instead.[m[K’
[45.192s]    17 | [01;36m[KBOOST_HEADER_DEPRECATED[m[K("<boost/core/no_exceptions_support.hpp>")
[45.192s]       | [01;36m[K^~~~~~~~~~~~~~~~~~~~~~~[m[K
[93.229s] [ 33%] [32mBuilding CXX object CMakeFiles/pacmod_steer_test.dir/src/pacmod_steer_test/pacmod_steer_test_node.cpp.o[0m
[103.984s] In file included from [01m[K/usr/include/boost/math/tools/cxx03_warn.hpp:9[m[K,
[103.984s]                  from [01m[K/usr/include/boost/math/constants/constants.hpp:11[m[K,
[103.984s]                  from [01m[K/usr/include/boost/geometry/util/math.hpp:29[m[K,
[103.984s]                  from [01m[K/usr/include/boost/geometry/util/is_inverse_spheroidal_coordinates.hpp:19[m[K,
[103.984s]                  from [01m[K/usr/include/boost/geometry/algorithms/detail/assign_values.hpp:42[m[K,
[103.985s]                  from [01m[K/usr/include/boost/geometry/algorithms/detail/assign_box_corners.hpp:21[m[K,
[103.985s]                  from [01m[K/usr/include/boost/geometry/algorithms/convert.hpp:38[m[K,
[103.985s]                  from [01m[K/usr/include/boost/geometry/geometries/box.hpp:22[m[K,
[103.985s]                  from [01m[K/usr/include/boost/geometry/geometries/geometries.hpp:25[m[K,
[103.985s]                  from [01m[K/home/sws/autoware/install/tier4_autoware_utils/include/tier4_autoware_utils/geometry/boost_geometry.hpp:19[m[K,
[103.985s]                  from [01m[K/home/sws/autoware/install/tier4_autoware_utils/include/tier4_autoware_utils/tier4_autoware_utils.hpp:18[m[K,
[103.985s]                  from [01m[K/home/sws/autoware/install/vehicle_info_util/include/vehicle_info_util/vehicle_info.hpp:18[m[K,
[103.985s]                  from [01m[K/home/sws/autoware/install/vehicle_info_util/include/vehicle_info_util/vehicle_info_util.hpp:18[m[K,
[103.985s]                  from [01m[K/home/sws/autoware/src/vehicle/external/pacmod_interface/pacmod_interface/include/pacmod_steer_test/pacmod_steer_test.hpp:19[m[K,
[103.985s]                  from [01m[K/home/sws/autoware/src/vehicle/external/pacmod_interface/pacmod_interface/src/pacmod_steer_test/pacmod_steer_test_node.cpp:15[m[K:
[103.985s] [01m[K/usr/include/boost/detail/no_exceptions_support.hpp:17:1:[m[K [01;36m[Knote: [m[K‘[01m[K#pragma message: This header is deprecated. Use <boost/core/no_exceptions_support.hpp> instead.[m[K’
[103.986s]    17 | [01;36m[KBOOST_HEADER_DEPRECATED[m[K("<boost/core/no_exceptions_support.hpp>")
[103.986s]       | [01;36m[K^~~~~~~~~~~~~~~~~~~~~~~[m[K
[122.400s] [ 40%] [32m[1mLinking CXX executable pacmod_steer_test[0m
[122.906s] [ 40%] Built target pacmod_steer_test
[122.930s] [ 46%] [32mBuilding CXX object CMakeFiles/pacmod_diag_publisher.dir/src/pacmod_interface/pacmod_diag_publisher.cpp.o[0m
[169.614s] [ 53%] [32mBuilding CXX object CMakeFiles/pacmod_diag_publisher.dir/src/pacmod_interface/pacmod_diag_publisher_node.cpp.o[0m
[189.780s] [ 60%] [32m[1mLinking CXX executable pacmod_diag_publisher[0m
[190.489s] [ 60%] Built target pacmod_diag_publisher
[190.525s] [ 66%] [32mBuilding CXX object CMakeFiles/pacmod_interface.dir/src/pacmod_interface/pacmod_interface.cpp.o[0m
[196.782s] In file included from [01m[K/usr/include/boost/math/tools/cxx03_warn.hpp:9[m[K,
[196.782s]                  from [01m[K/usr/include/boost/math/constants/constants.hpp:11[m[K,
[196.782s]                  from [01m[K/usr/include/boost/geometry/util/math.hpp:29[m[K,
[196.782s]                  from [01m[K/usr/include/boost/geometry/util/is_inverse_spheroidal_coordinates.hpp:19[m[K,
[196.782s]                  from [01m[K/usr/include/boost/geometry/algorithms/detail/assign_values.hpp:42[m[K,
[196.783s]                  from [01m[K/usr/include/boost/geometry/algorithms/detail/assign_box_corners.hpp:21[m[K,
[196.783s]                  from [01m[K/usr/include/boost/geometry/algorithms/convert.hpp:38[m[K,
[196.783s]                  from [01m[K/usr/include/boost/geometry/geometries/box.hpp:22[m[K,
[196.783s]                  from [01m[K/usr/include/boost/geometry/geometries/geometries.hpp:25[m[K,
[196.783s]                  from [01m[K/home/sws/autoware/install/tier4_autoware_utils/include/tier4_autoware_utils/geometry/boost_geometry.hpp:19[m[K,
[196.783s]                  from [01m[K/home/sws/autoware/install/tier4_autoware_utils/include/tier4_autoware_utils/tier4_autoware_utils.hpp:18[m[K,
[196.783s]                  from [01m[K/home/sws/autoware/install/vehicle_info_util/include/vehicle_info_util/vehicle_info.hpp:18[m[K,
[196.783s]                  from [01m[K/home/sws/autoware/install/vehicle_info_util/include/vehicle_info_util/vehicle_info_util.hpp:18[m[K,
[196.783s]                  from [01m[K/home/sws/autoware/src/vehicle/external/pacmod_interface/pacmod_interface/include/pacmod_interface/pacmod_interface.hpp:20[m[K,
[196.783s]                  from [01m[K/home/sws/autoware/src/vehicle/external/pacmod_interface/pacmod_interface/src/pacmod_interface/pacmod_interface.cpp:15[m[K:
[196.783s] [01m[K/usr/include/boost/detail/no_exceptions_support.hpp:17:1:[m[K [01;36m[Knote: [m[K‘[01m[K#pragma message: This header is deprecated. Use <boost/core/no_exceptions_support.hpp> instead.[m[K’
[196.784s]    17 | [01;36m[KBOOST_HEADER_DEPRECATED[m[K("<boost/core/no_exceptions_support.hpp>")
[196.784s]       | [01;36m[K^~~~~~~~~~~~~~~~~~~~~~~[m[K
[289.306s] [ 73%] [32mBuilding CXX object CMakeFiles/pacmod_interface.dir/src/pacmod_interface/pacmod_interface_node.cpp.o[0m
[295.710s] In file included from [01m[K/usr/include/boost/math/tools/cxx03_warn.hpp:9[m[K,
[295.710s]                  from [01m[K/usr/include/boost/math/constants/constants.hpp:11[m[K,
[295.711s]                  from [01m[K/usr/include/boost/geometry/util/math.hpp:29[m[K,
[295.711s]                  from [01m[K/usr/include/boost/geometry/util/is_inverse_spheroidal_coordinates.hpp:19[m[K,
[295.711s]                  from [01m[K/usr/include/boost/geometry/algorithms/detail/assign_values.hpp:42[m[K,
[295.711s]                  from [01m[K/usr/include/boost/geometry/algorithms/detail/assign_box_corners.hpp:21[m[K,
[295.711s]                  from [01m[K/usr/include/boost/geometry/algorithms/convert.hpp:38[m[K,
[295.711s]                  from [01m[K/usr/include/boost/geometry/geometries/box.hpp:22[m[K,
[295.711s]                  from [01m[K/usr/include/boost/geometry/geometries/geometries.hpp:25[m[K,
[295.711s]                  from [01m[K/home/sws/autoware/install/tier4_autoware_utils/include/tier4_autoware_utils/geometry/boost_geometry.hpp:19[m[K,
[295.711s]                  from [01m[K/home/sws/autoware/install/tier4_autoware_utils/include/tier4_autoware_utils/tier4_autoware_utils.hpp:18[m[K,
[295.711s]                  from [01m[K/home/sws/autoware/install/vehicle_info_util/include/vehicle_info_util/vehicle_info.hpp:18[m[K,
[295.711s]                  from [01m[K/home/sws/autoware/install/vehicle_info_util/include/vehicle_info_util/vehicle_info_util.hpp:18[m[K,
[295.711s]                  from [01m[K/home/sws/autoware/src/vehicle/external/pacmod_interface/pacmod_interface/include/pacmod_interface/pacmod_interface.hpp:20[m[K,
[295.712s]                  from [01m[K/home/sws/autoware/src/vehicle/external/pacmod_interface/pacmod_interface/src/pacmod_interface/pacmod_interface_node.cpp:15[m[K:
[295.712s] [01m[K/usr/include/boost/detail/no_exceptions_support.hpp:17:1:[m[K [01;36m[Knote: [m[K‘[01m[K#pragma message: This header is deprecated. Use <boost/core/no_exceptions_support.hpp> instead.[m[K’
[295.712s]    17 | [01;36m[KBOOST_HEADER_DEPRECATED[m[K("<boost/core/no_exceptions_support.hpp>")
[295.712s]       | [01;36m[K^~~~~~~~~~~~~~~~~~~~~~~[m[K
[311.894s] [ 80%] [32m[1mLinking CXX executable pacmod_interface[0m
[312.995s] [ 80%] Built target pacmod_interface
[313.032s] [ 93%] [32mBuilding CXX object CMakeFiles/pacmod_dynamic_parameter_changer.dir/src/pacmod_dynamic_parameter_changer/pacmod_dynamic_parameter_changer_main.cpp.o[0m
[313.033s] [ 93%] [32mBuilding CXX object CMakeFiles/pacmod_dynamic_parameter_changer.dir/src/pacmod_dynamic_parameter_changer/pacmod_dynamic_parameter_changer_node.cpp.o[0m
[327.429s] [100%] [32m[1mLinking CXX executable pacmod_dynamic_parameter_changer[0m
[327.608s] [100%] Built target pacmod_dynamic_parameter_changer
[327.615s] Invoked command in '/home/sws/autoware/build/pacmod_interface' returned '0': AMENT_PREFIX_PATH=/home/sws/autoware/install/vehicle_info_util:/home/sws/autoware/install/tier4_autoware_utils:/home/sws/autoware/install/tier4_vehicle_msgs:/home/sws/autoware/install/tier4_api_utils:/home/sws/autoware/install/tier4_api_msgs:/home/sws/autoware/install/autoware_auto_vehicle_msgs:/home/sws/autoware/install/tier4_system_msgs:/home/sws/autoware/install/tier4_control_msgs:/home/sws/autoware/install/autoware_auto_planning_msgs:/home/sws/autoware/install/autoware_auto_perception_msgs:/home/sws/autoware/install/tier4_planning_msgs:/home/sws/autoware/install/tier4_external_api_msgs:/home/sws/autoware/install/tier4_debug_msgs:/home/sws/autoware/install/autoware_lint_common:/home/sws/autoware/install/autoware_common_msgs:/home/sws/autoware/install/autoware_auto_mapping_msgs:/home/sws/autoware/install/autoware_auto_geometry_msgs:/home/sws/autoware/install/autoware_auto_control_msgs:${AMENT_PREFIX_PATH} CMAKE_PREFIX_PATH=/home/sws/autoware/install/vehicle_info_util:/home/sws/autoware/install/tier4_autoware_utils:/home/sws/autoware/install/tier4_vehicle_msgs:/home/sws/autoware/install/tier4_api_utils:/home/sws/autoware/install/tier4_api_msgs:/home/sws/autoware/install/autoware_auto_vehicle_msgs:/home/sws/autoware/install/tier4_system_msgs:/home/sws/autoware/install/tier4_control_msgs:/home/sws/autoware/install/autoware_auto_planning_msgs:/home/sws/autoware/install/autoware_auto_perception_msgs:/home/sws/autoware/install/tier4_planning_msgs:/home/sws/autoware/install/tier4_external_api_msgs:/home/sws/autoware/install/tier4_debug_msgs:/home/sws/autoware/install/autoware_lint_common:/home/sws/autoware/install/autoware_common_msgs:/home/sws/autoware/install/autoware_auto_mapping_msgs:/home/sws/autoware/install/autoware_auto_geometry_msgs:/home/sws/autoware/install/autoware_auto_control_msgs:/opt/ros/humble LD_LIBRARY_PATH=/home/sws/autoware/install/vehicle_info_util/lib:/home/sws/autoware/install/tier4_autoware_utils/lib:/home/sws/autoware/install/tier4_vehicle_msgs/lib:/home/sws/autoware/install/tier4_api_msgs/lib:/home/sws/autoware/install/autoware_auto_vehicle_msgs/lib:/home/sws/autoware/install/tier4_system_msgs/lib:/home/sws/autoware/install/tier4_control_msgs/lib:/home/sws/autoware/install/autoware_auto_planning_msgs/lib:/home/sws/autoware/install/autoware_auto_perception_msgs/lib:/home/sws/autoware/install/tier4_planning_msgs/lib:/home/sws/autoware/install/tier4_external_api_msgs/lib:/home/sws/autoware/install/tier4_debug_msgs/lib:/home/sws/autoware/install/autoware_common_msgs/lib:/home/sws/autoware/install/autoware_auto_mapping_msgs/lib:/home/sws/autoware/install/autoware_auto_geometry_msgs/lib:/home/sws/autoware/install/autoware_auto_control_msgs/lib:${LD_LIBRARY_PATH} PYTHONPATH=/home/sws/autoware/install/tier4_vehicle_msgs/local/lib/python3.10/dist-packages:/home/sws/autoware/install/tier4_api_msgs/local/lib/python3.10/dist-packages:/home/sws/autoware/install/autoware_auto_vehicle_msgs/local/lib/python3.10/dist-packages:/home/sws/autoware/install/tier4_system_msgs/local/lib/python3.10/dist-packages:/home/sws/autoware/install/tier4_control_msgs/local/lib/python3.10/dist-packages:/home/sws/autoware/install/autoware_auto_planning_msgs/local/lib/python3.10/dist-packages:/home/sws/autoware/install/autoware_auto_perception_msgs/local/lib/python3.10/dist-packages:/home/sws/autoware/install/tier4_planning_msgs/local/lib/python3.10/dist-packages:/home/sws/autoware/install/tier4_external_api_msgs/local/lib/python3.10/dist-packages:/home/sws/autoware/install/tier4_debug_msgs/local/lib/python3.10/dist-packages:/home/sws/autoware/install/autoware_common_msgs/local/lib/python3.10/dist-packages:/home/sws/autoware/install/autoware_auto_mapping_msgs/local/lib/python3.10/dist-packages:/home/sws/autoware/install/autoware_auto_geometry_msgs/local/lib/python3.10/dist-packages:/home/sws/autoware/install/autoware_auto_control_msgs/local/lib/python3.10/dist-packages:${PYTHONPATH} /usr/bin/cmake --build /home/sws/autoware/build/pacmod_interface -- -j16 -l16
[327.639s] Invoking command in '/home/sws/autoware/build/pacmod_interface': AMENT_PREFIX_PATH=/home/sws/autoware/install/vehicle_info_util:/home/sws/autoware/install/tier4_autoware_utils:/home/sws/autoware/install/tier4_vehicle_msgs:/home/sws/autoware/install/tier4_api_utils:/home/sws/autoware/install/tier4_api_msgs:/home/sws/autoware/install/autoware_auto_vehicle_msgs:/home/sws/autoware/install/tier4_system_msgs:/home/sws/autoware/install/tier4_control_msgs:/home/sws/autoware/install/autoware_auto_planning_msgs:/home/sws/autoware/install/autoware_auto_perception_msgs:/home/sws/autoware/install/tier4_planning_msgs:/home/sws/autoware/install/tier4_external_api_msgs:/home/sws/autoware/install/tier4_debug_msgs:/home/sws/autoware/install/autoware_lint_common:/home/sws/autoware/install/autoware_common_msgs:/home/sws/autoware/install/autoware_auto_mapping_msgs:/home/sws/autoware/install/autoware_auto_geometry_msgs:/home/sws/autoware/install/autoware_auto_control_msgs:${AMENT_PREFIX_PATH} CMAKE_PREFIX_PATH=/home/sws/autoware/install/vehicle_info_util:/home/sws/autoware/install/tier4_autoware_utils:/home/sws/autoware/install/tier4_vehicle_msgs:/home/sws/autoware/install/tier4_api_utils:/home/sws/autoware/install/tier4_api_msgs:/home/sws/autoware/install/autoware_auto_vehicle_msgs:/home/sws/autoware/install/tier4_system_msgs:/home/sws/autoware/install/tier4_control_msgs:/home/sws/autoware/install/autoware_auto_planning_msgs:/home/sws/autoware/install/autoware_auto_perception_msgs:/home/sws/autoware/install/tier4_planning_msgs:/home/sws/autoware/install/tier4_external_api_msgs:/home/sws/autoware/install/tier4_debug_msgs:/home/sws/autoware/install/autoware_lint_common:/home/sws/autoware/install/autoware_common_msgs:/home/sws/autoware/install/autoware_auto_mapping_msgs:/home/sws/autoware/install/autoware_auto_geometry_msgs:/home/sws/autoware/install/autoware_auto_control_msgs:/opt/ros/humble LD_LIBRARY_PATH=/home/sws/autoware/install/vehicle_info_util/lib:/home/sws/autoware/install/tier4_autoware_utils/lib:/home/sws/autoware/install/tier4_vehicle_msgs/lib:/home/sws/autoware/install/tier4_api_msgs/lib:/home/sws/autoware/install/autoware_auto_vehicle_msgs/lib:/home/sws/autoware/install/tier4_system_msgs/lib:/home/sws/autoware/install/tier4_control_msgs/lib:/home/sws/autoware/install/autoware_auto_planning_msgs/lib:/home/sws/autoware/install/autoware_auto_perception_msgs/lib:/home/sws/autoware/install/tier4_planning_msgs/lib:/home/sws/autoware/install/tier4_external_api_msgs/lib:/home/sws/autoware/install/tier4_debug_msgs/lib:/home/sws/autoware/install/autoware_common_msgs/lib:/home/sws/autoware/install/autoware_auto_mapping_msgs/lib:/home/sws/autoware/install/autoware_auto_geometry_msgs/lib:/home/sws/autoware/install/autoware_auto_control_msgs/lib:${LD_LIBRARY_PATH} PYTHONPATH=/home/sws/autoware/install/tier4_vehicle_msgs/local/lib/python3.10/dist-packages:/home/sws/autoware/install/tier4_api_msgs/local/lib/python3.10/dist-packages:/home/sws/autoware/install/autoware_auto_vehicle_msgs/local/lib/python3.10/dist-packages:/home/sws/autoware/install/tier4_system_msgs/local/lib/python3.10/dist-packages:/home/sws/autoware/install/tier4_control_msgs/local/lib/python3.10/dist-packages:/home/sws/autoware/install/autoware_auto_planning_msgs/local/lib/python3.10/dist-packages:/home/sws/autoware/install/autoware_auto_perception_msgs/local/lib/python3.10/dist-packages:/home/sws/autoware/install/tier4_planning_msgs/local/lib/python3.10/dist-packages:/home/sws/autoware/install/tier4_external_api_msgs/local/lib/python3.10/dist-packages:/home/sws/autoware/install/tier4_debug_msgs/local/lib/python3.10/dist-packages:/home/sws/autoware/install/autoware_common_msgs/local/lib/python3.10/dist-packages:/home/sws/autoware/install/autoware_auto_mapping_msgs/local/lib/python3.10/dist-packages:/home/sws/autoware/install/autoware_auto_geometry_msgs/local/lib/python3.10/dist-packages:/home/sws/autoware/install/autoware_auto_control_msgs/local/lib/python3.10/dist-packages:${PYTHONPATH} /usr/bin/cmake --install /home/sws/autoware/build/pacmod_interface
[327.644s] -- Install configuration: "Release"
[327.644s] -- Execute custom install script
[327.644s] -- Symlinking: /home/sws/autoware/install/pacmod_interface/include/pacmod_additional_debug_publisher/pacmod_additional_debug_publisher_node.hpp
[327.650s] -- Symlinking: /home/sws/autoware/install/pacmod_interface/include/pacmod_dynamic_parameter_changer/pacmod_dynamic_parameter_changer_node.hpp
[327.655s] -- Symlinking: /home/sws/autoware/install/pacmod_interface/include/pacmod_interface/pacmod_diag_publisher.hpp
[327.660s] -- Symlinking: /home/sws/autoware/install/pacmod_interface/include/pacmod_interface/pacmod_interface.hpp
[327.665s] -- Symlinking: /home/sws/autoware/install/pacmod_interface/include/pacmod_steer_test/pacmod_steer_test.hpp
[327.670s] -- Symlinking: /home/sws/autoware/install/pacmod_interface/lib/pacmod_interface/pacmod_additional_debug_publisher
[327.675s] -- Symlinking: /home/sws/autoware/install/pacmod_interface/lib/pacmod_interface/pacmod_dynamic_parameter_changer
[327.680s] -- Symlinking: /home/sws/autoware/install/pacmod_interface/lib/pacmod_interface/pacmod_interface
[327.685s] -- Symlinking: /home/sws/autoware/install/pacmod_interface/lib/pacmod_interface/pacmod_diag_publisher
[327.690s] -- Symlinking: /home/sws/autoware/install/pacmod_interface/lib/pacmod_interface/pacmod_steer_test
[327.695s] -- Symlinking: /home/sws/autoware/install/pacmod_interface/share/pacmod_interface/launch/pacmod_additional_debug_publisher.launch.xml
[327.700s] -- Symlinking: /home/sws/autoware/install/pacmod_interface/share/pacmod_interface/launch/pacmod_interface.launch.xml
[327.704s] -- Symlinking: /home/sws/autoware/install/pacmod_interface/share/pacmod_interface/launch/pacmod_steer_test.launch.xml
[327.710s] -- Symlinking: /home/sws/autoware/install/pacmod_interface/share/pacmod_interface/config/pacmod.param.yaml
[327.714s] -- Symlinking: /home/sws/autoware/install/pacmod_interface/share/pacmod_interface/config/pacmod_brake_calibration.xml
[327.719s] -- Symlinking: /home/sws/autoware/install/pacmod_interface/share/pacmod_interface/config/pacmod_extra.param.yaml
[327.724s] -- Symlinking: /home/sws/autoware/install/pacmod_interface/share/pacmod_interface/config/pacmod_steer_calibration.xml
[327.729s] -- Symlinking: /home/sws/autoware/install/pacmod_interface/share/pacmod_interface/config/pacmod_steer_test.param.yaml
[327.734s] -- Symlinking: /home/sws/autoware/install/pacmod_interface/share/pacmod_interface/config/pacmod_steer_test_plot_juggler.xml
[327.739s] -- Symlinking: /home/sws/autoware/install/pacmod_interface/share/ament_index/resource_index/package_run_dependencies/pacmod_interface
[327.744s] -- Symlinking: /home/sws/autoware/install/pacmod_interface/share/ament_index/resource_index/parent_prefix_path/pacmod_interface
[327.749s] -- Symlinking: /home/sws/autoware/install/pacmod_interface/share/pacmod_interface/environment/ament_prefix_path.sh
[327.754s] -- Symlinking: /home/sws/autoware/install/pacmod_interface/share/pacmod_interface/environment/ament_prefix_path.dsv
[327.759s] -- Symlinking: /home/sws/autoware/install/pacmod_interface/share/pacmod_interface/environment/path.sh
[327.765s] -- Symlinking: /home/sws/autoware/install/pacmod_interface/share/pacmod_interface/environment/path.dsv
[327.770s] -- Symlinking: /home/sws/autoware/install/pacmod_interface/share/pacmod_interface/local_setup.bash
[327.775s] -- Symlinking: /home/sws/autoware/install/pacmod_interface/share/pacmod_interface/local_setup.sh
[327.780s] -- Symlinking: /home/sws/autoware/install/pacmod_interface/share/pacmod_interface/local_setup.zsh
[327.785s] -- Symlinking: /home/sws/autoware/install/pacmod_interface/share/pacmod_interface/local_setup.dsv
[327.790s] -- Symlinking: /home/sws/autoware/install/pacmod_interface/share/pacmod_interface/package.dsv
[327.795s] -- Symlinking: /home/sws/autoware/install/pacmod_interface/share/ament_index/resource_index/packages/pacmod_interface
[327.800s] -- Symlinking: /home/sws/autoware/install/pacmod_interface/share/pacmod_interface/cmake/ament_cmake_export_dependencies-extras.cmake
[327.805s] -- Symlinking: /home/sws/autoware/install/pacmod_interface/share/pacmod_interface/cmake/ament_cmake_export_include_directories-extras.cmake
[327.810s] -- Symlinking: /home/sws/autoware/install/pacmod_interface/share/pacmod_interface/cmake/pacmod_interfaceConfig.cmake
[327.814s] -- Symlinking: /home/sws/autoware/install/pacmod_interface/share/pacmod_interface/cmake/pacmod_interfaceConfig-version.cmake
[327.819s] -- Symlinking: /home/sws/autoware/install/pacmod_interface/share/pacmod_interface/package.xml
[327.827s] Invoked command in '/home/sws/autoware/build/pacmod_interface' returned '0': AMENT_PREFIX_PATH=/home/sws/autoware/install/vehicle_info_util:/home/sws/autoware/install/tier4_autoware_utils:/home/sws/autoware/install/tier4_vehicle_msgs:/home/sws/autoware/install/tier4_api_utils:/home/sws/autoware/install/tier4_api_msgs:/home/sws/autoware/install/autoware_auto_vehicle_msgs:/home/sws/autoware/install/tier4_system_msgs:/home/sws/autoware/install/tier4_control_msgs:/home/sws/autoware/install/autoware_auto_planning_msgs:/home/sws/autoware/install/autoware_auto_perception_msgs:/home/sws/autoware/install/tier4_planning_msgs:/home/sws/autoware/install/tier4_external_api_msgs:/home/sws/autoware/install/tier4_debug_msgs:/home/sws/autoware/install/autoware_lint_common:/home/sws/autoware/install/autoware_common_msgs:/home/sws/autoware/install/autoware_auto_mapping_msgs:/home/sws/autoware/install/autoware_auto_geometry_msgs:/home/sws/autoware/install/autoware_auto_control_msgs:${AMENT_PREFIX_PATH} CMAKE_PREFIX_PATH=/home/sws/autoware/install/vehicle_info_util:/home/sws/autoware/install/tier4_autoware_utils:/home/sws/autoware/install/tier4_vehicle_msgs:/home/sws/autoware/install/tier4_api_utils:/home/sws/autoware/install/tier4_api_msgs:/home/sws/autoware/install/autoware_auto_vehicle_msgs:/home/sws/autoware/install/tier4_system_msgs:/home/sws/autoware/install/tier4_control_msgs:/home/sws/autoware/install/autoware_auto_planning_msgs:/home/sws/autoware/install/autoware_auto_perception_msgs:/home/sws/autoware/install/tier4_planning_msgs:/home/sws/autoware/install/tier4_external_api_msgs:/home/sws/autoware/install/tier4_debug_msgs:/home/sws/autoware/install/autoware_lint_common:/home/sws/autoware/install/autoware_common_msgs:/home/sws/autoware/install/autoware_auto_mapping_msgs:/home/sws/autoware/install/autoware_auto_geometry_msgs:/home/sws/autoware/install/autoware_auto_control_msgs:/opt/ros/humble LD_LIBRARY_PATH=/home/sws/autoware/install/vehicle_info_util/lib:/home/sws/autoware/install/tier4_autoware_utils/lib:/home/sws/autoware/install/tier4_vehicle_msgs/lib:/home/sws/autoware/install/tier4_api_msgs/lib:/home/sws/autoware/install/autoware_auto_vehicle_msgs/lib:/home/sws/autoware/install/tier4_system_msgs/lib:/home/sws/autoware/install/tier4_control_msgs/lib:/home/sws/autoware/install/autoware_auto_planning_msgs/lib:/home/sws/autoware/install/autoware_auto_perception_msgs/lib:/home/sws/autoware/install/tier4_planning_msgs/lib:/home/sws/autoware/install/tier4_external_api_msgs/lib:/home/sws/autoware/install/tier4_debug_msgs/lib:/home/sws/autoware/install/autoware_common_msgs/lib:/home/sws/autoware/install/autoware_auto_mapping_msgs/lib:/home/sws/autoware/install/autoware_auto_geometry_msgs/lib:/home/sws/autoware/install/autoware_auto_control_msgs/lib:${LD_LIBRARY_PATH} PYTHONPATH=/home/sws/autoware/install/tier4_vehicle_msgs/local/lib/python3.10/dist-packages:/home/sws/autoware/install/tier4_api_msgs/local/lib/python3.10/dist-packages:/home/sws/autoware/install/autoware_auto_vehicle_msgs/local/lib/python3.10/dist-packages:/home/sws/autoware/install/tier4_system_msgs/local/lib/python3.10/dist-packages:/home/sws/autoware/install/tier4_control_msgs/local/lib/python3.10/dist-packages:/home/sws/autoware/install/autoware_auto_planning_msgs/local/lib/python3.10/dist-packages:/home/sws/autoware/install/autoware_auto_perception_msgs/local/lib/python3.10/dist-packages:/home/sws/autoware/install/tier4_planning_msgs/local/lib/python3.10/dist-packages:/home/sws/autoware/install/tier4_external_api_msgs/local/lib/python3.10/dist-packages:/home/sws/autoware/install/tier4_debug_msgs/local/lib/python3.10/dist-packages:/home/sws/autoware/install/autoware_common_msgs/local/lib/python3.10/dist-packages:/home/sws/autoware/install/autoware_auto_mapping_msgs/local/lib/python3.10/dist-packages:/home/sws/autoware/install/autoware_auto_geometry_msgs/local/lib/python3.10/dist-packages:/home/sws/autoware/install/autoware_auto_control_msgs/local/lib/python3.10/dist-packages:${PYTHONPATH} /usr/bin/cmake --install /home/sws/autoware/build/pacmod_interface
