-- The C compiler identification is GNU 11.3.0
-- The CXX compiler identification is GNU 11.3.0
-- Detecting C compiler ABI info
-- Detecting C compiler ABI info - done
-- Check for working C compiler: /usr/bin/cc - skipped
-- Detecting C compile features
-- Detecting C compile features - done
-- Detecting CXX compiler ABI info
-- Detecting CXX compiler ABI info - done
-- Check for working CXX compiler: /usr/bin/c++ - skipped
-- Detecting CXX compile features
-- Detecting CXX compile features - done
-- Found autoware_cmake: 0.1.0 (/home/sws/autoware/install/autoware_cmake/share/autoware_cmake/cmake)
-- Found Python3: /usr/bin/python3.10 (found version "3.10.6") found components: Interpreter 
-- Override CMake install command with custom implementation using symlinks instead of copying resources
-- Found rosidl_generator_c: 3.1.4 (/opt/ros/humble/share/rosidl_generator_c/cmake)
-- Found rosidl_adapter: 3.1.4 (/opt/ros/humble/share/rosidl_adapter/cmake)
-- Found rosidl_generator_cpp: 3.1.4 (/opt/ros/humble/share/rosidl_generator_cpp/cmake)
-- Using all available rosidl_typesupport_c: rosidl_typesupport_fastrtps_c;rosidl_typesupport_introspection_c
-- Using all available rosidl_typesupport_cpp: rosidl_typesupport_fastrtps_cpp;rosidl_typesupport_introspection_cpp
-- Found rmw_implementation_cmake: 6.1.1 (/opt/ros/humble/share/rmw_implementation_cmake/cmake)
-- Found rmw_fastrtps_cpp: 6.2.2 (/opt/ros/humble/share/rmw_fastrtps_cpp/cmake)
-- Found OpenSSL: /usr/lib/x86_64-linux-gnu/libcrypto.so (found version "3.0.2")  
-- Found FastRTPS: /opt/ros/humble/include  
-- Using RMW implementation 'rmw_fastrtps_cpp' as default
-- Looking for pthread.h
-- Looking for pthread.h - found
-- Performing Test CMAKE_HAVE_LIBC_PTHREAD
-- Performing Test CMAKE_HAVE_LIBC_PTHREAD - Success
-- Found Threads: TRUE  
-- Found ament_lint_auto: 0.12.5 (/opt/ros/humble/share/ament_lint_auto/cmake)
-- Added test 'copyright' to check source files copyright and LICENSE
-- Added test 'cppcheck' to perform static code analysis on C / C++ code
-- Configured cppcheck include dirs: /home/sws/autoware/src/universe/autoware.universe/perception/object_range_splitter/include
-- Configured cppcheck exclude dirs and/or files: 
-- Added test 'lint_cmake' to check CMake code style
-- Added test 'xmllint' to check XML markup files
-- Configuring done
-- Generating done
-- Build files have been written to: /home/sws/autoware/build/object_range_splitter
[ 25%] [32mBuilding CXX object CMakeFiles/object_range_splitter_node.dir/rclcpp_components/node_main_object_range_splitter_node.cpp.o[0m
[ 50%] [32mBuilding CXX object CMakeFiles/object_range_splitter.dir/src/node.cpp.o[0m
[ 75%] [32m[1mLinking CXX executable object_range_splitter_node[0m
[ 75%] Built target object_range_splitter_node
[100%] [32m[1mLinking CXX shared library libobject_range_splitter.so[0m
[100%] Built target object_range_splitter
-- Install configuration: "Release"
-- Execute custom install script
-- Symlinking: /home/sws/autoware/install/object_range_splitter/lib/object_range_splitter/object_range_splitter_node
-- Symlinking: /home/sws/autoware/install/object_range_splitter/include/object_range_splitter/node.hpp
-- Symlinking: /home/sws/autoware/install/object_range_splitter/share/object_range_splitter/environment/library_path.sh
-- Symlinking: /home/sws/autoware/install/object_range_splitter/share/object_range_splitter/environment/library_path.dsv
-- Symlinking: /home/sws/autoware/install/object_range_splitter/lib/libobject_range_splitter.so
-- Symlinking: /home/sws/autoware/install/object_range_splitter/share/object_range_splitter/launch/object_range_splitter.launch.xml
-- Symlinking: /home/sws/autoware/install/object_range_splitter/share/ament_index/resource_index/package_run_dependencies/object_range_splitter
-- Symlinking: /home/sws/autoware/install/object_range_splitter/share/ament_index/resource_index/parent_prefix_path/object_range_splitter
-- Symlinking: /home/sws/autoware/install/object_range_splitter/share/object_range_splitter/environment/ament_prefix_path.sh
-- Symlinking: /home/sws/autoware/install/object_range_splitter/share/object_range_splitter/environment/ament_prefix_path.dsv
-- Symlinking: /home/sws/autoware/install/object_range_splitter/share/object_range_splitter/environment/path.sh
-- Symlinking: /home/sws/autoware/install/object_range_splitter/share/object_range_splitter/environment/path.dsv
-- Symlinking: /home/sws/autoware/install/object_range_splitter/share/object_range_splitter/local_setup.bash
-- Symlinking: /home/sws/autoware/install/object_range_splitter/share/object_range_splitter/local_setup.sh
-- Symlinking: /home/sws/autoware/install/object_range_splitter/share/object_range_splitter/local_setup.zsh
-- Symlinking: /home/sws/autoware/install/object_range_splitter/share/object_range_splitter/local_setup.dsv
-- Symlinking: /home/sws/autoware/install/object_range_splitter/share/object_range_splitter/package.dsv
-- Symlinking: /home/sws/autoware/install/object_range_splitter/share/ament_index/resource_index/packages/object_range_splitter
-- Symlinking: /home/sws/autoware/install/object_range_splitter/share/ament_index/resource_index/rclcpp_components/object_range_splitter
-- Symlinking: /home/sws/autoware/install/object_range_splitter/share/object_range_splitter/cmake/ament_cmake_export_dependencies-extras.cmake
-- Symlinking: /home/sws/autoware/install/object_range_splitter/share/object_range_splitter/cmake/ament_cmake_export_include_directories-extras.cmake
-- Symlinking: /home/sws/autoware/install/object_range_splitter/share/object_range_splitter/cmake/ament_cmake_export_libraries-extras.cmake
-- Symlinking: /home/sws/autoware/install/object_range_splitter/share/object_range_splitter/cmake/object_range_splitterConfig.cmake
-- Symlinking: /home/sws/autoware/install/object_range_splitter/share/object_range_splitter/cmake/object_range_splitterConfig-version.cmake
-- Symlinking: /home/sws/autoware/install/object_range_splitter/share/object_range_splitter/package.xml
