[0.098s] Invoking command in '/home/sws/autoware/build/object_range_splitter': AMENT_PREFIX_PATH=/home/sws/autoware/install/autoware_cmake:/home/sws/autoware/install/autoware_auto_perception_msgs:/home/sws/autoware/install/autoware_lint_common:/home/sws/autoware/install/autoware_auto_geometry_msgs:${AMENT_PREFIX_PATH} CMAKE_PREFIX_PATH=/home/sws/autoware/install/autoware_cmake:/home/sws/autoware/install/autoware_auto_perception_msgs:/home/sws/autoware/install/autoware_lint_common:/home/sws/autoware/install/autoware_auto_geometry_msgs:/opt/ros/humble LD_LIBRARY_PATH=/home/sws/autoware/install/autoware_auto_perception_msgs/lib:/home/sws/autoware/install/autoware_auto_geometry_msgs/lib:${LD_LIBRARY_PATH} PYTHONPATH=/home/sws/autoware/install/autoware_auto_perception_msgs/local/lib/python3.10/dist-packages:/home/sws/autoware/install/autoware_auto_geometry_msgs/local/lib/python3.10/dist-packages:${PYTHONPATH} /usr/bin/cmake /home/sws/autoware/src/universe/autoware.universe/perception/object_range_splitter -DCMAKE_BUILD_TYPE=Release -DAMENT_CMAKE_SYMLINK_INSTALL=1 -DCMAKE_INSTALL_PREFIX=/home/sws/autoware/install/object_range_splitter
[7.679s] -- The C compiler identification is GNU 11.3.0
[7.679s] -- The CXX compiler identification is GNU 11.3.0
[7.679s] -- Detecting C compiler ABI info
[7.679s] -- Detecting C compiler ABI info - done
[7.679s] -- Check for working C compiler: /usr/bin/cc - skipped
[7.679s] -- Detecting C compile features
[7.679s] -- Detecting C compile features - done
[7.679s] -- Detecting CXX compiler ABI info
[7.679s] -- Detecting CXX compiler ABI info - done
[7.679s] -- Check for working CXX compiler: /usr/bin/c++ - skipped
[7.679s] -- Detecting CXX compile features
[7.680s] -- Detecting CXX compile features - done
[7.680s] -- Found autoware_cmake: 0.1.0 (/home/sws/autoware/install/autoware_cmake/share/autoware_cmake/cmake)
[7.680s] -- Found Python3: /usr/bin/python3.10 (found version "3.10.6") found components: Interpreter 
[7.680s] -- Override CMake install command with custom implementation using symlinks instead of copying resources
[7.680s] -- Found rosidl_generator_c: 3.1.4 (/opt/ros/humble/share/rosidl_generator_c/cmake)
[7.680s] -- Found rosidl_adapter: 3.1.4 (/opt/ros/humble/share/rosidl_adapter/cmake)
[7.680s] -- Found rosidl_generator_cpp: 3.1.4 (/opt/ros/humble/share/rosidl_generator_cpp/cmake)
[7.680s] -- Using all available rosidl_typesupport_c: rosidl_typesupport_fastrtps_c;rosidl_typesupport_introspection_c
[7.680s] -- Using all available rosidl_typesupport_cpp: rosidl_typesupport_fastrtps_cpp;rosidl_typesupport_introspection_cpp
[7.680s] -- Found rmw_implementation_cmake: 6.1.1 (/opt/ros/humble/share/rmw_implementation_cmake/cmake)
[7.680s] -- Found rmw_fastrtps_cpp: 6.2.2 (/opt/ros/humble/share/rmw_fastrtps_cpp/cmake)
[7.681s] -- Found OpenSSL: /usr/lib/x86_64-linux-gnu/libcrypto.so (found version "3.0.2")  
[7.681s] -- Found FastRTPS: /opt/ros/humble/include  
[7.681s] -- Using RMW implementation 'rmw_fastrtps_cpp' as default
[7.681s] -- Looking for pthread.h
[7.681s] -- Looking for pthread.h - found
[7.681s] -- Performing Test CMAKE_HAVE_LIBC_PTHREAD
[7.681s] -- Performing Test CMAKE_HAVE_LIBC_PTHREAD - Success
[7.681s] -- Found Threads: TRUE  
[7.681s] -- Found ament_lint_auto: 0.12.5 (/opt/ros/humble/share/ament_lint_auto/cmake)
[7.681s] -- Added test 'copyright' to check source files copyright and LICENSE
[7.681s] -- Added test 'cppcheck' to perform static code analysis on C / C++ code
[7.682s] -- Configured cppcheck include dirs: /home/sws/autoware/src/universe/autoware.universe/perception/object_range_splitter/include
[7.682s] -- Configured cppcheck exclude dirs and/or files: 
[7.682s] -- Added test 'lint_cmake' to check CMake code style
[7.682s] -- Added test 'xmllint' to check XML markup files
[7.682s] -- Configuring done
[7.682s] -- Generating done
[7.682s] -- Build files have been written to: /home/sws/autoware/build/object_range_splitter
[7.725s] Invoked command in '/home/sws/autoware/build/object_range_splitter' returned '0': AMENT_PREFIX_PATH=/home/sws/autoware/install/autoware_cmake:/home/sws/autoware/install/autoware_auto_perception_msgs:/home/sws/autoware/install/autoware_lint_common:/home/sws/autoware/install/autoware_auto_geometry_msgs:${AMENT_PREFIX_PATH} CMAKE_PREFIX_PATH=/home/sws/autoware/install/autoware_cmake:/home/sws/autoware/install/autoware_auto_perception_msgs:/home/sws/autoware/install/autoware_lint_common:/home/sws/autoware/install/autoware_auto_geometry_msgs:/opt/ros/humble LD_LIBRARY_PATH=/home/sws/autoware/install/autoware_auto_perception_msgs/lib:/home/sws/autoware/install/autoware_auto_geometry_msgs/lib:${LD_LIBRARY_PATH} PYTHONPATH=/home/sws/autoware/install/autoware_auto_perception_msgs/local/lib/python3.10/dist-packages:/home/sws/autoware/install/autoware_auto_geometry_msgs/local/lib/python3.10/dist-packages:${PYTHONPATH} /usr/bin/cmake /home/sws/autoware/src/universe/autoware.universe/perception/object_range_splitter -DCMAKE_BUILD_TYPE=Release -DAMENT_CMAKE_SYMLINK_INSTALL=1 -DCMAKE_INSTALL_PREFIX=/home/sws/autoware/install/object_range_splitter
[7.730s] Invoking command in '/home/sws/autoware/build/object_range_splitter': AMENT_PREFIX_PATH=/home/sws/autoware/install/autoware_cmake:/home/sws/autoware/install/autoware_auto_perception_msgs:/home/sws/autoware/install/autoware_lint_common:/home/sws/autoware/install/autoware_auto_geometry_msgs:${AMENT_PREFIX_PATH} CMAKE_PREFIX_PATH=/home/sws/autoware/install/autoware_cmake:/home/sws/autoware/install/autoware_auto_perception_msgs:/home/sws/autoware/install/autoware_lint_common:/home/sws/autoware/install/autoware_auto_geometry_msgs:/opt/ros/humble LD_LIBRARY_PATH=/home/sws/autoware/install/autoware_auto_perception_msgs/lib:/home/sws/autoware/install/autoware_auto_geometry_msgs/lib:${LD_LIBRARY_PATH} PYTHONPATH=/home/sws/autoware/install/autoware_auto_perception_msgs/local/lib/python3.10/dist-packages:/home/sws/autoware/install/autoware_auto_geometry_msgs/local/lib/python3.10/dist-packages:${PYTHONPATH} /usr/bin/cmake --build /home/sws/autoware/build/object_range_splitter -- -j16 -l16
[11.032s] [ 25%] [32mBuilding CXX object CMakeFiles/object_range_splitter_node.dir/rclcpp_components/node_main_object_range_splitter_node.cpp.o[0m
[11.032s] [ 50%] [32mBuilding CXX object CMakeFiles/object_range_splitter.dir/src/node.cpp.o[0m
[14.289s] [ 75%] [32m[1mLinking CXX executable object_range_splitter_node[0m
[14.445s] [ 75%] Built target object_range_splitter_node
[23.785s] [100%] [32m[1mLinking CXX shared library libobject_range_splitter.so[0m
[24.023s] [100%] Built target object_range_splitter
[24.039s] Invoked command in '/home/sws/autoware/build/object_range_splitter' returned '0': AMENT_PREFIX_PATH=/home/sws/autoware/install/autoware_cmake:/home/sws/autoware/install/autoware_auto_perception_msgs:/home/sws/autoware/install/autoware_lint_common:/home/sws/autoware/install/autoware_auto_geometry_msgs:${AMENT_PREFIX_PATH} CMAKE_PREFIX_PATH=/home/sws/autoware/install/autoware_cmake:/home/sws/autoware/install/autoware_auto_perception_msgs:/home/sws/autoware/install/autoware_lint_common:/home/sws/autoware/install/autoware_auto_geometry_msgs:/opt/ros/humble LD_LIBRARY_PATH=/home/sws/autoware/install/autoware_auto_perception_msgs/lib:/home/sws/autoware/install/autoware_auto_geometry_msgs/lib:${LD_LIBRARY_PATH} PYTHONPATH=/home/sws/autoware/install/autoware_auto_perception_msgs/local/lib/python3.10/dist-packages:/home/sws/autoware/install/autoware_auto_geometry_msgs/local/lib/python3.10/dist-packages:${PYTHONPATH} /usr/bin/cmake --build /home/sws/autoware/build/object_range_splitter -- -j16 -l16
[24.070s] Invoking command in '/home/sws/autoware/build/object_range_splitter': AMENT_PREFIX_PATH=/home/sws/autoware/install/autoware_cmake:/home/sws/autoware/install/autoware_auto_perception_msgs:/home/sws/autoware/install/autoware_lint_common:/home/sws/autoware/install/autoware_auto_geometry_msgs:${AMENT_PREFIX_PATH} CMAKE_PREFIX_PATH=/home/sws/autoware/install/autoware_cmake:/home/sws/autoware/install/autoware_auto_perception_msgs:/home/sws/autoware/install/autoware_lint_common:/home/sws/autoware/install/autoware_auto_geometry_msgs:/opt/ros/humble LD_LIBRARY_PATH=/home/sws/autoware/install/autoware_auto_perception_msgs/lib:/home/sws/autoware/install/autoware_auto_geometry_msgs/lib:${LD_LIBRARY_PATH} PYTHONPATH=/home/sws/autoware/install/autoware_auto_perception_msgs/local/lib/python3.10/dist-packages:/home/sws/autoware/install/autoware_auto_geometry_msgs/local/lib/python3.10/dist-packages:${PYTHONPATH} /usr/bin/cmake --install /home/sws/autoware/build/object_range_splitter
[26.631s] -- Install configuration: "Release"
[26.633s] -- Execute custom install script
[26.633s] -- Symlinking: /home/sws/autoware/install/object_range_splitter/lib/object_range_splitter/object_range_splitter_node
[26.633s] -- Symlinking: /home/sws/autoware/install/object_range_splitter/include/object_range_splitter/node.hpp
[26.633s] -- Symlinking: /home/sws/autoware/install/object_range_splitter/share/object_range_splitter/environment/library_path.sh
[26.633s] -- Symlinking: /home/sws/autoware/install/object_range_splitter/share/object_range_splitter/environment/library_path.dsv
[26.633s] -- Symlinking: /home/sws/autoware/install/object_range_splitter/lib/libobject_range_splitter.so
[26.633s] -- Symlinking: /home/sws/autoware/install/object_range_splitter/share/object_range_splitter/launch/object_range_splitter.launch.xml
[26.633s] -- Symlinking: /home/sws/autoware/install/object_range_splitter/share/ament_index/resource_index/package_run_dependencies/object_range_splitter
[26.634s] -- Symlinking: /home/sws/autoware/install/object_range_splitter/share/ament_index/resource_index/parent_prefix_path/object_range_splitter
[26.634s] -- Symlinking: /home/sws/autoware/install/object_range_splitter/share/object_range_splitter/environment/ament_prefix_path.sh
[26.634s] -- Symlinking: /home/sws/autoware/install/object_range_splitter/share/object_range_splitter/environment/ament_prefix_path.dsv
[26.634s] -- Symlinking: /home/sws/autoware/install/object_range_splitter/share/object_range_splitter/environment/path.sh
[26.634s] -- Symlinking: /home/sws/autoware/install/object_range_splitter/share/object_range_splitter/environment/path.dsv
[26.634s] -- Symlinking: /home/sws/autoware/install/object_range_splitter/share/object_range_splitter/local_setup.bash
[26.634s] -- Symlinking: /home/sws/autoware/install/object_range_splitter/share/object_range_splitter/local_setup.sh
[26.635s] -- Symlinking: /home/sws/autoware/install/object_range_splitter/share/object_range_splitter/local_setup.zsh
[26.635s] -- Symlinking: /home/sws/autoware/install/object_range_splitter/share/object_range_splitter/local_setup.dsv
[26.635s] -- Symlinking: /home/sws/autoware/install/object_range_splitter/share/object_range_splitter/package.dsv
[26.635s] -- Symlinking: /home/sws/autoware/install/object_range_splitter/share/ament_index/resource_index/packages/object_range_splitter
[26.635s] -- Symlinking: /home/sws/autoware/install/object_range_splitter/share/ament_index/resource_index/rclcpp_components/object_range_splitter
[26.635s] -- Symlinking: /home/sws/autoware/install/object_range_splitter/share/object_range_splitter/cmake/ament_cmake_export_dependencies-extras.cmake
[26.637s] -- Symlinking: /home/sws/autoware/install/object_range_splitter/share/object_range_splitter/cmake/ament_cmake_export_include_directories-extras.cmake
[26.637s] -- Symlinking: /home/sws/autoware/install/object_range_splitter/share/object_range_splitter/cmake/ament_cmake_export_libraries-extras.cmake
[26.637s] -- Symlinking: /home/sws/autoware/install/object_range_splitter/share/object_range_splitter/cmake/object_range_splitterConfig.cmake
[26.637s] -- Symlinking: /home/sws/autoware/install/object_range_splitter/share/object_range_splitter/cmake/object_range_splitterConfig-version.cmake
[26.638s] -- Symlinking: /home/sws/autoware/install/object_range_splitter/share/object_range_splitter/package.xml
[26.649s] Invoked command in '/home/sws/autoware/build/object_range_splitter' returned '0': AMENT_PREFIX_PATH=/home/sws/autoware/install/autoware_cmake:/home/sws/autoware/install/autoware_auto_perception_msgs:/home/sws/autoware/install/autoware_lint_common:/home/sws/autoware/install/autoware_auto_geometry_msgs:${AMENT_PREFIX_PATH} CMAKE_PREFIX_PATH=/home/sws/autoware/install/autoware_cmake:/home/sws/autoware/install/autoware_auto_perception_msgs:/home/sws/autoware/install/autoware_lint_common:/home/sws/autoware/install/autoware_auto_geometry_msgs:/opt/ros/humble LD_LIBRARY_PATH=/home/sws/autoware/install/autoware_auto_perception_msgs/lib:/home/sws/autoware/install/autoware_auto_geometry_msgs/lib:${LD_LIBRARY_PATH} PYTHONPATH=/home/sws/autoware/install/autoware_auto_perception_msgs/local/lib/python3.10/dist-packages:/home/sws/autoware/install/autoware_auto_geometry_msgs/local/lib/python3.10/dist-packages:${PYTHONPATH} /usr/bin/cmake --install /home/sws/autoware/build/object_range_splitter
