[0.048s] Invoking command in '/home/sws/autoware/build/initial_pose_button_panel': AMENT_PREFIX_PATH=/home/sws/autoware/install/autoware_cmake:/home/sws/autoware/install/tier4_localization_msgs:/home/sws/autoware/install/autoware_lint_common:${AMENT_PREFIX_PATH} CMAKE_PREFIX_PATH=/home/sws/autoware/install/autoware_cmake:/home/sws/autoware/install/tier4_localization_msgs:/home/sws/autoware/install/autoware_lint_common:/opt/ros/humble LD_LIBRARY_PATH=/home/sws/autoware/install/tier4_localization_msgs/lib:${LD_LIBRARY_PATH} PYTHONPATH=/home/sws/autoware/install/tier4_localization_msgs/local/lib/python3.10/dist-packages:${PYTHONPATH} /usr/bin/cmake /home/sws/autoware/src/universe/autoware.universe/localization/initial_pose_button_panel -DCMAKE_BUILD_TYPE=Release -DAMENT_CMAKE_SYMLINK_INSTALL=1 -DCMAKE_INSTALL_PREFIX=/home/sws/autoware/install/initial_pose_button_panel
[15.410s] -- The C compiler identification is GNU 11.3.0
[15.410s] -- The CXX compiler identification is GNU 11.3.0
[15.410s] -- Detecting C compiler ABI info
[15.410s] -- Detecting C compiler ABI info - done
[15.410s] -- Check for working C compiler: /usr/bin/cc - skipped
[15.410s] -- Detecting C compile features
[15.410s] -- Detecting C compile features - done
[15.410s] -- Detecting CXX compiler ABI info
[15.411s] -- Detecting CXX compiler ABI info - done
[15.411s] -- Check for working CXX compiler: /usr/bin/c++ - skipped
[15.411s] -- Detecting CXX compile features
[15.411s] -- Detecting CXX compile features - done
[15.411s] -- Found autoware_cmake: 0.1.0 (/home/sws/autoware/install/autoware_cmake/share/autoware_cmake/cmake)
[15.411s] -- Found Python3: /usr/bin/python3.10 (found version "3.10.6") found components: Interpreter 
[15.411s] -- Override CMake install command with custom implementation using symlinks instead of copying resources
[15.411s] -- Found rosidl_generator_c: 3.1.4 (/opt/ros/humble/share/rosidl_generator_c/cmake)
[15.411s] -- Found rosidl_adapter: 3.1.4 (/opt/ros/humble/share/rosidl_adapter/cmake)
[15.411s] -- Found rosidl_generator_cpp: 3.1.4 (/opt/ros/humble/share/rosidl_generator_cpp/cmake)
[15.411s] -- Using all available rosidl_typesupport_c: rosidl_typesupport_fastrtps_c;rosidl_typesupport_introspection_c
[15.412s] -- Using all available rosidl_typesupport_cpp: rosidl_typesupport_fastrtps_cpp;rosidl_typesupport_introspection_cpp
[15.412s] -- Setting OGRE_DIR to: '/opt/ros/humble/share/rviz_ogre_vendor/cmake/../../../opt/rviz_ogre_vendor/lib/OGRE/cmake'
[15.412s] -- Found OGRE
[15.412s] --   static     : OFF
[15.412s] --   components : HLMS;MeshLodGenerator;Overlay;Paging;Property;RTShaderSystem;Terrain;Volume
[15.412s] --   plugins    : Plugin_BSPSceneManager;Plugin_OctreeSceneManager;Plugin_PCZSceneManager;Plugin_ParticleFX;RenderSystem_GL;RenderSystem_GL3Plus;Codec_STBI
[15.412s] --   media      : /opt/ros/humble/opt/rviz_ogre_vendor/share/OGRE/Media
[15.412s] -- OGRE_LIBRARIES: OgreHLMS;OgreMeshLodGenerator;OgreOverlay;OgrePaging;OgreProperty;OgreRTShaderSystem;OgreTerrain;OgreVolume;OgreMain
[15.412s] -- OGRE_LIBRARY_DIRS: /opt/ros/humble/opt/rviz_ogre_vendor/lib
[15.413s] -- OGRE_PLUGINS: Plugin_BSPSceneManager;Plugin_OctreeSceneManager;Plugin_PCZSceneManager;Plugin_ParticleFX;RenderSystem_GL;RenderSystem_GL3Plus;Codec_STBI
[15.413s] -- OGRE_PLUGIN_DIR: /opt/ros/humble/opt/rviz_ogre_vendor/lib/OGRE
[15.413s] -- rviz_ogre_vendor::OgreOverlay for IMPORTED_LOCATION_RELEASE: /opt/ros/humble/opt/rviz_ogre_vendor/lib/libOgreOverlay.so
[15.413s] -- rviz_ogre_vendor::OgreOverlay for IMPORTED_LOCATION_DEBUG: /opt/ros/humble/opt/rviz_ogre_vendor/lib/libOgreOverlay.so
[15.413s] -- rviz_ogre_vendor::OgreMain for IMPORTED_LOCATION_RELEASE: /opt/ros/humble/opt/rviz_ogre_vendor/lib/libOgreMain.so
[15.413s] -- rviz_ogre_vendor::OgreMain for IMPORTED_LOCATION_DEBUG: /opt/ros/humble/opt/rviz_ogre_vendor/lib/libOgreMain.so
[15.413s] -- Could not find freeimage library
[15.413s] -- Found ZLIB: /usr/lib/x86_64-linux-gnu/libz.so (found version "1.2.11") 
[15.414s] -- Found OpenGL: /usr/lib/x86_64-linux-gnu/libOpenGL.so   
[15.414s] -- Found X11: /usr/include   
[15.414s] -- Looking for XOpenDisplay in /usr/lib/x86_64-linux-gnu/libX11.so;/usr/lib/x86_64-linux-gnu/libXext.so
[15.414s] -- Looking for XOpenDisplay in /usr/lib/x86_64-linux-gnu/libX11.so;/usr/lib/x86_64-linux-gnu/libXext.so - found
[15.414s] -- Looking for gethostbyname
[15.414s] -- Looking for gethostbyname - found
[15.414s] -- Looking for connect
[15.415s] -- Looking for connect - found
[15.415s] -- Looking for remove
[15.415s] -- Looking for remove - found
[15.415s] -- Looking for shmat
[15.415s] -- Looking for shmat - found
[15.415s] -- Looking for IceConnectionNumber in ICE
[15.415s] -- Looking for IceConnectionNumber in ICE - found
[15.415s] -- rviz_ogre_vendor::RenderSystem_GL for IMPORTED_LOCATION_RELEASE: _render_system_gl_static_library_abs-NOTFOUND
[15.415s] -- rviz_ogre_vendor::RenderSystem_GL for IMPORTED_LOCATION_DEBUG: _render_system_gl_static_library_abs-NOTFOUND
[15.415s] -- library: /usr/lib/x86_64-linux-gnu/libcurl.so
[15.415s] -- Found rmw_implementation_cmake: 6.1.1 (/opt/ros/humble/share/rmw_implementation_cmake/cmake)
[15.416s] -- Found rmw_fastrtps_cpp: 6.2.2 (/opt/ros/humble/share/rmw_fastrtps_cpp/cmake)
[15.416s] -- Found OpenSSL: /usr/lib/x86_64-linux-gnu/libcrypto.so (found version "3.0.2")  
[15.416s] -- Found FastRTPS: /opt/ros/humble/include  
[15.416s] -- Using RMW implementation 'rmw_fastrtps_cpp' as default
[15.416s] -- Looking for pthread.h
[15.416s] -- Looking for pthread.h - found
[15.416s] -- Performing Test CMAKE_HAVE_LIBC_PTHREAD
[15.416s] -- Performing Test CMAKE_HAVE_LIBC_PTHREAD - Success
[15.416s] -- Found Threads: TRUE  
[15.416s] -- Found Eigen3: TRUE (found version "3.4.0") 
[15.416s] -- Ensuring Eigen3 include directory is part of orocos-kdl CMake target
[15.417s] -- Found ament_lint_auto: 0.12.5 (/opt/ros/humble/share/ament_lint_auto/cmake)
[15.418s] -- Added test 'copyright' to check source files copyright and LICENSE
[15.418s] -- Added test 'cppcheck' to perform static code analysis on C / C++ code
[15.418s] -- Configured cppcheck include dirs: 
[15.419s] -- Configured cppcheck exclude dirs and/or files: 
[15.419s] -- Added test 'lint_cmake' to check CMake code style
[15.419s] -- Added test 'xmllint' to check XML markup files
[15.419s] -- Configuring done
[15.419s] -- Generating done
[15.419s] -- Build files have been written to: /home/sws/autoware/build/initial_pose_button_panel
[15.469s] Invoked command in '/home/sws/autoware/build/initial_pose_button_panel' returned '0': AMENT_PREFIX_PATH=/home/sws/autoware/install/autoware_cmake:/home/sws/autoware/install/tier4_localization_msgs:/home/sws/autoware/install/autoware_lint_common:${AMENT_PREFIX_PATH} CMAKE_PREFIX_PATH=/home/sws/autoware/install/autoware_cmake:/home/sws/autoware/install/tier4_localization_msgs:/home/sws/autoware/install/autoware_lint_common:/opt/ros/humble LD_LIBRARY_PATH=/home/sws/autoware/install/tier4_localization_msgs/lib:${LD_LIBRARY_PATH} PYTHONPATH=/home/sws/autoware/install/tier4_localization_msgs/local/lib/python3.10/dist-packages:${PYTHONPATH} /usr/bin/cmake /home/sws/autoware/src/universe/autoware.universe/localization/initial_pose_button_panel -DCMAKE_BUILD_TYPE=Release -DAMENT_CMAKE_SYMLINK_INSTALL=1 -DCMAKE_INSTALL_PREFIX=/home/sws/autoware/install/initial_pose_button_panel
[15.470s] Invoking command in '/home/sws/autoware/build/initial_pose_button_panel': AMENT_PREFIX_PATH=/home/sws/autoware/install/autoware_cmake:/home/sws/autoware/install/tier4_localization_msgs:/home/sws/autoware/install/autoware_lint_common:${AMENT_PREFIX_PATH} CMAKE_PREFIX_PATH=/home/sws/autoware/install/autoware_cmake:/home/sws/autoware/install/tier4_localization_msgs:/home/sws/autoware/install/autoware_lint_common:/opt/ros/humble LD_LIBRARY_PATH=/home/sws/autoware/install/tier4_localization_msgs/lib:${LD_LIBRARY_PATH} PYTHONPATH=/home/sws/autoware/install/tier4_localization_msgs/local/lib/python3.10/dist-packages:${PYTHONPATH} /usr/bin/cmake --build /home/sws/autoware/build/initial_pose_button_panel -- -j16 -l16
[21.525s] [ 25%] [34m[1mAutomatic MOC for target initial_pose_button_panel[0m
[21.525s] [ 25%] Built target initial_pose_button_panel_autogen
[21.525s] [ 50%] [32mBuilding CXX object CMakeFiles/initial_pose_button_panel.dir/initial_pose_button_panel_autogen/mocs_compilation.cpp.o[0m
[23.983s] [ 75%] [32mBuilding CXX object CMakeFiles/initial_pose_button_panel.dir/src/initial_pose_button_panel.cpp.o[0m
[51.455s] [100%] [32m[1mLinking CXX shared library libinitial_pose_button_panel.so[0m
[53.526s] [100%] Built target initial_pose_button_panel
[53.542s] Invoked command in '/home/sws/autoware/build/initial_pose_button_panel' returned '0': AMENT_PREFIX_PATH=/home/sws/autoware/install/autoware_cmake:/home/sws/autoware/install/tier4_localization_msgs:/home/sws/autoware/install/autoware_lint_common:${AMENT_PREFIX_PATH} CMAKE_PREFIX_PATH=/home/sws/autoware/install/autoware_cmake:/home/sws/autoware/install/tier4_localization_msgs:/home/sws/autoware/install/autoware_lint_common:/opt/ros/humble LD_LIBRARY_PATH=/home/sws/autoware/install/tier4_localization_msgs/lib:${LD_LIBRARY_PATH} PYTHONPATH=/home/sws/autoware/install/tier4_localization_msgs/local/lib/python3.10/dist-packages:${PYTHONPATH} /usr/bin/cmake --build /home/sws/autoware/build/initial_pose_button_panel -- -j16 -l16
[53.645s] Invoking command in '/home/sws/autoware/build/initial_pose_button_panel': AMENT_PREFIX_PATH=/home/sws/autoware/install/autoware_cmake:/home/sws/autoware/install/tier4_localization_msgs:/home/sws/autoware/install/autoware_lint_common:${AMENT_PREFIX_PATH} CMAKE_PREFIX_PATH=/home/sws/autoware/install/autoware_cmake:/home/sws/autoware/install/tier4_localization_msgs:/home/sws/autoware/install/autoware_lint_common:/opt/ros/humble LD_LIBRARY_PATH=/home/sws/autoware/install/tier4_localization_msgs/lib:${LD_LIBRARY_PATH} PYTHONPATH=/home/sws/autoware/install/tier4_localization_msgs/local/lib/python3.10/dist-packages:${PYTHONPATH} /usr/bin/cmake --install /home/sws/autoware/build/initial_pose_button_panel
[56.599s] -- Install configuration: "Release"
[56.599s] -- Execute custom install script
[56.599s] -- Symlinking: /home/sws/autoware/install/initial_pose_button_panel/share/initial_pose_button_panel/plugins/plugin_description.xml
[56.599s] -- Symlinking: /home/sws/autoware/install/initial_pose_button_panel/share/initial_pose_button_panel/environment/library_path.sh
[56.599s] -- Symlinking: /home/sws/autoware/install/initial_pose_button_panel/share/initial_pose_button_panel/environment/library_path.dsv
[56.599s] -- Symlinking: /home/sws/autoware/install/initial_pose_button_panel/lib/libinitial_pose_button_panel.so
[56.600s] -- Up-to-date symlink: /home/sws/autoware/install/initial_pose_button_panel/share/initial_pose_button_panel/plugins/plugin_description.xml
[56.600s] -- Symlinking: /home/sws/autoware/install/initial_pose_button_panel/share/ament_index/resource_index/package_run_dependencies/initial_pose_button_panel
[56.600s] -- Symlinking: /home/sws/autoware/install/initial_pose_button_panel/share/ament_index/resource_index/parent_prefix_path/initial_pose_button_panel
[56.600s] -- Symlinking: /home/sws/autoware/install/initial_pose_button_panel/share/initial_pose_button_panel/environment/ament_prefix_path.sh
[56.600s] -- Symlinking: /home/sws/autoware/install/initial_pose_button_panel/share/initial_pose_button_panel/environment/ament_prefix_path.dsv
[56.600s] -- Symlinking: /home/sws/autoware/install/initial_pose_button_panel/share/initial_pose_button_panel/environment/path.sh
[56.600s] -- Symlinking: /home/sws/autoware/install/initial_pose_button_panel/share/initial_pose_button_panel/environment/path.dsv
[56.600s] -- Symlinking: /home/sws/autoware/install/initial_pose_button_panel/share/initial_pose_button_panel/local_setup.bash
[56.600s] -- Symlinking: /home/sws/autoware/install/initial_pose_button_panel/share/initial_pose_button_panel/local_setup.sh
[56.600s] -- Symlinking: /home/sws/autoware/install/initial_pose_button_panel/share/initial_pose_button_panel/local_setup.zsh
[56.601s] -- Symlinking: /home/sws/autoware/install/initial_pose_button_panel/share/initial_pose_button_panel/local_setup.dsv
[56.601s] -- Symlinking: /home/sws/autoware/install/initial_pose_button_panel/share/initial_pose_button_panel/package.dsv
[56.601s] -- Symlinking: /home/sws/autoware/install/initial_pose_button_panel/share/ament_index/resource_index/packages/initial_pose_button_panel
[56.601s] -- Symlinking: /home/sws/autoware/install/initial_pose_button_panel/share/ament_index/resource_index/rviz_common__pluginlib__plugin/initial_pose_button_panel
[56.601s] -- Symlinking: /home/sws/autoware/install/initial_pose_button_panel/share/initial_pose_button_panel/cmake/ament_cmake_export_dependencies-extras.cmake
[56.601s] -- Symlinking: /home/sws/autoware/install/initial_pose_button_panel/share/initial_pose_button_panel/cmake/ament_cmake_export_libraries-extras.cmake
[56.601s] -- Symlinking: /home/sws/autoware/install/initial_pose_button_panel/share/initial_pose_button_panel/cmake/initial_pose_button_panelConfig.cmake
[56.601s] -- Symlinking: /home/sws/autoware/install/initial_pose_button_panel/share/initial_pose_button_panel/cmake/initial_pose_button_panelConfig-version.cmake
[56.601s] -- Symlinking: /home/sws/autoware/install/initial_pose_button_panel/share/initial_pose_button_panel/package.xml
[56.622s] Invoked command in '/home/sws/autoware/build/initial_pose_button_panel' returned '0': AMENT_PREFIX_PATH=/home/sws/autoware/install/autoware_cmake:/home/sws/autoware/install/tier4_localization_msgs:/home/sws/autoware/install/autoware_lint_common:${AMENT_PREFIX_PATH} CMAKE_PREFIX_PATH=/home/sws/autoware/install/autoware_cmake:/home/sws/autoware/install/tier4_localization_msgs:/home/sws/autoware/install/autoware_lint_common:/opt/ros/humble LD_LIBRARY_PATH=/home/sws/autoware/install/tier4_localization_msgs/lib:${LD_LIBRARY_PATH} PYTHONPATH=/home/sws/autoware/install/tier4_localization_msgs/local/lib/python3.10/dist-packages:${PYTHONPATH} /usr/bin/cmake --install /home/sws/autoware/build/initial_pose_button_panel
