[0.236s] Invoking command in '/home/sws/autoware/build/component_interface_specs': AMENT_PREFIX_PATH=/home/sws/autoware/install/autoware_cmake:/home/sws/autoware/install/autoware_lint_common:/home/sws/autoware/install/autoware_adapi_v1_msgs:${AMENT_PREFIX_PATH} CMAKE_PREFIX_PATH=/home/sws/autoware/install/autoware_cmake:/home/sws/autoware/install/autoware_lint_common:/home/sws/autoware/install/autoware_adapi_v1_msgs:/opt/ros/humble LD_LIBRARY_PATH=/home/sws/autoware/install/autoware_adapi_v1_msgs/lib:${LD_LIBRARY_PATH} PYTHONPATH=/home/sws/autoware/install/autoware_adapi_v1_msgs/local/lib/python3.10/dist-packages:${PYTHONPATH} /usr/bin/cmake /home/sws/autoware/src/universe/autoware.universe/common/component_interface_specs -DCMAKE_BUILD_TYPE=Release -DAMENT_CMAKE_SYMLINK_INSTALL=1 -DCMAKE_INSTALL_PREFIX=/home/sws/autoware/install/component_interface_specs
[0.937s] -- The C compiler identification is GNU 11.3.0
[0.938s] -- The CXX compiler identification is GNU 11.3.0
[0.938s] -- Detecting C compiler ABI info
[0.938s] -- Detecting C compiler ABI info - done
[0.938s] -- Check for working C compiler: /usr/bin/cc - skipped
[0.938s] -- Detecting C compile features
[0.938s] -- Detecting C compile features - done
[0.938s] -- Detecting CXX compiler ABI info
[1.055s] -- Detecting CXX compiler ABI info - done
[1.083s] -- Check for working CXX compiler: /usr/bin/c++ - skipped
[1.084s] -- Detecting CXX compile features
[1.085s] -- Detecting CXX compile features - done
[1.087s] -- Found autoware_cmake: 0.1.0 (/home/sws/autoware/install/autoware_cmake/share/autoware_cmake/cmake)
[1.404s] -- Found Python3: /usr/bin/python3.10 (found version "3.10.6") found components: Interpreter 
[1.503s] -- Override CMake install command with custom implementation using symlinks instead of copying resources
[1.744s] -- Found rosidl_generator_c: 3.1.4 (/opt/ros/humble/share/rosidl_generator_c/cmake)
[1.753s] -- Found rosidl_adapter: 3.1.4 (/opt/ros/humble/share/rosidl_adapter/cmake)
[1.768s] -- Found rosidl_generator_cpp: 3.1.4 (/opt/ros/humble/share/rosidl_generator_cpp/cmake)
[1.796s] -- Using all available rosidl_typesupport_c: rosidl_typesupport_fastrtps_c;rosidl_typesupport_introspection_c
[1.840s] -- Using all available rosidl_typesupport_cpp: rosidl_typesupport_fastrtps_cpp;rosidl_typesupport_introspection_cpp
[2.189s] -- Found ament_lint_auto: 0.12.5 (/opt/ros/humble/share/ament_lint_auto/cmake)
[2.211s] -- Added test 'copyright' to check source files copyright and LICENSE
[2.213s] -- Added test 'cppcheck' to perform static code analysis on C / C++ code
[2.213s] -- Configured cppcheck include dirs: 
[2.213s] -- Configured cppcheck exclude dirs and/or files: 
[2.214s] -- Added test 'lint_cmake' to check CMake code style
[2.215s] -- Added test 'xmllint' to check XML markup files
[2.219s] -- Configuring done
[2.225s] -- Generating done
[2.226s] -- Build files have been written to: /home/sws/autoware/build/component_interface_specs
[2.243s] Invoked command in '/home/sws/autoware/build/component_interface_specs' returned '0': AMENT_PREFIX_PATH=/home/sws/autoware/install/autoware_cmake:/home/sws/autoware/install/autoware_lint_common:/home/sws/autoware/install/autoware_adapi_v1_msgs:${AMENT_PREFIX_PATH} CMAKE_PREFIX_PATH=/home/sws/autoware/install/autoware_cmake:/home/sws/autoware/install/autoware_lint_common:/home/sws/autoware/install/autoware_adapi_v1_msgs:/opt/ros/humble LD_LIBRARY_PATH=/home/sws/autoware/install/autoware_adapi_v1_msgs/lib:${LD_LIBRARY_PATH} PYTHONPATH=/home/sws/autoware/install/autoware_adapi_v1_msgs/local/lib/python3.10/dist-packages:${PYTHONPATH} /usr/bin/cmake /home/sws/autoware/src/universe/autoware.universe/common/component_interface_specs -DCMAKE_BUILD_TYPE=Release -DAMENT_CMAKE_SYMLINK_INSTALL=1 -DCMAKE_INSTALL_PREFIX=/home/sws/autoware/install/component_interface_specs
[2.248s] Invoking command in '/home/sws/autoware/build/component_interface_specs': AMENT_PREFIX_PATH=/home/sws/autoware/install/autoware_cmake:/home/sws/autoware/install/autoware_lint_common:/home/sws/autoware/install/autoware_adapi_v1_msgs:${AMENT_PREFIX_PATH} CMAKE_PREFIX_PATH=/home/sws/autoware/install/autoware_cmake:/home/sws/autoware/install/autoware_lint_common:/home/sws/autoware/install/autoware_adapi_v1_msgs:/opt/ros/humble LD_LIBRARY_PATH=/home/sws/autoware/install/autoware_adapi_v1_msgs/lib:${LD_LIBRARY_PATH} PYTHONPATH=/home/sws/autoware/install/autoware_adapi_v1_msgs/local/lib/python3.10/dist-packages:${PYTHONPATH} /usr/bin/cmake --build /home/sws/autoware/build/component_interface_specs -- -j16 -l16
[3.239s] Invoked command in '/home/sws/autoware/build/component_interface_specs' returned '0': AMENT_PREFIX_PATH=/home/sws/autoware/install/autoware_cmake:/home/sws/autoware/install/autoware_lint_common:/home/sws/autoware/install/autoware_adapi_v1_msgs:${AMENT_PREFIX_PATH} CMAKE_PREFIX_PATH=/home/sws/autoware/install/autoware_cmake:/home/sws/autoware/install/autoware_lint_common:/home/sws/autoware/install/autoware_adapi_v1_msgs:/opt/ros/humble LD_LIBRARY_PATH=/home/sws/autoware/install/autoware_adapi_v1_msgs/lib:${LD_LIBRARY_PATH} PYTHONPATH=/home/sws/autoware/install/autoware_adapi_v1_msgs/local/lib/python3.10/dist-packages:${PYTHONPATH} /usr/bin/cmake --build /home/sws/autoware/build/component_interface_specs -- -j16 -l16
[3.270s] Invoking command in '/home/sws/autoware/build/component_interface_specs': AMENT_PREFIX_PATH=/home/sws/autoware/install/autoware_cmake:/home/sws/autoware/install/autoware_lint_common:/home/sws/autoware/install/autoware_adapi_v1_msgs:${AMENT_PREFIX_PATH} CMAKE_PREFIX_PATH=/home/sws/autoware/install/autoware_cmake:/home/sws/autoware/install/autoware_lint_common:/home/sws/autoware/install/autoware_adapi_v1_msgs:/opt/ros/humble LD_LIBRARY_PATH=/home/sws/autoware/install/autoware_adapi_v1_msgs/lib:${LD_LIBRARY_PATH} PYTHONPATH=/home/sws/autoware/install/autoware_adapi_v1_msgs/local/lib/python3.10/dist-packages:${PYTHONPATH} /usr/bin/cmake --install /home/sws/autoware/build/component_interface_specs
[3.902s] -- Install configuration: "Release"
[3.902s] -- Execute custom install script
[3.902s] -- Symlinking: /home/sws/autoware/install/component_interface_specs/include/component_interface_specs/control.hpp
[3.902s] -- Symlinking: /home/sws/autoware/install/component_interface_specs/include/component_interface_specs/localization.hpp
[3.902s] -- Symlinking: /home/sws/autoware/install/component_interface_specs/include/component_interface_specs/planning.hpp
[3.902s] -- Symlinking: /home/sws/autoware/install/component_interface_specs/include/component_interface_specs/system.hpp
[3.902s] -- Symlinking: /home/sws/autoware/install/component_interface_specs/share/ament_index/resource_index/package_run_dependencies/component_interface_specs
[3.902s] -- Symlinking: /home/sws/autoware/install/component_interface_specs/share/ament_index/resource_index/parent_prefix_path/component_interface_specs
[3.902s] -- Symlinking: /home/sws/autoware/install/component_interface_specs/share/component_interface_specs/environment/ament_prefix_path.sh
[3.903s] -- Symlinking: /home/sws/autoware/install/component_interface_specs/share/component_interface_specs/environment/ament_prefix_path.dsv
[3.903s] -- Symlinking: /home/sws/autoware/install/component_interface_specs/share/component_interface_specs/environment/path.sh
[3.903s] -- Symlinking: /home/sws/autoware/install/component_interface_specs/share/component_interface_specs/environment/path.dsv
[3.903s] -- Symlinking: /home/sws/autoware/install/component_interface_specs/share/component_interface_specs/local_setup.bash
[3.903s] -- Symlinking: /home/sws/autoware/install/component_interface_specs/share/component_interface_specs/local_setup.sh
[3.903s] -- Symlinking: /home/sws/autoware/install/component_interface_specs/share/component_interface_specs/local_setup.zsh
[3.903s] -- Symlinking: /home/sws/autoware/install/component_interface_specs/share/component_interface_specs/local_setup.dsv
[3.903s] -- Symlinking: /home/sws/autoware/install/component_interface_specs/share/component_interface_specs/package.dsv
[3.903s] -- Symlinking: /home/sws/autoware/install/component_interface_specs/share/ament_index/resource_index/packages/component_interface_specs
[3.903s] -- Symlinking: /home/sws/autoware/install/component_interface_specs/share/component_interface_specs/cmake/ament_cmake_export_dependencies-extras.cmake
[3.904s] -- Symlinking: /home/sws/autoware/install/component_interface_specs/share/component_interface_specs/cmake/ament_cmake_export_include_directories-extras.cmake
[3.904s] -- Symlinking: /home/sws/autoware/install/component_interface_specs/share/component_interface_specs/cmake/component_interface_specsConfig.cmake
[3.904s] -- Symlinking: /home/sws/autoware/install/component_interface_specs/share/component_interface_specs/cmake/component_interface_specsConfig-version.cmake
[3.904s] -- Symlinking: /home/sws/autoware/install/component_interface_specs/share/component_interface_specs/package.xml
[3.930s] Invoked command in '/home/sws/autoware/build/component_interface_specs' returned '0': AMENT_PREFIX_PATH=/home/sws/autoware/install/autoware_cmake:/home/sws/autoware/install/autoware_lint_common:/home/sws/autoware/install/autoware_adapi_v1_msgs:${AMENT_PREFIX_PATH} CMAKE_PREFIX_PATH=/home/sws/autoware/install/autoware_cmake:/home/sws/autoware/install/autoware_lint_common:/home/sws/autoware/install/autoware_adapi_v1_msgs:/opt/ros/humble LD_LIBRARY_PATH=/home/sws/autoware/install/autoware_adapi_v1_msgs/lib:${LD_LIBRARY_PATH} PYTHONPATH=/home/sws/autoware/install/autoware_adapi_v1_msgs/local/lib/python3.10/dist-packages:${PYTHONPATH} /usr/bin/cmake --install /home/sws/autoware/build/component_interface_specs
