[0.036s] Invoking command in '/home/sws/autoware/build/tier4_autoware_utils': AMENT_PREFIX_PATH=/home/sws/autoware/install/autoware_auto_vehicle_msgs:/home/sws/autoware/install/autoware_cmake:/home/sws/autoware/install/autoware_auto_planning_msgs:/home/sws/autoware/install/autoware_auto_perception_msgs:/home/sws/autoware/install/tier4_debug_msgs:/home/sws/autoware/install/autoware_lint_common:/home/sws/autoware/install/autoware_auto_mapping_msgs:/home/sws/autoware/install/autoware_auto_geometry_msgs:${AMENT_PREFIX_PATH} CMAKE_PREFIX_PATH=/home/sws/autoware/install/autoware_auto_vehicle_msgs:/home/sws/autoware/install/autoware_cmake:/home/sws/autoware/install/autoware_auto_planning_msgs:/home/sws/autoware/install/autoware_auto_perception_msgs:/home/sws/autoware/install/tier4_debug_msgs:/home/sws/autoware/install/autoware_lint_common:/home/sws/autoware/install/autoware_auto_mapping_msgs:/home/sws/autoware/install/autoware_auto_geometry_msgs:/opt/ros/humble LD_LIBRARY_PATH=/home/sws/autoware/install/autoware_auto_vehicle_msgs/lib:/home/sws/autoware/install/autoware_auto_planning_msgs/lib:/home/sws/autoware/install/autoware_auto_perception_msgs/lib:/home/sws/autoware/install/tier4_debug_msgs/lib:/home/sws/autoware/install/autoware_auto_mapping_msgs/lib:/home/sws/autoware/install/autoware_auto_geometry_msgs/lib:${LD_LIBRARY_PATH} PYTHONPATH=/home/sws/autoware/install/autoware_auto_vehicle_msgs/local/lib/python3.10/dist-packages:/home/sws/autoware/install/autoware_auto_planning_msgs/local/lib/python3.10/dist-packages:/home/sws/autoware/install/autoware_auto_perception_msgs/local/lib/python3.10/dist-packages:/home/sws/autoware/install/tier4_debug_msgs/local/lib/python3.10/dist-packages:/home/sws/autoware/install/autoware_auto_mapping_msgs/local/lib/python3.10/dist-packages:/home/sws/autoware/install/autoware_auto_geometry_msgs/local/lib/python3.10/dist-packages:${PYTHONPATH} /usr/bin/cmake /home/sws/autoware/src/universe/autoware.universe/common/tier4_autoware_utils -DCMAKE_BUILD_TYPE=Release -DAMENT_CMAKE_SYMLINK_INSTALL=1 -DCMAKE_INSTALL_PREFIX=/home/sws/autoware/install/tier4_autoware_utils
[5.962s] -- The C compiler identification is GNU 11.3.0
[5.963s] -- The CXX compiler identification is GNU 11.3.0
[5.963s] -- Detecting C compiler ABI info
[5.963s] -- Detecting C compiler ABI info - done
[5.963s] -- Check for working C compiler: /usr/bin/cc - skipped
[5.963s] -- Detecting C compile features
[5.963s] -- Detecting C compile features - done
[5.963s] -- Detecting CXX compiler ABI info
[5.963s] -- Detecting CXX compiler ABI info - done
[5.963s] -- Check for working CXX compiler: /usr/bin/c++ - skipped
[5.963s] -- Detecting CXX compile features
[5.964s] -- Detecting CXX compile features - done
[5.964s] -- Found autoware_cmake: 0.1.0 (/home/sws/autoware/install/autoware_cmake/share/autoware_cmake/cmake)
[5.964s] -- Found Python3: /usr/bin/python3.10 (found version "3.10.6") found components: Interpreter 
[5.964s] -- Override CMake install command with custom implementation using symlinks instead of copying resources
[5.964s] -- Found rosidl_generator_c: 3.1.4 (/opt/ros/humble/share/rosidl_generator_c/cmake)
[5.964s] -- Found rosidl_adapter: 3.1.4 (/opt/ros/humble/share/rosidl_adapter/cmake)
[5.964s] -- Found rosidl_generator_cpp: 3.1.4 (/opt/ros/humble/share/rosidl_generator_cpp/cmake)
[5.964s] -- Using all available rosidl_typesupport_c: rosidl_typesupport_fastrtps_c;rosidl_typesupport_introspection_c
[5.964s] -- Using all available rosidl_typesupport_cpp: rosidl_typesupport_fastrtps_cpp;rosidl_typesupport_introspection_cpp
[5.964s] -- Found rmw_implementation_cmake: 6.1.1 (/opt/ros/humble/share/rmw_implementation_cmake/cmake)
[5.964s] -- Found rmw_fastrtps_cpp: 6.2.2 (/opt/ros/humble/share/rmw_fastrtps_cpp/cmake)
[5.965s] -- Found OpenSSL: /usr/lib/x86_64-linux-gnu/libcrypto.so (found version "3.0.2")  
[5.965s] -- Found FastRTPS: /opt/ros/humble/include  
[5.965s] -- Using RMW implementation 'rmw_fastrtps_cpp' as default
[5.965s] -- Looking for pthread.h
[5.965s] -- Looking for pthread.h - found
[5.965s] -- Performing Test CMAKE_HAVE_LIBC_PTHREAD
[5.965s] -- Performing Test CMAKE_HAVE_LIBC_PTHREAD - Success
[5.965s] -- Found Threads: TRUE  
[5.965s] -- Found eigen3_cmake_module: 0.1.1 (/opt/ros/humble/share/eigen3_cmake_module/cmake)
[5.965s] -- Found Eigen3: TRUE (found version "3.4.0") 
[5.965s] -- Ensuring Eigen3 include directory is part of orocos-kdl CMake target
[5.966s] -- Found ament_lint_auto: 0.12.5 (/opt/ros/humble/share/ament_lint_auto/cmake)
[5.966s] -- Found Boost: /usr/lib/x86_64-linux-gnu/cmake/Boost-1.74.0/BoostConfig.cmake (found version "1.74.0")  
[5.966s] -- Found gtest sources under '/opt/ros/humble/src/gtest_vendor': C++ tests using 'Google Test' will be built
[5.966s] -- Added test 'copyright' to check source files copyright and LICENSE
[5.966s] -- Added test 'cppcheck' to perform static code analysis on C / C++ code
[5.966s] -- Configured cppcheck include dirs: /home/sws/autoware/src/universe/autoware.universe/common/tier4_autoware_utils/include
[5.966s] -- Configured cppcheck exclude dirs and/or files: 
[5.966s] -- Added test 'lint_cmake' to check CMake code style
[5.966s] -- Added test 'xmllint' to check XML markup files
[5.966s] -- Configuring done
[5.966s] -- Generating done
[5.967s] -- Build files have been written to: /home/sws/autoware/build/tier4_autoware_utils
[5.984s] Invoked command in '/home/sws/autoware/build/tier4_autoware_utils' returned '0': AMENT_PREFIX_PATH=/home/sws/autoware/install/autoware_auto_vehicle_msgs:/home/sws/autoware/install/autoware_cmake:/home/sws/autoware/install/autoware_auto_planning_msgs:/home/sws/autoware/install/autoware_auto_perception_msgs:/home/sws/autoware/install/tier4_debug_msgs:/home/sws/autoware/install/autoware_lint_common:/home/sws/autoware/install/autoware_auto_mapping_msgs:/home/sws/autoware/install/autoware_auto_geometry_msgs:${AMENT_PREFIX_PATH} CMAKE_PREFIX_PATH=/home/sws/autoware/install/autoware_auto_vehicle_msgs:/home/sws/autoware/install/autoware_cmake:/home/sws/autoware/install/autoware_auto_planning_msgs:/home/sws/autoware/install/autoware_auto_perception_msgs:/home/sws/autoware/install/tier4_debug_msgs:/home/sws/autoware/install/autoware_lint_common:/home/sws/autoware/install/autoware_auto_mapping_msgs:/home/sws/autoware/install/autoware_auto_geometry_msgs:/opt/ros/humble LD_LIBRARY_PATH=/home/sws/autoware/install/autoware_auto_vehicle_msgs/lib:/home/sws/autoware/install/autoware_auto_planning_msgs/lib:/home/sws/autoware/install/autoware_auto_perception_msgs/lib:/home/sws/autoware/install/tier4_debug_msgs/lib:/home/sws/autoware/install/autoware_auto_mapping_msgs/lib:/home/sws/autoware/install/autoware_auto_geometry_msgs/lib:${LD_LIBRARY_PATH} PYTHONPATH=/home/sws/autoware/install/autoware_auto_vehicle_msgs/local/lib/python3.10/dist-packages:/home/sws/autoware/install/autoware_auto_planning_msgs/local/lib/python3.10/dist-packages:/home/sws/autoware/install/autoware_auto_perception_msgs/local/lib/python3.10/dist-packages:/home/sws/autoware/install/tier4_debug_msgs/local/lib/python3.10/dist-packages:/home/sws/autoware/install/autoware_auto_mapping_msgs/local/lib/python3.10/dist-packages:/home/sws/autoware/install/autoware_auto_geometry_msgs/local/lib/python3.10/dist-packages:${PYTHONPATH} /usr/bin/cmake /home/sws/autoware/src/universe/autoware.universe/common/tier4_autoware_utils -DCMAKE_BUILD_TYPE=Release -DAMENT_CMAKE_SYMLINK_INSTALL=1 -DCMAKE_INSTALL_PREFIX=/home/sws/autoware/install/tier4_autoware_utils
[5.984s] Invoking command in '/home/sws/autoware/build/tier4_autoware_utils': AMENT_PREFIX_PATH=/home/sws/autoware/install/autoware_auto_vehicle_msgs:/home/sws/autoware/install/autoware_cmake:/home/sws/autoware/install/autoware_auto_planning_msgs:/home/sws/autoware/install/autoware_auto_perception_msgs:/home/sws/autoware/install/tier4_debug_msgs:/home/sws/autoware/install/autoware_lint_common:/home/sws/autoware/install/autoware_auto_mapping_msgs:/home/sws/autoware/install/autoware_auto_geometry_msgs:${AMENT_PREFIX_PATH} CMAKE_PREFIX_PATH=/home/sws/autoware/install/autoware_auto_vehicle_msgs:/home/sws/autoware/install/autoware_cmake:/home/sws/autoware/install/autoware_auto_planning_msgs:/home/sws/autoware/install/autoware_auto_perception_msgs:/home/sws/autoware/install/tier4_debug_msgs:/home/sws/autoware/install/autoware_lint_common:/home/sws/autoware/install/autoware_auto_mapping_msgs:/home/sws/autoware/install/autoware_auto_geometry_msgs:/opt/ros/humble LD_LIBRARY_PATH=/home/sws/autoware/install/autoware_auto_vehicle_msgs/lib:/home/sws/autoware/install/autoware_auto_planning_msgs/lib:/home/sws/autoware/install/autoware_auto_perception_msgs/lib:/home/sws/autoware/install/tier4_debug_msgs/lib:/home/sws/autoware/install/autoware_auto_mapping_msgs/lib:/home/sws/autoware/install/autoware_auto_geometry_msgs/lib:${LD_LIBRARY_PATH} PYTHONPATH=/home/sws/autoware/install/autoware_auto_vehicle_msgs/local/lib/python3.10/dist-packages:/home/sws/autoware/install/autoware_auto_planning_msgs/local/lib/python3.10/dist-packages:/home/sws/autoware/install/autoware_auto_perception_msgs/local/lib/python3.10/dist-packages:/home/sws/autoware/install/tier4_debug_msgs/local/lib/python3.10/dist-packages:/home/sws/autoware/install/autoware_auto_mapping_msgs/local/lib/python3.10/dist-packages:/home/sws/autoware/install/autoware_auto_geometry_msgs/local/lib/python3.10/dist-packages:${PYTHONPATH} /usr/bin/cmake --build /home/sws/autoware/build/tier4_autoware_utils -- -j16 -l16
[17.886s] [  4%] [32mBuilding CXX object gtest/CMakeFiles/gtest_main.dir/src/gtest_main.cc.o[0m
[17.886s] [  8%] [32mBuilding CXX object CMakeFiles/tier4_autoware_utils.dir/src/tier4_autoware_utils.cpp.o[0m
[17.886s] [ 13%] [32mBuilding CXX object CMakeFiles/tier4_autoware_utils.dir/src/geometry/boost_polygon_utils.cpp.o[0m
[17.886s] [ 17%] [32m[1mLinking CXX static library libgtest_main.a[0m
[17.886s] [ 17%] Built target gtest_main
[17.886s] [ 21%] [32mBuilding CXX object gtest/CMakeFiles/gtest.dir/src/gtest-all.cc.o[0m
[20.310s] [ 26%] [32mBuilding CXX object CMakeFiles/tier4_autoware_utils.dir/src/ros/msg_operation.cpp.o[0m
[22.372s] [ 30%] [32m[1mLinking CXX static library libgtest.a[0m
[22.426s] [ 30%] Built target gtest
[25.567s] [ 34%] [32mBuilding CXX object CMakeFiles/tier4_autoware_utils.dir/src/math/trigonometry.cpp.o[0m
[25.882s] [ 39%] [32mBuilding CXX object CMakeFiles/tier4_autoware_utils.dir/src/math/sin_table.cpp.o[0m
[26.085s] [ 43%] [32m[1mLinking CXX shared library libtier4_autoware_utils.so[0m
[27.641s] [ 43%] Built target tier4_autoware_utils
[27.707s] [ 47%] [32mBuilding CXX object CMakeFiles/test_tier4_autoware_utils.dir/test/src/geometry/test_boost_geometry.cpp.o[0m
[36.113s] [ 52%] [32mBuilding CXX object CMakeFiles/test_tier4_autoware_utils.dir/test/src/test_autoware_utils.cpp.o[0m
[50.417s] [ 56%] [32mBuilding CXX object CMakeFiles/test_tier4_autoware_utils.dir/test/src/system/test_stop_watch.cpp.o[0m
[52.582s] [ 60%] [32mBuilding CXX object CMakeFiles/test_tier4_autoware_utils.dir/test/src/math/test_unit_conversion.cpp.o[0m
[54.592s] [ 65%] [32mBuilding CXX object CMakeFiles/test_tier4_autoware_utils.dir/test/src/math/test_trigonometry.cpp.o[0m
[56.594s] [ 69%] [32mBuilding CXX object CMakeFiles/test_tier4_autoware_utils.dir/test/src/math/test_range.cpp.o[0m
[59.760s] [ 73%] [32mBuilding CXX object CMakeFiles/test_tier4_autoware_utils.dir/test/src/math/test_normalization.cpp.o[0m
[61.582s] [ 78%] [32mBuilding CXX object CMakeFiles/test_tier4_autoware_utils.dir/test/src/math/test_constants.cpp.o[0m
[63.238s] [ 82%] [32mBuilding CXX object CMakeFiles/test_tier4_autoware_utils.dir/test/src/geometry/test_pose_deviation.cpp.o[0m
[69.755s] [ 86%] [32mBuilding CXX object CMakeFiles/test_tier4_autoware_utils.dir/test/src/geometry/test_path_with_lane_id_geometry.cpp.o[0m
[75.792s] [ 91%] [32mBuilding CXX object CMakeFiles/test_tier4_autoware_utils.dir/test/src/geometry/test_geometry.cpp.o[0m
[93.005s] [ 95%] [32mBuilding CXX object CMakeFiles/test_tier4_autoware_utils.dir/test/src/geometry/test_boost_polygon_utils.cpp.o[0m
[107.058s] [100%] [32m[1mLinking CXX executable test_tier4_autoware_utils[0m
[107.405s] [100%] Built target test_tier4_autoware_utils
[107.467s] Invoked command in '/home/sws/autoware/build/tier4_autoware_utils' returned '0': AMENT_PREFIX_PATH=/home/sws/autoware/install/autoware_auto_vehicle_msgs:/home/sws/autoware/install/autoware_cmake:/home/sws/autoware/install/autoware_auto_planning_msgs:/home/sws/autoware/install/autoware_auto_perception_msgs:/home/sws/autoware/install/tier4_debug_msgs:/home/sws/autoware/install/autoware_lint_common:/home/sws/autoware/install/autoware_auto_mapping_msgs:/home/sws/autoware/install/autoware_auto_geometry_msgs:${AMENT_PREFIX_PATH} CMAKE_PREFIX_PATH=/home/sws/autoware/install/autoware_auto_vehicle_msgs:/home/sws/autoware/install/autoware_cmake:/home/sws/autoware/install/autoware_auto_planning_msgs:/home/sws/autoware/install/autoware_auto_perception_msgs:/home/sws/autoware/install/tier4_debug_msgs:/home/sws/autoware/install/autoware_lint_common:/home/sws/autoware/install/autoware_auto_mapping_msgs:/home/sws/autoware/install/autoware_auto_geometry_msgs:/opt/ros/humble LD_LIBRARY_PATH=/home/sws/autoware/install/autoware_auto_vehicle_msgs/lib:/home/sws/autoware/install/autoware_auto_planning_msgs/lib:/home/sws/autoware/install/autoware_auto_perception_msgs/lib:/home/sws/autoware/install/tier4_debug_msgs/lib:/home/sws/autoware/install/autoware_auto_mapping_msgs/lib:/home/sws/autoware/install/autoware_auto_geometry_msgs/lib:${LD_LIBRARY_PATH} PYTHONPATH=/home/sws/autoware/install/autoware_auto_vehicle_msgs/local/lib/python3.10/dist-packages:/home/sws/autoware/install/autoware_auto_planning_msgs/local/lib/python3.10/dist-packages:/home/sws/autoware/install/autoware_auto_perception_msgs/local/lib/python3.10/dist-packages:/home/sws/autoware/install/tier4_debug_msgs/local/lib/python3.10/dist-packages:/home/sws/autoware/install/autoware_auto_mapping_msgs/local/lib/python3.10/dist-packages:/home/sws/autoware/install/autoware_auto_geometry_msgs/local/lib/python3.10/dist-packages:${PYTHONPATH} /usr/bin/cmake --build /home/sws/autoware/build/tier4_autoware_utils -- -j16 -l16
[107.544s] Invoking command in '/home/sws/autoware/build/tier4_autoware_utils': AMENT_PREFIX_PATH=/home/sws/autoware/install/autoware_auto_vehicle_msgs:/home/sws/autoware/install/autoware_cmake:/home/sws/autoware/install/autoware_auto_planning_msgs:/home/sws/autoware/install/autoware_auto_perception_msgs:/home/sws/autoware/install/tier4_debug_msgs:/home/sws/autoware/install/autoware_lint_common:/home/sws/autoware/install/autoware_auto_mapping_msgs:/home/sws/autoware/install/autoware_auto_geometry_msgs:${AMENT_PREFIX_PATH} CMAKE_PREFIX_PATH=/home/sws/autoware/install/autoware_auto_vehicle_msgs:/home/sws/autoware/install/autoware_cmake:/home/sws/autoware/install/autoware_auto_planning_msgs:/home/sws/autoware/install/autoware_auto_perception_msgs:/home/sws/autoware/install/tier4_debug_msgs:/home/sws/autoware/install/autoware_lint_common:/home/sws/autoware/install/autoware_auto_mapping_msgs:/home/sws/autoware/install/autoware_auto_geometry_msgs:/opt/ros/humble LD_LIBRARY_PATH=/home/sws/autoware/install/autoware_auto_vehicle_msgs/lib:/home/sws/autoware/install/autoware_auto_planning_msgs/lib:/home/sws/autoware/install/autoware_auto_perception_msgs/lib:/home/sws/autoware/install/tier4_debug_msgs/lib:/home/sws/autoware/install/autoware_auto_mapping_msgs/lib:/home/sws/autoware/install/autoware_auto_geometry_msgs/lib:${LD_LIBRARY_PATH} PYTHONPATH=/home/sws/autoware/install/autoware_auto_vehicle_msgs/local/lib/python3.10/dist-packages:/home/sws/autoware/install/autoware_auto_planning_msgs/local/lib/python3.10/dist-packages:/home/sws/autoware/install/autoware_auto_perception_msgs/local/lib/python3.10/dist-packages:/home/sws/autoware/install/tier4_debug_msgs/local/lib/python3.10/dist-packages:/home/sws/autoware/install/autoware_auto_mapping_msgs/local/lib/python3.10/dist-packages:/home/sws/autoware/install/autoware_auto_geometry_msgs/local/lib/python3.10/dist-packages:${PYTHONPATH} /usr/bin/cmake --install /home/sws/autoware/build/tier4_autoware_utils
[111.395s] -- Install configuration: "Release"
[111.395s] -- Execute custom install script
[111.395s] -- Symlinking: /home/sws/autoware/install/tier4_autoware_utils/include/tier4_autoware_utils/geometry/boost_geometry.hpp
[111.395s] -- Symlinking: /home/sws/autoware/install/tier4_autoware_utils/include/tier4_autoware_utils/geometry/boost_polygon_utils.hpp
[111.395s] -- Symlinking: /home/sws/autoware/install/tier4_autoware_utils/include/tier4_autoware_utils/geometry/geometry.hpp
[111.395s] -- Symlinking: /home/sws/autoware/install/tier4_autoware_utils/include/tier4_autoware_utils/geometry/path_with_lane_id_geometry.hpp
[111.395s] -- Symlinking: /home/sws/autoware/install/tier4_autoware_utils/include/tier4_autoware_utils/geometry/pose_deviation.hpp
[111.396s] -- Symlinking: /home/sws/autoware/install/tier4_autoware_utils/include/tier4_autoware_utils/math/constants.hpp
[111.396s] -- Symlinking: /home/sws/autoware/install/tier4_autoware_utils/include/tier4_autoware_utils/math/normalization.hpp
[111.396s] -- Symlinking: /home/sws/autoware/install/tier4_autoware_utils/include/tier4_autoware_utils/math/range.hpp
[111.396s] -- Symlinking: /home/sws/autoware/install/tier4_autoware_utils/include/tier4_autoware_utils/math/sin_table.hpp
[111.396s] -- Symlinking: /home/sws/autoware/install/tier4_autoware_utils/include/tier4_autoware_utils/math/trigonometry.hpp
[111.396s] -- Symlinking: /home/sws/autoware/install/tier4_autoware_utils/include/tier4_autoware_utils/math/unit_conversion.hpp
[111.396s] -- Symlinking: /home/sws/autoware/install/tier4_autoware_utils/include/tier4_autoware_utils/ros/debug_publisher.hpp
[111.396s] -- Symlinking: /home/sws/autoware/install/tier4_autoware_utils/include/tier4_autoware_utils/ros/debug_traits.hpp
[111.396s] -- Symlinking: /home/sws/autoware/install/tier4_autoware_utils/include/tier4_autoware_utils/ros/marker_helper.hpp
[111.396s] -- Symlinking: /home/sws/autoware/install/tier4_autoware_utils/include/tier4_autoware_utils/ros/msg_covariance.hpp
[111.396s] -- Symlinking: /home/sws/autoware/install/tier4_autoware_utils/include/tier4_autoware_utils/ros/msg_operation.hpp
[111.396s] -- Symlinking: /home/sws/autoware/install/tier4_autoware_utils/include/tier4_autoware_utils/ros/processing_time_publisher.hpp
[111.396s] -- Symlinking: /home/sws/autoware/install/tier4_autoware_utils/include/tier4_autoware_utils/ros/self_pose_listener.hpp
[111.397s] -- Symlinking: /home/sws/autoware/install/tier4_autoware_utils/include/tier4_autoware_utils/ros/transform_listener.hpp
[111.397s] -- Symlinking: /home/sws/autoware/install/tier4_autoware_utils/include/tier4_autoware_utils/ros/update_param.hpp
[111.397s] -- Symlinking: /home/sws/autoware/install/tier4_autoware_utils/include/tier4_autoware_utils/ros/uuid_helper.hpp
[111.397s] -- Symlinking: /home/sws/autoware/install/tier4_autoware_utils/include/tier4_autoware_utils/ros/wait_for_param.hpp
[111.397s] -- Symlinking: /home/sws/autoware/install/tier4_autoware_utils/include/tier4_autoware_utils/system/stop_watch.hpp
[111.397s] -- Symlinking: /home/sws/autoware/install/tier4_autoware_utils/include/tier4_autoware_utils/tier4_autoware_utils.hpp
[111.397s] -- Symlinking: /home/sws/autoware/install/tier4_autoware_utils/share/tier4_autoware_utils/environment/library_path.sh
[111.397s] -- Symlinking: /home/sws/autoware/install/tier4_autoware_utils/share/tier4_autoware_utils/environment/library_path.dsv
[111.397s] -- Symlinking: /home/sws/autoware/install/tier4_autoware_utils/lib/libtier4_autoware_utils.so
[111.398s] -- Symlinking: /home/sws/autoware/install/tier4_autoware_utils/share/ament_index/resource_index/package_run_dependencies/tier4_autoware_utils
[111.398s] -- Symlinking: /home/sws/autoware/install/tier4_autoware_utils/share/ament_index/resource_index/parent_prefix_path/tier4_autoware_utils
[111.398s] -- Symlinking: /home/sws/autoware/install/tier4_autoware_utils/share/tier4_autoware_utils/environment/ament_prefix_path.sh
[111.398s] -- Symlinking: /home/sws/autoware/install/tier4_autoware_utils/share/tier4_autoware_utils/environment/ament_prefix_path.dsv
[111.398s] -- Symlinking: /home/sws/autoware/install/tier4_autoware_utils/share/tier4_autoware_utils/environment/path.sh
[111.398s] -- Symlinking: /home/sws/autoware/install/tier4_autoware_utils/share/tier4_autoware_utils/environment/path.dsv
[111.398s] -- Symlinking: /home/sws/autoware/install/tier4_autoware_utils/share/tier4_autoware_utils/local_setup.bash
[111.398s] -- Symlinking: /home/sws/autoware/install/tier4_autoware_utils/share/tier4_autoware_utils/local_setup.sh
[111.398s] -- Symlinking: /home/sws/autoware/install/tier4_autoware_utils/share/tier4_autoware_utils/local_setup.zsh
[111.398s] -- Symlinking: /home/sws/autoware/install/tier4_autoware_utils/share/tier4_autoware_utils/local_setup.dsv
[111.399s] -- Symlinking: /home/sws/autoware/install/tier4_autoware_utils/share/tier4_autoware_utils/package.dsv
[111.399s] -- Symlinking: /home/sws/autoware/install/tier4_autoware_utils/share/ament_index/resource_index/packages/tier4_autoware_utils
[111.399s] -- Symlinking: /home/sws/autoware/install/tier4_autoware_utils/share/tier4_autoware_utils/cmake/ament_cmake_export_dependencies-extras.cmake
[111.399s] -- Symlinking: /home/sws/autoware/install/tier4_autoware_utils/share/tier4_autoware_utils/cmake/ament_cmake_export_include_directories-extras.cmake
[111.399s] -- Symlinking: /home/sws/autoware/install/tier4_autoware_utils/share/tier4_autoware_utils/cmake/ament_cmake_export_libraries-extras.cmake
[111.399s] -- Symlinking: /home/sws/autoware/install/tier4_autoware_utils/share/tier4_autoware_utils/cmake/tier4_autoware_utilsConfig.cmake
[111.399s] -- Symlinking: /home/sws/autoware/install/tier4_autoware_utils/share/tier4_autoware_utils/cmake/tier4_autoware_utilsConfig-version.cmake
[111.399s] -- Symlinking: /home/sws/autoware/install/tier4_autoware_utils/share/tier4_autoware_utils/package.xml
[111.441s] Invoked command in '/home/sws/autoware/build/tier4_autoware_utils' returned '0': AMENT_PREFIX_PATH=/home/sws/autoware/install/autoware_auto_vehicle_msgs:/home/sws/autoware/install/autoware_cmake:/home/sws/autoware/install/autoware_auto_planning_msgs:/home/sws/autoware/install/autoware_auto_perception_msgs:/home/sws/autoware/install/tier4_debug_msgs:/home/sws/autoware/install/autoware_lint_common:/home/sws/autoware/install/autoware_auto_mapping_msgs:/home/sws/autoware/install/autoware_auto_geometry_msgs:${AMENT_PREFIX_PATH} CMAKE_PREFIX_PATH=/home/sws/autoware/install/autoware_auto_vehicle_msgs:/home/sws/autoware/install/autoware_cmake:/home/sws/autoware/install/autoware_auto_planning_msgs:/home/sws/autoware/install/autoware_auto_perception_msgs:/home/sws/autoware/install/tier4_debug_msgs:/home/sws/autoware/install/autoware_lint_common:/home/sws/autoware/install/autoware_auto_mapping_msgs:/home/sws/autoware/install/autoware_auto_geometry_msgs:/opt/ros/humble LD_LIBRARY_PATH=/home/sws/autoware/install/autoware_auto_vehicle_msgs/lib:/home/sws/autoware/install/autoware_auto_planning_msgs/lib:/home/sws/autoware/install/autoware_auto_perception_msgs/lib:/home/sws/autoware/install/tier4_debug_msgs/lib:/home/sws/autoware/install/autoware_auto_mapping_msgs/lib:/home/sws/autoware/install/autoware_auto_geometry_msgs/lib:${LD_LIBRARY_PATH} PYTHONPATH=/home/sws/autoware/install/autoware_auto_vehicle_msgs/local/lib/python3.10/dist-packages:/home/sws/autoware/install/autoware_auto_planning_msgs/local/lib/python3.10/dist-packages:/home/sws/autoware/install/autoware_auto_perception_msgs/local/lib/python3.10/dist-packages:/home/sws/autoware/install/tier4_debug_msgs/local/lib/python3.10/dist-packages:/home/sws/autoware/install/autoware_auto_mapping_msgs/local/lib/python3.10/dist-packages:/home/sws/autoware/install/autoware_auto_geometry_msgs/local/lib/python3.10/dist-packages:${PYTHONPATH} /usr/bin/cmake --install /home/sws/autoware/build/tier4_autoware_utils
