[0.092s] Invoking command in '/home/sws/autoware/build/radar_fusion_to_detected_object': AMENT_PREFIX_PATH=/home/sws/autoware/install/tier4_autoware_utils:/home/sws/autoware/install/autoware_auto_vehicle_msgs:/home/sws/autoware/install/autoware_cmake:/home/sws/autoware/install/autoware_auto_planning_msgs:/home/sws/autoware/install/autoware_auto_perception_msgs:/home/sws/autoware/install/tier4_debug_msgs:/home/sws/autoware/install/autoware_lint_common:/home/sws/autoware/install/autoware_auto_mapping_msgs:/home/sws/autoware/install/autoware_auto_geometry_msgs:${AMENT_PREFIX_PATH} CMAKE_PREFIX_PATH=/home/sws/autoware/install/tier4_autoware_utils:/home/sws/autoware/install/autoware_auto_vehicle_msgs:/home/sws/autoware/install/autoware_cmake:/home/sws/autoware/install/autoware_auto_planning_msgs:/home/sws/autoware/install/autoware_auto_perception_msgs:/home/sws/autoware/install/tier4_debug_msgs:/home/sws/autoware/install/autoware_lint_common:/home/sws/autoware/install/autoware_auto_mapping_msgs:/home/sws/autoware/install/autoware_auto_geometry_msgs:/opt/ros/humble LD_LIBRARY_PATH=/home/sws/autoware/install/tier4_autoware_utils/lib:/home/sws/autoware/install/autoware_auto_vehicle_msgs/lib:/home/sws/autoware/install/autoware_auto_planning_msgs/lib:/home/sws/autoware/install/autoware_auto_perception_msgs/lib:/home/sws/autoware/install/tier4_debug_msgs/lib:/home/sws/autoware/install/autoware_auto_mapping_msgs/lib:/home/sws/autoware/install/autoware_auto_geometry_msgs/lib:${LD_LIBRARY_PATH} PYTHONPATH=/home/sws/autoware/install/autoware_auto_vehicle_msgs/local/lib/python3.10/dist-packages:/home/sws/autoware/install/autoware_auto_planning_msgs/local/lib/python3.10/dist-packages:/home/sws/autoware/install/autoware_auto_perception_msgs/local/lib/python3.10/dist-packages:/home/sws/autoware/install/tier4_debug_msgs/local/lib/python3.10/dist-packages:/home/sws/autoware/install/autoware_auto_mapping_msgs/local/lib/python3.10/dist-packages:/home/sws/autoware/install/autoware_auto_geometry_msgs/local/lib/python3.10/dist-packages:${PYTHONPATH} /usr/bin/cmake /home/sws/autoware/src/universe/autoware.universe/perception/radar_fusion_to_detected_object -DCMAKE_BUILD_TYPE=Release -DAMENT_CMAKE_SYMLINK_INSTALL=1 -DCMAKE_INSTALL_PREFIX=/home/sws/autoware/install/radar_fusion_to_detected_object
[6.946s] -- The C compiler identification is GNU 11.3.0
[6.946s] -- The CXX compiler identification is GNU 11.3.0
[6.946s] -- Detecting C compiler ABI info
[6.946s] -- Detecting C compiler ABI info - done
[6.946s] -- Check for working C compiler: /usr/bin/cc - skipped
[6.946s] -- Detecting C compile features
[6.946s] -- Detecting C compile features - done
[6.946s] -- Detecting CXX compiler ABI info
[6.946s] -- Detecting CXX compiler ABI info - done
[6.946s] -- Check for working CXX compiler: /usr/bin/c++ - skipped
[6.946s] -- Detecting CXX compile features
[6.946s] -- Detecting CXX compile features - done
[6.946s] -- Found autoware_cmake: 0.1.0 (/home/sws/autoware/install/autoware_cmake/share/autoware_cmake/cmake)
[6.947s] -- Found Python3: /usr/bin/python3.10 (found version "3.10.6") found components: Interpreter 
[6.947s] -- Override CMake install command with custom implementation using symlinks instead of copying resources
[6.947s] -- Found rosidl_generator_c: 3.1.4 (/opt/ros/humble/share/rosidl_generator_c/cmake)
[6.947s] -- Found rosidl_adapter: 3.1.4 (/opt/ros/humble/share/rosidl_adapter/cmake)
[6.947s] -- Found rosidl_generator_cpp: 3.1.4 (/opt/ros/humble/share/rosidl_generator_cpp/cmake)
[6.947s] -- Using all available rosidl_typesupport_c: rosidl_typesupport_fastrtps_c;rosidl_typesupport_introspection_c
[6.947s] -- Using all available rosidl_typesupport_cpp: rosidl_typesupport_fastrtps_cpp;rosidl_typesupport_introspection_cpp
[6.947s] -- Found rmw_implementation_cmake: 6.1.1 (/opt/ros/humble/share/rmw_implementation_cmake/cmake)
[6.947s] -- Found rmw_fastrtps_cpp: 6.2.2 (/opt/ros/humble/share/rmw_fastrtps_cpp/cmake)
[6.947s] -- Found OpenSSL: /usr/lib/x86_64-linux-gnu/libcrypto.so (found version "3.0.2")  
[6.947s] -- Found FastRTPS: /opt/ros/humble/include  
[6.947s] -- Using RMW implementation 'rmw_fastrtps_cpp' as default
[6.947s] -- Looking for pthread.h
[6.948s] -- Looking for pthread.h - found
[6.948s] -- Performing Test CMAKE_HAVE_LIBC_PTHREAD
[6.948s] -- Performing Test CMAKE_HAVE_LIBC_PTHREAD - Success
[6.948s] -- Found Threads: TRUE  
[6.948s] -- Found eigen3_cmake_module: 0.1.1 (/opt/ros/humble/share/eigen3_cmake_module/cmake)
[6.948s] -- Found Eigen3: TRUE (found version "3.4.0") 
[6.948s] -- Ensuring Eigen3 include directory is part of orocos-kdl CMake target
[6.948s] -- Found ament_lint_auto: 0.12.5 (/opt/ros/humble/share/ament_lint_auto/cmake)
[6.948s] -- Added test 'copyright' to check source files copyright and LICENSE
[6.948s] -- Added test 'cppcheck' to perform static code analysis on C / C++ code
[6.948s] -- Configured cppcheck include dirs: /home/sws/autoware/src/universe/autoware.universe/perception/radar_fusion_to_detected_object/include
[6.948s] -- Configured cppcheck exclude dirs and/or files: 
[6.948s] -- Added test 'cpplint' to check C / C++ code against the Google style
[6.948s] -- Configured cpplint exclude dirs and/or files: 
[6.949s] -- Added test 'lint_cmake' to check CMake code style
[6.949s] -- Added test 'xmllint' to check XML markup files
[6.949s] -- Configuring done
[6.949s] -- Generating done
[6.949s] -- Build files have been written to: /home/sws/autoware/build/radar_fusion_to_detected_object
[6.991s] Invoked command in '/home/sws/autoware/build/radar_fusion_to_detected_object' returned '0': AMENT_PREFIX_PATH=/home/sws/autoware/install/tier4_autoware_utils:/home/sws/autoware/install/autoware_auto_vehicle_msgs:/home/sws/autoware/install/autoware_cmake:/home/sws/autoware/install/autoware_auto_planning_msgs:/home/sws/autoware/install/autoware_auto_perception_msgs:/home/sws/autoware/install/tier4_debug_msgs:/home/sws/autoware/install/autoware_lint_common:/home/sws/autoware/install/autoware_auto_mapping_msgs:/home/sws/autoware/install/autoware_auto_geometry_msgs:${AMENT_PREFIX_PATH} CMAKE_PREFIX_PATH=/home/sws/autoware/install/tier4_autoware_utils:/home/sws/autoware/install/autoware_auto_vehicle_msgs:/home/sws/autoware/install/autoware_cmake:/home/sws/autoware/install/autoware_auto_planning_msgs:/home/sws/autoware/install/autoware_auto_perception_msgs:/home/sws/autoware/install/tier4_debug_msgs:/home/sws/autoware/install/autoware_lint_common:/home/sws/autoware/install/autoware_auto_mapping_msgs:/home/sws/autoware/install/autoware_auto_geometry_msgs:/opt/ros/humble LD_LIBRARY_PATH=/home/sws/autoware/install/tier4_autoware_utils/lib:/home/sws/autoware/install/autoware_auto_vehicle_msgs/lib:/home/sws/autoware/install/autoware_auto_planning_msgs/lib:/home/sws/autoware/install/autoware_auto_perception_msgs/lib:/home/sws/autoware/install/tier4_debug_msgs/lib:/home/sws/autoware/install/autoware_auto_mapping_msgs/lib:/home/sws/autoware/install/autoware_auto_geometry_msgs/lib:${LD_LIBRARY_PATH} PYTHONPATH=/home/sws/autoware/install/autoware_auto_vehicle_msgs/local/lib/python3.10/dist-packages:/home/sws/autoware/install/autoware_auto_planning_msgs/local/lib/python3.10/dist-packages:/home/sws/autoware/install/autoware_auto_perception_msgs/local/lib/python3.10/dist-packages:/home/sws/autoware/install/tier4_debug_msgs/local/lib/python3.10/dist-packages:/home/sws/autoware/install/autoware_auto_mapping_msgs/local/lib/python3.10/dist-packages:/home/sws/autoware/install/autoware_auto_geometry_msgs/local/lib/python3.10/dist-packages:${PYTHONPATH} /usr/bin/cmake /home/sws/autoware/src/universe/autoware.universe/perception/radar_fusion_to_detected_object -DCMAKE_BUILD_TYPE=Release -DAMENT_CMAKE_SYMLINK_INSTALL=1 -DCMAKE_INSTALL_PREFIX=/home/sws/autoware/install/radar_fusion_to_detected_object
[6.992s] Invoking command in '/home/sws/autoware/build/radar_fusion_to_detected_object': AMENT_PREFIX_PATH=/home/sws/autoware/install/tier4_autoware_utils:/home/sws/autoware/install/autoware_auto_vehicle_msgs:/home/sws/autoware/install/autoware_cmake:/home/sws/autoware/install/autoware_auto_planning_msgs:/home/sws/autoware/install/autoware_auto_perception_msgs:/home/sws/autoware/install/tier4_debug_msgs:/home/sws/autoware/install/autoware_lint_common:/home/sws/autoware/install/autoware_auto_mapping_msgs:/home/sws/autoware/install/autoware_auto_geometry_msgs:${AMENT_PREFIX_PATH} CMAKE_PREFIX_PATH=/home/sws/autoware/install/tier4_autoware_utils:/home/sws/autoware/install/autoware_auto_vehicle_msgs:/home/sws/autoware/install/autoware_cmake:/home/sws/autoware/install/autoware_auto_planning_msgs:/home/sws/autoware/install/autoware_auto_perception_msgs:/home/sws/autoware/install/tier4_debug_msgs:/home/sws/autoware/install/autoware_lint_common:/home/sws/autoware/install/autoware_auto_mapping_msgs:/home/sws/autoware/install/autoware_auto_geometry_msgs:/opt/ros/humble LD_LIBRARY_PATH=/home/sws/autoware/install/tier4_autoware_utils/lib:/home/sws/autoware/install/autoware_auto_vehicle_msgs/lib:/home/sws/autoware/install/autoware_auto_planning_msgs/lib:/home/sws/autoware/install/autoware_auto_perception_msgs/lib:/home/sws/autoware/install/tier4_debug_msgs/lib:/home/sws/autoware/install/autoware_auto_mapping_msgs/lib:/home/sws/autoware/install/autoware_auto_geometry_msgs/lib:${LD_LIBRARY_PATH} PYTHONPATH=/home/sws/autoware/install/autoware_auto_vehicle_msgs/local/lib/python3.10/dist-packages:/home/sws/autoware/install/autoware_auto_planning_msgs/local/lib/python3.10/dist-packages:/home/sws/autoware/install/autoware_auto_perception_msgs/local/lib/python3.10/dist-packages:/home/sws/autoware/install/tier4_debug_msgs/local/lib/python3.10/dist-packages:/home/sws/autoware/install/autoware_auto_mapping_msgs/local/lib/python3.10/dist-packages:/home/sws/autoware/install/autoware_auto_geometry_msgs/local/lib/python3.10/dist-packages:${PYTHONPATH} /usr/bin/cmake --build /home/sws/autoware/build/radar_fusion_to_detected_object -- -j16 -l16
[7.023s] [ 20%] [32mBuilding CXX object CMakeFiles/radar_object_fusion_to_detected_object_node_component.dir/src/radar_object_fusion_to_detected_object_node/radar_object_fusion_to_detected_object_node.cpp.o[0m
[39.667s] [ 40%] [32mBuilding CXX object CMakeFiles/radar_object_fusion_to_detected_object_node_component.dir/src/radar_fusion_to_detected_object.cpp.o[0m
[55.282s] [ 60%] [32m[1mLinking CXX shared library libradar_object_fusion_to_detected_object_node_component.so[0m
[56.150s] [ 60%] Built target radar_object_fusion_to_detected_object_node_component
[56.285s] [ 80%] [32mBuilding CXX object CMakeFiles/radar_object_fusion_to_detected_object_node.dir/rclcpp_components/node_main_radar_object_fusion_to_detected_object_node.cpp.o[0m
[63.728s] [100%] [32m[1mLinking CXX executable radar_object_fusion_to_detected_object_node[0m
[64.133s] [100%] Built target radar_object_fusion_to_detected_object_node
[64.162s] Invoked command in '/home/sws/autoware/build/radar_fusion_to_detected_object' returned '0': AMENT_PREFIX_PATH=/home/sws/autoware/install/tier4_autoware_utils:/home/sws/autoware/install/autoware_auto_vehicle_msgs:/home/sws/autoware/install/autoware_cmake:/home/sws/autoware/install/autoware_auto_planning_msgs:/home/sws/autoware/install/autoware_auto_perception_msgs:/home/sws/autoware/install/tier4_debug_msgs:/home/sws/autoware/install/autoware_lint_common:/home/sws/autoware/install/autoware_auto_mapping_msgs:/home/sws/autoware/install/autoware_auto_geometry_msgs:${AMENT_PREFIX_PATH} CMAKE_PREFIX_PATH=/home/sws/autoware/install/tier4_autoware_utils:/home/sws/autoware/install/autoware_auto_vehicle_msgs:/home/sws/autoware/install/autoware_cmake:/home/sws/autoware/install/autoware_auto_planning_msgs:/home/sws/autoware/install/autoware_auto_perception_msgs:/home/sws/autoware/install/tier4_debug_msgs:/home/sws/autoware/install/autoware_lint_common:/home/sws/autoware/install/autoware_auto_mapping_msgs:/home/sws/autoware/install/autoware_auto_geometry_msgs:/opt/ros/humble LD_LIBRARY_PATH=/home/sws/autoware/install/tier4_autoware_utils/lib:/home/sws/autoware/install/autoware_auto_vehicle_msgs/lib:/home/sws/autoware/install/autoware_auto_planning_msgs/lib:/home/sws/autoware/install/autoware_auto_perception_msgs/lib:/home/sws/autoware/install/tier4_debug_msgs/lib:/home/sws/autoware/install/autoware_auto_mapping_msgs/lib:/home/sws/autoware/install/autoware_auto_geometry_msgs/lib:${LD_LIBRARY_PATH} PYTHONPATH=/home/sws/autoware/install/autoware_auto_vehicle_msgs/local/lib/python3.10/dist-packages:/home/sws/autoware/install/autoware_auto_planning_msgs/local/lib/python3.10/dist-packages:/home/sws/autoware/install/autoware_auto_perception_msgs/local/lib/python3.10/dist-packages:/home/sws/autoware/install/tier4_debug_msgs/local/lib/python3.10/dist-packages:/home/sws/autoware/install/autoware_auto_mapping_msgs/local/lib/python3.10/dist-packages:/home/sws/autoware/install/autoware_auto_geometry_msgs/local/lib/python3.10/dist-packages:${PYTHONPATH} /usr/bin/cmake --build /home/sws/autoware/build/radar_fusion_to_detected_object -- -j16 -l16
[64.671s] Invoking command in '/home/sws/autoware/build/radar_fusion_to_detected_object': AMENT_PREFIX_PATH=/home/sws/autoware/install/tier4_autoware_utils:/home/sws/autoware/install/autoware_auto_vehicle_msgs:/home/sws/autoware/install/autoware_cmake:/home/sws/autoware/install/autoware_auto_planning_msgs:/home/sws/autoware/install/autoware_auto_perception_msgs:/home/sws/autoware/install/tier4_debug_msgs:/home/sws/autoware/install/autoware_lint_common:/home/sws/autoware/install/autoware_auto_mapping_msgs:/home/sws/autoware/install/autoware_auto_geometry_msgs:${AMENT_PREFIX_PATH} CMAKE_PREFIX_PATH=/home/sws/autoware/install/tier4_autoware_utils:/home/sws/autoware/install/autoware_auto_vehicle_msgs:/home/sws/autoware/install/autoware_cmake:/home/sws/autoware/install/autoware_auto_planning_msgs:/home/sws/autoware/install/autoware_auto_perception_msgs:/home/sws/autoware/install/tier4_debug_msgs:/home/sws/autoware/install/autoware_lint_common:/home/sws/autoware/install/autoware_auto_mapping_msgs:/home/sws/autoware/install/autoware_auto_geometry_msgs:/opt/ros/humble LD_LIBRARY_PATH=/home/sws/autoware/install/tier4_autoware_utils/lib:/home/sws/autoware/install/autoware_auto_vehicle_msgs/lib:/home/sws/autoware/install/autoware_auto_planning_msgs/lib:/home/sws/autoware/install/autoware_auto_perception_msgs/lib:/home/sws/autoware/install/tier4_debug_msgs/lib:/home/sws/autoware/install/autoware_auto_mapping_msgs/lib:/home/sws/autoware/install/autoware_auto_geometry_msgs/lib:${LD_LIBRARY_PATH} PYTHONPATH=/home/sws/autoware/install/autoware_auto_vehicle_msgs/local/lib/python3.10/dist-packages:/home/sws/autoware/install/autoware_auto_planning_msgs/local/lib/python3.10/dist-packages:/home/sws/autoware/install/autoware_auto_perception_msgs/local/lib/python3.10/dist-packages:/home/sws/autoware/install/tier4_debug_msgs/local/lib/python3.10/dist-packages:/home/sws/autoware/install/autoware_auto_mapping_msgs/local/lib/python3.10/dist-packages:/home/sws/autoware/install/autoware_auto_geometry_msgs/local/lib/python3.10/dist-packages:${PYTHONPATH} /usr/bin/cmake --install /home/sws/autoware/build/radar_fusion_to_detected_object
[79.491s] -- Install configuration: "Release"
[79.491s] -- Execute custom install script
[79.491s] -- Symlinking: /home/sws/autoware/install/radar_fusion_to_detected_object/lib/radar_fusion_to_detected_object/radar_object_fusion_to_detected_object_node
[79.491s] -- Symlinking: /home/sws/autoware/install/radar_fusion_to_detected_object/include/radar_fusion_to_detected_object.hpp
[79.492s] -- Symlinking: /home/sws/autoware/install/radar_fusion_to_detected_object/include/radar_object_fusion_to_detected_object/radar_object_fusion_to_detected_object_node.hpp
[79.492s] -- Symlinking: /home/sws/autoware/install/radar_fusion_to_detected_object/share/radar_fusion_to_detected_object/environment/library_path.sh
[79.492s] -- Symlinking: /home/sws/autoware/install/radar_fusion_to_detected_object/share/radar_fusion_to_detected_object/environment/library_path.dsv
[79.492s] -- Symlinking: /home/sws/autoware/install/radar_fusion_to_detected_object/lib/libradar_object_fusion_to_detected_object_node_component.so
[79.492s] -- Symlinking: /home/sws/autoware/install/radar_fusion_to_detected_object/share/radar_fusion_to_detected_object/config/radar_object_fusion_to_detected_object.param.yaml
[79.492s] -- Symlinking: /home/sws/autoware/install/radar_fusion_to_detected_object/share/radar_fusion_to_detected_object/launch/radar_object_fusion_to_detected_object.launch.xml
[79.492s] -- Symlinking: /home/sws/autoware/install/radar_fusion_to_detected_object/share/ament_index/resource_index/package_run_dependencies/radar_fusion_to_detected_object
[79.492s] -- Symlinking: /home/sws/autoware/install/radar_fusion_to_detected_object/share/ament_index/resource_index/parent_prefix_path/radar_fusion_to_detected_object
[79.492s] -- Symlinking: /home/sws/autoware/install/radar_fusion_to_detected_object/share/radar_fusion_to_detected_object/environment/ament_prefix_path.sh
[79.492s] -- Symlinking: /home/sws/autoware/install/radar_fusion_to_detected_object/share/radar_fusion_to_detected_object/environment/ament_prefix_path.dsv
[79.492s] -- Symlinking: /home/sws/autoware/install/radar_fusion_to_detected_object/share/radar_fusion_to_detected_object/environment/path.sh
[79.493s] -- Symlinking: /home/sws/autoware/install/radar_fusion_to_detected_object/share/radar_fusion_to_detected_object/environment/path.dsv
[79.493s] -- Symlinking: /home/sws/autoware/install/radar_fusion_to_detected_object/share/radar_fusion_to_detected_object/local_setup.bash
[79.493s] -- Symlinking: /home/sws/autoware/install/radar_fusion_to_detected_object/share/radar_fusion_to_detected_object/local_setup.sh
[79.493s] -- Symlinking: /home/sws/autoware/install/radar_fusion_to_detected_object/share/radar_fusion_to_detected_object/local_setup.zsh
[79.493s] -- Symlinking: /home/sws/autoware/install/radar_fusion_to_detected_object/share/radar_fusion_to_detected_object/local_setup.dsv
[79.493s] -- Symlinking: /home/sws/autoware/install/radar_fusion_to_detected_object/share/radar_fusion_to_detected_object/package.dsv
[79.493s] -- Symlinking: /home/sws/autoware/install/radar_fusion_to_detected_object/share/ament_index/resource_index/packages/radar_fusion_to_detected_object
[79.493s] -- Symlinking: /home/sws/autoware/install/radar_fusion_to_detected_object/share/ament_index/resource_index/rclcpp_components/radar_fusion_to_detected_object
[79.493s] -- Symlinking: /home/sws/autoware/install/radar_fusion_to_detected_object/share/radar_fusion_to_detected_object/cmake/ament_cmake_export_dependencies-extras.cmake
[79.493s] -- Symlinking: /home/sws/autoware/install/radar_fusion_to_detected_object/share/radar_fusion_to_detected_object/cmake/ament_cmake_export_include_directories-extras.cmake
[79.494s] -- Symlinking: /home/sws/autoware/install/radar_fusion_to_detected_object/share/radar_fusion_to_detected_object/cmake/ament_cmake_export_libraries-extras.cmake
[79.494s] -- Symlinking: /home/sws/autoware/install/radar_fusion_to_detected_object/share/radar_fusion_to_detected_object/cmake/radar_fusion_to_detected_objectConfig.cmake
[79.494s] -- Symlinking: /home/sws/autoware/install/radar_fusion_to_detected_object/share/radar_fusion_to_detected_object/cmake/radar_fusion_to_detected_objectConfig-version.cmake
[79.494s] -- Symlinking: /home/sws/autoware/install/radar_fusion_to_detected_object/share/radar_fusion_to_detected_object/package.xml
[79.707s] Invoked command in '/home/sws/autoware/build/radar_fusion_to_detected_object' returned '0': AMENT_PREFIX_PATH=/home/sws/autoware/install/tier4_autoware_utils:/home/sws/autoware/install/autoware_auto_vehicle_msgs:/home/sws/autoware/install/autoware_cmake:/home/sws/autoware/install/autoware_auto_planning_msgs:/home/sws/autoware/install/autoware_auto_perception_msgs:/home/sws/autoware/install/tier4_debug_msgs:/home/sws/autoware/install/autoware_lint_common:/home/sws/autoware/install/autoware_auto_mapping_msgs:/home/sws/autoware/install/autoware_auto_geometry_msgs:${AMENT_PREFIX_PATH} CMAKE_PREFIX_PATH=/home/sws/autoware/install/tier4_autoware_utils:/home/sws/autoware/install/autoware_auto_vehicle_msgs:/home/sws/autoware/install/autoware_cmake:/home/sws/autoware/install/autoware_auto_planning_msgs:/home/sws/autoware/install/autoware_auto_perception_msgs:/home/sws/autoware/install/tier4_debug_msgs:/home/sws/autoware/install/autoware_lint_common:/home/sws/autoware/install/autoware_auto_mapping_msgs:/home/sws/autoware/install/autoware_auto_geometry_msgs:/opt/ros/humble LD_LIBRARY_PATH=/home/sws/autoware/install/tier4_autoware_utils/lib:/home/sws/autoware/install/autoware_auto_vehicle_msgs/lib:/home/sws/autoware/install/autoware_auto_planning_msgs/lib:/home/sws/autoware/install/autoware_auto_perception_msgs/lib:/home/sws/autoware/install/tier4_debug_msgs/lib:/home/sws/autoware/install/autoware_auto_mapping_msgs/lib:/home/sws/autoware/install/autoware_auto_geometry_msgs/lib:${LD_LIBRARY_PATH} PYTHONPATH=/home/sws/autoware/install/autoware_auto_vehicle_msgs/local/lib/python3.10/dist-packages:/home/sws/autoware/install/autoware_auto_planning_msgs/local/lib/python3.10/dist-packages:/home/sws/autoware/install/autoware_auto_perception_msgs/local/lib/python3.10/dist-packages:/home/sws/autoware/install/tier4_debug_msgs/local/lib/python3.10/dist-packages:/home/sws/autoware/install/autoware_auto_mapping_msgs/local/lib/python3.10/dist-packages:/home/sws/autoware/install/autoware_auto_geometry_msgs/local/lib/python3.10/dist-packages:${PYTHONPATH} /usr/bin/cmake --install /home/sws/autoware/build/radar_fusion_to_detected_object
