[0.043s] Invoking command in '/home/sws/autoware/build/autoware_map_msgs': CMAKE_PREFIX_PATH=/opt/ros/humble /usr/bin/cmake /home/sws/autoware/src/core/autoware_msgs/autoware_map_msgs -DCMAKE_BUILD_TYPE=Release -DAMENT_CMAKE_SYMLINK_INSTALL=1 -DCMAKE_INSTALL_PREFIX=/home/sws/autoware/install/autoware_map_msgs
[1.124s] -- The C compiler identification is GNU 11.3.0
[1.416s] -- The CXX compiler identification is GNU 11.3.0
[1.508s] -- Detecting C compiler ABI info
[1.791s] -- Detecting C compiler ABI info - done
[1.805s] -- Check for working C compiler: /usr/bin/cc - skipped
[1.805s] -- Detecting C compile features
[1.806s] -- Detecting C compile features - done
[1.810s] -- Detecting CXX compiler ABI info
[2.243s] -- Detecting CXX compiler ABI info - done
[2.257s] -- Check for working CXX compiler: /usr/bin/c++ - skipped
[2.258s] -- Detecting CXX compile features
[2.258s] -- Detecting CXX compile features - done
[2.266s] -- Found ament_cmake_auto: 1.3.3 (/opt/ros/humble/share/ament_cmake_auto/cmake)
[2.527s] -- Found Python3: /usr/bin/python3.10 (found version "3.10.6") found components: Interpreter 
[2.611s] -- Override CMake install command with custom implementation using symlinks instead of copying resources
[3.007s] -- Found rosidl_generator_c: 3.1.4 (/opt/ros/humble/share/rosidl_generator_c/cmake)
[3.013s] -- Found rosidl_adapter: 3.1.4 (/opt/ros/humble/share/rosidl_adapter/cmake)
[3.046s] -- Found rosidl_generator_cpp: 3.1.4 (/opt/ros/humble/share/rosidl_generator_cpp/cmake)
[3.242s] -- Using all available rosidl_typesupport_c: rosidl_typesupport_fastrtps_c;rosidl_typesupport_introspection_c
[3.261s] -- Using all available rosidl_typesupport_cpp: rosidl_typesupport_fastrtps_cpp;rosidl_typesupport_introspection_cpp
[4.179s] -- Found ament_cmake_cppcheck: 0.12.5 (/opt/ros/humble/share/ament_cmake_cppcheck/cmake)
[4.183s] -- Found ament_cmake_cpplint: 0.12.5 (/opt/ros/humble/share/ament_cmake_cpplint/cmake)
[4.186s] -- Found ament_cmake_uncrustify: 0.12.5 (/opt/ros/humble/share/ament_cmake_uncrustify/cmake)
[4.189s] -- Found ament_cmake_ros: 0.10.0 (/opt/ros/humble/share/ament_cmake_ros/cmake)
[5.193s] -- Using all available rosidl_typesupport_c: rosidl_typesupport_fastrtps_c;rosidl_typesupport_introspection_c
[6.098s] -- Using all available rosidl_typesupport_cpp: rosidl_typesupport_fastrtps_cpp;rosidl_typesupport_introspection_cpp
[6.143s] -- Found PythonInterp: /usr/bin/python3 (found suitable version "3.10.6", minimum required is "3.6") 
[6.145s] -- Found python_cmake_module: 0.10.0 (/opt/ros/humble/share/python_cmake_module/cmake)
[6.212s] -- Found PythonLibs: /usr/lib/x86_64-linux-gnu/libpython3.10.so (found suitable version "3.10.6", minimum required is "3.5") 
[6.212s] -- Using PYTHON_EXECUTABLE: /usr/bin/python3
[6.212s] -- Using PYTHON_INCLUDE_DIRS: /usr/include/python3.10
[6.212s] -- Using PYTHON_LIBRARIES: /usr/lib/x86_64-linux-gnu/libpython3.10.so
[6.310s] -- Found PythonExtra: .so  
[6.551s] -- Found ament_cmake_flake8: 0.12.5 (/opt/ros/humble/share/ament_cmake_flake8/cmake)
[6.574s] -- Found ament_cmake_pep257: 0.12.5 (/opt/ros/humble/share/ament_cmake_pep257/cmake)
[6.587s] -- Found ament_lint_auto: 0.12.5 (/opt/ros/humble/share/ament_lint_auto/cmake)
[6.692s] -- Added test 'copyright' to check source files copyright and LICENSE
[6.693s] -- Added test 'lint_cmake' to check CMake code style
[6.694s] -- Added test 'xmllint' to check XML markup files
[6.719s] -- Configuring done
[7.040s] -- Generating done
[7.044s] -- Build files have been written to: /home/sws/autoware/build/autoware_map_msgs
[7.109s] Invoked command in '/home/sws/autoware/build/autoware_map_msgs' returned '0': CMAKE_PREFIX_PATH=/opt/ros/humble /usr/bin/cmake /home/sws/autoware/src/core/autoware_msgs/autoware_map_msgs -DCMAKE_BUILD_TYPE=Release -DAMENT_CMAKE_SYMLINK_INSTALL=1 -DCMAKE_INSTALL_PREFIX=/home/sws/autoware/install/autoware_map_msgs
[7.109s] Invoking command in '/home/sws/autoware/build/autoware_map_msgs': CMAKE_PREFIX_PATH=/opt/ros/humble /usr/bin/cmake --build /home/sws/autoware/build/autoware_map_msgs -- -j16 -l16
[22.807s] [  1%] [34m[1mGenerating C code for ROS interfaces[0m
[22.808s] [  3%] [34m[1mGenerating C++ code for ROS interfaces[0m
[22.808s] [  3%] Built target ament_cmake_python_symlink_autoware_map_msgs
[22.808s] running egg_info
[22.808s] creating autoware_map_msgs.egg-info
[22.808s] writing autoware_map_msgs.egg-info/PKG-INFO
[22.808s] writing dependency_links to autoware_map_msgs.egg-info/dependency_links.txt
[22.808s] writing top-level names to autoware_map_msgs.egg-info/top_level.txt
[22.808s] writing manifest file 'autoware_map_msgs.egg-info/SOURCES.txt'
[22.808s] reading manifest file 'autoware_map_msgs.egg-info/SOURCES.txt'
[22.808s] writing manifest file 'autoware_map_msgs.egg-info/SOURCES.txt'
[22.808s] [  3%] Built target ament_cmake_python_build_autoware_map_msgs_egg
[22.808s] [  3%] Built target autoware_map_msgs__cpp
[22.809s] [  4%] [34m[1mGenerating C++ introspection for ROS interfaces[0m
[22.809s] [  6%] [34m[1mGenerating C++ type support dispatch for ROS interfaces[0m
[22.809s] [  7%] [34m[1mGenerating C++ type support for eProsima Fast-RTPS[0m
[22.809s] [  9%] [32mBuilding C object CMakeFiles/autoware_map_msgs__rosidl_generator_c.dir/rosidl_generator_c/autoware_map_msgs/msg/detail/area_info__functions.c.o[0m
[22.809s] [ 11%] [32mBuilding C object CMakeFiles/autoware_map_msgs__rosidl_generator_c.dir/rosidl_generator_c/autoware_map_msgs/msg/detail/lanelet_map_bin__functions.c.o[0m
[22.809s] [ 12%] [32mBuilding C object CMakeFiles/autoware_map_msgs__rosidl_generator_c.dir/rosidl_generator_c/autoware_map_msgs/msg/detail/point_cloud_map_cell_with_id__functions.c.o[0m
[22.809s] [ 14%] [32mBuilding C object CMakeFiles/autoware_map_msgs__rosidl_generator_c.dir/rosidl_generator_c/autoware_map_msgs/srv/detail/get_partial_point_cloud_map__functions.c.o[0m
[22.809s] [ 15%] [32mBuilding C object CMakeFiles/autoware_map_msgs__rosidl_generator_c.dir/rosidl_generator_c/autoware_map_msgs/srv/detail/get_differential_point_cloud_map__functions.c.o[0m
[22.809s] [ 17%] [32m[1mLinking C shared library libautoware_map_msgs__rosidl_generator_c.so[0m
[22.810s] [ 17%] Built target autoware_map_msgs__rosidl_generator_c
[22.810s] [ 19%] [32mBuilding CXX object CMakeFiles/autoware_map_msgs__rosidl_typesupport_introspection_cpp.dir/rosidl_typesupport_introspection_cpp/autoware_map_msgs/msg/detail/area_info__type_support.cpp.o[0m
[22.810s] [ 20%] [32mBuilding CXX object CMakeFiles/autoware_map_msgs__rosidl_typesupport_fastrtps_cpp.dir/rosidl_typesupport_fastrtps_cpp/autoware_map_msgs/msg/detail/dds_fastrtps/area_info__type_support.cpp.o[0m
[22.810s] [ 22%] [32mBuilding CXX object CMakeFiles/autoware_map_msgs__rosidl_typesupport_introspection_cpp.dir/rosidl_typesupport_introspection_cpp/autoware_map_msgs/srv/detail/get_differential_point_cloud_map__type_support.cpp.o[0m
[22.810s] [ 23%] [32mBuilding CXX object CMakeFiles/autoware_map_msgs__rosidl_typesupport_cpp.dir/rosidl_typesupport_cpp/autoware_map_msgs/msg/area_info__type_support.cpp.o[0m
[22.810s] [ 25%] [32mBuilding CXX object CMakeFiles/autoware_map_msgs__rosidl_typesupport_fastrtps_cpp.dir/rosidl_typesupport_fastrtps_cpp/autoware_map_msgs/srv/detail/dds_fastrtps/get_differential_point_cloud_map__type_support.cpp.o[0m
[22.810s] [ 26%] [32mBuilding CXX object CMakeFiles/autoware_map_msgs__rosidl_typesupport_cpp.dir/rosidl_typesupport_cpp/autoware_map_msgs/srv/get_differential_point_cloud_map__type_support.cpp.o[0m
[22.810s] [ 28%] [32mBuilding CXX object CMakeFiles/autoware_map_msgs__rosidl_typesupport_introspection_cpp.dir/rosidl_typesupport_introspection_cpp/autoware_map_msgs/srv/detail/get_partial_point_cloud_map__type_support.cpp.o[0m
[22.810s] [ 30%] [32mBuilding CXX object CMakeFiles/autoware_map_msgs__rosidl_typesupport_cpp.dir/rosidl_typesupport_cpp/autoware_map_msgs/srv/get_partial_point_cloud_map__type_support.cpp.o[0m
[22.810s] [ 31%] [32mBuilding CXX object CMakeFiles/autoware_map_msgs__rosidl_typesupport_cpp.dir/rosidl_typesupport_cpp/autoware_map_msgs/msg/point_cloud_map_cell_with_id__type_support.cpp.o[0m
[22.810s] [ 33%] [32mBuilding CXX object CMakeFiles/autoware_map_msgs__rosidl_typesupport_fastrtps_cpp.dir/rosidl_typesupport_fastrtps_cpp/autoware_map_msgs/srv/detail/dds_fastrtps/get_partial_point_cloud_map__type_support.cpp.o[0m
[23.129s] [ 34%] [32mBuilding CXX object CMakeFiles/autoware_map_msgs__rosidl_typesupport_cpp.dir/rosidl_typesupport_cpp/autoware_map_msgs/msg/lanelet_map_bin__type_support.cpp.o[0m
[23.378s] [ 36%] [32mBuilding CXX object CMakeFiles/autoware_map_msgs__rosidl_typesupport_introspection_cpp.dir/rosidl_typesupport_introspection_cpp/autoware_map_msgs/msg/detail/point_cloud_map_cell_with_id__type_support.cpp.o[0m
[23.683s] [ 38%] [32m[1mLinking CXX shared library libautoware_map_msgs__rosidl_typesupport_cpp.so[0m
[23.819s] [ 38%] Built target autoware_map_msgs__rosidl_typesupport_cpp
[23.934s] [ 39%] [32mBuilding CXX object CMakeFiles/autoware_map_msgs__rosidl_typesupport_fastrtps_cpp.dir/rosidl_typesupport_fastrtps_cpp/autoware_map_msgs/msg/detail/dds_fastrtps/point_cloud_map_cell_with_id__type_support.cpp.o[0m
[24.181s] [ 41%] [32mBuilding CXX object CMakeFiles/autoware_map_msgs__rosidl_typesupport_introspection_cpp.dir/rosidl_typesupport_introspection_cpp/autoware_map_msgs/msg/detail/lanelet_map_bin__type_support.cpp.o[0m
[24.697s] [ 42%] [32mBuilding CXX object CMakeFiles/autoware_map_msgs__rosidl_typesupport_fastrtps_cpp.dir/rosidl_typesupport_fastrtps_cpp/autoware_map_msgs/msg/detail/dds_fastrtps/lanelet_map_bin__type_support.cpp.o[0m
[24.933s] [ 44%] [32m[1mLinking CXX shared library libautoware_map_msgs__rosidl_typesupport_introspection_cpp.so[0m
[25.171s] [ 44%] Built target autoware_map_msgs__rosidl_typesupport_introspection_cpp
[25.544s] [ 46%] [32m[1mLinking CXX shared library libautoware_map_msgs__rosidl_typesupport_fastrtps_cpp.so[0m
[25.753s] [ 46%] Built target autoware_map_msgs__rosidl_typesupport_fastrtps_cpp
[25.798s] [ 47%] [34m[1mGenerating C type support dispatch for ROS interfaces[0m
[26.688s] [ 49%] [32mBuilding CXX object CMakeFiles/autoware_map_msgs__rosidl_typesupport_c.dir/rosidl_typesupport_c/autoware_map_msgs/msg/area_info__type_support.cpp.o[0m
[26.760s] [ 50%] [32mBuilding CXX object CMakeFiles/autoware_map_msgs__rosidl_typesupport_c.dir/rosidl_typesupport_c/autoware_map_msgs/srv/get_differential_point_cloud_map__type_support.cpp.o[0m
[26.840s] [ 52%] [32mBuilding CXX object CMakeFiles/autoware_map_msgs__rosidl_typesupport_c.dir/rosidl_typesupport_c/autoware_map_msgs/srv/get_partial_point_cloud_map__type_support.cpp.o[0m
[26.896s] [ 53%] [32mBuilding CXX object CMakeFiles/autoware_map_msgs__rosidl_typesupport_c.dir/rosidl_typesupport_c/autoware_map_msgs/msg/point_cloud_map_cell_with_id__type_support.cpp.o[0m
[26.965s] [ 55%] [32mBuilding CXX object CMakeFiles/autoware_map_msgs__rosidl_typesupport_c.dir/rosidl_typesupport_c/autoware_map_msgs/msg/lanelet_map_bin__type_support.cpp.o[0m
[27.004s] [ 57%] [32m[1mLinking CXX shared library libautoware_map_msgs__rosidl_typesupport_c.so[0m
[27.087s] [ 57%] Built target autoware_map_msgs__rosidl_typesupport_c
[27.106s] [ 58%] [34m[1mGenerating C introspection for ROS interfaces[0m
[28.206s] [ 60%] [32mBuilding C object CMakeFiles/autoware_map_msgs__rosidl_typesupport_introspection_c.dir/rosidl_typesupport_introspection_c/autoware_map_msgs/msg/detail/area_info__type_support.c.o[0m
[28.262s] [ 61%] [32mBuilding C object CMakeFiles/autoware_map_msgs__rosidl_typesupport_introspection_c.dir/rosidl_typesupport_introspection_c/autoware_map_msgs/srv/detail/get_differential_point_cloud_map__type_support.c.o[0m
[28.363s] [ 63%] [32mBuilding C object CMakeFiles/autoware_map_msgs__rosidl_typesupport_introspection_c.dir/rosidl_typesupport_introspection_c/autoware_map_msgs/srv/detail/get_partial_point_cloud_map__type_support.c.o[0m
[28.448s] [ 65%] [32mBuilding C object CMakeFiles/autoware_map_msgs__rosidl_typesupport_introspection_c.dir/rosidl_typesupport_introspection_c/autoware_map_msgs/msg/detail/point_cloud_map_cell_with_id__type_support.c.o[0m
[28.597s] [ 66%] [32mBuilding C object CMakeFiles/autoware_map_msgs__rosidl_typesupport_introspection_c.dir/rosidl_typesupport_introspection_c/autoware_map_msgs/msg/detail/lanelet_map_bin__type_support.c.o[0m
[28.720s] [ 68%] [32m[1mLinking C shared library libautoware_map_msgs__rosidl_typesupport_introspection_c.so[0m
[28.765s] [ 68%] Built target autoware_map_msgs__rosidl_typesupport_introspection_c
[28.780s] [ 69%] [34m[1mGenerating C type support for eProsima Fast-RTPS[0m
[29.910s] [ 71%] [32mBuilding CXX object CMakeFiles/autoware_map_msgs__rosidl_typesupport_fastrtps_c.dir/rosidl_typesupport_fastrtps_c/autoware_map_msgs/msg/detail/area_info__type_support_c.cpp.o[0m
[30.427s] [ 73%] [32mBuilding CXX object CMakeFiles/autoware_map_msgs__rosidl_typesupport_fastrtps_c.dir/rosidl_typesupport_fastrtps_c/autoware_map_msgs/srv/detail/get_differential_point_cloud_map__type_support_c.cpp.o[0m
[31.182s] [ 74%] [32mBuilding CXX object CMakeFiles/autoware_map_msgs__rosidl_typesupport_fastrtps_c.dir/rosidl_typesupport_fastrtps_c/autoware_map_msgs/srv/detail/get_partial_point_cloud_map__type_support_c.cpp.o[0m
[31.840s] [ 76%] [32mBuilding CXX object CMakeFiles/autoware_map_msgs__rosidl_typesupport_fastrtps_c.dir/rosidl_typesupport_fastrtps_c/autoware_map_msgs/msg/detail/point_cloud_map_cell_with_id__type_support_c.cpp.o[0m
[32.488s] [ 77%] [32mBuilding CXX object CMakeFiles/autoware_map_msgs__rosidl_typesupport_fastrtps_c.dir/rosidl_typesupport_fastrtps_c/autoware_map_msgs/msg/detail/lanelet_map_bin__type_support_c.cpp.o[0m
[33.264s] [ 79%] [32m[1mLinking CXX shared library libautoware_map_msgs__rosidl_typesupport_fastrtps_c.so[0m
[33.501s] [ 79%] Built target autoware_map_msgs__rosidl_typesupport_fastrtps_c
[33.530s] [ 79%] Built target autoware_map_msgs
[33.565s] [ 80%] [34m[1mGenerating Python code for ROS interfaces[0m
[35.616s] [ 80%] Built target autoware_map_msgs__py
[35.646s] [ 82%] [32mBuilding C object CMakeFiles/autoware_map_msgs__rosidl_generator_py.dir/rosidl_generator_py/autoware_map_msgs/msg/_area_info_s.c.o[0m
[35.851s] [ 84%] [32mBuilding C object CMakeFiles/autoware_map_msgs__rosidl_generator_py.dir/rosidl_generator_py/autoware_map_msgs/srv/_get_differential_point_cloud_map_s.c.o[0m
[36.181s] [ 85%] [32mBuilding C object CMakeFiles/autoware_map_msgs__rosidl_generator_py.dir/rosidl_generator_py/autoware_map_msgs/srv/_get_partial_point_cloud_map_s.c.o[0m
[36.451s] [ 87%] [32mBuilding C object CMakeFiles/autoware_map_msgs__rosidl_generator_py.dir/rosidl_generator_py/autoware_map_msgs/msg/_point_cloud_map_cell_with_id_s.c.o[0m
[36.650s] [ 88%] [32mBuilding C object CMakeFiles/autoware_map_msgs__rosidl_generator_py.dir/rosidl_generator_py/autoware_map_msgs/msg/_lanelet_map_bin_s.c.o[0m
[36.916s] [ 90%] [32m[1mLinking C shared library rosidl_generator_py/autoware_map_msgs/libautoware_map_msgs__rosidl_generator_py.so[0m
[36.975s] [ 90%] Built target autoware_map_msgs__rosidl_generator_py
[36.999s] [ 92%] [32mBuilding C object CMakeFiles/autoware_map_msgs__rosidl_typesupport_fastrtps_c__pyext.dir/rosidl_generator_py/autoware_map_msgs/_autoware_map_msgs_s.ep.rosidl_typesupport_fastrtps_c.c.o[0m
[37.304s] [ 93%] [32m[1mLinking C shared library rosidl_generator_py/autoware_map_msgs/autoware_map_msgs_s__rosidl_typesupport_fastrtps_c.cpython-310-x86_64-linux-gnu.so[0m
[37.360s] [ 93%] Built target autoware_map_msgs__rosidl_typesupport_fastrtps_c__pyext
[37.384s] [ 95%] [32mBuilding C object CMakeFiles/autoware_map_msgs__rosidl_typesupport_c__pyext.dir/rosidl_generator_py/autoware_map_msgs/_autoware_map_msgs_s.ep.rosidl_typesupport_c.c.o[0m
[37.688s] [ 96%] [32m[1mLinking C shared library rosidl_generator_py/autoware_map_msgs/autoware_map_msgs_s__rosidl_typesupport_c.cpython-310-x86_64-linux-gnu.so[0m
[37.744s] [ 96%] Built target autoware_map_msgs__rosidl_typesupport_c__pyext
[37.767s] [ 98%] [32mBuilding C object CMakeFiles/autoware_map_msgs__rosidl_typesupport_introspection_c__pyext.dir/rosidl_generator_py/autoware_map_msgs/_autoware_map_msgs_s.ep.rosidl_typesupport_introspection_c.c.o[0m
[38.051s] [100%] [32m[1mLinking C shared library rosidl_generator_py/autoware_map_msgs/autoware_map_msgs_s__rosidl_typesupport_introspection_c.cpython-310-x86_64-linux-gnu.so[0m
[38.105s] [100%] Built target autoware_map_msgs__rosidl_typesupport_introspection_c__pyext
[38.121s] Invoked command in '/home/sws/autoware/build/autoware_map_msgs' returned '0': CMAKE_PREFIX_PATH=/opt/ros/humble /usr/bin/cmake --build /home/sws/autoware/build/autoware_map_msgs -- -j16 -l16
[38.292s] Invoking command in '/home/sws/autoware/build/autoware_map_msgs': CMAKE_PREFIX_PATH=/opt/ros/humble /usr/bin/cmake --install /home/sws/autoware/build/autoware_map_msgs
[59.310s] -- Install configuration: "Release"
[59.310s] -- Execute custom install script
[59.310s] -- Symlinking: /home/sws/autoware/install/autoware_map_msgs/share/ament_index/resource_index/rosidl_interfaces/autoware_map_msgs
[59.310s] -- Symlinking: /home/sws/autoware/install/autoware_map_msgs/include/autoware_map_msgs/autoware_map_msgs/msg/area_info.h
[59.310s] -- Symlinking: /home/sws/autoware/install/autoware_map_msgs/include/autoware_map_msgs/autoware_map_msgs/msg/detail/area_info__functions.h
[59.310s] -- Symlinking: /home/sws/autoware/install/autoware_map_msgs/include/autoware_map_msgs/autoware_map_msgs/msg/detail/area_info__struct.h
[59.311s] -- Symlinking: /home/sws/autoware/install/autoware_map_msgs/include/autoware_map_msgs/autoware_map_msgs/msg/detail/area_info__type_support.h
[59.311s] -- Symlinking: /home/sws/autoware/install/autoware_map_msgs/include/autoware_map_msgs/autoware_map_msgs/msg/detail/lanelet_map_bin__functions.h
[59.311s] -- Symlinking: /home/sws/autoware/install/autoware_map_msgs/include/autoware_map_msgs/autoware_map_msgs/msg/detail/lanelet_map_bin__struct.h
[59.311s] -- Symlinking: /home/sws/autoware/install/autoware_map_msgs/include/autoware_map_msgs/autoware_map_msgs/msg/detail/lanelet_map_bin__type_support.h
[59.311s] -- Symlinking: /home/sws/autoware/install/autoware_map_msgs/include/autoware_map_msgs/autoware_map_msgs/msg/detail/point_cloud_map_cell_with_id__functions.h
[59.311s] -- Symlinking: /home/sws/autoware/install/autoware_map_msgs/include/autoware_map_msgs/autoware_map_msgs/msg/detail/point_cloud_map_cell_with_id__struct.h
[59.311s] -- Symlinking: /home/sws/autoware/install/autoware_map_msgs/include/autoware_map_msgs/autoware_map_msgs/msg/detail/point_cloud_map_cell_with_id__type_support.h
[59.311s] -- Symlinking: /home/sws/autoware/install/autoware_map_msgs/include/autoware_map_msgs/autoware_map_msgs/msg/lanelet_map_bin.h
[59.312s] -- Symlinking: /home/sws/autoware/install/autoware_map_msgs/include/autoware_map_msgs/autoware_map_msgs/msg/point_cloud_map_cell_with_id.h
[59.312s] -- Symlinking: /home/sws/autoware/install/autoware_map_msgs/include/autoware_map_msgs/autoware_map_msgs/msg/rosidl_generator_c__visibility_control.h
[59.312s] -- Symlinking: /home/sws/autoware/install/autoware_map_msgs/include/autoware_map_msgs/autoware_map_msgs/srv/detail/get_differential_point_cloud_map__functions.h
[59.312s] -- Symlinking: /home/sws/autoware/install/autoware_map_msgs/include/autoware_map_msgs/autoware_map_msgs/srv/detail/get_differential_point_cloud_map__struct.h
[59.312s] -- Symlinking: /home/sws/autoware/install/autoware_map_msgs/include/autoware_map_msgs/autoware_map_msgs/srv/detail/get_differential_point_cloud_map__type_support.h
[59.312s] -- Symlinking: /home/sws/autoware/install/autoware_map_msgs/include/autoware_map_msgs/autoware_map_msgs/srv/detail/get_partial_point_cloud_map__functions.h
[59.312s] -- Symlinking: /home/sws/autoware/install/autoware_map_msgs/include/autoware_map_msgs/autoware_map_msgs/srv/detail/get_partial_point_cloud_map__struct.h
[59.312s] -- Symlinking: /home/sws/autoware/install/autoware_map_msgs/include/autoware_map_msgs/autoware_map_msgs/srv/detail/get_partial_point_cloud_map__type_support.h
[59.312s] -- Symlinking: /home/sws/autoware/install/autoware_map_msgs/include/autoware_map_msgs/autoware_map_msgs/srv/get_differential_point_cloud_map.h
[59.313s] -- Symlinking: /home/sws/autoware/install/autoware_map_msgs/include/autoware_map_msgs/autoware_map_msgs/srv/get_partial_point_cloud_map.h
[59.313s] -- Symlinking: /home/sws/autoware/install/autoware_map_msgs/share/autoware_map_msgs/environment/library_path.sh
[59.313s] -- Symlinking: /home/sws/autoware/install/autoware_map_msgs/share/autoware_map_msgs/environment/library_path.dsv
[59.313s] -- Symlinking: /home/sws/autoware/install/autoware_map_msgs/include/autoware_map_msgs/autoware_map_msgs/msg/detail/area_info__rosidl_typesupport_fastrtps_c.h
[59.313s] -- Symlinking: /home/sws/autoware/install/autoware_map_msgs/include/autoware_map_msgs/autoware_map_msgs/msg/detail/lanelet_map_bin__rosidl_typesupport_fastrtps_c.h
[59.313s] -- Symlinking: /home/sws/autoware/install/autoware_map_msgs/include/autoware_map_msgs/autoware_map_msgs/msg/detail/point_cloud_map_cell_with_id__rosidl_typesupport_fastrtps_c.h
[59.313s] -- Symlinking: /home/sws/autoware/install/autoware_map_msgs/include/autoware_map_msgs/autoware_map_msgs/msg/rosidl_typesupport_fastrtps_c__visibility_control.h
[59.313s] -- Symlinking: /home/sws/autoware/install/autoware_map_msgs/include/autoware_map_msgs/autoware_map_msgs/srv/detail/get_differential_point_cloud_map__rosidl_typesupport_fastrtps_c.h
[59.314s] -- Symlinking: /home/sws/autoware/install/autoware_map_msgs/include/autoware_map_msgs/autoware_map_msgs/srv/detail/get_partial_point_cloud_map__rosidl_typesupport_fastrtps_c.h
[59.314s] -- Symlinking: /home/sws/autoware/install/autoware_map_msgs/include/autoware_map_msgs/autoware_map_msgs/msg/area_info.hpp
[59.314s] -- Symlinking: /home/sws/autoware/install/autoware_map_msgs/include/autoware_map_msgs/autoware_map_msgs/msg/detail/area_info__builder.hpp
[59.314s] -- Symlinking: /home/sws/autoware/install/autoware_map_msgs/include/autoware_map_msgs/autoware_map_msgs/msg/detail/area_info__struct.hpp
[59.314s] -- Symlinking: /home/sws/autoware/install/autoware_map_msgs/include/autoware_map_msgs/autoware_map_msgs/msg/detail/area_info__traits.hpp
[59.314s] -- Symlinking: /home/sws/autoware/install/autoware_map_msgs/include/autoware_map_msgs/autoware_map_msgs/msg/detail/lanelet_map_bin__builder.hpp
[59.314s] -- Symlinking: /home/sws/autoware/install/autoware_map_msgs/include/autoware_map_msgs/autoware_map_msgs/msg/detail/lanelet_map_bin__struct.hpp
[59.314s] -- Symlinking: /home/sws/autoware/install/autoware_map_msgs/include/autoware_map_msgs/autoware_map_msgs/msg/detail/lanelet_map_bin__traits.hpp
[59.314s] -- Symlinking: /home/sws/autoware/install/autoware_map_msgs/include/autoware_map_msgs/autoware_map_msgs/msg/detail/point_cloud_map_cell_with_id__builder.hpp
[59.315s] -- Symlinking: /home/sws/autoware/install/autoware_map_msgs/include/autoware_map_msgs/autoware_map_msgs/msg/detail/point_cloud_map_cell_with_id__struct.hpp
[59.315s] -- Symlinking: /home/sws/autoware/install/autoware_map_msgs/include/autoware_map_msgs/autoware_map_msgs/msg/detail/point_cloud_map_cell_with_id__traits.hpp
[59.315s] -- Symlinking: /home/sws/autoware/install/autoware_map_msgs/include/autoware_map_msgs/autoware_map_msgs/msg/lanelet_map_bin.hpp
[59.315s] -- Symlinking: /home/sws/autoware/install/autoware_map_msgs/include/autoware_map_msgs/autoware_map_msgs/msg/point_cloud_map_cell_with_id.hpp
[59.315s] -- Symlinking: /home/sws/autoware/install/autoware_map_msgs/include/autoware_map_msgs/autoware_map_msgs/srv/detail/get_differential_point_cloud_map__builder.hpp
[59.315s] -- Symlinking: /home/sws/autoware/install/autoware_map_msgs/include/autoware_map_msgs/autoware_map_msgs/srv/detail/get_differential_point_cloud_map__struct.hpp
[59.315s] -- Symlinking: /home/sws/autoware/install/autoware_map_msgs/include/autoware_map_msgs/autoware_map_msgs/srv/detail/get_differential_point_cloud_map__traits.hpp
[59.316s] -- Symlinking: /home/sws/autoware/install/autoware_map_msgs/include/autoware_map_msgs/autoware_map_msgs/srv/detail/get_partial_point_cloud_map__builder.hpp
[59.316s] -- Symlinking: /home/sws/autoware/install/autoware_map_msgs/include/autoware_map_msgs/autoware_map_msgs/srv/detail/get_partial_point_cloud_map__struct.hpp
[59.316s] -- Symlinking: /home/sws/autoware/install/autoware_map_msgs/include/autoware_map_msgs/autoware_map_msgs/srv/detail/get_partial_point_cloud_map__traits.hpp
[59.316s] -- Symlinking: /home/sws/autoware/install/autoware_map_msgs/include/autoware_map_msgs/autoware_map_msgs/srv/get_differential_point_cloud_map.hpp
[59.316s] -- Symlinking: /home/sws/autoware/install/autoware_map_msgs/include/autoware_map_msgs/autoware_map_msgs/srv/get_partial_point_cloud_map.hpp
[59.316s] -- Symlinking: /home/sws/autoware/install/autoware_map_msgs/include/autoware_map_msgs/autoware_map_msgs/msg/detail/area_info__rosidl_typesupport_fastrtps_cpp.hpp
[59.316s] -- Symlinking: /home/sws/autoware/install/autoware_map_msgs/include/autoware_map_msgs/autoware_map_msgs/msg/detail/lanelet_map_bin__rosidl_typesupport_fastrtps_cpp.hpp
[59.316s] -- Symlinking: /home/sws/autoware/install/autoware_map_msgs/include/autoware_map_msgs/autoware_map_msgs/msg/detail/point_cloud_map_cell_with_id__rosidl_typesupport_fastrtps_cpp.hpp
[59.316s] -- Symlinking: /home/sws/autoware/install/autoware_map_msgs/include/autoware_map_msgs/autoware_map_msgs/msg/rosidl_typesupport_fastrtps_cpp__visibility_control.h
[59.317s] -- Symlinking: /home/sws/autoware/install/autoware_map_msgs/include/autoware_map_msgs/autoware_map_msgs/srv/detail/get_differential_point_cloud_map__rosidl_typesupport_fastrtps_cpp.hpp
[59.317s] -- Symlinking: /home/sws/autoware/install/autoware_map_msgs/include/autoware_map_msgs/autoware_map_msgs/srv/detail/get_partial_point_cloud_map__rosidl_typesupport_fastrtps_cpp.hpp
[59.317s] -- Symlinking: /home/sws/autoware/install/autoware_map_msgs/include/autoware_map_msgs/autoware_map_msgs/msg/detail/area_info__rosidl_typesupport_introspection_c.h
[59.318s] -- Symlinking: /home/sws/autoware/install/autoware_map_msgs/include/autoware_map_msgs/autoware_map_msgs/msg/detail/lanelet_map_bin__rosidl_typesupport_introspection_c.h
[59.318s] -- Symlinking: /home/sws/autoware/install/autoware_map_msgs/include/autoware_map_msgs/autoware_map_msgs/msg/detail/point_cloud_map_cell_with_id__rosidl_typesupport_introspection_c.h
[59.318s] -- Symlinking: /home/sws/autoware/install/autoware_map_msgs/include/autoware_map_msgs/autoware_map_msgs/msg/rosidl_typesupport_introspection_c__visibility_control.h
[59.318s] -- Symlinking: /home/sws/autoware/install/autoware_map_msgs/include/autoware_map_msgs/autoware_map_msgs/srv/detail/get_differential_point_cloud_map__rosidl_typesupport_introspection_c.h
[59.318s] -- Symlinking: /home/sws/autoware/install/autoware_map_msgs/include/autoware_map_msgs/autoware_map_msgs/srv/detail/get_partial_point_cloud_map__rosidl_typesupport_introspection_c.h
[59.318s] -- Symlinking: /home/sws/autoware/install/autoware_map_msgs/include/autoware_map_msgs/autoware_map_msgs/msg/detail/area_info__rosidl_typesupport_introspection_cpp.hpp
[59.318s] -- Symlinking: /home/sws/autoware/install/autoware_map_msgs/include/autoware_map_msgs/autoware_map_msgs/msg/detail/lanelet_map_bin__rosidl_typesupport_introspection_cpp.hpp
[59.318s] -- Symlinking: /home/sws/autoware/install/autoware_map_msgs/include/autoware_map_msgs/autoware_map_msgs/msg/detail/point_cloud_map_cell_with_id__rosidl_typesupport_introspection_cpp.hpp
[59.319s] -- Symlinking: /home/sws/autoware/install/autoware_map_msgs/include/autoware_map_msgs/autoware_map_msgs/srv/detail/get_differential_point_cloud_map__rosidl_typesupport_introspection_cpp.hpp
[59.319s] -- Symlinking: /home/sws/autoware/install/autoware_map_msgs/include/autoware_map_msgs/autoware_map_msgs/srv/detail/get_partial_point_cloud_map__rosidl_typesupport_introspection_cpp.hpp
[59.319s] -- Symlinking: /home/sws/autoware/install/autoware_map_msgs/share/autoware_map_msgs/environment/pythonpath.sh
[59.319s] -- Symlinking: /home/sws/autoware/install/autoware_map_msgs/share/autoware_map_msgs/environment/pythonpath.dsv
[59.319s] -- Symlinking: /home/sws/autoware/install/autoware_map_msgs/local/lib/python3.10/dist-packages/autoware_map_msgs-1.0.0-py3.10.egg-info/PKG-INFO
[59.319s] -- Symlinking: /home/sws/autoware/install/autoware_map_msgs/local/lib/python3.10/dist-packages/autoware_map_msgs-1.0.0-py3.10.egg-info/SOURCES.txt
[59.319s] -- Symlinking: /home/sws/autoware/install/autoware_map_msgs/local/lib/python3.10/dist-packages/autoware_map_msgs-1.0.0-py3.10.egg-info/dependency_links.txt
[59.319s] -- Symlinking: /home/sws/autoware/install/autoware_map_msgs/local/lib/python3.10/dist-packages/autoware_map_msgs-1.0.0-py3.10.egg-info/top_level.txt
[59.319s] -- Symlinking: /home/sws/autoware/install/autoware_map_msgs/local/lib/python3.10/dist-packages/autoware_map_msgs/__init__.py
[59.320s] -- Symlinking: /home/sws/autoware/install/autoware_map_msgs/local/lib/python3.10/dist-packages/autoware_map_msgs/_autoware_map_msgs_s.ep.rosidl_typesupport_c.c
[59.320s] -- Symlinking: /home/sws/autoware/install/autoware_map_msgs/local/lib/python3.10/dist-packages/autoware_map_msgs/_autoware_map_msgs_s.ep.rosidl_typesupport_fastrtps_c.c
[59.320s] -- Symlinking: /home/sws/autoware/install/autoware_map_msgs/local/lib/python3.10/dist-packages/autoware_map_msgs/_autoware_map_msgs_s.ep.rosidl_typesupport_introspection_c.c
[59.320s] -- Symlinking: /home/sws/autoware/install/autoware_map_msgs/local/lib/python3.10/dist-packages/autoware_map_msgs/autoware_map_msgs_s__rosidl_typesupport_c.cpython-310-x86_64-linux-gnu.so
[59.320s] -- Symlinking: /home/sws/autoware/install/autoware_map_msgs/local/lib/python3.10/dist-packages/autoware_map_msgs/autoware_map_msgs_s__rosidl_typesupport_fastrtps_c.cpython-310-x86_64-linux-gnu.so
[59.320s] -- Symlinking: /home/sws/autoware/install/autoware_map_msgs/local/lib/python3.10/dist-packages/autoware_map_msgs/autoware_map_msgs_s__rosidl_typesupport_introspection_c.cpython-310-x86_64-linux-gnu.so
[59.320s] -- Symlinking: /home/sws/autoware/install/autoware_map_msgs/local/lib/python3.10/dist-packages/autoware_map_msgs/libautoware_map_msgs__rosidl_generator_py.so
[59.320s] -- Symlinking: /home/sws/autoware/install/autoware_map_msgs/local/lib/python3.10/dist-packages/autoware_map_msgs/msg/__init__.py
[59.320s] -- Symlinking: /home/sws/autoware/install/autoware_map_msgs/local/lib/python3.10/dist-packages/autoware_map_msgs/msg/_area_info.py
[59.321s] -- Symlinking: /home/sws/autoware/install/autoware_map_msgs/local/lib/python3.10/dist-packages/autoware_map_msgs/msg/_area_info_s.c
[59.321s] -- Symlinking: /home/sws/autoware/install/autoware_map_msgs/local/lib/python3.10/dist-packages/autoware_map_msgs/msg/_lanelet_map_bin.py
[59.321s] -- Symlinking: /home/sws/autoware/install/autoware_map_msgs/local/lib/python3.10/dist-packages/autoware_map_msgs/msg/_lanelet_map_bin_s.c
[59.321s] -- Symlinking: /home/sws/autoware/install/autoware_map_msgs/local/lib/python3.10/dist-packages/autoware_map_msgs/msg/_point_cloud_map_cell_with_id.py
[59.321s] -- Symlinking: /home/sws/autoware/install/autoware_map_msgs/local/lib/python3.10/dist-packages/autoware_map_msgs/msg/_point_cloud_map_cell_with_id_s.c
[59.321s] -- Symlinking: /home/sws/autoware/install/autoware_map_msgs/local/lib/python3.10/dist-packages/autoware_map_msgs/srv/__init__.py
[59.321s] -- Symlinking: /home/sws/autoware/install/autoware_map_msgs/local/lib/python3.10/dist-packages/autoware_map_msgs/srv/_get_differential_point_cloud_map.py
[59.321s] -- Symlinking: /home/sws/autoware/install/autoware_map_msgs/local/lib/python3.10/dist-packages/autoware_map_msgs/srv/_get_differential_point_cloud_map_s.c
[59.321s] -- Symlinking: /home/sws/autoware/install/autoware_map_msgs/local/lib/python3.10/dist-packages/autoware_map_msgs/srv/_get_partial_point_cloud_map.py
[59.322s] -- Symlinking: /home/sws/autoware/install/autoware_map_msgs/local/lib/python3.10/dist-packages/autoware_map_msgs/srv/_get_partial_point_cloud_map_s.c
[59.322s] -- Up-to-date symlink: /home/sws/autoware/install/autoware_map_msgs/local/lib/python3.10/dist-packages/autoware_map_msgs/autoware_map_msgs_s__rosidl_typesupport_fastrtps_c.cpython-310-x86_64-linux-gnu.so
[59.322s] -- Up-to-date symlink: /home/sws/autoware/install/autoware_map_msgs/local/lib/python3.10/dist-packages/autoware_map_msgs/autoware_map_msgs_s__rosidl_typesupport_introspection_c.cpython-310-x86_64-linux-gnu.so
[59.322s] -- Up-to-date symlink: /home/sws/autoware/install/autoware_map_msgs/local/lib/python3.10/dist-packages/autoware_map_msgs/autoware_map_msgs_s__rosidl_typesupport_c.cpython-310-x86_64-linux-gnu.so
[59.322s] -- Symlinking: /home/sws/autoware/install/autoware_map_msgs/share/autoware_map_msgs/msg/AreaInfo.idl
[59.322s] -- Symlinking: /home/sws/autoware/install/autoware_map_msgs/share/autoware_map_msgs/msg/LaneletMapBin.idl
[59.322s] -- Symlinking: /home/sws/autoware/install/autoware_map_msgs/share/autoware_map_msgs/msg/PointCloudMapCellWithID.idl
[59.322s] -- Symlinking: /home/sws/autoware/install/autoware_map_msgs/share/autoware_map_msgs/srv/GetPartialPointCloudMap.idl
[59.322s] -- Symlinking: /home/sws/autoware/install/autoware_map_msgs/share/autoware_map_msgs/srv/GetDifferentialPointCloudMap.idl
[59.322s] -- Symlinking: /home/sws/autoware/install/autoware_map_msgs/share/autoware_map_msgs/msg/AreaInfo.msg
[59.323s] -- Symlinking: /home/sws/autoware/install/autoware_map_msgs/share/autoware_map_msgs/msg/LaneletMapBin.msg
[59.323s] -- Symlinking: /home/sws/autoware/install/autoware_map_msgs/share/autoware_map_msgs/msg/PointCloudMapCellWithID.msg
[59.324s] -- Symlinking: /home/sws/autoware/install/autoware_map_msgs/share/autoware_map_msgs/srv/GetPartialPointCloudMap.srv
[59.324s] -- Symlinking: /home/sws/autoware/install/autoware_map_msgs/share/autoware_map_msgs/srv/GetPartialPointCloudMap_Request.msg
[59.324s] -- Symlinking: /home/sws/autoware/install/autoware_map_msgs/share/autoware_map_msgs/srv/GetPartialPointCloudMap_Response.msg
[59.324s] -- Symlinking: /home/sws/autoware/install/autoware_map_msgs/share/autoware_map_msgs/srv/GetDifferentialPointCloudMap.srv
[59.326s] -- Symlinking: /home/sws/autoware/install/autoware_map_msgs/share/autoware_map_msgs/srv/GetDifferentialPointCloudMap_Request.msg
[59.326s] -- Symlinking: /home/sws/autoware/install/autoware_map_msgs/share/autoware_map_msgs/srv/GetDifferentialPointCloudMap_Response.msg
[59.326s] -- Symlinking: /home/sws/autoware/install/autoware_map_msgs/share/ament_index/resource_index/package_run_dependencies/autoware_map_msgs
[59.326s] -- Symlinking: /home/sws/autoware/install/autoware_map_msgs/share/ament_index/resource_index/parent_prefix_path/autoware_map_msgs
[59.326s] -- Symlinking: /home/sws/autoware/install/autoware_map_msgs/share/autoware_map_msgs/environment/ament_prefix_path.sh
[59.326s] -- Symlinking: /home/sws/autoware/install/autoware_map_msgs/share/autoware_map_msgs/environment/ament_prefix_path.dsv
[59.326s] -- Symlinking: /home/sws/autoware/install/autoware_map_msgs/share/autoware_map_msgs/environment/path.sh
[59.326s] -- Symlinking: /home/sws/autoware/install/autoware_map_msgs/share/autoware_map_msgs/environment/path.dsv
[59.326s] -- Symlinking: /home/sws/autoware/install/autoware_map_msgs/share/autoware_map_msgs/local_setup.bash
[59.327s] -- Symlinking: /home/sws/autoware/install/autoware_map_msgs/share/autoware_map_msgs/local_setup.sh
[59.327s] -- Symlinking: /home/sws/autoware/install/autoware_map_msgs/share/autoware_map_msgs/local_setup.zsh
[59.331s] -- Symlinking: /home/sws/autoware/install/autoware_map_msgs/share/autoware_map_msgs/local_setup.dsv
[59.340s] -- Symlinking: /home/sws/autoware/install/autoware_map_msgs/share/autoware_map_msgs/package.dsv
[59.347s] -- Symlinking: /home/sws/autoware/install/autoware_map_msgs/share/ament_index/resource_index/packages/autoware_map_msgs
[59.357s] -- Symlinking: /home/sws/autoware/install/autoware_map_msgs/share/autoware_map_msgs/cmake/rosidl_cmake-extras.cmake
[59.365s] -- Symlinking: /home/sws/autoware/install/autoware_map_msgs/share/autoware_map_msgs/cmake/ament_cmake_export_dependencies-extras.cmake
[59.373s] -- Symlinking: /home/sws/autoware/install/autoware_map_msgs/share/autoware_map_msgs/cmake/ament_cmake_export_include_directories-extras.cmake
[59.381s] -- Symlinking: /home/sws/autoware/install/autoware_map_msgs/share/autoware_map_msgs/cmake/ament_cmake_export_libraries-extras.cmake
[59.391s] -- Symlinking: /home/sws/autoware/install/autoware_map_msgs/share/autoware_map_msgs/cmake/ament_cmake_export_targets-extras.cmake
[59.401s] -- Symlinking: /home/sws/autoware/install/autoware_map_msgs/share/autoware_map_msgs/cmake/rosidl_cmake_export_typesupport_targets-extras.cmake
[59.411s] -- Symlinking: /home/sws/autoware/install/autoware_map_msgs/share/autoware_map_msgs/cmake/rosidl_cmake_export_typesupport_libraries-extras.cmake
[59.421s] -- Symlinking: /home/sws/autoware/install/autoware_map_msgs/share/autoware_map_msgs/cmake/autoware_map_msgsConfig.cmake
[59.430s] -- Symlinking: /home/sws/autoware/install/autoware_map_msgs/share/autoware_map_msgs/cmake/autoware_map_msgsConfig-version.cmake
[59.438s] -- Symlinking: /home/sws/autoware/install/autoware_map_msgs/share/autoware_map_msgs/package.xml
[59.446s] -- Installing: /home/sws/autoware/install/autoware_map_msgs/lib/libautoware_map_msgs__rosidl_generator_c.so
[59.447s] -- Set runtime path of "/home/sws/autoware/install/autoware_map_msgs/lib/libautoware_map_msgs__rosidl_generator_c.so" to ""
[59.447s] -- Installing: /home/sws/autoware/install/autoware_map_msgs/lib/libautoware_map_msgs__rosidl_typesupport_fastrtps_c.so
[59.447s] -- Set runtime path of "/home/sws/autoware/install/autoware_map_msgs/lib/libautoware_map_msgs__rosidl_typesupport_fastrtps_c.so" to ""
[59.447s] -- Installing: /home/sws/autoware/install/autoware_map_msgs/lib/libautoware_map_msgs__rosidl_typesupport_fastrtps_cpp.so
[59.448s] -- Set runtime path of "/home/sws/autoware/install/autoware_map_msgs/lib/libautoware_map_msgs__rosidl_typesupport_fastrtps_cpp.so" to ""
[59.448s] -- Installing: /home/sws/autoware/install/autoware_map_msgs/lib/libautoware_map_msgs__rosidl_typesupport_introspection_c.so
[59.448s] -- Set runtime path of "/home/sws/autoware/install/autoware_map_msgs/lib/libautoware_map_msgs__rosidl_typesupport_introspection_c.so" to ""
[59.448s] -- Installing: /home/sws/autoware/install/autoware_map_msgs/lib/libautoware_map_msgs__rosidl_typesupport_c.so
[59.448s] -- Set runtime path of "/home/sws/autoware/install/autoware_map_msgs/lib/libautoware_map_msgs__rosidl_typesupport_c.so" to ""
[59.449s] -- Installing: /home/sws/autoware/install/autoware_map_msgs/lib/libautoware_map_msgs__rosidl_typesupport_introspection_cpp.so
[59.449s] -- Set runtime path of "/home/sws/autoware/install/autoware_map_msgs/lib/libautoware_map_msgs__rosidl_typesupport_introspection_cpp.so" to ""
[59.449s] -- Installing: /home/sws/autoware/install/autoware_map_msgs/lib/libautoware_map_msgs__rosidl_typesupport_cpp.so
[59.449s] -- Set runtime path of "/home/sws/autoware/install/autoware_map_msgs/lib/libautoware_map_msgs__rosidl_typesupport_cpp.so" to ""
[59.493s] Listing '/home/sws/autoware/install/autoware_map_msgs/local/lib/python3.10/dist-packages/autoware_map_msgs'...
[59.493s] Compiling '/home/sws/autoware/install/autoware_map_msgs/local/lib/python3.10/dist-packages/autoware_map_msgs/__init__.py'...
[59.493s] Listing '/home/sws/autoware/install/autoware_map_msgs/local/lib/python3.10/dist-packages/autoware_map_msgs/msg'...
[59.493s] Compiling '/home/sws/autoware/install/autoware_map_msgs/local/lib/python3.10/dist-packages/autoware_map_msgs/msg/__init__.py'...
[59.493s] Compiling '/home/sws/autoware/install/autoware_map_msgs/local/lib/python3.10/dist-packages/autoware_map_msgs/msg/_area_info.py'...
[59.493s] Compiling '/home/sws/autoware/install/autoware_map_msgs/local/lib/python3.10/dist-packages/autoware_map_msgs/msg/_lanelet_map_bin.py'...
[59.493s] Compiling '/home/sws/autoware/install/autoware_map_msgs/local/lib/python3.10/dist-packages/autoware_map_msgs/msg/_point_cloud_map_cell_with_id.py'...
[59.494s] Listing '/home/sws/autoware/install/autoware_map_msgs/local/lib/python3.10/dist-packages/autoware_map_msgs/srv'...
[59.494s] Compiling '/home/sws/autoware/install/autoware_map_msgs/local/lib/python3.10/dist-packages/autoware_map_msgs/srv/__init__.py'...
[59.494s] Compiling '/home/sws/autoware/install/autoware_map_msgs/local/lib/python3.10/dist-packages/autoware_map_msgs/srv/_get_differential_point_cloud_map.py'...
[59.494s] Compiling '/home/sws/autoware/install/autoware_map_msgs/local/lib/python3.10/dist-packages/autoware_map_msgs/srv/_get_partial_point_cloud_map.py'...
[59.498s] -- Installing: /home/sws/autoware/install/autoware_map_msgs/lib/libautoware_map_msgs__rosidl_generator_py.so
[59.498s] -- Set runtime path of "/home/sws/autoware/install/autoware_map_msgs/lib/libautoware_map_msgs__rosidl_generator_py.so" to ""
[59.498s] -- Installing: /home/sws/autoware/install/autoware_map_msgs/share/autoware_map_msgs/cmake/export_autoware_map_msgs__rosidl_generator_cExport.cmake
[59.498s] -- Installing: /home/sws/autoware/install/autoware_map_msgs/share/autoware_map_msgs/cmake/export_autoware_map_msgs__rosidl_generator_cExport-release.cmake
[59.499s] -- Installing: /home/sws/autoware/install/autoware_map_msgs/share/autoware_map_msgs/cmake/export_autoware_map_msgs__rosidl_typesupport_fastrtps_cExport.cmake
[59.499s] -- Installing: /home/sws/autoware/install/autoware_map_msgs/share/autoware_map_msgs/cmake/export_autoware_map_msgs__rosidl_typesupport_fastrtps_cExport-release.cmake
[59.499s] -- Installing: /home/sws/autoware/install/autoware_map_msgs/share/autoware_map_msgs/cmake/export_autoware_map_msgs__rosidl_generator_cppExport.cmake
[59.499s] -- Installing: /home/sws/autoware/install/autoware_map_msgs/share/autoware_map_msgs/cmake/export_autoware_map_msgs__rosidl_typesupport_fastrtps_cppExport.cmake
[59.499s] -- Installing: /home/sws/autoware/install/autoware_map_msgs/share/autoware_map_msgs/cmake/export_autoware_map_msgs__rosidl_typesupport_fastrtps_cppExport-release.cmake
[59.500s] -- Installing: /home/sws/autoware/install/autoware_map_msgs/share/autoware_map_msgs/cmake/autoware_map_msgs__rosidl_typesupport_introspection_cExport.cmake
[59.500s] -- Installing: /home/sws/autoware/install/autoware_map_msgs/share/autoware_map_msgs/cmake/autoware_map_msgs__rosidl_typesupport_introspection_cExport-release.cmake
[59.500s] -- Installing: /home/sws/autoware/install/autoware_map_msgs/share/autoware_map_msgs/cmake/autoware_map_msgs__rosidl_typesupport_cExport.cmake
[59.500s] -- Installing: /home/sws/autoware/install/autoware_map_msgs/share/autoware_map_msgs/cmake/autoware_map_msgs__rosidl_typesupport_cExport-release.cmake
[59.500s] -- Installing: /home/sws/autoware/install/autoware_map_msgs/share/autoware_map_msgs/cmake/autoware_map_msgs__rosidl_typesupport_introspection_cppExport.cmake
[59.500s] -- Installing: /home/sws/autoware/install/autoware_map_msgs/share/autoware_map_msgs/cmake/autoware_map_msgs__rosidl_typesupport_introspection_cppExport-release.cmake
[59.501s] -- Installing: /home/sws/autoware/install/autoware_map_msgs/share/autoware_map_msgs/cmake/autoware_map_msgs__rosidl_typesupport_cppExport.cmake
[59.501s] -- Installing: /home/sws/autoware/install/autoware_map_msgs/share/autoware_map_msgs/cmake/autoware_map_msgs__rosidl_typesupport_cppExport-release.cmake
[59.501s] -- Installing: /home/sws/autoware/install/autoware_map_msgs/share/autoware_map_msgs/cmake/export_autoware_map_msgs__rosidl_generator_pyExport.cmake
[59.501s] -- Installing: /home/sws/autoware/install/autoware_map_msgs/share/autoware_map_msgs/cmake/export_autoware_map_msgs__rosidl_generator_pyExport-release.cmake
[59.515s] Invoked command in '/home/sws/autoware/build/autoware_map_msgs' returned '0': CMAKE_PREFIX_PATH=/opt/ros/humble /usr/bin/cmake --install /home/sws/autoware/build/autoware_map_msgs
