-- The C compiler identification is GNU 11.3.0
-- The CXX compiler identification is GNU 11.3.0
-- Detecting C compiler ABI info
-- Detecting C compiler ABI info - done
-- Check for working C compiler: /usr/bin/cc - skipped
-- Detecting C compile features
-- Detecting C compile features - done
-- Detecting CXX compiler ABI info
-- Detecting CXX compiler ABI info - done
-- Check for working CXX compiler: /usr/bin/c++ - skipped
-- Detecting CXX compile features
-- Detecting CXX compile features - done
-- Found autoware_cmake: 0.1.0 (/home/sws/autoware/install/autoware_cmake/share/autoware_cmake/cmake)
-- Found Python3: /usr/bin/python3.10 (found version "3.10.6") found components: Interpreter 
-- Override CMake install command with custom implementation using symlinks instead of copying resources
-- Found rosidl_generator_c: 3.1.4 (/opt/ros/humble/share/rosidl_generator_c/cmake)
-- Found rosidl_adapter: 3.1.4 (/opt/ros/humble/share/rosidl_adapter/cmake)
-- Found rosidl_generator_cpp: 3.1.4 (/opt/ros/humble/share/rosidl_generator_cpp/cmake)
-- Using all available rosidl_typesupport_c: rosidl_typesupport_fastrtps_c;rosidl_typesupport_introspection_c
-- Using all available rosidl_typesupport_cpp: rosidl_typesupport_fastrtps_cpp;rosidl_typesupport_introspection_cpp
-- Found rmw_implementation_cmake: 6.1.1 (/opt/ros/humble/share/rmw_implementation_cmake/cmake)
-- Found rmw_fastrtps_cpp: 6.2.2 (/opt/ros/humble/share/rmw_fastrtps_cpp/cmake)
-- Found OpenSSL: /usr/lib/x86_64-linux-gnu/libcrypto.so (found version "3.0.2")  
-- Found FastRTPS: /opt/ros/humble/include  
-- Using RMW implementation 'rmw_fastrtps_cpp' as default
-- Looking for pthread.h
-- Looking for pthread.h - found
-- Performing Test CMAKE_HAVE_LIBC_PTHREAD
-- Performing Test CMAKE_HAVE_LIBC_PTHREAD - Success
-- Found Threads: TRUE  
-- Found mrt_cmake_modules: 1.0.9 (/opt/ros/humble/share/mrt_cmake_modules/cmake)
-- Found Boost: /usr/lib/x86_64-linux-gnu/cmake/Boost-1.74.0/BoostConfig.cmake (found version "1.74.0") found components: wserialization thread random serialization log_setup prg_exec_monitor wave system chrono filesystem locale timer date_time regex graph program_options unit_test_framework log atomic iostreams 
-- Found OpenMP_C: -fopenmp (found version "4.5") 
-- Found OpenMP_CXX: -fopenmp (found version "4.5") 
-- Found OpenMP: TRUE (found version "4.5")  
-- Found pugixml: /usr/lib/x86_64-linux-gnu/libpugixml.so  
-- Found PkgConfig: /usr/bin/pkg-config (found version "0.29.2") 
-- Found GeographicLib: /usr/lib/x86_64-linux-gnu/libGeographic.so  
-- Found eigen3_cmake_module: 0.1.1 (/opt/ros/humble/share/eigen3_cmake_module/cmake)
-- Found Eigen3: TRUE (found version "3.4.0") 
-- Ensuring Eigen3 include directory is part of orocos-kdl CMake target
-- Found ament_lint_auto: 0.12.5 (/opt/ros/humble/share/ament_lint_auto/cmake)
-- Added test 'copyright' to check source files copyright and LICENSE
-- Added test 'cppcheck' to perform static code analysis on C / C++ code
-- Configured cppcheck include dirs: /home/sws/autoware/src/universe/autoware.universe/planning/mission_planner/include
-- Configured cppcheck exclude dirs and/or files: 
-- Added test 'lint_cmake' to check CMake code style
-- Added test 'xmllint' to check XML markup files
-- Configuring done
-- Generating done
-- Build files have been written to: /home/sws/autoware/build/mission_planner
[  8%] [32mBuilding CXX object CMakeFiles/goal_pose_visualizer_component.dir/src/goal_pose_visualizer/goal_pose_visualizer.cpp.o[0m
[ 16%] [32m[1mLinking CXX shared library libgoal_pose_visualizer_component.so[0m
[ 16%] Built target goal_pose_visualizer_component
[ 25%] [32mBuilding CXX object CMakeFiles/mission_planner.dir/rclcpp_components/node_main_mission_planner.cpp.o[0m
[ 33%] [32m[1mLinking CXX executable mission_planner[0m
[ 33%] Built target mission_planner
[ 41%] [32mBuilding CXX object CMakeFiles/mission_planner_component.dir/src/mission_planner/mission_planner.cpp.o[0m
[ 50%] [32mBuilding CXX object CMakeFiles/mission_planner_component.dir/src/mission_planner/arrival_checker.cpp.o[0m
[ 58%] [32m[1mLinking CXX shared library libmission_planner_component.so[0m
[ 58%] Built target mission_planner_component
[ 66%] [32mBuilding CXX object CMakeFiles/goal_pose_visualizer.dir/rclcpp_components/node_main_goal_pose_visualizer.cpp.o[0m
[ 75%] [32m[1mLinking CXX executable goal_pose_visualizer[0m
[ 75%] Built target goal_pose_visualizer
[ 83%] [32mBuilding CXX object CMakeFiles/mission_planner_lanelet2_plugins.dir/src/lanelet2_plugins/default_planner.cpp.o[0m
[ 91%] [32mBuilding CXX object CMakeFiles/mission_planner_lanelet2_plugins.dir/src/lanelet2_plugins/utility_functions.cpp.o[0m
[100%] [32m[1mLinking CXX shared library libmission_planner_lanelet2_plugins.so[0m
[100%] Built target mission_planner_lanelet2_plugins
-- Install configuration: "Release"
-- Execute custom install script
-- Symlinking: /home/sws/autoware/install/mission_planner/lib/mission_planner/goal_pose_visualizer
-- Symlinking: /home/sws/autoware/install/mission_planner/lib/mission_planner/mission_planner
-- Symlinking: /home/sws/autoware/install/mission_planner/share/mission_planner/plugins/plugin_description.xml
-- Symlinking: /home/sws/autoware/install/mission_planner/include/mission_planner/mission_planner_plugin.hpp
-- Symlinking: /home/sws/autoware/install/mission_planner/share/mission_planner/environment/library_path.sh
-- Symlinking: /home/sws/autoware/install/mission_planner/share/mission_planner/environment/library_path.dsv
-- Symlinking: /home/sws/autoware/install/mission_planner/lib/libgoal_pose_visualizer_component.so
-- Symlinking: /home/sws/autoware/install/mission_planner/lib/libmission_planner_component.so
-- Symlinking: /home/sws/autoware/install/mission_planner/lib/libmission_planner_lanelet2_plugins.so
-- Symlinking: /home/sws/autoware/install/mission_planner/share/mission_planner/config/mission_planner.param.yaml
-- Symlinking: /home/sws/autoware/install/mission_planner/share/mission_planner/launch/goal_pose_visualizer.launch.xml
-- Symlinking: /home/sws/autoware/install/mission_planner/share/mission_planner/launch/mission_planner.launch.xml
-- Symlinking: /home/sws/autoware/install/mission_planner/share/ament_index/resource_index/package_run_dependencies/mission_planner
-- Symlinking: /home/sws/autoware/install/mission_planner/share/ament_index/resource_index/parent_prefix_path/mission_planner
-- Symlinking: /home/sws/autoware/install/mission_planner/share/mission_planner/environment/ament_prefix_path.sh
-- Symlinking: /home/sws/autoware/install/mission_planner/share/mission_planner/environment/ament_prefix_path.dsv
-- Symlinking: /home/sws/autoware/install/mission_planner/share/mission_planner/environment/path.sh
-- Symlinking: /home/sws/autoware/install/mission_planner/share/mission_planner/environment/path.dsv
-- Symlinking: /home/sws/autoware/install/mission_planner/share/mission_planner/local_setup.bash
-- Symlinking: /home/sws/autoware/install/mission_planner/share/mission_planner/local_setup.sh
-- Symlinking: /home/sws/autoware/install/mission_planner/share/mission_planner/local_setup.zsh
-- Symlinking: /home/sws/autoware/install/mission_planner/share/mission_planner/local_setup.dsv
-- Symlinking: /home/sws/autoware/install/mission_planner/share/mission_planner/package.dsv
-- Symlinking: /home/sws/autoware/install/mission_planner/share/ament_index/resource_index/packages/mission_planner
-- Symlinking: /home/sws/autoware/install/mission_planner/share/ament_index/resource_index/mission_planner__pluginlib__plugin/mission_planner
-- Symlinking: /home/sws/autoware/install/mission_planner/share/ament_index/resource_index/rclcpp_components/mission_planner
-- Symlinking: /home/sws/autoware/install/mission_planner/share/mission_planner/cmake/ament_cmake_export_dependencies-extras.cmake
-- Symlinking: /home/sws/autoware/install/mission_planner/share/mission_planner/cmake/ament_cmake_export_include_directories-extras.cmake
-- Symlinking: /home/sws/autoware/install/mission_planner/share/mission_planner/cmake/ament_cmake_export_libraries-extras.cmake
-- Symlinking: /home/sws/autoware/install/mission_planner/share/mission_planner/cmake/mission_plannerConfig.cmake
-- Symlinking: /home/sws/autoware/install/mission_planner/share/mission_planner/cmake/mission_plannerConfig-version.cmake
-- Symlinking: /home/sws/autoware/install/mission_planner/share/mission_planner/package.xml
