[0.058s] Invoking command in '/home/sws/autoware/build/ekf_localizer': AMENT_PREFIX_PATH=/home/sws/autoware/install/tier4_autoware_utils:/home/sws/autoware/install/kalman_filter:/home/sws/autoware/install/autoware_auto_vehicle_msgs:/home/sws/autoware/install/autoware_cmake:/home/sws/autoware/install/autoware_auto_planning_msgs:/home/sws/autoware/install/autoware_auto_perception_msgs:/home/sws/autoware/install/tier4_debug_msgs:/home/sws/autoware/install/autoware_lint_common:/home/sws/autoware/install/autoware_auto_mapping_msgs:/home/sws/autoware/install/autoware_auto_geometry_msgs:${AMENT_PREFIX_PATH} CMAKE_PREFIX_PATH=/home/sws/autoware/install/tier4_autoware_utils:/home/sws/autoware/install/kalman_filter:/home/sws/autoware/install/autoware_auto_vehicle_msgs:/home/sws/autoware/install/autoware_cmake:/home/sws/autoware/install/autoware_auto_planning_msgs:/home/sws/autoware/install/autoware_auto_perception_msgs:/home/sws/autoware/install/tier4_debug_msgs:/home/sws/autoware/install/autoware_lint_common:/home/sws/autoware/install/autoware_auto_mapping_msgs:/home/sws/autoware/install/autoware_auto_geometry_msgs:/opt/ros/humble LD_LIBRARY_PATH=/home/sws/autoware/install/tier4_autoware_utils/lib:/home/sws/autoware/install/kalman_filter/lib:/home/sws/autoware/install/autoware_auto_vehicle_msgs/lib:/home/sws/autoware/install/autoware_auto_planning_msgs/lib:/home/sws/autoware/install/autoware_auto_perception_msgs/lib:/home/sws/autoware/install/tier4_debug_msgs/lib:/home/sws/autoware/install/autoware_auto_mapping_msgs/lib:/home/sws/autoware/install/autoware_auto_geometry_msgs/lib:${LD_LIBRARY_PATH} PYTHONPATH=/home/sws/autoware/install/autoware_auto_vehicle_msgs/local/lib/python3.10/dist-packages:/home/sws/autoware/install/autoware_auto_planning_msgs/local/lib/python3.10/dist-packages:/home/sws/autoware/install/autoware_auto_perception_msgs/local/lib/python3.10/dist-packages:/home/sws/autoware/install/tier4_debug_msgs/local/lib/python3.10/dist-packages:/home/sws/autoware/install/autoware_auto_mapping_msgs/local/lib/python3.10/dist-packages:/home/sws/autoware/install/autoware_auto_geometry_msgs/local/lib/python3.10/dist-packages:${PYTHONPATH} /usr/bin/cmake /home/sws/autoware/src/universe/autoware.universe/localization/ekf_localizer -DCMAKE_BUILD_TYPE=Release -DAMENT_CMAKE_SYMLINK_INSTALL=1 -DCMAKE_INSTALL_PREFIX=/home/sws/autoware/install/ekf_localizer
[22.445s] -- The C compiler identification is GNU 11.3.0
[22.445s] -- The CXX compiler identification is GNU 11.3.0
[22.445s] -- Detecting C compiler ABI info
[22.445s] -- Detecting C compiler ABI info - done
[22.445s] -- Check for working C compiler: /usr/bin/cc - skipped
[22.445s] -- Detecting C compile features
[22.445s] -- Detecting C compile features - done
[22.445s] -- Detecting CXX compiler ABI info
[22.445s] -- Detecting CXX compiler ABI info - done
[22.445s] -- Check for working CXX compiler: /usr/bin/c++ - skipped
[22.446s] -- Detecting CXX compile features
[22.446s] -- Detecting CXX compile features - done
[22.446s] -- Found autoware_cmake: 0.1.0 (/home/sws/autoware/install/autoware_cmake/share/autoware_cmake/cmake)
[22.446s] -- Found Python3: /usr/bin/python3.10 (found version "3.10.6") found components: Interpreter 
[22.446s] -- Override CMake install command with custom implementation using symlinks instead of copying resources
[22.446s] -- Found rosidl_generator_c: 3.1.4 (/opt/ros/humble/share/rosidl_generator_c/cmake)
[22.446s] -- Found rosidl_adapter: 3.1.4 (/opt/ros/humble/share/rosidl_adapter/cmake)
[22.446s] -- Found rosidl_generator_cpp: 3.1.4 (/opt/ros/humble/share/rosidl_generator_cpp/cmake)
[22.446s] -- Using all available rosidl_typesupport_c: rosidl_typesupport_fastrtps_c;rosidl_typesupport_introspection_c
[22.446s] -- Using all available rosidl_typesupport_cpp: rosidl_typesupport_fastrtps_cpp;rosidl_typesupport_introspection_cpp
[22.446s] -- Found rmw_implementation_cmake: 6.1.1 (/opt/ros/humble/share/rmw_implementation_cmake/cmake)
[22.447s] -- Found rmw_fastrtps_cpp: 6.2.2 (/opt/ros/humble/share/rmw_fastrtps_cpp/cmake)
[22.447s] -- Found OpenSSL: /usr/lib/x86_64-linux-gnu/libcrypto.so (found version "3.0.2")  
[22.447s] -- Found FastRTPS: /opt/ros/humble/include  
[22.447s] -- Using RMW implementation 'rmw_fastrtps_cpp' as default
[22.447s] -- Looking for pthread.h
[22.447s] -- Looking for pthread.h - found
[22.447s] -- Performing Test CMAKE_HAVE_LIBC_PTHREAD
[22.447s] -- Performing Test CMAKE_HAVE_LIBC_PTHREAD - Success
[22.447s] -- Found Threads: TRUE  
[22.447s] -- Found eigen3_cmake_module: 0.1.1 (/opt/ros/humble/share/eigen3_cmake_module/cmake)
[22.447s] -- Found Eigen3: TRUE (found version "3.4.0") 
[22.448s] -- Ensuring Eigen3 include directory is part of orocos-kdl CMake target
[22.448s] -- Found ament_lint_auto: 0.12.5 (/opt/ros/humble/share/ament_lint_auto/cmake)
[22.448s] -- Found gtest sources under '/opt/ros/humble/src/gtest_vendor': C++ tests using 'Google Test' will be built
[22.448s] -- Found gtest sources under '/opt/ros/humble/src/gtest_vendor': C++ tests using 'Google Test' will be built
[22.448s] -- Found gtest sources under '/opt/ros/humble/src/gtest_vendor': C++ tests using 'Google Test' will be built
[22.448s] -- Found gtest sources under '/opt/ros/humble/src/gtest_vendor': C++ tests using 'Google Test' will be built
[22.448s] -- Found gtest sources under '/opt/ros/humble/src/gtest_vendor': C++ tests using 'Google Test' will be built
[22.448s] -- Found gtest sources under '/opt/ros/humble/src/gtest_vendor': C++ tests using 'Google Test' will be built
[22.448s] -- Found gtest sources under '/opt/ros/humble/src/gtest_vendor': C++ tests using 'Google Test' will be built
[24.203s] -- Added test 'copyright' to check source files copyright and LICENSE
[24.206s] -- Added test 'cppcheck' to perform static code analysis on C / C++ code
[24.208s] -- Configured cppcheck include dirs: /home/sws/autoware/src/universe/autoware.universe/localization/ekf_localizer/include
[24.209s] -- Configured cppcheck exclude dirs and/or files: 
[24.210s] -- Added test 'lint_cmake' to check CMake code style
[24.211s] -- Added test 'xmllint' to check XML markup files
[24.214s] -- Configuring done
[24.598s] -- Generating done
[24.603s] -- Build files have been written to: /home/sws/autoware/build/ekf_localizer
[24.634s] Invoked command in '/home/sws/autoware/build/ekf_localizer' returned '0': AMENT_PREFIX_PATH=/home/sws/autoware/install/tier4_autoware_utils:/home/sws/autoware/install/kalman_filter:/home/sws/autoware/install/autoware_auto_vehicle_msgs:/home/sws/autoware/install/autoware_cmake:/home/sws/autoware/install/autoware_auto_planning_msgs:/home/sws/autoware/install/autoware_auto_perception_msgs:/home/sws/autoware/install/tier4_debug_msgs:/home/sws/autoware/install/autoware_lint_common:/home/sws/autoware/install/autoware_auto_mapping_msgs:/home/sws/autoware/install/autoware_auto_geometry_msgs:${AMENT_PREFIX_PATH} CMAKE_PREFIX_PATH=/home/sws/autoware/install/tier4_autoware_utils:/home/sws/autoware/install/kalman_filter:/home/sws/autoware/install/autoware_auto_vehicle_msgs:/home/sws/autoware/install/autoware_cmake:/home/sws/autoware/install/autoware_auto_planning_msgs:/home/sws/autoware/install/autoware_auto_perception_msgs:/home/sws/autoware/install/tier4_debug_msgs:/home/sws/autoware/install/autoware_lint_common:/home/sws/autoware/install/autoware_auto_mapping_msgs:/home/sws/autoware/install/autoware_auto_geometry_msgs:/opt/ros/humble LD_LIBRARY_PATH=/home/sws/autoware/install/tier4_autoware_utils/lib:/home/sws/autoware/install/kalman_filter/lib:/home/sws/autoware/install/autoware_auto_vehicle_msgs/lib:/home/sws/autoware/install/autoware_auto_planning_msgs/lib:/home/sws/autoware/install/autoware_auto_perception_msgs/lib:/home/sws/autoware/install/tier4_debug_msgs/lib:/home/sws/autoware/install/autoware_auto_mapping_msgs/lib:/home/sws/autoware/install/autoware_auto_geometry_msgs/lib:${LD_LIBRARY_PATH} PYTHONPATH=/home/sws/autoware/install/autoware_auto_vehicle_msgs/local/lib/python3.10/dist-packages:/home/sws/autoware/install/autoware_auto_planning_msgs/local/lib/python3.10/dist-packages:/home/sws/autoware/install/autoware_auto_perception_msgs/local/lib/python3.10/dist-packages:/home/sws/autoware/install/tier4_debug_msgs/local/lib/python3.10/dist-packages:/home/sws/autoware/install/autoware_auto_mapping_msgs/local/lib/python3.10/dist-packages:/home/sws/autoware/install/autoware_auto_geometry_msgs/local/lib/python3.10/dist-packages:${PYTHONPATH} /usr/bin/cmake /home/sws/autoware/src/universe/autoware.universe/localization/ekf_localizer -DCMAKE_BUILD_TYPE=Release -DAMENT_CMAKE_SYMLINK_INSTALL=1 -DCMAKE_INSTALL_PREFIX=/home/sws/autoware/install/ekf_localizer
[24.635s] Invoking command in '/home/sws/autoware/build/ekf_localizer': AMENT_PREFIX_PATH=/home/sws/autoware/install/tier4_autoware_utils:/home/sws/autoware/install/kalman_filter:/home/sws/autoware/install/autoware_auto_vehicle_msgs:/home/sws/autoware/install/autoware_cmake:/home/sws/autoware/install/autoware_auto_planning_msgs:/home/sws/autoware/install/autoware_auto_perception_msgs:/home/sws/autoware/install/tier4_debug_msgs:/home/sws/autoware/install/autoware_lint_common:/home/sws/autoware/install/autoware_auto_mapping_msgs:/home/sws/autoware/install/autoware_auto_geometry_msgs:${AMENT_PREFIX_PATH} CMAKE_PREFIX_PATH=/home/sws/autoware/install/tier4_autoware_utils:/home/sws/autoware/install/kalman_filter:/home/sws/autoware/install/autoware_auto_vehicle_msgs:/home/sws/autoware/install/autoware_cmake:/home/sws/autoware/install/autoware_auto_planning_msgs:/home/sws/autoware/install/autoware_auto_perception_msgs:/home/sws/autoware/install/tier4_debug_msgs:/home/sws/autoware/install/autoware_lint_common:/home/sws/autoware/install/autoware_auto_mapping_msgs:/home/sws/autoware/install/autoware_auto_geometry_msgs:/opt/ros/humble LD_LIBRARY_PATH=/home/sws/autoware/install/tier4_autoware_utils/lib:/home/sws/autoware/install/kalman_filter/lib:/home/sws/autoware/install/autoware_auto_vehicle_msgs/lib:/home/sws/autoware/install/autoware_auto_planning_msgs/lib:/home/sws/autoware/install/autoware_auto_perception_msgs/lib:/home/sws/autoware/install/tier4_debug_msgs/lib:/home/sws/autoware/install/autoware_auto_mapping_msgs/lib:/home/sws/autoware/install/autoware_auto_geometry_msgs/lib:${LD_LIBRARY_PATH} PYTHONPATH=/home/sws/autoware/install/autoware_auto_vehicle_msgs/local/lib/python3.10/dist-packages:/home/sws/autoware/install/autoware_auto_planning_msgs/local/lib/python3.10/dist-packages:/home/sws/autoware/install/autoware_auto_perception_msgs/local/lib/python3.10/dist-packages:/home/sws/autoware/install/tier4_debug_msgs/local/lib/python3.10/dist-packages:/home/sws/autoware/install/autoware_auto_mapping_msgs/local/lib/python3.10/dist-packages:/home/sws/autoware/install/autoware_auto_geometry_msgs/local/lib/python3.10/dist-packages:${PYTHONPATH} /usr/bin/cmake --build /home/sws/autoware/build/ekf_localizer -- -j16 -l16
[37.792s] [  3%] [32mBuilding CXX object CMakeFiles/ekf_localizer_lib.dir/src/ekf_localizer.cpp.o[0m
[63.265s] [ 11%] [32mBuilding CXX object CMakeFiles/ekf_localizer_lib.dir/src/warning_message.cpp.o[0m
[63.266s] [ 11%] [32mBuilding CXX object CMakeFiles/ekf_localizer_lib.dir/src/state_transition.cpp.o[0m
[63.868s] [ 14%] [32mBuilding CXX object CMakeFiles/ekf_localizer_lib.dir/src/measurement.cpp.o[0m
[64.948s] [ 18%] [32mBuilding CXX object CMakeFiles/ekf_localizer_lib.dir/src/mahalanobis.cpp.o[0m
[65.606s] [ 22%] [32mBuilding CXX object CMakeFiles/ekf_localizer_lib.dir/src/covariance.cpp.o[0m
[70.798s] [ 25%] [32m[1mLinking CXX shared library libekf_localizer_lib.so[0m
[71.464s] [ 25%] Built target ekf_localizer_lib
[71.563s] [ 29%] [32mBuilding CXX object gtest/CMakeFiles/gtest.dir/src/gtest-all.cc.o[0m
[83.465s] [ 33%] [32m[1mLinking CXX static library libgtest.a[0m
[83.517s] [ 33%] Built target gtest
[83.549s] [ 37%] [32mBuilding CXX object CMakeFiles/ekf_localizer.dir/src/ekf_localizer_node.cpp.o[0m
[92.852s] [ 40%] [32m[1mLinking CXX executable ekf_localizer[0m
[93.163s] [ 40%] Built target ekf_localizer
[93.181s] [ 44%] [32mBuilding CXX object gtest/CMakeFiles/gtest_main.dir/src/gtest_main.cc.o[0m
[94.151s] [ 48%] [32m[1mLinking CXX static library libgtest_main.a[0m
[94.180s] [ 48%] Built target gtest_main
[94.200s] [ 51%] [32mBuilding CXX object CMakeFiles/test_aged_object_queue.dir/test/test_aged_object_queue.cpp.o[0m
[96.156s] [ 55%] [32m[1mLinking CXX executable test_aged_object_queue[0m
[97.312s] [ 55%] Built target test_aged_object_queue
[97.340s] [ 59%] [32mBuilding CXX object CMakeFiles/test_string.dir/test/test_string.cpp.o[0m
[97.341s] [ 62%] [32mBuilding CXX object CMakeFiles/test_warning_message.dir/test/test_warning_message.cpp.o[0m
[97.346s] [ 66%] [32mBuilding CXX object CMakeFiles/test_state_transition.dir/test/test_state_transition.cpp.o[0m
[99.254s] [ 70%] [32m[1mLinking CXX executable test_string[0m
[100.713s] [ 74%] [32m[1mLinking CXX executable test_state_transition[0m
[101.081s] [ 74%] Built target test_string
[101.148s] [ 77%] [32mBuilding CXX object CMakeFiles/test_measurement.dir/test/test_measurement.cpp.o[0m
[101.164s] [ 81%] [32mBuilding CXX object CMakeFiles/test_numeric.dir/test/test_numeric.cpp.o[0m
[101.222s] [ 81%] Built target test_state_transition
[101.366s] [ 85%] [32mBuilding CXX object CMakeFiles/test_mahalanobis.dir/test/test_mahalanobis.cpp.o[0m
[103.640s] [ 88%] [32m[1mLinking CXX executable test_warning_message[0m
[104.253s] [ 88%] Built target test_warning_message
[104.802s] [ 92%] [32m[1mLinking CXX executable test_numeric[0m
[105.510s] [ 96%] [32m[1mLinking CXX executable test_measurement[0m
[105.845s] [100%] [32m[1mLinking CXX executable test_mahalanobis[0m
[106.017s] [100%] Built target test_measurement
[106.267s] [100%] Built target test_mahalanobis
[106.577s] [100%] Built target test_numeric
[106.600s] Invoked command in '/home/sws/autoware/build/ekf_localizer' returned '0': AMENT_PREFIX_PATH=/home/sws/autoware/install/tier4_autoware_utils:/home/sws/autoware/install/kalman_filter:/home/sws/autoware/install/autoware_auto_vehicle_msgs:/home/sws/autoware/install/autoware_cmake:/home/sws/autoware/install/autoware_auto_planning_msgs:/home/sws/autoware/install/autoware_auto_perception_msgs:/home/sws/autoware/install/tier4_debug_msgs:/home/sws/autoware/install/autoware_lint_common:/home/sws/autoware/install/autoware_auto_mapping_msgs:/home/sws/autoware/install/autoware_auto_geometry_msgs:${AMENT_PREFIX_PATH} CMAKE_PREFIX_PATH=/home/sws/autoware/install/tier4_autoware_utils:/home/sws/autoware/install/kalman_filter:/home/sws/autoware/install/autoware_auto_vehicle_msgs:/home/sws/autoware/install/autoware_cmake:/home/sws/autoware/install/autoware_auto_planning_msgs:/home/sws/autoware/install/autoware_auto_perception_msgs:/home/sws/autoware/install/tier4_debug_msgs:/home/sws/autoware/install/autoware_lint_common:/home/sws/autoware/install/autoware_auto_mapping_msgs:/home/sws/autoware/install/autoware_auto_geometry_msgs:/opt/ros/humble LD_LIBRARY_PATH=/home/sws/autoware/install/tier4_autoware_utils/lib:/home/sws/autoware/install/kalman_filter/lib:/home/sws/autoware/install/autoware_auto_vehicle_msgs/lib:/home/sws/autoware/install/autoware_auto_planning_msgs/lib:/home/sws/autoware/install/autoware_auto_perception_msgs/lib:/home/sws/autoware/install/tier4_debug_msgs/lib:/home/sws/autoware/install/autoware_auto_mapping_msgs/lib:/home/sws/autoware/install/autoware_auto_geometry_msgs/lib:${LD_LIBRARY_PATH} PYTHONPATH=/home/sws/autoware/install/autoware_auto_vehicle_msgs/local/lib/python3.10/dist-packages:/home/sws/autoware/install/autoware_auto_planning_msgs/local/lib/python3.10/dist-packages:/home/sws/autoware/install/autoware_auto_perception_msgs/local/lib/python3.10/dist-packages:/home/sws/autoware/install/tier4_debug_msgs/local/lib/python3.10/dist-packages:/home/sws/autoware/install/autoware_auto_mapping_msgs/local/lib/python3.10/dist-packages:/home/sws/autoware/install/autoware_auto_geometry_msgs/local/lib/python3.10/dist-packages:${PYTHONPATH} /usr/bin/cmake --build /home/sws/autoware/build/ekf_localizer -- -j16 -l16
[107.396s] Invoking command in '/home/sws/autoware/build/ekf_localizer': AMENT_PREFIX_PATH=/home/sws/autoware/install/tier4_autoware_utils:/home/sws/autoware/install/kalman_filter:/home/sws/autoware/install/autoware_auto_vehicle_msgs:/home/sws/autoware/install/autoware_cmake:/home/sws/autoware/install/autoware_auto_planning_msgs:/home/sws/autoware/install/autoware_auto_perception_msgs:/home/sws/autoware/install/tier4_debug_msgs:/home/sws/autoware/install/autoware_lint_common:/home/sws/autoware/install/autoware_auto_mapping_msgs:/home/sws/autoware/install/autoware_auto_geometry_msgs:${AMENT_PREFIX_PATH} CMAKE_PREFIX_PATH=/home/sws/autoware/install/tier4_autoware_utils:/home/sws/autoware/install/kalman_filter:/home/sws/autoware/install/autoware_auto_vehicle_msgs:/home/sws/autoware/install/autoware_cmake:/home/sws/autoware/install/autoware_auto_planning_msgs:/home/sws/autoware/install/autoware_auto_perception_msgs:/home/sws/autoware/install/tier4_debug_msgs:/home/sws/autoware/install/autoware_lint_common:/home/sws/autoware/install/autoware_auto_mapping_msgs:/home/sws/autoware/install/autoware_auto_geometry_msgs:/opt/ros/humble LD_LIBRARY_PATH=/home/sws/autoware/install/tier4_autoware_utils/lib:/home/sws/autoware/install/kalman_filter/lib:/home/sws/autoware/install/autoware_auto_vehicle_msgs/lib:/home/sws/autoware/install/autoware_auto_planning_msgs/lib:/home/sws/autoware/install/autoware_auto_perception_msgs/lib:/home/sws/autoware/install/tier4_debug_msgs/lib:/home/sws/autoware/install/autoware_auto_mapping_msgs/lib:/home/sws/autoware/install/autoware_auto_geometry_msgs/lib:${LD_LIBRARY_PATH} PYTHONPATH=/home/sws/autoware/install/autoware_auto_vehicle_msgs/local/lib/python3.10/dist-packages:/home/sws/autoware/install/autoware_auto_planning_msgs/local/lib/python3.10/dist-packages:/home/sws/autoware/install/autoware_auto_perception_msgs/local/lib/python3.10/dist-packages:/home/sws/autoware/install/tier4_debug_msgs/local/lib/python3.10/dist-packages:/home/sws/autoware/install/autoware_auto_mapping_msgs/local/lib/python3.10/dist-packages:/home/sws/autoware/install/autoware_auto_geometry_msgs/local/lib/python3.10/dist-packages:${PYTHONPATH} /usr/bin/cmake --install /home/sws/autoware/build/ekf_localizer
[127.300s] -- Install configuration: "Release"
[127.300s] -- Execute custom install script
[127.300s] -- Symlinking: /home/sws/autoware/install/ekf_localizer/include/ekf_localizer/aged_object_queue.hpp
[127.301s] -- Symlinking: /home/sws/autoware/install/ekf_localizer/include/ekf_localizer/covariance.hpp
[127.301s] -- Symlinking: /home/sws/autoware/install/ekf_localizer/include/ekf_localizer/ekf_localizer.hpp
[127.301s] -- Symlinking: /home/sws/autoware/install/ekf_localizer/include/ekf_localizer/hyper_parameters.hpp
[127.301s] -- Symlinking: /home/sws/autoware/install/ekf_localizer/include/ekf_localizer/mahalanobis.hpp
[127.301s] -- Symlinking: /home/sws/autoware/install/ekf_localizer/include/ekf_localizer/matrix_types.hpp
[127.301s] -- Symlinking: /home/sws/autoware/install/ekf_localizer/include/ekf_localizer/measurement.hpp
[127.301s] -- Symlinking: /home/sws/autoware/install/ekf_localizer/include/ekf_localizer/numeric.hpp
[127.304s] -- Symlinking: /home/sws/autoware/install/ekf_localizer/include/ekf_localizer/state_index.hpp
[127.304s] -- Symlinking: /home/sws/autoware/install/ekf_localizer/include/ekf_localizer/state_transition.hpp
[127.304s] -- Symlinking: /home/sws/autoware/install/ekf_localizer/include/ekf_localizer/string.hpp
[127.304s] -- Symlinking: /home/sws/autoware/install/ekf_localizer/include/ekf_localizer/warning.hpp
[127.304s] -- Symlinking: /home/sws/autoware/install/ekf_localizer/include/ekf_localizer/warning_message.hpp
[127.304s] -- Symlinking: /home/sws/autoware/install/ekf_localizer/share/ekf_localizer/environment/library_path.sh
[127.305s] -- Symlinking: /home/sws/autoware/install/ekf_localizer/share/ekf_localizer/environment/library_path.dsv
[127.305s] -- Symlinking: /home/sws/autoware/install/ekf_localizer/lib/libekf_localizer_lib.so
[127.305s] -- Symlinking: /home/sws/autoware/install/ekf_localizer/lib/ekf_localizer/ekf_localizer
[127.305s] -- Symlinking: /home/sws/autoware/install/ekf_localizer/share/ekf_localizer/config/ekf_localizer.param.yaml
[127.305s] -- Symlinking: /home/sws/autoware/install/ekf_localizer/share/ekf_localizer/launch/ekf_localizer.launch.xml
[127.305s] -- Symlinking: /home/sws/autoware/install/ekf_localizer/share/ament_index/resource_index/package_run_dependencies/ekf_localizer
[127.306s] -- Symlinking: /home/sws/autoware/install/ekf_localizer/share/ament_index/resource_index/parent_prefix_path/ekf_localizer
[127.313s] -- Symlinking: /home/sws/autoware/install/ekf_localizer/share/ekf_localizer/environment/ament_prefix_path.sh
[127.313s] -- Symlinking: /home/sws/autoware/install/ekf_localizer/share/ekf_localizer/environment/ament_prefix_path.dsv
[127.313s] -- Symlinking: /home/sws/autoware/install/ekf_localizer/share/ekf_localizer/environment/path.sh
[127.313s] -- Symlinking: /home/sws/autoware/install/ekf_localizer/share/ekf_localizer/environment/path.dsv
[127.313s] -- Symlinking: /home/sws/autoware/install/ekf_localizer/share/ekf_localizer/local_setup.bash
[127.313s] -- Symlinking: /home/sws/autoware/install/ekf_localizer/share/ekf_localizer/local_setup.sh
[127.313s] -- Symlinking: /home/sws/autoware/install/ekf_localizer/share/ekf_localizer/local_setup.zsh
[127.313s] -- Symlinking: /home/sws/autoware/install/ekf_localizer/share/ekf_localizer/local_setup.dsv
[127.314s] -- Symlinking: /home/sws/autoware/install/ekf_localizer/share/ekf_localizer/package.dsv
[127.314s] -- Symlinking: /home/sws/autoware/install/ekf_localizer/share/ament_index/resource_index/packages/ekf_localizer
[127.314s] -- Symlinking: /home/sws/autoware/install/ekf_localizer/share/ekf_localizer/cmake/ament_cmake_export_dependencies-extras.cmake
[127.314s] -- Symlinking: /home/sws/autoware/install/ekf_localizer/share/ekf_localizer/cmake/ament_cmake_export_include_directories-extras.cmake
[127.314s] -- Symlinking: /home/sws/autoware/install/ekf_localizer/share/ekf_localizer/cmake/ament_cmake_export_libraries-extras.cmake
[127.314s] -- Symlinking: /home/sws/autoware/install/ekf_localizer/share/ekf_localizer/cmake/ekf_localizerConfig.cmake
[127.314s] -- Symlinking: /home/sws/autoware/install/ekf_localizer/share/ekf_localizer/cmake/ekf_localizerConfig-version.cmake
[127.314s] -- Symlinking: /home/sws/autoware/install/ekf_localizer/share/ekf_localizer/package.xml
[127.339s] Invoked command in '/home/sws/autoware/build/ekf_localizer' returned '0': AMENT_PREFIX_PATH=/home/sws/autoware/install/tier4_autoware_utils:/home/sws/autoware/install/kalman_filter:/home/sws/autoware/install/autoware_auto_vehicle_msgs:/home/sws/autoware/install/autoware_cmake:/home/sws/autoware/install/autoware_auto_planning_msgs:/home/sws/autoware/install/autoware_auto_perception_msgs:/home/sws/autoware/install/tier4_debug_msgs:/home/sws/autoware/install/autoware_lint_common:/home/sws/autoware/install/autoware_auto_mapping_msgs:/home/sws/autoware/install/autoware_auto_geometry_msgs:${AMENT_PREFIX_PATH} CMAKE_PREFIX_PATH=/home/sws/autoware/install/tier4_autoware_utils:/home/sws/autoware/install/kalman_filter:/home/sws/autoware/install/autoware_auto_vehicle_msgs:/home/sws/autoware/install/autoware_cmake:/home/sws/autoware/install/autoware_auto_planning_msgs:/home/sws/autoware/install/autoware_auto_perception_msgs:/home/sws/autoware/install/tier4_debug_msgs:/home/sws/autoware/install/autoware_lint_common:/home/sws/autoware/install/autoware_auto_mapping_msgs:/home/sws/autoware/install/autoware_auto_geometry_msgs:/opt/ros/humble LD_LIBRARY_PATH=/home/sws/autoware/install/tier4_autoware_utils/lib:/home/sws/autoware/install/kalman_filter/lib:/home/sws/autoware/install/autoware_auto_vehicle_msgs/lib:/home/sws/autoware/install/autoware_auto_planning_msgs/lib:/home/sws/autoware/install/autoware_auto_perception_msgs/lib:/home/sws/autoware/install/tier4_debug_msgs/lib:/home/sws/autoware/install/autoware_auto_mapping_msgs/lib:/home/sws/autoware/install/autoware_auto_geometry_msgs/lib:${LD_LIBRARY_PATH} PYTHONPATH=/home/sws/autoware/install/autoware_auto_vehicle_msgs/local/lib/python3.10/dist-packages:/home/sws/autoware/install/autoware_auto_planning_msgs/local/lib/python3.10/dist-packages:/home/sws/autoware/install/autoware_auto_perception_msgs/local/lib/python3.10/dist-packages:/home/sws/autoware/install/tier4_debug_msgs/local/lib/python3.10/dist-packages:/home/sws/autoware/install/autoware_auto_mapping_msgs/local/lib/python3.10/dist-packages:/home/sws/autoware/install/autoware_auto_geometry_msgs/local/lib/python3.10/dist-packages:${PYTHONPATH} /usr/bin/cmake --install /home/sws/autoware/build/ekf_localizer
