[0.080s] Invoking command in '/home/sws/autoware/build/map_based_prediction': AMENT_PREFIX_PATH=/home/sws/autoware/install/motion_utils:/home/sws/autoware/install/interpolation:/home/sws/autoware/install/tier4_autoware_utils:/home/sws/autoware/install/lanelet2_extension:/home/sws/autoware/install/autoware_utils:/home/sws/autoware/install/autoware_auto_vehicle_msgs:/home/sws/autoware/install/autoware_planning_msgs:/home/sws/autoware/install/autoware_cmake:/home/sws/autoware/install/autoware_auto_planning_msgs:/home/sws/autoware/install/autoware_auto_perception_msgs:/home/sws/autoware/install/tier4_debug_msgs:/home/sws/autoware/install/autoware_lint_common:/home/sws/autoware/install/autoware_common_msgs:/home/sws/autoware/install/autoware_auto_mapping_msgs:/home/sws/autoware/install/autoware_auto_geometry_msgs:${AMENT_PREFIX_PATH} CMAKE_PREFIX_PATH=/home/sws/autoware/install/motion_utils:/home/sws/autoware/install/interpolation:/home/sws/autoware/install/tier4_autoware_utils:/home/sws/autoware/install/lanelet2_extension:/home/sws/autoware/install/autoware_utils:/home/sws/autoware/install/autoware_auto_vehicle_msgs:/home/sws/autoware/install/autoware_planning_msgs:/home/sws/autoware/install/autoware_cmake:/home/sws/autoware/install/autoware_auto_planning_msgs:/home/sws/autoware/install/autoware_auto_perception_msgs:/home/sws/autoware/install/tier4_debug_msgs:/home/sws/autoware/install/autoware_lint_common:/home/sws/autoware/install/autoware_common_msgs:/home/sws/autoware/install/autoware_auto_mapping_msgs:/home/sws/autoware/install/autoware_auto_geometry_msgs:/opt/ros/humble LD_LIBRARY_PATH=/home/sws/autoware/install/motion_utils/lib:/home/sws/autoware/install/interpolation/lib:/home/sws/autoware/install/tier4_autoware_utils/lib:/home/sws/autoware/install/lanelet2_extension/lib:/home/sws/autoware/install/autoware_utils/lib:/home/sws/autoware/install/autoware_auto_vehicle_msgs/lib:/home/sws/autoware/install/autoware_planning_msgs/lib:/home/sws/autoware/install/autoware_auto_planning_msgs/lib:/home/sws/autoware/install/autoware_auto_perception_msgs/lib:/home/sws/autoware/install/tier4_debug_msgs/lib:/home/sws/autoware/install/autoware_common_msgs/lib:/home/sws/autoware/install/autoware_auto_mapping_msgs/lib:/home/sws/autoware/install/autoware_auto_geometry_msgs/lib:${LD_LIBRARY_PATH} PYTHONPATH=/home/sws/autoware/install/autoware_auto_vehicle_msgs/local/lib/python3.10/dist-packages:/home/sws/autoware/install/autoware_planning_msgs/local/lib/python3.10/dist-packages:/home/sws/autoware/install/autoware_auto_planning_msgs/local/lib/python3.10/dist-packages:/home/sws/autoware/install/autoware_auto_perception_msgs/local/lib/python3.10/dist-packages:/home/sws/autoware/install/tier4_debug_msgs/local/lib/python3.10/dist-packages:/home/sws/autoware/install/autoware_common_msgs/local/lib/python3.10/dist-packages:/home/sws/autoware/install/autoware_auto_mapping_msgs/local/lib/python3.10/dist-packages:/home/sws/autoware/install/autoware_auto_geometry_msgs/local/lib/python3.10/dist-packages:${PYTHONPATH} /usr/bin/cmake /home/sws/autoware/src/universe/autoware.universe/perception/map_based_prediction -DCMAKE_BUILD_TYPE=Release -DAMENT_CMAKE_SYMLINK_INSTALL=1 -DCMAKE_INSTALL_PREFIX=/home/sws/autoware/install/map_based_prediction
[16.591s] -- The C compiler identification is GNU 11.3.0
[16.591s] -- The CXX compiler identification is GNU 11.3.0
[16.591s] -- Detecting C compiler ABI info
[16.591s] -- Detecting C compiler ABI info - done
[16.591s] -- Check for working C compiler: /usr/bin/cc - skipped
[16.591s] -- Detecting C compile features
[16.592s] -- Detecting C compile features - done
[16.592s] -- Detecting CXX compiler ABI info
[16.592s] -- Detecting CXX compiler ABI info - done
[16.592s] -- Check for working CXX compiler: /usr/bin/c++ - skipped
[16.592s] -- Detecting CXX compile features
[16.592s] -- Detecting CXX compile features - done
[16.592s] -- Found autoware_cmake: 0.1.0 (/home/sws/autoware/install/autoware_cmake/share/autoware_cmake/cmake)
[16.592s] -- Found Python3: /usr/bin/python3.10 (found version "3.10.6") found components: Interpreter 
[16.592s] -- Override CMake install command with custom implementation using symlinks instead of copying resources
[16.592s] -- Found rosidl_generator_c: 3.1.4 (/opt/ros/humble/share/rosidl_generator_c/cmake)
[16.592s] -- Found rosidl_adapter: 3.1.4 (/opt/ros/humble/share/rosidl_adapter/cmake)
[16.592s] -- Found rosidl_generator_cpp: 3.1.4 (/opt/ros/humble/share/rosidl_generator_cpp/cmake)
[16.592s] -- Using all available rosidl_typesupport_c: rosidl_typesupport_fastrtps_c;rosidl_typesupport_introspection_c
[16.593s] -- Using all available rosidl_typesupport_cpp: rosidl_typesupport_fastrtps_cpp;rosidl_typesupport_introspection_cpp
[16.593s] -- Found rmw_implementation_cmake: 6.1.1 (/opt/ros/humble/share/rmw_implementation_cmake/cmake)
[16.593s] -- Found rmw_fastrtps_cpp: 6.2.2 (/opt/ros/humble/share/rmw_fastrtps_cpp/cmake)
[16.593s] -- Found OpenSSL: /usr/lib/x86_64-linux-gnu/libcrypto.so (found version "3.0.2")  
[16.593s] -- Found FastRTPS: /opt/ros/humble/include  
[16.593s] -- Using RMW implementation 'rmw_fastrtps_cpp' as default
[16.593s] -- Looking for pthread.h
[16.593s] -- Looking for pthread.h - found
[16.593s] -- Performing Test CMAKE_HAVE_LIBC_PTHREAD
[16.593s] -- Performing Test CMAKE_HAVE_LIBC_PTHREAD - Success
[16.593s] -- Found Threads: TRUE  
[16.593s] -- Found eigen3_cmake_module: 0.1.1 (/opt/ros/humble/share/eigen3_cmake_module/cmake)
[16.593s] -- Found Eigen3: TRUE (found version "3.4.0") 
[16.594s] -- Ensuring Eigen3 include directory is part of orocos-kdl CMake target
[16.594s] -- Found mrt_cmake_modules: 1.0.9 (/opt/ros/humble/share/mrt_cmake_modules/cmake)
[16.594s] -- Found Boost: /usr/lib/x86_64-linux-gnu/cmake/Boost-1.74.0/BoostConfig.cmake (found version "1.74.0") found components: wserialization thread random serialization log_setup prg_exec_monitor wave system chrono filesystem locale timer date_time regex graph program_options unit_test_framework log atomic iostreams 
[16.594s] -- Found OpenMP_C: -fopenmp (found version "4.5") 
[16.594s] -- Found OpenMP_CXX: -fopenmp (found version "4.5") 
[16.594s] -- Found OpenMP: TRUE (found version "4.5")  
[16.594s] -- Found pugixml: /usr/lib/x86_64-linux-gnu/libpugixml.so  
[16.594s] -- Found PkgConfig: /usr/bin/pkg-config (found version "0.29.2") 
[16.594s] -- Found GeographicLib: /usr/lib/x86_64-linux-gnu/libGeographic.so  
[16.594s] -- Found ament_lint_auto: 0.12.5 (/opt/ros/humble/share/ament_lint_auto/cmake)
[16.594s] -- Added test 'copyright' to check source files copyright and LICENSE
[16.594s] -- Added test 'cppcheck' to perform static code analysis on C / C++ code
[16.595s] -- Configured cppcheck include dirs: /home/sws/autoware/src/universe/autoware.universe/perception/map_based_prediction/include
[16.595s] -- Configured cppcheck exclude dirs and/or files: 
[16.595s] -- Added test 'lint_cmake' to check CMake code style
[16.595s] -- Added test 'xmllint' to check XML markup files
[16.595s] -- Configuring done
[16.595s] -- Generating done
[16.595s] -- Build files have been written to: /home/sws/autoware/build/map_based_prediction
[16.600s] Invoked command in '/home/sws/autoware/build/map_based_prediction' returned '0': AMENT_PREFIX_PATH=/home/sws/autoware/install/motion_utils:/home/sws/autoware/install/interpolation:/home/sws/autoware/install/tier4_autoware_utils:/home/sws/autoware/install/lanelet2_extension:/home/sws/autoware/install/autoware_utils:/home/sws/autoware/install/autoware_auto_vehicle_msgs:/home/sws/autoware/install/autoware_planning_msgs:/home/sws/autoware/install/autoware_cmake:/home/sws/autoware/install/autoware_auto_planning_msgs:/home/sws/autoware/install/autoware_auto_perception_msgs:/home/sws/autoware/install/tier4_debug_msgs:/home/sws/autoware/install/autoware_lint_common:/home/sws/autoware/install/autoware_common_msgs:/home/sws/autoware/install/autoware_auto_mapping_msgs:/home/sws/autoware/install/autoware_auto_geometry_msgs:${AMENT_PREFIX_PATH} CMAKE_PREFIX_PATH=/home/sws/autoware/install/motion_utils:/home/sws/autoware/install/interpolation:/home/sws/autoware/install/tier4_autoware_utils:/home/sws/autoware/install/lanelet2_extension:/home/sws/autoware/install/autoware_utils:/home/sws/autoware/install/autoware_auto_vehicle_msgs:/home/sws/autoware/install/autoware_planning_msgs:/home/sws/autoware/install/autoware_cmake:/home/sws/autoware/install/autoware_auto_planning_msgs:/home/sws/autoware/install/autoware_auto_perception_msgs:/home/sws/autoware/install/tier4_debug_msgs:/home/sws/autoware/install/autoware_lint_common:/home/sws/autoware/install/autoware_common_msgs:/home/sws/autoware/install/autoware_auto_mapping_msgs:/home/sws/autoware/install/autoware_auto_geometry_msgs:/opt/ros/humble LD_LIBRARY_PATH=/home/sws/autoware/install/motion_utils/lib:/home/sws/autoware/install/interpolation/lib:/home/sws/autoware/install/tier4_autoware_utils/lib:/home/sws/autoware/install/lanelet2_extension/lib:/home/sws/autoware/install/autoware_utils/lib:/home/sws/autoware/install/autoware_auto_vehicle_msgs/lib:/home/sws/autoware/install/autoware_planning_msgs/lib:/home/sws/autoware/install/autoware_auto_planning_msgs/lib:/home/sws/autoware/install/autoware_auto_perception_msgs/lib:/home/sws/autoware/install/tier4_debug_msgs/lib:/home/sws/autoware/install/autoware_common_msgs/lib:/home/sws/autoware/install/autoware_auto_mapping_msgs/lib:/home/sws/autoware/install/autoware_auto_geometry_msgs/lib:${LD_LIBRARY_PATH} PYTHONPATH=/home/sws/autoware/install/autoware_auto_vehicle_msgs/local/lib/python3.10/dist-packages:/home/sws/autoware/install/autoware_planning_msgs/local/lib/python3.10/dist-packages:/home/sws/autoware/install/autoware_auto_planning_msgs/local/lib/python3.10/dist-packages:/home/sws/autoware/install/autoware_auto_perception_msgs/local/lib/python3.10/dist-packages:/home/sws/autoware/install/tier4_debug_msgs/local/lib/python3.10/dist-packages:/home/sws/autoware/install/autoware_common_msgs/local/lib/python3.10/dist-packages:/home/sws/autoware/install/autoware_auto_mapping_msgs/local/lib/python3.10/dist-packages:/home/sws/autoware/install/autoware_auto_geometry_msgs/local/lib/python3.10/dist-packages:${PYTHONPATH} /usr/bin/cmake /home/sws/autoware/src/universe/autoware.universe/perception/map_based_prediction -DCMAKE_BUILD_TYPE=Release -DAMENT_CMAKE_SYMLINK_INSTALL=1 -DCMAKE_INSTALL_PREFIX=/home/sws/autoware/install/map_based_prediction
[16.601s] Invoking command in '/home/sws/autoware/build/map_based_prediction': AMENT_PREFIX_PATH=/home/sws/autoware/install/motion_utils:/home/sws/autoware/install/interpolation:/home/sws/autoware/install/tier4_autoware_utils:/home/sws/autoware/install/lanelet2_extension:/home/sws/autoware/install/autoware_utils:/home/sws/autoware/install/autoware_auto_vehicle_msgs:/home/sws/autoware/install/autoware_planning_msgs:/home/sws/autoware/install/autoware_cmake:/home/sws/autoware/install/autoware_auto_planning_msgs:/home/sws/autoware/install/autoware_auto_perception_msgs:/home/sws/autoware/install/tier4_debug_msgs:/home/sws/autoware/install/autoware_lint_common:/home/sws/autoware/install/autoware_common_msgs:/home/sws/autoware/install/autoware_auto_mapping_msgs:/home/sws/autoware/install/autoware_auto_geometry_msgs:${AMENT_PREFIX_PATH} CMAKE_PREFIX_PATH=/home/sws/autoware/install/motion_utils:/home/sws/autoware/install/interpolation:/home/sws/autoware/install/tier4_autoware_utils:/home/sws/autoware/install/lanelet2_extension:/home/sws/autoware/install/autoware_utils:/home/sws/autoware/install/autoware_auto_vehicle_msgs:/home/sws/autoware/install/autoware_planning_msgs:/home/sws/autoware/install/autoware_cmake:/home/sws/autoware/install/autoware_auto_planning_msgs:/home/sws/autoware/install/autoware_auto_perception_msgs:/home/sws/autoware/install/tier4_debug_msgs:/home/sws/autoware/install/autoware_lint_common:/home/sws/autoware/install/autoware_common_msgs:/home/sws/autoware/install/autoware_auto_mapping_msgs:/home/sws/autoware/install/autoware_auto_geometry_msgs:/opt/ros/humble LD_LIBRARY_PATH=/home/sws/autoware/install/motion_utils/lib:/home/sws/autoware/install/interpolation/lib:/home/sws/autoware/install/tier4_autoware_utils/lib:/home/sws/autoware/install/lanelet2_extension/lib:/home/sws/autoware/install/autoware_utils/lib:/home/sws/autoware/install/autoware_auto_vehicle_msgs/lib:/home/sws/autoware/install/autoware_planning_msgs/lib:/home/sws/autoware/install/autoware_auto_planning_msgs/lib:/home/sws/autoware/install/autoware_auto_perception_msgs/lib:/home/sws/autoware/install/tier4_debug_msgs/lib:/home/sws/autoware/install/autoware_common_msgs/lib:/home/sws/autoware/install/autoware_auto_mapping_msgs/lib:/home/sws/autoware/install/autoware_auto_geometry_msgs/lib:${LD_LIBRARY_PATH} PYTHONPATH=/home/sws/autoware/install/autoware_auto_vehicle_msgs/local/lib/python3.10/dist-packages:/home/sws/autoware/install/autoware_planning_msgs/local/lib/python3.10/dist-packages:/home/sws/autoware/install/autoware_auto_planning_msgs/local/lib/python3.10/dist-packages:/home/sws/autoware/install/autoware_auto_perception_msgs/local/lib/python3.10/dist-packages:/home/sws/autoware/install/tier4_debug_msgs/local/lib/python3.10/dist-packages:/home/sws/autoware/install/autoware_common_msgs/local/lib/python3.10/dist-packages:/home/sws/autoware/install/autoware_auto_mapping_msgs/local/lib/python3.10/dist-packages:/home/sws/autoware/install/autoware_auto_geometry_msgs/local/lib/python3.10/dist-packages:${PYTHONPATH} /usr/bin/cmake --build /home/sws/autoware/build/map_based_prediction -- -j16 -l16
[29.078s] [ 16%] [32mBuilding CXX object CMakeFiles/map_based_prediction_node.dir/src/map_based_prediction_node.cpp.o[0m
[65.915s] [ 33%] [32mBuilding CXX object CMakeFiles/map_based_prediction_node.dir/src/debug.cpp.o[0m
[83.986s] [ 50%] [32mBuilding CXX object CMakeFiles/map_based_prediction_node.dir/src/path_generator.cpp.o[0m
[96.722s] [ 66%] [32m[1mLinking CXX shared library libmap_based_prediction_node.so[0m
[97.236s] [ 66%] Built target map_based_prediction_node
[97.272s] [ 83%] [32mBuilding CXX object CMakeFiles/map_based_prediction.dir/rclcpp_components/node_main_map_based_prediction.cpp.o[0m
[100.765s] [100%] [32m[1mLinking CXX executable map_based_prediction[0m
[100.878s] [100%] Built target map_based_prediction
[100.899s] Invoked command in '/home/sws/autoware/build/map_based_prediction' returned '0': AMENT_PREFIX_PATH=/home/sws/autoware/install/motion_utils:/home/sws/autoware/install/interpolation:/home/sws/autoware/install/tier4_autoware_utils:/home/sws/autoware/install/lanelet2_extension:/home/sws/autoware/install/autoware_utils:/home/sws/autoware/install/autoware_auto_vehicle_msgs:/home/sws/autoware/install/autoware_planning_msgs:/home/sws/autoware/install/autoware_cmake:/home/sws/autoware/install/autoware_auto_planning_msgs:/home/sws/autoware/install/autoware_auto_perception_msgs:/home/sws/autoware/install/tier4_debug_msgs:/home/sws/autoware/install/autoware_lint_common:/home/sws/autoware/install/autoware_common_msgs:/home/sws/autoware/install/autoware_auto_mapping_msgs:/home/sws/autoware/install/autoware_auto_geometry_msgs:${AMENT_PREFIX_PATH} CMAKE_PREFIX_PATH=/home/sws/autoware/install/motion_utils:/home/sws/autoware/install/interpolation:/home/sws/autoware/install/tier4_autoware_utils:/home/sws/autoware/install/lanelet2_extension:/home/sws/autoware/install/autoware_utils:/home/sws/autoware/install/autoware_auto_vehicle_msgs:/home/sws/autoware/install/autoware_planning_msgs:/home/sws/autoware/install/autoware_cmake:/home/sws/autoware/install/autoware_auto_planning_msgs:/home/sws/autoware/install/autoware_auto_perception_msgs:/home/sws/autoware/install/tier4_debug_msgs:/home/sws/autoware/install/autoware_lint_common:/home/sws/autoware/install/autoware_common_msgs:/home/sws/autoware/install/autoware_auto_mapping_msgs:/home/sws/autoware/install/autoware_auto_geometry_msgs:/opt/ros/humble LD_LIBRARY_PATH=/home/sws/autoware/install/motion_utils/lib:/home/sws/autoware/install/interpolation/lib:/home/sws/autoware/install/tier4_autoware_utils/lib:/home/sws/autoware/install/lanelet2_extension/lib:/home/sws/autoware/install/autoware_utils/lib:/home/sws/autoware/install/autoware_auto_vehicle_msgs/lib:/home/sws/autoware/install/autoware_planning_msgs/lib:/home/sws/autoware/install/autoware_auto_planning_msgs/lib:/home/sws/autoware/install/autoware_auto_perception_msgs/lib:/home/sws/autoware/install/tier4_debug_msgs/lib:/home/sws/autoware/install/autoware_common_msgs/lib:/home/sws/autoware/install/autoware_auto_mapping_msgs/lib:/home/sws/autoware/install/autoware_auto_geometry_msgs/lib:${LD_LIBRARY_PATH} PYTHONPATH=/home/sws/autoware/install/autoware_auto_vehicle_msgs/local/lib/python3.10/dist-packages:/home/sws/autoware/install/autoware_planning_msgs/local/lib/python3.10/dist-packages:/home/sws/autoware/install/autoware_auto_planning_msgs/local/lib/python3.10/dist-packages:/home/sws/autoware/install/autoware_auto_perception_msgs/local/lib/python3.10/dist-packages:/home/sws/autoware/install/tier4_debug_msgs/local/lib/python3.10/dist-packages:/home/sws/autoware/install/autoware_common_msgs/local/lib/python3.10/dist-packages:/home/sws/autoware/install/autoware_auto_mapping_msgs/local/lib/python3.10/dist-packages:/home/sws/autoware/install/autoware_auto_geometry_msgs/local/lib/python3.10/dist-packages:${PYTHONPATH} /usr/bin/cmake --build /home/sws/autoware/build/map_based_prediction -- -j16 -l16
[100.924s] Invoking command in '/home/sws/autoware/build/map_based_prediction': AMENT_PREFIX_PATH=/home/sws/autoware/install/motion_utils:/home/sws/autoware/install/interpolation:/home/sws/autoware/install/tier4_autoware_utils:/home/sws/autoware/install/lanelet2_extension:/home/sws/autoware/install/autoware_utils:/home/sws/autoware/install/autoware_auto_vehicle_msgs:/home/sws/autoware/install/autoware_planning_msgs:/home/sws/autoware/install/autoware_cmake:/home/sws/autoware/install/autoware_auto_planning_msgs:/home/sws/autoware/install/autoware_auto_perception_msgs:/home/sws/autoware/install/tier4_debug_msgs:/home/sws/autoware/install/autoware_lint_common:/home/sws/autoware/install/autoware_common_msgs:/home/sws/autoware/install/autoware_auto_mapping_msgs:/home/sws/autoware/install/autoware_auto_geometry_msgs:${AMENT_PREFIX_PATH} CMAKE_PREFIX_PATH=/home/sws/autoware/install/motion_utils:/home/sws/autoware/install/interpolation:/home/sws/autoware/install/tier4_autoware_utils:/home/sws/autoware/install/lanelet2_extension:/home/sws/autoware/install/autoware_utils:/home/sws/autoware/install/autoware_auto_vehicle_msgs:/home/sws/autoware/install/autoware_planning_msgs:/home/sws/autoware/install/autoware_cmake:/home/sws/autoware/install/autoware_auto_planning_msgs:/home/sws/autoware/install/autoware_auto_perception_msgs:/home/sws/autoware/install/tier4_debug_msgs:/home/sws/autoware/install/autoware_lint_common:/home/sws/autoware/install/autoware_common_msgs:/home/sws/autoware/install/autoware_auto_mapping_msgs:/home/sws/autoware/install/autoware_auto_geometry_msgs:/opt/ros/humble LD_LIBRARY_PATH=/home/sws/autoware/install/motion_utils/lib:/home/sws/autoware/install/interpolation/lib:/home/sws/autoware/install/tier4_autoware_utils/lib:/home/sws/autoware/install/lanelet2_extension/lib:/home/sws/autoware/install/autoware_utils/lib:/home/sws/autoware/install/autoware_auto_vehicle_msgs/lib:/home/sws/autoware/install/autoware_planning_msgs/lib:/home/sws/autoware/install/autoware_auto_planning_msgs/lib:/home/sws/autoware/install/autoware_auto_perception_msgs/lib:/home/sws/autoware/install/tier4_debug_msgs/lib:/home/sws/autoware/install/autoware_common_msgs/lib:/home/sws/autoware/install/autoware_auto_mapping_msgs/lib:/home/sws/autoware/install/autoware_auto_geometry_msgs/lib:${LD_LIBRARY_PATH} PYTHONPATH=/home/sws/autoware/install/autoware_auto_vehicle_msgs/local/lib/python3.10/dist-packages:/home/sws/autoware/install/autoware_planning_msgs/local/lib/python3.10/dist-packages:/home/sws/autoware/install/autoware_auto_planning_msgs/local/lib/python3.10/dist-packages:/home/sws/autoware/install/autoware_auto_perception_msgs/local/lib/python3.10/dist-packages:/home/sws/autoware/install/tier4_debug_msgs/local/lib/python3.10/dist-packages:/home/sws/autoware/install/autoware_common_msgs/local/lib/python3.10/dist-packages:/home/sws/autoware/install/autoware_auto_mapping_msgs/local/lib/python3.10/dist-packages:/home/sws/autoware/install/autoware_auto_geometry_msgs/local/lib/python3.10/dist-packages:${PYTHONPATH} /usr/bin/cmake --install /home/sws/autoware/build/map_based_prediction
[128.149s] -- Install configuration: "Release"
[128.149s] -- Execute custom install script
[128.149s] -- Symlinking: /home/sws/autoware/install/map_based_prediction/lib/map_based_prediction/map_based_prediction
[128.149s] -- Symlinking: /home/sws/autoware/install/map_based_prediction/include/map_based_prediction/map_based_prediction_node.hpp
[128.149s] -- Symlinking: /home/sws/autoware/install/map_based_prediction/include/map_based_prediction/path_generator.hpp
[128.150s] -- Symlinking: /home/sws/autoware/install/map_based_prediction/share/map_based_prediction/environment/library_path.sh
[128.150s] -- Symlinking: /home/sws/autoware/install/map_based_prediction/share/map_based_prediction/environment/library_path.dsv
[128.150s] -- Symlinking: /home/sws/autoware/install/map_based_prediction/lib/libmap_based_prediction_node.so
[128.150s] -- Symlinking: /home/sws/autoware/install/map_based_prediction/share/map_based_prediction/config/map_based_prediction.param.yaml
[128.150s] -- Symlinking: /home/sws/autoware/install/map_based_prediction/share/map_based_prediction/launch/map_based_prediction.launch.xml
[128.150s] -- Symlinking: /home/sws/autoware/install/map_based_prediction/share/ament_index/resource_index/package_run_dependencies/map_based_prediction
[128.150s] -- Symlinking: /home/sws/autoware/install/map_based_prediction/share/ament_index/resource_index/parent_prefix_path/map_based_prediction
[128.150s] -- Symlinking: /home/sws/autoware/install/map_based_prediction/share/map_based_prediction/environment/ament_prefix_path.sh
[128.150s] -- Symlinking: /home/sws/autoware/install/map_based_prediction/share/map_based_prediction/environment/ament_prefix_path.dsv
[128.150s] -- Symlinking: /home/sws/autoware/install/map_based_prediction/share/map_based_prediction/environment/path.sh
[128.150s] -- Symlinking: /home/sws/autoware/install/map_based_prediction/share/map_based_prediction/environment/path.dsv
[128.150s] -- Symlinking: /home/sws/autoware/install/map_based_prediction/share/map_based_prediction/local_setup.bash
[128.151s] -- Symlinking: /home/sws/autoware/install/map_based_prediction/share/map_based_prediction/local_setup.sh
[128.151s] -- Symlinking: /home/sws/autoware/install/map_based_prediction/share/map_based_prediction/local_setup.zsh
[128.151s] -- Symlinking: /home/sws/autoware/install/map_based_prediction/share/map_based_prediction/local_setup.dsv
[128.151s] -- Symlinking: /home/sws/autoware/install/map_based_prediction/share/map_based_prediction/package.dsv
[128.151s] -- Symlinking: /home/sws/autoware/install/map_based_prediction/share/ament_index/resource_index/packages/map_based_prediction
[128.151s] -- Symlinking: /home/sws/autoware/install/map_based_prediction/share/ament_index/resource_index/rclcpp_components/map_based_prediction
[128.151s] -- Symlinking: /home/sws/autoware/install/map_based_prediction/share/map_based_prediction/cmake/ament_cmake_export_dependencies-extras.cmake
[128.151s] -- Symlinking: /home/sws/autoware/install/map_based_prediction/share/map_based_prediction/cmake/ament_cmake_export_include_directories-extras.cmake
[128.151s] -- Symlinking: /home/sws/autoware/install/map_based_prediction/share/map_based_prediction/cmake/ament_cmake_export_libraries-extras.cmake
[128.151s] -- Symlinking: /home/sws/autoware/install/map_based_prediction/share/map_based_prediction/cmake/map_based_predictionConfig.cmake
[128.151s] -- Symlinking: /home/sws/autoware/install/map_based_prediction/share/map_based_prediction/cmake/map_based_predictionConfig-version.cmake
[128.152s] -- Symlinking: /home/sws/autoware/install/map_based_prediction/share/map_based_prediction/package.xml
[128.174s] Invoked command in '/home/sws/autoware/build/map_based_prediction' returned '0': AMENT_PREFIX_PATH=/home/sws/autoware/install/motion_utils:/home/sws/autoware/install/interpolation:/home/sws/autoware/install/tier4_autoware_utils:/home/sws/autoware/install/lanelet2_extension:/home/sws/autoware/install/autoware_utils:/home/sws/autoware/install/autoware_auto_vehicle_msgs:/home/sws/autoware/install/autoware_planning_msgs:/home/sws/autoware/install/autoware_cmake:/home/sws/autoware/install/autoware_auto_planning_msgs:/home/sws/autoware/install/autoware_auto_perception_msgs:/home/sws/autoware/install/tier4_debug_msgs:/home/sws/autoware/install/autoware_lint_common:/home/sws/autoware/install/autoware_common_msgs:/home/sws/autoware/install/autoware_auto_mapping_msgs:/home/sws/autoware/install/autoware_auto_geometry_msgs:${AMENT_PREFIX_PATH} CMAKE_PREFIX_PATH=/home/sws/autoware/install/motion_utils:/home/sws/autoware/install/interpolation:/home/sws/autoware/install/tier4_autoware_utils:/home/sws/autoware/install/lanelet2_extension:/home/sws/autoware/install/autoware_utils:/home/sws/autoware/install/autoware_auto_vehicle_msgs:/home/sws/autoware/install/autoware_planning_msgs:/home/sws/autoware/install/autoware_cmake:/home/sws/autoware/install/autoware_auto_planning_msgs:/home/sws/autoware/install/autoware_auto_perception_msgs:/home/sws/autoware/install/tier4_debug_msgs:/home/sws/autoware/install/autoware_lint_common:/home/sws/autoware/install/autoware_common_msgs:/home/sws/autoware/install/autoware_auto_mapping_msgs:/home/sws/autoware/install/autoware_auto_geometry_msgs:/opt/ros/humble LD_LIBRARY_PATH=/home/sws/autoware/install/motion_utils/lib:/home/sws/autoware/install/interpolation/lib:/home/sws/autoware/install/tier4_autoware_utils/lib:/home/sws/autoware/install/lanelet2_extension/lib:/home/sws/autoware/install/autoware_utils/lib:/home/sws/autoware/install/autoware_auto_vehicle_msgs/lib:/home/sws/autoware/install/autoware_planning_msgs/lib:/home/sws/autoware/install/autoware_auto_planning_msgs/lib:/home/sws/autoware/install/autoware_auto_perception_msgs/lib:/home/sws/autoware/install/tier4_debug_msgs/lib:/home/sws/autoware/install/autoware_common_msgs/lib:/home/sws/autoware/install/autoware_auto_mapping_msgs/lib:/home/sws/autoware/install/autoware_auto_geometry_msgs/lib:${LD_LIBRARY_PATH} PYTHONPATH=/home/sws/autoware/install/autoware_auto_vehicle_msgs/local/lib/python3.10/dist-packages:/home/sws/autoware/install/autoware_planning_msgs/local/lib/python3.10/dist-packages:/home/sws/autoware/install/autoware_auto_planning_msgs/local/lib/python3.10/dist-packages:/home/sws/autoware/install/autoware_auto_perception_msgs/local/lib/python3.10/dist-packages:/home/sws/autoware/install/tier4_debug_msgs/local/lib/python3.10/dist-packages:/home/sws/autoware/install/autoware_common_msgs/local/lib/python3.10/dist-packages:/home/sws/autoware/install/autoware_auto_mapping_msgs/local/lib/python3.10/dist-packages:/home/sws/autoware/install/autoware_auto_geometry_msgs/local/lib/python3.10/dist-packages:${PYTHONPATH} /usr/bin/cmake --install /home/sws/autoware/build/map_based_prediction
