-- The C compiler identification is GNU 11.3.0
-- The CXX compiler identification is GNU 11.3.0
-- Detecting C compiler ABI info
-- Detecting C compiler ABI info - done
-- Check for working C compiler: /usr/bin/cc - skipped
-- Detecting C compile features
-- Detecting C compile features - done
-- Detecting CXX compiler ABI info
-- Detecting CXX compiler ABI info - done
-- Check for working CXX compiler: /usr/bin/c++ - skipped
-- Detecting CXX compile features
-- Detecting CXX compile features - done
-- Found autoware_cmake: 0.1.0 (/home/sws/autoware/install/autoware_cmake/share/autoware_cmake/cmake)
-- Found Python3: /usr/bin/python3.10 (found version "3.10.6") found components: Interpreter 
-- Override CMake install command with custom implementation using symlinks instead of copying resources
-- Found rosidl_generator_c: 3.1.4 (/opt/ros/humble/share/rosidl_generator_c/cmake)
-- Found rosidl_adapter: 3.1.4 (/opt/ros/humble/share/rosidl_adapter/cmake)
-- Found rosidl_generator_cpp: 3.1.4 (/opt/ros/humble/share/rosidl_generator_cpp/cmake)
-- Using all available rosidl_typesupport_c: rosidl_typesupport_fastrtps_c;rosidl_typesupport_introspection_c
-- Using all available rosidl_typesupport_cpp: rosidl_typesupport_fastrtps_cpp;rosidl_typesupport_introspection_cpp
-- Found ament_lint_auto: 0.12.5 (/opt/ros/humble/share/ament_lint_auto/cmake)
-- Added test 'copyright' to check source files copyright and LICENSE
-- Added test 'cppcheck' to perform static code analysis on C / C++ code
-- Configured cppcheck include dirs: /home/sws/autoware/src/universe/autoware.universe/common/time_utils/include
-- Configured cppcheck exclude dirs and/or files: 
-- Added test 'lint_cmake' to check CMake code style
-- Added test 'xmllint' to check XML markup files
-- Configuring done
-- Generating done
-- Build files have been written to: /home/sws/autoware/build/time_utils
[ 50%] [32mBuilding CXX object CMakeFiles/time_utils.dir/src/time_utils/time_utils.cpp.o[0m
[100%] [32m[1mLinking CXX shared library libtime_utils.so[0m
[100%] Built target time_utils
-- Install configuration: "Release"
-- Execute custom install script
-- Symlinking: /home/sws/autoware/install/time_utils/include/time_utils/stopwatch.hpp
-- Symlinking: /home/sws/autoware/install/time_utils/include/time_utils/time_utils.hpp
-- Symlinking: /home/sws/autoware/install/time_utils/include/time_utils/visibility_control.hpp
-- Symlinking: /home/sws/autoware/install/time_utils/share/time_utils/environment/library_path.sh
-- Symlinking: /home/sws/autoware/install/time_utils/share/time_utils/environment/library_path.dsv
-- Symlinking: /home/sws/autoware/install/time_utils/lib/libtime_utils.so
-- Symlinking: /home/sws/autoware/install/time_utils/share/ament_index/resource_index/package_run_dependencies/time_utils
-- Symlinking: /home/sws/autoware/install/time_utils/share/ament_index/resource_index/parent_prefix_path/time_utils
-- Symlinking: /home/sws/autoware/install/time_utils/share/time_utils/environment/ament_prefix_path.sh
-- Symlinking: /home/sws/autoware/install/time_utils/share/time_utils/environment/ament_prefix_path.dsv
-- Symlinking: /home/sws/autoware/install/time_utils/share/time_utils/environment/path.sh
-- Symlinking: /home/sws/autoware/install/time_utils/share/time_utils/environment/path.dsv
-- Symlinking: /home/sws/autoware/install/time_utils/share/time_utils/local_setup.bash
-- Symlinking: /home/sws/autoware/install/time_utils/share/time_utils/local_setup.sh
-- Symlinking: /home/sws/autoware/install/time_utils/share/time_utils/local_setup.zsh
-- Symlinking: /home/sws/autoware/install/time_utils/share/time_utils/local_setup.dsv
-- Symlinking: /home/sws/autoware/install/time_utils/share/time_utils/package.dsv
-- Symlinking: /home/sws/autoware/install/time_utils/share/ament_index/resource_index/packages/time_utils
-- Symlinking: /home/sws/autoware/install/time_utils/share/time_utils/cmake/ament_cmake_export_include_directories-extras.cmake
-- Symlinking: /home/sws/autoware/install/time_utils/share/time_utils/cmake/ament_cmake_export_libraries-extras.cmake
-- Symlinking: /home/sws/autoware/install/time_utils/share/time_utils/cmake/time_utilsConfig.cmake
-- Symlinking: /home/sws/autoware/install/time_utils/share/time_utils/cmake/time_utilsConfig-version.cmake
-- Symlinking: /home/sws/autoware/install/time_utils/share/time_utils/package.xml
