-- The C compiler identification is GNU 11.3.0
-- The CXX compiler identification is GNU 11.3.0
-- Detecting C compiler ABI info
-- Detecting C compiler ABI info - done
-- Check for working C compiler: /usr/bin/cc - skipped
-- Detecting C compile features
-- Detecting C compile features - done
-- Detecting CXX compiler ABI info
-- Detecting CXX compiler ABI info - done
-- Check for working CXX compiler: /usr/bin/c++ - skipped
-- Detecting CXX compile features
-- Detecting CXX compile features - done
-- Found tensorrt_common: 0.0.1 (/home/sws/autoware/install/tensorrt_common/share/tensorrt_common/cmake)
-- Found Python3: /usr/bin/python3.10 (found version "3.10.6") found components: Interpreter 
-- Override CMake install command with custom implementation using symlinks instead of copying resources
-- Looking for pthread.h
-- Looking for pthread.h - found
-- Performing Test CMAKE_HAVE_LIBC_PTHREAD
-- Performing Test CMAKE_HAVE_LIBC_PTHREAD - Success
-- Found Threads: TRUE  
-- Found TensorRT headers at /usr/include/x86_64-linux-gnu
-- Found TensorRT libs at /usr/lib/x86_64-linux-gnu/libnvinfer.so;/usr/lib/x86_64-linux-gnu/libnvinfer_plugin.so;/usr/lib/x86_64-linux-gnu/libnvparsers.so;/usr/lib/x86_64-linux-gnu/libnvonnxparser.so
-- Found rosidl_generator_c: 3.1.4 (/opt/ros/humble/share/rosidl_generator_c/cmake)
-- Found rosidl_adapter: 3.1.4 (/opt/ros/humble/share/rosidl_adapter/cmake)
-- Found rosidl_generator_cpp: 3.1.4 (/opt/ros/humble/share/rosidl_generator_cpp/cmake)
-- Using all available rosidl_typesupport_c: rosidl_typesupport_fastrtps_c;rosidl_typesupport_introspection_c
-- Using all available rosidl_typesupport_cpp: rosidl_typesupport_fastrtps_cpp;rosidl_typesupport_introspection_cpp
-- Found rmw_implementation_cmake: 6.1.1 (/opt/ros/humble/share/rmw_implementation_cmake/cmake)
-- Found rmw_fastrtps_cpp: 6.2.2 (/opt/ros/humble/share/rmw_fastrtps_cpp/cmake)
-- Found OpenSSL: /usr/lib/x86_64-linux-gnu/libcrypto.so (found version "3.0.2")  
-- Found FastRTPS: /opt/ros/humble/include  
-- Using RMW implementation 'rmw_fastrtps_cpp' as default
-- Found autoware_cmake: 0.1.0 (/home/sws/autoware/install/autoware_cmake/share/autoware_cmake/cmake)
-- Found eigen3_cmake_module: 0.1.1 (/opt/ros/humble/share/eigen3_cmake_module/cmake)
-- Found Eigen3: TRUE (found version "3.4.0") 
-- Ensuring Eigen3 include directory is part of orocos-kdl CMake target
-- Found ament_lint_auto: 0.12.5 (/opt/ros/humble/share/ament_lint_auto/cmake)
-- Found OpenCV: /usr (found version "4.5.4") 
-- Found OpenMP_C: -fopenmp (found version "4.5") 
-- Found OpenMP_CXX: -fopenmp (found version "4.5") 
-- Found OpenMP: TRUE (found version "4.5")  
-- Checking and downloading yolox-tiny.onnx
-- start yolox-tiny.onnx
-- not found yolox-tiny.onnx
-- File doesn't exists. Downloading now ...
-- Download completed successfully!
-- Checking and downloading label.txt
-- start label.txt
-- not found label.txt
-- File doesn't exists. Downloading now ...
-- Download completed successfully!
-- Added test 'copyright' to check source files copyright and LICENSE
-- Added test 'cppcheck' to perform static code analysis on C / C++ code
-- Configured cppcheck include dirs: /home/sws/autoware/src/universe/autoware.universe/perception/tensorrt_yolox/include
-- Configured cppcheck exclude dirs and/or files: 
-- Added test 'lint_cmake' to check CMake code style
-- Added test 'xmllint' to check XML markup files
-- Configuring done
-- Generating done
-- Build files have been written to: /home/sws/autoware/build/tensorrt_yolox
[ 10%] [32mBuilding CXX object CMakeFiles/tensorrt_yolox.dir/src/tensorrt_yolox.cpp.o[0m
[ 20%] [32m[1mLinking CXX shared library libtensorrt_yolox.so[0m
[ 20%] Built target tensorrt_yolox
[ 30%] [32mBuilding CXX object CMakeFiles/tensorrt_yolox_node_exe.dir/rclcpp_components/node_main_tensorrt_yolox_node_exe.cpp.o[0m
[ 40%] [32m[1mLinking CXX executable tensorrt_yolox_node_exe[0m
[ 40%] Built target tensorrt_yolox_node_exe
[ 50%] [32mBuilding CXX object CMakeFiles/yolox_single_image_inference_node.dir/src/yolox_single_image_inference_node.cpp.o[0m
[ 60%] [32m[1mLinking CXX shared library libyolox_single_image_inference_node.so[0m
[ 60%] Built target yolox_single_image_inference_node
[ 70%] [32mBuilding CXX object CMakeFiles/yolox_single_image_inference.dir/rclcpp_components/node_main_yolox_single_image_inference.cpp.o[0m
[ 80%] [32mBuilding CXX object CMakeFiles/tensorrt_yolox_node.dir/src/tensorrt_yolox_node.cpp.o[0m
[ 90%] [32m[1mLinking CXX executable yolox_single_image_inference[0m
[ 90%] Built target yolox_single_image_inference
[100%] [32m[1mLinking CXX shared library libtensorrt_yolox_node.so[0m
[100%] Built target tensorrt_yolox_node
-- Install configuration: "Release"
-- Execute custom install script
-- Symlinking: /home/sws/autoware/install/tensorrt_yolox/lib/tensorrt_yolox/yolox_single_image_inference
-- Symlinking: /home/sws/autoware/install/tensorrt_yolox/lib/tensorrt_yolox/tensorrt_yolox_node_exe
-- Symlinking: /home/sws/autoware/install/tensorrt_yolox/include/tensorrt_yolox/tensorrt_yolox.hpp
-- Symlinking: /home/sws/autoware/install/tensorrt_yolox/include/tensorrt_yolox/tensorrt_yolox_node.hpp
-- Symlinking: /home/sws/autoware/install/tensorrt_yolox/share/tensorrt_yolox/environment/library_path.sh
-- Symlinking: /home/sws/autoware/install/tensorrt_yolox/share/tensorrt_yolox/environment/library_path.dsv
-- Symlinking: /home/sws/autoware/install/tensorrt_yolox/lib/libtensorrt_yolox.so
-- Symlinking: /home/sws/autoware/install/tensorrt_yolox/lib/libyolox_single_image_inference_node.so
-- Symlinking: /home/sws/autoware/install/tensorrt_yolox/lib/libtensorrt_yolox_node.so
-- Symlinking: /home/sws/autoware/install/tensorrt_yolox/share/tensorrt_yolox/launch/yolox.launch.xml
-- Symlinking: /home/sws/autoware/install/tensorrt_yolox/share/tensorrt_yolox/data/label.txt
-- Symlinking: /home/sws/autoware/install/tensorrt_yolox/share/tensorrt_yolox/data/yolox-tiny.onnx
-- Symlinking: /home/sws/autoware/install/tensorrt_yolox/share/ament_index/resource_index/package_run_dependencies/tensorrt_yolox
-- Symlinking: /home/sws/autoware/install/tensorrt_yolox/share/ament_index/resource_index/parent_prefix_path/tensorrt_yolox
-- Symlinking: /home/sws/autoware/install/tensorrt_yolox/share/tensorrt_yolox/environment/ament_prefix_path.sh
-- Symlinking: /home/sws/autoware/install/tensorrt_yolox/share/tensorrt_yolox/environment/ament_prefix_path.dsv
-- Symlinking: /home/sws/autoware/install/tensorrt_yolox/share/tensorrt_yolox/environment/path.sh
-- Symlinking: /home/sws/autoware/install/tensorrt_yolox/share/tensorrt_yolox/environment/path.dsv
-- Symlinking: /home/sws/autoware/install/tensorrt_yolox/share/tensorrt_yolox/local_setup.bash
-- Symlinking: /home/sws/autoware/install/tensorrt_yolox/share/tensorrt_yolox/local_setup.sh
-- Symlinking: /home/sws/autoware/install/tensorrt_yolox/share/tensorrt_yolox/local_setup.zsh
-- Symlinking: /home/sws/autoware/install/tensorrt_yolox/share/tensorrt_yolox/local_setup.dsv
-- Symlinking: /home/sws/autoware/install/tensorrt_yolox/share/tensorrt_yolox/package.dsv
-- Symlinking: /home/sws/autoware/install/tensorrt_yolox/share/ament_index/resource_index/packages/tensorrt_yolox
-- Symlinking: /home/sws/autoware/install/tensorrt_yolox/share/ament_index/resource_index/rclcpp_components/tensorrt_yolox
-- Symlinking: /home/sws/autoware/install/tensorrt_yolox/share/tensorrt_yolox/cmake/ament_cmake_export_dependencies-extras.cmake
-- Symlinking: /home/sws/autoware/install/tensorrt_yolox/share/tensorrt_yolox/cmake/ament_cmake_export_include_directories-extras.cmake
-- Symlinking: /home/sws/autoware/install/tensorrt_yolox/share/tensorrt_yolox/cmake/ament_cmake_export_libraries-extras.cmake
-- Symlinking: /home/sws/autoware/install/tensorrt_yolox/share/tensorrt_yolox/cmake/tensorrt_yoloxConfig.cmake
-- Symlinking: /home/sws/autoware/install/tensorrt_yolox/share/tensorrt_yolox/cmake/tensorrt_yoloxConfig-version.cmake
-- Symlinking: /home/sws/autoware/install/tensorrt_yolox/share/tensorrt_yolox/package.xml
