[0.085s] Invoking command in '/home/sws/autoware/build/tensorrt_yolox': AMENT_PREFIX_PATH=/home/sws/autoware/install/perception_utils:/home/sws/autoware/install/interpolation:/home/sws/autoware/install/tier4_autoware_utils:/home/sws/autoware/install/tier4_perception_msgs:/home/sws/autoware/install/tensorrt_common:/home/sws/autoware/install/image_transport_decompressor:/home/sws/autoware/install/cuda_utils:/home/sws/autoware/install/autoware_auto_vehicle_msgs:/home/sws/autoware/install/autoware_cmake:/home/sws/autoware/install/autoware_auto_planning_msgs:/home/sws/autoware/install/autoware_auto_perception_msgs:/home/sws/autoware/install/tier4_debug_msgs:/home/sws/autoware/install/autoware_lint_common:/home/sws/autoware/install/autoware_auto_mapping_msgs:/home/sws/autoware/install/autoware_auto_geometry_msgs:${AMENT_PREFIX_PATH} CMAKE_PREFIX_PATH=/home/sws/autoware/install/perception_utils:/home/sws/autoware/install/interpolation:/home/sws/autoware/install/tier4_autoware_utils:/home/sws/autoware/install/tier4_perception_msgs:/home/sws/autoware/install/tensorrt_common:/home/sws/autoware/install/image_transport_decompressor:/home/sws/autoware/install/cuda_utils:/home/sws/autoware/install/autoware_auto_vehicle_msgs:/home/sws/autoware/install/autoware_cmake:/home/sws/autoware/install/autoware_auto_planning_msgs:/home/sws/autoware/install/autoware_auto_perception_msgs:/home/sws/autoware/install/tier4_debug_msgs:/home/sws/autoware/install/autoware_lint_common:/home/sws/autoware/install/autoware_auto_mapping_msgs:/home/sws/autoware/install/autoware_auto_geometry_msgs:/opt/ros/humble LD_LIBRARY_PATH=/home/sws/autoware/install/perception_utils/lib:/home/sws/autoware/install/interpolation/lib:/home/sws/autoware/install/tier4_autoware_utils/lib:/home/sws/autoware/install/tier4_perception_msgs/lib:/home/sws/autoware/install/tensorrt_common/lib:/home/sws/autoware/install/image_transport_decompressor/lib:/home/sws/autoware/install/autoware_auto_vehicle_msgs/lib:/home/sws/autoware/install/autoware_auto_planning_msgs/lib:/home/sws/autoware/install/autoware_auto_perception_msgs/lib:/home/sws/autoware/install/tier4_debug_msgs/lib:/home/sws/autoware/install/autoware_auto_mapping_msgs/lib:/home/sws/autoware/install/autoware_auto_geometry_msgs/lib:${LD_LIBRARY_PATH} PYTHONPATH=/home/sws/autoware/install/tier4_perception_msgs/local/lib/python3.10/dist-packages:/home/sws/autoware/install/autoware_auto_vehicle_msgs/local/lib/python3.10/dist-packages:/home/sws/autoware/install/autoware_auto_planning_msgs/local/lib/python3.10/dist-packages:/home/sws/autoware/install/autoware_auto_perception_msgs/local/lib/python3.10/dist-packages:/home/sws/autoware/install/tier4_debug_msgs/local/lib/python3.10/dist-packages:/home/sws/autoware/install/autoware_auto_mapping_msgs/local/lib/python3.10/dist-packages:/home/sws/autoware/install/autoware_auto_geometry_msgs/local/lib/python3.10/dist-packages:${PYTHONPATH} /usr/bin/cmake /home/sws/autoware/src/universe/autoware.universe/perception/tensorrt_yolox -DCMAKE_BUILD_TYPE=Release -DAMENT_CMAKE_SYMLINK_INSTALL=1 -DCMAKE_INSTALL_PREFIX=/home/sws/autoware/install/tensorrt_yolox
[10.818s] -- The C compiler identification is GNU 11.3.0
[10.819s] -- The CXX compiler identification is GNU 11.3.0
[10.819s] -- Detecting C compiler ABI info
[10.819s] -- Detecting C compiler ABI info - done
[10.819s] -- Check for working C compiler: /usr/bin/cc - skipped
[10.819s] -- Detecting C compile features
[10.819s] -- Detecting C compile features - done
[10.819s] -- Detecting CXX compiler ABI info
[10.819s] -- Detecting CXX compiler ABI info - done
[10.820s] -- Check for working CXX compiler: /usr/bin/c++ - skipped
[10.820s] -- Detecting CXX compile features
[10.820s] -- Detecting CXX compile features - done
[10.820s] -- Found tensorrt_common: 0.0.1 (/home/sws/autoware/install/tensorrt_common/share/tensorrt_common/cmake)
[10.820s] -- Found Python3: /usr/bin/python3.10 (found version "3.10.6") found components: Interpreter 
[10.820s] -- Override CMake install command with custom implementation using symlinks instead of copying resources
[10.820s] -- Looking for pthread.h
[10.820s] -- Looking for pthread.h - found
[10.820s] -- Performing Test CMAKE_HAVE_LIBC_PTHREAD
[10.820s] -- Performing Test CMAKE_HAVE_LIBC_PTHREAD - Success
[10.820s] -- Found Threads: TRUE  
[10.821s] -- Found TensorRT headers at /usr/include/x86_64-linux-gnu
[10.821s] -- Found TensorRT libs at /usr/lib/x86_64-linux-gnu/libnvinfer.so;/usr/lib/x86_64-linux-gnu/libnvinfer_plugin.so;/usr/lib/x86_64-linux-gnu/libnvparsers.so;/usr/lib/x86_64-linux-gnu/libnvonnxparser.so
[10.821s] -- Found rosidl_generator_c: 3.1.4 (/opt/ros/humble/share/rosidl_generator_c/cmake)
[10.821s] -- Found rosidl_adapter: 3.1.4 (/opt/ros/humble/share/rosidl_adapter/cmake)
[10.821s] -- Found rosidl_generator_cpp: 3.1.4 (/opt/ros/humble/share/rosidl_generator_cpp/cmake)
[10.821s] -- Using all available rosidl_typesupport_c: rosidl_typesupport_fastrtps_c;rosidl_typesupport_introspection_c
[10.821s] -- Using all available rosidl_typesupport_cpp: rosidl_typesupport_fastrtps_cpp;rosidl_typesupport_introspection_cpp
[10.821s] -- Found rmw_implementation_cmake: 6.1.1 (/opt/ros/humble/share/rmw_implementation_cmake/cmake)
[10.821s] -- Found rmw_fastrtps_cpp: 6.2.2 (/opt/ros/humble/share/rmw_fastrtps_cpp/cmake)
[10.821s] -- Found OpenSSL: /usr/lib/x86_64-linux-gnu/libcrypto.so (found version "3.0.2")  
[10.822s] -- Found FastRTPS: /opt/ros/humble/include  
[10.822s] -- Using RMW implementation 'rmw_fastrtps_cpp' as default
[10.822s] -- Found autoware_cmake: 0.1.0 (/home/sws/autoware/install/autoware_cmake/share/autoware_cmake/cmake)
[10.822s] -- Found eigen3_cmake_module: 0.1.1 (/opt/ros/humble/share/eigen3_cmake_module/cmake)
[10.822s] -- Found Eigen3: TRUE (found version "3.4.0") 
[10.822s] -- Ensuring Eigen3 include directory is part of orocos-kdl CMake target
[10.822s] -- Found ament_lint_auto: 0.12.5 (/opt/ros/humble/share/ament_lint_auto/cmake)
[10.822s] -- Found OpenCV: /usr (found version "4.5.4") 
[10.822s] -- Found OpenMP_C: -fopenmp (found version "4.5") 
[10.822s] -- Found OpenMP_CXX: -fopenmp (found version "4.5") 
[10.822s] -- Found OpenMP: TRUE (found version "4.5")  
[10.823s] -- Checking and downloading yolox-tiny.onnx
[10.823s] -- start yolox-tiny.onnx
[10.823s] -- not found yolox-tiny.onnx
[10.823s] -- File doesn't exists. Downloading now ...
[10.823s] -- Download completed successfully!
[10.823s] -- Checking and downloading label.txt
[10.823s] -- start label.txt
[10.823s] -- not found label.txt
[10.823s] -- File doesn't exists. Downloading now ...
[10.823s] -- Download completed successfully!
[11.568s] -- Added test 'copyright' to check source files copyright and LICENSE
[11.570s] -- Added test 'cppcheck' to perform static code analysis on C / C++ code
[11.572s] -- Configured cppcheck include dirs: /home/sws/autoware/src/universe/autoware.universe/perception/tensorrt_yolox/include
[11.572s] -- Configured cppcheck exclude dirs and/or files: 
[11.574s] -- Added test 'lint_cmake' to check CMake code style
[11.575s] -- Added test 'xmllint' to check XML markup files
[11.581s] -- Configuring done
[11.871s] -- Generating done
[11.875s] -- Build files have been written to: /home/sws/autoware/build/tensorrt_yolox
[11.904s] Invoked command in '/home/sws/autoware/build/tensorrt_yolox' returned '0': AMENT_PREFIX_PATH=/home/sws/autoware/install/perception_utils:/home/sws/autoware/install/interpolation:/home/sws/autoware/install/tier4_autoware_utils:/home/sws/autoware/install/tier4_perception_msgs:/home/sws/autoware/install/tensorrt_common:/home/sws/autoware/install/image_transport_decompressor:/home/sws/autoware/install/cuda_utils:/home/sws/autoware/install/autoware_auto_vehicle_msgs:/home/sws/autoware/install/autoware_cmake:/home/sws/autoware/install/autoware_auto_planning_msgs:/home/sws/autoware/install/autoware_auto_perception_msgs:/home/sws/autoware/install/tier4_debug_msgs:/home/sws/autoware/install/autoware_lint_common:/home/sws/autoware/install/autoware_auto_mapping_msgs:/home/sws/autoware/install/autoware_auto_geometry_msgs:${AMENT_PREFIX_PATH} CMAKE_PREFIX_PATH=/home/sws/autoware/install/perception_utils:/home/sws/autoware/install/interpolation:/home/sws/autoware/install/tier4_autoware_utils:/home/sws/autoware/install/tier4_perception_msgs:/home/sws/autoware/install/tensorrt_common:/home/sws/autoware/install/image_transport_decompressor:/home/sws/autoware/install/cuda_utils:/home/sws/autoware/install/autoware_auto_vehicle_msgs:/home/sws/autoware/install/autoware_cmake:/home/sws/autoware/install/autoware_auto_planning_msgs:/home/sws/autoware/install/autoware_auto_perception_msgs:/home/sws/autoware/install/tier4_debug_msgs:/home/sws/autoware/install/autoware_lint_common:/home/sws/autoware/install/autoware_auto_mapping_msgs:/home/sws/autoware/install/autoware_auto_geometry_msgs:/opt/ros/humble LD_LIBRARY_PATH=/home/sws/autoware/install/perception_utils/lib:/home/sws/autoware/install/interpolation/lib:/home/sws/autoware/install/tier4_autoware_utils/lib:/home/sws/autoware/install/tier4_perception_msgs/lib:/home/sws/autoware/install/tensorrt_common/lib:/home/sws/autoware/install/image_transport_decompressor/lib:/home/sws/autoware/install/autoware_auto_vehicle_msgs/lib:/home/sws/autoware/install/autoware_auto_planning_msgs/lib:/home/sws/autoware/install/autoware_auto_perception_msgs/lib:/home/sws/autoware/install/tier4_debug_msgs/lib:/home/sws/autoware/install/autoware_auto_mapping_msgs/lib:/home/sws/autoware/install/autoware_auto_geometry_msgs/lib:${LD_LIBRARY_PATH} PYTHONPATH=/home/sws/autoware/install/tier4_perception_msgs/local/lib/python3.10/dist-packages:/home/sws/autoware/install/autoware_auto_vehicle_msgs/local/lib/python3.10/dist-packages:/home/sws/autoware/install/autoware_auto_planning_msgs/local/lib/python3.10/dist-packages:/home/sws/autoware/install/autoware_auto_perception_msgs/local/lib/python3.10/dist-packages:/home/sws/autoware/install/tier4_debug_msgs/local/lib/python3.10/dist-packages:/home/sws/autoware/install/autoware_auto_mapping_msgs/local/lib/python3.10/dist-packages:/home/sws/autoware/install/autoware_auto_geometry_msgs/local/lib/python3.10/dist-packages:${PYTHONPATH} /usr/bin/cmake /home/sws/autoware/src/universe/autoware.universe/perception/tensorrt_yolox -DCMAKE_BUILD_TYPE=Release -DAMENT_CMAKE_SYMLINK_INSTALL=1 -DCMAKE_INSTALL_PREFIX=/home/sws/autoware/install/tensorrt_yolox
[11.905s] Invoking command in '/home/sws/autoware/build/tensorrt_yolox': AMENT_PREFIX_PATH=/home/sws/autoware/install/perception_utils:/home/sws/autoware/install/interpolation:/home/sws/autoware/install/tier4_autoware_utils:/home/sws/autoware/install/tier4_perception_msgs:/home/sws/autoware/install/tensorrt_common:/home/sws/autoware/install/image_transport_decompressor:/home/sws/autoware/install/cuda_utils:/home/sws/autoware/install/autoware_auto_vehicle_msgs:/home/sws/autoware/install/autoware_cmake:/home/sws/autoware/install/autoware_auto_planning_msgs:/home/sws/autoware/install/autoware_auto_perception_msgs:/home/sws/autoware/install/tier4_debug_msgs:/home/sws/autoware/install/autoware_lint_common:/home/sws/autoware/install/autoware_auto_mapping_msgs:/home/sws/autoware/install/autoware_auto_geometry_msgs:${AMENT_PREFIX_PATH} CMAKE_PREFIX_PATH=/home/sws/autoware/install/perception_utils:/home/sws/autoware/install/interpolation:/home/sws/autoware/install/tier4_autoware_utils:/home/sws/autoware/install/tier4_perception_msgs:/home/sws/autoware/install/tensorrt_common:/home/sws/autoware/install/image_transport_decompressor:/home/sws/autoware/install/cuda_utils:/home/sws/autoware/install/autoware_auto_vehicle_msgs:/home/sws/autoware/install/autoware_cmake:/home/sws/autoware/install/autoware_auto_planning_msgs:/home/sws/autoware/install/autoware_auto_perception_msgs:/home/sws/autoware/install/tier4_debug_msgs:/home/sws/autoware/install/autoware_lint_common:/home/sws/autoware/install/autoware_auto_mapping_msgs:/home/sws/autoware/install/autoware_auto_geometry_msgs:/opt/ros/humble LD_LIBRARY_PATH=/home/sws/autoware/install/perception_utils/lib:/home/sws/autoware/install/interpolation/lib:/home/sws/autoware/install/tier4_autoware_utils/lib:/home/sws/autoware/install/tier4_perception_msgs/lib:/home/sws/autoware/install/tensorrt_common/lib:/home/sws/autoware/install/image_transport_decompressor/lib:/home/sws/autoware/install/autoware_auto_vehicle_msgs/lib:/home/sws/autoware/install/autoware_auto_planning_msgs/lib:/home/sws/autoware/install/autoware_auto_perception_msgs/lib:/home/sws/autoware/install/tier4_debug_msgs/lib:/home/sws/autoware/install/autoware_auto_mapping_msgs/lib:/home/sws/autoware/install/autoware_auto_geometry_msgs/lib:${LD_LIBRARY_PATH} PYTHONPATH=/home/sws/autoware/install/tier4_perception_msgs/local/lib/python3.10/dist-packages:/home/sws/autoware/install/autoware_auto_vehicle_msgs/local/lib/python3.10/dist-packages:/home/sws/autoware/install/autoware_auto_planning_msgs/local/lib/python3.10/dist-packages:/home/sws/autoware/install/autoware_auto_perception_msgs/local/lib/python3.10/dist-packages:/home/sws/autoware/install/tier4_debug_msgs/local/lib/python3.10/dist-packages:/home/sws/autoware/install/autoware_auto_mapping_msgs/local/lib/python3.10/dist-packages:/home/sws/autoware/install/autoware_auto_geometry_msgs/local/lib/python3.10/dist-packages:${PYTHONPATH} /usr/bin/cmake --build /home/sws/autoware/build/tensorrt_yolox -- -j16 -l16
[50.315s] [ 10%] [32mBuilding CXX object CMakeFiles/tensorrt_yolox.dir/src/tensorrt_yolox.cpp.o[0m
[50.315s] [ 20%] [32m[1mLinking CXX shared library libtensorrt_yolox.so[0m
[50.315s] [ 20%] Built target tensorrt_yolox
[50.315s] [ 30%] [32mBuilding CXX object CMakeFiles/tensorrt_yolox_node_exe.dir/rclcpp_components/node_main_tensorrt_yolox_node_exe.cpp.o[0m
[50.315s] [ 40%] [32m[1mLinking CXX executable tensorrt_yolox_node_exe[0m
[50.315s] [ 40%] Built target tensorrt_yolox_node_exe
[50.315s] [ 50%] [32mBuilding CXX object CMakeFiles/yolox_single_image_inference_node.dir/src/yolox_single_image_inference_node.cpp.o[0m
[50.315s] [ 60%] [32m[1mLinking CXX shared library libyolox_single_image_inference_node.so[0m
[50.315s] [ 60%] Built target yolox_single_image_inference_node
[50.315s] [ 70%] [32mBuilding CXX object CMakeFiles/yolox_single_image_inference.dir/rclcpp_components/node_main_yolox_single_image_inference.cpp.o[0m
[50.316s] [ 80%] [32mBuilding CXX object CMakeFiles/tensorrt_yolox_node.dir/src/tensorrt_yolox_node.cpp.o[0m
[50.316s] [ 90%] [32m[1mLinking CXX executable yolox_single_image_inference[0m
[50.316s] [ 90%] Built target yolox_single_image_inference
[51.572s] [100%] [32m[1mLinking CXX shared library libtensorrt_yolox_node.so[0m
[52.244s] [100%] Built target tensorrt_yolox_node
[52.265s] Invoked command in '/home/sws/autoware/build/tensorrt_yolox' returned '0': AMENT_PREFIX_PATH=/home/sws/autoware/install/perception_utils:/home/sws/autoware/install/interpolation:/home/sws/autoware/install/tier4_autoware_utils:/home/sws/autoware/install/tier4_perception_msgs:/home/sws/autoware/install/tensorrt_common:/home/sws/autoware/install/image_transport_decompressor:/home/sws/autoware/install/cuda_utils:/home/sws/autoware/install/autoware_auto_vehicle_msgs:/home/sws/autoware/install/autoware_cmake:/home/sws/autoware/install/autoware_auto_planning_msgs:/home/sws/autoware/install/autoware_auto_perception_msgs:/home/sws/autoware/install/tier4_debug_msgs:/home/sws/autoware/install/autoware_lint_common:/home/sws/autoware/install/autoware_auto_mapping_msgs:/home/sws/autoware/install/autoware_auto_geometry_msgs:${AMENT_PREFIX_PATH} CMAKE_PREFIX_PATH=/home/sws/autoware/install/perception_utils:/home/sws/autoware/install/interpolation:/home/sws/autoware/install/tier4_autoware_utils:/home/sws/autoware/install/tier4_perception_msgs:/home/sws/autoware/install/tensorrt_common:/home/sws/autoware/install/image_transport_decompressor:/home/sws/autoware/install/cuda_utils:/home/sws/autoware/install/autoware_auto_vehicle_msgs:/home/sws/autoware/install/autoware_cmake:/home/sws/autoware/install/autoware_auto_planning_msgs:/home/sws/autoware/install/autoware_auto_perception_msgs:/home/sws/autoware/install/tier4_debug_msgs:/home/sws/autoware/install/autoware_lint_common:/home/sws/autoware/install/autoware_auto_mapping_msgs:/home/sws/autoware/install/autoware_auto_geometry_msgs:/opt/ros/humble LD_LIBRARY_PATH=/home/sws/autoware/install/perception_utils/lib:/home/sws/autoware/install/interpolation/lib:/home/sws/autoware/install/tier4_autoware_utils/lib:/home/sws/autoware/install/tier4_perception_msgs/lib:/home/sws/autoware/install/tensorrt_common/lib:/home/sws/autoware/install/image_transport_decompressor/lib:/home/sws/autoware/install/autoware_auto_vehicle_msgs/lib:/home/sws/autoware/install/autoware_auto_planning_msgs/lib:/home/sws/autoware/install/autoware_auto_perception_msgs/lib:/home/sws/autoware/install/tier4_debug_msgs/lib:/home/sws/autoware/install/autoware_auto_mapping_msgs/lib:/home/sws/autoware/install/autoware_auto_geometry_msgs/lib:${LD_LIBRARY_PATH} PYTHONPATH=/home/sws/autoware/install/tier4_perception_msgs/local/lib/python3.10/dist-packages:/home/sws/autoware/install/autoware_auto_vehicle_msgs/local/lib/python3.10/dist-packages:/home/sws/autoware/install/autoware_auto_planning_msgs/local/lib/python3.10/dist-packages:/home/sws/autoware/install/autoware_auto_perception_msgs/local/lib/python3.10/dist-packages:/home/sws/autoware/install/tier4_debug_msgs/local/lib/python3.10/dist-packages:/home/sws/autoware/install/autoware_auto_mapping_msgs/local/lib/python3.10/dist-packages:/home/sws/autoware/install/autoware_auto_geometry_msgs/local/lib/python3.10/dist-packages:${PYTHONPATH} /usr/bin/cmake --build /home/sws/autoware/build/tensorrt_yolox -- -j16 -l16
[52.316s] Invoking command in '/home/sws/autoware/build/tensorrt_yolox': AMENT_PREFIX_PATH=/home/sws/autoware/install/perception_utils:/home/sws/autoware/install/interpolation:/home/sws/autoware/install/tier4_autoware_utils:/home/sws/autoware/install/tier4_perception_msgs:/home/sws/autoware/install/tensorrt_common:/home/sws/autoware/install/image_transport_decompressor:/home/sws/autoware/install/cuda_utils:/home/sws/autoware/install/autoware_auto_vehicle_msgs:/home/sws/autoware/install/autoware_cmake:/home/sws/autoware/install/autoware_auto_planning_msgs:/home/sws/autoware/install/autoware_auto_perception_msgs:/home/sws/autoware/install/tier4_debug_msgs:/home/sws/autoware/install/autoware_lint_common:/home/sws/autoware/install/autoware_auto_mapping_msgs:/home/sws/autoware/install/autoware_auto_geometry_msgs:${AMENT_PREFIX_PATH} CMAKE_PREFIX_PATH=/home/sws/autoware/install/perception_utils:/home/sws/autoware/install/interpolation:/home/sws/autoware/install/tier4_autoware_utils:/home/sws/autoware/install/tier4_perception_msgs:/home/sws/autoware/install/tensorrt_common:/home/sws/autoware/install/image_transport_decompressor:/home/sws/autoware/install/cuda_utils:/home/sws/autoware/install/autoware_auto_vehicle_msgs:/home/sws/autoware/install/autoware_cmake:/home/sws/autoware/install/autoware_auto_planning_msgs:/home/sws/autoware/install/autoware_auto_perception_msgs:/home/sws/autoware/install/tier4_debug_msgs:/home/sws/autoware/install/autoware_lint_common:/home/sws/autoware/install/autoware_auto_mapping_msgs:/home/sws/autoware/install/autoware_auto_geometry_msgs:/opt/ros/humble LD_LIBRARY_PATH=/home/sws/autoware/install/perception_utils/lib:/home/sws/autoware/install/interpolation/lib:/home/sws/autoware/install/tier4_autoware_utils/lib:/home/sws/autoware/install/tier4_perception_msgs/lib:/home/sws/autoware/install/tensorrt_common/lib:/home/sws/autoware/install/image_transport_decompressor/lib:/home/sws/autoware/install/autoware_auto_vehicle_msgs/lib:/home/sws/autoware/install/autoware_auto_planning_msgs/lib:/home/sws/autoware/install/autoware_auto_perception_msgs/lib:/home/sws/autoware/install/tier4_debug_msgs/lib:/home/sws/autoware/install/autoware_auto_mapping_msgs/lib:/home/sws/autoware/install/autoware_auto_geometry_msgs/lib:${LD_LIBRARY_PATH} PYTHONPATH=/home/sws/autoware/install/tier4_perception_msgs/local/lib/python3.10/dist-packages:/home/sws/autoware/install/autoware_auto_vehicle_msgs/local/lib/python3.10/dist-packages:/home/sws/autoware/install/autoware_auto_planning_msgs/local/lib/python3.10/dist-packages:/home/sws/autoware/install/autoware_auto_perception_msgs/local/lib/python3.10/dist-packages:/home/sws/autoware/install/tier4_debug_msgs/local/lib/python3.10/dist-packages:/home/sws/autoware/install/autoware_auto_mapping_msgs/local/lib/python3.10/dist-packages:/home/sws/autoware/install/autoware_auto_geometry_msgs/local/lib/python3.10/dist-packages:${PYTHONPATH} /usr/bin/cmake --install /home/sws/autoware/build/tensorrt_yolox
[79.253s] -- Install configuration: "Release"
[79.253s] -- Execute custom install script
[79.254s] -- Symlinking: /home/sws/autoware/install/tensorrt_yolox/lib/tensorrt_yolox/yolox_single_image_inference
[79.254s] -- Symlinking: /home/sws/autoware/install/tensorrt_yolox/lib/tensorrt_yolox/tensorrt_yolox_node_exe
[79.255s] -- Symlinking: /home/sws/autoware/install/tensorrt_yolox/include/tensorrt_yolox/tensorrt_yolox.hpp
[79.259s] -- Symlinking: /home/sws/autoware/install/tensorrt_yolox/include/tensorrt_yolox/tensorrt_yolox_node.hpp
[79.259s] -- Symlinking: /home/sws/autoware/install/tensorrt_yolox/share/tensorrt_yolox/environment/library_path.sh
[79.259s] -- Symlinking: /home/sws/autoware/install/tensorrt_yolox/share/tensorrt_yolox/environment/library_path.dsv
[79.259s] -- Symlinking: /home/sws/autoware/install/tensorrt_yolox/lib/libtensorrt_yolox.so
[79.259s] -- Symlinking: /home/sws/autoware/install/tensorrt_yolox/lib/libyolox_single_image_inference_node.so
[79.259s] -- Symlinking: /home/sws/autoware/install/tensorrt_yolox/lib/libtensorrt_yolox_node.so
[79.260s] -- Symlinking: /home/sws/autoware/install/tensorrt_yolox/share/tensorrt_yolox/launch/yolox.launch.xml
[79.260s] -- Symlinking: /home/sws/autoware/install/tensorrt_yolox/share/tensorrt_yolox/data/label.txt
[79.260s] -- Symlinking: /home/sws/autoware/install/tensorrt_yolox/share/tensorrt_yolox/data/yolox-tiny.onnx
[79.260s] -- Symlinking: /home/sws/autoware/install/tensorrt_yolox/share/ament_index/resource_index/package_run_dependencies/tensorrt_yolox
[79.260s] -- Symlinking: /home/sws/autoware/install/tensorrt_yolox/share/ament_index/resource_index/parent_prefix_path/tensorrt_yolox
[79.260s] -- Symlinking: /home/sws/autoware/install/tensorrt_yolox/share/tensorrt_yolox/environment/ament_prefix_path.sh
[79.260s] -- Symlinking: /home/sws/autoware/install/tensorrt_yolox/share/tensorrt_yolox/environment/ament_prefix_path.dsv
[79.260s] -- Symlinking: /home/sws/autoware/install/tensorrt_yolox/share/tensorrt_yolox/environment/path.sh
[79.260s] -- Symlinking: /home/sws/autoware/install/tensorrt_yolox/share/tensorrt_yolox/environment/path.dsv
[79.261s] -- Symlinking: /home/sws/autoware/install/tensorrt_yolox/share/tensorrt_yolox/local_setup.bash
[79.261s] -- Symlinking: /home/sws/autoware/install/tensorrt_yolox/share/tensorrt_yolox/local_setup.sh
[79.261s] -- Symlinking: /home/sws/autoware/install/tensorrt_yolox/share/tensorrt_yolox/local_setup.zsh
[79.261s] -- Symlinking: /home/sws/autoware/install/tensorrt_yolox/share/tensorrt_yolox/local_setup.dsv
[79.261s] -- Symlinking: /home/sws/autoware/install/tensorrt_yolox/share/tensorrt_yolox/package.dsv
[79.261s] -- Symlinking: /home/sws/autoware/install/tensorrt_yolox/share/ament_index/resource_index/packages/tensorrt_yolox
[79.261s] -- Symlinking: /home/sws/autoware/install/tensorrt_yolox/share/ament_index/resource_index/rclcpp_components/tensorrt_yolox
[79.261s] -- Symlinking: /home/sws/autoware/install/tensorrt_yolox/share/tensorrt_yolox/cmake/ament_cmake_export_dependencies-extras.cmake
[79.261s] -- Symlinking: /home/sws/autoware/install/tensorrt_yolox/share/tensorrt_yolox/cmake/ament_cmake_export_include_directories-extras.cmake
[79.262s] -- Symlinking: /home/sws/autoware/install/tensorrt_yolox/share/tensorrt_yolox/cmake/ament_cmake_export_libraries-extras.cmake
[79.262s] -- Symlinking: /home/sws/autoware/install/tensorrt_yolox/share/tensorrt_yolox/cmake/tensorrt_yoloxConfig.cmake
[79.262s] -- Symlinking: /home/sws/autoware/install/tensorrt_yolox/share/tensorrt_yolox/cmake/tensorrt_yoloxConfig-version.cmake
[79.262s] -- Symlinking: /home/sws/autoware/install/tensorrt_yolox/share/tensorrt_yolox/package.xml
[79.418s] Invoked command in '/home/sws/autoware/build/tensorrt_yolox' returned '0': AMENT_PREFIX_PATH=/home/sws/autoware/install/perception_utils:/home/sws/autoware/install/interpolation:/home/sws/autoware/install/tier4_autoware_utils:/home/sws/autoware/install/tier4_perception_msgs:/home/sws/autoware/install/tensorrt_common:/home/sws/autoware/install/image_transport_decompressor:/home/sws/autoware/install/cuda_utils:/home/sws/autoware/install/autoware_auto_vehicle_msgs:/home/sws/autoware/install/autoware_cmake:/home/sws/autoware/install/autoware_auto_planning_msgs:/home/sws/autoware/install/autoware_auto_perception_msgs:/home/sws/autoware/install/tier4_debug_msgs:/home/sws/autoware/install/autoware_lint_common:/home/sws/autoware/install/autoware_auto_mapping_msgs:/home/sws/autoware/install/autoware_auto_geometry_msgs:${AMENT_PREFIX_PATH} CMAKE_PREFIX_PATH=/home/sws/autoware/install/perception_utils:/home/sws/autoware/install/interpolation:/home/sws/autoware/install/tier4_autoware_utils:/home/sws/autoware/install/tier4_perception_msgs:/home/sws/autoware/install/tensorrt_common:/home/sws/autoware/install/image_transport_decompressor:/home/sws/autoware/install/cuda_utils:/home/sws/autoware/install/autoware_auto_vehicle_msgs:/home/sws/autoware/install/autoware_cmake:/home/sws/autoware/install/autoware_auto_planning_msgs:/home/sws/autoware/install/autoware_auto_perception_msgs:/home/sws/autoware/install/tier4_debug_msgs:/home/sws/autoware/install/autoware_lint_common:/home/sws/autoware/install/autoware_auto_mapping_msgs:/home/sws/autoware/install/autoware_auto_geometry_msgs:/opt/ros/humble LD_LIBRARY_PATH=/home/sws/autoware/install/perception_utils/lib:/home/sws/autoware/install/interpolation/lib:/home/sws/autoware/install/tier4_autoware_utils/lib:/home/sws/autoware/install/tier4_perception_msgs/lib:/home/sws/autoware/install/tensorrt_common/lib:/home/sws/autoware/install/image_transport_decompressor/lib:/home/sws/autoware/install/autoware_auto_vehicle_msgs/lib:/home/sws/autoware/install/autoware_auto_planning_msgs/lib:/home/sws/autoware/install/autoware_auto_perception_msgs/lib:/home/sws/autoware/install/tier4_debug_msgs/lib:/home/sws/autoware/install/autoware_auto_mapping_msgs/lib:/home/sws/autoware/install/autoware_auto_geometry_msgs/lib:${LD_LIBRARY_PATH} PYTHONPATH=/home/sws/autoware/install/tier4_perception_msgs/local/lib/python3.10/dist-packages:/home/sws/autoware/install/autoware_auto_vehicle_msgs/local/lib/python3.10/dist-packages:/home/sws/autoware/install/autoware_auto_planning_msgs/local/lib/python3.10/dist-packages:/home/sws/autoware/install/autoware_auto_perception_msgs/local/lib/python3.10/dist-packages:/home/sws/autoware/install/tier4_debug_msgs/local/lib/python3.10/dist-packages:/home/sws/autoware/install/autoware_auto_mapping_msgs/local/lib/python3.10/dist-packages:/home/sws/autoware/install/autoware_auto_geometry_msgs/local/lib/python3.10/dist-packages:${PYTHONPATH} /usr/bin/cmake --install /home/sws/autoware/build/tensorrt_yolox
