[0.155s] Invoking command in '/home/sws/autoware/build/detection_by_tracker': AMENT_PREFIX_PATH=/home/sws/autoware/install/euclidean_cluster:/home/sws/autoware/install/perception_utils:/home/sws/autoware/install/compare_map_segmentation:/home/sws/autoware/install/shape_estimation:/home/sws/autoware/install/pointcloud_preprocessor:/home/sws/autoware/install/interpolation:/home/sws/autoware/install/tier4_autoware_utils:/home/sws/autoware/install/lanelet2_extension:/home/sws/autoware/install/tier4_perception_msgs:/home/sws/autoware/install/tier4_pcl_extensions:/home/sws/autoware/install/autoware_utils:/home/sws/autoware/install/autoware_point_types:/home/sws/autoware/install/autoware_auto_vehicle_msgs:/home/sws/autoware/install/autoware_planning_msgs:/home/sws/autoware/install/autoware_cmake:/home/sws/autoware/install/autoware_auto_planning_msgs:/home/sws/autoware/install/autoware_auto_perception_msgs:/home/sws/autoware/install/tier4_debug_msgs:/home/sws/autoware/install/autoware_map_msgs:/home/sws/autoware/install/autoware_lint_common:/home/sws/autoware/install/autoware_common_msgs:/home/sws/autoware/install/autoware_auto_mapping_msgs:/home/sws/autoware/install/autoware_auto_geometry_msgs:${AMENT_PREFIX_PATH} CMAKE_PREFIX_PATH=/home/sws/autoware/install/euclidean_cluster:/home/sws/autoware/install/perception_utils:/home/sws/autoware/install/compare_map_segmentation:/home/sws/autoware/install/shape_estimation:/home/sws/autoware/install/pointcloud_preprocessor:/home/sws/autoware/install/interpolation:/home/sws/autoware/install/tier4_autoware_utils:/home/sws/autoware/install/lanelet2_extension:/home/sws/autoware/install/tier4_perception_msgs:/home/sws/autoware/install/tier4_pcl_extensions:/home/sws/autoware/install/autoware_utils:/home/sws/autoware/install/autoware_point_types:/home/sws/autoware/install/autoware_auto_vehicle_msgs:/home/sws/autoware/install/autoware_planning_msgs:/home/sws/autoware/install/autoware_cmake:/home/sws/autoware/install/autoware_auto_planning_msgs:/home/sws/autoware/install/autoware_auto_perception_msgs:/home/sws/autoware/install/tier4_debug_msgs:/home/sws/autoware/install/autoware_map_msgs:/home/sws/autoware/install/autoware_lint_common:/home/sws/autoware/install/autoware_common_msgs:/home/sws/autoware/install/autoware_auto_mapping_msgs:/home/sws/autoware/install/autoware_auto_geometry_msgs:/opt/ros/humble LD_LIBRARY_PATH=/home/sws/autoware/install/euclidean_cluster/lib:/home/sws/autoware/install/perception_utils/lib:/home/sws/autoware/install/compare_map_segmentation/lib:/home/sws/autoware/install/shape_estimation/lib:/home/sws/autoware/install/pointcloud_preprocessor/lib:/home/sws/autoware/install/interpolation/lib:/home/sws/autoware/install/tier4_autoware_utils/lib:/home/sws/autoware/install/lanelet2_extension/lib:/home/sws/autoware/install/tier4_perception_msgs/lib:/home/sws/autoware/install/tier4_pcl_extensions/lib:/home/sws/autoware/install/autoware_utils/lib:/home/sws/autoware/install/autoware_auto_vehicle_msgs/lib:/home/sws/autoware/install/autoware_planning_msgs/lib:/home/sws/autoware/install/autoware_auto_planning_msgs/lib:/home/sws/autoware/install/autoware_auto_perception_msgs/lib:/home/sws/autoware/install/tier4_debug_msgs/lib:/home/sws/autoware/install/autoware_map_msgs/lib:/home/sws/autoware/install/autoware_common_msgs/lib:/home/sws/autoware/install/autoware_auto_mapping_msgs/lib:/home/sws/autoware/install/autoware_auto_geometry_msgs/lib:${LD_LIBRARY_PATH} PYTHONPATH=/home/sws/autoware/install/tier4_perception_msgs/local/lib/python3.10/dist-packages:/home/sws/autoware/install/autoware_auto_vehicle_msgs/local/lib/python3.10/dist-packages:/home/sws/autoware/install/autoware_planning_msgs/local/lib/python3.10/dist-packages:/home/sws/autoware/install/autoware_auto_planning_msgs/local/lib/python3.10/dist-packages:/home/sws/autoware/install/autoware_auto_perception_msgs/local/lib/python3.10/dist-packages:/home/sws/autoware/install/tier4_debug_msgs/local/lib/python3.10/dist-packages:/home/sws/autoware/install/autoware_map_msgs/local/lib/python3.10/dist-packages:/home/sws/autoware/install/autoware_common_msgs/local/lib/python3.10/dist-packages:/home/sws/autoware/install/autoware_auto_mapping_msgs/local/lib/python3.10/dist-packages:/home/sws/autoware/install/autoware_auto_geometry_msgs/local/lib/python3.10/dist-packages:${PYTHONPATH} /usr/bin/cmake /home/sws/autoware/src/universe/autoware.universe/perception/detection_by_tracker -DCMAKE_BUILD_TYPE=Release -DAMENT_CMAKE_SYMLINK_INSTALL=1 -DCMAKE_INSTALL_PREFIX=/home/sws/autoware/install/detection_by_tracker
[0.247s] -- The C compiler identification is GNU 11.3.0
[0.340s] -- The CXX compiler identification is GNU 11.3.0
[0.353s] -- Detecting C compiler ABI info
[0.468s] -- Detecting C compiler ABI info - done
[0.481s] -- Check for working C compiler: /usr/bin/cc - skipped
[0.482s] -- Detecting C compile features
[0.483s] -- Detecting C compile features - done
[0.487s] -- Detecting CXX compiler ABI info
[0.614s] -- Detecting CXX compiler ABI info - done
[0.628s] -- Check for working CXX compiler: /usr/bin/c++ - skipped
[0.629s] -- Detecting CXX compile features
[0.631s] -- Detecting CXX compile features - done
[0.635s] -- Found autoware_cmake: 0.1.0 (/home/sws/autoware/install/autoware_cmake/share/autoware_cmake/cmake)
[0.952s] -- Found Python3: /usr/bin/python3.10 (found version "3.10.6") found components: Interpreter 
[1.061s] -- Override CMake install command with custom implementation using symlinks instead of copying resources
[1.369s] -- Found rosidl_generator_c: 3.1.4 (/opt/ros/humble/share/rosidl_generator_c/cmake)
[1.383s] -- Found rosidl_adapter: 3.1.4 (/opt/ros/humble/share/rosidl_adapter/cmake)
[1.402s] -- Found rosidl_generator_cpp: 3.1.4 (/opt/ros/humble/share/rosidl_generator_cpp/cmake)
[1.432s] -- Using all available rosidl_typesupport_c: rosidl_typesupport_fastrtps_c;rosidl_typesupport_introspection_c
[1.474s] -- Using all available rosidl_typesupport_cpp: rosidl_typesupport_fastrtps_cpp;rosidl_typesupport_introspection_cpp
[2.791s] -- Found rmw_implementation_cmake: 6.1.1 (/opt/ros/humble/share/rmw_implementation_cmake/cmake)
[2.799s] -- Found rmw_fastrtps_cpp: 6.2.2 (/opt/ros/humble/share/rmw_fastrtps_cpp/cmake)
[3.001s] -- Found OpenSSL: /usr/lib/x86_64-linux-gnu/libcrypto.so (found version "3.0.2")  
[3.054s] -- Found FastRTPS: /opt/ros/humble/include  
[3.145s] -- Using RMW implementation 'rmw_fastrtps_cpp' as default
[3.169s] -- Looking for pthread.h
[3.291s] -- Looking for pthread.h - found
[3.292s] -- Performing Test CMAKE_HAVE_LIBC_PTHREAD
[3.412s] -- Performing Test CMAKE_HAVE_LIBC_PTHREAD - Success
[3.413s] -- Found Threads: TRUE  
[7.584s] -- Found eigen3_cmake_module: 0.1.1 (/opt/ros/humble/share/eigen3_cmake_module/cmake)
[7.587s] -- Found Eigen3: TRUE (found version "3.4.0") 
[7.587s] -- Ensuring Eigen3 include directory is part of orocos-kdl CMake target
[8.163s] -- Checking for module 'eigen3'
[8.190s] --   Found eigen3, version 3.4.0
[8.260s] -- Found Eigen: /usr/include/eigen3 (Required is at least version "3.1") 
[8.261s] -- Eigen found (include: /usr/include/eigen3, version: 3.4.0)
[8.345s] -- Checking for module 'flann'
[8.374s] --   Found flann, version 1.9.1
[8.455s] -- Found FLANN: /usr/lib/x86_64-linux-gnu/libflann_cpp.so  
[8.456s] -- FLANN found (include: /usr/include, lib: /usr/lib/x86_64-linux-gnu/libflann_cpp.so)
[10.102s] -- Checking for module 'libusb-1.0'
[10.137s] --   Found libusb-1.0, version 1.0.25
[10.206s] -- Found libusb: /usr/lib/x86_64-linux-gnu/libusb-1.0.so  
[10.208s] -- OpenNI found (version: 1.5.4.0, include: /usr/include/ni, lib: /usr/lib/libOpenNI.so;libusb::libusb)
[10.318s] -- OpenNI2 found (version: 2.2.0.33, include: /usr/include/openni2, lib: /usr/lib/x86_64-linux-gnu/libOpenNI2.so;libusb::libusb)
[10.622s] -- Eigen found (include: /usr/include/eigen3, version: 3.4.0)
[10.634s] -- OpenNI found (version: 1.5.4.0, include: /usr/include/ni, lib: /usr/lib/libOpenNI.so;libusb::libusb)
[10.646s] -- OpenNI2 found (version: 2.2.0.33, include: /usr/include/openni2, lib: /usr/lib/x86_64-linux-gnu/libOpenNI2.so;libusb::libusb)
[10.929s] -- Found Qhull version 8.0.2
[11.220s] -- OpenNI found (version: 1.5.4.0, include: /usr/include/ni, lib: /usr/lib/libOpenNI.so;libusb::libusb)
[11.486s] -- Found PCL_COMMON: /usr/lib/x86_64-linux-gnu/libpcl_common.so  
[11.488s] -- Found PCL_KDTREE: /usr/lib/x86_64-linux-gnu/libpcl_kdtree.so  
[11.490s] -- Found PCL_OCTREE: /usr/lib/x86_64-linux-gnu/libpcl_octree.so  
[11.492s] -- Found PCL_SEARCH: /usr/lib/x86_64-linux-gnu/libpcl_search.so  
[11.494s] -- Found PCL_SAMPLE_CONSENSUS: /usr/lib/x86_64-linux-gnu/libpcl_sample_consensus.so  
[11.496s] -- Found PCL_FILTERS: /usr/lib/x86_64-linux-gnu/libpcl_filters.so  
[11.497s] -- Found PCL_2D: /usr/include/pcl-1.12  
[11.498s] -- Found PCL_GEOMETRY: /usr/include/pcl-1.12  
[11.500s] -- Found PCL_IO: /usr/lib/x86_64-linux-gnu/libpcl_io.so  
[11.502s] -- Found PCL_FEATURES: /usr/lib/x86_64-linux-gnu/libpcl_features.so  
[11.504s] -- Found PCL_ML: /usr/lib/x86_64-linux-gnu/libpcl_ml.so  
[11.505s] -- Found PCL_SEGMENTATION: /usr/lib/x86_64-linux-gnu/libpcl_segmentation.so  
[11.507s] -- Found PCL_VISUALIZATION: /usr/lib/x86_64-linux-gnu/libpcl_visualization.so  
[11.509s] -- Found PCL_SURFACE: /usr/lib/x86_64-linux-gnu/libpcl_surface.so  
[11.511s] -- Found PCL_REGISTRATION: /usr/lib/x86_64-linux-gnu/libpcl_registration.so  
[11.515s] -- Found PCL_KEYPOINTS: /usr/lib/x86_64-linux-gnu/libpcl_keypoints.so  
[11.518s] -- Found PCL_TRACKING: /usr/lib/x86_64-linux-gnu/libpcl_tracking.so  
[11.520s] -- Found PCL_RECOGNITION: /usr/lib/x86_64-linux-gnu/libpcl_recognition.so  
[11.522s] -- Found PCL_STEREO: /usr/lib/x86_64-linux-gnu/libpcl_stereo.so  
[11.524s] -- Found PCL_APPS: /usr/lib/x86_64-linux-gnu/libpcl_apps.so  
[11.526s] -- Found PCL_IN_HAND_SCANNER: /usr/include/pcl-1.12  
[11.527s] -- Found PCL_MODELER: /usr/include/pcl-1.12  
[11.528s] -- Found PCL_POINT_CLOUD_EDITOR: /usr/include/pcl-1.12  
[11.531s] -- Found PCL_OUTOFCORE: /usr/lib/x86_64-linux-gnu/libpcl_outofcore.so  
[11.533s] -- Found PCL_PEOPLE: /usr/lib/x86_64-linux-gnu/libpcl_people.so  
[12.376s] -- Found mrt_cmake_modules: 1.0.9 (/opt/ros/humble/share/mrt_cmake_modules/cmake)
[12.455s] -- Found Boost: /usr/lib/x86_64-linux-gnu/cmake/Boost-1.74.0/BoostConfig.cmake (found version "1.74.0") found components: wserialization thread random serialization log_setup prg_exec_monitor wave system chrono filesystem locale timer date_time regex graph program_options unit_test_framework log atomic iostreams 
[12.836s] -- Found OpenMP_C: -fopenmp (found version "4.5") 
[12.979s] -- Found OpenMP_CXX: -fopenmp (found version "4.5") 
[12.980s] -- Found OpenMP: TRUE (found version "4.5")  
[13.000s] -- Found pugixml: /usr/lib/x86_64-linux-gnu/libpugixml.so  
[13.036s] -- Found PkgConfig: /usr/bin/pkg-config (found version "0.29.2") 
[13.043s] -- Found GeographicLib: /usr/lib/x86_64-linux-gnu/libGeographic.so  
[22.352s] -- Found ament_lint_auto: 0.12.5 (/opt/ros/humble/share/ament_lint_auto/cmake)
[42.196s] -- Added test 'copyright' to check source files copyright and LICENSE
[42.198s] -- Added test 'cppcheck' to perform static code analysis on C / C++ code
[42.200s] -- Configured cppcheck include dirs: /home/sws/autoware/src/universe/autoware.universe/perception/detection_by_tracker/include
[42.200s] -- Configured cppcheck exclude dirs and/or files: 
[42.201s] -- Added test 'lint_cmake' to check CMake code style
[42.203s] -- Added test 'xmllint' to check XML markup files
[42.209s] -- Configuring done
[42.529s] -- Generating done
[42.544s] -- Build files have been written to: /home/sws/autoware/build/detection_by_tracker
[42.613s] Invoked command in '/home/sws/autoware/build/detection_by_tracker' returned '0': AMENT_PREFIX_PATH=/home/sws/autoware/install/euclidean_cluster:/home/sws/autoware/install/perception_utils:/home/sws/autoware/install/compare_map_segmentation:/home/sws/autoware/install/shape_estimation:/home/sws/autoware/install/pointcloud_preprocessor:/home/sws/autoware/install/interpolation:/home/sws/autoware/install/tier4_autoware_utils:/home/sws/autoware/install/lanelet2_extension:/home/sws/autoware/install/tier4_perception_msgs:/home/sws/autoware/install/tier4_pcl_extensions:/home/sws/autoware/install/autoware_utils:/home/sws/autoware/install/autoware_point_types:/home/sws/autoware/install/autoware_auto_vehicle_msgs:/home/sws/autoware/install/autoware_planning_msgs:/home/sws/autoware/install/autoware_cmake:/home/sws/autoware/install/autoware_auto_planning_msgs:/home/sws/autoware/install/autoware_auto_perception_msgs:/home/sws/autoware/install/tier4_debug_msgs:/home/sws/autoware/install/autoware_map_msgs:/home/sws/autoware/install/autoware_lint_common:/home/sws/autoware/install/autoware_common_msgs:/home/sws/autoware/install/autoware_auto_mapping_msgs:/home/sws/autoware/install/autoware_auto_geometry_msgs:${AMENT_PREFIX_PATH} CMAKE_PREFIX_PATH=/home/sws/autoware/install/euclidean_cluster:/home/sws/autoware/install/perception_utils:/home/sws/autoware/install/compare_map_segmentation:/home/sws/autoware/install/shape_estimation:/home/sws/autoware/install/pointcloud_preprocessor:/home/sws/autoware/install/interpolation:/home/sws/autoware/install/tier4_autoware_utils:/home/sws/autoware/install/lanelet2_extension:/home/sws/autoware/install/tier4_perception_msgs:/home/sws/autoware/install/tier4_pcl_extensions:/home/sws/autoware/install/autoware_utils:/home/sws/autoware/install/autoware_point_types:/home/sws/autoware/install/autoware_auto_vehicle_msgs:/home/sws/autoware/install/autoware_planning_msgs:/home/sws/autoware/install/autoware_cmake:/home/sws/autoware/install/autoware_auto_planning_msgs:/home/sws/autoware/install/autoware_auto_perception_msgs:/home/sws/autoware/install/tier4_debug_msgs:/home/sws/autoware/install/autoware_map_msgs:/home/sws/autoware/install/autoware_lint_common:/home/sws/autoware/install/autoware_common_msgs:/home/sws/autoware/install/autoware_auto_mapping_msgs:/home/sws/autoware/install/autoware_auto_geometry_msgs:/opt/ros/humble LD_LIBRARY_PATH=/home/sws/autoware/install/euclidean_cluster/lib:/home/sws/autoware/install/perception_utils/lib:/home/sws/autoware/install/compare_map_segmentation/lib:/home/sws/autoware/install/shape_estimation/lib:/home/sws/autoware/install/pointcloud_preprocessor/lib:/home/sws/autoware/install/interpolation/lib:/home/sws/autoware/install/tier4_autoware_utils/lib:/home/sws/autoware/install/lanelet2_extension/lib:/home/sws/autoware/install/tier4_perception_msgs/lib:/home/sws/autoware/install/tier4_pcl_extensions/lib:/home/sws/autoware/install/autoware_utils/lib:/home/sws/autoware/install/autoware_auto_vehicle_msgs/lib:/home/sws/autoware/install/autoware_planning_msgs/lib:/home/sws/autoware/install/autoware_auto_planning_msgs/lib:/home/sws/autoware/install/autoware_auto_perception_msgs/lib:/home/sws/autoware/install/tier4_debug_msgs/lib:/home/sws/autoware/install/autoware_map_msgs/lib:/home/sws/autoware/install/autoware_common_msgs/lib:/home/sws/autoware/install/autoware_auto_mapping_msgs/lib:/home/sws/autoware/install/autoware_auto_geometry_msgs/lib:${LD_LIBRARY_PATH} PYTHONPATH=/home/sws/autoware/install/tier4_perception_msgs/local/lib/python3.10/dist-packages:/home/sws/autoware/install/autoware_auto_vehicle_msgs/local/lib/python3.10/dist-packages:/home/sws/autoware/install/autoware_planning_msgs/local/lib/python3.10/dist-packages:/home/sws/autoware/install/autoware_auto_planning_msgs/local/lib/python3.10/dist-packages:/home/sws/autoware/install/autoware_auto_perception_msgs/local/lib/python3.10/dist-packages:/home/sws/autoware/install/tier4_debug_msgs/local/lib/python3.10/dist-packages:/home/sws/autoware/install/autoware_map_msgs/local/lib/python3.10/dist-packages:/home/sws/autoware/install/autoware_common_msgs/local/lib/python3.10/dist-packages:/home/sws/autoware/install/autoware_auto_mapping_msgs/local/lib/python3.10/dist-packages:/home/sws/autoware/install/autoware_auto_geometry_msgs/local/lib/python3.10/dist-packages:${PYTHONPATH} /usr/bin/cmake /home/sws/autoware/src/universe/autoware.universe/perception/detection_by_tracker -DCMAKE_BUILD_TYPE=Release -DAMENT_CMAKE_SYMLINK_INSTALL=1 -DCMAKE_INSTALL_PREFIX=/home/sws/autoware/install/detection_by_tracker
[42.634s] Invoking command in '/home/sws/autoware/build/detection_by_tracker': AMENT_PREFIX_PATH=/home/sws/autoware/install/euclidean_cluster:/home/sws/autoware/install/perception_utils:/home/sws/autoware/install/compare_map_segmentation:/home/sws/autoware/install/shape_estimation:/home/sws/autoware/install/pointcloud_preprocessor:/home/sws/autoware/install/interpolation:/home/sws/autoware/install/tier4_autoware_utils:/home/sws/autoware/install/lanelet2_extension:/home/sws/autoware/install/tier4_perception_msgs:/home/sws/autoware/install/tier4_pcl_extensions:/home/sws/autoware/install/autoware_utils:/home/sws/autoware/install/autoware_point_types:/home/sws/autoware/install/autoware_auto_vehicle_msgs:/home/sws/autoware/install/autoware_planning_msgs:/home/sws/autoware/install/autoware_cmake:/home/sws/autoware/install/autoware_auto_planning_msgs:/home/sws/autoware/install/autoware_auto_perception_msgs:/home/sws/autoware/install/tier4_debug_msgs:/home/sws/autoware/install/autoware_map_msgs:/home/sws/autoware/install/autoware_lint_common:/home/sws/autoware/install/autoware_common_msgs:/home/sws/autoware/install/autoware_auto_mapping_msgs:/home/sws/autoware/install/autoware_auto_geometry_msgs:${AMENT_PREFIX_PATH} CMAKE_PREFIX_PATH=/home/sws/autoware/install/euclidean_cluster:/home/sws/autoware/install/perception_utils:/home/sws/autoware/install/compare_map_segmentation:/home/sws/autoware/install/shape_estimation:/home/sws/autoware/install/pointcloud_preprocessor:/home/sws/autoware/install/interpolation:/home/sws/autoware/install/tier4_autoware_utils:/home/sws/autoware/install/lanelet2_extension:/home/sws/autoware/install/tier4_perception_msgs:/home/sws/autoware/install/tier4_pcl_extensions:/home/sws/autoware/install/autoware_utils:/home/sws/autoware/install/autoware_point_types:/home/sws/autoware/install/autoware_auto_vehicle_msgs:/home/sws/autoware/install/autoware_planning_msgs:/home/sws/autoware/install/autoware_cmake:/home/sws/autoware/install/autoware_auto_planning_msgs:/home/sws/autoware/install/autoware_auto_perception_msgs:/home/sws/autoware/install/tier4_debug_msgs:/home/sws/autoware/install/autoware_map_msgs:/home/sws/autoware/install/autoware_lint_common:/home/sws/autoware/install/autoware_common_msgs:/home/sws/autoware/install/autoware_auto_mapping_msgs:/home/sws/autoware/install/autoware_auto_geometry_msgs:/opt/ros/humble LD_LIBRARY_PATH=/home/sws/autoware/install/euclidean_cluster/lib:/home/sws/autoware/install/perception_utils/lib:/home/sws/autoware/install/compare_map_segmentation/lib:/home/sws/autoware/install/shape_estimation/lib:/home/sws/autoware/install/pointcloud_preprocessor/lib:/home/sws/autoware/install/interpolation/lib:/home/sws/autoware/install/tier4_autoware_utils/lib:/home/sws/autoware/install/lanelet2_extension/lib:/home/sws/autoware/install/tier4_perception_msgs/lib:/home/sws/autoware/install/tier4_pcl_extensions/lib:/home/sws/autoware/install/autoware_utils/lib:/home/sws/autoware/install/autoware_auto_vehicle_msgs/lib:/home/sws/autoware/install/autoware_planning_msgs/lib:/home/sws/autoware/install/autoware_auto_planning_msgs/lib:/home/sws/autoware/install/autoware_auto_perception_msgs/lib:/home/sws/autoware/install/tier4_debug_msgs/lib:/home/sws/autoware/install/autoware_map_msgs/lib:/home/sws/autoware/install/autoware_common_msgs/lib:/home/sws/autoware/install/autoware_auto_mapping_msgs/lib:/home/sws/autoware/install/autoware_auto_geometry_msgs/lib:${LD_LIBRARY_PATH} PYTHONPATH=/home/sws/autoware/install/tier4_perception_msgs/local/lib/python3.10/dist-packages:/home/sws/autoware/install/autoware_auto_vehicle_msgs/local/lib/python3.10/dist-packages:/home/sws/autoware/install/autoware_planning_msgs/local/lib/python3.10/dist-packages:/home/sws/autoware/install/autoware_auto_planning_msgs/local/lib/python3.10/dist-packages:/home/sws/autoware/install/autoware_auto_perception_msgs/local/lib/python3.10/dist-packages:/home/sws/autoware/install/tier4_debug_msgs/local/lib/python3.10/dist-packages:/home/sws/autoware/install/autoware_map_msgs/local/lib/python3.10/dist-packages:/home/sws/autoware/install/autoware_common_msgs/local/lib/python3.10/dist-packages:/home/sws/autoware/install/autoware_auto_mapping_msgs/local/lib/python3.10/dist-packages:/home/sws/autoware/install/autoware_auto_geometry_msgs/local/lib/python3.10/dist-packages:${PYTHONPATH} /usr/bin/cmake --build /home/sws/autoware/build/detection_by_tracker -- -j16 -l16
[42.882s] [ 25%] [32mBuilding CXX object CMakeFiles/detection_by_tracker_node.dir/src/detection_by_tracker_core.cpp.o[0m
[88.550s] [ 50%] [32m[1mLinking CXX shared library libdetection_by_tracker_node.so[0m
[89.184s] [ 50%] Built target detection_by_tracker_node
[89.205s] [ 75%] [32mBuilding CXX object CMakeFiles/detection_by_tracker.dir/rclcpp_components/node_main_detection_by_tracker.cpp.o[0m
[93.754s] [100%] [32m[1mLinking CXX executable detection_by_tracker[0m
[93.921s] [100%] Built target detection_by_tracker
[93.938s] Invoked command in '/home/sws/autoware/build/detection_by_tracker' returned '0': AMENT_PREFIX_PATH=/home/sws/autoware/install/euclidean_cluster:/home/sws/autoware/install/perception_utils:/home/sws/autoware/install/compare_map_segmentation:/home/sws/autoware/install/shape_estimation:/home/sws/autoware/install/pointcloud_preprocessor:/home/sws/autoware/install/interpolation:/home/sws/autoware/install/tier4_autoware_utils:/home/sws/autoware/install/lanelet2_extension:/home/sws/autoware/install/tier4_perception_msgs:/home/sws/autoware/install/tier4_pcl_extensions:/home/sws/autoware/install/autoware_utils:/home/sws/autoware/install/autoware_point_types:/home/sws/autoware/install/autoware_auto_vehicle_msgs:/home/sws/autoware/install/autoware_planning_msgs:/home/sws/autoware/install/autoware_cmake:/home/sws/autoware/install/autoware_auto_planning_msgs:/home/sws/autoware/install/autoware_auto_perception_msgs:/home/sws/autoware/install/tier4_debug_msgs:/home/sws/autoware/install/autoware_map_msgs:/home/sws/autoware/install/autoware_lint_common:/home/sws/autoware/install/autoware_common_msgs:/home/sws/autoware/install/autoware_auto_mapping_msgs:/home/sws/autoware/install/autoware_auto_geometry_msgs:${AMENT_PREFIX_PATH} CMAKE_PREFIX_PATH=/home/sws/autoware/install/euclidean_cluster:/home/sws/autoware/install/perception_utils:/home/sws/autoware/install/compare_map_segmentation:/home/sws/autoware/install/shape_estimation:/home/sws/autoware/install/pointcloud_preprocessor:/home/sws/autoware/install/interpolation:/home/sws/autoware/install/tier4_autoware_utils:/home/sws/autoware/install/lanelet2_extension:/home/sws/autoware/install/tier4_perception_msgs:/home/sws/autoware/install/tier4_pcl_extensions:/home/sws/autoware/install/autoware_utils:/home/sws/autoware/install/autoware_point_types:/home/sws/autoware/install/autoware_auto_vehicle_msgs:/home/sws/autoware/install/autoware_planning_msgs:/home/sws/autoware/install/autoware_cmake:/home/sws/autoware/install/autoware_auto_planning_msgs:/home/sws/autoware/install/autoware_auto_perception_msgs:/home/sws/autoware/install/tier4_debug_msgs:/home/sws/autoware/install/autoware_map_msgs:/home/sws/autoware/install/autoware_lint_common:/home/sws/autoware/install/autoware_common_msgs:/home/sws/autoware/install/autoware_auto_mapping_msgs:/home/sws/autoware/install/autoware_auto_geometry_msgs:/opt/ros/humble LD_LIBRARY_PATH=/home/sws/autoware/install/euclidean_cluster/lib:/home/sws/autoware/install/perception_utils/lib:/home/sws/autoware/install/compare_map_segmentation/lib:/home/sws/autoware/install/shape_estimation/lib:/home/sws/autoware/install/pointcloud_preprocessor/lib:/home/sws/autoware/install/interpolation/lib:/home/sws/autoware/install/tier4_autoware_utils/lib:/home/sws/autoware/install/lanelet2_extension/lib:/home/sws/autoware/install/tier4_perception_msgs/lib:/home/sws/autoware/install/tier4_pcl_extensions/lib:/home/sws/autoware/install/autoware_utils/lib:/home/sws/autoware/install/autoware_auto_vehicle_msgs/lib:/home/sws/autoware/install/autoware_planning_msgs/lib:/home/sws/autoware/install/autoware_auto_planning_msgs/lib:/home/sws/autoware/install/autoware_auto_perception_msgs/lib:/home/sws/autoware/install/tier4_debug_msgs/lib:/home/sws/autoware/install/autoware_map_msgs/lib:/home/sws/autoware/install/autoware_common_msgs/lib:/home/sws/autoware/install/autoware_auto_mapping_msgs/lib:/home/sws/autoware/install/autoware_auto_geometry_msgs/lib:${LD_LIBRARY_PATH} PYTHONPATH=/home/sws/autoware/install/tier4_perception_msgs/local/lib/python3.10/dist-packages:/home/sws/autoware/install/autoware_auto_vehicle_msgs/local/lib/python3.10/dist-packages:/home/sws/autoware/install/autoware_planning_msgs/local/lib/python3.10/dist-packages:/home/sws/autoware/install/autoware_auto_planning_msgs/local/lib/python3.10/dist-packages:/home/sws/autoware/install/autoware_auto_perception_msgs/local/lib/python3.10/dist-packages:/home/sws/autoware/install/tier4_debug_msgs/local/lib/python3.10/dist-packages:/home/sws/autoware/install/autoware_map_msgs/local/lib/python3.10/dist-packages:/home/sws/autoware/install/autoware_common_msgs/local/lib/python3.10/dist-packages:/home/sws/autoware/install/autoware_auto_mapping_msgs/local/lib/python3.10/dist-packages:/home/sws/autoware/install/autoware_auto_geometry_msgs/local/lib/python3.10/dist-packages:${PYTHONPATH} /usr/bin/cmake --build /home/sws/autoware/build/detection_by_tracker -- -j16 -l16
[93.976s] Invoking command in '/home/sws/autoware/build/detection_by_tracker': AMENT_PREFIX_PATH=/home/sws/autoware/install/euclidean_cluster:/home/sws/autoware/install/perception_utils:/home/sws/autoware/install/compare_map_segmentation:/home/sws/autoware/install/shape_estimation:/home/sws/autoware/install/pointcloud_preprocessor:/home/sws/autoware/install/interpolation:/home/sws/autoware/install/tier4_autoware_utils:/home/sws/autoware/install/lanelet2_extension:/home/sws/autoware/install/tier4_perception_msgs:/home/sws/autoware/install/tier4_pcl_extensions:/home/sws/autoware/install/autoware_utils:/home/sws/autoware/install/autoware_point_types:/home/sws/autoware/install/autoware_auto_vehicle_msgs:/home/sws/autoware/install/autoware_planning_msgs:/home/sws/autoware/install/autoware_cmake:/home/sws/autoware/install/autoware_auto_planning_msgs:/home/sws/autoware/install/autoware_auto_perception_msgs:/home/sws/autoware/install/tier4_debug_msgs:/home/sws/autoware/install/autoware_map_msgs:/home/sws/autoware/install/autoware_lint_common:/home/sws/autoware/install/autoware_common_msgs:/home/sws/autoware/install/autoware_auto_mapping_msgs:/home/sws/autoware/install/autoware_auto_geometry_msgs:${AMENT_PREFIX_PATH} CMAKE_PREFIX_PATH=/home/sws/autoware/install/euclidean_cluster:/home/sws/autoware/install/perception_utils:/home/sws/autoware/install/compare_map_segmentation:/home/sws/autoware/install/shape_estimation:/home/sws/autoware/install/pointcloud_preprocessor:/home/sws/autoware/install/interpolation:/home/sws/autoware/install/tier4_autoware_utils:/home/sws/autoware/install/lanelet2_extension:/home/sws/autoware/install/tier4_perception_msgs:/home/sws/autoware/install/tier4_pcl_extensions:/home/sws/autoware/install/autoware_utils:/home/sws/autoware/install/autoware_point_types:/home/sws/autoware/install/autoware_auto_vehicle_msgs:/home/sws/autoware/install/autoware_planning_msgs:/home/sws/autoware/install/autoware_cmake:/home/sws/autoware/install/autoware_auto_planning_msgs:/home/sws/autoware/install/autoware_auto_perception_msgs:/home/sws/autoware/install/tier4_debug_msgs:/home/sws/autoware/install/autoware_map_msgs:/home/sws/autoware/install/autoware_lint_common:/home/sws/autoware/install/autoware_common_msgs:/home/sws/autoware/install/autoware_auto_mapping_msgs:/home/sws/autoware/install/autoware_auto_geometry_msgs:/opt/ros/humble LD_LIBRARY_PATH=/home/sws/autoware/install/euclidean_cluster/lib:/home/sws/autoware/install/perception_utils/lib:/home/sws/autoware/install/compare_map_segmentation/lib:/home/sws/autoware/install/shape_estimation/lib:/home/sws/autoware/install/pointcloud_preprocessor/lib:/home/sws/autoware/install/interpolation/lib:/home/sws/autoware/install/tier4_autoware_utils/lib:/home/sws/autoware/install/lanelet2_extension/lib:/home/sws/autoware/install/tier4_perception_msgs/lib:/home/sws/autoware/install/tier4_pcl_extensions/lib:/home/sws/autoware/install/autoware_utils/lib:/home/sws/autoware/install/autoware_auto_vehicle_msgs/lib:/home/sws/autoware/install/autoware_planning_msgs/lib:/home/sws/autoware/install/autoware_auto_planning_msgs/lib:/home/sws/autoware/install/autoware_auto_perception_msgs/lib:/home/sws/autoware/install/tier4_debug_msgs/lib:/home/sws/autoware/install/autoware_map_msgs/lib:/home/sws/autoware/install/autoware_common_msgs/lib:/home/sws/autoware/install/autoware_auto_mapping_msgs/lib:/home/sws/autoware/install/autoware_auto_geometry_msgs/lib:${LD_LIBRARY_PATH} PYTHONPATH=/home/sws/autoware/install/tier4_perception_msgs/local/lib/python3.10/dist-packages:/home/sws/autoware/install/autoware_auto_vehicle_msgs/local/lib/python3.10/dist-packages:/home/sws/autoware/install/autoware_planning_msgs/local/lib/python3.10/dist-packages:/home/sws/autoware/install/autoware_auto_planning_msgs/local/lib/python3.10/dist-packages:/home/sws/autoware/install/autoware_auto_perception_msgs/local/lib/python3.10/dist-packages:/home/sws/autoware/install/tier4_debug_msgs/local/lib/python3.10/dist-packages:/home/sws/autoware/install/autoware_map_msgs/local/lib/python3.10/dist-packages:/home/sws/autoware/install/autoware_common_msgs/local/lib/python3.10/dist-packages:/home/sws/autoware/install/autoware_auto_mapping_msgs/local/lib/python3.10/dist-packages:/home/sws/autoware/install/autoware_auto_geometry_msgs/local/lib/python3.10/dist-packages:${PYTHONPATH} /usr/bin/cmake --install /home/sws/autoware/build/detection_by_tracker
[93.988s] -- Install configuration: "Release"
[93.989s] -- Execute custom install script
[93.989s] -- Symlinking: /home/sws/autoware/install/detection_by_tracker/lib/detection_by_tracker/detection_by_tracker
[94.003s] -- Symlinking: /home/sws/autoware/install/detection_by_tracker/include/detection_by_tracker/debugger.hpp
[94.017s] -- Symlinking: /home/sws/autoware/install/detection_by_tracker/include/detection_by_tracker/detection_by_tracker_core.hpp
[94.031s] -- Symlinking: /home/sws/autoware/install/detection_by_tracker/share/detection_by_tracker/environment/library_path.sh
[94.044s] -- Symlinking: /home/sws/autoware/install/detection_by_tracker/share/detection_by_tracker/environment/library_path.dsv
[94.058s] -- Symlinking: /home/sws/autoware/install/detection_by_tracker/lib/libdetection_by_tracker_node.so
[94.073s] -- Symlinking: /home/sws/autoware/install/detection_by_tracker/share/detection_by_tracker/launch/detection_by_tracker.launch.xml
[94.087s] -- Symlinking: /home/sws/autoware/install/detection_by_tracker/share/ament_index/resource_index/package_run_dependencies/detection_by_tracker
[94.100s] -- Symlinking: /home/sws/autoware/install/detection_by_tracker/share/ament_index/resource_index/parent_prefix_path/detection_by_tracker
[94.114s] -- Symlinking: /home/sws/autoware/install/detection_by_tracker/share/detection_by_tracker/environment/ament_prefix_path.sh
[94.128s] -- Symlinking: /home/sws/autoware/install/detection_by_tracker/share/detection_by_tracker/environment/ament_prefix_path.dsv
[94.141s] -- Symlinking: /home/sws/autoware/install/detection_by_tracker/share/detection_by_tracker/environment/path.sh
[94.155s] -- Symlinking: /home/sws/autoware/install/detection_by_tracker/share/detection_by_tracker/environment/path.dsv
[94.169s] -- Symlinking: /home/sws/autoware/install/detection_by_tracker/share/detection_by_tracker/local_setup.bash
[94.182s] -- Symlinking: /home/sws/autoware/install/detection_by_tracker/share/detection_by_tracker/local_setup.sh
[94.196s] -- Symlinking: /home/sws/autoware/install/detection_by_tracker/share/detection_by_tracker/local_setup.zsh
[94.210s] -- Symlinking: /home/sws/autoware/install/detection_by_tracker/share/detection_by_tracker/local_setup.dsv
[94.224s] -- Symlinking: /home/sws/autoware/install/detection_by_tracker/share/detection_by_tracker/package.dsv
[94.237s] -- Symlinking: /home/sws/autoware/install/detection_by_tracker/share/ament_index/resource_index/packages/detection_by_tracker
[94.247s] -- Symlinking: /home/sws/autoware/install/detection_by_tracker/share/ament_index/resource_index/rclcpp_components/detection_by_tracker
[94.258s] -- Symlinking: /home/sws/autoware/install/detection_by_tracker/share/detection_by_tracker/cmake/ament_cmake_export_dependencies-extras.cmake
[94.268s] -- Symlinking: /home/sws/autoware/install/detection_by_tracker/share/detection_by_tracker/cmake/ament_cmake_export_include_directories-extras.cmake
[94.278s] -- Symlinking: /home/sws/autoware/install/detection_by_tracker/share/detection_by_tracker/cmake/ament_cmake_export_libraries-extras.cmake
[94.287s] -- Symlinking: /home/sws/autoware/install/detection_by_tracker/share/detection_by_tracker/cmake/detection_by_trackerConfig.cmake
[94.296s] -- Symlinking: /home/sws/autoware/install/detection_by_tracker/share/detection_by_tracker/cmake/detection_by_trackerConfig-version.cmake
[94.305s] -- Symlinking: /home/sws/autoware/install/detection_by_tracker/share/detection_by_tracker/package.xml
[94.319s] Invoked command in '/home/sws/autoware/build/detection_by_tracker' returned '0': AMENT_PREFIX_PATH=/home/sws/autoware/install/euclidean_cluster:/home/sws/autoware/install/perception_utils:/home/sws/autoware/install/compare_map_segmentation:/home/sws/autoware/install/shape_estimation:/home/sws/autoware/install/pointcloud_preprocessor:/home/sws/autoware/install/interpolation:/home/sws/autoware/install/tier4_autoware_utils:/home/sws/autoware/install/lanelet2_extension:/home/sws/autoware/install/tier4_perception_msgs:/home/sws/autoware/install/tier4_pcl_extensions:/home/sws/autoware/install/autoware_utils:/home/sws/autoware/install/autoware_point_types:/home/sws/autoware/install/autoware_auto_vehicle_msgs:/home/sws/autoware/install/autoware_planning_msgs:/home/sws/autoware/install/autoware_cmake:/home/sws/autoware/install/autoware_auto_planning_msgs:/home/sws/autoware/install/autoware_auto_perception_msgs:/home/sws/autoware/install/tier4_debug_msgs:/home/sws/autoware/install/autoware_map_msgs:/home/sws/autoware/install/autoware_lint_common:/home/sws/autoware/install/autoware_common_msgs:/home/sws/autoware/install/autoware_auto_mapping_msgs:/home/sws/autoware/install/autoware_auto_geometry_msgs:${AMENT_PREFIX_PATH} CMAKE_PREFIX_PATH=/home/sws/autoware/install/euclidean_cluster:/home/sws/autoware/install/perception_utils:/home/sws/autoware/install/compare_map_segmentation:/home/sws/autoware/install/shape_estimation:/home/sws/autoware/install/pointcloud_preprocessor:/home/sws/autoware/install/interpolation:/home/sws/autoware/install/tier4_autoware_utils:/home/sws/autoware/install/lanelet2_extension:/home/sws/autoware/install/tier4_perception_msgs:/home/sws/autoware/install/tier4_pcl_extensions:/home/sws/autoware/install/autoware_utils:/home/sws/autoware/install/autoware_point_types:/home/sws/autoware/install/autoware_auto_vehicle_msgs:/home/sws/autoware/install/autoware_planning_msgs:/home/sws/autoware/install/autoware_cmake:/home/sws/autoware/install/autoware_auto_planning_msgs:/home/sws/autoware/install/autoware_auto_perception_msgs:/home/sws/autoware/install/tier4_debug_msgs:/home/sws/autoware/install/autoware_map_msgs:/home/sws/autoware/install/autoware_lint_common:/home/sws/autoware/install/autoware_common_msgs:/home/sws/autoware/install/autoware_auto_mapping_msgs:/home/sws/autoware/install/autoware_auto_geometry_msgs:/opt/ros/humble LD_LIBRARY_PATH=/home/sws/autoware/install/euclidean_cluster/lib:/home/sws/autoware/install/perception_utils/lib:/home/sws/autoware/install/compare_map_segmentation/lib:/home/sws/autoware/install/shape_estimation/lib:/home/sws/autoware/install/pointcloud_preprocessor/lib:/home/sws/autoware/install/interpolation/lib:/home/sws/autoware/install/tier4_autoware_utils/lib:/home/sws/autoware/install/lanelet2_extension/lib:/home/sws/autoware/install/tier4_perception_msgs/lib:/home/sws/autoware/install/tier4_pcl_extensions/lib:/home/sws/autoware/install/autoware_utils/lib:/home/sws/autoware/install/autoware_auto_vehicle_msgs/lib:/home/sws/autoware/install/autoware_planning_msgs/lib:/home/sws/autoware/install/autoware_auto_planning_msgs/lib:/home/sws/autoware/install/autoware_auto_perception_msgs/lib:/home/sws/autoware/install/tier4_debug_msgs/lib:/home/sws/autoware/install/autoware_map_msgs/lib:/home/sws/autoware/install/autoware_common_msgs/lib:/home/sws/autoware/install/autoware_auto_mapping_msgs/lib:/home/sws/autoware/install/autoware_auto_geometry_msgs/lib:${LD_LIBRARY_PATH} PYTHONPATH=/home/sws/autoware/install/tier4_perception_msgs/local/lib/python3.10/dist-packages:/home/sws/autoware/install/autoware_auto_vehicle_msgs/local/lib/python3.10/dist-packages:/home/sws/autoware/install/autoware_planning_msgs/local/lib/python3.10/dist-packages:/home/sws/autoware/install/autoware_auto_planning_msgs/local/lib/python3.10/dist-packages:/home/sws/autoware/install/autoware_auto_perception_msgs/local/lib/python3.10/dist-packages:/home/sws/autoware/install/tier4_debug_msgs/local/lib/python3.10/dist-packages:/home/sws/autoware/install/autoware_map_msgs/local/lib/python3.10/dist-packages:/home/sws/autoware/install/autoware_common_msgs/local/lib/python3.10/dist-packages:/home/sws/autoware/install/autoware_auto_mapping_msgs/local/lib/python3.10/dist-packages:/home/sws/autoware/install/autoware_auto_geometry_msgs/local/lib/python3.10/dist-packages:${PYTHONPATH} /usr/bin/cmake --install /home/sws/autoware/build/detection_by_tracker
