[0.018s] Invoking command in '/home/sws/autoware/build/autoware_sensing_msgs': CMAKE_PREFIX_PATH=/opt/ros/humble /usr/bin/cmake /home/sws/autoware/src/core/autoware_msgs/autoware_sensing_msgs -DCMAKE_BUILD_TYPE=Release -DAMENT_CMAKE_SYMLINK_INSTALL=1 -DCMAKE_INSTALL_PREFIX=/home/sws/autoware/install/autoware_sensing_msgs
[19.326s] -- The C compiler identification is GNU 11.3.0
[19.326s] -- The CXX compiler identification is GNU 11.3.0
[19.326s] -- Detecting C compiler ABI info
[19.326s] -- Detecting C compiler ABI info - done
[19.326s] -- Check for working C compiler: /usr/bin/cc - skipped
[19.327s] -- Detecting C compile features
[19.327s] -- Detecting C compile features - done
[19.327s] -- Detecting CXX compiler ABI info
[19.327s] -- Detecting CXX compiler ABI info - done
[19.327s] -- Check for working CXX compiler: /usr/bin/c++ - skipped
[19.327s] -- Detecting CXX compile features
[19.328s] -- Detecting CXX compile features - done
[19.328s] -- Found ament_cmake_auto: 1.3.3 (/opt/ros/humble/share/ament_cmake_auto/cmake)
[19.328s] -- Found Python3: /usr/bin/python3.10 (found version "3.10.6") found components: Interpreter 
[19.328s] -- Override CMake install command with custom implementation using symlinks instead of copying resources
[19.328s] -- Found rosidl_generator_c: 3.1.4 (/opt/ros/humble/share/rosidl_generator_c/cmake)
[19.328s] -- Found rosidl_adapter: 3.1.4 (/opt/ros/humble/share/rosidl_adapter/cmake)
[19.328s] -- Found rosidl_generator_cpp: 3.1.4 (/opt/ros/humble/share/rosidl_generator_cpp/cmake)
[19.328s] -- Using all available rosidl_typesupport_c: rosidl_typesupport_fastrtps_c;rosidl_typesupport_introspection_c
[19.328s] -- Using all available rosidl_typesupport_cpp: rosidl_typesupport_fastrtps_cpp;rosidl_typesupport_introspection_cpp
[19.328s] -- Found ament_cmake_cppcheck: 0.12.5 (/opt/ros/humble/share/ament_cmake_cppcheck/cmake)
[19.328s] -- Found ament_cmake_cpplint: 0.12.5 (/opt/ros/humble/share/ament_cmake_cpplint/cmake)
[19.329s] -- Found ament_cmake_uncrustify: 0.12.5 (/opt/ros/humble/share/ament_cmake_uncrustify/cmake)
[19.329s] -- Found ament_cmake_ros: 0.10.0 (/opt/ros/humble/share/ament_cmake_ros/cmake)
[19.329s] -- Using all available rosidl_typesupport_c: rosidl_typesupport_fastrtps_c;rosidl_typesupport_introspection_c
[19.329s] -- Using all available rosidl_typesupport_cpp: rosidl_typesupport_fastrtps_cpp;rosidl_typesupport_introspection_cpp
[19.329s] -- Found PythonInterp: /usr/bin/python3 (found suitable version "3.10.6", minimum required is "3.6") 
[19.329s] -- Found python_cmake_module: 0.10.0 (/opt/ros/humble/share/python_cmake_module/cmake)
[19.329s] -- Found PythonLibs: /usr/lib/x86_64-linux-gnu/libpython3.10.so (found suitable version "3.10.6", minimum required is "3.5") 
[19.329s] -- Using PYTHON_EXECUTABLE: /usr/bin/python3
[19.330s] -- Using PYTHON_INCLUDE_DIRS: /usr/include/python3.10
[19.330s] -- Using PYTHON_LIBRARIES: /usr/lib/x86_64-linux-gnu/libpython3.10.so
[19.330s] -- Found PythonExtra: .so  
[19.330s] -- Found ament_cmake_flake8: 0.12.5 (/opt/ros/humble/share/ament_cmake_flake8/cmake)
[19.330s] -- Found ament_cmake_pep257: 0.12.5 (/opt/ros/humble/share/ament_cmake_pep257/cmake)
[19.330s] -- Found ament_lint_auto: 0.12.5 (/opt/ros/humble/share/ament_lint_auto/cmake)
[19.331s] -- Added test 'copyright' to check source files copyright and LICENSE
[19.331s] -- Added test 'lint_cmake' to check CMake code style
[19.331s] -- Added test 'xmllint' to check XML markup files
[19.332s] -- Configuring done
[19.332s] -- Generating done
[19.332s] -- Build files have been written to: /home/sws/autoware/build/autoware_sensing_msgs
[19.377s] Invoked command in '/home/sws/autoware/build/autoware_sensing_msgs' returned '0': CMAKE_PREFIX_PATH=/opt/ros/humble /usr/bin/cmake /home/sws/autoware/src/core/autoware_msgs/autoware_sensing_msgs -DCMAKE_BUILD_TYPE=Release -DAMENT_CMAKE_SYMLINK_INSTALL=1 -DCMAKE_INSTALL_PREFIX=/home/sws/autoware/install/autoware_sensing_msgs
[19.378s] Invoking command in '/home/sws/autoware/build/autoware_sensing_msgs': CMAKE_PREFIX_PATH=/opt/ros/humble /usr/bin/cmake --build /home/sws/autoware/build/autoware_sensing_msgs -- -j16 -l16
[21.808s] [  2%] [34m[1mGenerating C++ code for ROS interfaces[0m
[21.809s] [  2%] Built target autoware_sensing_msgs__cpp
[21.810s] [  2%] Built target ament_cmake_python_symlink_autoware_sensing_msgs
[21.810s] [  5%] [34m[1mGenerating C++ introspection for ROS interfaces[0m
[21.810s] [  7%] [32mBuilding CXX object CMakeFiles/autoware_sensing_msgs__rosidl_typesupport_introspection_cpp.dir/rosidl_typesupport_introspection_cpp/autoware_sensing_msgs/msg/detail/gnss_ins_orientation__type_support.cpp.o[0m
[21.810s] [ 10%] [32mBuilding CXX object CMakeFiles/autoware_sensing_msgs__rosidl_typesupport_introspection_cpp.dir/rosidl_typesupport_introspection_cpp/autoware_sensing_msgs/msg/detail/gnss_ins_orientation_stamped__type_support.cpp.o[0m
[22.020s] [ 12%] [32m[1mLinking CXX shared library libautoware_sensing_msgs__rosidl_typesupport_introspection_cpp.so[0m
[22.103s] [ 12%] Built target autoware_sensing_msgs__rosidl_typesupport_introspection_cpp
[22.529s] running egg_info
[22.529s] creating autoware_sensing_msgs.egg-info
[22.530s] writing autoware_sensing_msgs.egg-info/PKG-INFO
[22.530s] writing dependency_links to autoware_sensing_msgs.egg-info/dependency_links.txt
[22.530s] writing top-level names to autoware_sensing_msgs.egg-info/top_level.txt
[22.530s] writing manifest file 'autoware_sensing_msgs.egg-info/SOURCES.txt'
[22.534s] reading manifest file 'autoware_sensing_msgs.egg-info/SOURCES.txt'
[22.534s] writing manifest file 'autoware_sensing_msgs.egg-info/SOURCES.txt'
[22.563s] [ 12%] Built target ament_cmake_python_build_autoware_sensing_msgs_egg
[22.575s] [ 15%] [34m[1mGenerating C++ type support for eProsima Fast-RTPS[0m
[23.072s] [ 17%] [32mBuilding CXX object CMakeFiles/autoware_sensing_msgs__rosidl_typesupport_fastrtps_cpp.dir/rosidl_typesupport_fastrtps_cpp/autoware_sensing_msgs/msg/detail/dds_fastrtps/gnss_ins_orientation__type_support.cpp.o[0m
[23.649s] [ 20%] [32mBuilding CXX object CMakeFiles/autoware_sensing_msgs__rosidl_typesupport_fastrtps_cpp.dir/rosidl_typesupport_fastrtps_cpp/autoware_sensing_msgs/msg/detail/dds_fastrtps/gnss_ins_orientation_stamped__type_support.cpp.o[0m
[24.098s] [ 23%] [32m[1mLinking CXX shared library libautoware_sensing_msgs__rosidl_typesupport_fastrtps_cpp.so[0m
[24.198s] [ 23%] Built target autoware_sensing_msgs__rosidl_typesupport_fastrtps_cpp
[24.210s] [ 25%] [34m[1mGenerating C++ type support dispatch for ROS interfaces[0m
[24.732s] [ 28%] [32mBuilding CXX object CMakeFiles/autoware_sensing_msgs__rosidl_typesupport_cpp.dir/rosidl_typesupport_cpp/autoware_sensing_msgs/msg/gnss_ins_orientation__type_support.cpp.o[0m
[25.157s] [ 30%] [32mBuilding CXX object CMakeFiles/autoware_sensing_msgs__rosidl_typesupport_cpp.dir/rosidl_typesupport_cpp/autoware_sensing_msgs/msg/gnss_ins_orientation_stamped__type_support.cpp.o[0m
[25.582s] [ 33%] [32m[1mLinking CXX shared library libautoware_sensing_msgs__rosidl_typesupport_cpp.so[0m
[25.617s] [ 33%] Built target autoware_sensing_msgs__rosidl_typesupport_cpp
[25.669s] [ 35%] [34m[1mGenerating C code for ROS interfaces[0m
[26.324s] [ 38%] [32mBuilding C object CMakeFiles/autoware_sensing_msgs__rosidl_generator_c.dir/rosidl_generator_c/autoware_sensing_msgs/msg/detail/gnss_ins_orientation__functions.c.o[0m
[26.435s] [ 41%] [32mBuilding C object CMakeFiles/autoware_sensing_msgs__rosidl_generator_c.dir/rosidl_generator_c/autoware_sensing_msgs/msg/detail/gnss_ins_orientation_stamped__functions.c.o[0m
[26.578s] [ 43%] [32m[1mLinking C shared library libautoware_sensing_msgs__rosidl_generator_c.so[0m
[26.615s] [ 43%] Built target autoware_sensing_msgs__rosidl_generator_c
[26.626s] [ 46%] [34m[1mGenerating C type support for eProsima Fast-RTPS[0m
[27.094s] [ 48%] [32mBuilding CXX object CMakeFiles/autoware_sensing_msgs__rosidl_typesupport_fastrtps_c.dir/rosidl_typesupport_fastrtps_c/autoware_sensing_msgs/msg/detail/gnss_ins_orientation__type_support_c.cpp.o[0m
[27.648s] [ 51%] [32mBuilding CXX object CMakeFiles/autoware_sensing_msgs__rosidl_typesupport_fastrtps_c.dir/rosidl_typesupport_fastrtps_c/autoware_sensing_msgs/msg/detail/gnss_ins_orientation_stamped__type_support_c.cpp.o[0m
[28.151s] [ 53%] [32m[1mLinking CXX shared library libautoware_sensing_msgs__rosidl_typesupport_fastrtps_c.so[0m
[28.251s] [ 53%] Built target autoware_sensing_msgs__rosidl_typesupport_fastrtps_c
[28.263s] [ 58%] [34m[1mGenerating C introspection for ROS interfaces[0m
[28.263s] [ 58%] [34m[1mGenerating C type support dispatch for ROS interfaces[0m
[28.828s] [ 61%] [32mBuilding CXX object CMakeFiles/autoware_sensing_msgs__rosidl_typesupport_c.dir/rosidl_typesupport_c/autoware_sensing_msgs/msg/gnss_ins_orientation__type_support.cpp.o[0m
[28.831s] [ 64%] [32mBuilding CXX object CMakeFiles/autoware_sensing_msgs__rosidl_typesupport_c.dir/rosidl_typesupport_c/autoware_sensing_msgs/msg/gnss_ins_orientation_stamped__type_support.cpp.o[0m
[28.842s] [ 66%] [32mBuilding C object CMakeFiles/autoware_sensing_msgs__rosidl_typesupport_introspection_c.dir/rosidl_typesupport_introspection_c/autoware_sensing_msgs/msg/detail/gnss_ins_orientation__type_support.c.o[0m
[28.845s] [ 69%] [32mBuilding C object CMakeFiles/autoware_sensing_msgs__rosidl_typesupport_introspection_c.dir/rosidl_typesupport_introspection_c/autoware_sensing_msgs/msg/detail/gnss_ins_orientation_stamped__type_support.c.o[0m
[28.882s] [ 71%] [32m[1mLinking CXX shared library libautoware_sensing_msgs__rosidl_typesupport_c.so[0m
[28.909s] [ 74%] [32m[1mLinking C shared library libautoware_sensing_msgs__rosidl_typesupport_introspection_c.so[0m
[28.958s] [ 74%] Built target autoware_sensing_msgs__rosidl_typesupport_introspection_c
[28.995s] [ 74%] Built target autoware_sensing_msgs__rosidl_typesupport_c
[29.020s] [ 74%] Built target autoware_sensing_msgs
[29.042s] [ 76%] [34m[1mGenerating Python code for ROS interfaces[0m
[29.945s] [ 76%] Built target autoware_sensing_msgs__py
[29.977s] [ 79%] [32mBuilding C object CMakeFiles/autoware_sensing_msgs__rosidl_generator_py.dir/rosidl_generator_py/autoware_sensing_msgs/msg/_gnss_ins_orientation_s.c.o[0m
[29.988s] [ 82%] [32mBuilding C object CMakeFiles/autoware_sensing_msgs__rosidl_generator_py.dir/rosidl_generator_py/autoware_sensing_msgs/msg/_gnss_ins_orientation_stamped_s.c.o[0m
[30.272s] [ 84%] [32m[1mLinking C shared library rosidl_generator_py/autoware_sensing_msgs/libautoware_sensing_msgs__rosidl_generator_py.so[0m
[30.341s] [ 84%] Built target autoware_sensing_msgs__rosidl_generator_py
[30.389s] [ 87%] [32mBuilding C object CMakeFiles/autoware_sensing_msgs__rosidl_typesupport_introspection_c__pyext.dir/rosidl_generator_py/autoware_sensing_msgs/_autoware_sensing_msgs_s.ep.rosidl_typesupport_introspection_c.c.o[0m
[30.424s] [ 89%] [32mBuilding C object CMakeFiles/autoware_sensing_msgs__rosidl_typesupport_fastrtps_c__pyext.dir/rosidl_generator_py/autoware_sensing_msgs/_autoware_sensing_msgs_s.ep.rosidl_typesupport_fastrtps_c.c.o[0m
[30.669s] [ 92%] [32m[1mLinking C shared library rosidl_generator_py/autoware_sensing_msgs/autoware_sensing_msgs_s__rosidl_typesupport_introspection_c.cpython-310-x86_64-linux-gnu.so[0m
[30.689s] [ 94%] [32m[1mLinking C shared library rosidl_generator_py/autoware_sensing_msgs/autoware_sensing_msgs_s__rosidl_typesupport_fastrtps_c.cpython-310-x86_64-linux-gnu.so[0m
[30.779s] [ 94%] Built target autoware_sensing_msgs__rosidl_typesupport_introspection_c__pyext
[30.789s] [ 94%] Built target autoware_sensing_msgs__rosidl_typesupport_fastrtps_c__pyext
[30.827s] [ 97%] [32mBuilding C object CMakeFiles/autoware_sensing_msgs__rosidl_typesupport_c__pyext.dir/rosidl_generator_py/autoware_sensing_msgs/_autoware_sensing_msgs_s.ep.rosidl_typesupport_c.c.o[0m
[31.074s] [100%] [32m[1mLinking C shared library rosidl_generator_py/autoware_sensing_msgs/autoware_sensing_msgs_s__rosidl_typesupport_c.cpython-310-x86_64-linux-gnu.so[0m
[31.177s] [100%] Built target autoware_sensing_msgs__rosidl_typesupport_c__pyext
[31.292s] Invoked command in '/home/sws/autoware/build/autoware_sensing_msgs' returned '0': CMAKE_PREFIX_PATH=/opt/ros/humble /usr/bin/cmake --build /home/sws/autoware/build/autoware_sensing_msgs -- -j16 -l16
[31.835s] Invoking command in '/home/sws/autoware/build/autoware_sensing_msgs': CMAKE_PREFIX_PATH=/opt/ros/humble /usr/bin/cmake --install /home/sws/autoware/build/autoware_sensing_msgs
[32.897s] -- Install configuration: "Release"
[32.898s] -- Execute custom install script
[32.898s] -- Symlinking: /home/sws/autoware/install/autoware_sensing_msgs/share/ament_index/resource_index/rosidl_interfaces/autoware_sensing_msgs
[32.898s] -- Symlinking: /home/sws/autoware/install/autoware_sensing_msgs/include/autoware_sensing_msgs/autoware_sensing_msgs/msg/detail/gnss_ins_orientation__functions.h
[32.898s] -- Symlinking: /home/sws/autoware/install/autoware_sensing_msgs/include/autoware_sensing_msgs/autoware_sensing_msgs/msg/detail/gnss_ins_orientation__struct.h
[32.898s] -- Symlinking: /home/sws/autoware/install/autoware_sensing_msgs/include/autoware_sensing_msgs/autoware_sensing_msgs/msg/detail/gnss_ins_orientation__type_support.h
[32.898s] -- Symlinking: /home/sws/autoware/install/autoware_sensing_msgs/include/autoware_sensing_msgs/autoware_sensing_msgs/msg/detail/gnss_ins_orientation_stamped__functions.h
[32.898s] -- Symlinking: /home/sws/autoware/install/autoware_sensing_msgs/include/autoware_sensing_msgs/autoware_sensing_msgs/msg/detail/gnss_ins_orientation_stamped__struct.h
[32.898s] -- Symlinking: /home/sws/autoware/install/autoware_sensing_msgs/include/autoware_sensing_msgs/autoware_sensing_msgs/msg/detail/gnss_ins_orientation_stamped__type_support.h
[32.898s] -- Symlinking: /home/sws/autoware/install/autoware_sensing_msgs/include/autoware_sensing_msgs/autoware_sensing_msgs/msg/gnss_ins_orientation.h
[32.898s] -- Symlinking: /home/sws/autoware/install/autoware_sensing_msgs/include/autoware_sensing_msgs/autoware_sensing_msgs/msg/gnss_ins_orientation_stamped.h
[32.898s] -- Symlinking: /home/sws/autoware/install/autoware_sensing_msgs/include/autoware_sensing_msgs/autoware_sensing_msgs/msg/rosidl_generator_c__visibility_control.h
[32.899s] -- Symlinking: /home/sws/autoware/install/autoware_sensing_msgs/share/autoware_sensing_msgs/environment/library_path.sh
[32.899s] -- Symlinking: /home/sws/autoware/install/autoware_sensing_msgs/share/autoware_sensing_msgs/environment/library_path.dsv
[32.899s] -- Symlinking: /home/sws/autoware/install/autoware_sensing_msgs/include/autoware_sensing_msgs/autoware_sensing_msgs/msg/detail/gnss_ins_orientation__rosidl_typesupport_fastrtps_c.h
[32.899s] -- Symlinking: /home/sws/autoware/install/autoware_sensing_msgs/include/autoware_sensing_msgs/autoware_sensing_msgs/msg/detail/gnss_ins_orientation_stamped__rosidl_typesupport_fastrtps_c.h
[32.899s] -- Symlinking: /home/sws/autoware/install/autoware_sensing_msgs/include/autoware_sensing_msgs/autoware_sensing_msgs/msg/rosidl_typesupport_fastrtps_c__visibility_control.h
[32.899s] -- Symlinking: /home/sws/autoware/install/autoware_sensing_msgs/include/autoware_sensing_msgs/autoware_sensing_msgs/msg/detail/gnss_ins_orientation__builder.hpp
[32.899s] -- Symlinking: /home/sws/autoware/install/autoware_sensing_msgs/include/autoware_sensing_msgs/autoware_sensing_msgs/msg/detail/gnss_ins_orientation__struct.hpp
[32.899s] -- Symlinking: /home/sws/autoware/install/autoware_sensing_msgs/include/autoware_sensing_msgs/autoware_sensing_msgs/msg/detail/gnss_ins_orientation__traits.hpp
[32.899s] -- Symlinking: /home/sws/autoware/install/autoware_sensing_msgs/include/autoware_sensing_msgs/autoware_sensing_msgs/msg/detail/gnss_ins_orientation_stamped__builder.hpp
[32.899s] -- Symlinking: /home/sws/autoware/install/autoware_sensing_msgs/include/autoware_sensing_msgs/autoware_sensing_msgs/msg/detail/gnss_ins_orientation_stamped__struct.hpp
[32.900s] -- Symlinking: /home/sws/autoware/install/autoware_sensing_msgs/include/autoware_sensing_msgs/autoware_sensing_msgs/msg/detail/gnss_ins_orientation_stamped__traits.hpp
[32.900s] -- Symlinking: /home/sws/autoware/install/autoware_sensing_msgs/include/autoware_sensing_msgs/autoware_sensing_msgs/msg/gnss_ins_orientation.hpp
[32.900s] -- Symlinking: /home/sws/autoware/install/autoware_sensing_msgs/include/autoware_sensing_msgs/autoware_sensing_msgs/msg/gnss_ins_orientation_stamped.hpp
[32.900s] -- Symlinking: /home/sws/autoware/install/autoware_sensing_msgs/include/autoware_sensing_msgs/autoware_sensing_msgs/msg/detail/gnss_ins_orientation__rosidl_typesupport_fastrtps_cpp.hpp
[32.900s] -- Symlinking: /home/sws/autoware/install/autoware_sensing_msgs/include/autoware_sensing_msgs/autoware_sensing_msgs/msg/detail/gnss_ins_orientation_stamped__rosidl_typesupport_fastrtps_cpp.hpp
[32.900s] -- Symlinking: /home/sws/autoware/install/autoware_sensing_msgs/include/autoware_sensing_msgs/autoware_sensing_msgs/msg/rosidl_typesupport_fastrtps_cpp__visibility_control.h
[32.900s] -- Symlinking: /home/sws/autoware/install/autoware_sensing_msgs/include/autoware_sensing_msgs/autoware_sensing_msgs/msg/detail/gnss_ins_orientation__rosidl_typesupport_introspection_c.h
[32.900s] -- Symlinking: /home/sws/autoware/install/autoware_sensing_msgs/include/autoware_sensing_msgs/autoware_sensing_msgs/msg/detail/gnss_ins_orientation_stamped__rosidl_typesupport_introspection_c.h
[32.900s] -- Symlinking: /home/sws/autoware/install/autoware_sensing_msgs/include/autoware_sensing_msgs/autoware_sensing_msgs/msg/rosidl_typesupport_introspection_c__visibility_control.h
[32.900s] -- Symlinking: /home/sws/autoware/install/autoware_sensing_msgs/include/autoware_sensing_msgs/autoware_sensing_msgs/msg/detail/gnss_ins_orientation__rosidl_typesupport_introspection_cpp.hpp
[32.901s] -- Symlinking: /home/sws/autoware/install/autoware_sensing_msgs/include/autoware_sensing_msgs/autoware_sensing_msgs/msg/detail/gnss_ins_orientation_stamped__rosidl_typesupport_introspection_cpp.hpp
[32.901s] -- Symlinking: /home/sws/autoware/install/autoware_sensing_msgs/share/autoware_sensing_msgs/environment/pythonpath.sh
[32.901s] -- Symlinking: /home/sws/autoware/install/autoware_sensing_msgs/share/autoware_sensing_msgs/environment/pythonpath.dsv
[32.901s] -- Symlinking: /home/sws/autoware/install/autoware_sensing_msgs/local/lib/python3.10/dist-packages/autoware_sensing_msgs-1.0.0-py3.10.egg-info/PKG-INFO
[32.901s] -- Symlinking: /home/sws/autoware/install/autoware_sensing_msgs/local/lib/python3.10/dist-packages/autoware_sensing_msgs-1.0.0-py3.10.egg-info/SOURCES.txt
[32.901s] -- Symlinking: /home/sws/autoware/install/autoware_sensing_msgs/local/lib/python3.10/dist-packages/autoware_sensing_msgs-1.0.0-py3.10.egg-info/dependency_links.txt
[32.901s] -- Symlinking: /home/sws/autoware/install/autoware_sensing_msgs/local/lib/python3.10/dist-packages/autoware_sensing_msgs-1.0.0-py3.10.egg-info/top_level.txt
[32.901s] -- Symlinking: /home/sws/autoware/install/autoware_sensing_msgs/local/lib/python3.10/dist-packages/autoware_sensing_msgs/__init__.py
[32.901s] -- Symlinking: /home/sws/autoware/install/autoware_sensing_msgs/local/lib/python3.10/dist-packages/autoware_sensing_msgs/_autoware_sensing_msgs_s.ep.rosidl_typesupport_c.c
[32.901s] -- Symlinking: /home/sws/autoware/install/autoware_sensing_msgs/local/lib/python3.10/dist-packages/autoware_sensing_msgs/_autoware_sensing_msgs_s.ep.rosidl_typesupport_fastrtps_c.c
[32.902s] -- Symlinking: /home/sws/autoware/install/autoware_sensing_msgs/local/lib/python3.10/dist-packages/autoware_sensing_msgs/_autoware_sensing_msgs_s.ep.rosidl_typesupport_introspection_c.c
[32.902s] -- Symlinking: /home/sws/autoware/install/autoware_sensing_msgs/local/lib/python3.10/dist-packages/autoware_sensing_msgs/autoware_sensing_msgs_s__rosidl_typesupport_c.cpython-310-x86_64-linux-gnu.so
[32.902s] -- Symlinking: /home/sws/autoware/install/autoware_sensing_msgs/local/lib/python3.10/dist-packages/autoware_sensing_msgs/autoware_sensing_msgs_s__rosidl_typesupport_fastrtps_c.cpython-310-x86_64-linux-gnu.so
[32.902s] -- Symlinking: /home/sws/autoware/install/autoware_sensing_msgs/local/lib/python3.10/dist-packages/autoware_sensing_msgs/autoware_sensing_msgs_s__rosidl_typesupport_introspection_c.cpython-310-x86_64-linux-gnu.so
[32.902s] -- Symlinking: /home/sws/autoware/install/autoware_sensing_msgs/local/lib/python3.10/dist-packages/autoware_sensing_msgs/libautoware_sensing_msgs__rosidl_generator_py.so
[32.902s] -- Symlinking: /home/sws/autoware/install/autoware_sensing_msgs/local/lib/python3.10/dist-packages/autoware_sensing_msgs/msg/__init__.py
[32.902s] -- Symlinking: /home/sws/autoware/install/autoware_sensing_msgs/local/lib/python3.10/dist-packages/autoware_sensing_msgs/msg/_gnss_ins_orientation.py
[32.902s] -- Symlinking: /home/sws/autoware/install/autoware_sensing_msgs/local/lib/python3.10/dist-packages/autoware_sensing_msgs/msg/_gnss_ins_orientation_s.c
[32.902s] -- Symlinking: /home/sws/autoware/install/autoware_sensing_msgs/local/lib/python3.10/dist-packages/autoware_sensing_msgs/msg/_gnss_ins_orientation_stamped.py
[32.902s] -- Symlinking: /home/sws/autoware/install/autoware_sensing_msgs/local/lib/python3.10/dist-packages/autoware_sensing_msgs/msg/_gnss_ins_orientation_stamped_s.c
[32.902s] -- Up-to-date symlink: /home/sws/autoware/install/autoware_sensing_msgs/local/lib/python3.10/dist-packages/autoware_sensing_msgs/autoware_sensing_msgs_s__rosidl_typesupport_fastrtps_c.cpython-310-x86_64-linux-gnu.so
[32.903s] -- Up-to-date symlink: /home/sws/autoware/install/autoware_sensing_msgs/local/lib/python3.10/dist-packages/autoware_sensing_msgs/autoware_sensing_msgs_s__rosidl_typesupport_introspection_c.cpython-310-x86_64-linux-gnu.so
[32.903s] -- Up-to-date symlink: /home/sws/autoware/install/autoware_sensing_msgs/local/lib/python3.10/dist-packages/autoware_sensing_msgs/autoware_sensing_msgs_s__rosidl_typesupport_c.cpython-310-x86_64-linux-gnu.so
[32.903s] -- Symlinking: /home/sws/autoware/install/autoware_sensing_msgs/share/autoware_sensing_msgs/msg/GnssInsOrientation.idl
[32.903s] -- Symlinking: /home/sws/autoware/install/autoware_sensing_msgs/share/autoware_sensing_msgs/msg/GnssInsOrientationStamped.idl
[32.903s] -- Symlinking: /home/sws/autoware/install/autoware_sensing_msgs/share/autoware_sensing_msgs/msg/GnssInsOrientation.msg
[32.903s] -- Symlinking: /home/sws/autoware/install/autoware_sensing_msgs/share/autoware_sensing_msgs/msg/GnssInsOrientationStamped.msg
[32.903s] -- Symlinking: /home/sws/autoware/install/autoware_sensing_msgs/share/ament_index/resource_index/package_run_dependencies/autoware_sensing_msgs
[32.903s] -- Symlinking: /home/sws/autoware/install/autoware_sensing_msgs/share/ament_index/resource_index/parent_prefix_path/autoware_sensing_msgs
[32.903s] -- Symlinking: /home/sws/autoware/install/autoware_sensing_msgs/share/autoware_sensing_msgs/environment/ament_prefix_path.sh
[32.903s] -- Symlinking: /home/sws/autoware/install/autoware_sensing_msgs/share/autoware_sensing_msgs/environment/ament_prefix_path.dsv
[32.903s] -- Symlinking: /home/sws/autoware/install/autoware_sensing_msgs/share/autoware_sensing_msgs/environment/path.sh
[32.903s] -- Symlinking: /home/sws/autoware/install/autoware_sensing_msgs/share/autoware_sensing_msgs/environment/path.dsv
[32.904s] -- Symlinking: /home/sws/autoware/install/autoware_sensing_msgs/share/autoware_sensing_msgs/local_setup.bash
[32.904s] -- Symlinking: /home/sws/autoware/install/autoware_sensing_msgs/share/autoware_sensing_msgs/local_setup.sh
[32.914s] -- Symlinking: /home/sws/autoware/install/autoware_sensing_msgs/share/autoware_sensing_msgs/local_setup.zsh
[32.925s] -- Symlinking: /home/sws/autoware/install/autoware_sensing_msgs/share/autoware_sensing_msgs/local_setup.dsv
[32.935s] -- Symlinking: /home/sws/autoware/install/autoware_sensing_msgs/share/autoware_sensing_msgs/package.dsv
[32.946s] -- Symlinking: /home/sws/autoware/install/autoware_sensing_msgs/share/ament_index/resource_index/packages/autoware_sensing_msgs
[32.956s] -- Symlinking: /home/sws/autoware/install/autoware_sensing_msgs/share/autoware_sensing_msgs/cmake/rosidl_cmake-extras.cmake
[32.967s] -- Symlinking: /home/sws/autoware/install/autoware_sensing_msgs/share/autoware_sensing_msgs/cmake/ament_cmake_export_dependencies-extras.cmake
[32.977s] -- Symlinking: /home/sws/autoware/install/autoware_sensing_msgs/share/autoware_sensing_msgs/cmake/ament_cmake_export_include_directories-extras.cmake
[32.989s] -- Symlinking: /home/sws/autoware/install/autoware_sensing_msgs/share/autoware_sensing_msgs/cmake/ament_cmake_export_libraries-extras.cmake
[33.000s] -- Symlinking: /home/sws/autoware/install/autoware_sensing_msgs/share/autoware_sensing_msgs/cmake/ament_cmake_export_targets-extras.cmake
[33.011s] -- Symlinking: /home/sws/autoware/install/autoware_sensing_msgs/share/autoware_sensing_msgs/cmake/rosidl_cmake_export_typesupport_targets-extras.cmake
[33.023s] -- Symlinking: /home/sws/autoware/install/autoware_sensing_msgs/share/autoware_sensing_msgs/cmake/rosidl_cmake_export_typesupport_libraries-extras.cmake
[33.036s] -- Symlinking: /home/sws/autoware/install/autoware_sensing_msgs/share/autoware_sensing_msgs/cmake/autoware_sensing_msgsConfig.cmake
[33.046s] -- Symlinking: /home/sws/autoware/install/autoware_sensing_msgs/share/autoware_sensing_msgs/cmake/autoware_sensing_msgsConfig-version.cmake
[33.057s] -- Symlinking: /home/sws/autoware/install/autoware_sensing_msgs/share/autoware_sensing_msgs/package.xml
[33.070s] -- Installing: /home/sws/autoware/install/autoware_sensing_msgs/lib/libautoware_sensing_msgs__rosidl_generator_c.so
[33.070s] -- Set runtime path of "/home/sws/autoware/install/autoware_sensing_msgs/lib/libautoware_sensing_msgs__rosidl_generator_c.so" to ""
[33.070s] -- Installing: /home/sws/autoware/install/autoware_sensing_msgs/lib/libautoware_sensing_msgs__rosidl_typesupport_fastrtps_c.so
[33.071s] -- Set runtime path of "/home/sws/autoware/install/autoware_sensing_msgs/lib/libautoware_sensing_msgs__rosidl_typesupport_fastrtps_c.so" to ""
[33.071s] -- Installing: /home/sws/autoware/install/autoware_sensing_msgs/lib/libautoware_sensing_msgs__rosidl_typesupport_fastrtps_cpp.so
[33.072s] -- Set runtime path of "/home/sws/autoware/install/autoware_sensing_msgs/lib/libautoware_sensing_msgs__rosidl_typesupport_fastrtps_cpp.so" to ""
[33.072s] -- Installing: /home/sws/autoware/install/autoware_sensing_msgs/lib/libautoware_sensing_msgs__rosidl_typesupport_introspection_c.so
[33.073s] -- Set runtime path of "/home/sws/autoware/install/autoware_sensing_msgs/lib/libautoware_sensing_msgs__rosidl_typesupport_introspection_c.so" to ""
[33.073s] -- Installing: /home/sws/autoware/install/autoware_sensing_msgs/lib/libautoware_sensing_msgs__rosidl_typesupport_c.so
[33.073s] -- Set runtime path of "/home/sws/autoware/install/autoware_sensing_msgs/lib/libautoware_sensing_msgs__rosidl_typesupport_c.so" to ""
[33.073s] -- Installing: /home/sws/autoware/install/autoware_sensing_msgs/lib/libautoware_sensing_msgs__rosidl_typesupport_introspection_cpp.so
[33.073s] -- Set runtime path of "/home/sws/autoware/install/autoware_sensing_msgs/lib/libautoware_sensing_msgs__rosidl_typesupport_introspection_cpp.so" to ""
[33.073s] -- Installing: /home/sws/autoware/install/autoware_sensing_msgs/lib/libautoware_sensing_msgs__rosidl_typesupport_cpp.so
[33.073s] -- Set runtime path of "/home/sws/autoware/install/autoware_sensing_msgs/lib/libautoware_sensing_msgs__rosidl_typesupport_cpp.so" to ""
[33.133s] Listing '/home/sws/autoware/install/autoware_sensing_msgs/local/lib/python3.10/dist-packages/autoware_sensing_msgs'...
[33.133s] Compiling '/home/sws/autoware/install/autoware_sensing_msgs/local/lib/python3.10/dist-packages/autoware_sensing_msgs/__init__.py'...
[33.133s] Listing '/home/sws/autoware/install/autoware_sensing_msgs/local/lib/python3.10/dist-packages/autoware_sensing_msgs/msg'...
[33.133s] Compiling '/home/sws/autoware/install/autoware_sensing_msgs/local/lib/python3.10/dist-packages/autoware_sensing_msgs/msg/__init__.py'...
[33.134s] Compiling '/home/sws/autoware/install/autoware_sensing_msgs/local/lib/python3.10/dist-packages/autoware_sensing_msgs/msg/_gnss_ins_orientation.py'...
[33.134s] Compiling '/home/sws/autoware/install/autoware_sensing_msgs/local/lib/python3.10/dist-packages/autoware_sensing_msgs/msg/_gnss_ins_orientation_stamped.py'...
[33.139s] -- Installing: /home/sws/autoware/install/autoware_sensing_msgs/lib/libautoware_sensing_msgs__rosidl_generator_py.so
[33.140s] -- Set runtime path of "/home/sws/autoware/install/autoware_sensing_msgs/lib/libautoware_sensing_msgs__rosidl_generator_py.so" to ""
[33.140s] -- Installing: /home/sws/autoware/install/autoware_sensing_msgs/share/autoware_sensing_msgs/cmake/export_autoware_sensing_msgs__rosidl_generator_cExport.cmake
[33.140s] -- Installing: /home/sws/autoware/install/autoware_sensing_msgs/share/autoware_sensing_msgs/cmake/export_autoware_sensing_msgs__rosidl_generator_cExport-release.cmake
[33.141s] -- Installing: /home/sws/autoware/install/autoware_sensing_msgs/share/autoware_sensing_msgs/cmake/export_autoware_sensing_msgs__rosidl_typesupport_fastrtps_cExport.cmake
[33.141s] -- Installing: /home/sws/autoware/install/autoware_sensing_msgs/share/autoware_sensing_msgs/cmake/export_autoware_sensing_msgs__rosidl_typesupport_fastrtps_cExport-release.cmake
[33.141s] -- Installing: /home/sws/autoware/install/autoware_sensing_msgs/share/autoware_sensing_msgs/cmake/export_autoware_sensing_msgs__rosidl_generator_cppExport.cmake
[33.141s] -- Installing: /home/sws/autoware/install/autoware_sensing_msgs/share/autoware_sensing_msgs/cmake/export_autoware_sensing_msgs__rosidl_typesupport_fastrtps_cppExport.cmake
[33.142s] -- Installing: /home/sws/autoware/install/autoware_sensing_msgs/share/autoware_sensing_msgs/cmake/export_autoware_sensing_msgs__rosidl_typesupport_fastrtps_cppExport-release.cmake
[33.142s] -- Installing: /home/sws/autoware/install/autoware_sensing_msgs/share/autoware_sensing_msgs/cmake/autoware_sensing_msgs__rosidl_typesupport_introspection_cExport.cmake
[33.142s] -- Installing: /home/sws/autoware/install/autoware_sensing_msgs/share/autoware_sensing_msgs/cmake/autoware_sensing_msgs__rosidl_typesupport_introspection_cExport-release.cmake
[33.143s] -- Installing: /home/sws/autoware/install/autoware_sensing_msgs/share/autoware_sensing_msgs/cmake/autoware_sensing_msgs__rosidl_typesupport_cExport.cmake
[33.143s] -- Installing: /home/sws/autoware/install/autoware_sensing_msgs/share/autoware_sensing_msgs/cmake/autoware_sensing_msgs__rosidl_typesupport_cExport-release.cmake
[33.143s] -- Installing: /home/sws/autoware/install/autoware_sensing_msgs/share/autoware_sensing_msgs/cmake/autoware_sensing_msgs__rosidl_typesupport_introspection_cppExport.cmake
[33.143s] -- Installing: /home/sws/autoware/install/autoware_sensing_msgs/share/autoware_sensing_msgs/cmake/autoware_sensing_msgs__rosidl_typesupport_introspection_cppExport-release.cmake
[33.143s] -- Installing: /home/sws/autoware/install/autoware_sensing_msgs/share/autoware_sensing_msgs/cmake/autoware_sensing_msgs__rosidl_typesupport_cppExport.cmake
[33.144s] -- Installing: /home/sws/autoware/install/autoware_sensing_msgs/share/autoware_sensing_msgs/cmake/autoware_sensing_msgs__rosidl_typesupport_cppExport-release.cmake
[33.144s] -- Installing: /home/sws/autoware/install/autoware_sensing_msgs/share/autoware_sensing_msgs/cmake/export_autoware_sensing_msgs__rosidl_generator_pyExport.cmake
[33.144s] -- Installing: /home/sws/autoware/install/autoware_sensing_msgs/share/autoware_sensing_msgs/cmake/export_autoware_sensing_msgs__rosidl_generator_pyExport-release.cmake
[33.163s] Invoked command in '/home/sws/autoware/build/autoware_sensing_msgs' returned '0': CMAKE_PREFIX_PATH=/opt/ros/humble /usr/bin/cmake --install /home/sws/autoware/build/autoware_sensing_msgs
