[0.053s] Invoking command in '/home/sws/autoware/build/tier4_perception_rviz_plugin': AMENT_PREFIX_PATH=/home/sws/autoware/install/dummy_perception_publisher:/home/sws/autoware/install/tier4_autoware_utils:/home/sws/autoware/install/tier4_perception_msgs:/home/sws/autoware/install/autoware_auto_vehicle_msgs:/home/sws/autoware/install/autoware_cmake:/home/sws/autoware/install/autoware_auto_planning_msgs:/home/sws/autoware/install/autoware_auto_perception_msgs:/home/sws/autoware/install/tier4_debug_msgs:/home/sws/autoware/install/autoware_lint_common:/home/sws/autoware/install/autoware_auto_mapping_msgs:/home/sws/autoware/install/autoware_auto_geometry_msgs:${AMENT_PREFIX_PATH} CMAKE_PREFIX_PATH=/home/sws/autoware/install/dummy_perception_publisher:/home/sws/autoware/install/tier4_autoware_utils:/home/sws/autoware/install/tier4_perception_msgs:/home/sws/autoware/install/autoware_auto_vehicle_msgs:/home/sws/autoware/install/autoware_cmake:/home/sws/autoware/install/autoware_auto_planning_msgs:/home/sws/autoware/install/autoware_auto_perception_msgs:/home/sws/autoware/install/tier4_debug_msgs:/home/sws/autoware/install/autoware_lint_common:/home/sws/autoware/install/autoware_auto_mapping_msgs:/home/sws/autoware/install/autoware_auto_geometry_msgs:/opt/ros/humble LD_LIBRARY_PATH=/home/sws/autoware/install/dummy_perception_publisher/lib:/home/sws/autoware/install/tier4_autoware_utils/lib:/home/sws/autoware/install/tier4_perception_msgs/lib:/home/sws/autoware/install/autoware_auto_vehicle_msgs/lib:/home/sws/autoware/install/autoware_auto_planning_msgs/lib:/home/sws/autoware/install/autoware_auto_perception_msgs/lib:/home/sws/autoware/install/tier4_debug_msgs/lib:/home/sws/autoware/install/autoware_auto_mapping_msgs/lib:/home/sws/autoware/install/autoware_auto_geometry_msgs/lib:${LD_LIBRARY_PATH} PYTHONPATH=/home/sws/autoware/install/dummy_perception_publisher/local/lib/python3.10/dist-packages:/home/sws/autoware/install/tier4_perception_msgs/local/lib/python3.10/dist-packages:/home/sws/autoware/install/autoware_auto_vehicle_msgs/local/lib/python3.10/dist-packages:/home/sws/autoware/install/autoware_auto_planning_msgs/local/lib/python3.10/dist-packages:/home/sws/autoware/install/autoware_auto_perception_msgs/local/lib/python3.10/dist-packages:/home/sws/autoware/install/tier4_debug_msgs/local/lib/python3.10/dist-packages:/home/sws/autoware/install/autoware_auto_mapping_msgs/local/lib/python3.10/dist-packages:/home/sws/autoware/install/autoware_auto_geometry_msgs/local/lib/python3.10/dist-packages:${PYTHONPATH} /usr/bin/cmake /home/sws/autoware/src/universe/autoware.universe/common/tier4_perception_rviz_plugin -DCMAKE_BUILD_TYPE=Release -DAMENT_CMAKE_SYMLINK_INSTALL=1 -DCMAKE_INSTALL_PREFIX=/home/sws/autoware/install/tier4_perception_rviz_plugin
[18.409s] -- The C compiler identification is GNU 11.3.0
[18.409s] -- The CXX compiler identification is GNU 11.3.0
[18.409s] -- Detecting C compiler ABI info
[18.409s] -- Detecting C compiler ABI info - done
[18.409s] -- Check for working C compiler: /usr/bin/cc - skipped
[18.409s] -- Detecting C compile features
[18.409s] -- Detecting C compile features - done
[18.409s] -- Detecting CXX compiler ABI info
[18.409s] -- Detecting CXX compiler ABI info - done
[18.409s] -- Check for working CXX compiler: /usr/bin/c++ - skipped
[18.409s] -- Detecting CXX compile features
[18.409s] -- Detecting CXX compile features - done
[18.409s] -- Found autoware_cmake: 0.1.0 (/home/sws/autoware/install/autoware_cmake/share/autoware_cmake/cmake)
[18.410s] -- Found Python3: /usr/bin/python3.10 (found version "3.10.6") found components: Interpreter 
[18.410s] -- Override CMake install command with custom implementation using symlinks instead of copying resources
[18.410s] -- Found rosidl_generator_c: 3.1.4 (/opt/ros/humble/share/rosidl_generator_c/cmake)
[18.410s] -- Found rosidl_adapter: 3.1.4 (/opt/ros/humble/share/rosidl_adapter/cmake)
[18.410s] -- Found rosidl_generator_cpp: 3.1.4 (/opt/ros/humble/share/rosidl_generator_cpp/cmake)
[18.410s] -- Using all available rosidl_typesupport_c: rosidl_typesupport_fastrtps_c;rosidl_typesupport_introspection_c
[18.410s] -- Using all available rosidl_typesupport_cpp: rosidl_typesupport_fastrtps_cpp;rosidl_typesupport_introspection_cpp
[18.410s] -- Found rmw_implementation_cmake: 6.1.1 (/opt/ros/humble/share/rmw_implementation_cmake/cmake)
[18.410s] -- Found rmw_fastrtps_cpp: 6.2.2 (/opt/ros/humble/share/rmw_fastrtps_cpp/cmake)
[18.410s] -- Found OpenSSL: /usr/lib/x86_64-linux-gnu/libcrypto.so (found version "3.0.2")  
[18.410s] -- Found FastRTPS: /opt/ros/humble/include  
[18.410s] -- Using RMW implementation 'rmw_fastrtps_cpp' as default
[18.410s] -- Looking for pthread.h
[18.410s] -- Looking for pthread.h - found
[18.411s] -- Performing Test CMAKE_HAVE_LIBC_PTHREAD
[18.411s] -- Performing Test CMAKE_HAVE_LIBC_PTHREAD - Success
[18.411s] -- Found Threads: TRUE  
[18.411s] -- Found eigen3_cmake_module: 0.1.1 (/opt/ros/humble/share/eigen3_cmake_module/cmake)
[18.411s] -- Found Eigen3: TRUE (found version "3.4.0") 
[18.411s] -- Ensuring Eigen3 include directory is part of orocos-kdl CMake target
[18.411s] -- Setting OGRE_DIR to: '/opt/ros/humble/share/rviz_ogre_vendor/cmake/../../../opt/rviz_ogre_vendor/lib/OGRE/cmake'
[18.411s] -- Found OGRE
[18.411s] --   static     : OFF
[18.411s] --   components : HLMS;MeshLodGenerator;Overlay;Paging;Property;RTShaderSystem;Terrain;Volume
[18.411s] --   plugins    : Plugin_BSPSceneManager;Plugin_OctreeSceneManager;Plugin_PCZSceneManager;Plugin_ParticleFX;RenderSystem_GL;RenderSystem_GL3Plus;Codec_STBI
[18.411s] --   media      : /opt/ros/humble/opt/rviz_ogre_vendor/share/OGRE/Media
[18.411s] -- OGRE_LIBRARIES: OgreHLMS;OgreMeshLodGenerator;OgreOverlay;OgrePaging;OgreProperty;OgreRTShaderSystem;OgreTerrain;OgreVolume;OgreMain
[18.411s] -- OGRE_LIBRARY_DIRS: /opt/ros/humble/opt/rviz_ogre_vendor/lib
[18.411s] -- OGRE_PLUGINS: Plugin_BSPSceneManager;Plugin_OctreeSceneManager;Plugin_PCZSceneManager;Plugin_ParticleFX;RenderSystem_GL;RenderSystem_GL3Plus;Codec_STBI
[18.411s] -- OGRE_PLUGIN_DIR: /opt/ros/humble/opt/rviz_ogre_vendor/lib/OGRE
[18.411s] -- rviz_ogre_vendor::OgreOverlay for IMPORTED_LOCATION_RELEASE: /opt/ros/humble/opt/rviz_ogre_vendor/lib/libOgreOverlay.so
[18.411s] -- rviz_ogre_vendor::OgreOverlay for IMPORTED_LOCATION_DEBUG: /opt/ros/humble/opt/rviz_ogre_vendor/lib/libOgreOverlay.so
[18.412s] -- rviz_ogre_vendor::OgreMain for IMPORTED_LOCATION_RELEASE: /opt/ros/humble/opt/rviz_ogre_vendor/lib/libOgreMain.so
[18.412s] -- rviz_ogre_vendor::OgreMain for IMPORTED_LOCATION_DEBUG: /opt/ros/humble/opt/rviz_ogre_vendor/lib/libOgreMain.so
[18.412s] -- Could not find freeimage library
[18.412s] -- Found ZLIB: /usr/lib/x86_64-linux-gnu/libz.so (found version "1.2.11") 
[18.412s] -- Found OpenGL: /usr/lib/x86_64-linux-gnu/libOpenGL.so   
[18.412s] -- Found X11: /usr/include   
[18.412s] -- Looking for XOpenDisplay in /usr/lib/x86_64-linux-gnu/libX11.so;/usr/lib/x86_64-linux-gnu/libXext.so
[18.412s] -- Looking for XOpenDisplay in /usr/lib/x86_64-linux-gnu/libX11.so;/usr/lib/x86_64-linux-gnu/libXext.so - found
[18.412s] -- Looking for gethostbyname
[18.412s] -- Looking for gethostbyname - found
[18.412s] -- Looking for connect
[18.412s] -- Looking for connect - found
[18.412s] -- Looking for remove
[18.412s] -- Looking for remove - found
[18.412s] -- Looking for shmat
[18.412s] -- Looking for shmat - found
[18.412s] -- Looking for IceConnectionNumber in ICE
[18.413s] -- Looking for IceConnectionNumber in ICE - found
[18.413s] -- rviz_ogre_vendor::RenderSystem_GL for IMPORTED_LOCATION_RELEASE: _render_system_gl_static_library_abs-NOTFOUND
[18.413s] -- rviz_ogre_vendor::RenderSystem_GL for IMPORTED_LOCATION_DEBUG: _render_system_gl_static_library_abs-NOTFOUND
[18.413s] -- library: /usr/lib/x86_64-linux-gnu/libcurl.so
[18.413s] -- Found ament_lint_auto: 0.12.5 (/opt/ros/humble/share/ament_lint_auto/cmake)
[18.413s] -- Added test 'copyright' to check source files copyright and LICENSE
[18.413s] -- Added test 'cppcheck' to perform static code analysis on C / C++ code
[18.413s] -- Configured cppcheck include dirs: 
[18.413s] -- Configured cppcheck exclude dirs and/or files: 
[18.413s] -- Added test 'lint_cmake' to check CMake code style
[18.414s] -- Added test 'xmllint' to check XML markup files
[18.414s] -- Configuring done
[18.414s] -- Generating done
[18.414s] -- Build files have been written to: /home/sws/autoware/build/tier4_perception_rviz_plugin
[18.419s] Invoked command in '/home/sws/autoware/build/tier4_perception_rviz_plugin' returned '0': AMENT_PREFIX_PATH=/home/sws/autoware/install/dummy_perception_publisher:/home/sws/autoware/install/tier4_autoware_utils:/home/sws/autoware/install/tier4_perception_msgs:/home/sws/autoware/install/autoware_auto_vehicle_msgs:/home/sws/autoware/install/autoware_cmake:/home/sws/autoware/install/autoware_auto_planning_msgs:/home/sws/autoware/install/autoware_auto_perception_msgs:/home/sws/autoware/install/tier4_debug_msgs:/home/sws/autoware/install/autoware_lint_common:/home/sws/autoware/install/autoware_auto_mapping_msgs:/home/sws/autoware/install/autoware_auto_geometry_msgs:${AMENT_PREFIX_PATH} CMAKE_PREFIX_PATH=/home/sws/autoware/install/dummy_perception_publisher:/home/sws/autoware/install/tier4_autoware_utils:/home/sws/autoware/install/tier4_perception_msgs:/home/sws/autoware/install/autoware_auto_vehicle_msgs:/home/sws/autoware/install/autoware_cmake:/home/sws/autoware/install/autoware_auto_planning_msgs:/home/sws/autoware/install/autoware_auto_perception_msgs:/home/sws/autoware/install/tier4_debug_msgs:/home/sws/autoware/install/autoware_lint_common:/home/sws/autoware/install/autoware_auto_mapping_msgs:/home/sws/autoware/install/autoware_auto_geometry_msgs:/opt/ros/humble LD_LIBRARY_PATH=/home/sws/autoware/install/dummy_perception_publisher/lib:/home/sws/autoware/install/tier4_autoware_utils/lib:/home/sws/autoware/install/tier4_perception_msgs/lib:/home/sws/autoware/install/autoware_auto_vehicle_msgs/lib:/home/sws/autoware/install/autoware_auto_planning_msgs/lib:/home/sws/autoware/install/autoware_auto_perception_msgs/lib:/home/sws/autoware/install/tier4_debug_msgs/lib:/home/sws/autoware/install/autoware_auto_mapping_msgs/lib:/home/sws/autoware/install/autoware_auto_geometry_msgs/lib:${LD_LIBRARY_PATH} PYTHONPATH=/home/sws/autoware/install/dummy_perception_publisher/local/lib/python3.10/dist-packages:/home/sws/autoware/install/tier4_perception_msgs/local/lib/python3.10/dist-packages:/home/sws/autoware/install/autoware_auto_vehicle_msgs/local/lib/python3.10/dist-packages:/home/sws/autoware/install/autoware_auto_planning_msgs/local/lib/python3.10/dist-packages:/home/sws/autoware/install/autoware_auto_perception_msgs/local/lib/python3.10/dist-packages:/home/sws/autoware/install/tier4_debug_msgs/local/lib/python3.10/dist-packages:/home/sws/autoware/install/autoware_auto_mapping_msgs/local/lib/python3.10/dist-packages:/home/sws/autoware/install/autoware_auto_geometry_msgs/local/lib/python3.10/dist-packages:${PYTHONPATH} /usr/bin/cmake /home/sws/autoware/src/universe/autoware.universe/common/tier4_perception_rviz_plugin -DCMAKE_BUILD_TYPE=Release -DAMENT_CMAKE_SYMLINK_INSTALL=1 -DCMAKE_INSTALL_PREFIX=/home/sws/autoware/install/tier4_perception_rviz_plugin
[18.422s] Invoking command in '/home/sws/autoware/build/tier4_perception_rviz_plugin': AMENT_PREFIX_PATH=/home/sws/autoware/install/dummy_perception_publisher:/home/sws/autoware/install/tier4_autoware_utils:/home/sws/autoware/install/tier4_perception_msgs:/home/sws/autoware/install/autoware_auto_vehicle_msgs:/home/sws/autoware/install/autoware_cmake:/home/sws/autoware/install/autoware_auto_planning_msgs:/home/sws/autoware/install/autoware_auto_perception_msgs:/home/sws/autoware/install/tier4_debug_msgs:/home/sws/autoware/install/autoware_lint_common:/home/sws/autoware/install/autoware_auto_mapping_msgs:/home/sws/autoware/install/autoware_auto_geometry_msgs:${AMENT_PREFIX_PATH} CMAKE_PREFIX_PATH=/home/sws/autoware/install/dummy_perception_publisher:/home/sws/autoware/install/tier4_autoware_utils:/home/sws/autoware/install/tier4_perception_msgs:/home/sws/autoware/install/autoware_auto_vehicle_msgs:/home/sws/autoware/install/autoware_cmake:/home/sws/autoware/install/autoware_auto_planning_msgs:/home/sws/autoware/install/autoware_auto_perception_msgs:/home/sws/autoware/install/tier4_debug_msgs:/home/sws/autoware/install/autoware_lint_common:/home/sws/autoware/install/autoware_auto_mapping_msgs:/home/sws/autoware/install/autoware_auto_geometry_msgs:/opt/ros/humble LD_LIBRARY_PATH=/home/sws/autoware/install/dummy_perception_publisher/lib:/home/sws/autoware/install/tier4_autoware_utils/lib:/home/sws/autoware/install/tier4_perception_msgs/lib:/home/sws/autoware/install/autoware_auto_vehicle_msgs/lib:/home/sws/autoware/install/autoware_auto_planning_msgs/lib:/home/sws/autoware/install/autoware_auto_perception_msgs/lib:/home/sws/autoware/install/tier4_debug_msgs/lib:/home/sws/autoware/install/autoware_auto_mapping_msgs/lib:/home/sws/autoware/install/autoware_auto_geometry_msgs/lib:${LD_LIBRARY_PATH} PYTHONPATH=/home/sws/autoware/install/dummy_perception_publisher/local/lib/python3.10/dist-packages:/home/sws/autoware/install/tier4_perception_msgs/local/lib/python3.10/dist-packages:/home/sws/autoware/install/autoware_auto_vehicle_msgs/local/lib/python3.10/dist-packages:/home/sws/autoware/install/autoware_auto_planning_msgs/local/lib/python3.10/dist-packages:/home/sws/autoware/install/autoware_auto_perception_msgs/local/lib/python3.10/dist-packages:/home/sws/autoware/install/tier4_debug_msgs/local/lib/python3.10/dist-packages:/home/sws/autoware/install/autoware_auto_mapping_msgs/local/lib/python3.10/dist-packages:/home/sws/autoware/install/autoware_auto_geometry_msgs/local/lib/python3.10/dist-packages:${PYTHONPATH} /usr/bin/cmake --build /home/sws/autoware/build/tier4_perception_rviz_plugin -- -j16 -l16
[30.178s] [ 11%] [34m[1mAutomatic MOC for target tier4_perception_rviz_plugin[0m
[30.178s] [ 11%] Built target tier4_perception_rviz_plugin_autogen
[30.178s] [ 22%] [32mBuilding CXX object CMakeFiles/tier4_perception_rviz_plugin.dir/tier4_perception_rviz_plugin_autogen/mocs_compilation.cpp.o[0m
[30.178s] [ 33%] [32mBuilding CXX object CMakeFiles/tier4_perception_rviz_plugin.dir/src/tools/delete_all_objects.cpp.o[0m
[34.881s] [ 44%] [32mBuilding CXX object CMakeFiles/tier4_perception_rviz_plugin.dir/src/tools/unknown_pose.cpp.o[0m
[42.710s] [ 55%] [32mBuilding CXX object CMakeFiles/tier4_perception_rviz_plugin.dir/src/tools/car_pose.cpp.o[0m
[50.046s] [ 66%] [32mBuilding CXX object CMakeFiles/tier4_perception_rviz_plugin.dir/src/tools/pedestrian_pose.cpp.o[0m
[54.926s] [ 77%] [32mBuilding CXX object CMakeFiles/tier4_perception_rviz_plugin.dir/src/tools/interactive_object.cpp.o[0m
[66.757s] [ 88%] [32mBuilding CXX object CMakeFiles/tier4_perception_rviz_plugin.dir/src/tools/util.cpp.o[0m
[70.621s] [100%] [32m[1mLinking CXX shared library libtier4_perception_rviz_plugin.so[0m
[71.930s] [100%] Built target tier4_perception_rviz_plugin
[71.964s] Invoked command in '/home/sws/autoware/build/tier4_perception_rviz_plugin' returned '0': AMENT_PREFIX_PATH=/home/sws/autoware/install/dummy_perception_publisher:/home/sws/autoware/install/tier4_autoware_utils:/home/sws/autoware/install/tier4_perception_msgs:/home/sws/autoware/install/autoware_auto_vehicle_msgs:/home/sws/autoware/install/autoware_cmake:/home/sws/autoware/install/autoware_auto_planning_msgs:/home/sws/autoware/install/autoware_auto_perception_msgs:/home/sws/autoware/install/tier4_debug_msgs:/home/sws/autoware/install/autoware_lint_common:/home/sws/autoware/install/autoware_auto_mapping_msgs:/home/sws/autoware/install/autoware_auto_geometry_msgs:${AMENT_PREFIX_PATH} CMAKE_PREFIX_PATH=/home/sws/autoware/install/dummy_perception_publisher:/home/sws/autoware/install/tier4_autoware_utils:/home/sws/autoware/install/tier4_perception_msgs:/home/sws/autoware/install/autoware_auto_vehicle_msgs:/home/sws/autoware/install/autoware_cmake:/home/sws/autoware/install/autoware_auto_planning_msgs:/home/sws/autoware/install/autoware_auto_perception_msgs:/home/sws/autoware/install/tier4_debug_msgs:/home/sws/autoware/install/autoware_lint_common:/home/sws/autoware/install/autoware_auto_mapping_msgs:/home/sws/autoware/install/autoware_auto_geometry_msgs:/opt/ros/humble LD_LIBRARY_PATH=/home/sws/autoware/install/dummy_perception_publisher/lib:/home/sws/autoware/install/tier4_autoware_utils/lib:/home/sws/autoware/install/tier4_perception_msgs/lib:/home/sws/autoware/install/autoware_auto_vehicle_msgs/lib:/home/sws/autoware/install/autoware_auto_planning_msgs/lib:/home/sws/autoware/install/autoware_auto_perception_msgs/lib:/home/sws/autoware/install/tier4_debug_msgs/lib:/home/sws/autoware/install/autoware_auto_mapping_msgs/lib:/home/sws/autoware/install/autoware_auto_geometry_msgs/lib:${LD_LIBRARY_PATH} PYTHONPATH=/home/sws/autoware/install/dummy_perception_publisher/local/lib/python3.10/dist-packages:/home/sws/autoware/install/tier4_perception_msgs/local/lib/python3.10/dist-packages:/home/sws/autoware/install/autoware_auto_vehicle_msgs/local/lib/python3.10/dist-packages:/home/sws/autoware/install/autoware_auto_planning_msgs/local/lib/python3.10/dist-packages:/home/sws/autoware/install/autoware_auto_perception_msgs/local/lib/python3.10/dist-packages:/home/sws/autoware/install/tier4_debug_msgs/local/lib/python3.10/dist-packages:/home/sws/autoware/install/autoware_auto_mapping_msgs/local/lib/python3.10/dist-packages:/home/sws/autoware/install/autoware_auto_geometry_msgs/local/lib/python3.10/dist-packages:${PYTHONPATH} /usr/bin/cmake --build /home/sws/autoware/build/tier4_perception_rviz_plugin -- -j16 -l16
[72.548s] Invoking command in '/home/sws/autoware/build/tier4_perception_rviz_plugin': AMENT_PREFIX_PATH=/home/sws/autoware/install/dummy_perception_publisher:/home/sws/autoware/install/tier4_autoware_utils:/home/sws/autoware/install/tier4_perception_msgs:/home/sws/autoware/install/autoware_auto_vehicle_msgs:/home/sws/autoware/install/autoware_cmake:/home/sws/autoware/install/autoware_auto_planning_msgs:/home/sws/autoware/install/autoware_auto_perception_msgs:/home/sws/autoware/install/tier4_debug_msgs:/home/sws/autoware/install/autoware_lint_common:/home/sws/autoware/install/autoware_auto_mapping_msgs:/home/sws/autoware/install/autoware_auto_geometry_msgs:${AMENT_PREFIX_PATH} CMAKE_PREFIX_PATH=/home/sws/autoware/install/dummy_perception_publisher:/home/sws/autoware/install/tier4_autoware_utils:/home/sws/autoware/install/tier4_perception_msgs:/home/sws/autoware/install/autoware_auto_vehicle_msgs:/home/sws/autoware/install/autoware_cmake:/home/sws/autoware/install/autoware_auto_planning_msgs:/home/sws/autoware/install/autoware_auto_perception_msgs:/home/sws/autoware/install/tier4_debug_msgs:/home/sws/autoware/install/autoware_lint_common:/home/sws/autoware/install/autoware_auto_mapping_msgs:/home/sws/autoware/install/autoware_auto_geometry_msgs:/opt/ros/humble LD_LIBRARY_PATH=/home/sws/autoware/install/dummy_perception_publisher/lib:/home/sws/autoware/install/tier4_autoware_utils/lib:/home/sws/autoware/install/tier4_perception_msgs/lib:/home/sws/autoware/install/autoware_auto_vehicle_msgs/lib:/home/sws/autoware/install/autoware_auto_planning_msgs/lib:/home/sws/autoware/install/autoware_auto_perception_msgs/lib:/home/sws/autoware/install/tier4_debug_msgs/lib:/home/sws/autoware/install/autoware_auto_mapping_msgs/lib:/home/sws/autoware/install/autoware_auto_geometry_msgs/lib:${LD_LIBRARY_PATH} PYTHONPATH=/home/sws/autoware/install/dummy_perception_publisher/local/lib/python3.10/dist-packages:/home/sws/autoware/install/tier4_perception_msgs/local/lib/python3.10/dist-packages:/home/sws/autoware/install/autoware_auto_vehicle_msgs/local/lib/python3.10/dist-packages:/home/sws/autoware/install/autoware_auto_planning_msgs/local/lib/python3.10/dist-packages:/home/sws/autoware/install/autoware_auto_perception_msgs/local/lib/python3.10/dist-packages:/home/sws/autoware/install/tier4_debug_msgs/local/lib/python3.10/dist-packages:/home/sws/autoware/install/autoware_auto_mapping_msgs/local/lib/python3.10/dist-packages:/home/sws/autoware/install/autoware_auto_geometry_msgs/local/lib/python3.10/dist-packages:${PYTHONPATH} /usr/bin/cmake --install /home/sws/autoware/build/tier4_perception_rviz_plugin
[87.284s] -- Install configuration: "Release"
[87.284s] -- Execute custom install script
[87.284s] -- Symlinking: /home/sws/autoware/install/tier4_perception_rviz_plugin/share/tier4_perception_rviz_plugin/plugins/plugin_description.xml
[87.284s] -- Symlinking: /home/sws/autoware/install/tier4_perception_rviz_plugin/share/tier4_perception_rviz_plugin/environment/library_path.sh
[87.284s] -- Symlinking: /home/sws/autoware/install/tier4_perception_rviz_plugin/share/tier4_perception_rviz_plugin/environment/library_path.dsv
[87.284s] -- Symlinking: /home/sws/autoware/install/tier4_perception_rviz_plugin/lib/libtier4_perception_rviz_plugin.so
[87.284s] -- Symlinking: /home/sws/autoware/install/tier4_perception_rviz_plugin/share/tier4_perception_rviz_plugin/icons/classes/BikeInitialPoseTool.png
[87.284s] -- Symlinking: /home/sws/autoware/install/tier4_perception_rviz_plugin/share/tier4_perception_rviz_plugin/icons/classes/BusInitialPoseTool.png
[87.284s] -- Symlinking: /home/sws/autoware/install/tier4_perception_rviz_plugin/share/tier4_perception_rviz_plugin/icons/classes/CarInitialPoseTool.png
[87.285s] -- Symlinking: /home/sws/autoware/install/tier4_perception_rviz_plugin/share/tier4_perception_rviz_plugin/icons/classes/DeleteAllObjectsTool.png
[87.285s] -- Symlinking: /home/sws/autoware/install/tier4_perception_rviz_plugin/share/tier4_perception_rviz_plugin/icons/classes/PedestrianInitialPoseTool.png
[87.285s] -- Symlinking: /home/sws/autoware/install/tier4_perception_rviz_plugin/share/tier4_perception_rviz_plugin/icons/classes/UnknownInitialPoseTool.png
[87.285s] -- Up-to-date symlink: /home/sws/autoware/install/tier4_perception_rviz_plugin/share/tier4_perception_rviz_plugin/plugins/plugin_description.xml
[87.285s] -- Symlinking: /home/sws/autoware/install/tier4_perception_rviz_plugin/share/ament_index/resource_index/package_run_dependencies/tier4_perception_rviz_plugin
[87.285s] -- Symlinking: /home/sws/autoware/install/tier4_perception_rviz_plugin/share/ament_index/resource_index/parent_prefix_path/tier4_perception_rviz_plugin
[87.285s] -- Symlinking: /home/sws/autoware/install/tier4_perception_rviz_plugin/share/tier4_perception_rviz_plugin/environment/ament_prefix_path.sh
[87.285s] -- Symlinking: /home/sws/autoware/install/tier4_perception_rviz_plugin/share/tier4_perception_rviz_plugin/environment/ament_prefix_path.dsv
[87.285s] -- Symlinking: /home/sws/autoware/install/tier4_perception_rviz_plugin/share/tier4_perception_rviz_plugin/environment/path.sh
[87.285s] -- Symlinking: /home/sws/autoware/install/tier4_perception_rviz_plugin/share/tier4_perception_rviz_plugin/environment/path.dsv
[87.285s] -- Symlinking: /home/sws/autoware/install/tier4_perception_rviz_plugin/share/tier4_perception_rviz_plugin/local_setup.bash
[87.285s] -- Symlinking: /home/sws/autoware/install/tier4_perception_rviz_plugin/share/tier4_perception_rviz_plugin/local_setup.sh
[87.285s] -- Symlinking: /home/sws/autoware/install/tier4_perception_rviz_plugin/share/tier4_perception_rviz_plugin/local_setup.zsh
[87.286s] -- Symlinking: /home/sws/autoware/install/tier4_perception_rviz_plugin/share/tier4_perception_rviz_plugin/local_setup.dsv
[87.286s] -- Symlinking: /home/sws/autoware/install/tier4_perception_rviz_plugin/share/tier4_perception_rviz_plugin/package.dsv
[87.286s] -- Symlinking: /home/sws/autoware/install/tier4_perception_rviz_plugin/share/ament_index/resource_index/packages/tier4_perception_rviz_plugin
[87.286s] -- Symlinking: /home/sws/autoware/install/tier4_perception_rviz_plugin/share/ament_index/resource_index/rviz_common__pluginlib__plugin/tier4_perception_rviz_plugin
[87.286s] -- Symlinking: /home/sws/autoware/install/tier4_perception_rviz_plugin/share/tier4_perception_rviz_plugin/cmake/ament_cmake_export_dependencies-extras.cmake
[87.286s] -- Symlinking: /home/sws/autoware/install/tier4_perception_rviz_plugin/share/tier4_perception_rviz_plugin/cmake/ament_cmake_export_libraries-extras.cmake
[87.286s] -- Symlinking: /home/sws/autoware/install/tier4_perception_rviz_plugin/share/tier4_perception_rviz_plugin/cmake/tier4_perception_rviz_pluginConfig.cmake
[87.286s] -- Symlinking: /home/sws/autoware/install/tier4_perception_rviz_plugin/share/tier4_perception_rviz_plugin/cmake/tier4_perception_rviz_pluginConfig-version.cmake
[87.286s] -- Symlinking: /home/sws/autoware/install/tier4_perception_rviz_plugin/share/tier4_perception_rviz_plugin/package.xml
[87.308s] Invoked command in '/home/sws/autoware/build/tier4_perception_rviz_plugin' returned '0': AMENT_PREFIX_PATH=/home/sws/autoware/install/dummy_perception_publisher:/home/sws/autoware/install/tier4_autoware_utils:/home/sws/autoware/install/tier4_perception_msgs:/home/sws/autoware/install/autoware_auto_vehicle_msgs:/home/sws/autoware/install/autoware_cmake:/home/sws/autoware/install/autoware_auto_planning_msgs:/home/sws/autoware/install/autoware_auto_perception_msgs:/home/sws/autoware/install/tier4_debug_msgs:/home/sws/autoware/install/autoware_lint_common:/home/sws/autoware/install/autoware_auto_mapping_msgs:/home/sws/autoware/install/autoware_auto_geometry_msgs:${AMENT_PREFIX_PATH} CMAKE_PREFIX_PATH=/home/sws/autoware/install/dummy_perception_publisher:/home/sws/autoware/install/tier4_autoware_utils:/home/sws/autoware/install/tier4_perception_msgs:/home/sws/autoware/install/autoware_auto_vehicle_msgs:/home/sws/autoware/install/autoware_cmake:/home/sws/autoware/install/autoware_auto_planning_msgs:/home/sws/autoware/install/autoware_auto_perception_msgs:/home/sws/autoware/install/tier4_debug_msgs:/home/sws/autoware/install/autoware_lint_common:/home/sws/autoware/install/autoware_auto_mapping_msgs:/home/sws/autoware/install/autoware_auto_geometry_msgs:/opt/ros/humble LD_LIBRARY_PATH=/home/sws/autoware/install/dummy_perception_publisher/lib:/home/sws/autoware/install/tier4_autoware_utils/lib:/home/sws/autoware/install/tier4_perception_msgs/lib:/home/sws/autoware/install/autoware_auto_vehicle_msgs/lib:/home/sws/autoware/install/autoware_auto_planning_msgs/lib:/home/sws/autoware/install/autoware_auto_perception_msgs/lib:/home/sws/autoware/install/tier4_debug_msgs/lib:/home/sws/autoware/install/autoware_auto_mapping_msgs/lib:/home/sws/autoware/install/autoware_auto_geometry_msgs/lib:${LD_LIBRARY_PATH} PYTHONPATH=/home/sws/autoware/install/dummy_perception_publisher/local/lib/python3.10/dist-packages:/home/sws/autoware/install/tier4_perception_msgs/local/lib/python3.10/dist-packages:/home/sws/autoware/install/autoware_auto_vehicle_msgs/local/lib/python3.10/dist-packages:/home/sws/autoware/install/autoware_auto_planning_msgs/local/lib/python3.10/dist-packages:/home/sws/autoware/install/autoware_auto_perception_msgs/local/lib/python3.10/dist-packages:/home/sws/autoware/install/tier4_debug_msgs/local/lib/python3.10/dist-packages:/home/sws/autoware/install/autoware_auto_mapping_msgs/local/lib/python3.10/dist-packages:/home/sws/autoware/install/autoware_auto_geometry_msgs/local/lib/python3.10/dist-packages:${PYTHONPATH} /usr/bin/cmake --install /home/sws/autoware/build/tier4_perception_rviz_plugin
