[0.057s] Invoking command in '/home/sws/autoware/build/lanelet2_extension': AMENT_PREFIX_PATH=/home/sws/autoware/install/autoware_utils:/home/sws/autoware/install/autoware_planning_msgs:/home/sws/autoware/install/autoware_cmake:/home/sws/autoware/install/autoware_auto_planning_msgs:/home/sws/autoware/install/autoware_common_msgs:/home/sws/autoware/install/autoware_auto_mapping_msgs:/home/sws/autoware/install/autoware_auto_geometry_msgs:${AMENT_PREFIX_PATH} CMAKE_PREFIX_PATH=/home/sws/autoware/install/autoware_utils:/home/sws/autoware/install/autoware_planning_msgs:/home/sws/autoware/install/autoware_cmake:/home/sws/autoware/install/autoware_auto_planning_msgs:/home/sws/autoware/install/autoware_common_msgs:/home/sws/autoware/install/autoware_auto_mapping_msgs:/home/sws/autoware/install/autoware_auto_geometry_msgs:/opt/ros/humble LD_LIBRARY_PATH=/home/sws/autoware/install/autoware_utils/lib:/home/sws/autoware/install/autoware_planning_msgs/lib:/home/sws/autoware/install/autoware_auto_planning_msgs/lib:/home/sws/autoware/install/autoware_common_msgs/lib:/home/sws/autoware/install/autoware_auto_mapping_msgs/lib:/home/sws/autoware/install/autoware_auto_geometry_msgs/lib:${LD_LIBRARY_PATH} PYTHONPATH=/home/sws/autoware/install/autoware_planning_msgs/local/lib/python3.10/dist-packages:/home/sws/autoware/install/autoware_auto_planning_msgs/local/lib/python3.10/dist-packages:/home/sws/autoware/install/autoware_common_msgs/local/lib/python3.10/dist-packages:/home/sws/autoware/install/autoware_auto_mapping_msgs/local/lib/python3.10/dist-packages:/home/sws/autoware/install/autoware_auto_geometry_msgs/local/lib/python3.10/dist-packages:${PYTHONPATH} /usr/bin/cmake /home/sws/autoware/src/core/autoware_common/tmp/lanelet2_extension -DCMAKE_BUILD_TYPE=Release -DAMENT_CMAKE_SYMLINK_INSTALL=1 -DCMAKE_INSTALL_PREFIX=/home/sws/autoware/install/lanelet2_extension
[5.211s] -- The C compiler identification is GNU 11.3.0
[5.211s] -- The CXX compiler identification is GNU 11.3.0
[5.211s] -- Detecting C compiler ABI info
[5.211s] -- Detecting C compiler ABI info - done
[5.211s] -- Check for working C compiler: /usr/bin/cc - skipped
[5.212s] -- Detecting C compile features
[5.212s] -- Detecting C compile features - done
[5.212s] -- Detecting CXX compiler ABI info
[5.212s] -- Detecting CXX compiler ABI info - done
[5.212s] -- Check for working CXX compiler: /usr/bin/c++ - skipped
[5.212s] -- Detecting CXX compile features
[5.212s] -- Detecting CXX compile features - done
[5.212s] -- Found autoware_cmake: 0.1.0 (/home/sws/autoware/install/autoware_cmake/share/autoware_cmake/cmake)
[5.212s] -- Found Python3: /usr/bin/python3.10 (found version "3.10.6") found components: Interpreter 
[5.212s] -- Override CMake install command with custom implementation using symlinks instead of copying resources
[5.212s] -- Found rosidl_generator_c: 3.1.4 (/opt/ros/humble/share/rosidl_generator_c/cmake)
[5.212s] -- Found rosidl_adapter: 3.1.4 (/opt/ros/humble/share/rosidl_adapter/cmake)
[5.212s] -- Found rosidl_generator_cpp: 3.1.4 (/opt/ros/humble/share/rosidl_generator_cpp/cmake)
[5.212s] -- Using all available rosidl_typesupport_c: rosidl_typesupport_fastrtps_c;rosidl_typesupport_introspection_c
[5.213s] -- Using all available rosidl_typesupport_cpp: rosidl_typesupport_fastrtps_cpp;rosidl_typesupport_introspection_cpp
[5.213s] -- Found rmw_implementation_cmake: 6.1.1 (/opt/ros/humble/share/rmw_implementation_cmake/cmake)
[5.213s] -- Found rmw_fastrtps_cpp: 6.2.2 (/opt/ros/humble/share/rmw_fastrtps_cpp/cmake)
[5.213s] -- Found OpenSSL: /usr/lib/x86_64-linux-gnu/libcrypto.so (found version "3.0.2")  
[5.213s] -- Found FastRTPS: /opt/ros/humble/include  
[5.213s] -- Using RMW implementation 'rmw_fastrtps_cpp' as default
[5.213s] -- Looking for pthread.h
[5.213s] -- Looking for pthread.h - found
[5.213s] -- Performing Test CMAKE_HAVE_LIBC_PTHREAD
[5.213s] -- Performing Test CMAKE_HAVE_LIBC_PTHREAD - Success
[5.213s] -- Found Threads: TRUE  
[5.213s] -- Found mrt_cmake_modules: 1.0.9 (/opt/ros/humble/share/mrt_cmake_modules/cmake)
[5.214s] -- Found Boost: /usr/lib/x86_64-linux-gnu/cmake/Boost-1.74.0/BoostConfig.cmake (found version "1.74.0") found components: wserialization thread random serialization log_setup prg_exec_monitor wave system chrono filesystem locale timer date_time regex graph program_options unit_test_framework log atomic iostreams 
[5.214s] -- Found OpenMP_C: -fopenmp (found version "4.5") 
[5.214s] -- Found OpenMP_CXX: -fopenmp (found version "4.5") 
[5.214s] -- Found OpenMP: TRUE (found version "4.5")  
[5.214s] -- Found pugixml: /usr/lib/x86_64-linux-gnu/libpugixml.so  
[5.214s] -- Found PkgConfig: /usr/bin/pkg-config (found version "0.29.2") 
[5.214s] -- Found GeographicLib: /usr/lib/x86_64-linux-gnu/libGeographic.so  
[5.289s] -- Found eigen3_cmake_module: 0.1.1 (/opt/ros/humble/share/eigen3_cmake_module/cmake)
[5.292s] -- Found Eigen3: TRUE (found version "3.4.0") 
[5.292s] -- Ensuring Eigen3 include directory is part of orocos-kdl CMake target
[6.347s] -- Found ament_lint_auto: 0.12.5 (/opt/ros/humble/share/ament_lint_auto/cmake)
[6.466s] -- Found gtest sources under '/opt/ros/humble/src/gtest_vendor': C++ tests using 'Google Test' will be built
[6.474s] -- Found gtest sources under '/opt/ros/humble/src/gtest_vendor': C++ tests using 'Google Test' will be built
[6.478s] -- Found gtest sources under '/opt/ros/humble/src/gtest_vendor': C++ tests using 'Google Test' will be built
[6.481s] -- Found gtest sources under '/opt/ros/humble/src/gtest_vendor': C++ tests using 'Google Test' will be built
[6.485s] -- Found gtest sources under '/opt/ros/humble/src/gtest_vendor': C++ tests using 'Google Test' will be built
[6.488s] -- Found gtest sources under '/opt/ros/humble/src/gtest_vendor': C++ tests using 'Google Test' will be built
[6.515s] -- Configuring done
[6.978s] -- Generating done
[6.983s] -- Build files have been written to: /home/sws/autoware/build/lanelet2_extension
[7.010s] Invoked command in '/home/sws/autoware/build/lanelet2_extension' returned '0': AMENT_PREFIX_PATH=/home/sws/autoware/install/autoware_utils:/home/sws/autoware/install/autoware_planning_msgs:/home/sws/autoware/install/autoware_cmake:/home/sws/autoware/install/autoware_auto_planning_msgs:/home/sws/autoware/install/autoware_common_msgs:/home/sws/autoware/install/autoware_auto_mapping_msgs:/home/sws/autoware/install/autoware_auto_geometry_msgs:${AMENT_PREFIX_PATH} CMAKE_PREFIX_PATH=/home/sws/autoware/install/autoware_utils:/home/sws/autoware/install/autoware_planning_msgs:/home/sws/autoware/install/autoware_cmake:/home/sws/autoware/install/autoware_auto_planning_msgs:/home/sws/autoware/install/autoware_common_msgs:/home/sws/autoware/install/autoware_auto_mapping_msgs:/home/sws/autoware/install/autoware_auto_geometry_msgs:/opt/ros/humble LD_LIBRARY_PATH=/home/sws/autoware/install/autoware_utils/lib:/home/sws/autoware/install/autoware_planning_msgs/lib:/home/sws/autoware/install/autoware_auto_planning_msgs/lib:/home/sws/autoware/install/autoware_common_msgs/lib:/home/sws/autoware/install/autoware_auto_mapping_msgs/lib:/home/sws/autoware/install/autoware_auto_geometry_msgs/lib:${LD_LIBRARY_PATH} PYTHONPATH=/home/sws/autoware/install/autoware_planning_msgs/local/lib/python3.10/dist-packages:/home/sws/autoware/install/autoware_auto_planning_msgs/local/lib/python3.10/dist-packages:/home/sws/autoware/install/autoware_common_msgs/local/lib/python3.10/dist-packages:/home/sws/autoware/install/autoware_auto_mapping_msgs/local/lib/python3.10/dist-packages:/home/sws/autoware/install/autoware_auto_geometry_msgs/local/lib/python3.10/dist-packages:${PYTHONPATH} /usr/bin/cmake /home/sws/autoware/src/core/autoware_common/tmp/lanelet2_extension -DCMAKE_BUILD_TYPE=Release -DAMENT_CMAKE_SYMLINK_INSTALL=1 -DCMAKE_INSTALL_PREFIX=/home/sws/autoware/install/lanelet2_extension
[7.012s] Invoking command in '/home/sws/autoware/build/lanelet2_extension': AMENT_PREFIX_PATH=/home/sws/autoware/install/autoware_utils:/home/sws/autoware/install/autoware_planning_msgs:/home/sws/autoware/install/autoware_cmake:/home/sws/autoware/install/autoware_auto_planning_msgs:/home/sws/autoware/install/autoware_common_msgs:/home/sws/autoware/install/autoware_auto_mapping_msgs:/home/sws/autoware/install/autoware_auto_geometry_msgs:${AMENT_PREFIX_PATH} CMAKE_PREFIX_PATH=/home/sws/autoware/install/autoware_utils:/home/sws/autoware/install/autoware_planning_msgs:/home/sws/autoware/install/autoware_cmake:/home/sws/autoware/install/autoware_auto_planning_msgs:/home/sws/autoware/install/autoware_common_msgs:/home/sws/autoware/install/autoware_auto_mapping_msgs:/home/sws/autoware/install/autoware_auto_geometry_msgs:/opt/ros/humble LD_LIBRARY_PATH=/home/sws/autoware/install/autoware_utils/lib:/home/sws/autoware/install/autoware_planning_msgs/lib:/home/sws/autoware/install/autoware_auto_planning_msgs/lib:/home/sws/autoware/install/autoware_common_msgs/lib:/home/sws/autoware/install/autoware_auto_mapping_msgs/lib:/home/sws/autoware/install/autoware_auto_geometry_msgs/lib:${LD_LIBRARY_PATH} PYTHONPATH=/home/sws/autoware/install/autoware_planning_msgs/local/lib/python3.10/dist-packages:/home/sws/autoware/install/autoware_auto_planning_msgs/local/lib/python3.10/dist-packages:/home/sws/autoware/install/autoware_common_msgs/local/lib/python3.10/dist-packages:/home/sws/autoware/install/autoware_auto_mapping_msgs/local/lib/python3.10/dist-packages:/home/sws/autoware/install/autoware_auto_geometry_msgs/local/lib/python3.10/dist-packages:${PYTHONPATH} /usr/bin/cmake --build /home/sws/autoware/build/lanelet2_extension -- -j16 -l16
[23.163s] [  2%] [32mBuilding CXX object CMakeFiles/lanelet2_extension_lib.dir/lib/autoware_osm_parser.cpp.o[0m
[23.163s] [  5%] [32mBuilding CXX object CMakeFiles/lanelet2_extension_lib.dir/lib/route_checker.cpp.o[0m
[28.739s] [  8%] [32mBuilding CXX object CMakeFiles/lanelet2_extension_lib.dir/lib/visualization.cpp.o[0m
[44.562s] [ 11%] [32mBuilding CXX object CMakeFiles/lanelet2_extension_lib.dir/lib/virtual_traffic_light.cpp.o[0m
[50.520s] [ 13%] [32mBuilding CXX object CMakeFiles/lanelet2_extension_lib.dir/lib/speed_bump.cpp.o[0m
[50.522s] [ 16%] [32mBuilding CXX object CMakeFiles/lanelet2_extension_lib.dir/lib/utilities.cpp.o[0m
[73.391s] [ 19%] [32mBuilding CXX object CMakeFiles/lanelet2_extension_lib.dir/lib/road_marking.cpp.o[0m
[79.469s] [ 22%] [32mBuilding CXX object CMakeFiles/lanelet2_extension_lib.dir/lib/query.cpp.o[0m
[102.493s] [ 25%] [32mBuilding CXX object CMakeFiles/lanelet2_extension_lib.dir/lib/mgrs_projector.cpp.o[0m
[105.371s] [ 27%] [32mBuilding CXX object CMakeFiles/lanelet2_extension_lib.dir/lib/message_conversion.cpp.o[0m
[121.400s] [ 30%] [32mBuilding CXX object CMakeFiles/lanelet2_extension_lib.dir/lib/no_stopping_area.cpp.o[0m
[121.408s] [ 33%] [32mBuilding CXX object CMakeFiles/lanelet2_extension_lib.dir/lib/detection_area.cpp.o[0m
[130.612s] [ 36%] [32mBuilding CXX object CMakeFiles/lanelet2_extension_lib.dir/lib/autoware_traffic_light.cpp.o[0m
[137.822s] [ 38%] [32m[1mLinking CXX shared library liblanelet2_extension_lib.so[0m
[138.457s] [ 38%] Built target lanelet2_extension_lib
[138.492s] [ 41%] [32mBuilding CXX object gtest/CMakeFiles/gtest.dir/src/gtest-all.cc.o[0m
[152.006s] [ 44%] [32m[1mLinking CXX static library libgtest.a[0m
[152.052s] [ 44%] Built target gtest
[152.072s] [ 47%] [32mBuilding CXX object CMakeFiles/check_right_of_way.dir/src/check_right_of_way.cpp.o[0m
[166.189s] [ 50%] [32m[1mLinking CXX executable check_right_of_way[0m
[166.502s] [ 50%] Built target check_right_of_way
[166.548s] [ 52%] [32mBuilding CXX object CMakeFiles/autoware_lanelet2_validation.dir/src/validation.cpp.o[0m
[176.830s] [ 55%] [32m[1mLinking CXX executable autoware_lanelet2_validation[0m
[177.111s] [ 55%] Built target autoware_lanelet2_validation
[177.134s] [ 58%] [32mBuilding CXX object CMakeFiles/lanelet2_extension_sample.dir/src/sample_code.cpp.o[0m
[185.342s] [ 61%] [32m[1mLinking CXX executable lanelet2_extension_sample[0m
[185.603s] [ 61%] Built target lanelet2_extension_sample
[185.623s] [ 63%] [32mBuilding CXX object gtest/CMakeFiles/gtest_main.dir/src/gtest_main.cc.o[0m
[186.862s] [ 66%] [32m[1mLinking CXX static library libgtest_main.a[0m
[186.904s] [ 66%] Built target gtest_main
[186.933s] [ 69%] [32mBuilding CXX object CMakeFiles/message_conversion-test.dir/test/src/test_message_conversion.cpp.o[0m
[197.570s] [ 72%] [32m[1mLinking CXX executable message_conversion-test[0m
[198.021s] [ 72%] Built target message_conversion-test
[198.089s] [ 75%] [32mBuilding CXX object CMakeFiles/route-test.dir/test/src/test_route_checker.cpp.o[0m
[211.729s] [ 77%] [32m[1mLinking CXX executable route-test[0m
[211.957s] [ 77%] Built target route-test
[211.986s] [ 80%] [32mBuilding CXX object CMakeFiles/utilities-test.dir/test/src/test_utilities.cpp.o[0m
[229.388s] [ 83%] [32m[1mLinking CXX executable utilities-test[0m
[229.761s] [ 83%] Built target utilities-test
[229.800s] [ 86%] [32mBuilding CXX object CMakeFiles/regulatory_elements-test.dir/test/src/test_regulatory_elements.cpp.o[0m
[237.451s] [ 88%] [32m[1mLinking CXX executable regulatory_elements-test[0m
[237.807s] [ 88%] Built target regulatory_elements-test
[237.848s] [ 91%] [32mBuilding CXX object CMakeFiles/query-test.dir/test/src/test_query.cpp.o[0m
[247.286s] [ 94%] [32m[1mLinking CXX executable query-test[0m
[247.625s] [ 94%] Built target query-test
[247.655s] [ 97%] [32mBuilding CXX object CMakeFiles/projector-test.dir/test/src/test_projector.cpp.o[0m
[250.444s] [100%] [32m[1mLinking CXX executable projector-test[0m
[250.660s] [100%] Built target projector-test
[250.706s] Invoked command in '/home/sws/autoware/build/lanelet2_extension' returned '0': AMENT_PREFIX_PATH=/home/sws/autoware/install/autoware_utils:/home/sws/autoware/install/autoware_planning_msgs:/home/sws/autoware/install/autoware_cmake:/home/sws/autoware/install/autoware_auto_planning_msgs:/home/sws/autoware/install/autoware_common_msgs:/home/sws/autoware/install/autoware_auto_mapping_msgs:/home/sws/autoware/install/autoware_auto_geometry_msgs:${AMENT_PREFIX_PATH} CMAKE_PREFIX_PATH=/home/sws/autoware/install/autoware_utils:/home/sws/autoware/install/autoware_planning_msgs:/home/sws/autoware/install/autoware_cmake:/home/sws/autoware/install/autoware_auto_planning_msgs:/home/sws/autoware/install/autoware_common_msgs:/home/sws/autoware/install/autoware_auto_mapping_msgs:/home/sws/autoware/install/autoware_auto_geometry_msgs:/opt/ros/humble LD_LIBRARY_PATH=/home/sws/autoware/install/autoware_utils/lib:/home/sws/autoware/install/autoware_planning_msgs/lib:/home/sws/autoware/install/autoware_auto_planning_msgs/lib:/home/sws/autoware/install/autoware_common_msgs/lib:/home/sws/autoware/install/autoware_auto_mapping_msgs/lib:/home/sws/autoware/install/autoware_auto_geometry_msgs/lib:${LD_LIBRARY_PATH} PYTHONPATH=/home/sws/autoware/install/autoware_planning_msgs/local/lib/python3.10/dist-packages:/home/sws/autoware/install/autoware_auto_planning_msgs/local/lib/python3.10/dist-packages:/home/sws/autoware/install/autoware_common_msgs/local/lib/python3.10/dist-packages:/home/sws/autoware/install/autoware_auto_mapping_msgs/local/lib/python3.10/dist-packages:/home/sws/autoware/install/autoware_auto_geometry_msgs/local/lib/python3.10/dist-packages:${PYTHONPATH} /usr/bin/cmake --build /home/sws/autoware/build/lanelet2_extension -- -j16 -l16
[250.802s] Invoking command in '/home/sws/autoware/build/lanelet2_extension': AMENT_PREFIX_PATH=/home/sws/autoware/install/autoware_utils:/home/sws/autoware/install/autoware_planning_msgs:/home/sws/autoware/install/autoware_cmake:/home/sws/autoware/install/autoware_auto_planning_msgs:/home/sws/autoware/install/autoware_common_msgs:/home/sws/autoware/install/autoware_auto_mapping_msgs:/home/sws/autoware/install/autoware_auto_geometry_msgs:${AMENT_PREFIX_PATH} CMAKE_PREFIX_PATH=/home/sws/autoware/install/autoware_utils:/home/sws/autoware/install/autoware_planning_msgs:/home/sws/autoware/install/autoware_cmake:/home/sws/autoware/install/autoware_auto_planning_msgs:/home/sws/autoware/install/autoware_common_msgs:/home/sws/autoware/install/autoware_auto_mapping_msgs:/home/sws/autoware/install/autoware_auto_geometry_msgs:/opt/ros/humble LD_LIBRARY_PATH=/home/sws/autoware/install/autoware_utils/lib:/home/sws/autoware/install/autoware_planning_msgs/lib:/home/sws/autoware/install/autoware_auto_planning_msgs/lib:/home/sws/autoware/install/autoware_common_msgs/lib:/home/sws/autoware/install/autoware_auto_mapping_msgs/lib:/home/sws/autoware/install/autoware_auto_geometry_msgs/lib:${LD_LIBRARY_PATH} PYTHONPATH=/home/sws/autoware/install/autoware_planning_msgs/local/lib/python3.10/dist-packages:/home/sws/autoware/install/autoware_auto_planning_msgs/local/lib/python3.10/dist-packages:/home/sws/autoware/install/autoware_common_msgs/local/lib/python3.10/dist-packages:/home/sws/autoware/install/autoware_auto_mapping_msgs/local/lib/python3.10/dist-packages:/home/sws/autoware/install/autoware_auto_geometry_msgs/local/lib/python3.10/dist-packages:${PYTHONPATH} /usr/bin/cmake --install /home/sws/autoware/build/lanelet2_extension
[256.732s] -- Install configuration: "Release"
[256.732s] -- Execute custom install script
[256.733s] -- Symlinking: /home/sws/autoware/install/lanelet2_extension/include/lanelet2_extension/io/autoware_osm_parser.hpp
[256.733s] -- Symlinking: /home/sws/autoware/install/lanelet2_extension/include/lanelet2_extension/projection/mgrs_projector.hpp
[256.733s] -- Symlinking: /home/sws/autoware/install/lanelet2_extension/include/lanelet2_extension/regulatory_elements/autoware_traffic_light.hpp
[256.733s] -- Symlinking: /home/sws/autoware/install/lanelet2_extension/include/lanelet2_extension/regulatory_elements/detection_area.hpp
[256.733s] -- Symlinking: /home/sws/autoware/install/lanelet2_extension/include/lanelet2_extension/regulatory_elements/no_stopping_area.hpp
[256.733s] -- Symlinking: /home/sws/autoware/install/lanelet2_extension/include/lanelet2_extension/regulatory_elements/road_marking.hpp
[256.733s] -- Symlinking: /home/sws/autoware/install/lanelet2_extension/include/lanelet2_extension/regulatory_elements/speed_bump.hpp
[256.733s] -- Symlinking: /home/sws/autoware/install/lanelet2_extension/include/lanelet2_extension/regulatory_elements/virtual_traffic_light.hpp
[256.733s] -- Symlinking: /home/sws/autoware/install/lanelet2_extension/include/lanelet2_extension/utility/message_conversion.hpp
[256.733s] -- Symlinking: /home/sws/autoware/install/lanelet2_extension/include/lanelet2_extension/utility/query.hpp
[256.733s] -- Symlinking: /home/sws/autoware/install/lanelet2_extension/include/lanelet2_extension/utility/route_checker.hpp
[256.734s] -- Symlinking: /home/sws/autoware/install/lanelet2_extension/include/lanelet2_extension/utility/utilities.hpp
[256.734s] -- Symlinking: /home/sws/autoware/install/lanelet2_extension/include/lanelet2_extension/visualization/visualization.hpp
[256.734s] -- Symlinking: /home/sws/autoware/install/lanelet2_extension/share/lanelet2_extension/environment/library_path.sh
[256.734s] -- Symlinking: /home/sws/autoware/install/lanelet2_extension/share/lanelet2_extension/environment/library_path.dsv
[256.734s] -- Symlinking: /home/sws/autoware/install/lanelet2_extension/lib/liblanelet2_extension_lib.so
[256.734s] -- Symlinking: /home/sws/autoware/install/lanelet2_extension/lib/lanelet2_extension/lanelet2_extension_sample
[256.734s] -- Symlinking: /home/sws/autoware/install/lanelet2_extension/lib/lanelet2_extension/autoware_lanelet2_validation
[256.734s] -- Symlinking: /home/sws/autoware/install/lanelet2_extension/lib/lanelet2_extension/check_right_of_way
[256.734s] -- Symlinking: /home/sws/autoware/install/lanelet2_extension/share/ament_index/resource_index/package_run_dependencies/lanelet2_extension
[256.734s] -- Symlinking: /home/sws/autoware/install/lanelet2_extension/share/ament_index/resource_index/parent_prefix_path/lanelet2_extension
[256.734s] -- Symlinking: /home/sws/autoware/install/lanelet2_extension/share/lanelet2_extension/environment/ament_prefix_path.sh
[256.735s] -- Symlinking: /home/sws/autoware/install/lanelet2_extension/share/lanelet2_extension/environment/ament_prefix_path.dsv
[256.735s] -- Symlinking: /home/sws/autoware/install/lanelet2_extension/share/lanelet2_extension/environment/path.sh
[256.735s] -- Symlinking: /home/sws/autoware/install/lanelet2_extension/share/lanelet2_extension/environment/path.dsv
[256.735s] -- Symlinking: /home/sws/autoware/install/lanelet2_extension/share/lanelet2_extension/local_setup.bash
[256.735s] -- Symlinking: /home/sws/autoware/install/lanelet2_extension/share/lanelet2_extension/local_setup.sh
[256.735s] -- Symlinking: /home/sws/autoware/install/lanelet2_extension/share/lanelet2_extension/local_setup.zsh
[256.735s] -- Symlinking: /home/sws/autoware/install/lanelet2_extension/share/lanelet2_extension/local_setup.dsv
[256.735s] -- Symlinking: /home/sws/autoware/install/lanelet2_extension/share/lanelet2_extension/package.dsv
[256.735s] -- Symlinking: /home/sws/autoware/install/lanelet2_extension/share/ament_index/resource_index/packages/lanelet2_extension
[256.735s] -- Symlinking: /home/sws/autoware/install/lanelet2_extension/share/lanelet2_extension/cmake/ament_cmake_export_dependencies-extras.cmake
[256.735s] -- Symlinking: /home/sws/autoware/install/lanelet2_extension/share/lanelet2_extension/cmake/ament_cmake_export_include_directories-extras.cmake
[256.736s] -- Symlinking: /home/sws/autoware/install/lanelet2_extension/share/lanelet2_extension/cmake/ament_cmake_export_libraries-extras.cmake
[256.736s] -- Symlinking: /home/sws/autoware/install/lanelet2_extension/share/lanelet2_extension/cmake/lanelet2_extensionConfig.cmake
[256.736s] -- Symlinking: /home/sws/autoware/install/lanelet2_extension/share/lanelet2_extension/cmake/lanelet2_extensionConfig-version.cmake
[256.736s] -- Symlinking: /home/sws/autoware/install/lanelet2_extension/share/lanelet2_extension/package.xml
[256.772s] Invoked command in '/home/sws/autoware/build/lanelet2_extension' returned '0': AMENT_PREFIX_PATH=/home/sws/autoware/install/autoware_utils:/home/sws/autoware/install/autoware_planning_msgs:/home/sws/autoware/install/autoware_cmake:/home/sws/autoware/install/autoware_auto_planning_msgs:/home/sws/autoware/install/autoware_common_msgs:/home/sws/autoware/install/autoware_auto_mapping_msgs:/home/sws/autoware/install/autoware_auto_geometry_msgs:${AMENT_PREFIX_PATH} CMAKE_PREFIX_PATH=/home/sws/autoware/install/autoware_utils:/home/sws/autoware/install/autoware_planning_msgs:/home/sws/autoware/install/autoware_cmake:/home/sws/autoware/install/autoware_auto_planning_msgs:/home/sws/autoware/install/autoware_common_msgs:/home/sws/autoware/install/autoware_auto_mapping_msgs:/home/sws/autoware/install/autoware_auto_geometry_msgs:/opt/ros/humble LD_LIBRARY_PATH=/home/sws/autoware/install/autoware_utils/lib:/home/sws/autoware/install/autoware_planning_msgs/lib:/home/sws/autoware/install/autoware_auto_planning_msgs/lib:/home/sws/autoware/install/autoware_common_msgs/lib:/home/sws/autoware/install/autoware_auto_mapping_msgs/lib:/home/sws/autoware/install/autoware_auto_geometry_msgs/lib:${LD_LIBRARY_PATH} PYTHONPATH=/home/sws/autoware/install/autoware_planning_msgs/local/lib/python3.10/dist-packages:/home/sws/autoware/install/autoware_auto_planning_msgs/local/lib/python3.10/dist-packages:/home/sws/autoware/install/autoware_common_msgs/local/lib/python3.10/dist-packages:/home/sws/autoware/install/autoware_auto_mapping_msgs/local/lib/python3.10/dist-packages:/home/sws/autoware/install/autoware_auto_geometry_msgs/local/lib/python3.10/dist-packages:${PYTHONPATH} /usr/bin/cmake --install /home/sws/autoware/build/lanelet2_extension
