-- The C compiler identification is GNU 11.3.0
-- The CXX compiler identification is GNU 11.3.0
-- Detecting C compiler ABI info
-- Detecting C compiler ABI info - done
-- Check for working C compiler: /usr/bin/cc - skipped
-- Detecting C compile features
-- Detecting C compile features - done
-- Detecting CXX compiler ABI info
-- Detecting CXX compiler ABI info - done
-- Check for working CXX compiler: /usr/bin/c++ - skipped
-- Detecting CXX compile features
-- Detecting CXX compile features - done
-- Found autoware_cmake: 0.1.0 (/home/sws/autoware/install/autoware_cmake/share/autoware_cmake/cmake)
-- Found Python3: /usr/bin/python3.10 (found version "3.10.6") found components: Interpreter 
-- Override CMake install command with custom implementation using symlinks instead of copying resources
-- Found rosidl_generator_c: 3.1.4 (/opt/ros/humble/share/rosidl_generator_c/cmake)
-- Found rosidl_adapter: 3.1.4 (/opt/ros/humble/share/rosidl_adapter/cmake)
-- Found rosidl_generator_cpp: 3.1.4 (/opt/ros/humble/share/rosidl_generator_cpp/cmake)
-- Using all available rosidl_typesupport_c: rosidl_typesupport_fastrtps_c;rosidl_typesupport_introspection_c
-- Using all available rosidl_typesupport_cpp: rosidl_typesupport_fastrtps_cpp;rosidl_typesupport_introspection_cpp
-- Found rmw_implementation_cmake: 6.1.1 (/opt/ros/humble/share/rmw_implementation_cmake/cmake)
-- Found rmw_fastrtps_cpp: 6.2.2 (/opt/ros/humble/share/rmw_fastrtps_cpp/cmake)
-- Found OpenSSL: /usr/lib/x86_64-linux-gnu/libcrypto.so (found version "3.0.2")  
-- Found FastRTPS: /opt/ros/humble/include  
-- Using RMW implementation 'rmw_fastrtps_cpp' as default
-- Looking for pthread.h
-- Looking for pthread.h - found
-- Performing Test CMAKE_HAVE_LIBC_PTHREAD
-- Performing Test CMAKE_HAVE_LIBC_PTHREAD - Success
-- Found Threads: TRUE  
-- Found ament_lint_auto: 0.12.5 (/opt/ros/humble/share/ament_lint_auto/cmake)
-- Found Boost: /usr/lib/x86_64-linux-gnu/cmake/Boost-1.74.0/BoostConfig.cmake (found version "1.74.0") found components: serialization 
-- Added test 'copyright' to check source files copyright and LICENSE
-- Added test 'cppcheck' to perform static code analysis on C / C++ code
-- Configured cppcheck include dirs: /home/sws/autoware/src/universe/autoware.universe/system/bluetooth_monitor/include
-- Configured cppcheck exclude dirs and/or files: 
-- Added test 'lint_cmake' to check CMake code style
-- Added test 'xmllint' to check XML markup files
-- Configuring done
-- Generating done
-- Build files have been written to: /home/sws/autoware/build/bluetooth_monitor
[ 12%] [32mBuilding CXX object CMakeFiles/bluetooth_monitor_lib.dir/src/bluetooth_monitor.cpp.o[0m
[ 25%] [32m[1mLinking CXX shared library libbluetooth_monitor_lib.so[0m
[ 25%] Built target bluetooth_monitor_lib
[ 37%] [32mBuilding CXX object CMakeFiles/bluetooth_monitor.dir/rclcpp_components/node_main_bluetooth_monitor.cpp.o[0m
[ 50%] [32m[1mLinking CXX executable bluetooth_monitor[0m
[ 50%] Built target bluetooth_monitor
[ 62%] [32mBuilding CXX object CMakeFiles/l2ping_service.dir/service/main.cpp.o[0m
[ 75%] [32mBuilding CXX object CMakeFiles/l2ping_service.dir/service/l2ping_service.cpp.o[0m
[ 87%] [32mBuilding CXX object CMakeFiles/l2ping_service.dir/service/l2ping.cpp.o[0m
[100%] [32m[1mLinking CXX executable l2ping_service[0m
[100%] Built target l2ping_service
-- Install configuration: "Release"
-- Execute custom install script
-- Symlinking: /home/sws/autoware/install/bluetooth_monitor/lib/bluetooth_monitor/bluetooth_monitor
-- Symlinking: /home/sws/autoware/install/bluetooth_monitor/include/bluetooth_monitor/bluetooth_monitor.hpp
-- Symlinking: /home/sws/autoware/install/bluetooth_monitor/include/bluetooth_monitor/service/l2ping.hpp
-- Symlinking: /home/sws/autoware/install/bluetooth_monitor/include/bluetooth_monitor/service/l2ping_interface.hpp
-- Symlinking: /home/sws/autoware/install/bluetooth_monitor/include/bluetooth_monitor/service/l2ping_service.hpp
-- Symlinking: /home/sws/autoware/install/bluetooth_monitor/share/bluetooth_monitor/environment/library_path.sh
-- Symlinking: /home/sws/autoware/install/bluetooth_monitor/share/bluetooth_monitor/environment/library_path.dsv
-- Symlinking: /home/sws/autoware/install/bluetooth_monitor/lib/libbluetooth_monitor_lib.so
-- Symlinking: /home/sws/autoware/install/bluetooth_monitor/lib/bluetooth_monitor/l2ping_service
-- Symlinking: /home/sws/autoware/install/bluetooth_monitor/share/bluetooth_monitor/config/bluetooth_monitor.param.yaml
-- Symlinking: /home/sws/autoware/install/bluetooth_monitor/share/bluetooth_monitor/launch/bluetooth_monitor.launch.xml
-- Symlinking: /home/sws/autoware/install/bluetooth_monitor/share/ament_index/resource_index/package_run_dependencies/bluetooth_monitor
-- Symlinking: /home/sws/autoware/install/bluetooth_monitor/share/ament_index/resource_index/parent_prefix_path/bluetooth_monitor
-- Symlinking: /home/sws/autoware/install/bluetooth_monitor/share/bluetooth_monitor/environment/ament_prefix_path.sh
-- Symlinking: /home/sws/autoware/install/bluetooth_monitor/share/bluetooth_monitor/environment/ament_prefix_path.dsv
-- Symlinking: /home/sws/autoware/install/bluetooth_monitor/share/bluetooth_monitor/environment/path.sh
-- Symlinking: /home/sws/autoware/install/bluetooth_monitor/share/bluetooth_monitor/environment/path.dsv
-- Symlinking: /home/sws/autoware/install/bluetooth_monitor/share/bluetooth_monitor/local_setup.bash
-- Symlinking: /home/sws/autoware/install/bluetooth_monitor/share/bluetooth_monitor/local_setup.sh
-- Symlinking: /home/sws/autoware/install/bluetooth_monitor/share/bluetooth_monitor/local_setup.zsh
-- Symlinking: /home/sws/autoware/install/bluetooth_monitor/share/bluetooth_monitor/local_setup.dsv
-- Symlinking: /home/sws/autoware/install/bluetooth_monitor/share/bluetooth_monitor/package.dsv
-- Symlinking: /home/sws/autoware/install/bluetooth_monitor/share/ament_index/resource_index/packages/bluetooth_monitor
-- Symlinking: /home/sws/autoware/install/bluetooth_monitor/share/ament_index/resource_index/rclcpp_components/bluetooth_monitor
-- Symlinking: /home/sws/autoware/install/bluetooth_monitor/share/bluetooth_monitor/cmake/ament_cmake_export_dependencies-extras.cmake
-- Symlinking: /home/sws/autoware/install/bluetooth_monitor/share/bluetooth_monitor/cmake/ament_cmake_export_include_directories-extras.cmake
-- Symlinking: /home/sws/autoware/install/bluetooth_monitor/share/bluetooth_monitor/cmake/ament_cmake_export_libraries-extras.cmake
-- Symlinking: /home/sws/autoware/install/bluetooth_monitor/share/bluetooth_monitor/cmake/bluetooth_monitorConfig.cmake
-- Symlinking: /home/sws/autoware/install/bluetooth_monitor/share/bluetooth_monitor/cmake/bluetooth_monitorConfig-version.cmake
-- Symlinking: /home/sws/autoware/install/bluetooth_monitor/share/bluetooth_monitor/package.xml
