-- The C compiler identification is GNU 11.3.0
-- The CXX compiler identification is GNU 11.3.0
-- Detecting C compiler ABI info
-- Detecting C compiler ABI info - done
-- Check for working C compiler: /usr/bin/cc - skipped
-- Detecting C compile features
-- Detecting C compile features - done
-- Detecting CXX compiler ABI info
-- Detecting CXX compiler ABI info - done
-- Check for working CXX compiler: /usr/bin/c++ - skipped
-- Detecting CXX compile features
-- Detecting CXX compile features - done
-- Found ament_cmake_auto: 1.3.3 (/opt/ros/humble/share/ament_cmake_auto/cmake)
-- Found Python3: /usr/bin/python3.10 (found version "3.10.6") found components: Interpreter 
-- Override CMake install command with custom implementation using symlinks instead of copying resources
-- Found ament_lint_auto: 0.12.5 (/opt/ros/humble/share/ament_lint_auto/cmake)
-- Added test 'copyright' to check source files copyright and LICENSE
-- Added test 'lint_cmake' to check CMake code style
-- Added test 'xmllint' to check XML markup files
-- Configuring done
-- Generating done
-- Build files have been written to: /home/sws/autoware/build/individual_params
-- Install configuration: "Release"
-- Execute custom install script
-- Symlinking: /home/sws/autoware/install/individual_params/share/individual_params/config/default/awsim_sensor_kit/sensor_kit_calibration.yaml
-- Symlinking: /home/sws/autoware/install/individual_params/share/individual_params/config/default/awsim_sensor_kit/sensors_calibration.yaml
-- Symlinking: /home/sws/autoware/install/individual_params/share/individual_params/config/default/sample_sensor_kit/imu_corrector.param.yaml
-- Symlinking: /home/sws/autoware/install/individual_params/share/individual_params/config/default/sample_sensor_kit/sensor_kit_calibration.yaml
-- Symlinking: /home/sws/autoware/install/individual_params/share/individual_params/config/default/sample_sensor_kit/sensors_calibration.yaml
-- Symlinking: /home/sws/autoware/install/individual_params/share/ament_index/resource_index/package_run_dependencies/individual_params
-- Symlinking: /home/sws/autoware/install/individual_params/share/ament_index/resource_index/parent_prefix_path/individual_params
-- Symlinking: /home/sws/autoware/install/individual_params/share/individual_params/environment/ament_prefix_path.sh
-- Symlinking: /home/sws/autoware/install/individual_params/share/individual_params/environment/ament_prefix_path.dsv
-- Symlinking: /home/sws/autoware/install/individual_params/share/individual_params/environment/path.sh
-- Symlinking: /home/sws/autoware/install/individual_params/share/individual_params/environment/path.dsv
-- Symlinking: /home/sws/autoware/install/individual_params/share/individual_params/local_setup.bash
-- Symlinking: /home/sws/autoware/install/individual_params/share/individual_params/local_setup.sh
-- Symlinking: /home/sws/autoware/install/individual_params/share/individual_params/local_setup.zsh
-- Symlinking: /home/sws/autoware/install/individual_params/share/individual_params/local_setup.dsv
-- Symlinking: /home/sws/autoware/install/individual_params/share/individual_params/package.dsv
-- Symlinking: /home/sws/autoware/install/individual_params/share/ament_index/resource_index/packages/individual_params
-- Symlinking: /home/sws/autoware/install/individual_params/share/individual_params/cmake/individual_paramsConfig.cmake
-- Symlinking: /home/sws/autoware/install/individual_params/share/individual_params/cmake/individual_paramsConfig-version.cmake
-- Symlinking: /home/sws/autoware/install/individual_params/share/individual_params/package.xml
