[0.042s] Invoking command in '/home/sws/autoware/build/individual_params': AMENT_PREFIX_PATH=/home/sws/autoware/install/autoware_lint_common:${AMENT_PREFIX_PATH} CMAKE_PREFIX_PATH=/home/sws/autoware/install/autoware_lint_common:/opt/ros/humble /usr/bin/cmake /home/sws/autoware/src/param/autoware_individual_params/individual_params -DCMAKE_BUILD_TYPE=Release -DAMENT_CMAKE_SYMLINK_INSTALL=1 -DCMAKE_INSTALL_PREFIX=/home/sws/autoware/install/individual_params
[0.290s] -- The C compiler identification is GNU 11.3.0
[0.290s] -- The CXX compiler identification is GNU 11.3.0
[0.290s] -- Detecting C compiler ABI info
[0.290s] -- Detecting C compiler ABI info - done
[0.290s] -- Check for working C compiler: /usr/bin/cc - skipped
[0.291s] -- Detecting C compile features
[0.291s] -- Detecting C compile features - done
[0.291s] -- Detecting CXX compiler ABI info
[0.373s] -- Detecting CXX compiler ABI info - done
[0.381s] -- Check for working CXX compiler: /usr/bin/c++ - skipped
[0.382s] -- Detecting CXX compile features
[0.382s] -- Detecting CXX compile features - done
[0.385s] -- Found ament_cmake_auto: 1.3.3 (/opt/ros/humble/share/ament_cmake_auto/cmake)
[0.646s] -- Found Python3: /usr/bin/python3.10 (found version "3.10.6") found components: Interpreter 
[0.740s] -- Override CMake install command with custom implementation using symlinks instead of copying resources
[0.874s] -- Found ament_lint_auto: 0.12.5 (/opt/ros/humble/share/ament_lint_auto/cmake)
[0.905s] -- Added test 'copyright' to check source files copyright and LICENSE
[0.907s] -- Added test 'lint_cmake' to check CMake code style
[0.908s] -- Added test 'xmllint' to check XML markup files
[0.918s] -- Configuring done
[0.922s] -- Generating done
[0.923s] -- Build files have been written to: /home/sws/autoware/build/individual_params
[0.929s] Invoked command in '/home/sws/autoware/build/individual_params' returned '0': AMENT_PREFIX_PATH=/home/sws/autoware/install/autoware_lint_common:${AMENT_PREFIX_PATH} CMAKE_PREFIX_PATH=/home/sws/autoware/install/autoware_lint_common:/opt/ros/humble /usr/bin/cmake /home/sws/autoware/src/param/autoware_individual_params/individual_params -DCMAKE_BUILD_TYPE=Release -DAMENT_CMAKE_SYMLINK_INSTALL=1 -DCMAKE_INSTALL_PREFIX=/home/sws/autoware/install/individual_params
[0.933s] Invoking command in '/home/sws/autoware/build/individual_params': AMENT_PREFIX_PATH=/home/sws/autoware/install/autoware_lint_common:${AMENT_PREFIX_PATH} CMAKE_PREFIX_PATH=/home/sws/autoware/install/autoware_lint_common:/opt/ros/humble /usr/bin/cmake --build /home/sws/autoware/build/individual_params -- -j16 -l16
[4.740s] Invoked command in '/home/sws/autoware/build/individual_params' returned '0': AMENT_PREFIX_PATH=/home/sws/autoware/install/autoware_lint_common:${AMENT_PREFIX_PATH} CMAKE_PREFIX_PATH=/home/sws/autoware/install/autoware_lint_common:/opt/ros/humble /usr/bin/cmake --build /home/sws/autoware/build/individual_params -- -j16 -l16
[4.784s] Invoking command in '/home/sws/autoware/build/individual_params': AMENT_PREFIX_PATH=/home/sws/autoware/install/autoware_lint_common:${AMENT_PREFIX_PATH} CMAKE_PREFIX_PATH=/home/sws/autoware/install/autoware_lint_common:/opt/ros/humble /usr/bin/cmake --install /home/sws/autoware/build/individual_params
[9.877s] -- Install configuration: "Release"
[9.877s] -- Execute custom install script
[9.878s] -- Symlinking: /home/sws/autoware/install/individual_params/share/individual_params/config/default/awsim_sensor_kit/sensor_kit_calibration.yaml
[9.878s] -- Symlinking: /home/sws/autoware/install/individual_params/share/individual_params/config/default/awsim_sensor_kit/sensors_calibration.yaml
[9.878s] -- Symlinking: /home/sws/autoware/install/individual_params/share/individual_params/config/default/sample_sensor_kit/imu_corrector.param.yaml
[9.878s] -- Symlinking: /home/sws/autoware/install/individual_params/share/individual_params/config/default/sample_sensor_kit/sensor_kit_calibration.yaml
[9.878s] -- Symlinking: /home/sws/autoware/install/individual_params/share/individual_params/config/default/sample_sensor_kit/sensors_calibration.yaml
[9.878s] -- Symlinking: /home/sws/autoware/install/individual_params/share/ament_index/resource_index/package_run_dependencies/individual_params
[9.878s] -- Symlinking: /home/sws/autoware/install/individual_params/share/ament_index/resource_index/parent_prefix_path/individual_params
[9.878s] -- Symlinking: /home/sws/autoware/install/individual_params/share/individual_params/environment/ament_prefix_path.sh
[9.878s] -- Symlinking: /home/sws/autoware/install/individual_params/share/individual_params/environment/ament_prefix_path.dsv
[9.878s] -- Symlinking: /home/sws/autoware/install/individual_params/share/individual_params/environment/path.sh
[9.878s] -- Symlinking: /home/sws/autoware/install/individual_params/share/individual_params/environment/path.dsv
[9.880s] -- Symlinking: /home/sws/autoware/install/individual_params/share/individual_params/local_setup.bash
[9.881s] -- Symlinking: /home/sws/autoware/install/individual_params/share/individual_params/local_setup.sh
[9.881s] -- Symlinking: /home/sws/autoware/install/individual_params/share/individual_params/local_setup.zsh
[9.881s] -- Symlinking: /home/sws/autoware/install/individual_params/share/individual_params/local_setup.dsv
[9.881s] -- Symlinking: /home/sws/autoware/install/individual_params/share/individual_params/package.dsv
[9.881s] -- Symlinking: /home/sws/autoware/install/individual_params/share/ament_index/resource_index/packages/individual_params
[9.881s] -- Symlinking: /home/sws/autoware/install/individual_params/share/individual_params/cmake/individual_paramsConfig.cmake
[9.881s] -- Symlinking: /home/sws/autoware/install/individual_params/share/individual_params/cmake/individual_paramsConfig-version.cmake
[9.881s] -- Symlinking: /home/sws/autoware/install/individual_params/share/individual_params/package.xml
[9.900s] Invoked command in '/home/sws/autoware/build/individual_params' returned '0': AMENT_PREFIX_PATH=/home/sws/autoware/install/autoware_lint_common:${AMENT_PREFIX_PATH} CMAKE_PREFIX_PATH=/home/sws/autoware/install/autoware_lint_common:/opt/ros/humble /usr/bin/cmake --install /home/sws/autoware/build/individual_params
