-- The C compiler identification is GNU 11.3.0
-- The CXX compiler identification is GNU 11.3.0
-- Detecting C compiler ABI info
-- Detecting C compiler ABI info - done
-- Check for working C compiler: /usr/bin/cc - skipped
-- Detecting C compile features
-- Detecting C compile features - done
-- Detecting CXX compiler ABI info
-- Detecting CXX compiler ABI info - done
-- Check for working CXX compiler: /usr/bin/c++ - skipped
-- Detecting CXX compile features
-- Detecting CXX compile features - done
-- Found autoware_cmake: 0.1.0 (/home/sws/autoware/install/autoware_cmake/share/autoware_cmake/cmake)
-- Found Python3: /usr/bin/python3.10 (found version "3.10.6") found components: Interpreter 
-- Override CMake install command with custom implementation using symlinks instead of copying resources
-- Found rosidl_generator_c: 3.1.4 (/opt/ros/humble/share/rosidl_generator_c/cmake)
-- Found rosidl_adapter: 3.1.4 (/opt/ros/humble/share/rosidl_adapter/cmake)
-- Found rosidl_generator_cpp: 3.1.4 (/opt/ros/humble/share/rosidl_generator_cpp/cmake)
-- Using all available rosidl_typesupport_c: rosidl_typesupport_fastrtps_c;rosidl_typesupport_introspection_c
-- Using all available rosidl_typesupport_cpp: rosidl_typesupport_fastrtps_cpp;rosidl_typesupport_introspection_cpp
-- Found rmw_implementation_cmake: 6.1.1 (/opt/ros/humble/share/rmw_implementation_cmake/cmake)
-- Found rmw_fastrtps_cpp: 6.2.2 (/opt/ros/humble/share/rmw_fastrtps_cpp/cmake)
-- Found OpenSSL: /usr/lib/x86_64-linux-gnu/libcrypto.so (found version "3.0.2")  
-- Found FastRTPS: /opt/ros/humble/include  
-- Using RMW implementation 'rmw_fastrtps_cpp' as default
-- Looking for pthread.h
-- Looking for pthread.h - found
-- Performing Test CMAKE_HAVE_LIBC_PTHREAD
-- Performing Test CMAKE_HAVE_LIBC_PTHREAD - Success
-- Found Threads: TRUE  
-- Found eigen3_cmake_module: 0.1.1 (/opt/ros/humble/share/eigen3_cmake_module/cmake)
-- Found Eigen3: TRUE (found version "3.4.0") 
-- Ensuring Eigen3 include directory is part of orocos-kdl CMake target
-- Found ament_lint_auto: 0.12.5 (/opt/ros/humble/share/ament_lint_auto/cmake)
-- Added test 'copyright' to check source files copyright and LICENSE
-- Added test 'cppcheck' to perform static code analysis on C / C++ code
-- Configured cppcheck include dirs: /home/sws/autoware/src/universe/autoware.universe/vehicle/steer_offset_estimator/include
-- Configured cppcheck exclude dirs and/or files: 
-- Added test 'lint_cmake' to check CMake code style
-- Added test 'xmllint' to check XML markup files
-- Configuring done
-- Generating done
-- Build files have been written to: /home/sws/autoware/build/steer_offset_estimator
[ 25%] [32mBuilding CXX object CMakeFiles/steer_offset_estimator_node.dir/src/steer_offset_estimator_node.cpp.o[0m
[ 50%] [32m[1mLinking CXX shared library libsteer_offset_estimator_node.so[0m
[ 50%] Built target steer_offset_estimator_node
[ 75%] [32mBuilding CXX object CMakeFiles/steer_offset_estimator.dir/rclcpp_components/node_main_steer_offset_estimator.cpp.o[0m
[100%] [32m[1mLinking CXX executable steer_offset_estimator[0m
[100%] Built target steer_offset_estimator
-- Install configuration: "Release"
-- Execute custom install script
-- Symlinking: /home/sws/autoware/install/steer_offset_estimator/lib/steer_offset_estimator/steer_offset_estimator
-- Symlinking: /home/sws/autoware/install/steer_offset_estimator/include/steer_offset_estimator/steer_offset_estimator_node.hpp
-- Symlinking: /home/sws/autoware/install/steer_offset_estimator/share/steer_offset_estimator/environment/library_path.sh
-- Symlinking: /home/sws/autoware/install/steer_offset_estimator/share/steer_offset_estimator/environment/library_path.dsv
-- Symlinking: /home/sws/autoware/install/steer_offset_estimator/lib/libsteer_offset_estimator_node.so
-- Symlinking: /home/sws/autoware/install/steer_offset_estimator/share/steer_offset_estimator/launch/steer_offset_estimtor.launch.xml
-- Symlinking: /home/sws/autoware/install/steer_offset_estimator/share/ament_index/resource_index/package_run_dependencies/steer_offset_estimator
-- Symlinking: /home/sws/autoware/install/steer_offset_estimator/share/ament_index/resource_index/parent_prefix_path/steer_offset_estimator
-- Symlinking: /home/sws/autoware/install/steer_offset_estimator/share/steer_offset_estimator/environment/ament_prefix_path.sh
-- Symlinking: /home/sws/autoware/install/steer_offset_estimator/share/steer_offset_estimator/environment/ament_prefix_path.dsv
-- Symlinking: /home/sws/autoware/install/steer_offset_estimator/share/steer_offset_estimator/environment/path.sh
-- Symlinking: /home/sws/autoware/install/steer_offset_estimator/share/steer_offset_estimator/environment/path.dsv
-- Symlinking: /home/sws/autoware/install/steer_offset_estimator/share/steer_offset_estimator/local_setup.bash
-- Symlinking: /home/sws/autoware/install/steer_offset_estimator/share/steer_offset_estimator/local_setup.sh
-- Symlinking: /home/sws/autoware/install/steer_offset_estimator/share/steer_offset_estimator/local_setup.zsh
-- Symlinking: /home/sws/autoware/install/steer_offset_estimator/share/steer_offset_estimator/local_setup.dsv
-- Symlinking: /home/sws/autoware/install/steer_offset_estimator/share/steer_offset_estimator/package.dsv
-- Symlinking: /home/sws/autoware/install/steer_offset_estimator/share/ament_index/resource_index/packages/steer_offset_estimator
-- Symlinking: /home/sws/autoware/install/steer_offset_estimator/share/ament_index/resource_index/rclcpp_components/steer_offset_estimator
-- Symlinking: /home/sws/autoware/install/steer_offset_estimator/share/steer_offset_estimator/cmake/ament_cmake_export_dependencies-extras.cmake
-- Symlinking: /home/sws/autoware/install/steer_offset_estimator/share/steer_offset_estimator/cmake/ament_cmake_export_include_directories-extras.cmake
-- Symlinking: /home/sws/autoware/install/steer_offset_estimator/share/steer_offset_estimator/cmake/ament_cmake_export_libraries-extras.cmake
-- Symlinking: /home/sws/autoware/install/steer_offset_estimator/share/steer_offset_estimator/cmake/steer_offset_estimatorConfig.cmake
-- Symlinking: /home/sws/autoware/install/steer_offset_estimator/share/steer_offset_estimator/cmake/steer_offset_estimatorConfig-version.cmake
-- Symlinking: /home/sws/autoware/install/steer_offset_estimator/share/steer_offset_estimator/package.xml
