[0.078s] Invoking command in '/home/sws/autoware/build/steer_offset_estimator': AMENT_PREFIX_PATH=/home/sws/autoware/install/global_parameter_loader:/home/sws/autoware/install/vehicle_info_util:/home/sws/autoware/install/tier4_autoware_utils:/home/sws/autoware/install/pose2twist:/home/sws/autoware/install/autoware_auto_vehicle_msgs:/home/sws/autoware/install/autoware_cmake:/home/sws/autoware/install/autoware_auto_planning_msgs:/home/sws/autoware/install/autoware_auto_perception_msgs:/home/sws/autoware/install/tier4_debug_msgs:/home/sws/autoware/install/autoware_lint_common:/home/sws/autoware/install/autoware_auto_mapping_msgs:/home/sws/autoware/install/autoware_auto_geometry_msgs:${AMENT_PREFIX_PATH} CMAKE_PREFIX_PATH=/home/sws/autoware/install/global_parameter_loader:/home/sws/autoware/install/vehicle_info_util:/home/sws/autoware/install/tier4_autoware_utils:/home/sws/autoware/install/pose2twist:/home/sws/autoware/install/autoware_auto_vehicle_msgs:/home/sws/autoware/install/autoware_cmake:/home/sws/autoware/install/autoware_auto_planning_msgs:/home/sws/autoware/install/autoware_auto_perception_msgs:/home/sws/autoware/install/tier4_debug_msgs:/home/sws/autoware/install/autoware_lint_common:/home/sws/autoware/install/autoware_auto_mapping_msgs:/home/sws/autoware/install/autoware_auto_geometry_msgs:/opt/ros/humble LD_LIBRARY_PATH=/home/sws/autoware/install/vehicle_info_util/lib:/home/sws/autoware/install/tier4_autoware_utils/lib:/home/sws/autoware/install/autoware_auto_vehicle_msgs/lib:/home/sws/autoware/install/autoware_auto_planning_msgs/lib:/home/sws/autoware/install/autoware_auto_perception_msgs/lib:/home/sws/autoware/install/tier4_debug_msgs/lib:/home/sws/autoware/install/autoware_auto_mapping_msgs/lib:/home/sws/autoware/install/autoware_auto_geometry_msgs/lib:${LD_LIBRARY_PATH} PYTHONPATH=/home/sws/autoware/install/autoware_auto_vehicle_msgs/local/lib/python3.10/dist-packages:/home/sws/autoware/install/autoware_auto_planning_msgs/local/lib/python3.10/dist-packages:/home/sws/autoware/install/autoware_auto_perception_msgs/local/lib/python3.10/dist-packages:/home/sws/autoware/install/tier4_debug_msgs/local/lib/python3.10/dist-packages:/home/sws/autoware/install/autoware_auto_mapping_msgs/local/lib/python3.10/dist-packages:/home/sws/autoware/install/autoware_auto_geometry_msgs/local/lib/python3.10/dist-packages:${PYTHONPATH} /usr/bin/cmake /home/sws/autoware/src/universe/autoware.universe/vehicle/steer_offset_estimator -DCMAKE_BUILD_TYPE=Release -DAMENT_CMAKE_SYMLINK_INSTALL=1 -DCMAKE_INSTALL_PREFIX=/home/sws/autoware/install/steer_offset_estimator
[7.713s] -- The C compiler identification is GNU 11.3.0
[7.713s] -- The CXX compiler identification is GNU 11.3.0
[7.713s] -- Detecting C compiler ABI info
[7.713s] -- Detecting C compiler ABI info - done
[7.714s] -- Check for working C compiler: /usr/bin/cc - skipped
[7.714s] -- Detecting C compile features
[7.714s] -- Detecting C compile features - done
[7.714s] -- Detecting CXX compiler ABI info
[7.714s] -- Detecting CXX compiler ABI info - done
[7.714s] -- Check for working CXX compiler: /usr/bin/c++ - skipped
[7.714s] -- Detecting CXX compile features
[7.714s] -- Detecting CXX compile features - done
[7.714s] -- Found autoware_cmake: 0.1.0 (/home/sws/autoware/install/autoware_cmake/share/autoware_cmake/cmake)
[7.714s] -- Found Python3: /usr/bin/python3.10 (found version "3.10.6") found components: Interpreter 
[7.714s] -- Override CMake install command with custom implementation using symlinks instead of copying resources
[7.714s] -- Found rosidl_generator_c: 3.1.4 (/opt/ros/humble/share/rosidl_generator_c/cmake)
[7.715s] -- Found rosidl_adapter: 3.1.4 (/opt/ros/humble/share/rosidl_adapter/cmake)
[7.715s] -- Found rosidl_generator_cpp: 3.1.4 (/opt/ros/humble/share/rosidl_generator_cpp/cmake)
[7.715s] -- Using all available rosidl_typesupport_c: rosidl_typesupport_fastrtps_c;rosidl_typesupport_introspection_c
[7.715s] -- Using all available rosidl_typesupport_cpp: rosidl_typesupport_fastrtps_cpp;rosidl_typesupport_introspection_cpp
[7.715s] -- Found rmw_implementation_cmake: 6.1.1 (/opt/ros/humble/share/rmw_implementation_cmake/cmake)
[7.715s] -- Found rmw_fastrtps_cpp: 6.2.2 (/opt/ros/humble/share/rmw_fastrtps_cpp/cmake)
[7.715s] -- Found OpenSSL: /usr/lib/x86_64-linux-gnu/libcrypto.so (found version "3.0.2")  
[7.715s] -- Found FastRTPS: /opt/ros/humble/include  
[7.715s] -- Using RMW implementation 'rmw_fastrtps_cpp' as default
[7.715s] -- Looking for pthread.h
[7.715s] -- Looking for pthread.h - found
[7.715s] -- Performing Test CMAKE_HAVE_LIBC_PTHREAD
[7.716s] -- Performing Test CMAKE_HAVE_LIBC_PTHREAD - Success
[7.716s] -- Found Threads: TRUE  
[7.716s] -- Found eigen3_cmake_module: 0.1.1 (/opt/ros/humble/share/eigen3_cmake_module/cmake)
[7.716s] -- Found Eigen3: TRUE (found version "3.4.0") 
[7.716s] -- Ensuring Eigen3 include directory is part of orocos-kdl CMake target
[7.716s] -- Found ament_lint_auto: 0.12.5 (/opt/ros/humble/share/ament_lint_auto/cmake)
[8.403s] -- Added test 'copyright' to check source files copyright and LICENSE
[8.405s] -- Added test 'cppcheck' to perform static code analysis on C / C++ code
[8.406s] -- Configured cppcheck include dirs: /home/sws/autoware/src/universe/autoware.universe/vehicle/steer_offset_estimator/include
[8.406s] -- Configured cppcheck exclude dirs and/or files: 
[8.407s] -- Added test 'lint_cmake' to check CMake code style
[8.408s] -- Added test 'xmllint' to check XML markup files
[8.414s] -- Configuring done
[8.473s] -- Generating done
[8.477s] -- Build files have been written to: /home/sws/autoware/build/steer_offset_estimator
[8.501s] Invoked command in '/home/sws/autoware/build/steer_offset_estimator' returned '0': AMENT_PREFIX_PATH=/home/sws/autoware/install/global_parameter_loader:/home/sws/autoware/install/vehicle_info_util:/home/sws/autoware/install/tier4_autoware_utils:/home/sws/autoware/install/pose2twist:/home/sws/autoware/install/autoware_auto_vehicle_msgs:/home/sws/autoware/install/autoware_cmake:/home/sws/autoware/install/autoware_auto_planning_msgs:/home/sws/autoware/install/autoware_auto_perception_msgs:/home/sws/autoware/install/tier4_debug_msgs:/home/sws/autoware/install/autoware_lint_common:/home/sws/autoware/install/autoware_auto_mapping_msgs:/home/sws/autoware/install/autoware_auto_geometry_msgs:${AMENT_PREFIX_PATH} CMAKE_PREFIX_PATH=/home/sws/autoware/install/global_parameter_loader:/home/sws/autoware/install/vehicle_info_util:/home/sws/autoware/install/tier4_autoware_utils:/home/sws/autoware/install/pose2twist:/home/sws/autoware/install/autoware_auto_vehicle_msgs:/home/sws/autoware/install/autoware_cmake:/home/sws/autoware/install/autoware_auto_planning_msgs:/home/sws/autoware/install/autoware_auto_perception_msgs:/home/sws/autoware/install/tier4_debug_msgs:/home/sws/autoware/install/autoware_lint_common:/home/sws/autoware/install/autoware_auto_mapping_msgs:/home/sws/autoware/install/autoware_auto_geometry_msgs:/opt/ros/humble LD_LIBRARY_PATH=/home/sws/autoware/install/vehicle_info_util/lib:/home/sws/autoware/install/tier4_autoware_utils/lib:/home/sws/autoware/install/autoware_auto_vehicle_msgs/lib:/home/sws/autoware/install/autoware_auto_planning_msgs/lib:/home/sws/autoware/install/autoware_auto_perception_msgs/lib:/home/sws/autoware/install/tier4_debug_msgs/lib:/home/sws/autoware/install/autoware_auto_mapping_msgs/lib:/home/sws/autoware/install/autoware_auto_geometry_msgs/lib:${LD_LIBRARY_PATH} PYTHONPATH=/home/sws/autoware/install/autoware_auto_vehicle_msgs/local/lib/python3.10/dist-packages:/home/sws/autoware/install/autoware_auto_planning_msgs/local/lib/python3.10/dist-packages:/home/sws/autoware/install/autoware_auto_perception_msgs/local/lib/python3.10/dist-packages:/home/sws/autoware/install/tier4_debug_msgs/local/lib/python3.10/dist-packages:/home/sws/autoware/install/autoware_auto_mapping_msgs/local/lib/python3.10/dist-packages:/home/sws/autoware/install/autoware_auto_geometry_msgs/local/lib/python3.10/dist-packages:${PYTHONPATH} /usr/bin/cmake /home/sws/autoware/src/universe/autoware.universe/vehicle/steer_offset_estimator -DCMAKE_BUILD_TYPE=Release -DAMENT_CMAKE_SYMLINK_INSTALL=1 -DCMAKE_INSTALL_PREFIX=/home/sws/autoware/install/steer_offset_estimator
[8.502s] Invoking command in '/home/sws/autoware/build/steer_offset_estimator': AMENT_PREFIX_PATH=/home/sws/autoware/install/global_parameter_loader:/home/sws/autoware/install/vehicle_info_util:/home/sws/autoware/install/tier4_autoware_utils:/home/sws/autoware/install/pose2twist:/home/sws/autoware/install/autoware_auto_vehicle_msgs:/home/sws/autoware/install/autoware_cmake:/home/sws/autoware/install/autoware_auto_planning_msgs:/home/sws/autoware/install/autoware_auto_perception_msgs:/home/sws/autoware/install/tier4_debug_msgs:/home/sws/autoware/install/autoware_lint_common:/home/sws/autoware/install/autoware_auto_mapping_msgs:/home/sws/autoware/install/autoware_auto_geometry_msgs:${AMENT_PREFIX_PATH} CMAKE_PREFIX_PATH=/home/sws/autoware/install/global_parameter_loader:/home/sws/autoware/install/vehicle_info_util:/home/sws/autoware/install/tier4_autoware_utils:/home/sws/autoware/install/pose2twist:/home/sws/autoware/install/autoware_auto_vehicle_msgs:/home/sws/autoware/install/autoware_cmake:/home/sws/autoware/install/autoware_auto_planning_msgs:/home/sws/autoware/install/autoware_auto_perception_msgs:/home/sws/autoware/install/tier4_debug_msgs:/home/sws/autoware/install/autoware_lint_common:/home/sws/autoware/install/autoware_auto_mapping_msgs:/home/sws/autoware/install/autoware_auto_geometry_msgs:/opt/ros/humble LD_LIBRARY_PATH=/home/sws/autoware/install/vehicle_info_util/lib:/home/sws/autoware/install/tier4_autoware_utils/lib:/home/sws/autoware/install/autoware_auto_vehicle_msgs/lib:/home/sws/autoware/install/autoware_auto_planning_msgs/lib:/home/sws/autoware/install/autoware_auto_perception_msgs/lib:/home/sws/autoware/install/tier4_debug_msgs/lib:/home/sws/autoware/install/autoware_auto_mapping_msgs/lib:/home/sws/autoware/install/autoware_auto_geometry_msgs/lib:${LD_LIBRARY_PATH} PYTHONPATH=/home/sws/autoware/install/autoware_auto_vehicle_msgs/local/lib/python3.10/dist-packages:/home/sws/autoware/install/autoware_auto_planning_msgs/local/lib/python3.10/dist-packages:/home/sws/autoware/install/autoware_auto_perception_msgs/local/lib/python3.10/dist-packages:/home/sws/autoware/install/tier4_debug_msgs/local/lib/python3.10/dist-packages:/home/sws/autoware/install/autoware_auto_mapping_msgs/local/lib/python3.10/dist-packages:/home/sws/autoware/install/autoware_auto_geometry_msgs/local/lib/python3.10/dist-packages:${PYTHONPATH} /usr/bin/cmake --build /home/sws/autoware/build/steer_offset_estimator -- -j16 -l16
[30.017s] [ 25%] [32mBuilding CXX object CMakeFiles/steer_offset_estimator_node.dir/src/steer_offset_estimator_node.cpp.o[0m
[43.549s] [ 50%] [32m[1mLinking CXX shared library libsteer_offset_estimator_node.so[0m
[44.303s] [ 50%] Built target steer_offset_estimator_node
[44.406s] [ 75%] [32mBuilding CXX object CMakeFiles/steer_offset_estimator.dir/rclcpp_components/node_main_steer_offset_estimator.cpp.o[0m
[50.067s] [100%] [32m[1mLinking CXX executable steer_offset_estimator[0m
[50.321s] [100%] Built target steer_offset_estimator
[50.371s] Invoked command in '/home/sws/autoware/build/steer_offset_estimator' returned '0': AMENT_PREFIX_PATH=/home/sws/autoware/install/global_parameter_loader:/home/sws/autoware/install/vehicle_info_util:/home/sws/autoware/install/tier4_autoware_utils:/home/sws/autoware/install/pose2twist:/home/sws/autoware/install/autoware_auto_vehicle_msgs:/home/sws/autoware/install/autoware_cmake:/home/sws/autoware/install/autoware_auto_planning_msgs:/home/sws/autoware/install/autoware_auto_perception_msgs:/home/sws/autoware/install/tier4_debug_msgs:/home/sws/autoware/install/autoware_lint_common:/home/sws/autoware/install/autoware_auto_mapping_msgs:/home/sws/autoware/install/autoware_auto_geometry_msgs:${AMENT_PREFIX_PATH} CMAKE_PREFIX_PATH=/home/sws/autoware/install/global_parameter_loader:/home/sws/autoware/install/vehicle_info_util:/home/sws/autoware/install/tier4_autoware_utils:/home/sws/autoware/install/pose2twist:/home/sws/autoware/install/autoware_auto_vehicle_msgs:/home/sws/autoware/install/autoware_cmake:/home/sws/autoware/install/autoware_auto_planning_msgs:/home/sws/autoware/install/autoware_auto_perception_msgs:/home/sws/autoware/install/tier4_debug_msgs:/home/sws/autoware/install/autoware_lint_common:/home/sws/autoware/install/autoware_auto_mapping_msgs:/home/sws/autoware/install/autoware_auto_geometry_msgs:/opt/ros/humble LD_LIBRARY_PATH=/home/sws/autoware/install/vehicle_info_util/lib:/home/sws/autoware/install/tier4_autoware_utils/lib:/home/sws/autoware/install/autoware_auto_vehicle_msgs/lib:/home/sws/autoware/install/autoware_auto_planning_msgs/lib:/home/sws/autoware/install/autoware_auto_perception_msgs/lib:/home/sws/autoware/install/tier4_debug_msgs/lib:/home/sws/autoware/install/autoware_auto_mapping_msgs/lib:/home/sws/autoware/install/autoware_auto_geometry_msgs/lib:${LD_LIBRARY_PATH} PYTHONPATH=/home/sws/autoware/install/autoware_auto_vehicle_msgs/local/lib/python3.10/dist-packages:/home/sws/autoware/install/autoware_auto_planning_msgs/local/lib/python3.10/dist-packages:/home/sws/autoware/install/autoware_auto_perception_msgs/local/lib/python3.10/dist-packages:/home/sws/autoware/install/tier4_debug_msgs/local/lib/python3.10/dist-packages:/home/sws/autoware/install/autoware_auto_mapping_msgs/local/lib/python3.10/dist-packages:/home/sws/autoware/install/autoware_auto_geometry_msgs/local/lib/python3.10/dist-packages:${PYTHONPATH} /usr/bin/cmake --build /home/sws/autoware/build/steer_offset_estimator -- -j16 -l16
[50.709s] Invoking command in '/home/sws/autoware/build/steer_offset_estimator': AMENT_PREFIX_PATH=/home/sws/autoware/install/global_parameter_loader:/home/sws/autoware/install/vehicle_info_util:/home/sws/autoware/install/tier4_autoware_utils:/home/sws/autoware/install/pose2twist:/home/sws/autoware/install/autoware_auto_vehicle_msgs:/home/sws/autoware/install/autoware_cmake:/home/sws/autoware/install/autoware_auto_planning_msgs:/home/sws/autoware/install/autoware_auto_perception_msgs:/home/sws/autoware/install/tier4_debug_msgs:/home/sws/autoware/install/autoware_lint_common:/home/sws/autoware/install/autoware_auto_mapping_msgs:/home/sws/autoware/install/autoware_auto_geometry_msgs:${AMENT_PREFIX_PATH} CMAKE_PREFIX_PATH=/home/sws/autoware/install/global_parameter_loader:/home/sws/autoware/install/vehicle_info_util:/home/sws/autoware/install/tier4_autoware_utils:/home/sws/autoware/install/pose2twist:/home/sws/autoware/install/autoware_auto_vehicle_msgs:/home/sws/autoware/install/autoware_cmake:/home/sws/autoware/install/autoware_auto_planning_msgs:/home/sws/autoware/install/autoware_auto_perception_msgs:/home/sws/autoware/install/tier4_debug_msgs:/home/sws/autoware/install/autoware_lint_common:/home/sws/autoware/install/autoware_auto_mapping_msgs:/home/sws/autoware/install/autoware_auto_geometry_msgs:/opt/ros/humble LD_LIBRARY_PATH=/home/sws/autoware/install/vehicle_info_util/lib:/home/sws/autoware/install/tier4_autoware_utils/lib:/home/sws/autoware/install/autoware_auto_vehicle_msgs/lib:/home/sws/autoware/install/autoware_auto_planning_msgs/lib:/home/sws/autoware/install/autoware_auto_perception_msgs/lib:/home/sws/autoware/install/tier4_debug_msgs/lib:/home/sws/autoware/install/autoware_auto_mapping_msgs/lib:/home/sws/autoware/install/autoware_auto_geometry_msgs/lib:${LD_LIBRARY_PATH} PYTHONPATH=/home/sws/autoware/install/autoware_auto_vehicle_msgs/local/lib/python3.10/dist-packages:/home/sws/autoware/install/autoware_auto_planning_msgs/local/lib/python3.10/dist-packages:/home/sws/autoware/install/autoware_auto_perception_msgs/local/lib/python3.10/dist-packages:/home/sws/autoware/install/tier4_debug_msgs/local/lib/python3.10/dist-packages:/home/sws/autoware/install/autoware_auto_mapping_msgs/local/lib/python3.10/dist-packages:/home/sws/autoware/install/autoware_auto_geometry_msgs/local/lib/python3.10/dist-packages:${PYTHONPATH} /usr/bin/cmake --install /home/sws/autoware/build/steer_offset_estimator
[79.303s] -- Install configuration: "Release"
[79.303s] -- Execute custom install script
[79.303s] -- Symlinking: /home/sws/autoware/install/steer_offset_estimator/lib/steer_offset_estimator/steer_offset_estimator
[79.303s] -- Symlinking: /home/sws/autoware/install/steer_offset_estimator/include/steer_offset_estimator/steer_offset_estimator_node.hpp
[79.303s] -- Symlinking: /home/sws/autoware/install/steer_offset_estimator/share/steer_offset_estimator/environment/library_path.sh
[79.303s] -- Symlinking: /home/sws/autoware/install/steer_offset_estimator/share/steer_offset_estimator/environment/library_path.dsv
[79.303s] -- Symlinking: /home/sws/autoware/install/steer_offset_estimator/lib/libsteer_offset_estimator_node.so
[79.303s] -- Symlinking: /home/sws/autoware/install/steer_offset_estimator/share/steer_offset_estimator/launch/steer_offset_estimtor.launch.xml
[79.304s] -- Symlinking: /home/sws/autoware/install/steer_offset_estimator/share/ament_index/resource_index/package_run_dependencies/steer_offset_estimator
[79.304s] -- Symlinking: /home/sws/autoware/install/steer_offset_estimator/share/ament_index/resource_index/parent_prefix_path/steer_offset_estimator
[79.304s] -- Symlinking: /home/sws/autoware/install/steer_offset_estimator/share/steer_offset_estimator/environment/ament_prefix_path.sh
[79.304s] -- Symlinking: /home/sws/autoware/install/steer_offset_estimator/share/steer_offset_estimator/environment/ament_prefix_path.dsv
[79.304s] -- Symlinking: /home/sws/autoware/install/steer_offset_estimator/share/steer_offset_estimator/environment/path.sh
[79.304s] -- Symlinking: /home/sws/autoware/install/steer_offset_estimator/share/steer_offset_estimator/environment/path.dsv
[79.304s] -- Symlinking: /home/sws/autoware/install/steer_offset_estimator/share/steer_offset_estimator/local_setup.bash
[79.304s] -- Symlinking: /home/sws/autoware/install/steer_offset_estimator/share/steer_offset_estimator/local_setup.sh
[79.304s] -- Symlinking: /home/sws/autoware/install/steer_offset_estimator/share/steer_offset_estimator/local_setup.zsh
[79.304s] -- Symlinking: /home/sws/autoware/install/steer_offset_estimator/share/steer_offset_estimator/local_setup.dsv
[79.304s] -- Symlinking: /home/sws/autoware/install/steer_offset_estimator/share/steer_offset_estimator/package.dsv
[79.305s] -- Symlinking: /home/sws/autoware/install/steer_offset_estimator/share/ament_index/resource_index/packages/steer_offset_estimator
[79.305s] -- Symlinking: /home/sws/autoware/install/steer_offset_estimator/share/ament_index/resource_index/rclcpp_components/steer_offset_estimator
[79.305s] -- Symlinking: /home/sws/autoware/install/steer_offset_estimator/share/steer_offset_estimator/cmake/ament_cmake_export_dependencies-extras.cmake
[79.305s] -- Symlinking: /home/sws/autoware/install/steer_offset_estimator/share/steer_offset_estimator/cmake/ament_cmake_export_include_directories-extras.cmake
[79.305s] -- Symlinking: /home/sws/autoware/install/steer_offset_estimator/share/steer_offset_estimator/cmake/ament_cmake_export_libraries-extras.cmake
[79.305s] -- Symlinking: /home/sws/autoware/install/steer_offset_estimator/share/steer_offset_estimator/cmake/steer_offset_estimatorConfig.cmake
[79.305s] -- Symlinking: /home/sws/autoware/install/steer_offset_estimator/share/steer_offset_estimator/cmake/steer_offset_estimatorConfig-version.cmake
[79.305s] -- Symlinking: /home/sws/autoware/install/steer_offset_estimator/share/steer_offset_estimator/package.xml
[79.361s] Invoked command in '/home/sws/autoware/build/steer_offset_estimator' returned '0': AMENT_PREFIX_PATH=/home/sws/autoware/install/global_parameter_loader:/home/sws/autoware/install/vehicle_info_util:/home/sws/autoware/install/tier4_autoware_utils:/home/sws/autoware/install/pose2twist:/home/sws/autoware/install/autoware_auto_vehicle_msgs:/home/sws/autoware/install/autoware_cmake:/home/sws/autoware/install/autoware_auto_planning_msgs:/home/sws/autoware/install/autoware_auto_perception_msgs:/home/sws/autoware/install/tier4_debug_msgs:/home/sws/autoware/install/autoware_lint_common:/home/sws/autoware/install/autoware_auto_mapping_msgs:/home/sws/autoware/install/autoware_auto_geometry_msgs:${AMENT_PREFIX_PATH} CMAKE_PREFIX_PATH=/home/sws/autoware/install/global_parameter_loader:/home/sws/autoware/install/vehicle_info_util:/home/sws/autoware/install/tier4_autoware_utils:/home/sws/autoware/install/pose2twist:/home/sws/autoware/install/autoware_auto_vehicle_msgs:/home/sws/autoware/install/autoware_cmake:/home/sws/autoware/install/autoware_auto_planning_msgs:/home/sws/autoware/install/autoware_auto_perception_msgs:/home/sws/autoware/install/tier4_debug_msgs:/home/sws/autoware/install/autoware_lint_common:/home/sws/autoware/install/autoware_auto_mapping_msgs:/home/sws/autoware/install/autoware_auto_geometry_msgs:/opt/ros/humble LD_LIBRARY_PATH=/home/sws/autoware/install/vehicle_info_util/lib:/home/sws/autoware/install/tier4_autoware_utils/lib:/home/sws/autoware/install/autoware_auto_vehicle_msgs/lib:/home/sws/autoware/install/autoware_auto_planning_msgs/lib:/home/sws/autoware/install/autoware_auto_perception_msgs/lib:/home/sws/autoware/install/tier4_debug_msgs/lib:/home/sws/autoware/install/autoware_auto_mapping_msgs/lib:/home/sws/autoware/install/autoware_auto_geometry_msgs/lib:${LD_LIBRARY_PATH} PYTHONPATH=/home/sws/autoware/install/autoware_auto_vehicle_msgs/local/lib/python3.10/dist-packages:/home/sws/autoware/install/autoware_auto_planning_msgs/local/lib/python3.10/dist-packages:/home/sws/autoware/install/autoware_auto_perception_msgs/local/lib/python3.10/dist-packages:/home/sws/autoware/install/tier4_debug_msgs/local/lib/python3.10/dist-packages:/home/sws/autoware/install/autoware_auto_mapping_msgs/local/lib/python3.10/dist-packages:/home/sws/autoware/install/autoware_auto_geometry_msgs/local/lib/python3.10/dist-packages:${PYTHONPATH} /usr/bin/cmake --install /home/sws/autoware/build/steer_offset_estimator
