-- The C compiler identification is GNU 11.3.0
-- The CXX compiler identification is GNU 11.3.0
-- Detecting C compiler ABI info
-- Detecting C compiler ABI info - done
-- Check for working C compiler: /usr/bin/cc - skipped
-- Detecting C compile features
-- Detecting C compile features - done
-- Detecting CXX compiler ABI info
-- Detecting CXX compiler ABI info - done
-- Check for working CXX compiler: /usr/bin/c++ - skipped
-- Detecting CXX compile features
-- Detecting CXX compile features - done
-- Found autoware_cmake: 0.1.0 (/home/sws/autoware/install/autoware_cmake/share/autoware_cmake/cmake)
-- Found Python3: /usr/bin/python3.10 (found version "3.10.6") found components: Interpreter 
-- Override CMake install command with custom implementation using symlinks instead of copying resources
-- Found rosidl_generator_c: 3.1.4 (/opt/ros/humble/share/rosidl_generator_c/cmake)
-- Found rosidl_adapter: 3.1.4 (/opt/ros/humble/share/rosidl_adapter/cmake)
-- Found rosidl_generator_cpp: 3.1.4 (/opt/ros/humble/share/rosidl_generator_cpp/cmake)
-- Using all available rosidl_typesupport_c: rosidl_typesupport_fastrtps_c;rosidl_typesupport_introspection_c
-- Using all available rosidl_typesupport_cpp: rosidl_typesupport_fastrtps_cpp;rosidl_typesupport_introspection_cpp
-- Found rmw_implementation_cmake: 6.1.1 (/opt/ros/humble/share/rmw_implementation_cmake/cmake)
-- Found rmw_fastrtps_cpp: 6.2.2 (/opt/ros/humble/share/rmw_fastrtps_cpp/cmake)
-- Found OpenSSL: /usr/lib/x86_64-linux-gnu/libcrypto.so (found version "3.0.2")  
-- Found FastRTPS: /opt/ros/humble/include  
-- Using RMW implementation 'rmw_fastrtps_cpp' as default
-- Looking for pthread.h
-- Looking for pthread.h - found
-- Performing Test CMAKE_HAVE_LIBC_PTHREAD
-- Performing Test CMAKE_HAVE_LIBC_PTHREAD - Success
-- Found Threads: TRUE  
-- Found eigen3_cmake_module: 0.1.1 (/opt/ros/humble/share/eigen3_cmake_module/cmake)
-- Found Eigen3: TRUE (found version "3.4.0") 
-- Ensuring Eigen3 include directory is part of orocos-kdl CMake target
-- Found ament_lint_auto: 0.12.5 (/opt/ros/humble/share/ament_lint_auto/cmake)
-- Added test 'copyright' to check source files copyright and LICENSE
-- Added test 'cppcheck' to perform static code analysis on C / C++ code
-- Configured cppcheck include dirs: /home/sws/autoware/src/universe/autoware.universe/control/pure_pursuit/include
-- Configured cppcheck exclude dirs and/or files: 
-- Added test 'lint_cmake' to check CMake code style
-- Added test 'xmllint' to check XML markup files
-- Configuring done
-- Generating done
-- Build files have been written to: /home/sws/autoware/build/pure_pursuit
[ 11%] [32mBuilding CXX object CMakeFiles/pure_pursuit_core.dir/src/pure_pursuit_core/planning_utils.cpp.o[0m
[ 22%] [32mBuilding CXX object CMakeFiles/pure_pursuit_core.dir/src/pure_pursuit_core/interpolate.cpp.o[0m
[ 33%] [32mBuilding CXX object CMakeFiles/pure_pursuit_core.dir/src/pure_pursuit_core/pure_pursuit.cpp.o[0m
[ 44%] [32m[1mLinking CXX shared library libpure_pursuit_core.so[0m
[ 44%] Built target pure_pursuit_core
[ 55%] [32mBuilding CXX object CMakeFiles/pure_pursuit_lateral_controller_exe.dir/rclcpp_components/node_main_pure_pursuit_lateral_controller_exe.cpp.o[0m
[ 66%] [32m[1mLinking CXX executable pure_pursuit_lateral_controller_exe[0m
[ 66%] Built target pure_pursuit_lateral_controller_exe
[ 77%] [32mBuilding CXX object CMakeFiles/pure_pursuit_lateral_controller.dir/src/pure_pursuit/pure_pursuit_lateral_controller.cpp.o[0m
[ 88%] [32mBuilding CXX object CMakeFiles/pure_pursuit_lateral_controller.dir/src/pure_pursuit/pure_pursuit_viz.cpp.o[0m
[100%] [32m[1mLinking CXX shared library libpure_pursuit_lateral_controller.so[0m
[100%] Built target pure_pursuit_lateral_controller
-- Install configuration: "Release"
-- Execute custom install script
-- Symlinking: /home/sws/autoware/install/pure_pursuit/lib/pure_pursuit/pure_pursuit_lateral_controller_exe
-- Symlinking: /home/sws/autoware/install/pure_pursuit/include/pure_pursuit/pure_pursuit.hpp
-- Symlinking: /home/sws/autoware/install/pure_pursuit/include/pure_pursuit/pure_pursuit_lateral_controller.hpp
-- Symlinking: /home/sws/autoware/install/pure_pursuit/include/pure_pursuit/pure_pursuit_node.hpp
-- Symlinking: /home/sws/autoware/install/pure_pursuit/include/pure_pursuit/pure_pursuit_viz.hpp
-- Symlinking: /home/sws/autoware/install/pure_pursuit/include/pure_pursuit/util/interpolate.hpp
-- Symlinking: /home/sws/autoware/install/pure_pursuit/include/pure_pursuit/util/marker_helper.hpp
-- Symlinking: /home/sws/autoware/install/pure_pursuit/include/pure_pursuit/util/planning_utils.hpp
-- Symlinking: /home/sws/autoware/install/pure_pursuit/include/pure_pursuit/util/tf_utils.hpp
-- Symlinking: /home/sws/autoware/install/pure_pursuit/share/pure_pursuit/environment/library_path.sh
-- Symlinking: /home/sws/autoware/install/pure_pursuit/share/pure_pursuit/environment/library_path.dsv
-- Symlinking: /home/sws/autoware/install/pure_pursuit/lib/libpure_pursuit_core.so
-- Symlinking: /home/sws/autoware/install/pure_pursuit/lib/libpure_pursuit_lateral_controller.so
-- Symlinking: /home/sws/autoware/install/pure_pursuit/share/pure_pursuit/launch/pure_pursuit.launch.xml
-- Symlinking: /home/sws/autoware/install/pure_pursuit/share/pure_pursuit/config/pure_pursuit.param.yaml
-- Symlinking: /home/sws/autoware/install/pure_pursuit/share/pure_pursuit/config/pure_pursuit_lateral_controller_plotjuggler_debug.xml
-- Symlinking: /home/sws/autoware/install/pure_pursuit/share/ament_index/resource_index/package_run_dependencies/pure_pursuit
-- Symlinking: /home/sws/autoware/install/pure_pursuit/share/ament_index/resource_index/parent_prefix_path/pure_pursuit
-- Symlinking: /home/sws/autoware/install/pure_pursuit/share/pure_pursuit/environment/ament_prefix_path.sh
-- Symlinking: /home/sws/autoware/install/pure_pursuit/share/pure_pursuit/environment/ament_prefix_path.dsv
-- Symlinking: /home/sws/autoware/install/pure_pursuit/share/pure_pursuit/environment/path.sh
-- Symlinking: /home/sws/autoware/install/pure_pursuit/share/pure_pursuit/environment/path.dsv
-- Symlinking: /home/sws/autoware/install/pure_pursuit/share/pure_pursuit/local_setup.bash
-- Symlinking: /home/sws/autoware/install/pure_pursuit/share/pure_pursuit/local_setup.sh
-- Symlinking: /home/sws/autoware/install/pure_pursuit/share/pure_pursuit/local_setup.zsh
-- Symlinking: /home/sws/autoware/install/pure_pursuit/share/pure_pursuit/local_setup.dsv
-- Symlinking: /home/sws/autoware/install/pure_pursuit/share/pure_pursuit/package.dsv
-- Symlinking: /home/sws/autoware/install/pure_pursuit/share/ament_index/resource_index/packages/pure_pursuit
-- Symlinking: /home/sws/autoware/install/pure_pursuit/share/ament_index/resource_index/rclcpp_components/pure_pursuit
-- Symlinking: /home/sws/autoware/install/pure_pursuit/share/pure_pursuit/cmake/ament_cmake_export_dependencies-extras.cmake
-- Symlinking: /home/sws/autoware/install/pure_pursuit/share/pure_pursuit/cmake/ament_cmake_export_include_directories-extras.cmake
-- Symlinking: /home/sws/autoware/install/pure_pursuit/share/pure_pursuit/cmake/ament_cmake_export_libraries-extras.cmake
-- Symlinking: /home/sws/autoware/install/pure_pursuit/share/pure_pursuit/cmake/pure_pursuitConfig.cmake
-- Symlinking: /home/sws/autoware/install/pure_pursuit/share/pure_pursuit/cmake/pure_pursuitConfig-version.cmake
-- Symlinking: /home/sws/autoware/install/pure_pursuit/share/pure_pursuit/package.xml
