[0.088s] Invoking command in '/home/sws/autoware/build/pure_pursuit': AMENT_PREFIX_PATH=/home/sws/autoware/install/trajectory_follower_base:/home/sws/autoware/install/motion_utils:/home/sws/autoware/install/vehicle_info_util:/home/sws/autoware/install/interpolation:/home/sws/autoware/install/tier4_autoware_utils:/home/sws/autoware/install/osqp_interface:/home/sws/autoware/install/autoware_auto_vehicle_msgs:/home/sws/autoware/install/autoware_cmake:/home/sws/autoware/install/autoware_auto_planning_msgs:/home/sws/autoware/install/autoware_auto_perception_msgs:/home/sws/autoware/install/tier4_debug_msgs:/home/sws/autoware/install/autoware_lint_common:/home/sws/autoware/install/autoware_auto_mapping_msgs:/home/sws/autoware/install/autoware_auto_geometry_msgs:/home/sws/autoware/install/autoware_auto_control_msgs:/home/sws/autoware/install/autoware_adapi_v1_msgs:${AMENT_PREFIX_PATH} CMAKE_PREFIX_PATH=/home/sws/autoware/install/trajectory_follower_base:/home/sws/autoware/install/motion_utils:/home/sws/autoware/install/vehicle_info_util:/home/sws/autoware/install/interpolation:/home/sws/autoware/install/tier4_autoware_utils:/home/sws/autoware/install/osqp_interface:/home/sws/autoware/install/autoware_auto_vehicle_msgs:/home/sws/autoware/install/autoware_cmake:/home/sws/autoware/install/autoware_auto_planning_msgs:/home/sws/autoware/install/autoware_auto_perception_msgs:/home/sws/autoware/install/tier4_debug_msgs:/home/sws/autoware/install/autoware_lint_common:/home/sws/autoware/install/autoware_auto_mapping_msgs:/home/sws/autoware/install/autoware_auto_geometry_msgs:/home/sws/autoware/install/autoware_auto_control_msgs:/home/sws/autoware/install/autoware_adapi_v1_msgs:/opt/ros/humble LD_LIBRARY_PATH=/home/sws/autoware/install/trajectory_follower_base/lib:/home/sws/autoware/install/motion_utils/lib:/home/sws/autoware/install/vehicle_info_util/lib:/home/sws/autoware/install/interpolation/lib:/home/sws/autoware/install/tier4_autoware_utils/lib:/home/sws/autoware/install/osqp_interface/lib:/home/sws/autoware/install/autoware_auto_vehicle_msgs/lib:/home/sws/autoware/install/autoware_auto_planning_msgs/lib:/home/sws/autoware/install/autoware_auto_perception_msgs/lib:/home/sws/autoware/install/tier4_debug_msgs/lib:/home/sws/autoware/install/autoware_auto_mapping_msgs/lib:/home/sws/autoware/install/autoware_auto_geometry_msgs/lib:/home/sws/autoware/install/autoware_auto_control_msgs/lib:/home/sws/autoware/install/autoware_adapi_v1_msgs/lib:${LD_LIBRARY_PATH} PYTHONPATH=/home/sws/autoware/install/autoware_auto_vehicle_msgs/local/lib/python3.10/dist-packages:/home/sws/autoware/install/autoware_auto_planning_msgs/local/lib/python3.10/dist-packages:/home/sws/autoware/install/autoware_auto_perception_msgs/local/lib/python3.10/dist-packages:/home/sws/autoware/install/tier4_debug_msgs/local/lib/python3.10/dist-packages:/home/sws/autoware/install/autoware_auto_mapping_msgs/local/lib/python3.10/dist-packages:/home/sws/autoware/install/autoware_auto_geometry_msgs/local/lib/python3.10/dist-packages:/home/sws/autoware/install/autoware_auto_control_msgs/local/lib/python3.10/dist-packages:/home/sws/autoware/install/autoware_adapi_v1_msgs/local/lib/python3.10/dist-packages:${PYTHONPATH} /usr/bin/cmake /home/sws/autoware/src/universe/autoware.universe/control/pure_pursuit -DCMAKE_BUILD_TYPE=Release -DAMENT_CMAKE_SYMLINK_INSTALL=1 -DCMAKE_INSTALL_PREFIX=/home/sws/autoware/install/pure_pursuit
[29.942s] -- The C compiler identification is GNU 11.3.0
[29.943s] -- The CXX compiler identification is GNU 11.3.0
[29.943s] -- Detecting C compiler ABI info
[29.943s] -- Detecting C compiler ABI info - done
[29.943s] -- Check for working C compiler: /usr/bin/cc - skipped
[29.943s] -- Detecting C compile features
[29.943s] -- Detecting C compile features - done
[29.943s] -- Detecting CXX compiler ABI info
[29.943s] -- Detecting CXX compiler ABI info - done
[29.943s] -- Check for working CXX compiler: /usr/bin/c++ - skipped
[29.943s] -- Detecting CXX compile features
[29.943s] -- Detecting CXX compile features - done
[29.943s] -- Found autoware_cmake: 0.1.0 (/home/sws/autoware/install/autoware_cmake/share/autoware_cmake/cmake)
[29.944s] -- Found Python3: /usr/bin/python3.10 (found version "3.10.6") found components: Interpreter 
[29.944s] -- Override CMake install command with custom implementation using symlinks instead of copying resources
[29.944s] -- Found rosidl_generator_c: 3.1.4 (/opt/ros/humble/share/rosidl_generator_c/cmake)
[29.944s] -- Found rosidl_adapter: 3.1.4 (/opt/ros/humble/share/rosidl_adapter/cmake)
[29.944s] -- Found rosidl_generator_cpp: 3.1.4 (/opt/ros/humble/share/rosidl_generator_cpp/cmake)
[29.944s] -- Using all available rosidl_typesupport_c: rosidl_typesupport_fastrtps_c;rosidl_typesupport_introspection_c
[29.944s] -- Using all available rosidl_typesupport_cpp: rosidl_typesupport_fastrtps_cpp;rosidl_typesupport_introspection_cpp
[29.944s] -- Found rmw_implementation_cmake: 6.1.1 (/opt/ros/humble/share/rmw_implementation_cmake/cmake)
[29.944s] -- Found rmw_fastrtps_cpp: 6.2.2 (/opt/ros/humble/share/rmw_fastrtps_cpp/cmake)
[29.944s] -- Found OpenSSL: /usr/lib/x86_64-linux-gnu/libcrypto.so (found version "3.0.2")  
[29.944s] -- Found FastRTPS: /opt/ros/humble/include  
[29.945s] -- Using RMW implementation 'rmw_fastrtps_cpp' as default
[29.945s] -- Looking for pthread.h
[29.945s] -- Looking for pthread.h - found
[29.945s] -- Performing Test CMAKE_HAVE_LIBC_PTHREAD
[29.945s] -- Performing Test CMAKE_HAVE_LIBC_PTHREAD - Success
[29.945s] -- Found Threads: TRUE  
[29.945s] -- Found eigen3_cmake_module: 0.1.1 (/opt/ros/humble/share/eigen3_cmake_module/cmake)
[29.945s] -- Found Eigen3: TRUE (found version "3.4.0") 
[29.945s] -- Ensuring Eigen3 include directory is part of orocos-kdl CMake target
[29.945s] -- Found ament_lint_auto: 0.12.5 (/opt/ros/humble/share/ament_lint_auto/cmake)
[47.307s] -- Added test 'copyright' to check source files copyright and LICENSE
[47.311s] -- Added test 'cppcheck' to perform static code analysis on C / C++ code
[47.313s] -- Configured cppcheck include dirs: /home/sws/autoware/src/universe/autoware.universe/control/pure_pursuit/include
[47.313s] -- Configured cppcheck exclude dirs and/or files: 
[47.315s] -- Added test 'lint_cmake' to check CMake code style
[47.316s] -- Added test 'xmllint' to check XML markup files
[47.323s] -- Configuring done
[47.489s] -- Generating done
[47.493s] -- Build files have been written to: /home/sws/autoware/build/pure_pursuit
[47.522s] Invoked command in '/home/sws/autoware/build/pure_pursuit' returned '0': AMENT_PREFIX_PATH=/home/sws/autoware/install/trajectory_follower_base:/home/sws/autoware/install/motion_utils:/home/sws/autoware/install/vehicle_info_util:/home/sws/autoware/install/interpolation:/home/sws/autoware/install/tier4_autoware_utils:/home/sws/autoware/install/osqp_interface:/home/sws/autoware/install/autoware_auto_vehicle_msgs:/home/sws/autoware/install/autoware_cmake:/home/sws/autoware/install/autoware_auto_planning_msgs:/home/sws/autoware/install/autoware_auto_perception_msgs:/home/sws/autoware/install/tier4_debug_msgs:/home/sws/autoware/install/autoware_lint_common:/home/sws/autoware/install/autoware_auto_mapping_msgs:/home/sws/autoware/install/autoware_auto_geometry_msgs:/home/sws/autoware/install/autoware_auto_control_msgs:/home/sws/autoware/install/autoware_adapi_v1_msgs:${AMENT_PREFIX_PATH} CMAKE_PREFIX_PATH=/home/sws/autoware/install/trajectory_follower_base:/home/sws/autoware/install/motion_utils:/home/sws/autoware/install/vehicle_info_util:/home/sws/autoware/install/interpolation:/home/sws/autoware/install/tier4_autoware_utils:/home/sws/autoware/install/osqp_interface:/home/sws/autoware/install/autoware_auto_vehicle_msgs:/home/sws/autoware/install/autoware_cmake:/home/sws/autoware/install/autoware_auto_planning_msgs:/home/sws/autoware/install/autoware_auto_perception_msgs:/home/sws/autoware/install/tier4_debug_msgs:/home/sws/autoware/install/autoware_lint_common:/home/sws/autoware/install/autoware_auto_mapping_msgs:/home/sws/autoware/install/autoware_auto_geometry_msgs:/home/sws/autoware/install/autoware_auto_control_msgs:/home/sws/autoware/install/autoware_adapi_v1_msgs:/opt/ros/humble LD_LIBRARY_PATH=/home/sws/autoware/install/trajectory_follower_base/lib:/home/sws/autoware/install/motion_utils/lib:/home/sws/autoware/install/vehicle_info_util/lib:/home/sws/autoware/install/interpolation/lib:/home/sws/autoware/install/tier4_autoware_utils/lib:/home/sws/autoware/install/osqp_interface/lib:/home/sws/autoware/install/autoware_auto_vehicle_msgs/lib:/home/sws/autoware/install/autoware_auto_planning_msgs/lib:/home/sws/autoware/install/autoware_auto_perception_msgs/lib:/home/sws/autoware/install/tier4_debug_msgs/lib:/home/sws/autoware/install/autoware_auto_mapping_msgs/lib:/home/sws/autoware/install/autoware_auto_geometry_msgs/lib:/home/sws/autoware/install/autoware_auto_control_msgs/lib:/home/sws/autoware/install/autoware_adapi_v1_msgs/lib:${LD_LIBRARY_PATH} PYTHONPATH=/home/sws/autoware/install/autoware_auto_vehicle_msgs/local/lib/python3.10/dist-packages:/home/sws/autoware/install/autoware_auto_planning_msgs/local/lib/python3.10/dist-packages:/home/sws/autoware/install/autoware_auto_perception_msgs/local/lib/python3.10/dist-packages:/home/sws/autoware/install/tier4_debug_msgs/local/lib/python3.10/dist-packages:/home/sws/autoware/install/autoware_auto_mapping_msgs/local/lib/python3.10/dist-packages:/home/sws/autoware/install/autoware_auto_geometry_msgs/local/lib/python3.10/dist-packages:/home/sws/autoware/install/autoware_auto_control_msgs/local/lib/python3.10/dist-packages:/home/sws/autoware/install/autoware_adapi_v1_msgs/local/lib/python3.10/dist-packages:${PYTHONPATH} /usr/bin/cmake /home/sws/autoware/src/universe/autoware.universe/control/pure_pursuit -DCMAKE_BUILD_TYPE=Release -DAMENT_CMAKE_SYMLINK_INSTALL=1 -DCMAKE_INSTALL_PREFIX=/home/sws/autoware/install/pure_pursuit
[47.523s] Invoking command in '/home/sws/autoware/build/pure_pursuit': AMENT_PREFIX_PATH=/home/sws/autoware/install/trajectory_follower_base:/home/sws/autoware/install/motion_utils:/home/sws/autoware/install/vehicle_info_util:/home/sws/autoware/install/interpolation:/home/sws/autoware/install/tier4_autoware_utils:/home/sws/autoware/install/osqp_interface:/home/sws/autoware/install/autoware_auto_vehicle_msgs:/home/sws/autoware/install/autoware_cmake:/home/sws/autoware/install/autoware_auto_planning_msgs:/home/sws/autoware/install/autoware_auto_perception_msgs:/home/sws/autoware/install/tier4_debug_msgs:/home/sws/autoware/install/autoware_lint_common:/home/sws/autoware/install/autoware_auto_mapping_msgs:/home/sws/autoware/install/autoware_auto_geometry_msgs:/home/sws/autoware/install/autoware_auto_control_msgs:/home/sws/autoware/install/autoware_adapi_v1_msgs:${AMENT_PREFIX_PATH} CMAKE_PREFIX_PATH=/home/sws/autoware/install/trajectory_follower_base:/home/sws/autoware/install/motion_utils:/home/sws/autoware/install/vehicle_info_util:/home/sws/autoware/install/interpolation:/home/sws/autoware/install/tier4_autoware_utils:/home/sws/autoware/install/osqp_interface:/home/sws/autoware/install/autoware_auto_vehicle_msgs:/home/sws/autoware/install/autoware_cmake:/home/sws/autoware/install/autoware_auto_planning_msgs:/home/sws/autoware/install/autoware_auto_perception_msgs:/home/sws/autoware/install/tier4_debug_msgs:/home/sws/autoware/install/autoware_lint_common:/home/sws/autoware/install/autoware_auto_mapping_msgs:/home/sws/autoware/install/autoware_auto_geometry_msgs:/home/sws/autoware/install/autoware_auto_control_msgs:/home/sws/autoware/install/autoware_adapi_v1_msgs:/opt/ros/humble LD_LIBRARY_PATH=/home/sws/autoware/install/trajectory_follower_base/lib:/home/sws/autoware/install/motion_utils/lib:/home/sws/autoware/install/vehicle_info_util/lib:/home/sws/autoware/install/interpolation/lib:/home/sws/autoware/install/tier4_autoware_utils/lib:/home/sws/autoware/install/osqp_interface/lib:/home/sws/autoware/install/autoware_auto_vehicle_msgs/lib:/home/sws/autoware/install/autoware_auto_planning_msgs/lib:/home/sws/autoware/install/autoware_auto_perception_msgs/lib:/home/sws/autoware/install/tier4_debug_msgs/lib:/home/sws/autoware/install/autoware_auto_mapping_msgs/lib:/home/sws/autoware/install/autoware_auto_geometry_msgs/lib:/home/sws/autoware/install/autoware_auto_control_msgs/lib:/home/sws/autoware/install/autoware_adapi_v1_msgs/lib:${LD_LIBRARY_PATH} PYTHONPATH=/home/sws/autoware/install/autoware_auto_vehicle_msgs/local/lib/python3.10/dist-packages:/home/sws/autoware/install/autoware_auto_planning_msgs/local/lib/python3.10/dist-packages:/home/sws/autoware/install/autoware_auto_perception_msgs/local/lib/python3.10/dist-packages:/home/sws/autoware/install/tier4_debug_msgs/local/lib/python3.10/dist-packages:/home/sws/autoware/install/autoware_auto_mapping_msgs/local/lib/python3.10/dist-packages:/home/sws/autoware/install/autoware_auto_geometry_msgs/local/lib/python3.10/dist-packages:/home/sws/autoware/install/autoware_auto_control_msgs/local/lib/python3.10/dist-packages:/home/sws/autoware/install/autoware_adapi_v1_msgs/local/lib/python3.10/dist-packages:${PYTHONPATH} /usr/bin/cmake --build /home/sws/autoware/build/pure_pursuit -- -j16 -l16
[53.396s] [ 11%] [32mBuilding CXX object CMakeFiles/pure_pursuit_core.dir/src/pure_pursuit_core/planning_utils.cpp.o[0m
[55.435s] [ 22%] [32mBuilding CXX object CMakeFiles/pure_pursuit_core.dir/src/pure_pursuit_core/interpolate.cpp.o[0m
[56.541s] [ 33%] [32mBuilding CXX object CMakeFiles/pure_pursuit_core.dir/src/pure_pursuit_core/pure_pursuit.cpp.o[0m
[65.221s] [ 44%] [32m[1mLinking CXX shared library libpure_pursuit_core.so[0m
[65.530s] [ 44%] Built target pure_pursuit_core
[65.565s] [ 55%] [32mBuilding CXX object CMakeFiles/pure_pursuit_lateral_controller_exe.dir/rclcpp_components/node_main_pure_pursuit_lateral_controller_exe.cpp.o[0m
[71.139s] [ 66%] [32m[1mLinking CXX executable pure_pursuit_lateral_controller_exe[0m
[71.315s] [ 66%] Built target pure_pursuit_lateral_controller_exe
[71.355s] [ 77%] [32mBuilding CXX object CMakeFiles/pure_pursuit_lateral_controller.dir/src/pure_pursuit/pure_pursuit_lateral_controller.cpp.o[0m
[96.100s] [ 88%] [32mBuilding CXX object CMakeFiles/pure_pursuit_lateral_controller.dir/src/pure_pursuit/pure_pursuit_viz.cpp.o[0m
[106.154s] [100%] [32m[1mLinking CXX shared library libpure_pursuit_lateral_controller.so[0m
[106.971s] [100%] Built target pure_pursuit_lateral_controller
[107.027s] Invoked command in '/home/sws/autoware/build/pure_pursuit' returned '0': AMENT_PREFIX_PATH=/home/sws/autoware/install/trajectory_follower_base:/home/sws/autoware/install/motion_utils:/home/sws/autoware/install/vehicle_info_util:/home/sws/autoware/install/interpolation:/home/sws/autoware/install/tier4_autoware_utils:/home/sws/autoware/install/osqp_interface:/home/sws/autoware/install/autoware_auto_vehicle_msgs:/home/sws/autoware/install/autoware_cmake:/home/sws/autoware/install/autoware_auto_planning_msgs:/home/sws/autoware/install/autoware_auto_perception_msgs:/home/sws/autoware/install/tier4_debug_msgs:/home/sws/autoware/install/autoware_lint_common:/home/sws/autoware/install/autoware_auto_mapping_msgs:/home/sws/autoware/install/autoware_auto_geometry_msgs:/home/sws/autoware/install/autoware_auto_control_msgs:/home/sws/autoware/install/autoware_adapi_v1_msgs:${AMENT_PREFIX_PATH} CMAKE_PREFIX_PATH=/home/sws/autoware/install/trajectory_follower_base:/home/sws/autoware/install/motion_utils:/home/sws/autoware/install/vehicle_info_util:/home/sws/autoware/install/interpolation:/home/sws/autoware/install/tier4_autoware_utils:/home/sws/autoware/install/osqp_interface:/home/sws/autoware/install/autoware_auto_vehicle_msgs:/home/sws/autoware/install/autoware_cmake:/home/sws/autoware/install/autoware_auto_planning_msgs:/home/sws/autoware/install/autoware_auto_perception_msgs:/home/sws/autoware/install/tier4_debug_msgs:/home/sws/autoware/install/autoware_lint_common:/home/sws/autoware/install/autoware_auto_mapping_msgs:/home/sws/autoware/install/autoware_auto_geometry_msgs:/home/sws/autoware/install/autoware_auto_control_msgs:/home/sws/autoware/install/autoware_adapi_v1_msgs:/opt/ros/humble LD_LIBRARY_PATH=/home/sws/autoware/install/trajectory_follower_base/lib:/home/sws/autoware/install/motion_utils/lib:/home/sws/autoware/install/vehicle_info_util/lib:/home/sws/autoware/install/interpolation/lib:/home/sws/autoware/install/tier4_autoware_utils/lib:/home/sws/autoware/install/osqp_interface/lib:/home/sws/autoware/install/autoware_auto_vehicle_msgs/lib:/home/sws/autoware/install/autoware_auto_planning_msgs/lib:/home/sws/autoware/install/autoware_auto_perception_msgs/lib:/home/sws/autoware/install/tier4_debug_msgs/lib:/home/sws/autoware/install/autoware_auto_mapping_msgs/lib:/home/sws/autoware/install/autoware_auto_geometry_msgs/lib:/home/sws/autoware/install/autoware_auto_control_msgs/lib:/home/sws/autoware/install/autoware_adapi_v1_msgs/lib:${LD_LIBRARY_PATH} PYTHONPATH=/home/sws/autoware/install/autoware_auto_vehicle_msgs/local/lib/python3.10/dist-packages:/home/sws/autoware/install/autoware_auto_planning_msgs/local/lib/python3.10/dist-packages:/home/sws/autoware/install/autoware_auto_perception_msgs/local/lib/python3.10/dist-packages:/home/sws/autoware/install/tier4_debug_msgs/local/lib/python3.10/dist-packages:/home/sws/autoware/install/autoware_auto_mapping_msgs/local/lib/python3.10/dist-packages:/home/sws/autoware/install/autoware_auto_geometry_msgs/local/lib/python3.10/dist-packages:/home/sws/autoware/install/autoware_auto_control_msgs/local/lib/python3.10/dist-packages:/home/sws/autoware/install/autoware_adapi_v1_msgs/local/lib/python3.10/dist-packages:${PYTHONPATH} /usr/bin/cmake --build /home/sws/autoware/build/pure_pursuit -- -j16 -l16
[107.298s] Invoking command in '/home/sws/autoware/build/pure_pursuit': AMENT_PREFIX_PATH=/home/sws/autoware/install/trajectory_follower_base:/home/sws/autoware/install/motion_utils:/home/sws/autoware/install/vehicle_info_util:/home/sws/autoware/install/interpolation:/home/sws/autoware/install/tier4_autoware_utils:/home/sws/autoware/install/osqp_interface:/home/sws/autoware/install/autoware_auto_vehicle_msgs:/home/sws/autoware/install/autoware_cmake:/home/sws/autoware/install/autoware_auto_planning_msgs:/home/sws/autoware/install/autoware_auto_perception_msgs:/home/sws/autoware/install/tier4_debug_msgs:/home/sws/autoware/install/autoware_lint_common:/home/sws/autoware/install/autoware_auto_mapping_msgs:/home/sws/autoware/install/autoware_auto_geometry_msgs:/home/sws/autoware/install/autoware_auto_control_msgs:/home/sws/autoware/install/autoware_adapi_v1_msgs:${AMENT_PREFIX_PATH} CMAKE_PREFIX_PATH=/home/sws/autoware/install/trajectory_follower_base:/home/sws/autoware/install/motion_utils:/home/sws/autoware/install/vehicle_info_util:/home/sws/autoware/install/interpolation:/home/sws/autoware/install/tier4_autoware_utils:/home/sws/autoware/install/osqp_interface:/home/sws/autoware/install/autoware_auto_vehicle_msgs:/home/sws/autoware/install/autoware_cmake:/home/sws/autoware/install/autoware_auto_planning_msgs:/home/sws/autoware/install/autoware_auto_perception_msgs:/home/sws/autoware/install/tier4_debug_msgs:/home/sws/autoware/install/autoware_lint_common:/home/sws/autoware/install/autoware_auto_mapping_msgs:/home/sws/autoware/install/autoware_auto_geometry_msgs:/home/sws/autoware/install/autoware_auto_control_msgs:/home/sws/autoware/install/autoware_adapi_v1_msgs:/opt/ros/humble LD_LIBRARY_PATH=/home/sws/autoware/install/trajectory_follower_base/lib:/home/sws/autoware/install/motion_utils/lib:/home/sws/autoware/install/vehicle_info_util/lib:/home/sws/autoware/install/interpolation/lib:/home/sws/autoware/install/tier4_autoware_utils/lib:/home/sws/autoware/install/osqp_interface/lib:/home/sws/autoware/install/autoware_auto_vehicle_msgs/lib:/home/sws/autoware/install/autoware_auto_planning_msgs/lib:/home/sws/autoware/install/autoware_auto_perception_msgs/lib:/home/sws/autoware/install/tier4_debug_msgs/lib:/home/sws/autoware/install/autoware_auto_mapping_msgs/lib:/home/sws/autoware/install/autoware_auto_geometry_msgs/lib:/home/sws/autoware/install/autoware_auto_control_msgs/lib:/home/sws/autoware/install/autoware_adapi_v1_msgs/lib:${LD_LIBRARY_PATH} PYTHONPATH=/home/sws/autoware/install/autoware_auto_vehicle_msgs/local/lib/python3.10/dist-packages:/home/sws/autoware/install/autoware_auto_planning_msgs/local/lib/python3.10/dist-packages:/home/sws/autoware/install/autoware_auto_perception_msgs/local/lib/python3.10/dist-packages:/home/sws/autoware/install/tier4_debug_msgs/local/lib/python3.10/dist-packages:/home/sws/autoware/install/autoware_auto_mapping_msgs/local/lib/python3.10/dist-packages:/home/sws/autoware/install/autoware_auto_geometry_msgs/local/lib/python3.10/dist-packages:/home/sws/autoware/install/autoware_auto_control_msgs/local/lib/python3.10/dist-packages:/home/sws/autoware/install/autoware_adapi_v1_msgs/local/lib/python3.10/dist-packages:${PYTHONPATH} /usr/bin/cmake --install /home/sws/autoware/build/pure_pursuit
[111.841s] -- Install configuration: "Release"
[111.841s] -- Execute custom install script
[111.841s] -- Symlinking: /home/sws/autoware/install/pure_pursuit/lib/pure_pursuit/pure_pursuit_lateral_controller_exe
[111.842s] -- Symlinking: /home/sws/autoware/install/pure_pursuit/include/pure_pursuit/pure_pursuit.hpp
[111.842s] -- Symlinking: /home/sws/autoware/install/pure_pursuit/include/pure_pursuit/pure_pursuit_lateral_controller.hpp
[111.842s] -- Symlinking: /home/sws/autoware/install/pure_pursuit/include/pure_pursuit/pure_pursuit_node.hpp
[111.842s] -- Symlinking: /home/sws/autoware/install/pure_pursuit/include/pure_pursuit/pure_pursuit_viz.hpp
[111.842s] -- Symlinking: /home/sws/autoware/install/pure_pursuit/include/pure_pursuit/util/interpolate.hpp
[111.842s] -- Symlinking: /home/sws/autoware/install/pure_pursuit/include/pure_pursuit/util/marker_helper.hpp
[111.842s] -- Symlinking: /home/sws/autoware/install/pure_pursuit/include/pure_pursuit/util/planning_utils.hpp
[111.842s] -- Symlinking: /home/sws/autoware/install/pure_pursuit/include/pure_pursuit/util/tf_utils.hpp
[111.842s] -- Symlinking: /home/sws/autoware/install/pure_pursuit/share/pure_pursuit/environment/library_path.sh
[111.842s] -- Symlinking: /home/sws/autoware/install/pure_pursuit/share/pure_pursuit/environment/library_path.dsv
[111.843s] -- Symlinking: /home/sws/autoware/install/pure_pursuit/lib/libpure_pursuit_core.so
[111.843s] -- Symlinking: /home/sws/autoware/install/pure_pursuit/lib/libpure_pursuit_lateral_controller.so
[111.843s] -- Symlinking: /home/sws/autoware/install/pure_pursuit/share/pure_pursuit/launch/pure_pursuit.launch.xml
[111.843s] -- Symlinking: /home/sws/autoware/install/pure_pursuit/share/pure_pursuit/config/pure_pursuit.param.yaml
[111.843s] -- Symlinking: /home/sws/autoware/install/pure_pursuit/share/pure_pursuit/config/pure_pursuit_lateral_controller_plotjuggler_debug.xml
[111.843s] -- Symlinking: /home/sws/autoware/install/pure_pursuit/share/ament_index/resource_index/package_run_dependencies/pure_pursuit
[111.843s] -- Symlinking: /home/sws/autoware/install/pure_pursuit/share/ament_index/resource_index/parent_prefix_path/pure_pursuit
[111.843s] -- Symlinking: /home/sws/autoware/install/pure_pursuit/share/pure_pursuit/environment/ament_prefix_path.sh
[111.843s] -- Symlinking: /home/sws/autoware/install/pure_pursuit/share/pure_pursuit/environment/ament_prefix_path.dsv
[111.843s] -- Symlinking: /home/sws/autoware/install/pure_pursuit/share/pure_pursuit/environment/path.sh
[111.843s] -- Symlinking: /home/sws/autoware/install/pure_pursuit/share/pure_pursuit/environment/path.dsv
[111.844s] -- Symlinking: /home/sws/autoware/install/pure_pursuit/share/pure_pursuit/local_setup.bash
[111.844s] -- Symlinking: /home/sws/autoware/install/pure_pursuit/share/pure_pursuit/local_setup.sh
[111.844s] -- Symlinking: /home/sws/autoware/install/pure_pursuit/share/pure_pursuit/local_setup.zsh
[111.844s] -- Symlinking: /home/sws/autoware/install/pure_pursuit/share/pure_pursuit/local_setup.dsv
[111.844s] -- Symlinking: /home/sws/autoware/install/pure_pursuit/share/pure_pursuit/package.dsv
[111.844s] -- Symlinking: /home/sws/autoware/install/pure_pursuit/share/ament_index/resource_index/packages/pure_pursuit
[111.844s] -- Symlinking: /home/sws/autoware/install/pure_pursuit/share/ament_index/resource_index/rclcpp_components/pure_pursuit
[111.844s] -- Symlinking: /home/sws/autoware/install/pure_pursuit/share/pure_pursuit/cmake/ament_cmake_export_dependencies-extras.cmake
[111.844s] -- Symlinking: /home/sws/autoware/install/pure_pursuit/share/pure_pursuit/cmake/ament_cmake_export_include_directories-extras.cmake
[111.844s] -- Symlinking: /home/sws/autoware/install/pure_pursuit/share/pure_pursuit/cmake/ament_cmake_export_libraries-extras.cmake
[111.845s] -- Symlinking: /home/sws/autoware/install/pure_pursuit/share/pure_pursuit/cmake/pure_pursuitConfig.cmake
[111.845s] -- Symlinking: /home/sws/autoware/install/pure_pursuit/share/pure_pursuit/cmake/pure_pursuitConfig-version.cmake
[111.845s] -- Symlinking: /home/sws/autoware/install/pure_pursuit/share/pure_pursuit/package.xml
[111.878s] Invoked command in '/home/sws/autoware/build/pure_pursuit' returned '0': AMENT_PREFIX_PATH=/home/sws/autoware/install/trajectory_follower_base:/home/sws/autoware/install/motion_utils:/home/sws/autoware/install/vehicle_info_util:/home/sws/autoware/install/interpolation:/home/sws/autoware/install/tier4_autoware_utils:/home/sws/autoware/install/osqp_interface:/home/sws/autoware/install/autoware_auto_vehicle_msgs:/home/sws/autoware/install/autoware_cmake:/home/sws/autoware/install/autoware_auto_planning_msgs:/home/sws/autoware/install/autoware_auto_perception_msgs:/home/sws/autoware/install/tier4_debug_msgs:/home/sws/autoware/install/autoware_lint_common:/home/sws/autoware/install/autoware_auto_mapping_msgs:/home/sws/autoware/install/autoware_auto_geometry_msgs:/home/sws/autoware/install/autoware_auto_control_msgs:/home/sws/autoware/install/autoware_adapi_v1_msgs:${AMENT_PREFIX_PATH} CMAKE_PREFIX_PATH=/home/sws/autoware/install/trajectory_follower_base:/home/sws/autoware/install/motion_utils:/home/sws/autoware/install/vehicle_info_util:/home/sws/autoware/install/interpolation:/home/sws/autoware/install/tier4_autoware_utils:/home/sws/autoware/install/osqp_interface:/home/sws/autoware/install/autoware_auto_vehicle_msgs:/home/sws/autoware/install/autoware_cmake:/home/sws/autoware/install/autoware_auto_planning_msgs:/home/sws/autoware/install/autoware_auto_perception_msgs:/home/sws/autoware/install/tier4_debug_msgs:/home/sws/autoware/install/autoware_lint_common:/home/sws/autoware/install/autoware_auto_mapping_msgs:/home/sws/autoware/install/autoware_auto_geometry_msgs:/home/sws/autoware/install/autoware_auto_control_msgs:/home/sws/autoware/install/autoware_adapi_v1_msgs:/opt/ros/humble LD_LIBRARY_PATH=/home/sws/autoware/install/trajectory_follower_base/lib:/home/sws/autoware/install/motion_utils/lib:/home/sws/autoware/install/vehicle_info_util/lib:/home/sws/autoware/install/interpolation/lib:/home/sws/autoware/install/tier4_autoware_utils/lib:/home/sws/autoware/install/osqp_interface/lib:/home/sws/autoware/install/autoware_auto_vehicle_msgs/lib:/home/sws/autoware/install/autoware_auto_planning_msgs/lib:/home/sws/autoware/install/autoware_auto_perception_msgs/lib:/home/sws/autoware/install/tier4_debug_msgs/lib:/home/sws/autoware/install/autoware_auto_mapping_msgs/lib:/home/sws/autoware/install/autoware_auto_geometry_msgs/lib:/home/sws/autoware/install/autoware_auto_control_msgs/lib:/home/sws/autoware/install/autoware_adapi_v1_msgs/lib:${LD_LIBRARY_PATH} PYTHONPATH=/home/sws/autoware/install/autoware_auto_vehicle_msgs/local/lib/python3.10/dist-packages:/home/sws/autoware/install/autoware_auto_planning_msgs/local/lib/python3.10/dist-packages:/home/sws/autoware/install/autoware_auto_perception_msgs/local/lib/python3.10/dist-packages:/home/sws/autoware/install/tier4_debug_msgs/local/lib/python3.10/dist-packages:/home/sws/autoware/install/autoware_auto_mapping_msgs/local/lib/python3.10/dist-packages:/home/sws/autoware/install/autoware_auto_geometry_msgs/local/lib/python3.10/dist-packages:/home/sws/autoware/install/autoware_auto_control_msgs/local/lib/python3.10/dist-packages:/home/sws/autoware/install/autoware_adapi_v1_msgs/local/lib/python3.10/dist-packages:${PYTHONPATH} /usr/bin/cmake --install /home/sws/autoware/build/pure_pursuit
