[0.098s] Invoking command in '/home/sws/autoware/build/tier4_planning_rviz_plugin': AMENT_PREFIX_PATH=/home/sws/autoware/install/motion_utils:/home/sws/autoware/install/vehicle_info_util:/home/sws/autoware/install/interpolation:/home/sws/autoware/install/tier4_autoware_utils:/home/sws/autoware/install/autoware_auto_vehicle_msgs:/home/sws/autoware/install/autoware_planning_msgs:/home/sws/autoware/install/autoware_cmake:/home/sws/autoware/install/autoware_auto_planning_msgs:/home/sws/autoware/install/autoware_auto_perception_msgs:/home/sws/autoware/install/tier4_planning_msgs:/home/sws/autoware/install/tier4_debug_msgs:/home/sws/autoware/install/autoware_lint_common:/home/sws/autoware/install/autoware_common_msgs:/home/sws/autoware/install/autoware_auto_mapping_msgs:/home/sws/autoware/install/autoware_auto_geometry_msgs:${AMENT_PREFIX_PATH} CMAKE_PREFIX_PATH=/home/sws/autoware/install/motion_utils:/home/sws/autoware/install/vehicle_info_util:/home/sws/autoware/install/interpolation:/home/sws/autoware/install/tier4_autoware_utils:/home/sws/autoware/install/autoware_auto_vehicle_msgs:/home/sws/autoware/install/autoware_planning_msgs:/home/sws/autoware/install/autoware_cmake:/home/sws/autoware/install/autoware_auto_planning_msgs:/home/sws/autoware/install/autoware_auto_perception_msgs:/home/sws/autoware/install/tier4_planning_msgs:/home/sws/autoware/install/tier4_debug_msgs:/home/sws/autoware/install/autoware_lint_common:/home/sws/autoware/install/autoware_common_msgs:/home/sws/autoware/install/autoware_auto_mapping_msgs:/home/sws/autoware/install/autoware_auto_geometry_msgs:/opt/ros/humble LD_LIBRARY_PATH=/home/sws/autoware/install/motion_utils/lib:/home/sws/autoware/install/vehicle_info_util/lib:/home/sws/autoware/install/interpolation/lib:/home/sws/autoware/install/tier4_autoware_utils/lib:/home/sws/autoware/install/autoware_auto_vehicle_msgs/lib:/home/sws/autoware/install/autoware_planning_msgs/lib:/home/sws/autoware/install/autoware_auto_planning_msgs/lib:/home/sws/autoware/install/autoware_auto_perception_msgs/lib:/home/sws/autoware/install/tier4_planning_msgs/lib:/home/sws/autoware/install/tier4_debug_msgs/lib:/home/sws/autoware/install/autoware_common_msgs/lib:/home/sws/autoware/install/autoware_auto_mapping_msgs/lib:/home/sws/autoware/install/autoware_auto_geometry_msgs/lib:${LD_LIBRARY_PATH} PYTHONPATH=/home/sws/autoware/install/autoware_auto_vehicle_msgs/local/lib/python3.10/dist-packages:/home/sws/autoware/install/autoware_planning_msgs/local/lib/python3.10/dist-packages:/home/sws/autoware/install/autoware_auto_planning_msgs/local/lib/python3.10/dist-packages:/home/sws/autoware/install/autoware_auto_perception_msgs/local/lib/python3.10/dist-packages:/home/sws/autoware/install/tier4_planning_msgs/local/lib/python3.10/dist-packages:/home/sws/autoware/install/tier4_debug_msgs/local/lib/python3.10/dist-packages:/home/sws/autoware/install/autoware_common_msgs/local/lib/python3.10/dist-packages:/home/sws/autoware/install/autoware_auto_mapping_msgs/local/lib/python3.10/dist-packages:/home/sws/autoware/install/autoware_auto_geometry_msgs/local/lib/python3.10/dist-packages:${PYTHONPATH} /usr/bin/cmake /home/sws/autoware/src/universe/autoware.universe/common/tier4_planning_rviz_plugin -DCMAKE_BUILD_TYPE=Release -DAMENT_CMAKE_SYMLINK_INSTALL=1 -DCMAKE_INSTALL_PREFIX=/home/sws/autoware/install/tier4_planning_rviz_plugin
[22.744s] -- The C compiler identification is GNU 11.3.0
[22.744s] -- The CXX compiler identification is GNU 11.3.0
[22.744s] -- Detecting C compiler ABI info
[22.745s] -- Detecting C compiler ABI info - done
[22.745s] -- Check for working C compiler: /usr/bin/cc - skipped
[22.745s] -- Detecting C compile features
[22.745s] -- Detecting C compile features - done
[22.745s] -- Detecting CXX compiler ABI info
[22.745s] -- Detecting CXX compiler ABI info - done
[22.745s] -- Check for working CXX compiler: /usr/bin/c++ - skipped
[22.745s] -- Detecting CXX compile features
[22.745s] -- Detecting CXX compile features - done
[22.745s] -- Found autoware_cmake: 0.1.0 (/home/sws/autoware/install/autoware_cmake/share/autoware_cmake/cmake)
[22.746s] -- Found Python3: /usr/bin/python3.10 (found version "3.10.6") found components: Interpreter 
[22.746s] -- Override CMake install command with custom implementation using symlinks instead of copying resources
[22.746s] -- Found rosidl_generator_c: 3.1.4 (/opt/ros/humble/share/rosidl_generator_c/cmake)
[22.746s] -- Found rosidl_adapter: 3.1.4 (/opt/ros/humble/share/rosidl_adapter/cmake)
[22.746s] -- Found rosidl_generator_cpp: 3.1.4 (/opt/ros/humble/share/rosidl_generator_cpp/cmake)
[22.746s] -- Using all available rosidl_typesupport_c: rosidl_typesupport_fastrtps_c;rosidl_typesupport_introspection_c
[22.746s] -- Using all available rosidl_typesupport_cpp: rosidl_typesupport_fastrtps_cpp;rosidl_typesupport_introspection_cpp
[22.746s] -- Found rmw_implementation_cmake: 6.1.1 (/opt/ros/humble/share/rmw_implementation_cmake/cmake)
[22.746s] -- Found rmw_fastrtps_cpp: 6.2.2 (/opt/ros/humble/share/rmw_fastrtps_cpp/cmake)
[22.746s] -- Found OpenSSL: /usr/lib/x86_64-linux-gnu/libcrypto.so (found version "3.0.2")  
[22.746s] -- Found FastRTPS: /opt/ros/humble/include  
[22.747s] -- Using RMW implementation 'rmw_fastrtps_cpp' as default
[22.747s] -- Looking for pthread.h
[22.747s] -- Looking for pthread.h - found
[22.747s] -- Performing Test CMAKE_HAVE_LIBC_PTHREAD
[22.747s] -- Performing Test CMAKE_HAVE_LIBC_PTHREAD - Success
[22.747s] -- Found Threads: TRUE  
[22.747s] -- Found eigen3_cmake_module: 0.1.1 (/opt/ros/humble/share/eigen3_cmake_module/cmake)
[22.748s] -- Found Eigen3: TRUE (found version "3.4.0") 
[22.748s] -- Ensuring Eigen3 include directory is part of orocos-kdl CMake target
[22.748s] -- Setting OGRE_DIR to: '/opt/ros/humble/share/rviz_ogre_vendor/cmake/../../../opt/rviz_ogre_vendor/lib/OGRE/cmake'
[22.748s] -- Found OGRE
[22.748s] --   static     : OFF
[22.748s] --   components : HLMS;MeshLodGenerator;Overlay;Paging;Property;RTShaderSystem;Terrain;Volume
[22.748s] --   plugins    : Plugin_BSPSceneManager;Plugin_OctreeSceneManager;Plugin_PCZSceneManager;Plugin_ParticleFX;RenderSystem_GL;RenderSystem_GL3Plus;Codec_STBI
[22.748s] --   media      : /opt/ros/humble/opt/rviz_ogre_vendor/share/OGRE/Media
[22.748s] -- OGRE_LIBRARIES: OgreHLMS;OgreMeshLodGenerator;OgreOverlay;OgrePaging;OgreProperty;OgreRTShaderSystem;OgreTerrain;OgreVolume;OgreMain
[22.748s] -- OGRE_LIBRARY_DIRS: /opt/ros/humble/opt/rviz_ogre_vendor/lib
[22.748s] -- OGRE_PLUGINS: Plugin_BSPSceneManager;Plugin_OctreeSceneManager;Plugin_PCZSceneManager;Plugin_ParticleFX;RenderSystem_GL;RenderSystem_GL3Plus;Codec_STBI
[22.748s] -- OGRE_PLUGIN_DIR: /opt/ros/humble/opt/rviz_ogre_vendor/lib/OGRE
[22.748s] -- rviz_ogre_vendor::OgreOverlay for IMPORTED_LOCATION_RELEASE: /opt/ros/humble/opt/rviz_ogre_vendor/lib/libOgreOverlay.so
[22.748s] -- rviz_ogre_vendor::OgreOverlay for IMPORTED_LOCATION_DEBUG: /opt/ros/humble/opt/rviz_ogre_vendor/lib/libOgreOverlay.so
[22.749s] -- rviz_ogre_vendor::OgreMain for IMPORTED_LOCATION_RELEASE: /opt/ros/humble/opt/rviz_ogre_vendor/lib/libOgreMain.so
[22.749s] -- rviz_ogre_vendor::OgreMain for IMPORTED_LOCATION_DEBUG: /opt/ros/humble/opt/rviz_ogre_vendor/lib/libOgreMain.so
[22.749s] -- Could not find freeimage library
[22.749s] -- Found ZLIB: /usr/lib/x86_64-linux-gnu/libz.so (found version "1.2.11") 
[22.749s] -- Found OpenGL: /usr/lib/x86_64-linux-gnu/libOpenGL.so   
[22.749s] -- Found X11: /usr/include   
[22.749s] -- Looking for XOpenDisplay in /usr/lib/x86_64-linux-gnu/libX11.so;/usr/lib/x86_64-linux-gnu/libXext.so
[22.749s] -- Looking for XOpenDisplay in /usr/lib/x86_64-linux-gnu/libX11.so;/usr/lib/x86_64-linux-gnu/libXext.so - found
[22.749s] -- Looking for gethostbyname
[22.749s] -- Looking for gethostbyname - found
[22.749s] -- Looking for connect
[22.749s] -- Looking for connect - found
[22.749s] -- Looking for remove
[22.750s] -- Looking for remove - found
[22.750s] -- Looking for shmat
[22.750s] -- Looking for shmat - found
[22.750s] -- Looking for IceConnectionNumber in ICE
[22.750s] -- Looking for IceConnectionNumber in ICE - found
[22.750s] -- rviz_ogre_vendor::RenderSystem_GL for IMPORTED_LOCATION_RELEASE: _render_system_gl_static_library_abs-NOTFOUND
[22.750s] -- rviz_ogre_vendor::RenderSystem_GL for IMPORTED_LOCATION_DEBUG: _render_system_gl_static_library_abs-NOTFOUND
[22.750s] -- library: /usr/lib/x86_64-linux-gnu/libcurl.so
[22.750s] -- Found ament_lint_auto: 0.12.5 (/opt/ros/humble/share/ament_lint_auto/cmake)
[22.750s] -- Added test 'copyright' to check source files copyright and LICENSE
[22.750s] -- Added test 'cppcheck' to perform static code analysis on C / C++ code
[22.750s] -- Configured cppcheck include dirs: /home/sws/autoware/src/universe/autoware.universe/common/tier4_planning_rviz_plugin/include
[22.750s] -- Configured cppcheck exclude dirs and/or files: 
[22.751s] -- Added test 'lint_cmake' to check CMake code style
[22.751s] -- Added test 'xmllint' to check XML markup files
[22.751s] -- Configuring done
[22.751s] -- Generating done
[22.751s] -- Build files have been written to: /home/sws/autoware/build/tier4_planning_rviz_plugin
[22.778s] Invoked command in '/home/sws/autoware/build/tier4_planning_rviz_plugin' returned '0': AMENT_PREFIX_PATH=/home/sws/autoware/install/motion_utils:/home/sws/autoware/install/vehicle_info_util:/home/sws/autoware/install/interpolation:/home/sws/autoware/install/tier4_autoware_utils:/home/sws/autoware/install/autoware_auto_vehicle_msgs:/home/sws/autoware/install/autoware_planning_msgs:/home/sws/autoware/install/autoware_cmake:/home/sws/autoware/install/autoware_auto_planning_msgs:/home/sws/autoware/install/autoware_auto_perception_msgs:/home/sws/autoware/install/tier4_planning_msgs:/home/sws/autoware/install/tier4_debug_msgs:/home/sws/autoware/install/autoware_lint_common:/home/sws/autoware/install/autoware_common_msgs:/home/sws/autoware/install/autoware_auto_mapping_msgs:/home/sws/autoware/install/autoware_auto_geometry_msgs:${AMENT_PREFIX_PATH} CMAKE_PREFIX_PATH=/home/sws/autoware/install/motion_utils:/home/sws/autoware/install/vehicle_info_util:/home/sws/autoware/install/interpolation:/home/sws/autoware/install/tier4_autoware_utils:/home/sws/autoware/install/autoware_auto_vehicle_msgs:/home/sws/autoware/install/autoware_planning_msgs:/home/sws/autoware/install/autoware_cmake:/home/sws/autoware/install/autoware_auto_planning_msgs:/home/sws/autoware/install/autoware_auto_perception_msgs:/home/sws/autoware/install/tier4_planning_msgs:/home/sws/autoware/install/tier4_debug_msgs:/home/sws/autoware/install/autoware_lint_common:/home/sws/autoware/install/autoware_common_msgs:/home/sws/autoware/install/autoware_auto_mapping_msgs:/home/sws/autoware/install/autoware_auto_geometry_msgs:/opt/ros/humble LD_LIBRARY_PATH=/home/sws/autoware/install/motion_utils/lib:/home/sws/autoware/install/vehicle_info_util/lib:/home/sws/autoware/install/interpolation/lib:/home/sws/autoware/install/tier4_autoware_utils/lib:/home/sws/autoware/install/autoware_auto_vehicle_msgs/lib:/home/sws/autoware/install/autoware_planning_msgs/lib:/home/sws/autoware/install/autoware_auto_planning_msgs/lib:/home/sws/autoware/install/autoware_auto_perception_msgs/lib:/home/sws/autoware/install/tier4_planning_msgs/lib:/home/sws/autoware/install/tier4_debug_msgs/lib:/home/sws/autoware/install/autoware_common_msgs/lib:/home/sws/autoware/install/autoware_auto_mapping_msgs/lib:/home/sws/autoware/install/autoware_auto_geometry_msgs/lib:${LD_LIBRARY_PATH} PYTHONPATH=/home/sws/autoware/install/autoware_auto_vehicle_msgs/local/lib/python3.10/dist-packages:/home/sws/autoware/install/autoware_planning_msgs/local/lib/python3.10/dist-packages:/home/sws/autoware/install/autoware_auto_planning_msgs/local/lib/python3.10/dist-packages:/home/sws/autoware/install/autoware_auto_perception_msgs/local/lib/python3.10/dist-packages:/home/sws/autoware/install/tier4_planning_msgs/local/lib/python3.10/dist-packages:/home/sws/autoware/install/tier4_debug_msgs/local/lib/python3.10/dist-packages:/home/sws/autoware/install/autoware_common_msgs/local/lib/python3.10/dist-packages:/home/sws/autoware/install/autoware_auto_mapping_msgs/local/lib/python3.10/dist-packages:/home/sws/autoware/install/autoware_auto_geometry_msgs/local/lib/python3.10/dist-packages:${PYTHONPATH} /usr/bin/cmake /home/sws/autoware/src/universe/autoware.universe/common/tier4_planning_rviz_plugin -DCMAKE_BUILD_TYPE=Release -DAMENT_CMAKE_SYMLINK_INSTALL=1 -DCMAKE_INSTALL_PREFIX=/home/sws/autoware/install/tier4_planning_rviz_plugin
[22.781s] Invoking command in '/home/sws/autoware/build/tier4_planning_rviz_plugin': AMENT_PREFIX_PATH=/home/sws/autoware/install/motion_utils:/home/sws/autoware/install/vehicle_info_util:/home/sws/autoware/install/interpolation:/home/sws/autoware/install/tier4_autoware_utils:/home/sws/autoware/install/autoware_auto_vehicle_msgs:/home/sws/autoware/install/autoware_planning_msgs:/home/sws/autoware/install/autoware_cmake:/home/sws/autoware/install/autoware_auto_planning_msgs:/home/sws/autoware/install/autoware_auto_perception_msgs:/home/sws/autoware/install/tier4_planning_msgs:/home/sws/autoware/install/tier4_debug_msgs:/home/sws/autoware/install/autoware_lint_common:/home/sws/autoware/install/autoware_common_msgs:/home/sws/autoware/install/autoware_auto_mapping_msgs:/home/sws/autoware/install/autoware_auto_geometry_msgs:${AMENT_PREFIX_PATH} CMAKE_PREFIX_PATH=/home/sws/autoware/install/motion_utils:/home/sws/autoware/install/vehicle_info_util:/home/sws/autoware/install/interpolation:/home/sws/autoware/install/tier4_autoware_utils:/home/sws/autoware/install/autoware_auto_vehicle_msgs:/home/sws/autoware/install/autoware_planning_msgs:/home/sws/autoware/install/autoware_cmake:/home/sws/autoware/install/autoware_auto_planning_msgs:/home/sws/autoware/install/autoware_auto_perception_msgs:/home/sws/autoware/install/tier4_planning_msgs:/home/sws/autoware/install/tier4_debug_msgs:/home/sws/autoware/install/autoware_lint_common:/home/sws/autoware/install/autoware_common_msgs:/home/sws/autoware/install/autoware_auto_mapping_msgs:/home/sws/autoware/install/autoware_auto_geometry_msgs:/opt/ros/humble LD_LIBRARY_PATH=/home/sws/autoware/install/motion_utils/lib:/home/sws/autoware/install/vehicle_info_util/lib:/home/sws/autoware/install/interpolation/lib:/home/sws/autoware/install/tier4_autoware_utils/lib:/home/sws/autoware/install/autoware_auto_vehicle_msgs/lib:/home/sws/autoware/install/autoware_planning_msgs/lib:/home/sws/autoware/install/autoware_auto_planning_msgs/lib:/home/sws/autoware/install/autoware_auto_perception_msgs/lib:/home/sws/autoware/install/tier4_planning_msgs/lib:/home/sws/autoware/install/tier4_debug_msgs/lib:/home/sws/autoware/install/autoware_common_msgs/lib:/home/sws/autoware/install/autoware_auto_mapping_msgs/lib:/home/sws/autoware/install/autoware_auto_geometry_msgs/lib:${LD_LIBRARY_PATH} PYTHONPATH=/home/sws/autoware/install/autoware_auto_vehicle_msgs/local/lib/python3.10/dist-packages:/home/sws/autoware/install/autoware_planning_msgs/local/lib/python3.10/dist-packages:/home/sws/autoware/install/autoware_auto_planning_msgs/local/lib/python3.10/dist-packages:/home/sws/autoware/install/autoware_auto_perception_msgs/local/lib/python3.10/dist-packages:/home/sws/autoware/install/tier4_planning_msgs/local/lib/python3.10/dist-packages:/home/sws/autoware/install/tier4_debug_msgs/local/lib/python3.10/dist-packages:/home/sws/autoware/install/autoware_common_msgs/local/lib/python3.10/dist-packages:/home/sws/autoware/install/autoware_auto_mapping_msgs/local/lib/python3.10/dist-packages:/home/sws/autoware/install/autoware_auto_geometry_msgs/local/lib/python3.10/dist-packages:${PYTHONPATH} /usr/bin/cmake --build /home/sws/autoware/build/tier4_planning_rviz_plugin -- -j16 -l16
[50.736s] [ 12%] [34m[1mAutomatic MOC for target tier4_planning_rviz_plugin[0m
[50.737s] [ 12%] Built target tier4_planning_rviz_plugin_autogen
[50.737s] [ 25%] [32mBuilding CXX object CMakeFiles/tier4_planning_rviz_plugin.dir/tier4_planning_rviz_plugin_autogen/mocs_compilation.cpp.o[0m
[83.867s] [ 37%] [32mBuilding CXX object CMakeFiles/tier4_planning_rviz_plugin.dir/src/tools/max_velocity.cpp.o[0m
[105.194s] [ 50%] [32mBuilding CXX object CMakeFiles/tier4_planning_rviz_plugin.dir/src/tools/jsk_overlay_utils.cpp.o[0m
[112.034s] [ 62%] [32mBuilding CXX object CMakeFiles/tier4_planning_rviz_plugin.dir/src/mission_checkpoint/mission_checkpoint.cpp.o[0m
[112.049s] [ 75%] [32mBuilding CXX object CMakeFiles/tier4_planning_rviz_plugin.dir/src/pose_with_uuid_stamped/display.cpp.o[0m
[135.173s] [ 87%] [32mBuilding CXX object CMakeFiles/tier4_planning_rviz_plugin.dir/src/path/display.cpp.o[0m
[175.972s] [100%] [32m[1mLinking CXX shared library libtier4_planning_rviz_plugin.so[0m
[178.397s] [100%] Built target tier4_planning_rviz_plugin
[178.416s] Invoked command in '/home/sws/autoware/build/tier4_planning_rviz_plugin' returned '0': AMENT_PREFIX_PATH=/home/sws/autoware/install/motion_utils:/home/sws/autoware/install/vehicle_info_util:/home/sws/autoware/install/interpolation:/home/sws/autoware/install/tier4_autoware_utils:/home/sws/autoware/install/autoware_auto_vehicle_msgs:/home/sws/autoware/install/autoware_planning_msgs:/home/sws/autoware/install/autoware_cmake:/home/sws/autoware/install/autoware_auto_planning_msgs:/home/sws/autoware/install/autoware_auto_perception_msgs:/home/sws/autoware/install/tier4_planning_msgs:/home/sws/autoware/install/tier4_debug_msgs:/home/sws/autoware/install/autoware_lint_common:/home/sws/autoware/install/autoware_common_msgs:/home/sws/autoware/install/autoware_auto_mapping_msgs:/home/sws/autoware/install/autoware_auto_geometry_msgs:${AMENT_PREFIX_PATH} CMAKE_PREFIX_PATH=/home/sws/autoware/install/motion_utils:/home/sws/autoware/install/vehicle_info_util:/home/sws/autoware/install/interpolation:/home/sws/autoware/install/tier4_autoware_utils:/home/sws/autoware/install/autoware_auto_vehicle_msgs:/home/sws/autoware/install/autoware_planning_msgs:/home/sws/autoware/install/autoware_cmake:/home/sws/autoware/install/autoware_auto_planning_msgs:/home/sws/autoware/install/autoware_auto_perception_msgs:/home/sws/autoware/install/tier4_planning_msgs:/home/sws/autoware/install/tier4_debug_msgs:/home/sws/autoware/install/autoware_lint_common:/home/sws/autoware/install/autoware_common_msgs:/home/sws/autoware/install/autoware_auto_mapping_msgs:/home/sws/autoware/install/autoware_auto_geometry_msgs:/opt/ros/humble LD_LIBRARY_PATH=/home/sws/autoware/install/motion_utils/lib:/home/sws/autoware/install/vehicle_info_util/lib:/home/sws/autoware/install/interpolation/lib:/home/sws/autoware/install/tier4_autoware_utils/lib:/home/sws/autoware/install/autoware_auto_vehicle_msgs/lib:/home/sws/autoware/install/autoware_planning_msgs/lib:/home/sws/autoware/install/autoware_auto_planning_msgs/lib:/home/sws/autoware/install/autoware_auto_perception_msgs/lib:/home/sws/autoware/install/tier4_planning_msgs/lib:/home/sws/autoware/install/tier4_debug_msgs/lib:/home/sws/autoware/install/autoware_common_msgs/lib:/home/sws/autoware/install/autoware_auto_mapping_msgs/lib:/home/sws/autoware/install/autoware_auto_geometry_msgs/lib:${LD_LIBRARY_PATH} PYTHONPATH=/home/sws/autoware/install/autoware_auto_vehicle_msgs/local/lib/python3.10/dist-packages:/home/sws/autoware/install/autoware_planning_msgs/local/lib/python3.10/dist-packages:/home/sws/autoware/install/autoware_auto_planning_msgs/local/lib/python3.10/dist-packages:/home/sws/autoware/install/autoware_auto_perception_msgs/local/lib/python3.10/dist-packages:/home/sws/autoware/install/tier4_planning_msgs/local/lib/python3.10/dist-packages:/home/sws/autoware/install/tier4_debug_msgs/local/lib/python3.10/dist-packages:/home/sws/autoware/install/autoware_common_msgs/local/lib/python3.10/dist-packages:/home/sws/autoware/install/autoware_auto_mapping_msgs/local/lib/python3.10/dist-packages:/home/sws/autoware/install/autoware_auto_geometry_msgs/local/lib/python3.10/dist-packages:${PYTHONPATH} /usr/bin/cmake --build /home/sws/autoware/build/tier4_planning_rviz_plugin -- -j16 -l16
[178.458s] Invoking command in '/home/sws/autoware/build/tier4_planning_rviz_plugin': AMENT_PREFIX_PATH=/home/sws/autoware/install/motion_utils:/home/sws/autoware/install/vehicle_info_util:/home/sws/autoware/install/interpolation:/home/sws/autoware/install/tier4_autoware_utils:/home/sws/autoware/install/autoware_auto_vehicle_msgs:/home/sws/autoware/install/autoware_planning_msgs:/home/sws/autoware/install/autoware_cmake:/home/sws/autoware/install/autoware_auto_planning_msgs:/home/sws/autoware/install/autoware_auto_perception_msgs:/home/sws/autoware/install/tier4_planning_msgs:/home/sws/autoware/install/tier4_debug_msgs:/home/sws/autoware/install/autoware_lint_common:/home/sws/autoware/install/autoware_common_msgs:/home/sws/autoware/install/autoware_auto_mapping_msgs:/home/sws/autoware/install/autoware_auto_geometry_msgs:${AMENT_PREFIX_PATH} CMAKE_PREFIX_PATH=/home/sws/autoware/install/motion_utils:/home/sws/autoware/install/vehicle_info_util:/home/sws/autoware/install/interpolation:/home/sws/autoware/install/tier4_autoware_utils:/home/sws/autoware/install/autoware_auto_vehicle_msgs:/home/sws/autoware/install/autoware_planning_msgs:/home/sws/autoware/install/autoware_cmake:/home/sws/autoware/install/autoware_auto_planning_msgs:/home/sws/autoware/install/autoware_auto_perception_msgs:/home/sws/autoware/install/tier4_planning_msgs:/home/sws/autoware/install/tier4_debug_msgs:/home/sws/autoware/install/autoware_lint_common:/home/sws/autoware/install/autoware_common_msgs:/home/sws/autoware/install/autoware_auto_mapping_msgs:/home/sws/autoware/install/autoware_auto_geometry_msgs:/opt/ros/humble LD_LIBRARY_PATH=/home/sws/autoware/install/motion_utils/lib:/home/sws/autoware/install/vehicle_info_util/lib:/home/sws/autoware/install/interpolation/lib:/home/sws/autoware/install/tier4_autoware_utils/lib:/home/sws/autoware/install/autoware_auto_vehicle_msgs/lib:/home/sws/autoware/install/autoware_planning_msgs/lib:/home/sws/autoware/install/autoware_auto_planning_msgs/lib:/home/sws/autoware/install/autoware_auto_perception_msgs/lib:/home/sws/autoware/install/tier4_planning_msgs/lib:/home/sws/autoware/install/tier4_debug_msgs/lib:/home/sws/autoware/install/autoware_common_msgs/lib:/home/sws/autoware/install/autoware_auto_mapping_msgs/lib:/home/sws/autoware/install/autoware_auto_geometry_msgs/lib:${LD_LIBRARY_PATH} PYTHONPATH=/home/sws/autoware/install/autoware_auto_vehicle_msgs/local/lib/python3.10/dist-packages:/home/sws/autoware/install/autoware_planning_msgs/local/lib/python3.10/dist-packages:/home/sws/autoware/install/autoware_auto_planning_msgs/local/lib/python3.10/dist-packages:/home/sws/autoware/install/autoware_auto_perception_msgs/local/lib/python3.10/dist-packages:/home/sws/autoware/install/tier4_planning_msgs/local/lib/python3.10/dist-packages:/home/sws/autoware/install/tier4_debug_msgs/local/lib/python3.10/dist-packages:/home/sws/autoware/install/autoware_common_msgs/local/lib/python3.10/dist-packages:/home/sws/autoware/install/autoware_auto_mapping_msgs/local/lib/python3.10/dist-packages:/home/sws/autoware/install/autoware_auto_geometry_msgs/local/lib/python3.10/dist-packages:${PYTHONPATH} /usr/bin/cmake --install /home/sws/autoware/build/tier4_planning_rviz_plugin
[178.469s] -- Install configuration: "Release"
[178.470s] -- Execute custom install script
[178.474s] -- Symlinking: /home/sws/autoware/install/tier4_planning_rviz_plugin/share/tier4_planning_rviz_plugin/plugins/plugin_description.xml
[178.485s] -- Symlinking: /home/sws/autoware/install/tier4_planning_rviz_plugin/include/mission_checkpoint/mission_checkpoint.hpp
[178.498s] -- Symlinking: /home/sws/autoware/install/tier4_planning_rviz_plugin/include/path/display.hpp
[178.511s] -- Symlinking: /home/sws/autoware/install/tier4_planning_rviz_plugin/include/path/display_base.hpp
[178.524s] -- Symlinking: /home/sws/autoware/install/tier4_planning_rviz_plugin/include/pose_with_uuid_stamped/display.hpp
[178.536s] -- Symlinking: /home/sws/autoware/install/tier4_planning_rviz_plugin/include/utils.hpp
[178.550s] -- Symlinking: /home/sws/autoware/install/tier4_planning_rviz_plugin/share/tier4_planning_rviz_plugin/environment/library_path.sh
[178.563s] -- Symlinking: /home/sws/autoware/install/tier4_planning_rviz_plugin/share/tier4_planning_rviz_plugin/environment/library_path.dsv
[178.576s] -- Symlinking: /home/sws/autoware/install/tier4_planning_rviz_plugin/lib/libtier4_planning_rviz_plugin.so
[178.590s] -- Symlinking: /home/sws/autoware/install/tier4_planning_rviz_plugin/share/tier4_planning_rviz_plugin/icons/classes/DrivableArea.png
[178.603s] -- Symlinking: /home/sws/autoware/install/tier4_planning_rviz_plugin/share/tier4_planning_rviz_plugin/icons/classes/MaxVelocity.png
[178.618s] -- Symlinking: /home/sws/autoware/install/tier4_planning_rviz_plugin/share/tier4_planning_rviz_plugin/icons/classes/MissionCheckpointTool.png
[178.632s] -- Symlinking: /home/sws/autoware/install/tier4_planning_rviz_plugin/share/tier4_planning_rviz_plugin/icons/classes/Path.png
[178.645s] -- Symlinking: /home/sws/autoware/install/tier4_planning_rviz_plugin/share/tier4_planning_rviz_plugin/icons/classes/PathFootprint.png
[178.658s] -- Symlinking: /home/sws/autoware/install/tier4_planning_rviz_plugin/share/tier4_planning_rviz_plugin/icons/classes/PathWithLaneId.png
[178.675s] -- Symlinking: /home/sws/autoware/install/tier4_planning_rviz_plugin/share/tier4_planning_rviz_plugin/icons/classes/PathWithLaneIdFootprint.png
[178.688s] -- Symlinking: /home/sws/autoware/install/tier4_planning_rviz_plugin/share/tier4_planning_rviz_plugin/icons/classes/PoseWithUuidStamped.png
[178.701s] -- Symlinking: /home/sws/autoware/install/tier4_planning_rviz_plugin/share/tier4_planning_rviz_plugin/icons/classes/Trajectory.png
[178.714s] -- Symlinking: /home/sws/autoware/install/tier4_planning_rviz_plugin/share/tier4_planning_rviz_plugin/icons/classes/TrajectoryFootprint.png
[178.727s] -- Up-to-date symlink: /home/sws/autoware/install/tier4_planning_rviz_plugin/share/tier4_planning_rviz_plugin/plugins/plugin_description.xml
[178.728s] -- Symlinking: /home/sws/autoware/install/tier4_planning_rviz_plugin/share/ament_index/resource_index/package_run_dependencies/tier4_planning_rviz_plugin
[178.741s] -- Symlinking: /home/sws/autoware/install/tier4_planning_rviz_plugin/share/ament_index/resource_index/parent_prefix_path/tier4_planning_rviz_plugin
[178.754s] -- Symlinking: /home/sws/autoware/install/tier4_planning_rviz_plugin/share/tier4_planning_rviz_plugin/environment/ament_prefix_path.sh
[178.768s] -- Symlinking: /home/sws/autoware/install/tier4_planning_rviz_plugin/share/tier4_planning_rviz_plugin/environment/ament_prefix_path.dsv
[178.786s] -- Symlinking: /home/sws/autoware/install/tier4_planning_rviz_plugin/share/tier4_planning_rviz_plugin/environment/path.sh
[178.799s] -- Symlinking: /home/sws/autoware/install/tier4_planning_rviz_plugin/share/tier4_planning_rviz_plugin/environment/path.dsv
[178.812s] -- Symlinking: /home/sws/autoware/install/tier4_planning_rviz_plugin/share/tier4_planning_rviz_plugin/local_setup.bash
[178.826s] -- Symlinking: /home/sws/autoware/install/tier4_planning_rviz_plugin/share/tier4_planning_rviz_plugin/local_setup.sh
[178.838s] -- Symlinking: /home/sws/autoware/install/tier4_planning_rviz_plugin/share/tier4_planning_rviz_plugin/local_setup.zsh
[178.851s] -- Symlinking: /home/sws/autoware/install/tier4_planning_rviz_plugin/share/tier4_planning_rviz_plugin/local_setup.dsv
[178.863s] -- Symlinking: /home/sws/autoware/install/tier4_planning_rviz_plugin/share/tier4_planning_rviz_plugin/package.dsv
[178.881s] -- Symlinking: /home/sws/autoware/install/tier4_planning_rviz_plugin/share/ament_index/resource_index/packages/tier4_planning_rviz_plugin
[178.895s] -- Symlinking: /home/sws/autoware/install/tier4_planning_rviz_plugin/share/ament_index/resource_index/rviz_common__pluginlib__plugin/tier4_planning_rviz_plugin
[178.908s] -- Symlinking: /home/sws/autoware/install/tier4_planning_rviz_plugin/share/tier4_planning_rviz_plugin/cmake/ament_cmake_export_dependencies-extras.cmake
[178.920s] -- Symlinking: /home/sws/autoware/install/tier4_planning_rviz_plugin/share/tier4_planning_rviz_plugin/cmake/ament_cmake_export_include_directories-extras.cmake
[178.934s] -- Symlinking: /home/sws/autoware/install/tier4_planning_rviz_plugin/share/tier4_planning_rviz_plugin/cmake/ament_cmake_export_libraries-extras.cmake
[178.948s] -- Symlinking: /home/sws/autoware/install/tier4_planning_rviz_plugin/share/tier4_planning_rviz_plugin/cmake/tier4_planning_rviz_pluginConfig.cmake
[178.961s] -- Symlinking: /home/sws/autoware/install/tier4_planning_rviz_plugin/share/tier4_planning_rviz_plugin/cmake/tier4_planning_rviz_pluginConfig-version.cmake
[178.979s] -- Symlinking: /home/sws/autoware/install/tier4_planning_rviz_plugin/share/tier4_planning_rviz_plugin/package.xml
[179.002s] Invoked command in '/home/sws/autoware/build/tier4_planning_rviz_plugin' returned '0': AMENT_PREFIX_PATH=/home/sws/autoware/install/motion_utils:/home/sws/autoware/install/vehicle_info_util:/home/sws/autoware/install/interpolation:/home/sws/autoware/install/tier4_autoware_utils:/home/sws/autoware/install/autoware_auto_vehicle_msgs:/home/sws/autoware/install/autoware_planning_msgs:/home/sws/autoware/install/autoware_cmake:/home/sws/autoware/install/autoware_auto_planning_msgs:/home/sws/autoware/install/autoware_auto_perception_msgs:/home/sws/autoware/install/tier4_planning_msgs:/home/sws/autoware/install/tier4_debug_msgs:/home/sws/autoware/install/autoware_lint_common:/home/sws/autoware/install/autoware_common_msgs:/home/sws/autoware/install/autoware_auto_mapping_msgs:/home/sws/autoware/install/autoware_auto_geometry_msgs:${AMENT_PREFIX_PATH} CMAKE_PREFIX_PATH=/home/sws/autoware/install/motion_utils:/home/sws/autoware/install/vehicle_info_util:/home/sws/autoware/install/interpolation:/home/sws/autoware/install/tier4_autoware_utils:/home/sws/autoware/install/autoware_auto_vehicle_msgs:/home/sws/autoware/install/autoware_planning_msgs:/home/sws/autoware/install/autoware_cmake:/home/sws/autoware/install/autoware_auto_planning_msgs:/home/sws/autoware/install/autoware_auto_perception_msgs:/home/sws/autoware/install/tier4_planning_msgs:/home/sws/autoware/install/tier4_debug_msgs:/home/sws/autoware/install/autoware_lint_common:/home/sws/autoware/install/autoware_common_msgs:/home/sws/autoware/install/autoware_auto_mapping_msgs:/home/sws/autoware/install/autoware_auto_geometry_msgs:/opt/ros/humble LD_LIBRARY_PATH=/home/sws/autoware/install/motion_utils/lib:/home/sws/autoware/install/vehicle_info_util/lib:/home/sws/autoware/install/interpolation/lib:/home/sws/autoware/install/tier4_autoware_utils/lib:/home/sws/autoware/install/autoware_auto_vehicle_msgs/lib:/home/sws/autoware/install/autoware_planning_msgs/lib:/home/sws/autoware/install/autoware_auto_planning_msgs/lib:/home/sws/autoware/install/autoware_auto_perception_msgs/lib:/home/sws/autoware/install/tier4_planning_msgs/lib:/home/sws/autoware/install/tier4_debug_msgs/lib:/home/sws/autoware/install/autoware_common_msgs/lib:/home/sws/autoware/install/autoware_auto_mapping_msgs/lib:/home/sws/autoware/install/autoware_auto_geometry_msgs/lib:${LD_LIBRARY_PATH} PYTHONPATH=/home/sws/autoware/install/autoware_auto_vehicle_msgs/local/lib/python3.10/dist-packages:/home/sws/autoware/install/autoware_planning_msgs/local/lib/python3.10/dist-packages:/home/sws/autoware/install/autoware_auto_planning_msgs/local/lib/python3.10/dist-packages:/home/sws/autoware/install/autoware_auto_perception_msgs/local/lib/python3.10/dist-packages:/home/sws/autoware/install/tier4_planning_msgs/local/lib/python3.10/dist-packages:/home/sws/autoware/install/tier4_debug_msgs/local/lib/python3.10/dist-packages:/home/sws/autoware/install/autoware_common_msgs/local/lib/python3.10/dist-packages:/home/sws/autoware/install/autoware_auto_mapping_msgs/local/lib/python3.10/dist-packages:/home/sws/autoware/install/autoware_auto_geometry_msgs/local/lib/python3.10/dist-packages:${PYTHONPATH} /usr/bin/cmake --install /home/sws/autoware/build/tier4_planning_rviz_plugin
