[0.040s] Invoking command in '/home/sws/autoware/build/pose2twist': AMENT_PREFIX_PATH=/home/sws/autoware/install/autoware_cmake:/home/sws/autoware/install/tier4_debug_msgs:/home/sws/autoware/install/autoware_lint_common:${AMENT_PREFIX_PATH} CMAKE_PREFIX_PATH=/home/sws/autoware/install/autoware_cmake:/home/sws/autoware/install/tier4_debug_msgs:/home/sws/autoware/install/autoware_lint_common:/opt/ros/humble LD_LIBRARY_PATH=/home/sws/autoware/install/tier4_debug_msgs/lib:${LD_LIBRARY_PATH} PYTHONPATH=/home/sws/autoware/install/tier4_debug_msgs/local/lib/python3.10/dist-packages:${PYTHONPATH} /usr/bin/cmake /home/sws/autoware/src/universe/autoware.universe/localization/pose2twist -DCMAKE_BUILD_TYPE=Release -DAMENT_CMAKE_SYMLINK_INSTALL=1 -DCMAKE_INSTALL_PREFIX=/home/sws/autoware/install/pose2twist
[9.140s] -- The C compiler identification is GNU 11.3.0
[9.140s] -- The CXX compiler identification is GNU 11.3.0
[9.140s] -- Detecting C compiler ABI info
[9.140s] -- Detecting C compiler ABI info - done
[9.140s] -- Check for working C compiler: /usr/bin/cc - skipped
[9.140s] -- Detecting C compile features
[9.141s] -- Detecting C compile features - done
[9.141s] -- Detecting CXX compiler ABI info
[9.141s] -- Detecting CXX compiler ABI info - done
[9.141s] -- Check for working CXX compiler: /usr/bin/c++ - skipped
[9.141s] -- Detecting CXX compile features
[9.142s] -- Detecting CXX compile features - done
[9.142s] -- Found autoware_cmake: 0.1.0 (/home/sws/autoware/install/autoware_cmake/share/autoware_cmake/cmake)
[9.142s] -- Found Python3: /usr/bin/python3.10 (found version "3.10.6") found components: Interpreter 
[9.142s] -- Override CMake install command with custom implementation using symlinks instead of copying resources
[9.142s] -- Found rosidl_generator_c: 3.1.4 (/opt/ros/humble/share/rosidl_generator_c/cmake)
[9.142s] -- Found rosidl_adapter: 3.1.4 (/opt/ros/humble/share/rosidl_adapter/cmake)
[9.142s] -- Found rosidl_generator_cpp: 3.1.4 (/opt/ros/humble/share/rosidl_generator_cpp/cmake)
[9.143s] -- Using all available rosidl_typesupport_c: rosidl_typesupport_fastrtps_c;rosidl_typesupport_introspection_c
[9.143s] -- Using all available rosidl_typesupport_cpp: rosidl_typesupport_fastrtps_cpp;rosidl_typesupport_introspection_cpp
[9.143s] -- Found rmw_implementation_cmake: 6.1.1 (/opt/ros/humble/share/rmw_implementation_cmake/cmake)
[9.143s] -- Found rmw_fastrtps_cpp: 6.2.2 (/opt/ros/humble/share/rmw_fastrtps_cpp/cmake)
[9.143s] -- Found OpenSSL: /usr/lib/x86_64-linux-gnu/libcrypto.so (found version "3.0.2")  
[9.143s] -- Found FastRTPS: /opt/ros/humble/include  
[9.144s] -- Using RMW implementation 'rmw_fastrtps_cpp' as default
[9.146s] -- Looking for pthread.h
[9.147s] -- Looking for pthread.h - found
[9.147s] -- Performing Test CMAKE_HAVE_LIBC_PTHREAD
[9.147s] -- Performing Test CMAKE_HAVE_LIBC_PTHREAD - Success
[9.147s] -- Found Threads: TRUE  
[9.147s] -- Found eigen3_cmake_module: 0.1.1 (/opt/ros/humble/share/eigen3_cmake_module/cmake)
[9.147s] -- Found Eigen3: TRUE (found version "3.4.0") 
[9.147s] -- Ensuring Eigen3 include directory is part of orocos-kdl CMake target
[9.147s] -- Found ament_lint_auto: 0.12.5 (/opt/ros/humble/share/ament_lint_auto/cmake)
[9.147s] -- Added test 'copyright' to check source files copyright and LICENSE
[9.147s] -- Added test 'cppcheck' to perform static code analysis on C / C++ code
[9.148s] -- Configured cppcheck include dirs: /home/sws/autoware/src/universe/autoware.universe/localization/pose2twist/include
[9.148s] -- Configured cppcheck exclude dirs and/or files: 
[9.148s] -- Added test 'lint_cmake' to check CMake code style
[9.148s] -- Added test 'xmllint' to check XML markup files
[9.148s] -- Configuring done
[9.148s] -- Generating done
[9.149s] -- Build files have been written to: /home/sws/autoware/build/pose2twist
[9.184s] Invoked command in '/home/sws/autoware/build/pose2twist' returned '0': AMENT_PREFIX_PATH=/home/sws/autoware/install/autoware_cmake:/home/sws/autoware/install/tier4_debug_msgs:/home/sws/autoware/install/autoware_lint_common:${AMENT_PREFIX_PATH} CMAKE_PREFIX_PATH=/home/sws/autoware/install/autoware_cmake:/home/sws/autoware/install/tier4_debug_msgs:/home/sws/autoware/install/autoware_lint_common:/opt/ros/humble LD_LIBRARY_PATH=/home/sws/autoware/install/tier4_debug_msgs/lib:${LD_LIBRARY_PATH} PYTHONPATH=/home/sws/autoware/install/tier4_debug_msgs/local/lib/python3.10/dist-packages:${PYTHONPATH} /usr/bin/cmake /home/sws/autoware/src/universe/autoware.universe/localization/pose2twist -DCMAKE_BUILD_TYPE=Release -DAMENT_CMAKE_SYMLINK_INSTALL=1 -DCMAKE_INSTALL_PREFIX=/home/sws/autoware/install/pose2twist
[9.185s] Invoking command in '/home/sws/autoware/build/pose2twist': AMENT_PREFIX_PATH=/home/sws/autoware/install/autoware_cmake:/home/sws/autoware/install/tier4_debug_msgs:/home/sws/autoware/install/autoware_lint_common:${AMENT_PREFIX_PATH} CMAKE_PREFIX_PATH=/home/sws/autoware/install/autoware_cmake:/home/sws/autoware/install/tier4_debug_msgs:/home/sws/autoware/install/autoware_lint_common:/opt/ros/humble LD_LIBRARY_PATH=/home/sws/autoware/install/tier4_debug_msgs/lib:${LD_LIBRARY_PATH} PYTHONPATH=/home/sws/autoware/install/tier4_debug_msgs/local/lib/python3.10/dist-packages:${PYTHONPATH} /usr/bin/cmake --build /home/sws/autoware/build/pose2twist -- -j16 -l16
[27.026s] [ 33%] [32mBuilding CXX object CMakeFiles/pose2twist.dir/src/pose2twist_node.cpp.o[0m
[27.026s] [ 66%] [32mBuilding CXX object CMakeFiles/pose2twist.dir/src/pose2twist_core.cpp.o[0m
[32.127s] [100%] [32m[1mLinking CXX executable pose2twist[0m
[32.337s] [100%] Built target pose2twist
[32.355s] Invoked command in '/home/sws/autoware/build/pose2twist' returned '0': AMENT_PREFIX_PATH=/home/sws/autoware/install/autoware_cmake:/home/sws/autoware/install/tier4_debug_msgs:/home/sws/autoware/install/autoware_lint_common:${AMENT_PREFIX_PATH} CMAKE_PREFIX_PATH=/home/sws/autoware/install/autoware_cmake:/home/sws/autoware/install/tier4_debug_msgs:/home/sws/autoware/install/autoware_lint_common:/opt/ros/humble LD_LIBRARY_PATH=/home/sws/autoware/install/tier4_debug_msgs/lib:${LD_LIBRARY_PATH} PYTHONPATH=/home/sws/autoware/install/tier4_debug_msgs/local/lib/python3.10/dist-packages:${PYTHONPATH} /usr/bin/cmake --build /home/sws/autoware/build/pose2twist -- -j16 -l16
[32.413s] Invoking command in '/home/sws/autoware/build/pose2twist': AMENT_PREFIX_PATH=/home/sws/autoware/install/autoware_cmake:/home/sws/autoware/install/tier4_debug_msgs:/home/sws/autoware/install/autoware_lint_common:${AMENT_PREFIX_PATH} CMAKE_PREFIX_PATH=/home/sws/autoware/install/autoware_cmake:/home/sws/autoware/install/tier4_debug_msgs:/home/sws/autoware/install/autoware_lint_common:/opt/ros/humble LD_LIBRARY_PATH=/home/sws/autoware/install/tier4_debug_msgs/lib:${LD_LIBRARY_PATH} PYTHONPATH=/home/sws/autoware/install/tier4_debug_msgs/local/lib/python3.10/dist-packages:${PYTHONPATH} /usr/bin/cmake --install /home/sws/autoware/build/pose2twist
[35.722s] -- Install configuration: "Release"
[35.723s] -- Execute custom install script
[35.723s] -- Symlinking: /home/sws/autoware/install/pose2twist/include/pose2twist/pose2twist_core.hpp
[35.723s] -- Symlinking: /home/sws/autoware/install/pose2twist/lib/pose2twist/pose2twist
[35.723s] -- Symlinking: /home/sws/autoware/install/pose2twist/share/pose2twist/launch/pose2twist.launch.xml
[35.723s] -- Symlinking: /home/sws/autoware/install/pose2twist/share/ament_index/resource_index/package_run_dependencies/pose2twist
[35.723s] -- Symlinking: /home/sws/autoware/install/pose2twist/share/ament_index/resource_index/parent_prefix_path/pose2twist
[35.723s] -- Symlinking: /home/sws/autoware/install/pose2twist/share/pose2twist/environment/ament_prefix_path.sh
[35.723s] -- Symlinking: /home/sws/autoware/install/pose2twist/share/pose2twist/environment/ament_prefix_path.dsv
[35.723s] -- Symlinking: /home/sws/autoware/install/pose2twist/share/pose2twist/environment/path.sh
[35.723s] -- Symlinking: /home/sws/autoware/install/pose2twist/share/pose2twist/environment/path.dsv
[35.723s] -- Symlinking: /home/sws/autoware/install/pose2twist/share/pose2twist/local_setup.bash
[35.723s] -- Symlinking: /home/sws/autoware/install/pose2twist/share/pose2twist/local_setup.sh
[35.724s] -- Symlinking: /home/sws/autoware/install/pose2twist/share/pose2twist/local_setup.zsh
[35.724s] -- Symlinking: /home/sws/autoware/install/pose2twist/share/pose2twist/local_setup.dsv
[35.724s] -- Symlinking: /home/sws/autoware/install/pose2twist/share/pose2twist/package.dsv
[35.724s] -- Symlinking: /home/sws/autoware/install/pose2twist/share/ament_index/resource_index/packages/pose2twist
[35.724s] -- Symlinking: /home/sws/autoware/install/pose2twist/share/pose2twist/cmake/ament_cmake_export_dependencies-extras.cmake
[35.724s] -- Symlinking: /home/sws/autoware/install/pose2twist/share/pose2twist/cmake/ament_cmake_export_include_directories-extras.cmake
[35.724s] -- Symlinking: /home/sws/autoware/install/pose2twist/share/pose2twist/cmake/pose2twistConfig.cmake
[35.724s] -- Symlinking: /home/sws/autoware/install/pose2twist/share/pose2twist/cmake/pose2twistConfig-version.cmake
[35.724s] -- Symlinking: /home/sws/autoware/install/pose2twist/share/pose2twist/package.xml
[35.785s] Invoked command in '/home/sws/autoware/build/pose2twist' returned '0': AMENT_PREFIX_PATH=/home/sws/autoware/install/autoware_cmake:/home/sws/autoware/install/tier4_debug_msgs:/home/sws/autoware/install/autoware_lint_common:${AMENT_PREFIX_PATH} CMAKE_PREFIX_PATH=/home/sws/autoware/install/autoware_cmake:/home/sws/autoware/install/tier4_debug_msgs:/home/sws/autoware/install/autoware_lint_common:/opt/ros/humble LD_LIBRARY_PATH=/home/sws/autoware/install/tier4_debug_msgs/lib:${LD_LIBRARY_PATH} PYTHONPATH=/home/sws/autoware/install/tier4_debug_msgs/local/lib/python3.10/dist-packages:${PYTHONPATH} /usr/bin/cmake --install /home/sws/autoware/build/pose2twist
