[0.017s] Invoking command in '/home/sws/autoware/build/autoware_control_msgs': CMAKE_PREFIX_PATH=/opt/ros/humble /usr/bin/cmake /home/sws/autoware/src/core/autoware_msgs/autoware_control_msgs -DCMAKE_BUILD_TYPE=Release -DAMENT_CMAKE_SYMLINK_INSTALL=1 -DCMAKE_INSTALL_PREFIX=/home/sws/autoware/install/autoware_control_msgs
[18.483s] -- The C compiler identification is GNU 11.3.0
[18.483s] -- The CXX compiler identification is GNU 11.3.0
[18.483s] -- Detecting C compiler ABI info
[18.483s] -- Detecting C compiler ABI info - done
[18.483s] -- Check for working C compiler: /usr/bin/cc - skipped
[18.484s] -- Detecting C compile features
[18.484s] -- Detecting C compile features - done
[18.484s] -- Detecting CXX compiler ABI info
[18.484s] -- Detecting CXX compiler ABI info - done
[18.484s] -- Check for working CXX compiler: /usr/bin/c++ - skipped
[18.484s] -- Detecting CXX compile features
[18.484s] -- Detecting CXX compile features - done
[18.484s] -- Found ament_cmake_auto: 1.3.3 (/opt/ros/humble/share/ament_cmake_auto/cmake)
[18.484s] -- Found Python3: /usr/bin/python3.10 (found version "3.10.6") found components: Interpreter 
[18.484s] -- Override CMake install command with custom implementation using symlinks instead of copying resources
[18.484s] -- Found rosidl_generator_c: 3.1.4 (/opt/ros/humble/share/rosidl_generator_c/cmake)
[18.484s] -- Found rosidl_adapter: 3.1.4 (/opt/ros/humble/share/rosidl_adapter/cmake)
[18.485s] -- Found rosidl_generator_cpp: 3.1.4 (/opt/ros/humble/share/rosidl_generator_cpp/cmake)
[18.485s] -- Using all available rosidl_typesupport_c: rosidl_typesupport_fastrtps_c;rosidl_typesupport_introspection_c
[18.485s] -- Using all available rosidl_typesupport_cpp: rosidl_typesupport_fastrtps_cpp;rosidl_typesupport_introspection_cpp
[18.485s] -- Found ament_cmake_cppcheck: 0.12.5 (/opt/ros/humble/share/ament_cmake_cppcheck/cmake)
[18.485s] -- Found ament_cmake_cpplint: 0.12.5 (/opt/ros/humble/share/ament_cmake_cpplint/cmake)
[18.485s] -- Found ament_cmake_uncrustify: 0.12.5 (/opt/ros/humble/share/ament_cmake_uncrustify/cmake)
[18.485s] -- Found ament_cmake_ros: 0.10.0 (/opt/ros/humble/share/ament_cmake_ros/cmake)
[18.485s] -- Using all available rosidl_typesupport_c: rosidl_typesupport_fastrtps_c;rosidl_typesupport_introspection_c
[18.485s] -- Using all available rosidl_typesupport_cpp: rosidl_typesupport_fastrtps_cpp;rosidl_typesupport_introspection_cpp
[18.485s] -- Found PythonInterp: /usr/bin/python3 (found suitable version "3.10.6", minimum required is "3.6") 
[18.485s] -- Found python_cmake_module: 0.10.0 (/opt/ros/humble/share/python_cmake_module/cmake)
[18.485s] -- Found PythonLibs: /usr/lib/x86_64-linux-gnu/libpython3.10.so (found suitable version "3.10.6", minimum required is "3.5") 
[18.485s] -- Using PYTHON_EXECUTABLE: /usr/bin/python3
[18.486s] -- Using PYTHON_INCLUDE_DIRS: /usr/include/python3.10
[18.486s] -- Using PYTHON_LIBRARIES: /usr/lib/x86_64-linux-gnu/libpython3.10.so
[18.486s] -- Found PythonExtra: .so  
[18.486s] -- Found ament_cmake_flake8: 0.12.5 (/opt/ros/humble/share/ament_cmake_flake8/cmake)
[18.486s] -- Found ament_cmake_pep257: 0.12.5 (/opt/ros/humble/share/ament_cmake_pep257/cmake)
[18.486s] -- Found ament_lint_auto: 0.12.5 (/opt/ros/humble/share/ament_lint_auto/cmake)
[18.486s] -- Added test 'copyright' to check source files copyright and LICENSE
[18.486s] -- Added test 'lint_cmake' to check CMake code style
[18.486s] -- Added test 'xmllint' to check XML markup files
[18.486s] -- Configuring done
[18.486s] -- Generating done
[18.487s] -- Build files have been written to: /home/sws/autoware/build/autoware_control_msgs
[18.501s] Invoked command in '/home/sws/autoware/build/autoware_control_msgs' returned '0': CMAKE_PREFIX_PATH=/opt/ros/humble /usr/bin/cmake /home/sws/autoware/src/core/autoware_msgs/autoware_control_msgs -DCMAKE_BUILD_TYPE=Release -DAMENT_CMAKE_SYMLINK_INSTALL=1 -DCMAKE_INSTALL_PREFIX=/home/sws/autoware/install/autoware_control_msgs
[18.501s] Invoking command in '/home/sws/autoware/build/autoware_control_msgs': CMAKE_PREFIX_PATH=/opt/ros/humble /usr/bin/cmake --build /home/sws/autoware/build/autoware_control_msgs -- -j16 -l16
[18.576s] [  1%] [34m[1mGenerating C++ code for ROS interfaces[0m
[20.103s] [  1%] Built target autoware_control_msgs__cpp
[20.189s] [  1%] Built target ament_cmake_python_symlink_autoware_control_msgs
[20.223s] [  3%] [34m[1mGenerating C++ introspection for ROS interfaces[0m
[21.429s] [  5%] [32mBuilding CXX object CMakeFiles/autoware_control_msgs__rosidl_typesupport_introspection_cpp.dir/rosidl_typesupport_introspection_cpp/autoware_control_msgs/msg/detail/control__type_support.cpp.o[0m
[22.038s] [  7%] [32mBuilding CXX object CMakeFiles/autoware_control_msgs__rosidl_typesupport_introspection_cpp.dir/rosidl_typesupport_introspection_cpp/autoware_control_msgs/msg/detail/longitudinal__type_support.cpp.o[0m
[22.713s] [  9%] [32mBuilding CXX object CMakeFiles/autoware_control_msgs__rosidl_typesupport_introspection_cpp.dir/rosidl_typesupport_introspection_cpp/autoware_control_msgs/msg/detail/lateral__type_support.cpp.o[0m
[23.314s] [ 10%] [32mBuilding CXX object CMakeFiles/autoware_control_msgs__rosidl_typesupport_introspection_cpp.dir/rosidl_typesupport_introspection_cpp/autoware_control_msgs/msg/detail/control_horizon__type_support.cpp.o[0m
[23.996s] [ 12%] [32m[1mLinking CXX shared library libautoware_control_msgs__rosidl_typesupport_introspection_cpp.so[0m
[24.078s] [ 12%] Built target autoware_control_msgs__rosidl_typesupport_introspection_cpp
[24.510s] running egg_info
[24.511s] creating autoware_control_msgs.egg-info
[24.511s] writing autoware_control_msgs.egg-info/PKG-INFO
[24.511s] writing dependency_links to autoware_control_msgs.egg-info/dependency_links.txt
[24.512s] writing top-level names to autoware_control_msgs.egg-info/top_level.txt
[24.512s] writing manifest file 'autoware_control_msgs.egg-info/SOURCES.txt'
[24.517s] reading manifest file 'autoware_control_msgs.egg-info/SOURCES.txt'
[24.517s] writing manifest file 'autoware_control_msgs.egg-info/SOURCES.txt'
[24.555s] [ 12%] Built target ament_cmake_python_build_autoware_control_msgs_egg
[24.564s] [ 14%] [34m[1mGenerating C++ type support for eProsima Fast-RTPS[0m
[25.587s] [ 16%] [32mBuilding CXX object CMakeFiles/autoware_control_msgs__rosidl_typesupport_fastrtps_cpp.dir/rosidl_typesupport_fastrtps_cpp/autoware_control_msgs/msg/detail/dds_fastrtps/control__type_support.cpp.o[0m
[26.157s] [ 18%] [32mBuilding CXX object CMakeFiles/autoware_control_msgs__rosidl_typesupport_fastrtps_cpp.dir/rosidl_typesupport_fastrtps_cpp/autoware_control_msgs/msg/detail/dds_fastrtps/longitudinal__type_support.cpp.o[0m
[26.825s] [ 20%] [32mBuilding CXX object CMakeFiles/autoware_control_msgs__rosidl_typesupport_fastrtps_cpp.dir/rosidl_typesupport_fastrtps_cpp/autoware_control_msgs/msg/detail/dds_fastrtps/lateral__type_support.cpp.o[0m
[27.705s] [ 21%] [32mBuilding CXX object CMakeFiles/autoware_control_msgs__rosidl_typesupport_fastrtps_cpp.dir/rosidl_typesupport_fastrtps_cpp/autoware_control_msgs/msg/detail/dds_fastrtps/control_horizon__type_support.cpp.o[0m
[28.604s] [ 23%] [32m[1mLinking CXX shared library libautoware_control_msgs__rosidl_typesupport_fastrtps_cpp.so[0m
[28.765s] [ 23%] Built target autoware_control_msgs__rosidl_typesupport_fastrtps_cpp
[28.830s] [ 25%] [34m[1mGenerating C++ type support dispatch for ROS interfaces[0m
[28.840s] [ 27%] [34m[1mGenerating C code for ROS interfaces[0m
[30.032s] [ 29%] [32mBuilding CXX object CMakeFiles/autoware_control_msgs__rosidl_typesupport_cpp.dir/rosidl_typesupport_cpp/autoware_control_msgs/msg/control__type_support.cpp.o[0m
[30.044s] [ 30%] [32mBuilding CXX object CMakeFiles/autoware_control_msgs__rosidl_typesupport_cpp.dir/rosidl_typesupport_cpp/autoware_control_msgs/msg/control_horizon__type_support.cpp.o[0m
[30.631s] [ 32%] [32mBuilding CXX object CMakeFiles/autoware_control_msgs__rosidl_typesupport_cpp.dir/rosidl_typesupport_cpp/autoware_control_msgs/msg/longitudinal__type_support.cpp.o[0m
[30.675s] [ 34%] [32mBuilding CXX object CMakeFiles/autoware_control_msgs__rosidl_typesupport_cpp.dir/rosidl_typesupport_cpp/autoware_control_msgs/msg/lateral__type_support.cpp.o[0m
[30.775s] [ 36%] [32mBuilding C object CMakeFiles/autoware_control_msgs__rosidl_generator_c.dir/rosidl_generator_c/autoware_control_msgs/msg/detail/control__functions.c.o[0m
[30.805s] [ 38%] [32mBuilding C object CMakeFiles/autoware_control_msgs__rosidl_generator_c.dir/rosidl_generator_c/autoware_control_msgs/msg/detail/control_horizon__functions.c.o[0m
[30.971s] [ 40%] [32mBuilding C object CMakeFiles/autoware_control_msgs__rosidl_generator_c.dir/rosidl_generator_c/autoware_control_msgs/msg/detail/longitudinal__functions.c.o[0m
[31.042s] [ 41%] [32mBuilding C object CMakeFiles/autoware_control_msgs__rosidl_generator_c.dir/rosidl_generator_c/autoware_control_msgs/msg/detail/lateral__functions.c.o[0m
[31.344s] [ 43%] [32m[1mLinking C shared library libautoware_control_msgs__rosidl_generator_c.so[0m
[31.456s] [ 45%] [32m[1mLinking CXX shared library libautoware_control_msgs__rosidl_typesupport_cpp.so[0m
[31.466s] [ 45%] Built target autoware_control_msgs__rosidl_generator_c
[31.583s] [ 45%] Built target autoware_control_msgs__rosidl_typesupport_cpp
[31.626s] [ 47%] [34m[1mGenerating C type support dispatch for ROS interfaces[0m
[32.532s] [ 49%] [32mBuilding CXX object CMakeFiles/autoware_control_msgs__rosidl_typesupport_c.dir/rosidl_typesupport_c/autoware_control_msgs/msg/control__type_support.cpp.o[0m
[32.570s] [ 50%] [32mBuilding CXX object CMakeFiles/autoware_control_msgs__rosidl_typesupport_c.dir/rosidl_typesupport_c/autoware_control_msgs/msg/longitudinal__type_support.cpp.o[0m
[32.605s] [ 52%] [32mBuilding CXX object CMakeFiles/autoware_control_msgs__rosidl_typesupport_c.dir/rosidl_typesupport_c/autoware_control_msgs/msg/lateral__type_support.cpp.o[0m
[32.645s] [ 54%] [32mBuilding CXX object CMakeFiles/autoware_control_msgs__rosidl_typesupport_c.dir/rosidl_typesupport_c/autoware_control_msgs/msg/control_horizon__type_support.cpp.o[0m
[32.686s] [ 56%] [32m[1mLinking CXX shared library libautoware_control_msgs__rosidl_typesupport_c.so[0m
[32.739s] [ 56%] Built target autoware_control_msgs__rosidl_typesupport_c
[32.748s] [ 58%] [34m[1mGenerating C introspection for ROS interfaces[0m
[33.697s] [ 60%] [32mBuilding C object CMakeFiles/autoware_control_msgs__rosidl_typesupport_introspection_c.dir/rosidl_typesupport_introspection_c/autoware_control_msgs/msg/detail/control__type_support.c.o[0m
[33.737s] [ 61%] [32mBuilding C object CMakeFiles/autoware_control_msgs__rosidl_typesupport_introspection_c.dir/rosidl_typesupport_introspection_c/autoware_control_msgs/msg/detail/longitudinal__type_support.c.o[0m
[33.788s] [ 63%] [32mBuilding C object CMakeFiles/autoware_control_msgs__rosidl_typesupport_introspection_c.dir/rosidl_typesupport_introspection_c/autoware_control_msgs/msg/detail/lateral__type_support.c.o[0m
[33.822s] [ 65%] [32mBuilding C object CMakeFiles/autoware_control_msgs__rosidl_typesupport_introspection_c.dir/rosidl_typesupport_introspection_c/autoware_control_msgs/msg/detail/control_horizon__type_support.c.o[0m
[33.885s] [ 67%] [32m[1mLinking C shared library libautoware_control_msgs__rosidl_typesupport_introspection_c.so[0m
[33.914s] [ 67%] Built target autoware_control_msgs__rosidl_typesupport_introspection_c
[33.924s] [ 69%] [34m[1mGenerating C type support for eProsima Fast-RTPS[0m
[34.565s] [ 70%] [32mBuilding CXX object CMakeFiles/autoware_control_msgs__rosidl_typesupport_fastrtps_c.dir/rosidl_typesupport_fastrtps_c/autoware_control_msgs/msg/detail/control__type_support_c.cpp.o[0m
[34.910s] [ 72%] [32mBuilding CXX object CMakeFiles/autoware_control_msgs__rosidl_typesupport_fastrtps_c.dir/rosidl_typesupport_fastrtps_c/autoware_control_msgs/msg/detail/longitudinal__type_support_c.cpp.o[0m
[35.246s] [ 74%] [32mBuilding CXX object CMakeFiles/autoware_control_msgs__rosidl_typesupport_fastrtps_c.dir/rosidl_typesupport_fastrtps_c/autoware_control_msgs/msg/detail/lateral__type_support_c.cpp.o[0m
[35.755s] [ 76%] [32mBuilding CXX object CMakeFiles/autoware_control_msgs__rosidl_typesupport_fastrtps_c.dir/rosidl_typesupport_fastrtps_c/autoware_control_msgs/msg/detail/control_horizon__type_support_c.cpp.o[0m
[36.309s] [ 78%] [32m[1mLinking CXX shared library libautoware_control_msgs__rosidl_typesupport_fastrtps_c.so[0m
[36.404s] [ 78%] Built target autoware_control_msgs__rosidl_typesupport_fastrtps_c
[36.419s] [ 78%] Built target autoware_control_msgs
[36.434s] [ 80%] [34m[1mGenerating Python code for ROS interfaces[0m
[38.072s] [ 80%] Built target autoware_control_msgs__py
[38.090s] [ 81%] [32mBuilding C object CMakeFiles/autoware_control_msgs__rosidl_generator_py.dir/rosidl_generator_py/autoware_control_msgs/msg/_control_s.c.o[0m
[38.213s] [ 83%] [32mBuilding C object CMakeFiles/autoware_control_msgs__rosidl_generator_py.dir/rosidl_generator_py/autoware_control_msgs/msg/_longitudinal_s.c.o[0m
[38.346s] [ 85%] [32mBuilding C object CMakeFiles/autoware_control_msgs__rosidl_generator_py.dir/rosidl_generator_py/autoware_control_msgs/msg/_lateral_s.c.o[0m
[38.481s] [ 87%] [32mBuilding C object CMakeFiles/autoware_control_msgs__rosidl_generator_py.dir/rosidl_generator_py/autoware_control_msgs/msg/_control_horizon_s.c.o[0m
[38.635s] [ 89%] [32m[1mLinking C shared library rosidl_generator_py/autoware_control_msgs/libautoware_control_msgs__rosidl_generator_py.so[0m
[38.685s] [ 89%] Built target autoware_control_msgs__rosidl_generator_py
[38.731s] [ 90%] [32mBuilding C object CMakeFiles/autoware_control_msgs__rosidl_typesupport_fastrtps_c__pyext.dir/rosidl_generator_py/autoware_control_msgs/_autoware_control_msgs_s.ep.rosidl_typesupport_fastrtps_c.c.o[0m
[38.965s] [ 92%] [32m[1mLinking C shared library rosidl_generator_py/autoware_control_msgs/autoware_control_msgs_s__rosidl_typesupport_fastrtps_c.cpython-310-x86_64-linux-gnu.so[0m
[39.012s] [ 92%] Built target autoware_control_msgs__rosidl_typesupport_fastrtps_c__pyext
[39.036s] [ 94%] [32mBuilding C object CMakeFiles/autoware_control_msgs__rosidl_typesupport_c__pyext.dir/rosidl_generator_py/autoware_control_msgs/_autoware_control_msgs_s.ep.rosidl_typesupport_c.c.o[0m
[39.216s] [ 96%] [32m[1mLinking C shared library rosidl_generator_py/autoware_control_msgs/autoware_control_msgs_s__rosidl_typesupport_c.cpython-310-x86_64-linux-gnu.so[0m
[39.246s] [ 96%] Built target autoware_control_msgs__rosidl_typesupport_c__pyext
[39.263s] [ 98%] [32mBuilding C object CMakeFiles/autoware_control_msgs__rosidl_typesupport_introspection_c__pyext.dir/rosidl_generator_py/autoware_control_msgs/_autoware_control_msgs_s.ep.rosidl_typesupport_introspection_c.c.o[0m
[39.408s] [100%] [32m[1mLinking C shared library rosidl_generator_py/autoware_control_msgs/autoware_control_msgs_s__rosidl_typesupport_introspection_c.cpython-310-x86_64-linux-gnu.so[0m
[39.440s] [100%] Built target autoware_control_msgs__rosidl_typesupport_introspection_c__pyext
[39.458s] Invoked command in '/home/sws/autoware/build/autoware_control_msgs' returned '0': CMAKE_PREFIX_PATH=/opt/ros/humble /usr/bin/cmake --build /home/sws/autoware/build/autoware_control_msgs -- -j16 -l16
[39.645s] Invoking command in '/home/sws/autoware/build/autoware_control_msgs': CMAKE_PREFIX_PATH=/opt/ros/humble /usr/bin/cmake --install /home/sws/autoware/build/autoware_control_msgs
[40.500s] -- Install configuration: "Release"
[40.500s] -- Execute custom install script
[40.501s] -- Symlinking: /home/sws/autoware/install/autoware_control_msgs/share/ament_index/resource_index/rosidl_interfaces/autoware_control_msgs
[40.501s] -- Symlinking: /home/sws/autoware/install/autoware_control_msgs/include/autoware_control_msgs/autoware_control_msgs/msg/control.h
[40.501s] -- Symlinking: /home/sws/autoware/install/autoware_control_msgs/include/autoware_control_msgs/autoware_control_msgs/msg/control_horizon.h
[40.501s] -- Symlinking: /home/sws/autoware/install/autoware_control_msgs/include/autoware_control_msgs/autoware_control_msgs/msg/detail/control__functions.h
[40.501s] -- Symlinking: /home/sws/autoware/install/autoware_control_msgs/include/autoware_control_msgs/autoware_control_msgs/msg/detail/control__struct.h
[40.501s] -- Symlinking: /home/sws/autoware/install/autoware_control_msgs/include/autoware_control_msgs/autoware_control_msgs/msg/detail/control__type_support.h
[40.501s] -- Symlinking: /home/sws/autoware/install/autoware_control_msgs/include/autoware_control_msgs/autoware_control_msgs/msg/detail/control_horizon__functions.h
[40.501s] -- Symlinking: /home/sws/autoware/install/autoware_control_msgs/include/autoware_control_msgs/autoware_control_msgs/msg/detail/control_horizon__struct.h
[40.501s] -- Symlinking: /home/sws/autoware/install/autoware_control_msgs/include/autoware_control_msgs/autoware_control_msgs/msg/detail/control_horizon__type_support.h
[40.502s] -- Symlinking: /home/sws/autoware/install/autoware_control_msgs/include/autoware_control_msgs/autoware_control_msgs/msg/detail/lateral__functions.h
[40.502s] -- Symlinking: /home/sws/autoware/install/autoware_control_msgs/include/autoware_control_msgs/autoware_control_msgs/msg/detail/lateral__struct.h
[40.502s] -- Symlinking: /home/sws/autoware/install/autoware_control_msgs/include/autoware_control_msgs/autoware_control_msgs/msg/detail/lateral__type_support.h
[40.502s] -- Symlinking: /home/sws/autoware/install/autoware_control_msgs/include/autoware_control_msgs/autoware_control_msgs/msg/detail/longitudinal__functions.h
[40.502s] -- Symlinking: /home/sws/autoware/install/autoware_control_msgs/include/autoware_control_msgs/autoware_control_msgs/msg/detail/longitudinal__struct.h
[40.502s] -- Symlinking: /home/sws/autoware/install/autoware_control_msgs/include/autoware_control_msgs/autoware_control_msgs/msg/detail/longitudinal__type_support.h
[40.502s] -- Symlinking: /home/sws/autoware/install/autoware_control_msgs/include/autoware_control_msgs/autoware_control_msgs/msg/lateral.h
[40.502s] -- Symlinking: /home/sws/autoware/install/autoware_control_msgs/include/autoware_control_msgs/autoware_control_msgs/msg/longitudinal.h
[40.502s] -- Symlinking: /home/sws/autoware/install/autoware_control_msgs/include/autoware_control_msgs/autoware_control_msgs/msg/rosidl_generator_c__visibility_control.h
[40.502s] -- Symlinking: /home/sws/autoware/install/autoware_control_msgs/share/autoware_control_msgs/environment/library_path.sh
[40.502s] -- Symlinking: /home/sws/autoware/install/autoware_control_msgs/share/autoware_control_msgs/environment/library_path.dsv
[40.503s] -- Symlinking: /home/sws/autoware/install/autoware_control_msgs/include/autoware_control_msgs/autoware_control_msgs/msg/detail/control__rosidl_typesupport_fastrtps_c.h
[40.503s] -- Symlinking: /home/sws/autoware/install/autoware_control_msgs/include/autoware_control_msgs/autoware_control_msgs/msg/detail/control_horizon__rosidl_typesupport_fastrtps_c.h
[40.503s] -- Symlinking: /home/sws/autoware/install/autoware_control_msgs/include/autoware_control_msgs/autoware_control_msgs/msg/detail/lateral__rosidl_typesupport_fastrtps_c.h
[40.503s] -- Symlinking: /home/sws/autoware/install/autoware_control_msgs/include/autoware_control_msgs/autoware_control_msgs/msg/detail/longitudinal__rosidl_typesupport_fastrtps_c.h
[40.503s] -- Symlinking: /home/sws/autoware/install/autoware_control_msgs/include/autoware_control_msgs/autoware_control_msgs/msg/rosidl_typesupport_fastrtps_c__visibility_control.h
[40.503s] -- Symlinking: /home/sws/autoware/install/autoware_control_msgs/include/autoware_control_msgs/autoware_control_msgs/msg/control.hpp
[40.504s] -- Symlinking: /home/sws/autoware/install/autoware_control_msgs/include/autoware_control_msgs/autoware_control_msgs/msg/control_horizon.hpp
[40.504s] -- Symlinking: /home/sws/autoware/install/autoware_control_msgs/include/autoware_control_msgs/autoware_control_msgs/msg/detail/control__builder.hpp
[40.504s] -- Symlinking: /home/sws/autoware/install/autoware_control_msgs/include/autoware_control_msgs/autoware_control_msgs/msg/detail/control__struct.hpp
[40.504s] -- Symlinking: /home/sws/autoware/install/autoware_control_msgs/include/autoware_control_msgs/autoware_control_msgs/msg/detail/control__traits.hpp
[40.504s] -- Symlinking: /home/sws/autoware/install/autoware_control_msgs/include/autoware_control_msgs/autoware_control_msgs/msg/detail/control_horizon__builder.hpp
[40.504s] -- Symlinking: /home/sws/autoware/install/autoware_control_msgs/include/autoware_control_msgs/autoware_control_msgs/msg/detail/control_horizon__struct.hpp
[40.504s] -- Symlinking: /home/sws/autoware/install/autoware_control_msgs/include/autoware_control_msgs/autoware_control_msgs/msg/detail/control_horizon__traits.hpp
[40.504s] -- Symlinking: /home/sws/autoware/install/autoware_control_msgs/include/autoware_control_msgs/autoware_control_msgs/msg/detail/lateral__builder.hpp
[40.505s] -- Symlinking: /home/sws/autoware/install/autoware_control_msgs/include/autoware_control_msgs/autoware_control_msgs/msg/detail/lateral__struct.hpp
[40.505s] -- Symlinking: /home/sws/autoware/install/autoware_control_msgs/include/autoware_control_msgs/autoware_control_msgs/msg/detail/lateral__traits.hpp
[40.505s] -- Symlinking: /home/sws/autoware/install/autoware_control_msgs/include/autoware_control_msgs/autoware_control_msgs/msg/detail/longitudinal__builder.hpp
[40.505s] -- Symlinking: /home/sws/autoware/install/autoware_control_msgs/include/autoware_control_msgs/autoware_control_msgs/msg/detail/longitudinal__struct.hpp
[40.505s] -- Symlinking: /home/sws/autoware/install/autoware_control_msgs/include/autoware_control_msgs/autoware_control_msgs/msg/detail/longitudinal__traits.hpp
[40.505s] -- Symlinking: /home/sws/autoware/install/autoware_control_msgs/include/autoware_control_msgs/autoware_control_msgs/msg/lateral.hpp
[40.505s] -- Symlinking: /home/sws/autoware/install/autoware_control_msgs/include/autoware_control_msgs/autoware_control_msgs/msg/longitudinal.hpp
[40.505s] -- Symlinking: /home/sws/autoware/install/autoware_control_msgs/include/autoware_control_msgs/autoware_control_msgs/msg/detail/control__rosidl_typesupport_fastrtps_cpp.hpp
[40.505s] -- Symlinking: /home/sws/autoware/install/autoware_control_msgs/include/autoware_control_msgs/autoware_control_msgs/msg/detail/control_horizon__rosidl_typesupport_fastrtps_cpp.hpp
[40.505s] -- Symlinking: /home/sws/autoware/install/autoware_control_msgs/include/autoware_control_msgs/autoware_control_msgs/msg/detail/lateral__rosidl_typesupport_fastrtps_cpp.hpp
[40.505s] -- Symlinking: /home/sws/autoware/install/autoware_control_msgs/include/autoware_control_msgs/autoware_control_msgs/msg/detail/longitudinal__rosidl_typesupport_fastrtps_cpp.hpp
[40.506s] -- Symlinking: /home/sws/autoware/install/autoware_control_msgs/include/autoware_control_msgs/autoware_control_msgs/msg/rosidl_typesupport_fastrtps_cpp__visibility_control.h
[40.506s] -- Symlinking: /home/sws/autoware/install/autoware_control_msgs/include/autoware_control_msgs/autoware_control_msgs/msg/detail/control__rosidl_typesupport_introspection_c.h
[40.506s] -- Symlinking: /home/sws/autoware/install/autoware_control_msgs/include/autoware_control_msgs/autoware_control_msgs/msg/detail/control_horizon__rosidl_typesupport_introspection_c.h
[40.506s] -- Symlinking: /home/sws/autoware/install/autoware_control_msgs/include/autoware_control_msgs/autoware_control_msgs/msg/detail/lateral__rosidl_typesupport_introspection_c.h
[40.506s] -- Symlinking: /home/sws/autoware/install/autoware_control_msgs/include/autoware_control_msgs/autoware_control_msgs/msg/detail/longitudinal__rosidl_typesupport_introspection_c.h
[40.506s] -- Symlinking: /home/sws/autoware/install/autoware_control_msgs/include/autoware_control_msgs/autoware_control_msgs/msg/rosidl_typesupport_introspection_c__visibility_control.h
[40.506s] -- Symlinking: /home/sws/autoware/install/autoware_control_msgs/include/autoware_control_msgs/autoware_control_msgs/msg/detail/control__rosidl_typesupport_introspection_cpp.hpp
[40.507s] -- Symlinking: /home/sws/autoware/install/autoware_control_msgs/include/autoware_control_msgs/autoware_control_msgs/msg/detail/control_horizon__rosidl_typesupport_introspection_cpp.hpp
[40.507s] -- Symlinking: /home/sws/autoware/install/autoware_control_msgs/include/autoware_control_msgs/autoware_control_msgs/msg/detail/lateral__rosidl_typesupport_introspection_cpp.hpp
[40.507s] -- Symlinking: /home/sws/autoware/install/autoware_control_msgs/include/autoware_control_msgs/autoware_control_msgs/msg/detail/longitudinal__rosidl_typesupport_introspection_cpp.hpp
[40.507s] -- Symlinking: /home/sws/autoware/install/autoware_control_msgs/share/autoware_control_msgs/environment/pythonpath.sh
[40.507s] -- Symlinking: /home/sws/autoware/install/autoware_control_msgs/share/autoware_control_msgs/environment/pythonpath.dsv
[40.507s] -- Symlinking: /home/sws/autoware/install/autoware_control_msgs/local/lib/python3.10/dist-packages/autoware_control_msgs-1.0.0-py3.10.egg-info/PKG-INFO
[40.507s] -- Symlinking: /home/sws/autoware/install/autoware_control_msgs/local/lib/python3.10/dist-packages/autoware_control_msgs-1.0.0-py3.10.egg-info/SOURCES.txt
[40.507s] -- Symlinking: /home/sws/autoware/install/autoware_control_msgs/local/lib/python3.10/dist-packages/autoware_control_msgs-1.0.0-py3.10.egg-info/dependency_links.txt
[40.507s] -- Symlinking: /home/sws/autoware/install/autoware_control_msgs/local/lib/python3.10/dist-packages/autoware_control_msgs-1.0.0-py3.10.egg-info/top_level.txt
[40.508s] -- Symlinking: /home/sws/autoware/install/autoware_control_msgs/local/lib/python3.10/dist-packages/autoware_control_msgs/__init__.py
[40.508s] -- Symlinking: /home/sws/autoware/install/autoware_control_msgs/local/lib/python3.10/dist-packages/autoware_control_msgs/_autoware_control_msgs_s.ep.rosidl_typesupport_c.c
[40.508s] -- Symlinking: /home/sws/autoware/install/autoware_control_msgs/local/lib/python3.10/dist-packages/autoware_control_msgs/_autoware_control_msgs_s.ep.rosidl_typesupport_fastrtps_c.c
[40.508s] -- Symlinking: /home/sws/autoware/install/autoware_control_msgs/local/lib/python3.10/dist-packages/autoware_control_msgs/_autoware_control_msgs_s.ep.rosidl_typesupport_introspection_c.c
[40.508s] -- Symlinking: /home/sws/autoware/install/autoware_control_msgs/local/lib/python3.10/dist-packages/autoware_control_msgs/autoware_control_msgs_s__rosidl_typesupport_c.cpython-310-x86_64-linux-gnu.so
[40.508s] -- Symlinking: /home/sws/autoware/install/autoware_control_msgs/local/lib/python3.10/dist-packages/autoware_control_msgs/autoware_control_msgs_s__rosidl_typesupport_fastrtps_c.cpython-310-x86_64-linux-gnu.so
[40.508s] -- Symlinking: /home/sws/autoware/install/autoware_control_msgs/local/lib/python3.10/dist-packages/autoware_control_msgs/autoware_control_msgs_s__rosidl_typesupport_introspection_c.cpython-310-x86_64-linux-gnu.so
[40.508s] -- Symlinking: /home/sws/autoware/install/autoware_control_msgs/local/lib/python3.10/dist-packages/autoware_control_msgs/libautoware_control_msgs__rosidl_generator_py.so
[40.508s] -- Symlinking: /home/sws/autoware/install/autoware_control_msgs/local/lib/python3.10/dist-packages/autoware_control_msgs/msg/__init__.py
[40.508s] -- Symlinking: /home/sws/autoware/install/autoware_control_msgs/local/lib/python3.10/dist-packages/autoware_control_msgs/msg/_control.py
[40.508s] -- Symlinking: /home/sws/autoware/install/autoware_control_msgs/local/lib/python3.10/dist-packages/autoware_control_msgs/msg/_control_horizon.py
[40.509s] -- Symlinking: /home/sws/autoware/install/autoware_control_msgs/local/lib/python3.10/dist-packages/autoware_control_msgs/msg/_control_horizon_s.c
[40.509s] -- Symlinking: /home/sws/autoware/install/autoware_control_msgs/local/lib/python3.10/dist-packages/autoware_control_msgs/msg/_control_s.c
[40.509s] -- Symlinking: /home/sws/autoware/install/autoware_control_msgs/local/lib/python3.10/dist-packages/autoware_control_msgs/msg/_lateral.py
[40.509s] -- Symlinking: /home/sws/autoware/install/autoware_control_msgs/local/lib/python3.10/dist-packages/autoware_control_msgs/msg/_lateral_s.c
[40.509s] -- Symlinking: /home/sws/autoware/install/autoware_control_msgs/local/lib/python3.10/dist-packages/autoware_control_msgs/msg/_longitudinal.py
[40.509s] -- Symlinking: /home/sws/autoware/install/autoware_control_msgs/local/lib/python3.10/dist-packages/autoware_control_msgs/msg/_longitudinal_s.c
[40.509s] -- Up-to-date symlink: /home/sws/autoware/install/autoware_control_msgs/local/lib/python3.10/dist-packages/autoware_control_msgs/autoware_control_msgs_s__rosidl_typesupport_fastrtps_c.cpython-310-x86_64-linux-gnu.so
[40.509s] -- Up-to-date symlink: /home/sws/autoware/install/autoware_control_msgs/local/lib/python3.10/dist-packages/autoware_control_msgs/autoware_control_msgs_s__rosidl_typesupport_introspection_c.cpython-310-x86_64-linux-gnu.so
[40.509s] -- Up-to-date symlink: /home/sws/autoware/install/autoware_control_msgs/local/lib/python3.10/dist-packages/autoware_control_msgs/autoware_control_msgs_s__rosidl_typesupport_c.cpython-310-x86_64-linux-gnu.so
[40.510s] -- Symlinking: /home/sws/autoware/install/autoware_control_msgs/share/autoware_control_msgs/msg/Control.idl
[40.510s] -- Symlinking: /home/sws/autoware/install/autoware_control_msgs/share/autoware_control_msgs/msg/ControlHorizon.idl
[40.510s] -- Symlinking: /home/sws/autoware/install/autoware_control_msgs/share/autoware_control_msgs/msg/Lateral.idl
[40.514s] -- Symlinking: /home/sws/autoware/install/autoware_control_msgs/share/autoware_control_msgs/msg/Longitudinal.idl
[40.514s] -- Symlinking: /home/sws/autoware/install/autoware_control_msgs/share/autoware_control_msgs/msg/Control.msg
[40.514s] -- Symlinking: /home/sws/autoware/install/autoware_control_msgs/share/autoware_control_msgs/msg/ControlHorizon.msg
[40.514s] -- Symlinking: /home/sws/autoware/install/autoware_control_msgs/share/autoware_control_msgs/msg/Lateral.msg
[40.515s] -- Symlinking: /home/sws/autoware/install/autoware_control_msgs/share/autoware_control_msgs/msg/Longitudinal.msg
[40.515s] -- Symlinking: /home/sws/autoware/install/autoware_control_msgs/share/ament_index/resource_index/package_run_dependencies/autoware_control_msgs
[40.521s] -- Symlinking: /home/sws/autoware/install/autoware_control_msgs/share/ament_index/resource_index/parent_prefix_path/autoware_control_msgs
[40.536s] -- Symlinking: /home/sws/autoware/install/autoware_control_msgs/share/autoware_control_msgs/environment/ament_prefix_path.sh
[40.541s] -- Symlinking: /home/sws/autoware/install/autoware_control_msgs/share/autoware_control_msgs/environment/ament_prefix_path.dsv
[40.554s] -- Symlinking: /home/sws/autoware/install/autoware_control_msgs/share/autoware_control_msgs/environment/path.sh
[40.563s] -- Symlinking: /home/sws/autoware/install/autoware_control_msgs/share/autoware_control_msgs/environment/path.dsv
[40.573s] -- Symlinking: /home/sws/autoware/install/autoware_control_msgs/share/autoware_control_msgs/local_setup.bash
[40.583s] -- Symlinking: /home/sws/autoware/install/autoware_control_msgs/share/autoware_control_msgs/local_setup.sh
[40.589s] -- Symlinking: /home/sws/autoware/install/autoware_control_msgs/share/autoware_control_msgs/local_setup.zsh
[40.599s] -- Symlinking: /home/sws/autoware/install/autoware_control_msgs/share/autoware_control_msgs/local_setup.dsv
[40.607s] -- Symlinking: /home/sws/autoware/install/autoware_control_msgs/share/autoware_control_msgs/package.dsv
[40.616s] -- Symlinking: /home/sws/autoware/install/autoware_control_msgs/share/ament_index/resource_index/packages/autoware_control_msgs
[40.623s] -- Symlinking: /home/sws/autoware/install/autoware_control_msgs/share/autoware_control_msgs/cmake/rosidl_cmake-extras.cmake
[40.633s] -- Symlinking: /home/sws/autoware/install/autoware_control_msgs/share/autoware_control_msgs/cmake/ament_cmake_export_dependencies-extras.cmake
[40.644s] -- Symlinking: /home/sws/autoware/install/autoware_control_msgs/share/autoware_control_msgs/cmake/ament_cmake_export_include_directories-extras.cmake
[40.656s] -- Symlinking: /home/sws/autoware/install/autoware_control_msgs/share/autoware_control_msgs/cmake/ament_cmake_export_libraries-extras.cmake
[40.665s] -- Symlinking: /home/sws/autoware/install/autoware_control_msgs/share/autoware_control_msgs/cmake/ament_cmake_export_targets-extras.cmake
[40.675s] -- Symlinking: /home/sws/autoware/install/autoware_control_msgs/share/autoware_control_msgs/cmake/rosidl_cmake_export_typesupport_targets-extras.cmake
[40.685s] -- Symlinking: /home/sws/autoware/install/autoware_control_msgs/share/autoware_control_msgs/cmake/rosidl_cmake_export_typesupport_libraries-extras.cmake
[40.696s] -- Symlinking: /home/sws/autoware/install/autoware_control_msgs/share/autoware_control_msgs/cmake/autoware_control_msgsConfig.cmake
[40.707s] -- Symlinking: /home/sws/autoware/install/autoware_control_msgs/share/autoware_control_msgs/cmake/autoware_control_msgsConfig-version.cmake
[40.717s] -- Symlinking: /home/sws/autoware/install/autoware_control_msgs/share/autoware_control_msgs/package.xml
[40.727s] -- Installing: /home/sws/autoware/install/autoware_control_msgs/lib/libautoware_control_msgs__rosidl_generator_c.so
[40.727s] -- Set runtime path of "/home/sws/autoware/install/autoware_control_msgs/lib/libautoware_control_msgs__rosidl_generator_c.so" to ""
[40.728s] -- Installing: /home/sws/autoware/install/autoware_control_msgs/lib/libautoware_control_msgs__rosidl_typesupport_fastrtps_c.so
[40.728s] -- Set runtime path of "/home/sws/autoware/install/autoware_control_msgs/lib/libautoware_control_msgs__rosidl_typesupport_fastrtps_c.so" to ""
[40.729s] -- Installing: /home/sws/autoware/install/autoware_control_msgs/lib/libautoware_control_msgs__rosidl_typesupport_fastrtps_cpp.so
[40.729s] -- Set runtime path of "/home/sws/autoware/install/autoware_control_msgs/lib/libautoware_control_msgs__rosidl_typesupport_fastrtps_cpp.so" to ""
[40.729s] -- Installing: /home/sws/autoware/install/autoware_control_msgs/lib/libautoware_control_msgs__rosidl_typesupport_introspection_c.so
[40.730s] -- Set runtime path of "/home/sws/autoware/install/autoware_control_msgs/lib/libautoware_control_msgs__rosidl_typesupport_introspection_c.so" to ""
[40.730s] -- Installing: /home/sws/autoware/install/autoware_control_msgs/lib/libautoware_control_msgs__rosidl_typesupport_c.so
[40.731s] -- Set runtime path of "/home/sws/autoware/install/autoware_control_msgs/lib/libautoware_control_msgs__rosidl_typesupport_c.so" to ""
[40.731s] -- Installing: /home/sws/autoware/install/autoware_control_msgs/lib/libautoware_control_msgs__rosidl_typesupport_introspection_cpp.so
[40.731s] -- Set runtime path of "/home/sws/autoware/install/autoware_control_msgs/lib/libautoware_control_msgs__rosidl_typesupport_introspection_cpp.so" to ""
[40.732s] -- Installing: /home/sws/autoware/install/autoware_control_msgs/lib/libautoware_control_msgs__rosidl_typesupport_cpp.so
[40.732s] -- Set runtime path of "/home/sws/autoware/install/autoware_control_msgs/lib/libautoware_control_msgs__rosidl_typesupport_cpp.so" to ""
[40.778s] Listing '/home/sws/autoware/install/autoware_control_msgs/local/lib/python3.10/dist-packages/autoware_control_msgs'...
[40.778s] Compiling '/home/sws/autoware/install/autoware_control_msgs/local/lib/python3.10/dist-packages/autoware_control_msgs/__init__.py'...
[40.778s] Listing '/home/sws/autoware/install/autoware_control_msgs/local/lib/python3.10/dist-packages/autoware_control_msgs/msg'...
[40.778s] Compiling '/home/sws/autoware/install/autoware_control_msgs/local/lib/python3.10/dist-packages/autoware_control_msgs/msg/__init__.py'...
[40.778s] Compiling '/home/sws/autoware/install/autoware_control_msgs/local/lib/python3.10/dist-packages/autoware_control_msgs/msg/_control.py'...
[40.778s] Compiling '/home/sws/autoware/install/autoware_control_msgs/local/lib/python3.10/dist-packages/autoware_control_msgs/msg/_control_horizon.py'...
[40.779s] Compiling '/home/sws/autoware/install/autoware_control_msgs/local/lib/python3.10/dist-packages/autoware_control_msgs/msg/_lateral.py'...
[40.779s] Compiling '/home/sws/autoware/install/autoware_control_msgs/local/lib/python3.10/dist-packages/autoware_control_msgs/msg/_longitudinal.py'...
[40.783s] -- Installing: /home/sws/autoware/install/autoware_control_msgs/lib/libautoware_control_msgs__rosidl_generator_py.so
[40.784s] -- Set runtime path of "/home/sws/autoware/install/autoware_control_msgs/lib/libautoware_control_msgs__rosidl_generator_py.so" to ""
[40.784s] -- Installing: /home/sws/autoware/install/autoware_control_msgs/share/autoware_control_msgs/cmake/export_autoware_control_msgs__rosidl_generator_cExport.cmake
[40.784s] -- Installing: /home/sws/autoware/install/autoware_control_msgs/share/autoware_control_msgs/cmake/export_autoware_control_msgs__rosidl_generator_cExport-release.cmake
[40.784s] -- Installing: /home/sws/autoware/install/autoware_control_msgs/share/autoware_control_msgs/cmake/export_autoware_control_msgs__rosidl_typesupport_fastrtps_cExport.cmake
[40.785s] -- Installing: /home/sws/autoware/install/autoware_control_msgs/share/autoware_control_msgs/cmake/export_autoware_control_msgs__rosidl_typesupport_fastrtps_cExport-release.cmake
[40.785s] -- Installing: /home/sws/autoware/install/autoware_control_msgs/share/autoware_control_msgs/cmake/export_autoware_control_msgs__rosidl_generator_cppExport.cmake
[40.785s] -- Installing: /home/sws/autoware/install/autoware_control_msgs/share/autoware_control_msgs/cmake/export_autoware_control_msgs__rosidl_typesupport_fastrtps_cppExport.cmake
[40.785s] -- Installing: /home/sws/autoware/install/autoware_control_msgs/share/autoware_control_msgs/cmake/export_autoware_control_msgs__rosidl_typesupport_fastrtps_cppExport-release.cmake
[40.785s] -- Installing: /home/sws/autoware/install/autoware_control_msgs/share/autoware_control_msgs/cmake/autoware_control_msgs__rosidl_typesupport_introspection_cExport.cmake
[40.785s] -- Installing: /home/sws/autoware/install/autoware_control_msgs/share/autoware_control_msgs/cmake/autoware_control_msgs__rosidl_typesupport_introspection_cExport-release.cmake
[40.786s] -- Installing: /home/sws/autoware/install/autoware_control_msgs/share/autoware_control_msgs/cmake/autoware_control_msgs__rosidl_typesupport_cExport.cmake
[40.786s] -- Installing: /home/sws/autoware/install/autoware_control_msgs/share/autoware_control_msgs/cmake/autoware_control_msgs__rosidl_typesupport_cExport-release.cmake
[40.786s] -- Installing: /home/sws/autoware/install/autoware_control_msgs/share/autoware_control_msgs/cmake/autoware_control_msgs__rosidl_typesupport_introspection_cppExport.cmake
[40.786s] -- Installing: /home/sws/autoware/install/autoware_control_msgs/share/autoware_control_msgs/cmake/autoware_control_msgs__rosidl_typesupport_introspection_cppExport-release.cmake
[40.786s] -- Installing: /home/sws/autoware/install/autoware_control_msgs/share/autoware_control_msgs/cmake/autoware_control_msgs__rosidl_typesupport_cppExport.cmake
[40.787s] -- Installing: /home/sws/autoware/install/autoware_control_msgs/share/autoware_control_msgs/cmake/autoware_control_msgs__rosidl_typesupport_cppExport-release.cmake
[40.787s] -- Installing: /home/sws/autoware/install/autoware_control_msgs/share/autoware_control_msgs/cmake/export_autoware_control_msgs__rosidl_generator_pyExport.cmake
[40.787s] -- Installing: /home/sws/autoware/install/autoware_control_msgs/share/autoware_control_msgs/cmake/export_autoware_control_msgs__rosidl_generator_pyExport-release.cmake
[40.796s] Invoked command in '/home/sws/autoware/build/autoware_control_msgs' returned '0': CMAKE_PREFIX_PATH=/opt/ros/humble /usr/bin/cmake --install /home/sws/autoware/build/autoware_control_msgs
