[0.329s] Invoking command in '/home/sws/autoware/build/raw_vehicle_cmd_converter': AMENT_PREFIX_PATH=/home/sws/autoware/install/interpolation:/home/sws/autoware/install/tier4_autoware_utils:/home/sws/autoware/install/tier4_vehicle_msgs:/home/sws/autoware/install/autoware_auto_vehicle_msgs:/home/sws/autoware/install/tier4_control_msgs:/home/sws/autoware/install/autoware_cmake:/home/sws/autoware/install/autoware_auto_planning_msgs:/home/sws/autoware/install/autoware_auto_perception_msgs:/home/sws/autoware/install/tier4_debug_msgs:/home/sws/autoware/install/autoware_lint_common:/home/sws/autoware/install/autoware_common_msgs:/home/sws/autoware/install/autoware_auto_mapping_msgs:/home/sws/autoware/install/autoware_auto_geometry_msgs:/home/sws/autoware/install/autoware_auto_control_msgs:${AMENT_PREFIX_PATH} CMAKE_PREFIX_PATH=/home/sws/autoware/install/interpolation:/home/sws/autoware/install/tier4_autoware_utils:/home/sws/autoware/install/tier4_vehicle_msgs:/home/sws/autoware/install/autoware_auto_vehicle_msgs:/home/sws/autoware/install/tier4_control_msgs:/home/sws/autoware/install/autoware_cmake:/home/sws/autoware/install/autoware_auto_planning_msgs:/home/sws/autoware/install/autoware_auto_perception_msgs:/home/sws/autoware/install/tier4_debug_msgs:/home/sws/autoware/install/autoware_lint_common:/home/sws/autoware/install/autoware_common_msgs:/home/sws/autoware/install/autoware_auto_mapping_msgs:/home/sws/autoware/install/autoware_auto_geometry_msgs:/home/sws/autoware/install/autoware_auto_control_msgs:/opt/ros/humble LD_LIBRARY_PATH=/home/sws/autoware/install/interpolation/lib:/home/sws/autoware/install/tier4_autoware_utils/lib:/home/sws/autoware/install/tier4_vehicle_msgs/lib:/home/sws/autoware/install/autoware_auto_vehicle_msgs/lib:/home/sws/autoware/install/tier4_control_msgs/lib:/home/sws/autoware/install/autoware_auto_planning_msgs/lib:/home/sws/autoware/install/autoware_auto_perception_msgs/lib:/home/sws/autoware/install/tier4_debug_msgs/lib:/home/sws/autoware/install/autoware_common_msgs/lib:/home/sws/autoware/install/autoware_auto_mapping_msgs/lib:/home/sws/autoware/install/autoware_auto_geometry_msgs/lib:/home/sws/autoware/install/autoware_auto_control_msgs/lib:${LD_LIBRARY_PATH} PYTHONPATH=/home/sws/autoware/install/tier4_vehicle_msgs/local/lib/python3.10/dist-packages:/home/sws/autoware/install/autoware_auto_vehicle_msgs/local/lib/python3.10/dist-packages:/home/sws/autoware/install/tier4_control_msgs/local/lib/python3.10/dist-packages:/home/sws/autoware/install/autoware_auto_planning_msgs/local/lib/python3.10/dist-packages:/home/sws/autoware/install/autoware_auto_perception_msgs/local/lib/python3.10/dist-packages:/home/sws/autoware/install/tier4_debug_msgs/local/lib/python3.10/dist-packages:/home/sws/autoware/install/autoware_common_msgs/local/lib/python3.10/dist-packages:/home/sws/autoware/install/autoware_auto_mapping_msgs/local/lib/python3.10/dist-packages:/home/sws/autoware/install/autoware_auto_geometry_msgs/local/lib/python3.10/dist-packages:/home/sws/autoware/install/autoware_auto_control_msgs/local/lib/python3.10/dist-packages:${PYTHONPATH} /usr/bin/cmake /home/sws/autoware/src/universe/autoware.universe/vehicle/raw_vehicle_cmd_converter -DCMAKE_BUILD_TYPE=Release -DAMENT_CMAKE_SYMLINK_INSTALL=1 -DCMAKE_INSTALL_PREFIX=/home/sws/autoware/install/raw_vehicle_cmd_converter
[38.251s] -- The C compiler identification is GNU 11.3.0
[38.251s] -- The CXX compiler identification is GNU 11.3.0
[38.251s] -- Detecting C compiler ABI info
[38.251s] -- Detecting C compiler ABI info - done
[38.251s] -- Check for working C compiler: /usr/bin/cc - skipped
[38.251s] -- Detecting C compile features
[38.252s] -- Detecting C compile features - done
[38.252s] -- Detecting CXX compiler ABI info
[38.252s] -- Detecting CXX compiler ABI info - done
[38.252s] -- Check for working CXX compiler: /usr/bin/c++ - skipped
[38.252s] -- Detecting CXX compile features
[38.252s] -- Detecting CXX compile features - done
[38.252s] -- Found autoware_cmake: 0.1.0 (/home/sws/autoware/install/autoware_cmake/share/autoware_cmake/cmake)
[38.252s] -- Found Python3: /usr/bin/python3.10 (found version "3.10.6") found components: Interpreter 
[38.252s] -- Override CMake install command with custom implementation using symlinks instead of copying resources
[38.252s] -- Found rosidl_generator_c: 3.1.4 (/opt/ros/humble/share/rosidl_generator_c/cmake)
[38.253s] -- Found rosidl_adapter: 3.1.4 (/opt/ros/humble/share/rosidl_adapter/cmake)
[38.253s] -- Found rosidl_generator_cpp: 3.1.4 (/opt/ros/humble/share/rosidl_generator_cpp/cmake)
[38.253s] -- Using all available rosidl_typesupport_c: rosidl_typesupport_fastrtps_c;rosidl_typesupport_introspection_c
[38.253s] -- Using all available rosidl_typesupport_cpp: rosidl_typesupport_fastrtps_cpp;rosidl_typesupport_introspection_cpp
[38.253s] -- Found rmw_implementation_cmake: 6.1.1 (/opt/ros/humble/share/rmw_implementation_cmake/cmake)
[38.253s] -- Found rmw_fastrtps_cpp: 6.2.2 (/opt/ros/humble/share/rmw_fastrtps_cpp/cmake)
[38.253s] -- Found OpenSSL: /usr/lib/x86_64-linux-gnu/libcrypto.so (found version "3.0.2")  
[38.253s] -- Found FastRTPS: /opt/ros/humble/include  
[38.253s] -- Using RMW implementation 'rmw_fastrtps_cpp' as default
[38.253s] -- Looking for pthread.h
[38.254s] -- Looking for pthread.h - found
[38.254s] -- Performing Test CMAKE_HAVE_LIBC_PTHREAD
[38.254s] -- Performing Test CMAKE_HAVE_LIBC_PTHREAD - Success
[38.254s] -- Found Threads: TRUE  
[38.254s] -- Found eigen3_cmake_module: 0.1.1 (/opt/ros/humble/share/eigen3_cmake_module/cmake)
[38.254s] -- Found Eigen3: TRUE (found version "3.4.0") 
[38.254s] -- Ensuring Eigen3 include directory is part of orocos-kdl CMake target
[38.254s] -- Found ament_lint_auto: 0.12.5 (/opt/ros/humble/share/ament_lint_auto/cmake)
[38.254s] -- Found gtest sources under '/opt/ros/humble/src/gtest_vendor': C++ tests using 'Google Test' will be built
[38.254s] -- Added test 'copyright' to check source files copyright and LICENSE
[38.254s] -- Added test 'cppcheck' to perform static code analysis on C / C++ code
[38.255s] -- Configured cppcheck include dirs: /home/sws/autoware/src/universe/autoware.universe/vehicle/raw_vehicle_cmd_converter/include
[38.255s] -- Configured cppcheck exclude dirs and/or files: 
[38.255s] -- Added test 'lint_cmake' to check CMake code style
[38.255s] -- Added test 'xmllint' to check XML markup files
[38.255s] -- Configuring done
[38.255s] -- Generating done
[38.255s] -- Build files have been written to: /home/sws/autoware/build/raw_vehicle_cmd_converter
[38.346s] Invoked command in '/home/sws/autoware/build/raw_vehicle_cmd_converter' returned '0': AMENT_PREFIX_PATH=/home/sws/autoware/install/interpolation:/home/sws/autoware/install/tier4_autoware_utils:/home/sws/autoware/install/tier4_vehicle_msgs:/home/sws/autoware/install/autoware_auto_vehicle_msgs:/home/sws/autoware/install/tier4_control_msgs:/home/sws/autoware/install/autoware_cmake:/home/sws/autoware/install/autoware_auto_planning_msgs:/home/sws/autoware/install/autoware_auto_perception_msgs:/home/sws/autoware/install/tier4_debug_msgs:/home/sws/autoware/install/autoware_lint_common:/home/sws/autoware/install/autoware_common_msgs:/home/sws/autoware/install/autoware_auto_mapping_msgs:/home/sws/autoware/install/autoware_auto_geometry_msgs:/home/sws/autoware/install/autoware_auto_control_msgs:${AMENT_PREFIX_PATH} CMAKE_PREFIX_PATH=/home/sws/autoware/install/interpolation:/home/sws/autoware/install/tier4_autoware_utils:/home/sws/autoware/install/tier4_vehicle_msgs:/home/sws/autoware/install/autoware_auto_vehicle_msgs:/home/sws/autoware/install/tier4_control_msgs:/home/sws/autoware/install/autoware_cmake:/home/sws/autoware/install/autoware_auto_planning_msgs:/home/sws/autoware/install/autoware_auto_perception_msgs:/home/sws/autoware/install/tier4_debug_msgs:/home/sws/autoware/install/autoware_lint_common:/home/sws/autoware/install/autoware_common_msgs:/home/sws/autoware/install/autoware_auto_mapping_msgs:/home/sws/autoware/install/autoware_auto_geometry_msgs:/home/sws/autoware/install/autoware_auto_control_msgs:/opt/ros/humble LD_LIBRARY_PATH=/home/sws/autoware/install/interpolation/lib:/home/sws/autoware/install/tier4_autoware_utils/lib:/home/sws/autoware/install/tier4_vehicle_msgs/lib:/home/sws/autoware/install/autoware_auto_vehicle_msgs/lib:/home/sws/autoware/install/tier4_control_msgs/lib:/home/sws/autoware/install/autoware_auto_planning_msgs/lib:/home/sws/autoware/install/autoware_auto_perception_msgs/lib:/home/sws/autoware/install/tier4_debug_msgs/lib:/home/sws/autoware/install/autoware_common_msgs/lib:/home/sws/autoware/install/autoware_auto_mapping_msgs/lib:/home/sws/autoware/install/autoware_auto_geometry_msgs/lib:/home/sws/autoware/install/autoware_auto_control_msgs/lib:${LD_LIBRARY_PATH} PYTHONPATH=/home/sws/autoware/install/tier4_vehicle_msgs/local/lib/python3.10/dist-packages:/home/sws/autoware/install/autoware_auto_vehicle_msgs/local/lib/python3.10/dist-packages:/home/sws/autoware/install/tier4_control_msgs/local/lib/python3.10/dist-packages:/home/sws/autoware/install/autoware_auto_planning_msgs/local/lib/python3.10/dist-packages:/home/sws/autoware/install/autoware_auto_perception_msgs/local/lib/python3.10/dist-packages:/home/sws/autoware/install/tier4_debug_msgs/local/lib/python3.10/dist-packages:/home/sws/autoware/install/autoware_common_msgs/local/lib/python3.10/dist-packages:/home/sws/autoware/install/autoware_auto_mapping_msgs/local/lib/python3.10/dist-packages:/home/sws/autoware/install/autoware_auto_geometry_msgs/local/lib/python3.10/dist-packages:/home/sws/autoware/install/autoware_auto_control_msgs/local/lib/python3.10/dist-packages:${PYTHONPATH} /usr/bin/cmake /home/sws/autoware/src/universe/autoware.universe/vehicle/raw_vehicle_cmd_converter -DCMAKE_BUILD_TYPE=Release -DAMENT_CMAKE_SYMLINK_INSTALL=1 -DCMAKE_INSTALL_PREFIX=/home/sws/autoware/install/raw_vehicle_cmd_converter
[38.347s] Invoking command in '/home/sws/autoware/build/raw_vehicle_cmd_converter': AMENT_PREFIX_PATH=/home/sws/autoware/install/interpolation:/home/sws/autoware/install/tier4_autoware_utils:/home/sws/autoware/install/tier4_vehicle_msgs:/home/sws/autoware/install/autoware_auto_vehicle_msgs:/home/sws/autoware/install/tier4_control_msgs:/home/sws/autoware/install/autoware_cmake:/home/sws/autoware/install/autoware_auto_planning_msgs:/home/sws/autoware/install/autoware_auto_perception_msgs:/home/sws/autoware/install/tier4_debug_msgs:/home/sws/autoware/install/autoware_lint_common:/home/sws/autoware/install/autoware_common_msgs:/home/sws/autoware/install/autoware_auto_mapping_msgs:/home/sws/autoware/install/autoware_auto_geometry_msgs:/home/sws/autoware/install/autoware_auto_control_msgs:${AMENT_PREFIX_PATH} CMAKE_PREFIX_PATH=/home/sws/autoware/install/interpolation:/home/sws/autoware/install/tier4_autoware_utils:/home/sws/autoware/install/tier4_vehicle_msgs:/home/sws/autoware/install/autoware_auto_vehicle_msgs:/home/sws/autoware/install/tier4_control_msgs:/home/sws/autoware/install/autoware_cmake:/home/sws/autoware/install/autoware_auto_planning_msgs:/home/sws/autoware/install/autoware_auto_perception_msgs:/home/sws/autoware/install/tier4_debug_msgs:/home/sws/autoware/install/autoware_lint_common:/home/sws/autoware/install/autoware_common_msgs:/home/sws/autoware/install/autoware_auto_mapping_msgs:/home/sws/autoware/install/autoware_auto_geometry_msgs:/home/sws/autoware/install/autoware_auto_control_msgs:/opt/ros/humble LD_LIBRARY_PATH=/home/sws/autoware/install/interpolation/lib:/home/sws/autoware/install/tier4_autoware_utils/lib:/home/sws/autoware/install/tier4_vehicle_msgs/lib:/home/sws/autoware/install/autoware_auto_vehicle_msgs/lib:/home/sws/autoware/install/tier4_control_msgs/lib:/home/sws/autoware/install/autoware_auto_planning_msgs/lib:/home/sws/autoware/install/autoware_auto_perception_msgs/lib:/home/sws/autoware/install/tier4_debug_msgs/lib:/home/sws/autoware/install/autoware_common_msgs/lib:/home/sws/autoware/install/autoware_auto_mapping_msgs/lib:/home/sws/autoware/install/autoware_auto_geometry_msgs/lib:/home/sws/autoware/install/autoware_auto_control_msgs/lib:${LD_LIBRARY_PATH} PYTHONPATH=/home/sws/autoware/install/tier4_vehicle_msgs/local/lib/python3.10/dist-packages:/home/sws/autoware/install/autoware_auto_vehicle_msgs/local/lib/python3.10/dist-packages:/home/sws/autoware/install/tier4_control_msgs/local/lib/python3.10/dist-packages:/home/sws/autoware/install/autoware_auto_planning_msgs/local/lib/python3.10/dist-packages:/home/sws/autoware/install/autoware_auto_perception_msgs/local/lib/python3.10/dist-packages:/home/sws/autoware/install/tier4_debug_msgs/local/lib/python3.10/dist-packages:/home/sws/autoware/install/autoware_common_msgs/local/lib/python3.10/dist-packages:/home/sws/autoware/install/autoware_auto_mapping_msgs/local/lib/python3.10/dist-packages:/home/sws/autoware/install/autoware_auto_geometry_msgs/local/lib/python3.10/dist-packages:/home/sws/autoware/install/autoware_auto_control_msgs/local/lib/python3.10/dist-packages:${PYTHONPATH} /usr/bin/cmake --build /home/sws/autoware/build/raw_vehicle_cmd_converter -- -j16 -l16
[38.535s] [  6%] [32mBuilding CXX object CMakeFiles/actuation_map_converter.dir/src/accel_map.cpp.o[0m
[44.925s] [ 12%] [32mBuilding CXX object CMakeFiles/actuation_map_converter.dir/src/pid.cpp.o[0m
[45.801s] [ 18%] [32mBuilding CXX object CMakeFiles/actuation_map_converter.dir/src/csv_loader.cpp.o[0m
[47.307s] [ 25%] [32mBuilding CXX object CMakeFiles/actuation_map_converter.dir/src/steer_map.cpp.o[0m
[52.000s] [ 31%] [32mBuilding CXX object CMakeFiles/actuation_map_converter.dir/src/brake_map.cpp.o[0m
[55.057s] [ 37%] [32m[1mLinking CXX shared library libactuation_map_converter.so[0m
[55.245s] [ 37%] Built target actuation_map_converter
[55.265s] [ 43%] [32mBuilding CXX object gtest/CMakeFiles/gtest.dir/src/gtest-all.cc.o[0m
[67.965s] [ 50%] [32m[1mLinking CXX static library libgtest.a[0m
[68.160s] [ 50%] Built target gtest
[68.302s] [ 56%] [32mBuilding CXX object CMakeFiles/raw_vehicle_cmd_converter_node_component.dir/src/node.cpp.o[0m
[98.591s] [ 62%] [32m[1mLinking CXX shared library libraw_vehicle_cmd_converter_node_component.so[0m
[99.147s] [ 62%] Built target raw_vehicle_cmd_converter_node_component
[99.177s] [ 68%] [32mBuilding CXX object gtest/CMakeFiles/gtest_main.dir/src/gtest_main.cc.o[0m
[100.153s] [ 75%] [32m[1mLinking CXX static library libgtest_main.a[0m
[100.190s] [ 75%] Built target gtest_main
[100.216s] [ 81%] [32mBuilding CXX object CMakeFiles/raw_vehicle_cmd_converter_node.dir/rclcpp_components/node_main_raw_vehicle_cmd_converter_node.cpp.o[0m
[105.322s] [ 87%] [32m[1mLinking CXX executable raw_vehicle_cmd_converter_node[0m
[105.492s] [ 87%] Built target raw_vehicle_cmd_converter_node
[105.531s] [ 93%] [32mBuilding CXX object CMakeFiles/test_raw_vehicle_cmd_converter.dir/test/test_raw_vehicle_cmd_converter.cpp.o[0m
[112.399s] [100%] [32m[1mLinking CXX executable test_raw_vehicle_cmd_converter[0m
[112.744s] [100%] Built target test_raw_vehicle_cmd_converter
[112.763s] Invoked command in '/home/sws/autoware/build/raw_vehicle_cmd_converter' returned '0': AMENT_PREFIX_PATH=/home/sws/autoware/install/interpolation:/home/sws/autoware/install/tier4_autoware_utils:/home/sws/autoware/install/tier4_vehicle_msgs:/home/sws/autoware/install/autoware_auto_vehicle_msgs:/home/sws/autoware/install/tier4_control_msgs:/home/sws/autoware/install/autoware_cmake:/home/sws/autoware/install/autoware_auto_planning_msgs:/home/sws/autoware/install/autoware_auto_perception_msgs:/home/sws/autoware/install/tier4_debug_msgs:/home/sws/autoware/install/autoware_lint_common:/home/sws/autoware/install/autoware_common_msgs:/home/sws/autoware/install/autoware_auto_mapping_msgs:/home/sws/autoware/install/autoware_auto_geometry_msgs:/home/sws/autoware/install/autoware_auto_control_msgs:${AMENT_PREFIX_PATH} CMAKE_PREFIX_PATH=/home/sws/autoware/install/interpolation:/home/sws/autoware/install/tier4_autoware_utils:/home/sws/autoware/install/tier4_vehicle_msgs:/home/sws/autoware/install/autoware_auto_vehicle_msgs:/home/sws/autoware/install/tier4_control_msgs:/home/sws/autoware/install/autoware_cmake:/home/sws/autoware/install/autoware_auto_planning_msgs:/home/sws/autoware/install/autoware_auto_perception_msgs:/home/sws/autoware/install/tier4_debug_msgs:/home/sws/autoware/install/autoware_lint_common:/home/sws/autoware/install/autoware_common_msgs:/home/sws/autoware/install/autoware_auto_mapping_msgs:/home/sws/autoware/install/autoware_auto_geometry_msgs:/home/sws/autoware/install/autoware_auto_control_msgs:/opt/ros/humble LD_LIBRARY_PATH=/home/sws/autoware/install/interpolation/lib:/home/sws/autoware/install/tier4_autoware_utils/lib:/home/sws/autoware/install/tier4_vehicle_msgs/lib:/home/sws/autoware/install/autoware_auto_vehicle_msgs/lib:/home/sws/autoware/install/tier4_control_msgs/lib:/home/sws/autoware/install/autoware_auto_planning_msgs/lib:/home/sws/autoware/install/autoware_auto_perception_msgs/lib:/home/sws/autoware/install/tier4_debug_msgs/lib:/home/sws/autoware/install/autoware_common_msgs/lib:/home/sws/autoware/install/autoware_auto_mapping_msgs/lib:/home/sws/autoware/install/autoware_auto_geometry_msgs/lib:/home/sws/autoware/install/autoware_auto_control_msgs/lib:${LD_LIBRARY_PATH} PYTHONPATH=/home/sws/autoware/install/tier4_vehicle_msgs/local/lib/python3.10/dist-packages:/home/sws/autoware/install/autoware_auto_vehicle_msgs/local/lib/python3.10/dist-packages:/home/sws/autoware/install/tier4_control_msgs/local/lib/python3.10/dist-packages:/home/sws/autoware/install/autoware_auto_planning_msgs/local/lib/python3.10/dist-packages:/home/sws/autoware/install/autoware_auto_perception_msgs/local/lib/python3.10/dist-packages:/home/sws/autoware/install/tier4_debug_msgs/local/lib/python3.10/dist-packages:/home/sws/autoware/install/autoware_common_msgs/local/lib/python3.10/dist-packages:/home/sws/autoware/install/autoware_auto_mapping_msgs/local/lib/python3.10/dist-packages:/home/sws/autoware/install/autoware_auto_geometry_msgs/local/lib/python3.10/dist-packages:/home/sws/autoware/install/autoware_auto_control_msgs/local/lib/python3.10/dist-packages:${PYTHONPATH} /usr/bin/cmake --build /home/sws/autoware/build/raw_vehicle_cmd_converter -- -j16 -l16
[112.828s] Invoking command in '/home/sws/autoware/build/raw_vehicle_cmd_converter': AMENT_PREFIX_PATH=/home/sws/autoware/install/interpolation:/home/sws/autoware/install/tier4_autoware_utils:/home/sws/autoware/install/tier4_vehicle_msgs:/home/sws/autoware/install/autoware_auto_vehicle_msgs:/home/sws/autoware/install/tier4_control_msgs:/home/sws/autoware/install/autoware_cmake:/home/sws/autoware/install/autoware_auto_planning_msgs:/home/sws/autoware/install/autoware_auto_perception_msgs:/home/sws/autoware/install/tier4_debug_msgs:/home/sws/autoware/install/autoware_lint_common:/home/sws/autoware/install/autoware_common_msgs:/home/sws/autoware/install/autoware_auto_mapping_msgs:/home/sws/autoware/install/autoware_auto_geometry_msgs:/home/sws/autoware/install/autoware_auto_control_msgs:${AMENT_PREFIX_PATH} CMAKE_PREFIX_PATH=/home/sws/autoware/install/interpolation:/home/sws/autoware/install/tier4_autoware_utils:/home/sws/autoware/install/tier4_vehicle_msgs:/home/sws/autoware/install/autoware_auto_vehicle_msgs:/home/sws/autoware/install/tier4_control_msgs:/home/sws/autoware/install/autoware_cmake:/home/sws/autoware/install/autoware_auto_planning_msgs:/home/sws/autoware/install/autoware_auto_perception_msgs:/home/sws/autoware/install/tier4_debug_msgs:/home/sws/autoware/install/autoware_lint_common:/home/sws/autoware/install/autoware_common_msgs:/home/sws/autoware/install/autoware_auto_mapping_msgs:/home/sws/autoware/install/autoware_auto_geometry_msgs:/home/sws/autoware/install/autoware_auto_control_msgs:/opt/ros/humble LD_LIBRARY_PATH=/home/sws/autoware/install/interpolation/lib:/home/sws/autoware/install/tier4_autoware_utils/lib:/home/sws/autoware/install/tier4_vehicle_msgs/lib:/home/sws/autoware/install/autoware_auto_vehicle_msgs/lib:/home/sws/autoware/install/tier4_control_msgs/lib:/home/sws/autoware/install/autoware_auto_planning_msgs/lib:/home/sws/autoware/install/autoware_auto_perception_msgs/lib:/home/sws/autoware/install/tier4_debug_msgs/lib:/home/sws/autoware/install/autoware_common_msgs/lib:/home/sws/autoware/install/autoware_auto_mapping_msgs/lib:/home/sws/autoware/install/autoware_auto_geometry_msgs/lib:/home/sws/autoware/install/autoware_auto_control_msgs/lib:${LD_LIBRARY_PATH} PYTHONPATH=/home/sws/autoware/install/tier4_vehicle_msgs/local/lib/python3.10/dist-packages:/home/sws/autoware/install/autoware_auto_vehicle_msgs/local/lib/python3.10/dist-packages:/home/sws/autoware/install/tier4_control_msgs/local/lib/python3.10/dist-packages:/home/sws/autoware/install/autoware_auto_planning_msgs/local/lib/python3.10/dist-packages:/home/sws/autoware/install/autoware_auto_perception_msgs/local/lib/python3.10/dist-packages:/home/sws/autoware/install/tier4_debug_msgs/local/lib/python3.10/dist-packages:/home/sws/autoware/install/autoware_common_msgs/local/lib/python3.10/dist-packages:/home/sws/autoware/install/autoware_auto_mapping_msgs/local/lib/python3.10/dist-packages:/home/sws/autoware/install/autoware_auto_geometry_msgs/local/lib/python3.10/dist-packages:/home/sws/autoware/install/autoware_auto_control_msgs/local/lib/python3.10/dist-packages:${PYTHONPATH} /usr/bin/cmake --install /home/sws/autoware/build/raw_vehicle_cmd_converter
[137.343s] -- Install configuration: "Release"
[137.343s] -- Execute custom install script
[137.344s] -- Symlinking: /home/sws/autoware/install/raw_vehicle_cmd_converter/lib/raw_vehicle_cmd_converter/raw_vehicle_cmd_converter_node
[137.344s] -- Symlinking: /home/sws/autoware/install/raw_vehicle_cmd_converter/include/raw_vehicle_cmd_converter/accel_map.hpp
[137.344s] -- Symlinking: /home/sws/autoware/install/raw_vehicle_cmd_converter/include/raw_vehicle_cmd_converter/brake_map.hpp
[137.344s] -- Symlinking: /home/sws/autoware/install/raw_vehicle_cmd_converter/include/raw_vehicle_cmd_converter/csv_loader.hpp
[137.344s] -- Symlinking: /home/sws/autoware/install/raw_vehicle_cmd_converter/include/raw_vehicle_cmd_converter/node.hpp
[137.344s] -- Symlinking: /home/sws/autoware/install/raw_vehicle_cmd_converter/include/raw_vehicle_cmd_converter/pid.hpp
[137.344s] -- Symlinking: /home/sws/autoware/install/raw_vehicle_cmd_converter/include/raw_vehicle_cmd_converter/steer_map.hpp
[137.344s] -- Symlinking: /home/sws/autoware/install/raw_vehicle_cmd_converter/share/raw_vehicle_cmd_converter/environment/library_path.sh
[137.344s] -- Symlinking: /home/sws/autoware/install/raw_vehicle_cmd_converter/share/raw_vehicle_cmd_converter/environment/library_path.dsv
[137.344s] -- Symlinking: /home/sws/autoware/install/raw_vehicle_cmd_converter/lib/libactuation_map_converter.so
[137.344s] -- Symlinking: /home/sws/autoware/install/raw_vehicle_cmd_converter/lib/libraw_vehicle_cmd_converter_node_component.so
[137.344s] -- Symlinking: /home/sws/autoware/install/raw_vehicle_cmd_converter/share/raw_vehicle_cmd_converter/config/converter.param.yaml
[137.345s] -- Symlinking: /home/sws/autoware/install/raw_vehicle_cmd_converter/share/raw_vehicle_cmd_converter/data/default/accel_map.csv
[137.345s] -- Symlinking: /home/sws/autoware/install/raw_vehicle_cmd_converter/share/raw_vehicle_cmd_converter/data/default/brake_map.csv
[137.345s] -- Symlinking: /home/sws/autoware/install/raw_vehicle_cmd_converter/share/raw_vehicle_cmd_converter/data/default/steer_map.csv
[137.345s] -- Symlinking: /home/sws/autoware/install/raw_vehicle_cmd_converter/share/raw_vehicle_cmd_converter/launch/raw_vehicle_converter.launch.xml
[137.345s] -- Symlinking: /home/sws/autoware/install/raw_vehicle_cmd_converter/share/raw_vehicle_cmd_converter/test/map_data/test_1col_map.csv
[137.345s] -- Symlinking: /home/sws/autoware/install/raw_vehicle_cmd_converter/share/raw_vehicle_cmd_converter/test/map_data/test_accel_map.csv
[137.345s] -- Symlinking: /home/sws/autoware/install/raw_vehicle_cmd_converter/share/raw_vehicle_cmd_converter/test/map_data/test_brake_map.csv
[137.345s] -- Symlinking: /home/sws/autoware/install/raw_vehicle_cmd_converter/share/raw_vehicle_cmd_converter/test/map_data/test_inconsistent_rows_map.csv
[137.345s] -- Symlinking: /home/sws/autoware/install/raw_vehicle_cmd_converter/share/raw_vehicle_cmd_converter/test/map_data/test_not_interpolatable.csv
[137.345s] -- Symlinking: /home/sws/autoware/install/raw_vehicle_cmd_converter/share/raw_vehicle_cmd_converter/test/map_data/test_steer_map.csv
[137.345s] -- Symlinking: /home/sws/autoware/install/raw_vehicle_cmd_converter/share/raw_vehicle_cmd_converter/test/test_raw_vehicle_cmd_converter.cpp
[137.346s] -- Symlinking: /home/sws/autoware/install/raw_vehicle_cmd_converter/share/ament_index/resource_index/package_run_dependencies/raw_vehicle_cmd_converter
[137.346s] -- Symlinking: /home/sws/autoware/install/raw_vehicle_cmd_converter/share/ament_index/resource_index/parent_prefix_path/raw_vehicle_cmd_converter
[137.346s] -- Symlinking: /home/sws/autoware/install/raw_vehicle_cmd_converter/share/raw_vehicle_cmd_converter/environment/ament_prefix_path.sh
[137.346s] -- Symlinking: /home/sws/autoware/install/raw_vehicle_cmd_converter/share/raw_vehicle_cmd_converter/environment/ament_prefix_path.dsv
[137.346s] -- Symlinking: /home/sws/autoware/install/raw_vehicle_cmd_converter/share/raw_vehicle_cmd_converter/environment/path.sh
[137.346s] -- Symlinking: /home/sws/autoware/install/raw_vehicle_cmd_converter/share/raw_vehicle_cmd_converter/environment/path.dsv
[137.346s] -- Symlinking: /home/sws/autoware/install/raw_vehicle_cmd_converter/share/raw_vehicle_cmd_converter/local_setup.bash
[137.346s] -- Symlinking: /home/sws/autoware/install/raw_vehicle_cmd_converter/share/raw_vehicle_cmd_converter/local_setup.sh
[137.346s] -- Symlinking: /home/sws/autoware/install/raw_vehicle_cmd_converter/share/raw_vehicle_cmd_converter/local_setup.zsh
[137.346s] -- Symlinking: /home/sws/autoware/install/raw_vehicle_cmd_converter/share/raw_vehicle_cmd_converter/local_setup.dsv
[137.346s] -- Symlinking: /home/sws/autoware/install/raw_vehicle_cmd_converter/share/raw_vehicle_cmd_converter/package.dsv
[137.355s] -- Symlinking: /home/sws/autoware/install/raw_vehicle_cmd_converter/share/ament_index/resource_index/packages/raw_vehicle_cmd_converter
[137.402s] -- Symlinking: /home/sws/autoware/install/raw_vehicle_cmd_converter/share/ament_index/resource_index/rclcpp_components/raw_vehicle_cmd_converter
[137.402s] -- Symlinking: /home/sws/autoware/install/raw_vehicle_cmd_converter/share/raw_vehicle_cmd_converter/cmake/ament_cmake_export_dependencies-extras.cmake
[137.402s] -- Symlinking: /home/sws/autoware/install/raw_vehicle_cmd_converter/share/raw_vehicle_cmd_converter/cmake/ament_cmake_export_include_directories-extras.cmake
[137.402s] -- Symlinking: /home/sws/autoware/install/raw_vehicle_cmd_converter/share/raw_vehicle_cmd_converter/cmake/ament_cmake_export_libraries-extras.cmake
[137.402s] -- Symlinking: /home/sws/autoware/install/raw_vehicle_cmd_converter/share/raw_vehicle_cmd_converter/cmake/raw_vehicle_cmd_converterConfig.cmake
[137.402s] -- Symlinking: /home/sws/autoware/install/raw_vehicle_cmd_converter/share/raw_vehicle_cmd_converter/cmake/raw_vehicle_cmd_converterConfig-version.cmake
[137.402s] -- Symlinking: /home/sws/autoware/install/raw_vehicle_cmd_converter/share/raw_vehicle_cmd_converter/package.xml
[137.403s] -- Symlinking: /home/sws/autoware/install/raw_vehicle_cmd_converter/lib/raw_vehicle_cmd_converter/plot_accel_brake_map.py
[137.479s] Invoked command in '/home/sws/autoware/build/raw_vehicle_cmd_converter' returned '0': AMENT_PREFIX_PATH=/home/sws/autoware/install/interpolation:/home/sws/autoware/install/tier4_autoware_utils:/home/sws/autoware/install/tier4_vehicle_msgs:/home/sws/autoware/install/autoware_auto_vehicle_msgs:/home/sws/autoware/install/tier4_control_msgs:/home/sws/autoware/install/autoware_cmake:/home/sws/autoware/install/autoware_auto_planning_msgs:/home/sws/autoware/install/autoware_auto_perception_msgs:/home/sws/autoware/install/tier4_debug_msgs:/home/sws/autoware/install/autoware_lint_common:/home/sws/autoware/install/autoware_common_msgs:/home/sws/autoware/install/autoware_auto_mapping_msgs:/home/sws/autoware/install/autoware_auto_geometry_msgs:/home/sws/autoware/install/autoware_auto_control_msgs:${AMENT_PREFIX_PATH} CMAKE_PREFIX_PATH=/home/sws/autoware/install/interpolation:/home/sws/autoware/install/tier4_autoware_utils:/home/sws/autoware/install/tier4_vehicle_msgs:/home/sws/autoware/install/autoware_auto_vehicle_msgs:/home/sws/autoware/install/tier4_control_msgs:/home/sws/autoware/install/autoware_cmake:/home/sws/autoware/install/autoware_auto_planning_msgs:/home/sws/autoware/install/autoware_auto_perception_msgs:/home/sws/autoware/install/tier4_debug_msgs:/home/sws/autoware/install/autoware_lint_common:/home/sws/autoware/install/autoware_common_msgs:/home/sws/autoware/install/autoware_auto_mapping_msgs:/home/sws/autoware/install/autoware_auto_geometry_msgs:/home/sws/autoware/install/autoware_auto_control_msgs:/opt/ros/humble LD_LIBRARY_PATH=/home/sws/autoware/install/interpolation/lib:/home/sws/autoware/install/tier4_autoware_utils/lib:/home/sws/autoware/install/tier4_vehicle_msgs/lib:/home/sws/autoware/install/autoware_auto_vehicle_msgs/lib:/home/sws/autoware/install/tier4_control_msgs/lib:/home/sws/autoware/install/autoware_auto_planning_msgs/lib:/home/sws/autoware/install/autoware_auto_perception_msgs/lib:/home/sws/autoware/install/tier4_debug_msgs/lib:/home/sws/autoware/install/autoware_common_msgs/lib:/home/sws/autoware/install/autoware_auto_mapping_msgs/lib:/home/sws/autoware/install/autoware_auto_geometry_msgs/lib:/home/sws/autoware/install/autoware_auto_control_msgs/lib:${LD_LIBRARY_PATH} PYTHONPATH=/home/sws/autoware/install/tier4_vehicle_msgs/local/lib/python3.10/dist-packages:/home/sws/autoware/install/autoware_auto_vehicle_msgs/local/lib/python3.10/dist-packages:/home/sws/autoware/install/tier4_control_msgs/local/lib/python3.10/dist-packages:/home/sws/autoware/install/autoware_auto_planning_msgs/local/lib/python3.10/dist-packages:/home/sws/autoware/install/autoware_auto_perception_msgs/local/lib/python3.10/dist-packages:/home/sws/autoware/install/tier4_debug_msgs/local/lib/python3.10/dist-packages:/home/sws/autoware/install/autoware_common_msgs/local/lib/python3.10/dist-packages:/home/sws/autoware/install/autoware_auto_mapping_msgs/local/lib/python3.10/dist-packages:/home/sws/autoware/install/autoware_auto_geometry_msgs/local/lib/python3.10/dist-packages:/home/sws/autoware/install/autoware_auto_control_msgs/local/lib/python3.10/dist-packages:${PYTHONPATH} /usr/bin/cmake --install /home/sws/autoware/build/raw_vehicle_cmd_converter
