[0.042s] Invoking command in '/home/sws/autoware/build/tier4_localization_msgs': CMAKE_PREFIX_PATH=/opt/ros/humble /usr/bin/cmake /home/sws/autoware/src/universe/external/tier4_autoware_msgs/tier4_localization_msgs -DCMAKE_BUILD_TYPE=Release -DAMENT_CMAKE_SYMLINK_INSTALL=1 -DCMAKE_INSTALL_PREFIX=/home/sws/autoware/install/tier4_localization_msgs
[4.572s] -- The C compiler identification is GNU 11.3.0
[4.572s] -- The CXX compiler identification is GNU 11.3.0
[4.572s] -- Detecting C compiler ABI info
[4.573s] -- Detecting C compiler ABI info - done
[4.573s] -- Check for working C compiler: /usr/bin/cc - skipped
[4.573s] -- Detecting C compile features
[4.573s] -- Detecting C compile features - done
[4.573s] -- Detecting CXX compiler ABI info
[4.574s] -- Detecting CXX compiler ABI info - done
[4.574s] -- Check for working CXX compiler: /usr/bin/c++ - skipped
[4.574s] -- Detecting CXX compile features
[4.574s] -- Detecting CXX compile features - done
[4.574s] -- Found ament_cmake_auto: 1.3.3 (/opt/ros/humble/share/ament_cmake_auto/cmake)
[4.575s] -- Found Python3: /usr/bin/python3.10 (found version "3.10.6") found components: Interpreter 
[4.575s] -- Override CMake install command with custom implementation using symlinks instead of copying resources
[4.575s] -- Using all available rosidl_typesupport_c: rosidl_typesupport_fastrtps_c;rosidl_typesupport_introspection_c
[4.575s] -- Found rosidl_adapter: 3.1.4 (/opt/ros/humble/share/rosidl_adapter/cmake)
[4.575s] -- Using all available rosidl_typesupport_cpp: rosidl_typesupport_fastrtps_cpp;rosidl_typesupport_introspection_cpp
[4.575s] -- Found ament_cmake_ros: 0.10.0 (/opt/ros/humble/share/ament_cmake_ros/cmake)
[4.575s] -- Using all available rosidl_typesupport_c: rosidl_typesupport_fastrtps_c;rosidl_typesupport_introspection_c
[4.869s] -- Using all available rosidl_typesupport_cpp: rosidl_typesupport_fastrtps_cpp;rosidl_typesupport_introspection_cpp
[4.922s] -- Found PythonInterp: /usr/bin/python3 (found suitable version "3.10.6", minimum required is "3.6") 
[4.922s] -- Found python_cmake_module: 0.10.0 (/opt/ros/humble/share/python_cmake_module/cmake)
[5.053s] -- Found PythonLibs: /usr/lib/x86_64-linux-gnu/libpython3.10.so (found suitable version "3.10.6", minimum required is "3.5") 
[5.053s] -- Using PYTHON_EXECUTABLE: /usr/bin/python3
[5.053s] -- Using PYTHON_INCLUDE_DIRS: /usr/include/python3.10
[5.053s] -- Using PYTHON_LIBRARIES: /usr/lib/x86_64-linux-gnu/libpython3.10.so
[5.093s] -- Found PythonExtra: .so  
[5.209s] -- Found ament_lint_auto: 0.12.5 (/opt/ros/humble/share/ament_lint_auto/cmake)
[5.264s] -- Added test 'copyright' to check source files copyright and LICENSE
[5.267s] -- Added test 'lint_cmake' to check CMake code style
[5.268s] -- Added test 'xmllint' to check XML markup files
[5.274s] -- Configuring done
[5.392s] -- Generating done
[5.399s] -- Build files have been written to: /home/sws/autoware/build/tier4_localization_msgs
[5.433s] Invoked command in '/home/sws/autoware/build/tier4_localization_msgs' returned '0': CMAKE_PREFIX_PATH=/opt/ros/humble /usr/bin/cmake /home/sws/autoware/src/universe/external/tier4_autoware_msgs/tier4_localization_msgs -DCMAKE_BUILD_TYPE=Release -DAMENT_CMAKE_SYMLINK_INSTALL=1 -DCMAKE_INSTALL_PREFIX=/home/sws/autoware/install/tier4_localization_msgs
[5.434s] Invoking command in '/home/sws/autoware/build/tier4_localization_msgs': CMAKE_PREFIX_PATH=/opt/ros/humble /usr/bin/cmake --build /home/sws/autoware/build/tier4_localization_msgs -- -j16 -l16
[17.387s] [  3%] [34m[1mGenerating C code for ROS interfaces[0m
[17.493s] [  6%] [34m[1mGenerating C++ code for ROS interfaces[0m
[17.494s] [  6%] Built target ament_cmake_python_symlink_tier4_localization_msgs
[17.494s] [  9%] [32mBuilding C object CMakeFiles/tier4_localization_msgs__rosidl_generator_c.dir/rosidl_generator_c/tier4_localization_msgs/srv/detail/pose_with_covariance_stamped__functions.c.o[0m
[17.494s] [  9%] Built target tier4_localization_msgs__cpp
[17.494s] [ 12%] [34m[1mGenerating C++ type support for eProsima Fast-RTPS[0m
[17.494s] [ 16%] [34m[1mGenerating C++ type support dispatch for ROS interfaces[0m
[17.494s] [ 19%] [34m[1mGenerating C++ introspection for ROS interfaces[0m
[17.494s] running egg_info
[17.494s] creating tier4_localization_msgs.egg-info
[17.495s] writing tier4_localization_msgs.egg-info/PKG-INFO
[17.495s] writing dependency_links to tier4_localization_msgs.egg-info/dependency_links.txt
[17.495s] writing top-level names to tier4_localization_msgs.egg-info/top_level.txt
[17.495s] writing manifest file 'tier4_localization_msgs.egg-info/SOURCES.txt'
[17.495s] reading manifest file 'tier4_localization_msgs.egg-info/SOURCES.txt'
[17.495s] writing manifest file 'tier4_localization_msgs.egg-info/SOURCES.txt'
[17.495s] [ 22%] [32m[1mLinking C shared library libtier4_localization_msgs__rosidl_generator_c.so[0m
[17.495s] [ 22%] Built target ament_cmake_python_build_tier4_localization_msgs_egg
[17.495s] [ 22%] Built target tier4_localization_msgs__rosidl_generator_c
[17.496s] [ 25%] [34m[1mGenerating C type support for eProsima Fast-RTPS[0m
[17.496s] [ 29%] [34m[1mGenerating C introspection for ROS interfaces[0m
[17.496s] [ 32%] [34m[1mGenerating C type support dispatch for ROS interfaces[0m
[17.496s] [ 35%] [32mBuilding CXX object CMakeFiles/tier4_localization_msgs__rosidl_typesupport_fastrtps_cpp.dir/rosidl_typesupport_fastrtps_cpp/tier4_localization_msgs/srv/detail/dds_fastrtps/pose_with_covariance_stamped__type_support.cpp.o[0m
[17.496s] [ 38%] [32mBuilding CXX object CMakeFiles/tier4_localization_msgs__rosidl_typesupport_introspection_cpp.dir/rosidl_typesupport_introspection_cpp/tier4_localization_msgs/srv/detail/pose_with_covariance_stamped__type_support.cpp.o[0m
[17.496s] [ 41%] [32mBuilding CXX object CMakeFiles/tier4_localization_msgs__rosidl_typesupport_cpp.dir/rosidl_typesupport_cpp/tier4_localization_msgs/srv/pose_with_covariance_stamped__type_support.cpp.o[0m
[17.496s] [ 45%] [32mBuilding C object CMakeFiles/tier4_localization_msgs__rosidl_typesupport_introspection_c.dir/rosidl_typesupport_introspection_c/tier4_localization_msgs/srv/detail/pose_with_covariance_stamped__type_support.c.o[0m
[17.496s] [ 48%] [32mBuilding CXX object CMakeFiles/tier4_localization_msgs__rosidl_typesupport_c.dir/rosidl_typesupport_c/tier4_localization_msgs/srv/pose_with_covariance_stamped__type_support.cpp.o[0m
[17.496s] [ 51%] [32m[1mLinking C shared library libtier4_localization_msgs__rosidl_typesupport_introspection_c.so[0m
[17.496s] [ 51%] Built target tier4_localization_msgs__rosidl_typesupport_introspection_c
[17.496s] [ 54%] [32m[1mLinking CXX shared library libtier4_localization_msgs__rosidl_typesupport_c.so[0m
[17.496s] [ 58%] [32mBuilding CXX object CMakeFiles/tier4_localization_msgs__rosidl_typesupport_fastrtps_c.dir/rosidl_typesupport_fastrtps_c/tier4_localization_msgs/srv/detail/pose_with_covariance_stamped__type_support_c.cpp.o[0m
[17.496s] [ 58%] Built target tier4_localization_msgs__rosidl_typesupport_c
[17.496s] [ 61%] [32m[1mLinking CXX shared library libtier4_localization_msgs__rosidl_typesupport_cpp.so[0m
[17.497s] [ 61%] Built target tier4_localization_msgs__rosidl_typesupport_cpp
[17.497s] [ 64%] [32m[1mLinking CXX shared library libtier4_localization_msgs__rosidl_typesupport_fastrtps_cpp.so[0m
[17.497s] [ 64%] Built target tier4_localization_msgs__rosidl_typesupport_fastrtps_cpp
[17.497s] [ 67%] [32m[1mLinking CXX shared library libtier4_localization_msgs__rosidl_typesupport_introspection_cpp.so[0m
[17.497s] [ 67%] Built target tier4_localization_msgs__rosidl_typesupport_introspection_cpp
[17.497s] [ 70%] [32m[1mLinking CXX shared library libtier4_localization_msgs__rosidl_typesupport_fastrtps_c.so[0m
[17.497s] [ 70%] Built target tier4_localization_msgs__rosidl_typesupport_fastrtps_c
[17.497s] [ 70%] Built target tier4_localization_msgs
[17.497s] [ 74%] [34m[1mGenerating Python code for ROS interfaces[0m
[19.655s] [ 74%] Built target tier4_localization_msgs__py
[19.750s] [ 77%] [32mBuilding C object CMakeFiles/tier4_localization_msgs__rosidl_generator_py.dir/rosidl_generator_py/tier4_localization_msgs/srv/_pose_with_covariance_stamped_s.c.o[0m
[20.298s] [ 80%] [32m[1mLinking C shared library rosidl_generator_py/tier4_localization_msgs/libtier4_localization_msgs__rosidl_generator_py.so[0m
[20.457s] [ 80%] Built target tier4_localization_msgs__rosidl_generator_py
[20.588s] [ 83%] [32mBuilding C object CMakeFiles/tier4_localization_msgs__rosidl_typesupport_fastrtps_c__pyext.dir/rosidl_generator_py/tier4_localization_msgs/_tier4_localization_msgs_s.ep.rosidl_typesupport_fastrtps_c.c.o[0m
[20.993s] [ 87%] [32m[1mLinking C shared library rosidl_generator_py/tier4_localization_msgs/tier4_localization_msgs_s__rosidl_typesupport_fastrtps_c.cpython-310-x86_64-linux-gnu.so[0m
[21.139s] [ 87%] Built target tier4_localization_msgs__rosidl_typesupport_fastrtps_c__pyext
[21.251s] [ 90%] [32mBuilding C object CMakeFiles/tier4_localization_msgs__rosidl_typesupport_c__pyext.dir/rosidl_generator_py/tier4_localization_msgs/_tier4_localization_msgs_s.ep.rosidl_typesupport_c.c.o[0m
[21.859s] [ 93%] [32m[1mLinking C shared library rosidl_generator_py/tier4_localization_msgs/tier4_localization_msgs_s__rosidl_typesupport_c.cpython-310-x86_64-linux-gnu.so[0m
[22.023s] [ 93%] Built target tier4_localization_msgs__rosidl_typesupport_c__pyext
[22.151s] [ 96%] [32mBuilding C object CMakeFiles/tier4_localization_msgs__rosidl_typesupport_introspection_c__pyext.dir/rosidl_generator_py/tier4_localization_msgs/_tier4_localization_msgs_s.ep.rosidl_typesupport_introspection_c.c.o[0m
[22.599s] [100%] [32m[1mLinking C shared library rosidl_generator_py/tier4_localization_msgs/tier4_localization_msgs_s__rosidl_typesupport_introspection_c.cpython-310-x86_64-linux-gnu.so[0m
[22.849s] [100%] Built target tier4_localization_msgs__rosidl_typesupport_introspection_c__pyext
[22.915s] Invoked command in '/home/sws/autoware/build/tier4_localization_msgs' returned '0': CMAKE_PREFIX_PATH=/opt/ros/humble /usr/bin/cmake --build /home/sws/autoware/build/tier4_localization_msgs -- -j16 -l16
[23.666s] Invoking command in '/home/sws/autoware/build/tier4_localization_msgs': CMAKE_PREFIX_PATH=/opt/ros/humble /usr/bin/cmake --install /home/sws/autoware/build/tier4_localization_msgs
[25.009s] -- Install configuration: "Release"
[25.009s] -- Execute custom install script
[25.009s] -- Symlinking: /home/sws/autoware/install/tier4_localization_msgs/share/ament_index/resource_index/rosidl_interfaces/tier4_localization_msgs
[25.009s] -- Symlinking: /home/sws/autoware/install/tier4_localization_msgs/include/tier4_localization_msgs/tier4_localization_msgs/msg/rosidl_generator_c__visibility_control.h
[25.009s] -- Symlinking: /home/sws/autoware/install/tier4_localization_msgs/include/tier4_localization_msgs/tier4_localization_msgs/srv/detail/pose_with_covariance_stamped__functions.h
[25.010s] -- Symlinking: /home/sws/autoware/install/tier4_localization_msgs/include/tier4_localization_msgs/tier4_localization_msgs/srv/detail/pose_with_covariance_stamped__struct.h
[25.010s] -- Symlinking: /home/sws/autoware/install/tier4_localization_msgs/include/tier4_localization_msgs/tier4_localization_msgs/srv/detail/pose_with_covariance_stamped__type_support.h
[25.010s] -- Symlinking: /home/sws/autoware/install/tier4_localization_msgs/include/tier4_localization_msgs/tier4_localization_msgs/srv/pose_with_covariance_stamped.h
[25.010s] -- Symlinking: /home/sws/autoware/install/tier4_localization_msgs/share/tier4_localization_msgs/environment/library_path.sh
[25.010s] -- Symlinking: /home/sws/autoware/install/tier4_localization_msgs/share/tier4_localization_msgs/environment/library_path.dsv
[25.010s] -- Symlinking: /home/sws/autoware/install/tier4_localization_msgs/include/tier4_localization_msgs/tier4_localization_msgs/msg/rosidl_typesupport_fastrtps_c__visibility_control.h
[25.010s] -- Symlinking: /home/sws/autoware/install/tier4_localization_msgs/include/tier4_localization_msgs/tier4_localization_msgs/srv/detail/pose_with_covariance_stamped__rosidl_typesupport_fastrtps_c.h
[25.010s] -- Symlinking: /home/sws/autoware/install/tier4_localization_msgs/include/tier4_localization_msgs/tier4_localization_msgs/msg/rosidl_typesupport_introspection_c__visibility_control.h
[25.010s] -- Symlinking: /home/sws/autoware/install/tier4_localization_msgs/include/tier4_localization_msgs/tier4_localization_msgs/srv/detail/pose_with_covariance_stamped__rosidl_typesupport_introspection_c.h
[25.010s] -- Symlinking: /home/sws/autoware/install/tier4_localization_msgs/include/tier4_localization_msgs/tier4_localization_msgs/srv/detail/pose_with_covariance_stamped__builder.hpp
[25.010s] -- Symlinking: /home/sws/autoware/install/tier4_localization_msgs/include/tier4_localization_msgs/tier4_localization_msgs/srv/detail/pose_with_covariance_stamped__struct.hpp
[25.010s] -- Symlinking: /home/sws/autoware/install/tier4_localization_msgs/include/tier4_localization_msgs/tier4_localization_msgs/srv/detail/pose_with_covariance_stamped__traits.hpp
[25.010s] -- Symlinking: /home/sws/autoware/install/tier4_localization_msgs/include/tier4_localization_msgs/tier4_localization_msgs/srv/pose_with_covariance_stamped.hpp
[25.010s] -- Symlinking: /home/sws/autoware/install/tier4_localization_msgs/include/tier4_localization_msgs/tier4_localization_msgs/msg/rosidl_typesupport_fastrtps_cpp__visibility_control.h
[25.011s] -- Symlinking: /home/sws/autoware/install/tier4_localization_msgs/include/tier4_localization_msgs/tier4_localization_msgs/srv/detail/pose_with_covariance_stamped__rosidl_typesupport_fastrtps_cpp.hpp
[25.011s] -- Symlinking: /home/sws/autoware/install/tier4_localization_msgs/include/tier4_localization_msgs/tier4_localization_msgs/srv/detail/pose_with_covariance_stamped__rosidl_typesupport_introspection_cpp.hpp
[25.011s] -- Symlinking: /home/sws/autoware/install/tier4_localization_msgs/share/tier4_localization_msgs/environment/pythonpath.sh
[25.011s] -- Symlinking: /home/sws/autoware/install/tier4_localization_msgs/share/tier4_localization_msgs/environment/pythonpath.dsv
[25.011s] -- Symlinking: /home/sws/autoware/install/tier4_localization_msgs/local/lib/python3.10/dist-packages/tier4_localization_msgs-0.1.0-py3.10.egg-info/PKG-INFO
[25.016s] -- Symlinking: /home/sws/autoware/install/tier4_localization_msgs/local/lib/python3.10/dist-packages/tier4_localization_msgs-0.1.0-py3.10.egg-info/SOURCES.txt
[25.016s] -- Symlinking: /home/sws/autoware/install/tier4_localization_msgs/local/lib/python3.10/dist-packages/tier4_localization_msgs-0.1.0-py3.10.egg-info/dependency_links.txt
[25.016s] -- Symlinking: /home/sws/autoware/install/tier4_localization_msgs/local/lib/python3.10/dist-packages/tier4_localization_msgs-0.1.0-py3.10.egg-info/top_level.txt
[25.016s] -- Symlinking: /home/sws/autoware/install/tier4_localization_msgs/local/lib/python3.10/dist-packages/tier4_localization_msgs/__init__.py
[25.016s] -- Symlinking: /home/sws/autoware/install/tier4_localization_msgs/local/lib/python3.10/dist-packages/tier4_localization_msgs/_tier4_localization_msgs_s.ep.rosidl_typesupport_c.c
[25.017s] -- Symlinking: /home/sws/autoware/install/tier4_localization_msgs/local/lib/python3.10/dist-packages/tier4_localization_msgs/_tier4_localization_msgs_s.ep.rosidl_typesupport_fastrtps_c.c
[25.017s] -- Symlinking: /home/sws/autoware/install/tier4_localization_msgs/local/lib/python3.10/dist-packages/tier4_localization_msgs/_tier4_localization_msgs_s.ep.rosidl_typesupport_introspection_c.c
[25.017s] -- Symlinking: /home/sws/autoware/install/tier4_localization_msgs/local/lib/python3.10/dist-packages/tier4_localization_msgs/libtier4_localization_msgs__rosidl_generator_py.so
[25.017s] -- Symlinking: /home/sws/autoware/install/tier4_localization_msgs/local/lib/python3.10/dist-packages/tier4_localization_msgs/srv/__init__.py
[25.017s] -- Symlinking: /home/sws/autoware/install/tier4_localization_msgs/local/lib/python3.10/dist-packages/tier4_localization_msgs/srv/_pose_with_covariance_stamped.py
[25.017s] -- Symlinking: /home/sws/autoware/install/tier4_localization_msgs/local/lib/python3.10/dist-packages/tier4_localization_msgs/srv/_pose_with_covariance_stamped_s.c
[25.017s] -- Symlinking: /home/sws/autoware/install/tier4_localization_msgs/local/lib/python3.10/dist-packages/tier4_localization_msgs/tier4_localization_msgs_s__rosidl_typesupport_c.cpython-310-x86_64-linux-gnu.so
[25.017s] -- Symlinking: /home/sws/autoware/install/tier4_localization_msgs/local/lib/python3.10/dist-packages/tier4_localization_msgs/tier4_localization_msgs_s__rosidl_typesupport_fastrtps_c.cpython-310-x86_64-linux-gnu.so
[25.017s] -- Symlinking: /home/sws/autoware/install/tier4_localization_msgs/local/lib/python3.10/dist-packages/tier4_localization_msgs/tier4_localization_msgs_s__rosidl_typesupport_introspection_c.cpython-310-x86_64-linux-gnu.so
[25.017s] -- Up-to-date symlink: /home/sws/autoware/install/tier4_localization_msgs/local/lib/python3.10/dist-packages/tier4_localization_msgs/tier4_localization_msgs_s__rosidl_typesupport_fastrtps_c.cpython-310-x86_64-linux-gnu.so
[25.017s] -- Up-to-date symlink: /home/sws/autoware/install/tier4_localization_msgs/local/lib/python3.10/dist-packages/tier4_localization_msgs/tier4_localization_msgs_s__rosidl_typesupport_introspection_c.cpython-310-x86_64-linux-gnu.so
[25.018s] -- Up-to-date symlink: /home/sws/autoware/install/tier4_localization_msgs/local/lib/python3.10/dist-packages/tier4_localization_msgs/tier4_localization_msgs_s__rosidl_typesupport_c.cpython-310-x86_64-linux-gnu.so
[25.018s] -- Symlinking: /home/sws/autoware/install/tier4_localization_msgs/share/tier4_localization_msgs/srv/PoseWithCovarianceStamped.idl
[25.018s] -- Symlinking: /home/sws/autoware/install/tier4_localization_msgs/share/tier4_localization_msgs/srv/PoseWithCovarianceStamped.srv
[25.018s] -- Symlinking: /home/sws/autoware/install/tier4_localization_msgs/share/tier4_localization_msgs/srv/PoseWithCovarianceStamped_Request.msg
[25.018s] -- Symlinking: /home/sws/autoware/install/tier4_localization_msgs/share/tier4_localization_msgs/srv/PoseWithCovarianceStamped_Response.msg
[25.018s] -- Symlinking: /home/sws/autoware/install/tier4_localization_msgs/share/ament_index/resource_index/package_run_dependencies/tier4_localization_msgs
[25.018s] -- Symlinking: /home/sws/autoware/install/tier4_localization_msgs/share/ament_index/resource_index/parent_prefix_path/tier4_localization_msgs
[25.018s] -- Symlinking: /home/sws/autoware/install/tier4_localization_msgs/share/tier4_localization_msgs/environment/ament_prefix_path.sh
[25.018s] -- Symlinking: /home/sws/autoware/install/tier4_localization_msgs/share/tier4_localization_msgs/environment/ament_prefix_path.dsv
[25.018s] -- Symlinking: /home/sws/autoware/install/tier4_localization_msgs/share/tier4_localization_msgs/environment/path.sh
[25.018s] -- Symlinking: /home/sws/autoware/install/tier4_localization_msgs/share/tier4_localization_msgs/environment/path.dsv
[25.018s] -- Symlinking: /home/sws/autoware/install/tier4_localization_msgs/share/tier4_localization_msgs/local_setup.bash
[25.018s] -- Symlinking: /home/sws/autoware/install/tier4_localization_msgs/share/tier4_localization_msgs/local_setup.sh
[25.018s] -- Symlinking: /home/sws/autoware/install/tier4_localization_msgs/share/tier4_localization_msgs/local_setup.zsh
[25.018s] -- Symlinking: /home/sws/autoware/install/tier4_localization_msgs/share/tier4_localization_msgs/local_setup.dsv
[25.019s] -- Symlinking: /home/sws/autoware/install/tier4_localization_msgs/share/tier4_localization_msgs/package.dsv
[25.019s] -- Symlinking: /home/sws/autoware/install/tier4_localization_msgs/share/ament_index/resource_index/packages/tier4_localization_msgs
[25.019s] -- Symlinking: /home/sws/autoware/install/tier4_localization_msgs/share/tier4_localization_msgs/cmake/rosidl_cmake-extras.cmake
[25.019s] -- Symlinking: /home/sws/autoware/install/tier4_localization_msgs/share/tier4_localization_msgs/cmake/ament_cmake_export_dependencies-extras.cmake
[25.019s] -- Symlinking: /home/sws/autoware/install/tier4_localization_msgs/share/tier4_localization_msgs/cmake/ament_cmake_export_include_directories-extras.cmake
[25.019s] -- Symlinking: /home/sws/autoware/install/tier4_localization_msgs/share/tier4_localization_msgs/cmake/ament_cmake_export_libraries-extras.cmake
[25.019s] -- Symlinking: /home/sws/autoware/install/tier4_localization_msgs/share/tier4_localization_msgs/cmake/ament_cmake_export_targets-extras.cmake
[25.019s] -- Symlinking: /home/sws/autoware/install/tier4_localization_msgs/share/tier4_localization_msgs/cmake/rosidl_cmake_export_typesupport_targets-extras.cmake
[25.019s] -- Symlinking: /home/sws/autoware/install/tier4_localization_msgs/share/tier4_localization_msgs/cmake/rosidl_cmake_export_typesupport_libraries-extras.cmake
[25.019s] -- Symlinking: /home/sws/autoware/install/tier4_localization_msgs/share/tier4_localization_msgs/cmake/tier4_localization_msgsConfig.cmake
[25.019s] -- Symlinking: /home/sws/autoware/install/tier4_localization_msgs/share/tier4_localization_msgs/cmake/tier4_localization_msgsConfig-version.cmake
[25.020s] -- Symlinking: /home/sws/autoware/install/tier4_localization_msgs/share/tier4_localization_msgs/package.xml
[25.020s] -- Installing: /home/sws/autoware/install/tier4_localization_msgs/lib/libtier4_localization_msgs__rosidl_generator_c.so
[25.020s] -- Set runtime path of "/home/sws/autoware/install/tier4_localization_msgs/lib/libtier4_localization_msgs__rosidl_generator_c.so" to ""
[25.020s] -- Installing: /home/sws/autoware/install/tier4_localization_msgs/lib/libtier4_localization_msgs__rosidl_typesupport_fastrtps_c.so
[25.020s] -- Set runtime path of "/home/sws/autoware/install/tier4_localization_msgs/lib/libtier4_localization_msgs__rosidl_typesupport_fastrtps_c.so" to ""
[25.020s] -- Installing: /home/sws/autoware/install/tier4_localization_msgs/lib/libtier4_localization_msgs__rosidl_typesupport_introspection_c.so
[25.020s] -- Set runtime path of "/home/sws/autoware/install/tier4_localization_msgs/lib/libtier4_localization_msgs__rosidl_typesupport_introspection_c.so" to ""
[25.020s] -- Installing: /home/sws/autoware/install/tier4_localization_msgs/lib/libtier4_localization_msgs__rosidl_typesupport_c.so
[25.020s] -- Set runtime path of "/home/sws/autoware/install/tier4_localization_msgs/lib/libtier4_localization_msgs__rosidl_typesupport_c.so" to ""
[25.020s] -- Installing: /home/sws/autoware/install/tier4_localization_msgs/lib/libtier4_localization_msgs__rosidl_typesupport_fastrtps_cpp.so
[25.021s] -- Set runtime path of "/home/sws/autoware/install/tier4_localization_msgs/lib/libtier4_localization_msgs__rosidl_typesupport_fastrtps_cpp.so" to ""
[25.021s] -- Installing: /home/sws/autoware/install/tier4_localization_msgs/lib/libtier4_localization_msgs__rosidl_typesupport_introspection_cpp.so
[25.021s] -- Set runtime path of "/home/sws/autoware/install/tier4_localization_msgs/lib/libtier4_localization_msgs__rosidl_typesupport_introspection_cpp.so" to ""
[25.021s] -- Installing: /home/sws/autoware/install/tier4_localization_msgs/lib/libtier4_localization_msgs__rosidl_typesupport_cpp.so
[25.021s] -- Set runtime path of "/home/sws/autoware/install/tier4_localization_msgs/lib/libtier4_localization_msgs__rosidl_typesupport_cpp.so" to ""
[25.120s] Listing '/home/sws/autoware/install/tier4_localization_msgs/local/lib/python3.10/dist-packages/tier4_localization_msgs'...
[25.121s] Compiling '/home/sws/autoware/install/tier4_localization_msgs/local/lib/python3.10/dist-packages/tier4_localization_msgs/__init__.py'...
[25.121s] Listing '/home/sws/autoware/install/tier4_localization_msgs/local/lib/python3.10/dist-packages/tier4_localization_msgs/srv'...
[25.121s] Compiling '/home/sws/autoware/install/tier4_localization_msgs/local/lib/python3.10/dist-packages/tier4_localization_msgs/srv/__init__.py'...
[25.121s] Compiling '/home/sws/autoware/install/tier4_localization_msgs/local/lib/python3.10/dist-packages/tier4_localization_msgs/srv/_pose_with_covariance_stamped.py'...
[25.142s] -- Installing: /home/sws/autoware/install/tier4_localization_msgs/lib/libtier4_localization_msgs__rosidl_generator_py.so
[25.143s] -- Set runtime path of "/home/sws/autoware/install/tier4_localization_msgs/lib/libtier4_localization_msgs__rosidl_generator_py.so" to ""
[25.143s] -- Installing: /home/sws/autoware/install/tier4_localization_msgs/share/tier4_localization_msgs/cmake/export_tier4_localization_msgs__rosidl_generator_cExport.cmake
[25.143s] -- Installing: /home/sws/autoware/install/tier4_localization_msgs/share/tier4_localization_msgs/cmake/export_tier4_localization_msgs__rosidl_generator_cExport-release.cmake
[25.143s] -- Installing: /home/sws/autoware/install/tier4_localization_msgs/share/tier4_localization_msgs/cmake/export_tier4_localization_msgs__rosidl_typesupport_fastrtps_cExport.cmake
[25.144s] -- Installing: /home/sws/autoware/install/tier4_localization_msgs/share/tier4_localization_msgs/cmake/export_tier4_localization_msgs__rosidl_typesupport_fastrtps_cExport-release.cmake
[25.144s] -- Installing: /home/sws/autoware/install/tier4_localization_msgs/share/tier4_localization_msgs/cmake/tier4_localization_msgs__rosidl_typesupport_introspection_cExport.cmake
[25.144s] -- Installing: /home/sws/autoware/install/tier4_localization_msgs/share/tier4_localization_msgs/cmake/tier4_localization_msgs__rosidl_typesupport_introspection_cExport-release.cmake
[25.144s] -- Installing: /home/sws/autoware/install/tier4_localization_msgs/share/tier4_localization_msgs/cmake/tier4_localization_msgs__rosidl_typesupport_cExport.cmake
[25.144s] -- Installing: /home/sws/autoware/install/tier4_localization_msgs/share/tier4_localization_msgs/cmake/tier4_localization_msgs__rosidl_typesupport_cExport-release.cmake
[25.144s] -- Installing: /home/sws/autoware/install/tier4_localization_msgs/share/tier4_localization_msgs/cmake/export_tier4_localization_msgs__rosidl_generator_cppExport.cmake
[25.144s] -- Installing: /home/sws/autoware/install/tier4_localization_msgs/share/tier4_localization_msgs/cmake/export_tier4_localization_msgs__rosidl_typesupport_fastrtps_cppExport.cmake
[25.145s] -- Installing: /home/sws/autoware/install/tier4_localization_msgs/share/tier4_localization_msgs/cmake/export_tier4_localization_msgs__rosidl_typesupport_fastrtps_cppExport-release.cmake
[25.145s] -- Installing: /home/sws/autoware/install/tier4_localization_msgs/share/tier4_localization_msgs/cmake/tier4_localization_msgs__rosidl_typesupport_introspection_cppExport.cmake
[25.145s] -- Installing: /home/sws/autoware/install/tier4_localization_msgs/share/tier4_localization_msgs/cmake/tier4_localization_msgs__rosidl_typesupport_introspection_cppExport-release.cmake
[25.145s] -- Installing: /home/sws/autoware/install/tier4_localization_msgs/share/tier4_localization_msgs/cmake/tier4_localization_msgs__rosidl_typesupport_cppExport.cmake
[25.145s] -- Installing: /home/sws/autoware/install/tier4_localization_msgs/share/tier4_localization_msgs/cmake/tier4_localization_msgs__rosidl_typesupport_cppExport-release.cmake
[25.146s] -- Installing: /home/sws/autoware/install/tier4_localization_msgs/share/tier4_localization_msgs/cmake/export_tier4_localization_msgs__rosidl_generator_pyExport.cmake
[25.146s] -- Installing: /home/sws/autoware/install/tier4_localization_msgs/share/tier4_localization_msgs/cmake/export_tier4_localization_msgs__rosidl_generator_pyExport-release.cmake
[25.156s] Invoked command in '/home/sws/autoware/build/tier4_localization_msgs' returned '0': CMAKE_PREFIX_PATH=/opt/ros/humble /usr/bin/cmake --install /home/sws/autoware/build/tier4_localization_msgs
