[0.031s] Invoking command in '/home/sws/autoware/build/autoware_auto_common': AMENT_PREFIX_PATH=/home/sws/autoware/install/autoware_cmake:/home/sws/autoware/install/autoware_lint_common:${AMENT_PREFIX_PATH} CMAKE_PREFIX_PATH=/home/sws/autoware/install/autoware_cmake:/home/sws/autoware/install/autoware_lint_common:/opt/ros/humble /usr/bin/cmake /home/sws/autoware/src/universe/autoware.universe/common/autoware_auto_common -DCMAKE_BUILD_TYPE=Release -DAMENT_CMAKE_SYMLINK_INSTALL=1 -DCMAKE_INSTALL_PREFIX=/home/sws/autoware/install/autoware_auto_common
[1.254s] -- The C compiler identification is GNU 11.3.0
[1.254s] -- The CXX compiler identification is GNU 11.3.0
[1.254s] -- Detecting C compiler ABI info
[1.254s] -- Detecting C compiler ABI info - done
[1.254s] -- Check for working C compiler: /usr/bin/cc - skipped
[1.255s] -- Detecting C compile features
[1.255s] -- Detecting C compile features - done
[1.255s] -- Detecting CXX compiler ABI info
[1.255s] -- Detecting CXX compiler ABI info - done
[1.255s] -- Check for working CXX compiler: /usr/bin/c++ - skipped
[1.255s] -- Detecting CXX compile features
[1.255s] -- Detecting CXX compile features - done
[1.255s] -- Found autoware_cmake: 0.1.0 (/home/sws/autoware/install/autoware_cmake/share/autoware_cmake/cmake)
[1.255s] -- Found Python3: /usr/bin/python3.10 (found version "3.10.6") found components: Interpreter 
[1.255s] -- Override CMake install command with custom implementation using symlinks instead of copying resources
[1.256s] -- Found rosidl_generator_c: 3.1.4 (/opt/ros/humble/share/rosidl_generator_c/cmake)
[1.256s] -- Found rosidl_adapter: 3.1.4 (/opt/ros/humble/share/rosidl_adapter/cmake)
[1.256s] -- Found rosidl_generator_cpp: 3.1.4 (/opt/ros/humble/share/rosidl_generator_cpp/cmake)
[1.256s] -- Using all available rosidl_typesupport_c: rosidl_typesupport_fastrtps_c;rosidl_typesupport_introspection_c
[1.256s] -- Using all available rosidl_typesupport_cpp: rosidl_typesupport_fastrtps_cpp;rosidl_typesupport_introspection_cpp
[1.256s] -- Found ament_lint_auto: 0.12.5 (/opt/ros/humble/share/ament_lint_auto/cmake)
[1.370s] -- Found gtest sources under '/opt/ros/humble/src/gtest_vendor': C++ tests using 'Google Test' will be built
[1.376s] -- Looking for pthread.h
[1.556s] -- Looking for pthread.h - found
[1.556s] -- Performing Test CMAKE_HAVE_LIBC_PTHREAD
[1.687s] -- Performing Test CMAKE_HAVE_LIBC_PTHREAD - Success
[1.688s] -- Found Threads: TRUE  
[1.699s] -- Added test 'copyright' to check source files copyright and LICENSE
[1.704s] -- Added test 'cppcheck' to perform static code analysis on C / C++ code
[1.705s] -- Configured cppcheck include dirs: /home/sws/autoware/src/universe/autoware.universe/common/autoware_auto_common/include
[1.705s] -- Configured cppcheck exclude dirs and/or files: 
[1.707s] -- Added test 'lint_cmake' to check CMake code style
[1.708s] -- Added test 'xmllint' to check XML markup files
[1.712s] -- Configuring done
[1.733s] -- Generating done
[1.738s] -- Build files have been written to: /home/sws/autoware/build/autoware_auto_common
[1.755s] Invoked command in '/home/sws/autoware/build/autoware_auto_common' returned '0': AMENT_PREFIX_PATH=/home/sws/autoware/install/autoware_cmake:/home/sws/autoware/install/autoware_lint_common:${AMENT_PREFIX_PATH} CMAKE_PREFIX_PATH=/home/sws/autoware/install/autoware_cmake:/home/sws/autoware/install/autoware_lint_common:/opt/ros/humble /usr/bin/cmake /home/sws/autoware/src/universe/autoware.universe/common/autoware_auto_common -DCMAKE_BUILD_TYPE=Release -DAMENT_CMAKE_SYMLINK_INSTALL=1 -DCMAKE_INSTALL_PREFIX=/home/sws/autoware/install/autoware_auto_common
[1.756s] Invoking command in '/home/sws/autoware/build/autoware_auto_common': AMENT_PREFIX_PATH=/home/sws/autoware/install/autoware_cmake:/home/sws/autoware/install/autoware_lint_common:${AMENT_PREFIX_PATH} CMAKE_PREFIX_PATH=/home/sws/autoware/install/autoware_cmake:/home/sws/autoware/install/autoware_lint_common:/opt/ros/humble /usr/bin/cmake --build /home/sws/autoware/build/autoware_auto_common -- -j16 -l16
[8.699s] [  6%] [32mBuilding CXX object gtest/CMakeFiles/gtest_main.dir/src/gtest_main.cc.o[0m
[8.700s] [ 13%] [32m[1mLinking CXX static library libgtest_main.a[0m
[8.700s] [ 13%] Built target gtest_main
[8.700s] [ 20%] [32mBuilding CXX object gtest/CMakeFiles/gtest.dir/src/gtest-all.cc.o[0m
[15.747s] [ 26%] [32m[1mLinking CXX static library libgtest.a[0m
[15.793s] [ 26%] Built target gtest
[15.819s] [ 33%] [32mBuilding CXX object CMakeFiles/test_common_gtest.dir/test/gtest_main.cpp.o[0m
[17.348s] [ 40%] [32mBuilding CXX object CMakeFiles/test_common_gtest.dir/test/test_type_traits.cpp.o[0m
[18.942s] [ 46%] [32mBuilding CXX object CMakeFiles/test_common_gtest.dir/test/test_type_name.cpp.o[0m
[20.300s] [ 53%] [32mBuilding CXX object CMakeFiles/test_common_gtest.dir/test/test_angle_utils.cpp.o[0m
[22.118s] [ 60%] [32mBuilding CXX object CMakeFiles/test_common_gtest.dir/test/test_template_utils.cpp.o[0m
[23.738s] [ 66%] [32mBuilding CXX object CMakeFiles/test_common_gtest.dir/test/test_message_field_adapters.cpp.o[0m
[25.613s] [ 73%] [32mBuilding CXX object CMakeFiles/test_common_gtest.dir/test/test_mahalanobis_distance.cpp.o[0m
[29.695s] [ 80%] [32mBuilding CXX object CMakeFiles/test_common_gtest.dir/test/test_float_comparisons.cpp.o[0m
[31.270s] [ 86%] [32mBuilding CXX object CMakeFiles/test_common_gtest.dir/test/test_byte_reader.cpp.o[0m
[33.193s] [ 93%] [32mBuilding CXX object CMakeFiles/test_common_gtest.dir/test/test_bool_comparisons.cpp.o[0m
[34.913s] [100%] [32m[1mLinking CXX executable test_common_gtest[0m
[35.043s] [100%] Built target test_common_gtest
[35.060s] Invoked command in '/home/sws/autoware/build/autoware_auto_common' returned '0': AMENT_PREFIX_PATH=/home/sws/autoware/install/autoware_cmake:/home/sws/autoware/install/autoware_lint_common:${AMENT_PREFIX_PATH} CMAKE_PREFIX_PATH=/home/sws/autoware/install/autoware_cmake:/home/sws/autoware/install/autoware_lint_common:/opt/ros/humble /usr/bin/cmake --build /home/sws/autoware/build/autoware_auto_common -- -j16 -l16
[35.124s] Invoking command in '/home/sws/autoware/build/autoware_auto_common': AMENT_PREFIX_PATH=/home/sws/autoware/install/autoware_cmake:/home/sws/autoware/install/autoware_lint_common:${AMENT_PREFIX_PATH} CMAKE_PREFIX_PATH=/home/sws/autoware/install/autoware_cmake:/home/sws/autoware/install/autoware_lint_common:/opt/ros/humble /usr/bin/cmake --install /home/sws/autoware/build/autoware_auto_common
[41.084s] -- Install configuration: "Release"
[41.085s] -- Execute custom install script
[41.085s] -- Symlinking: /home/sws/autoware/install/autoware_auto_common/include/common/type_traits.hpp
[41.085s] -- Symlinking: /home/sws/autoware/install/autoware_auto_common/include/common/types.hpp
[41.085s] -- Symlinking: /home/sws/autoware/install/autoware_auto_common/include/common/visibility_control.hpp
[41.085s] -- Symlinking: /home/sws/autoware/install/autoware_auto_common/include/helper_functions/angle_utils.hpp
[41.085s] -- Symlinking: /home/sws/autoware/install/autoware_auto_common/include/helper_functions/bool_comparisons.hpp
[41.085s] -- Symlinking: /home/sws/autoware/install/autoware_auto_common/include/helper_functions/byte_reader.hpp
[41.085s] -- Symlinking: /home/sws/autoware/install/autoware_auto_common/include/helper_functions/crtp.hpp
[41.085s] -- Symlinking: /home/sws/autoware/install/autoware_auto_common/include/helper_functions/float_comparisons.hpp
[41.085s] -- Symlinking: /home/sws/autoware/install/autoware_auto_common/include/helper_functions/mahalanobis_distance.hpp
[41.086s] -- Symlinking: /home/sws/autoware/install/autoware_auto_common/include/helper_functions/message_adapters.hpp
[41.086s] -- Symlinking: /home/sws/autoware/install/autoware_auto_common/include/helper_functions/template_utils.hpp
[41.086s] -- Symlinking: /home/sws/autoware/install/autoware_auto_common/include/helper_functions/type_name.hpp
[41.086s] -- Symlinking: /home/sws/autoware/install/autoware_auto_common/share/ament_index/resource_index/package_run_dependencies/autoware_auto_common
[41.086s] -- Symlinking: /home/sws/autoware/install/autoware_auto_common/share/ament_index/resource_index/parent_prefix_path/autoware_auto_common
[41.086s] -- Symlinking: /home/sws/autoware/install/autoware_auto_common/share/autoware_auto_common/environment/ament_prefix_path.sh
[41.086s] -- Symlinking: /home/sws/autoware/install/autoware_auto_common/share/autoware_auto_common/environment/ament_prefix_path.dsv
[41.086s] -- Symlinking: /home/sws/autoware/install/autoware_auto_common/share/autoware_auto_common/environment/path.sh
[41.086s] -- Symlinking: /home/sws/autoware/install/autoware_auto_common/share/autoware_auto_common/environment/path.dsv
[41.086s] -- Symlinking: /home/sws/autoware/install/autoware_auto_common/share/autoware_auto_common/local_setup.bash
[41.086s] -- Symlinking: /home/sws/autoware/install/autoware_auto_common/share/autoware_auto_common/local_setup.sh
[41.087s] -- Symlinking: /home/sws/autoware/install/autoware_auto_common/share/autoware_auto_common/local_setup.zsh
[41.087s] -- Symlinking: /home/sws/autoware/install/autoware_auto_common/share/autoware_auto_common/local_setup.dsv
[41.087s] -- Symlinking: /home/sws/autoware/install/autoware_auto_common/share/autoware_auto_common/package.dsv
[41.087s] -- Symlinking: /home/sws/autoware/install/autoware_auto_common/share/ament_index/resource_index/packages/autoware_auto_common
[41.087s] -- Symlinking: /home/sws/autoware/install/autoware_auto_common/share/autoware_auto_common/cmake/ament_cmake_export_dependencies-extras.cmake
[41.087s] -- Symlinking: /home/sws/autoware/install/autoware_auto_common/share/autoware_auto_common/cmake/ament_cmake_export_include_directories-extras.cmake
[41.087s] -- Symlinking: /home/sws/autoware/install/autoware_auto_common/share/autoware_auto_common/cmake/autoware_auto_commonConfig.cmake
[41.087s] -- Symlinking: /home/sws/autoware/install/autoware_auto_common/share/autoware_auto_common/cmake/autoware_auto_commonConfig-version.cmake
[41.087s] -- Symlinking: /home/sws/autoware/install/autoware_auto_common/share/autoware_auto_common/package.xml
[41.105s] Invoked command in '/home/sws/autoware/build/autoware_auto_common' returned '0': AMENT_PREFIX_PATH=/home/sws/autoware/install/autoware_cmake:/home/sws/autoware/install/autoware_lint_common:${AMENT_PREFIX_PATH} CMAKE_PREFIX_PATH=/home/sws/autoware/install/autoware_cmake:/home/sws/autoware/install/autoware_lint_common:/opt/ros/humble /usr/bin/cmake --install /home/sws/autoware/build/autoware_auto_common
