-- The C compiler identification is GNU 11.3.0
-- The CXX compiler identification is GNU 11.3.0
-- Detecting C compiler ABI info
-- Detecting C compiler ABI info - done
-- Check for working C compiler: /usr/bin/cc - skipped
-- Detecting C compile features
-- Detecting C compile features - done
-- Detecting CXX compiler ABI info
-- Detecting CXX compiler ABI info - done
-- Check for working CXX compiler: /usr/bin/c++ - skipped
-- Detecting CXX compile features
-- Detecting CXX compile features - done
-- Found autoware_cmake: 0.1.0 (/home/sws/autoware/install/autoware_cmake/share/autoware_cmake/cmake)
-- Found Python3: /usr/bin/python3.10 (found version "3.10.6") found components: Interpreter 
-- Override CMake install command with custom implementation using symlinks instead of copying resources
-- Found rosidl_generator_c: 3.1.4 (/opt/ros/humble/share/rosidl_generator_c/cmake)
-- Found rosidl_adapter: 3.1.4 (/opt/ros/humble/share/rosidl_adapter/cmake)
-- Found rosidl_generator_cpp: 3.1.4 (/opt/ros/humble/share/rosidl_generator_cpp/cmake)
-- Using all available rosidl_typesupport_c: rosidl_typesupport_fastrtps_c;rosidl_typesupport_introspection_c
-- Using all available rosidl_typesupport_cpp: rosidl_typesupport_fastrtps_cpp;rosidl_typesupport_introspection_cpp
-- Found rmw_implementation_cmake: 6.1.1 (/opt/ros/humble/share/rmw_implementation_cmake/cmake)
-- Found rmw_fastrtps_cpp: 6.2.2 (/opt/ros/humble/share/rmw_fastrtps_cpp/cmake)
-- Found OpenSSL: /usr/lib/x86_64-linux-gnu/libcrypto.so (found version "3.0.2")  
-- Found FastRTPS: /opt/ros/humble/include  
-- Using RMW implementation 'rmw_fastrtps_cpp' as default
-- Looking for pthread.h
-- Looking for pthread.h - found
-- Performing Test CMAKE_HAVE_LIBC_PTHREAD
-- Performing Test CMAKE_HAVE_LIBC_PTHREAD - Success
-- Found Threads: TRUE  
-- Found ament_lint_auto: 0.12.5 (/opt/ros/humble/share/ament_lint_auto/cmake)
-- Found OpenCV: /usr (found version "4.5.4") 
-- Found CUDA: /usr/local/cuda (found version "11.6") 
-- Checking and downloading mb2-ssd-lite-tlr.onnx
-- start mb2-ssd-lite-tlr.onnx
-- not found mb2-ssd-lite-tlr.onnx
-- File doesn't exists. Downloading now ...
-- Download completed successfully!
-- Checking and downloading voc_labels_tl.txt
-- start voc_labels_tl.txt
-- not found voc_labels_tl.txt
-- File doesn't exists. Downloading now ...
-- Download completed successfully!
-- Added test 'copyright' to check source files copyright and LICENSE
-- Added test 'cppcheck' to perform static code analysis on C / C++ code
-- Configured cppcheck include dirs: /home/sws/autoware/src/universe/autoware.universe/perception/traffic_light_ssd_fine_detector/include;/home/sws/autoware/src/universe/autoware.universe/perception/traffic_light_ssd_fine_detector/lib/include
-- Configured cppcheck exclude dirs and/or files: 
-- Added test 'lint_cmake' to check CMake code style
-- Added test 'xmllint' to check XML markup files
-- Configuring done
-- Generating done
-- Build files have been written to: /home/sws/autoware/build/traffic_light_ssd_fine_detector
[ 16%] [32mBuilding CXX object CMakeFiles/ssd.dir/lib/src/trt_ssd.cpp.o[0m
[ 33%] [32m[1mLinking CXX shared library libssd.so[0m
[ 33%] Built target ssd
[ 50%] [32mBuilding CXX object CMakeFiles/traffic_light_ssd_fine_detector_node.dir/rclcpp_components/node_main_traffic_light_ssd_fine_detector_node.cpp.o[0m
[ 66%] [32m[1mLinking CXX executable traffic_light_ssd_fine_detector_node[0m
[ 66%] Built target traffic_light_ssd_fine_detector_node
[ 83%] [32mBuilding CXX object CMakeFiles/traffic_light_ssd_fine_detector_nodelet.dir/src/nodelet.cpp.o[0m
[100%] [32m[1mLinking CXX shared library libtraffic_light_ssd_fine_detector_nodelet.so[0m
[100%] Built target traffic_light_ssd_fine_detector_nodelet
-- Install configuration: "Release"
-- Execute custom install script
-- Symlinking: /home/sws/autoware/install/traffic_light_ssd_fine_detector/lib/traffic_light_ssd_fine_detector/traffic_light_ssd_fine_detector_node
-- Symlinking: /home/sws/autoware/install/traffic_light_ssd_fine_detector/include/traffic_light_ssd_fine_detector/nodelet.hpp
-- Symlinking: /home/sws/autoware/install/traffic_light_ssd_fine_detector/share/traffic_light_ssd_fine_detector/environment/library_path.sh
-- Symlinking: /home/sws/autoware/install/traffic_light_ssd_fine_detector/share/traffic_light_ssd_fine_detector/environment/library_path.dsv
-- Symlinking: /home/sws/autoware/install/traffic_light_ssd_fine_detector/lib/libssd.so
-- Symlinking: /home/sws/autoware/install/traffic_light_ssd_fine_detector/lib/libtraffic_light_ssd_fine_detector_nodelet.so
-- Symlinking: /home/sws/autoware/install/traffic_light_ssd_fine_detector/share/traffic_light_ssd_fine_detector/data/mb2-ssd-lite-tlr.onnx
-- Symlinking: /home/sws/autoware/install/traffic_light_ssd_fine_detector/share/traffic_light_ssd_fine_detector/data/voc_labels_tl.txt
-- Symlinking: /home/sws/autoware/install/traffic_light_ssd_fine_detector/share/traffic_light_ssd_fine_detector/launch/traffic_light_ssd_fine_detector.launch.xml
-- Symlinking: /home/sws/autoware/install/traffic_light_ssd_fine_detector/share/ament_index/resource_index/package_run_dependencies/traffic_light_ssd_fine_detector
-- Symlinking: /home/sws/autoware/install/traffic_light_ssd_fine_detector/share/ament_index/resource_index/parent_prefix_path/traffic_light_ssd_fine_detector
-- Symlinking: /home/sws/autoware/install/traffic_light_ssd_fine_detector/share/traffic_light_ssd_fine_detector/environment/ament_prefix_path.sh
-- Symlinking: /home/sws/autoware/install/traffic_light_ssd_fine_detector/share/traffic_light_ssd_fine_detector/environment/ament_prefix_path.dsv
-- Symlinking: /home/sws/autoware/install/traffic_light_ssd_fine_detector/share/traffic_light_ssd_fine_detector/environment/path.sh
-- Symlinking: /home/sws/autoware/install/traffic_light_ssd_fine_detector/share/traffic_light_ssd_fine_detector/environment/path.dsv
-- Symlinking: /home/sws/autoware/install/traffic_light_ssd_fine_detector/share/traffic_light_ssd_fine_detector/local_setup.bash
-- Symlinking: /home/sws/autoware/install/traffic_light_ssd_fine_detector/share/traffic_light_ssd_fine_detector/local_setup.sh
-- Symlinking: /home/sws/autoware/install/traffic_light_ssd_fine_detector/share/traffic_light_ssd_fine_detector/local_setup.zsh
-- Symlinking: /home/sws/autoware/install/traffic_light_ssd_fine_detector/share/traffic_light_ssd_fine_detector/local_setup.dsv
-- Symlinking: /home/sws/autoware/install/traffic_light_ssd_fine_detector/share/traffic_light_ssd_fine_detector/package.dsv
-- Symlinking: /home/sws/autoware/install/traffic_light_ssd_fine_detector/share/ament_index/resource_index/packages/traffic_light_ssd_fine_detector
-- Symlinking: /home/sws/autoware/install/traffic_light_ssd_fine_detector/share/ament_index/resource_index/rclcpp_components/traffic_light_ssd_fine_detector
-- Symlinking: /home/sws/autoware/install/traffic_light_ssd_fine_detector/share/traffic_light_ssd_fine_detector/cmake/ament_cmake_export_dependencies-extras.cmake
-- Symlinking: /home/sws/autoware/install/traffic_light_ssd_fine_detector/share/traffic_light_ssd_fine_detector/cmake/ament_cmake_export_include_directories-extras.cmake
-- Symlinking: /home/sws/autoware/install/traffic_light_ssd_fine_detector/share/traffic_light_ssd_fine_detector/cmake/ament_cmake_export_libraries-extras.cmake
-- Symlinking: /home/sws/autoware/install/traffic_light_ssd_fine_detector/share/traffic_light_ssd_fine_detector/cmake/traffic_light_ssd_fine_detectorConfig.cmake
-- Symlinking: /home/sws/autoware/install/traffic_light_ssd_fine_detector/share/traffic_light_ssd_fine_detector/cmake/traffic_light_ssd_fine_detectorConfig-version.cmake
-- Symlinking: /home/sws/autoware/install/traffic_light_ssd_fine_detector/share/traffic_light_ssd_fine_detector/package.xml
