[0.092s] Invoking command in '/home/sws/autoware/build/traffic_light_ssd_fine_detector': AMENT_PREFIX_PATH=/home/sws/autoware/install/autoware_cmake:/home/sws/autoware/install/autoware_auto_perception_msgs:/home/sws/autoware/install/tier4_debug_msgs:/home/sws/autoware/install/autoware_lint_common:/home/sws/autoware/install/autoware_auto_geometry_msgs:${AMENT_PREFIX_PATH} CMAKE_PREFIX_PATH=/home/sws/autoware/install/autoware_cmake:/home/sws/autoware/install/autoware_auto_perception_msgs:/home/sws/autoware/install/tier4_debug_msgs:/home/sws/autoware/install/autoware_lint_common:/home/sws/autoware/install/autoware_auto_geometry_msgs:/opt/ros/humble LD_LIBRARY_PATH=/home/sws/autoware/install/autoware_auto_perception_msgs/lib:/home/sws/autoware/install/tier4_debug_msgs/lib:/home/sws/autoware/install/autoware_auto_geometry_msgs/lib:${LD_LIBRARY_PATH} PYTHONPATH=/home/sws/autoware/install/autoware_auto_perception_msgs/local/lib/python3.10/dist-packages:/home/sws/autoware/install/tier4_debug_msgs/local/lib/python3.10/dist-packages:/home/sws/autoware/install/autoware_auto_geometry_msgs/local/lib/python3.10/dist-packages:${PYTHONPATH} /usr/bin/cmake /home/sws/autoware/src/universe/autoware.universe/perception/traffic_light_ssd_fine_detector -DCMAKE_BUILD_TYPE=Release -DAMENT_CMAKE_SYMLINK_INSTALL=1 -DCMAKE_INSTALL_PREFIX=/home/sws/autoware/install/traffic_light_ssd_fine_detector
[3.733s] -- The C compiler identification is GNU 11.3.0
[3.734s] -- The CXX compiler identification is GNU 11.3.0
[3.734s] -- Detecting C compiler ABI info
[3.734s] -- Detecting C compiler ABI info - done
[3.734s] -- Check for working C compiler: /usr/bin/cc - skipped
[3.734s] -- Detecting C compile features
[3.734s] -- Detecting C compile features - done
[3.734s] -- Detecting CXX compiler ABI info
[3.734s] -- Detecting CXX compiler ABI info - done
[3.734s] -- Check for working CXX compiler: /usr/bin/c++ - skipped
[3.734s] -- Detecting CXX compile features
[3.734s] -- Detecting CXX compile features - done
[3.735s] -- Found autoware_cmake: 0.1.0 (/home/sws/autoware/install/autoware_cmake/share/autoware_cmake/cmake)
[3.735s] -- Found Python3: /usr/bin/python3.10 (found version "3.10.6") found components: Interpreter 
[3.735s] -- Override CMake install command with custom implementation using symlinks instead of copying resources
[3.735s] -- Found rosidl_generator_c: 3.1.4 (/opt/ros/humble/share/rosidl_generator_c/cmake)
[3.735s] -- Found rosidl_adapter: 3.1.4 (/opt/ros/humble/share/rosidl_adapter/cmake)
[3.735s] -- Found rosidl_generator_cpp: 3.1.4 (/opt/ros/humble/share/rosidl_generator_cpp/cmake)
[3.735s] -- Using all available rosidl_typesupport_c: rosidl_typesupport_fastrtps_c;rosidl_typesupport_introspection_c
[3.735s] -- Using all available rosidl_typesupport_cpp: rosidl_typesupport_fastrtps_cpp;rosidl_typesupport_introspection_cpp
[3.735s] -- Found rmw_implementation_cmake: 6.1.1 (/opt/ros/humble/share/rmw_implementation_cmake/cmake)
[3.735s] -- Found rmw_fastrtps_cpp: 6.2.2 (/opt/ros/humble/share/rmw_fastrtps_cpp/cmake)
[3.918s] -- Found OpenSSL: /usr/lib/x86_64-linux-gnu/libcrypto.so (found version "3.0.2")  
[3.987s] -- Found FastRTPS: /opt/ros/humble/include  
[4.120s] -- Using RMW implementation 'rmw_fastrtps_cpp' as default
[4.148s] -- Looking for pthread.h
[4.444s] -- Looking for pthread.h - found
[4.445s] -- Performing Test CMAKE_HAVE_LIBC_PTHREAD
[4.743s] -- Performing Test CMAKE_HAVE_LIBC_PTHREAD - Success
[4.745s] -- Found Threads: TRUE  
[5.493s] -- Found ament_lint_auto: 0.12.5 (/opt/ros/humble/share/ament_lint_auto/cmake)
[5.516s] -- Found OpenCV: /usr (found version "4.5.4") 
[5.554s] -- Found CUDA: /usr/local/cuda (found version "11.6") 
[5.567s] -- Checking and downloading mb2-ssd-lite-tlr.onnx
[5.568s] -- start mb2-ssd-lite-tlr.onnx
[5.568s] -- not found mb2-ssd-lite-tlr.onnx
[5.568s] -- File doesn't exists. Downloading now ...
[9.859s] -- Download completed successfully!
[9.859s] -- Checking and downloading voc_labels_tl.txt
[9.859s] -- start voc_labels_tl.txt
[9.859s] -- not found voc_labels_tl.txt
[9.859s] -- File doesn't exists. Downloading now ...
[9.939s] -- Download completed successfully!
[9.963s] -- Added test 'copyright' to check source files copyright and LICENSE
[9.966s] -- Added test 'cppcheck' to perform static code analysis on C / C++ code
[9.967s] -- Configured cppcheck include dirs: /home/sws/autoware/src/universe/autoware.universe/perception/traffic_light_ssd_fine_detector/include;/home/sws/autoware/src/universe/autoware.universe/perception/traffic_light_ssd_fine_detector/lib/include
[9.967s] -- Configured cppcheck exclude dirs and/or files: 
[9.968s] -- Added test 'lint_cmake' to check CMake code style
[9.969s] -- Added test 'xmllint' to check XML markup files
[9.974s] -- Configuring done
[10.017s] -- Generating done
[10.020s] -- Build files have been written to: /home/sws/autoware/build/traffic_light_ssd_fine_detector
[10.040s] Invoked command in '/home/sws/autoware/build/traffic_light_ssd_fine_detector' returned '0': AMENT_PREFIX_PATH=/home/sws/autoware/install/autoware_cmake:/home/sws/autoware/install/autoware_auto_perception_msgs:/home/sws/autoware/install/tier4_debug_msgs:/home/sws/autoware/install/autoware_lint_common:/home/sws/autoware/install/autoware_auto_geometry_msgs:${AMENT_PREFIX_PATH} CMAKE_PREFIX_PATH=/home/sws/autoware/install/autoware_cmake:/home/sws/autoware/install/autoware_auto_perception_msgs:/home/sws/autoware/install/tier4_debug_msgs:/home/sws/autoware/install/autoware_lint_common:/home/sws/autoware/install/autoware_auto_geometry_msgs:/opt/ros/humble LD_LIBRARY_PATH=/home/sws/autoware/install/autoware_auto_perception_msgs/lib:/home/sws/autoware/install/tier4_debug_msgs/lib:/home/sws/autoware/install/autoware_auto_geometry_msgs/lib:${LD_LIBRARY_PATH} PYTHONPATH=/home/sws/autoware/install/autoware_auto_perception_msgs/local/lib/python3.10/dist-packages:/home/sws/autoware/install/tier4_debug_msgs/local/lib/python3.10/dist-packages:/home/sws/autoware/install/autoware_auto_geometry_msgs/local/lib/python3.10/dist-packages:${PYTHONPATH} /usr/bin/cmake /home/sws/autoware/src/universe/autoware.universe/perception/traffic_light_ssd_fine_detector -DCMAKE_BUILD_TYPE=Release -DAMENT_CMAKE_SYMLINK_INSTALL=1 -DCMAKE_INSTALL_PREFIX=/home/sws/autoware/install/traffic_light_ssd_fine_detector
[10.053s] Invoking command in '/home/sws/autoware/build/traffic_light_ssd_fine_detector': AMENT_PREFIX_PATH=/home/sws/autoware/install/autoware_cmake:/home/sws/autoware/install/autoware_auto_perception_msgs:/home/sws/autoware/install/tier4_debug_msgs:/home/sws/autoware/install/autoware_lint_common:/home/sws/autoware/install/autoware_auto_geometry_msgs:${AMENT_PREFIX_PATH} CMAKE_PREFIX_PATH=/home/sws/autoware/install/autoware_cmake:/home/sws/autoware/install/autoware_auto_perception_msgs:/home/sws/autoware/install/tier4_debug_msgs:/home/sws/autoware/install/autoware_lint_common:/home/sws/autoware/install/autoware_auto_geometry_msgs:/opt/ros/humble LD_LIBRARY_PATH=/home/sws/autoware/install/autoware_auto_perception_msgs/lib:/home/sws/autoware/install/tier4_debug_msgs/lib:/home/sws/autoware/install/autoware_auto_geometry_msgs/lib:${LD_LIBRARY_PATH} PYTHONPATH=/home/sws/autoware/install/autoware_auto_perception_msgs/local/lib/python3.10/dist-packages:/home/sws/autoware/install/tier4_debug_msgs/local/lib/python3.10/dist-packages:/home/sws/autoware/install/autoware_auto_geometry_msgs/local/lib/python3.10/dist-packages:${PYTHONPATH} /usr/bin/cmake --build /home/sws/autoware/build/traffic_light_ssd_fine_detector -- -j16 -l16
[10.301s] [ 16%] [32mBuilding CXX object CMakeFiles/ssd.dir/lib/src/trt_ssd.cpp.o[0m
[11.231s] [ 33%] [32m[1mLinking CXX shared library libssd.so[0m
[11.387s] [ 33%] Built target ssd
[11.408s] [ 50%] [32mBuilding CXX object CMakeFiles/traffic_light_ssd_fine_detector_node.dir/rclcpp_components/node_main_traffic_light_ssd_fine_detector_node.cpp.o[0m
[16.087s] [ 66%] [32m[1mLinking CXX executable traffic_light_ssd_fine_detector_node[0m
[16.197s] [ 66%] Built target traffic_light_ssd_fine_detector_node
[16.221s] [ 83%] [32mBuilding CXX object CMakeFiles/traffic_light_ssd_fine_detector_nodelet.dir/src/nodelet.cpp.o[0m
[44.964s] [100%] [32m[1mLinking CXX shared library libtraffic_light_ssd_fine_detector_nodelet.so[0m
[45.486s] [100%] Built target traffic_light_ssd_fine_detector_nodelet
[45.503s] Invoked command in '/home/sws/autoware/build/traffic_light_ssd_fine_detector' returned '0': AMENT_PREFIX_PATH=/home/sws/autoware/install/autoware_cmake:/home/sws/autoware/install/autoware_auto_perception_msgs:/home/sws/autoware/install/tier4_debug_msgs:/home/sws/autoware/install/autoware_lint_common:/home/sws/autoware/install/autoware_auto_geometry_msgs:${AMENT_PREFIX_PATH} CMAKE_PREFIX_PATH=/home/sws/autoware/install/autoware_cmake:/home/sws/autoware/install/autoware_auto_perception_msgs:/home/sws/autoware/install/tier4_debug_msgs:/home/sws/autoware/install/autoware_lint_common:/home/sws/autoware/install/autoware_auto_geometry_msgs:/opt/ros/humble LD_LIBRARY_PATH=/home/sws/autoware/install/autoware_auto_perception_msgs/lib:/home/sws/autoware/install/tier4_debug_msgs/lib:/home/sws/autoware/install/autoware_auto_geometry_msgs/lib:${LD_LIBRARY_PATH} PYTHONPATH=/home/sws/autoware/install/autoware_auto_perception_msgs/local/lib/python3.10/dist-packages:/home/sws/autoware/install/tier4_debug_msgs/local/lib/python3.10/dist-packages:/home/sws/autoware/install/autoware_auto_geometry_msgs/local/lib/python3.10/dist-packages:${PYTHONPATH} /usr/bin/cmake --build /home/sws/autoware/build/traffic_light_ssd_fine_detector -- -j16 -l16
[45.551s] Invoking command in '/home/sws/autoware/build/traffic_light_ssd_fine_detector': AMENT_PREFIX_PATH=/home/sws/autoware/install/autoware_cmake:/home/sws/autoware/install/autoware_auto_perception_msgs:/home/sws/autoware/install/tier4_debug_msgs:/home/sws/autoware/install/autoware_lint_common:/home/sws/autoware/install/autoware_auto_geometry_msgs:${AMENT_PREFIX_PATH} CMAKE_PREFIX_PATH=/home/sws/autoware/install/autoware_cmake:/home/sws/autoware/install/autoware_auto_perception_msgs:/home/sws/autoware/install/tier4_debug_msgs:/home/sws/autoware/install/autoware_lint_common:/home/sws/autoware/install/autoware_auto_geometry_msgs:/opt/ros/humble LD_LIBRARY_PATH=/home/sws/autoware/install/autoware_auto_perception_msgs/lib:/home/sws/autoware/install/tier4_debug_msgs/lib:/home/sws/autoware/install/autoware_auto_geometry_msgs/lib:${LD_LIBRARY_PATH} PYTHONPATH=/home/sws/autoware/install/autoware_auto_perception_msgs/local/lib/python3.10/dist-packages:/home/sws/autoware/install/tier4_debug_msgs/local/lib/python3.10/dist-packages:/home/sws/autoware/install/autoware_auto_geometry_msgs/local/lib/python3.10/dist-packages:${PYTHONPATH} /usr/bin/cmake --install /home/sws/autoware/build/traffic_light_ssd_fine_detector
[53.312s] -- Install configuration: "Release"
[53.312s] -- Execute custom install script
[53.316s] -- Symlinking: /home/sws/autoware/install/traffic_light_ssd_fine_detector/lib/traffic_light_ssd_fine_detector/traffic_light_ssd_fine_detector_node
[53.317s] -- Symlinking: /home/sws/autoware/install/traffic_light_ssd_fine_detector/include/traffic_light_ssd_fine_detector/nodelet.hpp
[53.317s] -- Symlinking: /home/sws/autoware/install/traffic_light_ssd_fine_detector/share/traffic_light_ssd_fine_detector/environment/library_path.sh
[53.317s] -- Symlinking: /home/sws/autoware/install/traffic_light_ssd_fine_detector/share/traffic_light_ssd_fine_detector/environment/library_path.dsv
[53.317s] -- Symlinking: /home/sws/autoware/install/traffic_light_ssd_fine_detector/lib/libssd.so
[53.317s] -- Symlinking: /home/sws/autoware/install/traffic_light_ssd_fine_detector/lib/libtraffic_light_ssd_fine_detector_nodelet.so
[53.317s] -- Symlinking: /home/sws/autoware/install/traffic_light_ssd_fine_detector/share/traffic_light_ssd_fine_detector/data/mb2-ssd-lite-tlr.onnx
[53.317s] -- Symlinking: /home/sws/autoware/install/traffic_light_ssd_fine_detector/share/traffic_light_ssd_fine_detector/data/voc_labels_tl.txt
[53.317s] -- Symlinking: /home/sws/autoware/install/traffic_light_ssd_fine_detector/share/traffic_light_ssd_fine_detector/launch/traffic_light_ssd_fine_detector.launch.xml
[53.317s] -- Symlinking: /home/sws/autoware/install/traffic_light_ssd_fine_detector/share/ament_index/resource_index/package_run_dependencies/traffic_light_ssd_fine_detector
[53.317s] -- Symlinking: /home/sws/autoware/install/traffic_light_ssd_fine_detector/share/ament_index/resource_index/parent_prefix_path/traffic_light_ssd_fine_detector
[53.317s] -- Symlinking: /home/sws/autoware/install/traffic_light_ssd_fine_detector/share/traffic_light_ssd_fine_detector/environment/ament_prefix_path.sh
[53.317s] -- Symlinking: /home/sws/autoware/install/traffic_light_ssd_fine_detector/share/traffic_light_ssd_fine_detector/environment/ament_prefix_path.dsv
[53.317s] -- Symlinking: /home/sws/autoware/install/traffic_light_ssd_fine_detector/share/traffic_light_ssd_fine_detector/environment/path.sh
[53.318s] -- Symlinking: /home/sws/autoware/install/traffic_light_ssd_fine_detector/share/traffic_light_ssd_fine_detector/environment/path.dsv
[53.318s] -- Symlinking: /home/sws/autoware/install/traffic_light_ssd_fine_detector/share/traffic_light_ssd_fine_detector/local_setup.bash
[53.318s] -- Symlinking: /home/sws/autoware/install/traffic_light_ssd_fine_detector/share/traffic_light_ssd_fine_detector/local_setup.sh
[53.318s] -- Symlinking: /home/sws/autoware/install/traffic_light_ssd_fine_detector/share/traffic_light_ssd_fine_detector/local_setup.zsh
[53.318s] -- Symlinking: /home/sws/autoware/install/traffic_light_ssd_fine_detector/share/traffic_light_ssd_fine_detector/local_setup.dsv
[53.318s] -- Symlinking: /home/sws/autoware/install/traffic_light_ssd_fine_detector/share/traffic_light_ssd_fine_detector/package.dsv
[53.318s] -- Symlinking: /home/sws/autoware/install/traffic_light_ssd_fine_detector/share/ament_index/resource_index/packages/traffic_light_ssd_fine_detector
[53.318s] -- Symlinking: /home/sws/autoware/install/traffic_light_ssd_fine_detector/share/ament_index/resource_index/rclcpp_components/traffic_light_ssd_fine_detector
[53.318s] -- Symlinking: /home/sws/autoware/install/traffic_light_ssd_fine_detector/share/traffic_light_ssd_fine_detector/cmake/ament_cmake_export_dependencies-extras.cmake
[53.318s] -- Symlinking: /home/sws/autoware/install/traffic_light_ssd_fine_detector/share/traffic_light_ssd_fine_detector/cmake/ament_cmake_export_include_directories-extras.cmake
[53.318s] -- Symlinking: /home/sws/autoware/install/traffic_light_ssd_fine_detector/share/traffic_light_ssd_fine_detector/cmake/ament_cmake_export_libraries-extras.cmake
[53.318s] -- Symlinking: /home/sws/autoware/install/traffic_light_ssd_fine_detector/share/traffic_light_ssd_fine_detector/cmake/traffic_light_ssd_fine_detectorConfig.cmake
[53.318s] -- Symlinking: /home/sws/autoware/install/traffic_light_ssd_fine_detector/share/traffic_light_ssd_fine_detector/cmake/traffic_light_ssd_fine_detectorConfig-version.cmake
[53.318s] -- Symlinking: /home/sws/autoware/install/traffic_light_ssd_fine_detector/share/traffic_light_ssd_fine_detector/package.xml
[53.350s] Invoked command in '/home/sws/autoware/build/traffic_light_ssd_fine_detector' returned '0': AMENT_PREFIX_PATH=/home/sws/autoware/install/autoware_cmake:/home/sws/autoware/install/autoware_auto_perception_msgs:/home/sws/autoware/install/tier4_debug_msgs:/home/sws/autoware/install/autoware_lint_common:/home/sws/autoware/install/autoware_auto_geometry_msgs:${AMENT_PREFIX_PATH} CMAKE_PREFIX_PATH=/home/sws/autoware/install/autoware_cmake:/home/sws/autoware/install/autoware_auto_perception_msgs:/home/sws/autoware/install/tier4_debug_msgs:/home/sws/autoware/install/autoware_lint_common:/home/sws/autoware/install/autoware_auto_geometry_msgs:/opt/ros/humble LD_LIBRARY_PATH=/home/sws/autoware/install/autoware_auto_perception_msgs/lib:/home/sws/autoware/install/tier4_debug_msgs/lib:/home/sws/autoware/install/autoware_auto_geometry_msgs/lib:${LD_LIBRARY_PATH} PYTHONPATH=/home/sws/autoware/install/autoware_auto_perception_msgs/local/lib/python3.10/dist-packages:/home/sws/autoware/install/tier4_debug_msgs/local/lib/python3.10/dist-packages:/home/sws/autoware/install/autoware_auto_geometry_msgs/local/lib/python3.10/dist-packages:${PYTHONPATH} /usr/bin/cmake --install /home/sws/autoware/build/traffic_light_ssd_fine_detector
