-- The C compiler identification is GNU 11.3.0
-- The CXX compiler identification is GNU 11.3.0
-- Detecting C compiler ABI info
-- Detecting C compiler ABI info - done
-- Check for working C compiler: /usr/bin/cc - skipped
-- Detecting C compile features
-- Detecting C compile features - done
-- Detecting CXX compiler ABI info
-- Detecting CXX compiler ABI info - done
-- Check for working CXX compiler: /usr/bin/c++ - skipped
-- Detecting CXX compile features
-- Detecting CXX compile features - done
-- Found autoware_cmake: 0.1.0 (/home/sws/autoware/install/autoware_cmake/share/autoware_cmake/cmake)
-- Found Python3: /usr/bin/python3.10 (found version "3.10.6") found components: Interpreter 
-- Override CMake install command with custom implementation using symlinks instead of copying resources
-- Found builtin_interfaces: 1.2.1 (/opt/ros/humble/share/builtin_interfaces/cmake)
-- Found rosidl_generator_c: 3.1.4 (/opt/ros/humble/share/rosidl_generator_c/cmake)
-- Found rosidl_adapter: 3.1.4 (/opt/ros/humble/share/rosidl_adapter/cmake)
-- Found rosidl_generator_cpp: 3.1.4 (/opt/ros/humble/share/rosidl_generator_cpp/cmake)
-- Using all available rosidl_typesupport_c: rosidl_typesupport_fastrtps_c;rosidl_typesupport_introspection_c
-- Using all available rosidl_typesupport_cpp: rosidl_typesupport_fastrtps_cpp;rosidl_typesupport_introspection_cpp
-- Found geometry_msgs: 4.2.3 (/opt/ros/humble/share/geometry_msgs/cmake)
-- Found rosidl_default_generators: 1.2.0 (/opt/ros/humble/share/rosidl_default_generators/cmake)
-- Found OpenCV: /usr (found version "4.5.4") 
-- Found ament_cmake_ros: 0.10.0 (/opt/ros/humble/share/ament_cmake_ros/cmake)
-- Using all available rosidl_typesupport_c: rosidl_typesupport_fastrtps_c;rosidl_typesupport_introspection_c
-- Using all available rosidl_typesupport_cpp: rosidl_typesupport_fastrtps_cpp;rosidl_typesupport_introspection_cpp
-- Found PythonInterp: /usr/bin/python3 (found suitable version "3.10.6", minimum required is "3.6") 
-- Found python_cmake_module: 0.10.0 (/opt/ros/humble/share/python_cmake_module/cmake)
-- Found PythonLibs: /usr/lib/x86_64-linux-gnu/libpython3.10.so (found suitable version "3.10.6", minimum required is "3.5") 
-- Using PYTHON_EXECUTABLE: /usr/bin/python3
-- Using PYTHON_INCLUDE_DIRS: /usr/include/python3.10
-- Using PYTHON_LIBRARIES: /usr/lib/x86_64-linux-gnu/libpython3.10.so
-- Found PythonExtra: .so  
-- Found eigen3_cmake_module: 0.1.1 (/opt/ros/humble/share/eigen3_cmake_module/cmake)
-- Found Eigen3: TRUE (found version "3.4.0") 
-- Ensuring Eigen3 include directory is part of orocos-kdl CMake target
-- Found rmw_implementation_cmake: 6.1.1 (/opt/ros/humble/share/rmw_implementation_cmake/cmake)
-- Found rmw_fastrtps_cpp: 6.2.2 (/opt/ros/humble/share/rmw_fastrtps_cpp/cmake)
-- Found OpenSSL: /usr/lib/x86_64-linux-gnu/libcrypto.so (found version "3.0.2")  
-- Found FastRTPS: /opt/ros/humble/include  
-- Using RMW implementation 'rmw_fastrtps_cpp' as default
-- Looking for pthread.h
-- Looking for pthread.h - found
-- Performing Test CMAKE_HAVE_LIBC_PTHREAD
-- Performing Test CMAKE_HAVE_LIBC_PTHREAD - Success
-- Found Threads: TRUE  
-- Found mrt_cmake_modules: 1.0.9 (/opt/ros/humble/share/mrt_cmake_modules/cmake)
-- Found Boost: /usr/lib/x86_64-linux-gnu/cmake/Boost-1.74.0/BoostConfig.cmake (found version "1.74.0") found components: wserialization thread random serialization log_setup prg_exec_monitor wave system chrono filesystem locale timer date_time regex graph program_options unit_test_framework log atomic iostreams 
-- Found OpenMP_C: -fopenmp (found version "4.5") 
-- Found OpenMP_CXX: -fopenmp (found version "4.5") 
-- Found OpenMP: TRUE (found version "4.5")  
-- Found pugixml: /usr/lib/x86_64-linux-gnu/libpugixml.so  
-- Found PkgConfig: /usr/bin/pkg-config (found version "0.29.2") 
-- Found GeographicLib: /usr/lib/x86_64-linux-gnu/libGeographic.so  
-- Checking for module 'eigen3'
--   Found eigen3, version 3.4.0
-- Found Eigen: /usr/include/eigen3 (Required is at least version "3.1") 
-- Eigen found (include: /usr/include/eigen3, version: 3.4.0)
-- Checking for module 'flann'
--   Found flann, version 1.9.1
-- Found FLANN: /usr/lib/x86_64-linux-gnu/libflann_cpp.so  
-- Checking for module 'libusb-1.0'
--   Found libusb-1.0, version 1.0.25
-- Found libusb: /usr/lib/x86_64-linux-gnu/libusb-1.0.so  
-- OpenNI found (version: 1.5.4.0, include: /usr/include/ni, lib: /usr/lib/libOpenNI.so;libusb::libusb)
-- OpenNI2 found (version: 2.2.0.33, include: /usr/include/openni2, lib: /usr/lib/x86_64-linux-gnu/libOpenNI2.so;libusb::libusb)
-- Eigen found (include: /usr/include/eigen3, version: 3.4.0)
-- OpenNI found (version: 1.5.4.0, include: /usr/include/ni, lib: /usr/lib/libOpenNI.so;libusb::libusb)
-- OpenNI2 found (version: 2.2.0.33, include: /usr/include/openni2, lib: /usr/lib/x86_64-linux-gnu/libOpenNI2.so;libusb::libusb)
-- Found Qhull version 8.0.2
-- OpenNI found (version: 1.5.4.0, include: /usr/include/ni, lib: /usr/lib/libOpenNI.so;libusb::libusb)
-- Found PCL_COMMON: /usr/lib/x86_64-linux-gnu/libpcl_common.so  
-- Found PCL_KDTREE: /usr/lib/x86_64-linux-gnu/libpcl_kdtree.so  
-- Found PCL_OCTREE: /usr/lib/x86_64-linux-gnu/libpcl_octree.so  
-- Found PCL_SEARCH: /usr/lib/x86_64-linux-gnu/libpcl_search.so  
-- Found PCL_SAMPLE_CONSENSUS: /usr/lib/x86_64-linux-gnu/libpcl_sample_consensus.so  
-- Found PCL_FILTERS: /usr/lib/x86_64-linux-gnu/libpcl_filters.so  
-- Found PCL_2D: /usr/include/pcl-1.12  
-- Found PCL_GEOMETRY: /usr/include/pcl-1.12  
-- Found PCL_IO: /usr/lib/x86_64-linux-gnu/libpcl_io.so  
-- Found PCL_FEATURES: /usr/lib/x86_64-linux-gnu/libpcl_features.so  
-- Found PCL_ML: /usr/lib/x86_64-linux-gnu/libpcl_ml.so  
-- Found PCL_SEGMENTATION: /usr/lib/x86_64-linux-gnu/libpcl_segmentation.so  
-- Found PCL_VISUALIZATION: /usr/lib/x86_64-linux-gnu/libpcl_visualization.so  
-- Found PCL_SURFACE: /usr/lib/x86_64-linux-gnu/libpcl_surface.so  
-- Found PCL_REGISTRATION: /usr/lib/x86_64-linux-gnu/libpcl_registration.so  
-- Found PCL_KEYPOINTS: /usr/lib/x86_64-linux-gnu/libpcl_keypoints.so  
-- Found PCL_TRACKING: /usr/lib/x86_64-linux-gnu/libpcl_tracking.so  
-- Found PCL_RECOGNITION: /usr/lib/x86_64-linux-gnu/libpcl_recognition.so  
-- Found PCL_STEREO: /usr/lib/x86_64-linux-gnu/libpcl_stereo.so  
-- Found PCL_APPS: /usr/lib/x86_64-linux-gnu/libpcl_apps.so  
-- Found PCL_IN_HAND_SCANNER: /usr/include/pcl-1.12  
-- Found PCL_MODELER: /usr/include/pcl-1.12  
-- Found PCL_POINT_CLOUD_EDITOR: /usr/include/pcl-1.12  
-- Found PCL_OUTOFCORE: /usr/lib/x86_64-linux-gnu/libpcl_outofcore.so  
-- Found PCL_PEOPLE: /usr/lib/x86_64-linux-gnu/libpcl_people.so  
-- Found ament_lint_auto: 0.12.5 (/opt/ros/humble/share/ament_lint_auto/cmake)
-- Found launch_testing_ament_cmake: 1.0.4 (/opt/ros/humble/share/launch_testing_ament_cmake/cmake)
-- Using PYTHON_EXECUTABLE: /usr/bin/python3
-- Using PYTHON_INCLUDE_DIRS: /usr/include/python3.10
-- Using PYTHON_LIBRARIES: /usr/lib/x86_64-linux-gnu/libpython3.10.so
-- Added test 'copyright' to check source files copyright and LICENSE
-- Added test 'cppcheck' to perform static code analysis on C / C++ code
-- Configured cppcheck include dirs: /home/sws/autoware/src/universe/autoware.universe/planning/static_centerline_optimizer/include
-- Configured cppcheck exclude dirs and/or files: 
-- Added test 'lint_cmake' to check CMake code style
-- Added test 'xmllint' to check XML markup files
-- Configuring done
-- Generating done
-- Build files have been written to: /home/sws/autoware/build/static_centerline_optimizer
[  1%] [34m[1mGenerating C code for ROS interfaces[0m
[  3%] [34m[1mGenerating C++ code for ROS interfaces[0m
[  3%] Built target ament_cmake_python_symlink_static_centerline_optimizer
running egg_info
creating static_centerline_optimizer.egg-info
writing static_centerline_optimizer.egg-info/PKG-INFO
writing dependency_links to static_centerline_optimizer.egg-info/dependency_links.txt
writing top-level names to static_centerline_optimizer.egg-info/top_level.txt
writing manifest file 'static_centerline_optimizer.egg-info/SOURCES.txt'
reading manifest file 'static_centerline_optimizer.egg-info/SOURCES.txt'
writing manifest file 'static_centerline_optimizer.egg-info/SOURCES.txt'
[  3%] Built target ament_cmake_python_build_static_centerline_optimizer_egg
[  3%] Built target static_centerline_optimizer__cpp
[  5%] [34m[1mGenerating C++ type support dispatch for ROS interfaces[0m
[  6%] [34m[1mGenerating C++ type support for eProsima Fast-RTPS[0m
[  8%] [34m[1mGenerating C++ introspection for ROS interfaces[0m
[ 13%] [32mBuilding C object CMakeFiles/static_centerline_optimizer__rosidl_generator_c.dir/rosidl_generator_c/static_centerline_optimizer/srv/detail/load_map__functions.c.o[0m
[ 13%] [32mBuilding C object CMakeFiles/static_centerline_optimizer__rosidl_generator_c.dir/rosidl_generator_c/static_centerline_optimizer/srv/detail/plan_route__functions.c.o[0m
[ 13%] [32mBuilding C object CMakeFiles/static_centerline_optimizer__rosidl_generator_c.dir/rosidl_generator_c/static_centerline_optimizer/srv/detail/plan_path__functions.c.o[0m
[ 15%] [32mBuilding C object CMakeFiles/static_centerline_optimizer__rosidl_generator_c.dir/rosidl_generator_c/static_centerline_optimizer/msg/detail/points_with_lane_id__functions.c.o[0m
[ 16%] [32m[1mLinking C shared library libstatic_centerline_optimizer__rosidl_generator_c.so[0m
[ 16%] Built target static_centerline_optimizer__rosidl_generator_c
[ 18%] [34m[1mGenerating C type support for eProsima Fast-RTPS[0m
[ 20%] [34m[1mGenerating C introspection for ROS interfaces[0m
[ 21%] [34m[1mGenerating C type support dispatch for ROS interfaces[0m
[ 25%] [32mBuilding CXX object CMakeFiles/static_centerline_optimizer__rosidl_typesupport_cpp.dir/rosidl_typesupport_cpp/static_centerline_optimizer/srv/plan_path__type_support.cpp.o[0m
[ 26%] [32mBuilding CXX object CMakeFiles/static_centerline_optimizer__rosidl_typesupport_cpp.dir/rosidl_typesupport_cpp/static_centerline_optimizer/msg/points_with_lane_id__type_support.cpp.o[0m
[ 26%] [32mBuilding CXX object CMakeFiles/static_centerline_optimizer__rosidl_typesupport_cpp.dir/rosidl_typesupport_cpp/static_centerline_optimizer/srv/load_map__type_support.cpp.o[0m
[ 28%] [32mBuilding CXX object CMakeFiles/static_centerline_optimizer__rosidl_typesupport_cpp.dir/rosidl_typesupport_cpp/static_centerline_optimizer/srv/plan_route__type_support.cpp.o[0m
[ 30%] [32mBuilding CXX object CMakeFiles/static_centerline_optimizer__rosidl_typesupport_introspection_cpp.dir/rosidl_typesupport_introspection_cpp/static_centerline_optimizer/srv/detail/load_map__type_support.cpp.o[0m
[ 31%] [32mBuilding CXX object CMakeFiles/static_centerline_optimizer__rosidl_typesupport_introspection_cpp.dir/rosidl_typesupport_introspection_cpp/static_centerline_optimizer/srv/detail/plan_route__type_support.cpp.o[0m
[ 33%] [32mBuilding CXX object CMakeFiles/static_centerline_optimizer__rosidl_typesupport_introspection_cpp.dir/rosidl_typesupport_introspection_cpp/static_centerline_optimizer/msg/detail/points_with_lane_id__type_support.cpp.o[0m
[ 35%] [32mBuilding CXX object CMakeFiles/static_centerline_optimizer__rosidl_typesupport_introspection_cpp.dir/rosidl_typesupport_introspection_cpp/static_centerline_optimizer/srv/detail/plan_path__type_support.cpp.o[0m
[ 41%] [32mBuilding CXX object CMakeFiles/static_centerline_optimizer__rosidl_typesupport_fastrtps_cpp.dir/rosidl_typesupport_fastrtps_cpp/static_centerline_optimizer/srv/detail/dds_fastrtps/plan_path__type_support.cpp.o[0m
[ 41%] [32mBuilding CXX object CMakeFiles/static_centerline_optimizer__rosidl_typesupport_fastrtps_cpp.dir/rosidl_typesupport_fastrtps_cpp/static_centerline_optimizer/srv/detail/dds_fastrtps/plan_route__type_support.cpp.o[0m
[ 41%] [32mBuilding CXX object CMakeFiles/static_centerline_optimizer__rosidl_typesupport_fastrtps_cpp.dir/rosidl_typesupport_fastrtps_cpp/static_centerline_optimizer/msg/detail/dds_fastrtps/points_with_lane_id__type_support.cpp.o[0m
[ 41%] [32mBuilding CXX object CMakeFiles/static_centerline_optimizer__rosidl_typesupport_fastrtps_cpp.dir/rosidl_typesupport_fastrtps_cpp/static_centerline_optimizer/srv/detail/dds_fastrtps/load_map__type_support.cpp.o[0m
[ 43%] [32mBuilding CXX object CMakeFiles/static_centerline_optimizer__rosidl_typesupport_c.dir/rosidl_typesupport_c/static_centerline_optimizer/srv/load_map__type_support.cpp.o[0m
[ 45%] [32mBuilding CXX object CMakeFiles/static_centerline_optimizer__rosidl_typesupport_c.dir/rosidl_typesupport_c/static_centerline_optimizer/srv/plan_route__type_support.cpp.o[0m
[ 46%] [32mBuilding CXX object CMakeFiles/static_centerline_optimizer__rosidl_typesupport_c.dir/rosidl_typesupport_c/static_centerline_optimizer/srv/plan_path__type_support.cpp.o[0m
[ 48%] [32mBuilding CXX object CMakeFiles/static_centerline_optimizer__rosidl_typesupport_c.dir/rosidl_typesupport_c/static_centerline_optimizer/msg/points_with_lane_id__type_support.cpp.o[0m
[ 50%] [32m[1mLinking CXX shared library libstatic_centerline_optimizer__rosidl_typesupport_c.so[0m
[ 51%] [32m[1mLinking CXX shared library libstatic_centerline_optimizer__rosidl_typesupport_cpp.so[0m
[ 58%] [32mBuilding CXX object CMakeFiles/static_centerline_optimizer__rosidl_typesupport_fastrtps_c.dir/rosidl_typesupport_fastrtps_c/static_centerline_optimizer/msg/detail/points_with_lane_id__type_support_c.cpp.o[0m
[ 58%] [32mBuilding CXX object CMakeFiles/static_centerline_optimizer__rosidl_typesupport_fastrtps_c.dir/rosidl_typesupport_fastrtps_c/static_centerline_optimizer/srv/detail/plan_route__type_support_c.cpp.o[0m
[ 58%] [32mBuilding CXX object CMakeFiles/static_centerline_optimizer__rosidl_typesupport_fastrtps_c.dir/rosidl_typesupport_fastrtps_c/static_centerline_optimizer/srv/detail/load_map__type_support_c.cpp.o[0m
[ 58%] [32mBuilding CXX object CMakeFiles/static_centerline_optimizer__rosidl_typesupport_fastrtps_c.dir/rosidl_typesupport_fastrtps_c/static_centerline_optimizer/srv/detail/plan_path__type_support_c.cpp.o[0m
[ 58%] Built target static_centerline_optimizer__rosidl_typesupport_c
[ 58%] Built target static_centerline_optimizer__rosidl_typesupport_cpp
[ 61%] [32mBuilding CXX object CMakeFiles/main.dir/src/static_centerline_optimizer_node.cpp.o[0m
[ 61%] [32mBuilding CXX object CMakeFiles/main.dir/src/main.cpp.o[0m
[ 63%] [32mBuilding CXX object CMakeFiles/main.dir/src/successive_trajectory_optimizer_node.cpp.o[0m
[ 65%] [32mBuilding C object CMakeFiles/static_centerline_optimizer__rosidl_typesupport_introspection_c.dir/rosidl_typesupport_introspection_c/static_centerline_optimizer/srv/detail/load_map__type_support.c.o[0m
[ 66%] [32mBuilding CXX object CMakeFiles/main.dir/src/utils.cpp.o[0m
[ 68%] [32mBuilding C object CMakeFiles/static_centerline_optimizer__rosidl_typesupport_introspection_c.dir/rosidl_typesupport_introspection_c/static_centerline_optimizer/srv/detail/plan_route__type_support.c.o[0m
[ 70%] [32mBuilding C object CMakeFiles/static_centerline_optimizer__rosidl_typesupport_introspection_c.dir/rosidl_typesupport_introspection_c/static_centerline_optimizer/srv/detail/plan_path__type_support.c.o[0m
[ 71%] [32mBuilding C object CMakeFiles/static_centerline_optimizer__rosidl_typesupport_introspection_c.dir/rosidl_typesupport_introspection_c/static_centerline_optimizer/msg/detail/points_with_lane_id__type_support.c.o[0m
[ 73%] [32m[1mLinking C shared library libstatic_centerline_optimizer__rosidl_typesupport_introspection_c.so[0m
[ 73%] Built target static_centerline_optimizer__rosidl_typesupport_introspection_c
[ 75%] [32m[1mLinking CXX shared library libstatic_centerline_optimizer__rosidl_typesupport_introspection_cpp.so[0m
[ 75%] Built target static_centerline_optimizer__rosidl_typesupport_introspection_cpp
[ 76%] [32m[1mLinking CXX shared library libstatic_centerline_optimizer__rosidl_typesupport_fastrtps_cpp.so[0m
[ 78%] [32m[1mLinking CXX shared library libstatic_centerline_optimizer__rosidl_typesupport_fastrtps_c.so[0m
[ 78%] Built target static_centerline_optimizer__rosidl_typesupport_fastrtps_cpp
[ 78%] Built target static_centerline_optimizer__rosidl_typesupport_fastrtps_c
[ 78%] Built target static_centerline_optimizer
[ 80%] [34m[1mGenerating Python code for ROS interfaces[0m
[ 80%] Built target static_centerline_optimizer__py
[ 86%] [32mBuilding C object CMakeFiles/static_centerline_optimizer__rosidl_generator_py.dir/rosidl_generator_py/static_centerline_optimizer/srv/_plan_path_s.c.o[0m
[ 86%] [32mBuilding C object CMakeFiles/static_centerline_optimizer__rosidl_generator_py.dir/rosidl_generator_py/static_centerline_optimizer/msg/_points_with_lane_id_s.c.o[0m
[ 86%] [32mBuilding C object CMakeFiles/static_centerline_optimizer__rosidl_generator_py.dir/rosidl_generator_py/static_centerline_optimizer/srv/_load_map_s.c.o[0m
[ 86%] [32mBuilding C object CMakeFiles/static_centerline_optimizer__rosidl_generator_py.dir/rosidl_generator_py/static_centerline_optimizer/srv/_plan_route_s.c.o[0m
[ 88%] [32m[1mLinking C shared library rosidl_generator_py/static_centerline_optimizer/libstatic_centerline_optimizer__rosidl_generator_py.so[0m
[ 88%] Built target static_centerline_optimizer__rosidl_generator_py
[ 93%] [32mBuilding C object CMakeFiles/static_centerline_optimizer__rosidl_typesupport_c__pyext.dir/rosidl_generator_py/static_centerline_optimizer/_static_centerline_optimizer_s.ep.rosidl_typesupport_c.c.o[0m
[ 93%] [32mBuilding C object CMakeFiles/static_centerline_optimizer__rosidl_typesupport_introspection_c__pyext.dir/rosidl_generator_py/static_centerline_optimizer/_static_centerline_optimizer_s.ep.rosidl_typesupport_introspection_c.c.o[0m
[ 93%] [32mBuilding C object CMakeFiles/static_centerline_optimizer__rosidl_typesupport_fastrtps_c__pyext.dir/rosidl_generator_py/static_centerline_optimizer/_static_centerline_optimizer_s.ep.rosidl_typesupport_fastrtps_c.c.o[0m
[ 98%] [32m[1mLinking C shared library rosidl_generator_py/static_centerline_optimizer/static_centerline_optimizer_s__rosidl_typesupport_introspection_c.cpython-310-x86_64-linux-gnu.so[0m
[ 98%] [32m[1mLinking C shared library rosidl_generator_py/static_centerline_optimizer/static_centerline_optimizer_s__rosidl_typesupport_c.cpython-310-x86_64-linux-gnu.so[0m
[ 98%] [32m[1mLinking C shared library rosidl_generator_py/static_centerline_optimizer/static_centerline_optimizer_s__rosidl_typesupport_fastrtps_c.cpython-310-x86_64-linux-gnu.so[0m
[ 98%] Built target static_centerline_optimizer__rosidl_typesupport_introspection_c__pyext
[ 98%] Built target static_centerline_optimizer__rosidl_typesupport_c__pyext
[ 98%] Built target static_centerline_optimizer__rosidl_typesupport_fastrtps_c__pyext
[100%] [32m[1mLinking CXX executable main[0m
[100%] Built target main
-- Install configuration: "Release"
-- Execute custom install script
-- Symlinking: /home/sws/autoware/install/static_centerline_optimizer/share/ament_index/resource_index/rosidl_interfaces/static_centerline_optimizer
-- Symlinking: /home/sws/autoware/install/static_centerline_optimizer/include/static_centerline_optimizer/static_centerline_optimizer/msg/detail/points_with_lane_id__functions.h
-- Symlinking: /home/sws/autoware/install/static_centerline_optimizer/include/static_centerline_optimizer/static_centerline_optimizer/msg/detail/points_with_lane_id__struct.h
-- Symlinking: /home/sws/autoware/install/static_centerline_optimizer/include/static_centerline_optimizer/static_centerline_optimizer/msg/detail/points_with_lane_id__type_support.h
-- Symlinking: /home/sws/autoware/install/static_centerline_optimizer/include/static_centerline_optimizer/static_centerline_optimizer/msg/points_with_lane_id.h
-- Symlinking: /home/sws/autoware/install/static_centerline_optimizer/include/static_centerline_optimizer/static_centerline_optimizer/msg/rosidl_generator_c__visibility_control.h
-- Symlinking: /home/sws/autoware/install/static_centerline_optimizer/include/static_centerline_optimizer/static_centerline_optimizer/srv/detail/load_map__functions.h
-- Symlinking: /home/sws/autoware/install/static_centerline_optimizer/include/static_centerline_optimizer/static_centerline_optimizer/srv/detail/load_map__struct.h
-- Symlinking: /home/sws/autoware/install/static_centerline_optimizer/include/static_centerline_optimizer/static_centerline_optimizer/srv/detail/load_map__type_support.h
-- Symlinking: /home/sws/autoware/install/static_centerline_optimizer/include/static_centerline_optimizer/static_centerline_optimizer/srv/detail/plan_path__functions.h
-- Symlinking: /home/sws/autoware/install/static_centerline_optimizer/include/static_centerline_optimizer/static_centerline_optimizer/srv/detail/plan_path__struct.h
-- Symlinking: /home/sws/autoware/install/static_centerline_optimizer/include/static_centerline_optimizer/static_centerline_optimizer/srv/detail/plan_path__type_support.h
-- Symlinking: /home/sws/autoware/install/static_centerline_optimizer/include/static_centerline_optimizer/static_centerline_optimizer/srv/detail/plan_route__functions.h
-- Symlinking: /home/sws/autoware/install/static_centerline_optimizer/include/static_centerline_optimizer/static_centerline_optimizer/srv/detail/plan_route__struct.h
-- Symlinking: /home/sws/autoware/install/static_centerline_optimizer/include/static_centerline_optimizer/static_centerline_optimizer/srv/detail/plan_route__type_support.h
-- Symlinking: /home/sws/autoware/install/static_centerline_optimizer/include/static_centerline_optimizer/static_centerline_optimizer/srv/load_map.h
-- Symlinking: /home/sws/autoware/install/static_centerline_optimizer/include/static_centerline_optimizer/static_centerline_optimizer/srv/plan_path.h
-- Symlinking: /home/sws/autoware/install/static_centerline_optimizer/include/static_centerline_optimizer/static_centerline_optimizer/srv/plan_route.h
-- Symlinking: /home/sws/autoware/install/static_centerline_optimizer/share/static_centerline_optimizer/environment/library_path.sh
-- Symlinking: /home/sws/autoware/install/static_centerline_optimizer/share/static_centerline_optimizer/environment/library_path.dsv
-- Symlinking: /home/sws/autoware/install/static_centerline_optimizer/include/static_centerline_optimizer/static_centerline_optimizer/msg/detail/points_with_lane_id__rosidl_typesupport_fastrtps_c.h
-- Symlinking: /home/sws/autoware/install/static_centerline_optimizer/include/static_centerline_optimizer/static_centerline_optimizer/msg/rosidl_typesupport_fastrtps_c__visibility_control.h
-- Symlinking: /home/sws/autoware/install/static_centerline_optimizer/include/static_centerline_optimizer/static_centerline_optimizer/srv/detail/load_map__rosidl_typesupport_fastrtps_c.h
-- Symlinking: /home/sws/autoware/install/static_centerline_optimizer/include/static_centerline_optimizer/static_centerline_optimizer/srv/detail/plan_path__rosidl_typesupport_fastrtps_c.h
-- Symlinking: /home/sws/autoware/install/static_centerline_optimizer/include/static_centerline_optimizer/static_centerline_optimizer/srv/detail/plan_route__rosidl_typesupport_fastrtps_c.h
-- Symlinking: /home/sws/autoware/install/static_centerline_optimizer/include/static_centerline_optimizer/static_centerline_optimizer/msg/detail/points_with_lane_id__builder.hpp
-- Symlinking: /home/sws/autoware/install/static_centerline_optimizer/include/static_centerline_optimizer/static_centerline_optimizer/msg/detail/points_with_lane_id__struct.hpp
-- Symlinking: /home/sws/autoware/install/static_centerline_optimizer/include/static_centerline_optimizer/static_centerline_optimizer/msg/detail/points_with_lane_id__traits.hpp
-- Symlinking: /home/sws/autoware/install/static_centerline_optimizer/include/static_centerline_optimizer/static_centerline_optimizer/msg/points_with_lane_id.hpp
-- Symlinking: /home/sws/autoware/install/static_centerline_optimizer/include/static_centerline_optimizer/static_centerline_optimizer/srv/detail/load_map__builder.hpp
-- Symlinking: /home/sws/autoware/install/static_centerline_optimizer/include/static_centerline_optimizer/static_centerline_optimizer/srv/detail/load_map__struct.hpp
-- Symlinking: /home/sws/autoware/install/static_centerline_optimizer/include/static_centerline_optimizer/static_centerline_optimizer/srv/detail/load_map__traits.hpp
-- Symlinking: /home/sws/autoware/install/static_centerline_optimizer/include/static_centerline_optimizer/static_centerline_optimizer/srv/detail/plan_path__builder.hpp
-- Symlinking: /home/sws/autoware/install/static_centerline_optimizer/include/static_centerline_optimizer/static_centerline_optimizer/srv/detail/plan_path__struct.hpp
-- Symlinking: /home/sws/autoware/install/static_centerline_optimizer/include/static_centerline_optimizer/static_centerline_optimizer/srv/detail/plan_path__traits.hpp
-- Symlinking: /home/sws/autoware/install/static_centerline_optimizer/include/static_centerline_optimizer/static_centerline_optimizer/srv/detail/plan_route__builder.hpp
-- Symlinking: /home/sws/autoware/install/static_centerline_optimizer/include/static_centerline_optimizer/static_centerline_optimizer/srv/detail/plan_route__struct.hpp
-- Symlinking: /home/sws/autoware/install/static_centerline_optimizer/include/static_centerline_optimizer/static_centerline_optimizer/srv/detail/plan_route__traits.hpp
-- Symlinking: /home/sws/autoware/install/static_centerline_optimizer/include/static_centerline_optimizer/static_centerline_optimizer/srv/load_map.hpp
-- Symlinking: /home/sws/autoware/install/static_centerline_optimizer/include/static_centerline_optimizer/static_centerline_optimizer/srv/plan_path.hpp
-- Symlinking: /home/sws/autoware/install/static_centerline_optimizer/include/static_centerline_optimizer/static_centerline_optimizer/srv/plan_route.hpp
-- Symlinking: /home/sws/autoware/install/static_centerline_optimizer/include/static_centerline_optimizer/static_centerline_optimizer/msg/detail/points_with_lane_id__rosidl_typesupport_fastrtps_cpp.hpp
-- Symlinking: /home/sws/autoware/install/static_centerline_optimizer/include/static_centerline_optimizer/static_centerline_optimizer/msg/rosidl_typesupport_fastrtps_cpp__visibility_control.h
-- Symlinking: /home/sws/autoware/install/static_centerline_optimizer/include/static_centerline_optimizer/static_centerline_optimizer/srv/detail/load_map__rosidl_typesupport_fastrtps_cpp.hpp
-- Symlinking: /home/sws/autoware/install/static_centerline_optimizer/include/static_centerline_optimizer/static_centerline_optimizer/srv/detail/plan_path__rosidl_typesupport_fastrtps_cpp.hpp
-- Symlinking: /home/sws/autoware/install/static_centerline_optimizer/include/static_centerline_optimizer/static_centerline_optimizer/srv/detail/plan_route__rosidl_typesupport_fastrtps_cpp.hpp
-- Symlinking: /home/sws/autoware/install/static_centerline_optimizer/include/static_centerline_optimizer/static_centerline_optimizer/msg/detail/points_with_lane_id__rosidl_typesupport_introspection_c.h
-- Symlinking: /home/sws/autoware/install/static_centerline_optimizer/include/static_centerline_optimizer/static_centerline_optimizer/msg/rosidl_typesupport_introspection_c__visibility_control.h
-- Symlinking: /home/sws/autoware/install/static_centerline_optimizer/include/static_centerline_optimizer/static_centerline_optimizer/srv/detail/load_map__rosidl_typesupport_introspection_c.h
-- Symlinking: /home/sws/autoware/install/static_centerline_optimizer/include/static_centerline_optimizer/static_centerline_optimizer/srv/detail/plan_path__rosidl_typesupport_introspection_c.h
-- Symlinking: /home/sws/autoware/install/static_centerline_optimizer/include/static_centerline_optimizer/static_centerline_optimizer/srv/detail/plan_route__rosidl_typesupport_introspection_c.h
-- Symlinking: /home/sws/autoware/install/static_centerline_optimizer/include/static_centerline_optimizer/static_centerline_optimizer/msg/detail/points_with_lane_id__rosidl_typesupport_introspection_cpp.hpp
-- Symlinking: /home/sws/autoware/install/static_centerline_optimizer/include/static_centerline_optimizer/static_centerline_optimizer/srv/detail/load_map__rosidl_typesupport_introspection_cpp.hpp
-- Symlinking: /home/sws/autoware/install/static_centerline_optimizer/include/static_centerline_optimizer/static_centerline_optimizer/srv/detail/plan_path__rosidl_typesupport_introspection_cpp.hpp
-- Symlinking: /home/sws/autoware/install/static_centerline_optimizer/include/static_centerline_optimizer/static_centerline_optimizer/srv/detail/plan_route__rosidl_typesupport_introspection_cpp.hpp
-- Symlinking: /home/sws/autoware/install/static_centerline_optimizer/share/static_centerline_optimizer/environment/pythonpath.sh
-- Symlinking: /home/sws/autoware/install/static_centerline_optimizer/share/static_centerline_optimizer/environment/pythonpath.dsv
-- Symlinking: /home/sws/autoware/install/static_centerline_optimizer/local/lib/python3.10/dist-packages/static_centerline_optimizer-0.1.0-py3.10.egg-info/PKG-INFO
-- Symlinking: /home/sws/autoware/install/static_centerline_optimizer/local/lib/python3.10/dist-packages/static_centerline_optimizer-0.1.0-py3.10.egg-info/SOURCES.txt
-- Symlinking: /home/sws/autoware/install/static_centerline_optimizer/local/lib/python3.10/dist-packages/static_centerline_optimizer-0.1.0-py3.10.egg-info/dependency_links.txt
-- Symlinking: /home/sws/autoware/install/static_centerline_optimizer/local/lib/python3.10/dist-packages/static_centerline_optimizer-0.1.0-py3.10.egg-info/top_level.txt
-- Symlinking: /home/sws/autoware/install/static_centerline_optimizer/local/lib/python3.10/dist-packages/static_centerline_optimizer/__init__.py
-- Symlinking: /home/sws/autoware/install/static_centerline_optimizer/local/lib/python3.10/dist-packages/static_centerline_optimizer/_static_centerline_optimizer_s.ep.rosidl_typesupport_c.c
-- Symlinking: /home/sws/autoware/install/static_centerline_optimizer/local/lib/python3.10/dist-packages/static_centerline_optimizer/_static_centerline_optimizer_s.ep.rosidl_typesupport_fastrtps_c.c
-- Symlinking: /home/sws/autoware/install/static_centerline_optimizer/local/lib/python3.10/dist-packages/static_centerline_optimizer/_static_centerline_optimizer_s.ep.rosidl_typesupport_introspection_c.c
-- Symlinking: /home/sws/autoware/install/static_centerline_optimizer/local/lib/python3.10/dist-packages/static_centerline_optimizer/libstatic_centerline_optimizer__rosidl_generator_py.so
-- Symlinking: /home/sws/autoware/install/static_centerline_optimizer/local/lib/python3.10/dist-packages/static_centerline_optimizer/msg/__init__.py
-- Symlinking: /home/sws/autoware/install/static_centerline_optimizer/local/lib/python3.10/dist-packages/static_centerline_optimizer/msg/_points_with_lane_id.py
-- Symlinking: /home/sws/autoware/install/static_centerline_optimizer/local/lib/python3.10/dist-packages/static_centerline_optimizer/msg/_points_with_lane_id_s.c
-- Symlinking: /home/sws/autoware/install/static_centerline_optimizer/local/lib/python3.10/dist-packages/static_centerline_optimizer/srv/__init__.py
-- Symlinking: /home/sws/autoware/install/static_centerline_optimizer/local/lib/python3.10/dist-packages/static_centerline_optimizer/srv/_load_map.py
-- Symlinking: /home/sws/autoware/install/static_centerline_optimizer/local/lib/python3.10/dist-packages/static_centerline_optimizer/srv/_load_map_s.c
-- Symlinking: /home/sws/autoware/install/static_centerline_optimizer/local/lib/python3.10/dist-packages/static_centerline_optimizer/srv/_plan_path.py
-- Symlinking: /home/sws/autoware/install/static_centerline_optimizer/local/lib/python3.10/dist-packages/static_centerline_optimizer/srv/_plan_path_s.c
-- Symlinking: /home/sws/autoware/install/static_centerline_optimizer/local/lib/python3.10/dist-packages/static_centerline_optimizer/srv/_plan_route.py
-- Symlinking: /home/sws/autoware/install/static_centerline_optimizer/local/lib/python3.10/dist-packages/static_centerline_optimizer/srv/_plan_route_s.c
-- Symlinking: /home/sws/autoware/install/static_centerline_optimizer/local/lib/python3.10/dist-packages/static_centerline_optimizer/static_centerline_optimizer_s__rosidl_typesupport_c.cpython-310-x86_64-linux-gnu.so
-- Symlinking: /home/sws/autoware/install/static_centerline_optimizer/local/lib/python3.10/dist-packages/static_centerline_optimizer/static_centerline_optimizer_s__rosidl_typesupport_fastrtps_c.cpython-310-x86_64-linux-gnu.so
-- Symlinking: /home/sws/autoware/install/static_centerline_optimizer/local/lib/python3.10/dist-packages/static_centerline_optimizer/static_centerline_optimizer_s__rosidl_typesupport_introspection_c.cpython-310-x86_64-linux-gnu.so
-- Up-to-date symlink: /home/sws/autoware/install/static_centerline_optimizer/local/lib/python3.10/dist-packages/static_centerline_optimizer/static_centerline_optimizer_s__rosidl_typesupport_fastrtps_c.cpython-310-x86_64-linux-gnu.so
-- Up-to-date symlink: /home/sws/autoware/install/static_centerline_optimizer/local/lib/python3.10/dist-packages/static_centerline_optimizer/static_centerline_optimizer_s__rosidl_typesupport_introspection_c.cpython-310-x86_64-linux-gnu.so
-- Up-to-date symlink: /home/sws/autoware/install/static_centerline_optimizer/local/lib/python3.10/dist-packages/static_centerline_optimizer/static_centerline_optimizer_s__rosidl_typesupport_c.cpython-310-x86_64-linux-gnu.so
-- Symlinking: /home/sws/autoware/install/static_centerline_optimizer/share/static_centerline_optimizer/srv/LoadMap.idl
-- Symlinking: /home/sws/autoware/install/static_centerline_optimizer/share/static_centerline_optimizer/srv/PlanRoute.idl
-- Symlinking: /home/sws/autoware/install/static_centerline_optimizer/share/static_centerline_optimizer/srv/PlanPath.idl
-- Symlinking: /home/sws/autoware/install/static_centerline_optimizer/share/static_centerline_optimizer/msg/PointsWithLaneId.idl
-- Symlinking: /home/sws/autoware/install/static_centerline_optimizer/share/static_centerline_optimizer/srv/LoadMap.srv
-- Symlinking: /home/sws/autoware/install/static_centerline_optimizer/share/static_centerline_optimizer/srv/LoadMap_Request.msg
-- Symlinking: /home/sws/autoware/install/static_centerline_optimizer/share/static_centerline_optimizer/srv/LoadMap_Response.msg
-- Symlinking: /home/sws/autoware/install/static_centerline_optimizer/share/static_centerline_optimizer/srv/PlanRoute.srv
-- Symlinking: /home/sws/autoware/install/static_centerline_optimizer/share/static_centerline_optimizer/srv/PlanRoute_Request.msg
-- Symlinking: /home/sws/autoware/install/static_centerline_optimizer/share/static_centerline_optimizer/srv/PlanRoute_Response.msg
-- Symlinking: /home/sws/autoware/install/static_centerline_optimizer/share/static_centerline_optimizer/srv/PlanPath.srv
-- Symlinking: /home/sws/autoware/install/static_centerline_optimizer/share/static_centerline_optimizer/srv/PlanPath_Request.msg
-- Symlinking: /home/sws/autoware/install/static_centerline_optimizer/share/static_centerline_optimizer/srv/PlanPath_Response.msg
-- Symlinking: /home/sws/autoware/install/static_centerline_optimizer/share/static_centerline_optimizer/msg/PointsWithLaneId.msg
-- Symlinking: /home/sws/autoware/install/static_centerline_optimizer/include/static_centerline_optimizer/static_centerline_optimizer_node.hpp
-- Symlinking: /home/sws/autoware/install/static_centerline_optimizer/include/static_centerline_optimizer/successive_trajectory_optimizer_node.hpp
-- Symlinking: /home/sws/autoware/install/static_centerline_optimizer/include/static_centerline_optimizer/type_alias.hpp
-- Symlinking: /home/sws/autoware/install/static_centerline_optimizer/include/static_centerline_optimizer/utils.hpp
-- Symlinking: /home/sws/autoware/install/static_centerline_optimizer/lib/static_centerline_optimizer/main
-- Symlinking: /home/sws/autoware/install/static_centerline_optimizer/share/static_centerline_optimizer/launch/run_planning_server.launch.xml
-- Symlinking: /home/sws/autoware/install/static_centerline_optimizer/share/static_centerline_optimizer/launch/static_centerline_optimizer.launch.xml
-- Symlinking: /home/sws/autoware/install/static_centerline_optimizer/share/static_centerline_optimizer/config/common.param.yaml
-- Symlinking: /home/sws/autoware/install/static_centerline_optimizer/share/static_centerline_optimizer/config/nearest_search.param.yaml
-- Symlinking: /home/sws/autoware/install/static_centerline_optimizer/share/static_centerline_optimizer/config/static_centerline_optimizer.param.yaml
-- Symlinking: /home/sws/autoware/install/static_centerline_optimizer/share/static_centerline_optimizer/config/vehicle_info.param.yaml
-- Symlinking: /home/sws/autoware/install/static_centerline_optimizer/share/static_centerline_optimizer/rviz/static_centerline_optimizer.rviz
-- Symlinking: /home/sws/autoware/install/static_centerline_optimizer/share/ament_index/resource_index/package_run_dependencies/static_centerline_optimizer
-- Symlinking: /home/sws/autoware/install/static_centerline_optimizer/share/ament_index/resource_index/parent_prefix_path/static_centerline_optimizer
-- Symlinking: /home/sws/autoware/install/static_centerline_optimizer/share/static_centerline_optimizer/environment/ament_prefix_path.sh
-- Symlinking: /home/sws/autoware/install/static_centerline_optimizer/share/static_centerline_optimizer/environment/ament_prefix_path.dsv
-- Symlinking: /home/sws/autoware/install/static_centerline_optimizer/share/static_centerline_optimizer/environment/path.sh
-- Symlinking: /home/sws/autoware/install/static_centerline_optimizer/share/static_centerline_optimizer/environment/path.dsv
-- Symlinking: /home/sws/autoware/install/static_centerline_optimizer/share/static_centerline_optimizer/local_setup.bash
-- Symlinking: /home/sws/autoware/install/static_centerline_optimizer/share/static_centerline_optimizer/local_setup.sh
-- Symlinking: /home/sws/autoware/install/static_centerline_optimizer/share/static_centerline_optimizer/local_setup.zsh
-- Symlinking: /home/sws/autoware/install/static_centerline_optimizer/share/static_centerline_optimizer/local_setup.dsv
-- Symlinking: /home/sws/autoware/install/static_centerline_optimizer/share/static_centerline_optimizer/package.dsv
-- Symlinking: /home/sws/autoware/install/static_centerline_optimizer/share/ament_index/resource_index/packages/static_centerline_optimizer
-- Symlinking: /home/sws/autoware/install/static_centerline_optimizer/share/static_centerline_optimizer/cmake/rosidl_cmake-extras.cmake
-- Symlinking: /home/sws/autoware/install/static_centerline_optimizer/share/static_centerline_optimizer/cmake/ament_cmake_export_dependencies-extras.cmake
-- Symlinking: /home/sws/autoware/install/static_centerline_optimizer/share/static_centerline_optimizer/cmake/ament_cmake_export_include_directories-extras.cmake
-- Symlinking: /home/sws/autoware/install/static_centerline_optimizer/share/static_centerline_optimizer/cmake/ament_cmake_export_libraries-extras.cmake
-- Symlinking: /home/sws/autoware/install/static_centerline_optimizer/share/static_centerline_optimizer/cmake/ament_cmake_export_targets-extras.cmake
-- Symlinking: /home/sws/autoware/install/static_centerline_optimizer/share/static_centerline_optimizer/cmake/rosidl_cmake_export_typesupport_targets-extras.cmake
-- Symlinking: /home/sws/autoware/install/static_centerline_optimizer/share/static_centerline_optimizer/cmake/rosidl_cmake_export_typesupport_libraries-extras.cmake
-- Symlinking: /home/sws/autoware/install/static_centerline_optimizer/share/static_centerline_optimizer/cmake/static_centerline_optimizerConfig.cmake
-- Symlinking: /home/sws/autoware/install/static_centerline_optimizer/share/static_centerline_optimizer/cmake/static_centerline_optimizerConfig-version.cmake
-- Symlinking: /home/sws/autoware/install/static_centerline_optimizer/share/static_centerline_optimizer/package.xml
-- Symlinking: /home/sws/autoware/install/static_centerline_optimizer/share/static_centerline_optimizer/test/data//lanelet2_map.osm
-- Symlinking: /home/sws/autoware/install/static_centerline_optimizer/lib/static_centerline_optimizer/app.py
-- Installing: /home/sws/autoware/install/static_centerline_optimizer/lib/libstatic_centerline_optimizer__rosidl_generator_c.so
-- Set runtime path of "/home/sws/autoware/install/static_centerline_optimizer/lib/libstatic_centerline_optimizer__rosidl_generator_c.so" to ""
-- Installing: /home/sws/autoware/install/static_centerline_optimizer/lib/libstatic_centerline_optimizer__rosidl_typesupport_fastrtps_c.so
-- Set runtime path of "/home/sws/autoware/install/static_centerline_optimizer/lib/libstatic_centerline_optimizer__rosidl_typesupport_fastrtps_c.so" to ""
-- Installing: /home/sws/autoware/install/static_centerline_optimizer/lib/libstatic_centerline_optimizer__rosidl_typesupport_fastrtps_cpp.so
-- Set runtime path of "/home/sws/autoware/install/static_centerline_optimizer/lib/libstatic_centerline_optimizer__rosidl_typesupport_fastrtps_cpp.so" to ""
-- Installing: /home/sws/autoware/install/static_centerline_optimizer/lib/libstatic_centerline_optimizer__rosidl_typesupport_introspection_c.so
-- Set runtime path of "/home/sws/autoware/install/static_centerline_optimizer/lib/libstatic_centerline_optimizer__rosidl_typesupport_introspection_c.so" to ""
-- Installing: /home/sws/autoware/install/static_centerline_optimizer/lib/libstatic_centerline_optimizer__rosidl_typesupport_c.so
-- Set runtime path of "/home/sws/autoware/install/static_centerline_optimizer/lib/libstatic_centerline_optimizer__rosidl_typesupport_c.so" to ""
-- Installing: /home/sws/autoware/install/static_centerline_optimizer/lib/libstatic_centerline_optimizer__rosidl_typesupport_introspection_cpp.so
-- Set runtime path of "/home/sws/autoware/install/static_centerline_optimizer/lib/libstatic_centerline_optimizer__rosidl_typesupport_introspection_cpp.so" to ""
-- Installing: /home/sws/autoware/install/static_centerline_optimizer/lib/libstatic_centerline_optimizer__rosidl_typesupport_cpp.so
-- Set runtime path of "/home/sws/autoware/install/static_centerline_optimizer/lib/libstatic_centerline_optimizer__rosidl_typesupport_cpp.so" to ""
Listing '/home/sws/autoware/install/static_centerline_optimizer/local/lib/python3.10/dist-packages/static_centerline_optimizer'...
Compiling '/home/sws/autoware/install/static_centerline_optimizer/local/lib/python3.10/dist-packages/static_centerline_optimizer/__init__.py'...
Listing '/home/sws/autoware/install/static_centerline_optimizer/local/lib/python3.10/dist-packages/static_centerline_optimizer/msg'...
Compiling '/home/sws/autoware/install/static_centerline_optimizer/local/lib/python3.10/dist-packages/static_centerline_optimizer/msg/__init__.py'...
Compiling '/home/sws/autoware/install/static_centerline_optimizer/local/lib/python3.10/dist-packages/static_centerline_optimizer/msg/_points_with_lane_id.py'...
Listing '/home/sws/autoware/install/static_centerline_optimizer/local/lib/python3.10/dist-packages/static_centerline_optimizer/srv'...
Compiling '/home/sws/autoware/install/static_centerline_optimizer/local/lib/python3.10/dist-packages/static_centerline_optimizer/srv/__init__.py'...
Compiling '/home/sws/autoware/install/static_centerline_optimizer/local/lib/python3.10/dist-packages/static_centerline_optimizer/srv/_load_map.py'...
Compiling '/home/sws/autoware/install/static_centerline_optimizer/local/lib/python3.10/dist-packages/static_centerline_optimizer/srv/_plan_path.py'...
Compiling '/home/sws/autoware/install/static_centerline_optimizer/local/lib/python3.10/dist-packages/static_centerline_optimizer/srv/_plan_route.py'...
-- Installing: /home/sws/autoware/install/static_centerline_optimizer/lib/libstatic_centerline_optimizer__rosidl_generator_py.so
-- Set runtime path of "/home/sws/autoware/install/static_centerline_optimizer/lib/libstatic_centerline_optimizer__rosidl_generator_py.so" to ""
-- Installing: /home/sws/autoware/install/static_centerline_optimizer/share/static_centerline_optimizer/cmake/export_static_centerline_optimizer__rosidl_generator_cExport.cmake
-- Installing: /home/sws/autoware/install/static_centerline_optimizer/share/static_centerline_optimizer/cmake/export_static_centerline_optimizer__rosidl_generator_cExport-release.cmake
-- Installing: /home/sws/autoware/install/static_centerline_optimizer/share/static_centerline_optimizer/cmake/export_static_centerline_optimizer__rosidl_typesupport_fastrtps_cExport.cmake
-- Installing: /home/sws/autoware/install/static_centerline_optimizer/share/static_centerline_optimizer/cmake/export_static_centerline_optimizer__rosidl_typesupport_fastrtps_cExport-release.cmake
-- Installing: /home/sws/autoware/install/static_centerline_optimizer/share/static_centerline_optimizer/cmake/export_static_centerline_optimizer__rosidl_generator_cppExport.cmake
-- Installing: /home/sws/autoware/install/static_centerline_optimizer/share/static_centerline_optimizer/cmake/export_static_centerline_optimizer__rosidl_typesupport_fastrtps_cppExport.cmake
-- Installing: /home/sws/autoware/install/static_centerline_optimizer/share/static_centerline_optimizer/cmake/export_static_centerline_optimizer__rosidl_typesupport_fastrtps_cppExport-release.cmake
-- Installing: /home/sws/autoware/install/static_centerline_optimizer/share/static_centerline_optimizer/cmake/static_centerline_optimizer__rosidl_typesupport_introspection_cExport.cmake
-- Installing: /home/sws/autoware/install/static_centerline_optimizer/share/static_centerline_optimizer/cmake/static_centerline_optimizer__rosidl_typesupport_introspection_cExport-release.cmake
-- Installing: /home/sws/autoware/install/static_centerline_optimizer/share/static_centerline_optimizer/cmake/static_centerline_optimizer__rosidl_typesupport_cExport.cmake
-- Installing: /home/sws/autoware/install/static_centerline_optimizer/share/static_centerline_optimizer/cmake/static_centerline_optimizer__rosidl_typesupport_cExport-release.cmake
-- Installing: /home/sws/autoware/install/static_centerline_optimizer/share/static_centerline_optimizer/cmake/static_centerline_optimizer__rosidl_typesupport_introspection_cppExport.cmake
-- Installing: /home/sws/autoware/install/static_centerline_optimizer/share/static_centerline_optimizer/cmake/static_centerline_optimizer__rosidl_typesupport_introspection_cppExport-release.cmake
-- Installing: /home/sws/autoware/install/static_centerline_optimizer/share/static_centerline_optimizer/cmake/static_centerline_optimizer__rosidl_typesupport_cppExport.cmake
-- Installing: /home/sws/autoware/install/static_centerline_optimizer/share/static_centerline_optimizer/cmake/static_centerline_optimizer__rosidl_typesupport_cppExport-release.cmake
-- Installing: /home/sws/autoware/install/static_centerline_optimizer/share/static_centerline_optimizer/cmake/export_static_centerline_optimizer__rosidl_generator_pyExport.cmake
-- Installing: /home/sws/autoware/install/static_centerline_optimizer/share/static_centerline_optimizer/cmake/export_static_centerline_optimizer__rosidl_generator_pyExport-release.cmake
