[0.620s] Invoking command in '/home/sws/autoware/build/traffic_light_visualization': AMENT_PREFIX_PATH=/home/sws/autoware/install/lanelet2_extension:/home/sws/autoware/install/autoware_utils:/home/sws/autoware/install/autoware_planning_msgs:/home/sws/autoware/install/autoware_cmake:/home/sws/autoware/install/autoware_auto_planning_msgs:/home/sws/autoware/install/autoware_auto_perception_msgs:/home/sws/autoware/install/autoware_lint_common:/home/sws/autoware/install/autoware_common_msgs:/home/sws/autoware/install/autoware_auto_mapping_msgs:/home/sws/autoware/install/autoware_auto_geometry_msgs:${AMENT_PREFIX_PATH} CMAKE_PREFIX_PATH=/home/sws/autoware/install/lanelet2_extension:/home/sws/autoware/install/autoware_utils:/home/sws/autoware/install/autoware_planning_msgs:/home/sws/autoware/install/autoware_cmake:/home/sws/autoware/install/autoware_auto_planning_msgs:/home/sws/autoware/install/autoware_auto_perception_msgs:/home/sws/autoware/install/autoware_lint_common:/home/sws/autoware/install/autoware_common_msgs:/home/sws/autoware/install/autoware_auto_mapping_msgs:/home/sws/autoware/install/autoware_auto_geometry_msgs:/opt/ros/humble LD_LIBRARY_PATH=/home/sws/autoware/install/lanelet2_extension/lib:/home/sws/autoware/install/autoware_utils/lib:/home/sws/autoware/install/autoware_planning_msgs/lib:/home/sws/autoware/install/autoware_auto_planning_msgs/lib:/home/sws/autoware/install/autoware_auto_perception_msgs/lib:/home/sws/autoware/install/autoware_common_msgs/lib:/home/sws/autoware/install/autoware_auto_mapping_msgs/lib:/home/sws/autoware/install/autoware_auto_geometry_msgs/lib:${LD_LIBRARY_PATH} PYTHONPATH=/home/sws/autoware/install/autoware_planning_msgs/local/lib/python3.10/dist-packages:/home/sws/autoware/install/autoware_auto_planning_msgs/local/lib/python3.10/dist-packages:/home/sws/autoware/install/autoware_auto_perception_msgs/local/lib/python3.10/dist-packages:/home/sws/autoware/install/autoware_common_msgs/local/lib/python3.10/dist-packages:/home/sws/autoware/install/autoware_auto_mapping_msgs/local/lib/python3.10/dist-packages:/home/sws/autoware/install/autoware_auto_geometry_msgs/local/lib/python3.10/dist-packages:${PYTHONPATH} /usr/bin/cmake /home/sws/autoware/src/universe/autoware.universe/perception/traffic_light_visualization -DCMAKE_BUILD_TYPE=Release -DAMENT_CMAKE_SYMLINK_INSTALL=1 -DCMAKE_INSTALL_PREFIX=/home/sws/autoware/install/traffic_light_visualization
[25.715s] -- The C compiler identification is GNU 11.3.0
[25.716s] -- The CXX compiler identification is GNU 11.3.0
[25.716s] -- Detecting C compiler ABI info
[25.716s] -- Detecting C compiler ABI info - done
[25.716s] -- Check for working C compiler: /usr/bin/cc - skipped
[25.717s] -- Detecting C compile features
[25.717s] -- Detecting C compile features - done
[25.717s] -- Detecting CXX compiler ABI info
[25.717s] -- Detecting CXX compiler ABI info - done
[25.717s] -- Check for working CXX compiler: /usr/bin/c++ - skipped
[25.717s] -- Detecting CXX compile features
[25.717s] -- Detecting CXX compile features - done
[25.717s] -- Found autoware_cmake: 0.1.0 (/home/sws/autoware/install/autoware_cmake/share/autoware_cmake/cmake)
[25.717s] -- Found Python3: /usr/bin/python3.10 (found version "3.10.6") found components: Interpreter 
[25.717s] -- Override CMake install command with custom implementation using symlinks instead of copying resources
[25.717s] -- Found rosidl_generator_c: 3.1.4 (/opt/ros/humble/share/rosidl_generator_c/cmake)
[25.718s] -- Found rosidl_adapter: 3.1.4 (/opt/ros/humble/share/rosidl_adapter/cmake)
[25.718s] -- Found rosidl_generator_cpp: 3.1.4 (/opt/ros/humble/share/rosidl_generator_cpp/cmake)
[25.718s] -- Using all available rosidl_typesupport_c: rosidl_typesupport_fastrtps_c;rosidl_typesupport_introspection_c
[25.718s] -- Using all available rosidl_typesupport_cpp: rosidl_typesupport_fastrtps_cpp;rosidl_typesupport_introspection_cpp
[25.718s] -- Found rmw_implementation_cmake: 6.1.1 (/opt/ros/humble/share/rmw_implementation_cmake/cmake)
[25.718s] -- Found rmw_fastrtps_cpp: 6.2.2 (/opt/ros/humble/share/rmw_fastrtps_cpp/cmake)
[25.718s] -- Found OpenSSL: /usr/lib/x86_64-linux-gnu/libcrypto.so (found version "3.0.2")  
[25.718s] -- Found FastRTPS: /opt/ros/humble/include  
[25.718s] -- Using RMW implementation 'rmw_fastrtps_cpp' as default
[25.718s] -- Looking for pthread.h
[25.718s] -- Looking for pthread.h - found
[25.719s] -- Performing Test CMAKE_HAVE_LIBC_PTHREAD
[25.719s] -- Performing Test CMAKE_HAVE_LIBC_PTHREAD - Success
[25.719s] -- Found Threads: TRUE  
[25.719s] -- Found mrt_cmake_modules: 1.0.9 (/opt/ros/humble/share/mrt_cmake_modules/cmake)
[25.719s] -- Found Boost: /usr/lib/x86_64-linux-gnu/cmake/Boost-1.74.0/BoostConfig.cmake (found version "1.74.0") found components: wserialization thread random serialization log_setup prg_exec_monitor wave system chrono filesystem locale timer date_time regex graph program_options unit_test_framework log atomic iostreams 
[25.719s] -- Found OpenMP_C: -fopenmp (found version "4.5") 
[25.719s] -- Found OpenMP_CXX: -fopenmp (found version "4.5") 
[25.719s] -- Found OpenMP: TRUE (found version "4.5")  
[25.719s] -- Found pugixml: /usr/lib/x86_64-linux-gnu/libpugixml.so  
[25.719s] -- Found PkgConfig: /usr/bin/pkg-config (found version "0.29.2") 
[25.719s] -- Found GeographicLib: /usr/lib/x86_64-linux-gnu/libGeographic.so  
[25.720s] -- Found eigen3_cmake_module: 0.1.1 (/opt/ros/humble/share/eigen3_cmake_module/cmake)
[25.720s] -- Found Eigen3: TRUE (found version "3.4.0") 
[25.720s] -- Ensuring Eigen3 include directory is part of orocos-kdl CMake target
[25.720s] -- Found ament_lint_auto: 0.12.5 (/opt/ros/humble/share/ament_lint_auto/cmake)
[25.720s] -- Found OpenCV: /usr (found version "4.5.4") 
[25.720s] -- Added test 'copyright' to check source files copyright and LICENSE
[25.720s] -- Added test 'cppcheck' to perform static code analysis on C / C++ code
[25.720s] -- Configured cppcheck include dirs: /home/sws/autoware/src/universe/autoware.universe/perception/traffic_light_visualization/include
[25.720s] -- Configured cppcheck exclude dirs and/or files: 
[25.721s] -- Added test 'lint_cmake' to check CMake code style
[25.721s] -- Added test 'xmllint' to check XML markup files
[25.721s] -- Configuring done
[25.721s] -- Generating done
[25.722s] -- Build files have been written to: /home/sws/autoware/build/traffic_light_visualization
[25.738s] Invoked command in '/home/sws/autoware/build/traffic_light_visualization' returned '0': AMENT_PREFIX_PATH=/home/sws/autoware/install/lanelet2_extension:/home/sws/autoware/install/autoware_utils:/home/sws/autoware/install/autoware_planning_msgs:/home/sws/autoware/install/autoware_cmake:/home/sws/autoware/install/autoware_auto_planning_msgs:/home/sws/autoware/install/autoware_auto_perception_msgs:/home/sws/autoware/install/autoware_lint_common:/home/sws/autoware/install/autoware_common_msgs:/home/sws/autoware/install/autoware_auto_mapping_msgs:/home/sws/autoware/install/autoware_auto_geometry_msgs:${AMENT_PREFIX_PATH} CMAKE_PREFIX_PATH=/home/sws/autoware/install/lanelet2_extension:/home/sws/autoware/install/autoware_utils:/home/sws/autoware/install/autoware_planning_msgs:/home/sws/autoware/install/autoware_cmake:/home/sws/autoware/install/autoware_auto_planning_msgs:/home/sws/autoware/install/autoware_auto_perception_msgs:/home/sws/autoware/install/autoware_lint_common:/home/sws/autoware/install/autoware_common_msgs:/home/sws/autoware/install/autoware_auto_mapping_msgs:/home/sws/autoware/install/autoware_auto_geometry_msgs:/opt/ros/humble LD_LIBRARY_PATH=/home/sws/autoware/install/lanelet2_extension/lib:/home/sws/autoware/install/autoware_utils/lib:/home/sws/autoware/install/autoware_planning_msgs/lib:/home/sws/autoware/install/autoware_auto_planning_msgs/lib:/home/sws/autoware/install/autoware_auto_perception_msgs/lib:/home/sws/autoware/install/autoware_common_msgs/lib:/home/sws/autoware/install/autoware_auto_mapping_msgs/lib:/home/sws/autoware/install/autoware_auto_geometry_msgs/lib:${LD_LIBRARY_PATH} PYTHONPATH=/home/sws/autoware/install/autoware_planning_msgs/local/lib/python3.10/dist-packages:/home/sws/autoware/install/autoware_auto_planning_msgs/local/lib/python3.10/dist-packages:/home/sws/autoware/install/autoware_auto_perception_msgs/local/lib/python3.10/dist-packages:/home/sws/autoware/install/autoware_common_msgs/local/lib/python3.10/dist-packages:/home/sws/autoware/install/autoware_auto_mapping_msgs/local/lib/python3.10/dist-packages:/home/sws/autoware/install/autoware_auto_geometry_msgs/local/lib/python3.10/dist-packages:${PYTHONPATH} /usr/bin/cmake /home/sws/autoware/src/universe/autoware.universe/perception/traffic_light_visualization -DCMAKE_BUILD_TYPE=Release -DAMENT_CMAKE_SYMLINK_INSTALL=1 -DCMAKE_INSTALL_PREFIX=/home/sws/autoware/install/traffic_light_visualization
[25.739s] Invoking command in '/home/sws/autoware/build/traffic_light_visualization': AMENT_PREFIX_PATH=/home/sws/autoware/install/lanelet2_extension:/home/sws/autoware/install/autoware_utils:/home/sws/autoware/install/autoware_planning_msgs:/home/sws/autoware/install/autoware_cmake:/home/sws/autoware/install/autoware_auto_planning_msgs:/home/sws/autoware/install/autoware_auto_perception_msgs:/home/sws/autoware/install/autoware_lint_common:/home/sws/autoware/install/autoware_common_msgs:/home/sws/autoware/install/autoware_auto_mapping_msgs:/home/sws/autoware/install/autoware_auto_geometry_msgs:${AMENT_PREFIX_PATH} CMAKE_PREFIX_PATH=/home/sws/autoware/install/lanelet2_extension:/home/sws/autoware/install/autoware_utils:/home/sws/autoware/install/autoware_planning_msgs:/home/sws/autoware/install/autoware_cmake:/home/sws/autoware/install/autoware_auto_planning_msgs:/home/sws/autoware/install/autoware_auto_perception_msgs:/home/sws/autoware/install/autoware_lint_common:/home/sws/autoware/install/autoware_common_msgs:/home/sws/autoware/install/autoware_auto_mapping_msgs:/home/sws/autoware/install/autoware_auto_geometry_msgs:/opt/ros/humble LD_LIBRARY_PATH=/home/sws/autoware/install/lanelet2_extension/lib:/home/sws/autoware/install/autoware_utils/lib:/home/sws/autoware/install/autoware_planning_msgs/lib:/home/sws/autoware/install/autoware_auto_planning_msgs/lib:/home/sws/autoware/install/autoware_auto_perception_msgs/lib:/home/sws/autoware/install/autoware_common_msgs/lib:/home/sws/autoware/install/autoware_auto_mapping_msgs/lib:/home/sws/autoware/install/autoware_auto_geometry_msgs/lib:${LD_LIBRARY_PATH} PYTHONPATH=/home/sws/autoware/install/autoware_planning_msgs/local/lib/python3.10/dist-packages:/home/sws/autoware/install/autoware_auto_planning_msgs/local/lib/python3.10/dist-packages:/home/sws/autoware/install/autoware_auto_perception_msgs/local/lib/python3.10/dist-packages:/home/sws/autoware/install/autoware_common_msgs/local/lib/python3.10/dist-packages:/home/sws/autoware/install/autoware_auto_mapping_msgs/local/lib/python3.10/dist-packages:/home/sws/autoware/install/autoware_auto_geometry_msgs/local/lib/python3.10/dist-packages:${PYTHONPATH} /usr/bin/cmake --build /home/sws/autoware/build/traffic_light_visualization -- -j16 -l16
[45.531s] [ 14%] [32mBuilding CXX object CMakeFiles/traffic_light_roi_visualizer_nodelet.dir/src/traffic_light_roi_visualizer/nodelet.cpp.o[0m
[58.405s] [ 28%] [32m[1mLinking CXX shared library libtraffic_light_roi_visualizer_nodelet.so[0m
[58.830s] [ 28%] Built target traffic_light_roi_visualizer_nodelet
[58.859s] [ 42%] [32mBuilding CXX object CMakeFiles/traffic_light_visualization_node.dir/rclcpp_components/node_main_traffic_light_visualization_node.cpp.o[0m
[64.200s] [ 57%] [32m[1mLinking CXX executable traffic_light_visualization_node[0m
[64.354s] [ 57%] Built target traffic_light_visualization_node
[64.386s] [ 85%] [32mBuilding CXX object CMakeFiles/traffic_light_map_visualizer_node.dir/src/traffic_light_map_visualizer/main.cpp.o[0m
[64.386s] [ 85%] [32mBuilding CXX object CMakeFiles/traffic_light_map_visualizer_node.dir/src/traffic_light_map_visualizer/node.cpp.o[0m
[93.557s] [100%] [32m[1mLinking CXX executable traffic_light_map_visualizer_node[0m
[94.134s] [100%] Built target traffic_light_map_visualizer_node
[94.149s] Invoked command in '/home/sws/autoware/build/traffic_light_visualization' returned '0': AMENT_PREFIX_PATH=/home/sws/autoware/install/lanelet2_extension:/home/sws/autoware/install/autoware_utils:/home/sws/autoware/install/autoware_planning_msgs:/home/sws/autoware/install/autoware_cmake:/home/sws/autoware/install/autoware_auto_planning_msgs:/home/sws/autoware/install/autoware_auto_perception_msgs:/home/sws/autoware/install/autoware_lint_common:/home/sws/autoware/install/autoware_common_msgs:/home/sws/autoware/install/autoware_auto_mapping_msgs:/home/sws/autoware/install/autoware_auto_geometry_msgs:${AMENT_PREFIX_PATH} CMAKE_PREFIX_PATH=/home/sws/autoware/install/lanelet2_extension:/home/sws/autoware/install/autoware_utils:/home/sws/autoware/install/autoware_planning_msgs:/home/sws/autoware/install/autoware_cmake:/home/sws/autoware/install/autoware_auto_planning_msgs:/home/sws/autoware/install/autoware_auto_perception_msgs:/home/sws/autoware/install/autoware_lint_common:/home/sws/autoware/install/autoware_common_msgs:/home/sws/autoware/install/autoware_auto_mapping_msgs:/home/sws/autoware/install/autoware_auto_geometry_msgs:/opt/ros/humble LD_LIBRARY_PATH=/home/sws/autoware/install/lanelet2_extension/lib:/home/sws/autoware/install/autoware_utils/lib:/home/sws/autoware/install/autoware_planning_msgs/lib:/home/sws/autoware/install/autoware_auto_planning_msgs/lib:/home/sws/autoware/install/autoware_auto_perception_msgs/lib:/home/sws/autoware/install/autoware_common_msgs/lib:/home/sws/autoware/install/autoware_auto_mapping_msgs/lib:/home/sws/autoware/install/autoware_auto_geometry_msgs/lib:${LD_LIBRARY_PATH} PYTHONPATH=/home/sws/autoware/install/autoware_planning_msgs/local/lib/python3.10/dist-packages:/home/sws/autoware/install/autoware_auto_planning_msgs/local/lib/python3.10/dist-packages:/home/sws/autoware/install/autoware_auto_perception_msgs/local/lib/python3.10/dist-packages:/home/sws/autoware/install/autoware_common_msgs/local/lib/python3.10/dist-packages:/home/sws/autoware/install/autoware_auto_mapping_msgs/local/lib/python3.10/dist-packages:/home/sws/autoware/install/autoware_auto_geometry_msgs/local/lib/python3.10/dist-packages:${PYTHONPATH} /usr/bin/cmake --build /home/sws/autoware/build/traffic_light_visualization -- -j16 -l16
[94.223s] Invoking command in '/home/sws/autoware/build/traffic_light_visualization': AMENT_PREFIX_PATH=/home/sws/autoware/install/lanelet2_extension:/home/sws/autoware/install/autoware_utils:/home/sws/autoware/install/autoware_planning_msgs:/home/sws/autoware/install/autoware_cmake:/home/sws/autoware/install/autoware_auto_planning_msgs:/home/sws/autoware/install/autoware_auto_perception_msgs:/home/sws/autoware/install/autoware_lint_common:/home/sws/autoware/install/autoware_common_msgs:/home/sws/autoware/install/autoware_auto_mapping_msgs:/home/sws/autoware/install/autoware_auto_geometry_msgs:${AMENT_PREFIX_PATH} CMAKE_PREFIX_PATH=/home/sws/autoware/install/lanelet2_extension:/home/sws/autoware/install/autoware_utils:/home/sws/autoware/install/autoware_planning_msgs:/home/sws/autoware/install/autoware_cmake:/home/sws/autoware/install/autoware_auto_planning_msgs:/home/sws/autoware/install/autoware_auto_perception_msgs:/home/sws/autoware/install/autoware_lint_common:/home/sws/autoware/install/autoware_common_msgs:/home/sws/autoware/install/autoware_auto_mapping_msgs:/home/sws/autoware/install/autoware_auto_geometry_msgs:/opt/ros/humble LD_LIBRARY_PATH=/home/sws/autoware/install/lanelet2_extension/lib:/home/sws/autoware/install/autoware_utils/lib:/home/sws/autoware/install/autoware_planning_msgs/lib:/home/sws/autoware/install/autoware_auto_planning_msgs/lib:/home/sws/autoware/install/autoware_auto_perception_msgs/lib:/home/sws/autoware/install/autoware_common_msgs/lib:/home/sws/autoware/install/autoware_auto_mapping_msgs/lib:/home/sws/autoware/install/autoware_auto_geometry_msgs/lib:${LD_LIBRARY_PATH} PYTHONPATH=/home/sws/autoware/install/autoware_planning_msgs/local/lib/python3.10/dist-packages:/home/sws/autoware/install/autoware_auto_planning_msgs/local/lib/python3.10/dist-packages:/home/sws/autoware/install/autoware_auto_perception_msgs/local/lib/python3.10/dist-packages:/home/sws/autoware/install/autoware_common_msgs/local/lib/python3.10/dist-packages:/home/sws/autoware/install/autoware_auto_mapping_msgs/local/lib/python3.10/dist-packages:/home/sws/autoware/install/autoware_auto_geometry_msgs/local/lib/python3.10/dist-packages:${PYTHONPATH} /usr/bin/cmake --install /home/sws/autoware/build/traffic_light_visualization
[130.079s] -- Install configuration: "Release"
[130.080s] -- Execute custom install script
[130.083s] -- Symlinking: /home/sws/autoware/install/traffic_light_visualization/lib/traffic_light_visualization/traffic_light_visualization_node
[130.083s] -- Symlinking: /home/sws/autoware/install/traffic_light_visualization/include/traffic_light_map_visualizer/node.hpp
[130.084s] -- Symlinking: /home/sws/autoware/install/traffic_light_visualization/include/traffic_light_roi_visualizer/nodelet.hpp
[130.084s] -- Symlinking: /home/sws/autoware/install/traffic_light_visualization/share/traffic_light_visualization/environment/library_path.sh
[130.084s] -- Symlinking: /home/sws/autoware/install/traffic_light_visualization/share/traffic_light_visualization/environment/library_path.dsv
[130.084s] -- Symlinking: /home/sws/autoware/install/traffic_light_visualization/lib/libtraffic_light_roi_visualizer_nodelet.so
[130.084s] -- Symlinking: /home/sws/autoware/install/traffic_light_visualization/lib/traffic_light_visualization/traffic_light_map_visualizer_node
[130.084s] -- Symlinking: /home/sws/autoware/install/traffic_light_visualization/share/traffic_light_visualization/launch/traffic_light_map_visualizer.launch.xml
[130.084s] -- Symlinking: /home/sws/autoware/install/traffic_light_visualization/share/traffic_light_visualization/launch/traffic_light_roi_visualizer.launch.xml
[130.084s] -- Symlinking: /home/sws/autoware/install/traffic_light_visualization/share/ament_index/resource_index/package_run_dependencies/traffic_light_visualization
[130.084s] -- Symlinking: /home/sws/autoware/install/traffic_light_visualization/share/ament_index/resource_index/parent_prefix_path/traffic_light_visualization
[130.084s] -- Symlinking: /home/sws/autoware/install/traffic_light_visualization/share/traffic_light_visualization/environment/ament_prefix_path.sh
[130.084s] -- Symlinking: /home/sws/autoware/install/traffic_light_visualization/share/traffic_light_visualization/environment/ament_prefix_path.dsv
[130.085s] -- Symlinking: /home/sws/autoware/install/traffic_light_visualization/share/traffic_light_visualization/environment/path.sh
[130.085s] -- Symlinking: /home/sws/autoware/install/traffic_light_visualization/share/traffic_light_visualization/environment/path.dsv
[130.085s] -- Symlinking: /home/sws/autoware/install/traffic_light_visualization/share/traffic_light_visualization/local_setup.bash
[130.085s] -- Symlinking: /home/sws/autoware/install/traffic_light_visualization/share/traffic_light_visualization/local_setup.sh
[130.085s] -- Symlinking: /home/sws/autoware/install/traffic_light_visualization/share/traffic_light_visualization/local_setup.zsh
[130.085s] -- Symlinking: /home/sws/autoware/install/traffic_light_visualization/share/traffic_light_visualization/local_setup.dsv
[130.085s] -- Symlinking: /home/sws/autoware/install/traffic_light_visualization/share/traffic_light_visualization/package.dsv
[130.085s] -- Symlinking: /home/sws/autoware/install/traffic_light_visualization/share/ament_index/resource_index/packages/traffic_light_visualization
[130.085s] -- Symlinking: /home/sws/autoware/install/traffic_light_visualization/share/ament_index/resource_index/rclcpp_components/traffic_light_visualization
[130.085s] -- Symlinking: /home/sws/autoware/install/traffic_light_visualization/share/traffic_light_visualization/cmake/ament_cmake_export_dependencies-extras.cmake
[130.085s] -- Symlinking: /home/sws/autoware/install/traffic_light_visualization/share/traffic_light_visualization/cmake/ament_cmake_export_include_directories-extras.cmake
[130.085s] -- Symlinking: /home/sws/autoware/install/traffic_light_visualization/share/traffic_light_visualization/cmake/ament_cmake_export_libraries-extras.cmake
[130.085s] -- Symlinking: /home/sws/autoware/install/traffic_light_visualization/share/traffic_light_visualization/cmake/traffic_light_visualizationConfig.cmake
[130.088s] -- Symlinking: /home/sws/autoware/install/traffic_light_visualization/share/traffic_light_visualization/cmake/traffic_light_visualizationConfig-version.cmake
[130.089s] -- Symlinking: /home/sws/autoware/install/traffic_light_visualization/share/traffic_light_visualization/package.xml
[130.099s] Invoked command in '/home/sws/autoware/build/traffic_light_visualization' returned '0': AMENT_PREFIX_PATH=/home/sws/autoware/install/lanelet2_extension:/home/sws/autoware/install/autoware_utils:/home/sws/autoware/install/autoware_planning_msgs:/home/sws/autoware/install/autoware_cmake:/home/sws/autoware/install/autoware_auto_planning_msgs:/home/sws/autoware/install/autoware_auto_perception_msgs:/home/sws/autoware/install/autoware_lint_common:/home/sws/autoware/install/autoware_common_msgs:/home/sws/autoware/install/autoware_auto_mapping_msgs:/home/sws/autoware/install/autoware_auto_geometry_msgs:${AMENT_PREFIX_PATH} CMAKE_PREFIX_PATH=/home/sws/autoware/install/lanelet2_extension:/home/sws/autoware/install/autoware_utils:/home/sws/autoware/install/autoware_planning_msgs:/home/sws/autoware/install/autoware_cmake:/home/sws/autoware/install/autoware_auto_planning_msgs:/home/sws/autoware/install/autoware_auto_perception_msgs:/home/sws/autoware/install/autoware_lint_common:/home/sws/autoware/install/autoware_common_msgs:/home/sws/autoware/install/autoware_auto_mapping_msgs:/home/sws/autoware/install/autoware_auto_geometry_msgs:/opt/ros/humble LD_LIBRARY_PATH=/home/sws/autoware/install/lanelet2_extension/lib:/home/sws/autoware/install/autoware_utils/lib:/home/sws/autoware/install/autoware_planning_msgs/lib:/home/sws/autoware/install/autoware_auto_planning_msgs/lib:/home/sws/autoware/install/autoware_auto_perception_msgs/lib:/home/sws/autoware/install/autoware_common_msgs/lib:/home/sws/autoware/install/autoware_auto_mapping_msgs/lib:/home/sws/autoware/install/autoware_auto_geometry_msgs/lib:${LD_LIBRARY_PATH} PYTHONPATH=/home/sws/autoware/install/autoware_planning_msgs/local/lib/python3.10/dist-packages:/home/sws/autoware/install/autoware_auto_planning_msgs/local/lib/python3.10/dist-packages:/home/sws/autoware/install/autoware_auto_perception_msgs/local/lib/python3.10/dist-packages:/home/sws/autoware/install/autoware_common_msgs/local/lib/python3.10/dist-packages:/home/sws/autoware/install/autoware_auto_mapping_msgs/local/lib/python3.10/dist-packages:/home/sws/autoware/install/autoware_auto_geometry_msgs/local/lib/python3.10/dist-packages:${PYTHONPATH} /usr/bin/cmake --install /home/sws/autoware/build/traffic_light_visualization
