[0.053s] Invoking command in '/home/sws/autoware/build/dummy_infrastructure': AMENT_PREFIX_PATH=/home/sws/autoware/install/autoware_cmake:/home/sws/autoware/install/tier4_v2x_msgs:/home/sws/autoware/install/autoware_lint_common:${AMENT_PREFIX_PATH} CMAKE_PREFIX_PATH=/home/sws/autoware/install/autoware_cmake:/home/sws/autoware/install/tier4_v2x_msgs:/home/sws/autoware/install/autoware_lint_common:/opt/ros/humble LD_LIBRARY_PATH=/home/sws/autoware/install/tier4_v2x_msgs/lib:${LD_LIBRARY_PATH} PYTHONPATH=/home/sws/autoware/install/tier4_v2x_msgs/local/lib/python3.10/dist-packages:${PYTHONPATH} /usr/bin/cmake /home/sws/autoware/src/universe/autoware.universe/system/dummy_infrastructure -DCMAKE_BUILD_TYPE=Release -DAMENT_CMAKE_SYMLINK_INSTALL=1 -DCMAKE_INSTALL_PREFIX=/home/sws/autoware/install/dummy_infrastructure
[15.408s] -- The C compiler identification is GNU 11.3.0
[15.409s] -- The CXX compiler identification is GNU 11.3.0
[15.409s] -- Detecting C compiler ABI info
[15.409s] -- Detecting C compiler ABI info - done
[15.409s] -- Check for working C compiler: /usr/bin/cc - skipped
[15.409s] -- Detecting C compile features
[15.409s] -- Detecting C compile features - done
[15.409s] -- Detecting CXX compiler ABI info
[15.409s] -- Detecting CXX compiler ABI info - done
[15.409s] -- Check for working CXX compiler: /usr/bin/c++ - skipped
[15.409s] -- Detecting CXX compile features
[15.410s] -- Detecting CXX compile features - done
[15.410s] -- Found autoware_cmake: 0.1.0 (/home/sws/autoware/install/autoware_cmake/share/autoware_cmake/cmake)
[15.410s] -- Found Python3: /usr/bin/python3.10 (found version "3.10.6") found components: Interpreter 
[15.410s] -- Override CMake install command with custom implementation using symlinks instead of copying resources
[15.410s] -- Found rosidl_generator_c: 3.1.4 (/opt/ros/humble/share/rosidl_generator_c/cmake)
[15.410s] -- Found rosidl_adapter: 3.1.4 (/opt/ros/humble/share/rosidl_adapter/cmake)
[15.410s] -- Found rosidl_generator_cpp: 3.1.4 (/opt/ros/humble/share/rosidl_generator_cpp/cmake)
[15.410s] -- Using all available rosidl_typesupport_c: rosidl_typesupport_fastrtps_c;rosidl_typesupport_introspection_c
[15.410s] -- Using all available rosidl_typesupport_cpp: rosidl_typesupport_fastrtps_cpp;rosidl_typesupport_introspection_cpp
[15.410s] -- Found rmw_implementation_cmake: 6.1.1 (/opt/ros/humble/share/rmw_implementation_cmake/cmake)
[15.411s] -- Found rmw_fastrtps_cpp: 6.2.2 (/opt/ros/humble/share/rmw_fastrtps_cpp/cmake)
[15.411s] -- Found OpenSSL: /usr/lib/x86_64-linux-gnu/libcrypto.so (found version "3.0.2")  
[15.411s] -- Found FastRTPS: /opt/ros/humble/include  
[15.411s] -- Using RMW implementation 'rmw_fastrtps_cpp' as default
[15.411s] -- Looking for pthread.h
[15.411s] -- Looking for pthread.h - found
[15.411s] -- Performing Test CMAKE_HAVE_LIBC_PTHREAD
[15.411s] -- Performing Test CMAKE_HAVE_LIBC_PTHREAD - Success
[15.411s] -- Found Threads: TRUE  
[15.411s] -- Found ament_lint_auto: 0.12.5 (/opt/ros/humble/share/ament_lint_auto/cmake)
[15.411s] -- Added test 'copyright' to check source files copyright and LICENSE
[15.412s] -- Added test 'cppcheck' to perform static code analysis on C / C++ code
[15.412s] -- Configured cppcheck include dirs: /home/sws/autoware/src/universe/autoware.universe/system/dummy_infrastructure/include
[15.412s] -- Configured cppcheck exclude dirs and/or files: 
[15.412s] -- Added test 'lint_cmake' to check CMake code style
[15.412s] -- Added test 'xmllint' to check XML markup files
[15.412s] -- Configuring done
[15.412s] -- Generating done
[15.412s] -- Build files have been written to: /home/sws/autoware/build/dummy_infrastructure
[15.477s] Invoked command in '/home/sws/autoware/build/dummy_infrastructure' returned '0': AMENT_PREFIX_PATH=/home/sws/autoware/install/autoware_cmake:/home/sws/autoware/install/tier4_v2x_msgs:/home/sws/autoware/install/autoware_lint_common:${AMENT_PREFIX_PATH} CMAKE_PREFIX_PATH=/home/sws/autoware/install/autoware_cmake:/home/sws/autoware/install/tier4_v2x_msgs:/home/sws/autoware/install/autoware_lint_common:/opt/ros/humble LD_LIBRARY_PATH=/home/sws/autoware/install/tier4_v2x_msgs/lib:${LD_LIBRARY_PATH} PYTHONPATH=/home/sws/autoware/install/tier4_v2x_msgs/local/lib/python3.10/dist-packages:${PYTHONPATH} /usr/bin/cmake /home/sws/autoware/src/universe/autoware.universe/system/dummy_infrastructure -DCMAKE_BUILD_TYPE=Release -DAMENT_CMAKE_SYMLINK_INSTALL=1 -DCMAKE_INSTALL_PREFIX=/home/sws/autoware/install/dummy_infrastructure
[15.477s] Invoking command in '/home/sws/autoware/build/dummy_infrastructure': AMENT_PREFIX_PATH=/home/sws/autoware/install/autoware_cmake:/home/sws/autoware/install/tier4_v2x_msgs:/home/sws/autoware/install/autoware_lint_common:${AMENT_PREFIX_PATH} CMAKE_PREFIX_PATH=/home/sws/autoware/install/autoware_cmake:/home/sws/autoware/install/tier4_v2x_msgs:/home/sws/autoware/install/autoware_lint_common:/opt/ros/humble LD_LIBRARY_PATH=/home/sws/autoware/install/tier4_v2x_msgs/lib:${LD_LIBRARY_PATH} PYTHONPATH=/home/sws/autoware/install/tier4_v2x_msgs/local/lib/python3.10/dist-packages:${PYTHONPATH} /usr/bin/cmake --build /home/sws/autoware/build/dummy_infrastructure -- -j16 -l16
[21.508s] [ 25%] [32mBuilding CXX object CMakeFiles/dummy_infrastructure_node.dir/rclcpp_components/node_main_dummy_infrastructure_node.cpp.o[0m
[21.509s] [ 50%] [32mBuilding CXX object CMakeFiles/dummy_infrastructure_node_component.dir/src/dummy_infrastructure_node/dummy_infrastructure_node.cpp.o[0m
[21.888s] [ 75%] [32m[1mLinking CXX executable dummy_infrastructure_node[0m
[22.052s] [ 75%] Built target dummy_infrastructure_node
[31.228s] [100%] [32m[1mLinking CXX shared library libdummy_infrastructure_node_component.so[0m
[31.454s] [100%] Built target dummy_infrastructure_node_component
[31.478s] Invoked command in '/home/sws/autoware/build/dummy_infrastructure' returned '0': AMENT_PREFIX_PATH=/home/sws/autoware/install/autoware_cmake:/home/sws/autoware/install/tier4_v2x_msgs:/home/sws/autoware/install/autoware_lint_common:${AMENT_PREFIX_PATH} CMAKE_PREFIX_PATH=/home/sws/autoware/install/autoware_cmake:/home/sws/autoware/install/tier4_v2x_msgs:/home/sws/autoware/install/autoware_lint_common:/opt/ros/humble LD_LIBRARY_PATH=/home/sws/autoware/install/tier4_v2x_msgs/lib:${LD_LIBRARY_PATH} PYTHONPATH=/home/sws/autoware/install/tier4_v2x_msgs/local/lib/python3.10/dist-packages:${PYTHONPATH} /usr/bin/cmake --build /home/sws/autoware/build/dummy_infrastructure -- -j16 -l16
[31.517s] Invoking command in '/home/sws/autoware/build/dummy_infrastructure': AMENT_PREFIX_PATH=/home/sws/autoware/install/autoware_cmake:/home/sws/autoware/install/tier4_v2x_msgs:/home/sws/autoware/install/autoware_lint_common:${AMENT_PREFIX_PATH} CMAKE_PREFIX_PATH=/home/sws/autoware/install/autoware_cmake:/home/sws/autoware/install/tier4_v2x_msgs:/home/sws/autoware/install/autoware_lint_common:/opt/ros/humble LD_LIBRARY_PATH=/home/sws/autoware/install/tier4_v2x_msgs/lib:${LD_LIBRARY_PATH} PYTHONPATH=/home/sws/autoware/install/tier4_v2x_msgs/local/lib/python3.10/dist-packages:${PYTHONPATH} /usr/bin/cmake --install /home/sws/autoware/build/dummy_infrastructure
[35.931s] -- Install configuration: "Release"
[35.931s] -- Execute custom install script
[35.931s] -- Symlinking: /home/sws/autoware/install/dummy_infrastructure/lib/dummy_infrastructure/dummy_infrastructure_node
[35.931s] -- Symlinking: /home/sws/autoware/install/dummy_infrastructure/include/dummy_infrastructure/dummy_infrastructure_node.hpp
[35.931s] -- Symlinking: /home/sws/autoware/install/dummy_infrastructure/share/dummy_infrastructure/environment/library_path.sh
[35.931s] -- Symlinking: /home/sws/autoware/install/dummy_infrastructure/share/dummy_infrastructure/environment/library_path.dsv
[35.932s] -- Symlinking: /home/sws/autoware/install/dummy_infrastructure/lib/libdummy_infrastructure_node_component.so
[35.932s] -- Symlinking: /home/sws/autoware/install/dummy_infrastructure/share/dummy_infrastructure/config/dummy_infrastructure.param.yaml
[35.932s] -- Symlinking: /home/sws/autoware/install/dummy_infrastructure/share/dummy_infrastructure/launch/dummy_infrastructure.launch.xml
[35.932s] -- Symlinking: /home/sws/autoware/install/dummy_infrastructure/share/ament_index/resource_index/package_run_dependencies/dummy_infrastructure
[35.932s] -- Symlinking: /home/sws/autoware/install/dummy_infrastructure/share/ament_index/resource_index/parent_prefix_path/dummy_infrastructure
[35.932s] -- Symlinking: /home/sws/autoware/install/dummy_infrastructure/share/dummy_infrastructure/environment/ament_prefix_path.sh
[35.932s] -- Symlinking: /home/sws/autoware/install/dummy_infrastructure/share/dummy_infrastructure/environment/ament_prefix_path.dsv
[35.932s] -- Symlinking: /home/sws/autoware/install/dummy_infrastructure/share/dummy_infrastructure/environment/path.sh
[35.932s] -- Symlinking: /home/sws/autoware/install/dummy_infrastructure/share/dummy_infrastructure/environment/path.dsv
[35.932s] -- Symlinking: /home/sws/autoware/install/dummy_infrastructure/share/dummy_infrastructure/local_setup.bash
[35.932s] -- Symlinking: /home/sws/autoware/install/dummy_infrastructure/share/dummy_infrastructure/local_setup.sh
[35.933s] -- Symlinking: /home/sws/autoware/install/dummy_infrastructure/share/dummy_infrastructure/local_setup.zsh
[35.933s] -- Symlinking: /home/sws/autoware/install/dummy_infrastructure/share/dummy_infrastructure/local_setup.dsv
[35.933s] -- Symlinking: /home/sws/autoware/install/dummy_infrastructure/share/dummy_infrastructure/package.dsv
[35.933s] -- Symlinking: /home/sws/autoware/install/dummy_infrastructure/share/ament_index/resource_index/packages/dummy_infrastructure
[35.933s] -- Symlinking: /home/sws/autoware/install/dummy_infrastructure/share/ament_index/resource_index/rclcpp_components/dummy_infrastructure
[35.933s] -- Symlinking: /home/sws/autoware/install/dummy_infrastructure/share/dummy_infrastructure/cmake/ament_cmake_export_dependencies-extras.cmake
[35.933s] -- Symlinking: /home/sws/autoware/install/dummy_infrastructure/share/dummy_infrastructure/cmake/ament_cmake_export_include_directories-extras.cmake
[35.933s] -- Symlinking: /home/sws/autoware/install/dummy_infrastructure/share/dummy_infrastructure/cmake/ament_cmake_export_libraries-extras.cmake
[35.933s] -- Symlinking: /home/sws/autoware/install/dummy_infrastructure/share/dummy_infrastructure/cmake/dummy_infrastructureConfig.cmake
[35.933s] -- Symlinking: /home/sws/autoware/install/dummy_infrastructure/share/dummy_infrastructure/cmake/dummy_infrastructureConfig-version.cmake
[35.934s] -- Symlinking: /home/sws/autoware/install/dummy_infrastructure/share/dummy_infrastructure/package.xml
[35.954s] Invoked command in '/home/sws/autoware/build/dummy_infrastructure' returned '0': AMENT_PREFIX_PATH=/home/sws/autoware/install/autoware_cmake:/home/sws/autoware/install/tier4_v2x_msgs:/home/sws/autoware/install/autoware_lint_common:${AMENT_PREFIX_PATH} CMAKE_PREFIX_PATH=/home/sws/autoware/install/autoware_cmake:/home/sws/autoware/install/tier4_v2x_msgs:/home/sws/autoware/install/autoware_lint_common:/opt/ros/humble LD_LIBRARY_PATH=/home/sws/autoware/install/tier4_v2x_msgs/lib:${LD_LIBRARY_PATH} PYTHONPATH=/home/sws/autoware/install/tier4_v2x_msgs/local/lib/python3.10/dist-packages:${PYTHONPATH} /usr/bin/cmake --install /home/sws/autoware/build/dummy_infrastructure
