[0.046s] Invoking command in '/home/sws/autoware/build/obstacle_stop_planner': AMENT_PREFIX_PATH=/home/sws/autoware/install/motion_utils:/home/sws/autoware/install/vehicle_info_util:/home/sws/autoware/install/planning_test_utils:/home/sws/autoware/install/interpolation:/home/sws/autoware/install/tier4_autoware_utils:/home/sws/autoware/install/signal_processing:/home/sws/autoware/install/autoware_auto_vehicle_msgs:/home/sws/autoware/install/autoware_cmake:/home/sws/autoware/install/autoware_auto_planning_msgs:/home/sws/autoware/install/autoware_auto_perception_msgs:/home/sws/autoware/install/tier4_planning_msgs:/home/sws/autoware/install/tier4_debug_msgs:/home/sws/autoware/install/autoware_lint_common:/home/sws/autoware/install/autoware_auto_mapping_msgs:/home/sws/autoware/install/autoware_auto_geometry_msgs:/home/sws/autoware/install/autoware_auto_control_msgs:/home/sws/autoware/install/autoware_adapi_v1_msgs:${AMENT_PREFIX_PATH} CMAKE_PREFIX_PATH=/home/sws/autoware/install/motion_utils:/home/sws/autoware/install/vehicle_info_util:/home/sws/autoware/install/planning_test_utils:/home/sws/autoware/install/interpolation:/home/sws/autoware/install/tier4_autoware_utils:/home/sws/autoware/install/signal_processing:/home/sws/autoware/install/autoware_auto_vehicle_msgs:/home/sws/autoware/install/autoware_cmake:/home/sws/autoware/install/autoware_auto_planning_msgs:/home/sws/autoware/install/autoware_auto_perception_msgs:/home/sws/autoware/install/tier4_planning_msgs:/home/sws/autoware/install/tier4_debug_msgs:/home/sws/autoware/install/autoware_lint_common:/home/sws/autoware/install/autoware_auto_mapping_msgs:/home/sws/autoware/install/autoware_auto_geometry_msgs:/home/sws/autoware/install/autoware_auto_control_msgs:/home/sws/autoware/install/autoware_adapi_v1_msgs:/opt/ros/humble LD_LIBRARY_PATH=/home/sws/autoware/install/motion_utils/lib:/home/sws/autoware/install/vehicle_info_util/lib:/home/sws/autoware/install/planning_test_utils/lib:/home/sws/autoware/install/interpolation/lib:/home/sws/autoware/install/tier4_autoware_utils/lib:/home/sws/autoware/install/signal_processing/lib:/home/sws/autoware/install/autoware_auto_vehicle_msgs/lib:/home/sws/autoware/install/autoware_auto_planning_msgs/lib:/home/sws/autoware/install/autoware_auto_perception_msgs/lib:/home/sws/autoware/install/tier4_planning_msgs/lib:/home/sws/autoware/install/tier4_debug_msgs/lib:/home/sws/autoware/install/autoware_auto_mapping_msgs/lib:/home/sws/autoware/install/autoware_auto_geometry_msgs/lib:/home/sws/autoware/install/autoware_auto_control_msgs/lib:/home/sws/autoware/install/autoware_adapi_v1_msgs/lib:${LD_LIBRARY_PATH} PYTHONPATH=/home/sws/autoware/install/autoware_auto_vehicle_msgs/local/lib/python3.10/dist-packages:/home/sws/autoware/install/autoware_auto_planning_msgs/local/lib/python3.10/dist-packages:/home/sws/autoware/install/autoware_auto_perception_msgs/local/lib/python3.10/dist-packages:/home/sws/autoware/install/tier4_planning_msgs/local/lib/python3.10/dist-packages:/home/sws/autoware/install/tier4_debug_msgs/local/lib/python3.10/dist-packages:/home/sws/autoware/install/autoware_auto_mapping_msgs/local/lib/python3.10/dist-packages:/home/sws/autoware/install/autoware_auto_geometry_msgs/local/lib/python3.10/dist-packages:/home/sws/autoware/install/autoware_auto_control_msgs/local/lib/python3.10/dist-packages:/home/sws/autoware/install/autoware_adapi_v1_msgs/local/lib/python3.10/dist-packages:${PYTHONPATH} /usr/bin/cmake /home/sws/autoware/src/universe/autoware.universe/planning/obstacle_stop_planner -DCMAKE_BUILD_TYPE=Release -DAMENT_CMAKE_SYMLINK_INSTALL=1 -DCMAKE_INSTALL_PREFIX=/home/sws/autoware/install/obstacle_stop_planner
[30.620s] -- The C compiler identification is GNU 11.3.0
[30.620s] -- The CXX compiler identification is GNU 11.3.0
[30.620s] -- Detecting C compiler ABI info
[30.620s] -- Detecting C compiler ABI info - done
[30.620s] -- Check for working C compiler: /usr/bin/cc - skipped
[30.620s] -- Detecting C compile features
[30.620s] -- Detecting C compile features - done
[30.620s] -- Detecting CXX compiler ABI info
[30.620s] -- Detecting CXX compiler ABI info - done
[30.620s] -- Check for working CXX compiler: /usr/bin/c++ - skipped
[30.620s] -- Detecting CXX compile features
[30.621s] -- Detecting CXX compile features - done
[30.621s] -- Found autoware_cmake: 0.1.0 (/home/sws/autoware/install/autoware_cmake/share/autoware_cmake/cmake)
[30.621s] -- Found Python3: /usr/bin/python3.10 (found version "3.10.6") found components: Interpreter 
[30.621s] -- Override CMake install command with custom implementation using symlinks instead of copying resources
[30.621s] -- Found rosidl_generator_c: 3.1.4 (/opt/ros/humble/share/rosidl_generator_c/cmake)
[30.621s] -- Found rosidl_adapter: 3.1.4 (/opt/ros/humble/share/rosidl_adapter/cmake)
[30.621s] -- Found rosidl_generator_cpp: 3.1.4 (/opt/ros/humble/share/rosidl_generator_cpp/cmake)
[30.621s] -- Using all available rosidl_typesupport_c: rosidl_typesupport_fastrtps_c;rosidl_typesupport_introspection_c
[30.621s] -- Using all available rosidl_typesupport_cpp: rosidl_typesupport_fastrtps_cpp;rosidl_typesupport_introspection_cpp
[30.621s] -- Found rmw_implementation_cmake: 6.1.1 (/opt/ros/humble/share/rmw_implementation_cmake/cmake)
[30.621s] -- Found rmw_fastrtps_cpp: 6.2.2 (/opt/ros/humble/share/rmw_fastrtps_cpp/cmake)
[30.622s] -- Found OpenSSL: /usr/lib/x86_64-linux-gnu/libcrypto.so (found version "3.0.2")  
[30.622s] -- Found FastRTPS: /opt/ros/humble/include  
[30.622s] -- Using RMW implementation 'rmw_fastrtps_cpp' as default
[30.622s] -- Looking for pthread.h
[30.622s] -- Looking for pthread.h - found
[30.622s] -- Performing Test CMAKE_HAVE_LIBC_PTHREAD
[30.622s] -- Performing Test CMAKE_HAVE_LIBC_PTHREAD - Success
[30.622s] -- Found Threads: TRUE  
[30.622s] -- Found eigen3_cmake_module: 0.1.1 (/opt/ros/humble/share/eigen3_cmake_module/cmake)
[30.622s] -- Found Eigen3: TRUE (found version "3.4.0") 
[30.622s] -- Ensuring Eigen3 include directory is part of orocos-kdl CMake target
[30.623s] -- Checking for module 'eigen3'
[30.623s] --   Found eigen3, version 3.4.0
[30.623s] -- Found Eigen: /usr/include/eigen3 (Required is at least version "3.1") 
[30.623s] -- Eigen found (include: /usr/include/eigen3, version: 3.4.0)
[30.623s] -- Checking for module 'flann'
[30.623s] --   Found flann, version 1.9.1
[30.623s] -- Found FLANN: /usr/lib/x86_64-linux-gnu/libflann_cpp.so  
[30.623s] -- FLANN found (include: /usr/include, lib: /usr/lib/x86_64-linux-gnu/libflann_cpp.so)
[30.623s] -- Checking for module 'libusb-1.0'
[30.623s] --   Found libusb-1.0, version 1.0.25
[30.623s] -- Found libusb: /usr/lib/x86_64-linux-gnu/libusb-1.0.so  
[30.624s] -- OpenNI found (version: 1.5.4.0, include: /usr/include/ni, lib: /usr/lib/libOpenNI.so;libusb::libusb)
[30.624s] -- OpenNI2 found (version: 2.2.0.33, include: /usr/include/openni2, lib: /usr/lib/x86_64-linux-gnu/libOpenNI2.so;libusb::libusb)
[30.624s] -- Eigen found (include: /usr/include/eigen3, version: 3.4.0)
[30.624s] -- OpenNI found (version: 1.5.4.0, include: /usr/include/ni, lib: /usr/lib/libOpenNI.so;libusb::libusb)
[30.624s] -- OpenNI2 found (version: 2.2.0.33, include: /usr/include/openni2, lib: /usr/lib/x86_64-linux-gnu/libOpenNI2.so;libusb::libusb)
[30.624s] -- Found Qhull version 8.0.2
[30.624s] -- OpenNI found (version: 1.5.4.0, include: /usr/include/ni, lib: /usr/lib/libOpenNI.so;libusb::libusb)
[30.624s] -- Found PCL_COMMON: /usr/lib/x86_64-linux-gnu/libpcl_common.so  
[30.624s] -- Found PCL_KDTREE: /usr/lib/x86_64-linux-gnu/libpcl_kdtree.so  
[30.624s] -- Found PCL_OCTREE: /usr/lib/x86_64-linux-gnu/libpcl_octree.so  
[30.624s] -- Found PCL_SEARCH: /usr/lib/x86_64-linux-gnu/libpcl_search.so  
[30.624s] -- Found PCL_SAMPLE_CONSENSUS: /usr/lib/x86_64-linux-gnu/libpcl_sample_consensus.so  
[30.625s] -- Found PCL_FILTERS: /usr/lib/x86_64-linux-gnu/libpcl_filters.so  
[30.625s] -- Found PCL_2D: /usr/include/pcl-1.12  
[30.625s] -- Found PCL_GEOMETRY: /usr/include/pcl-1.12  
[30.625s] -- Found PCL_IO: /usr/lib/x86_64-linux-gnu/libpcl_io.so  
[30.625s] -- Found PCL_FEATURES: /usr/lib/x86_64-linux-gnu/libpcl_features.so  
[30.625s] -- Found PCL_ML: /usr/lib/x86_64-linux-gnu/libpcl_ml.so  
[30.625s] -- Found PCL_SEGMENTATION: /usr/lib/x86_64-linux-gnu/libpcl_segmentation.so  
[30.625s] -- Found PCL_VISUALIZATION: /usr/lib/x86_64-linux-gnu/libpcl_visualization.so  
[30.625s] -- Found PCL_SURFACE: /usr/lib/x86_64-linux-gnu/libpcl_surface.so  
[30.625s] -- Found PCL_REGISTRATION: /usr/lib/x86_64-linux-gnu/libpcl_registration.so  
[30.625s] -- Found PCL_KEYPOINTS: /usr/lib/x86_64-linux-gnu/libpcl_keypoints.so  
[30.626s] -- Found PCL_TRACKING: /usr/lib/x86_64-linux-gnu/libpcl_tracking.so  
[30.626s] -- Found PCL_RECOGNITION: /usr/lib/x86_64-linux-gnu/libpcl_recognition.so  
[30.626s] -- Found PCL_STEREO: /usr/lib/x86_64-linux-gnu/libpcl_stereo.so  
[30.626s] -- Found PCL_APPS: /usr/lib/x86_64-linux-gnu/libpcl_apps.so  
[30.626s] -- Found PCL_IN_HAND_SCANNER: /usr/include/pcl-1.12  
[30.626s] -- Found PCL_MODELER: /usr/include/pcl-1.12  
[30.626s] -- Found PCL_POINT_CLOUD_EDITOR: /usr/include/pcl-1.12  
[30.626s] -- Found PCL_OUTOFCORE: /usr/lib/x86_64-linux-gnu/libpcl_outofcore.so  
[30.626s] -- Found PCL_PEOPLE: /usr/lib/x86_64-linux-gnu/libpcl_people.so  
[30.626s] -- Found ament_lint_auto: 0.12.5 (/opt/ros/humble/share/ament_lint_auto/cmake)
[30.626s] -- Found OpenCV: /usr (found version "4.5.4") 
[30.626s] -- Found gtest sources under '/opt/ros/humble/src/gtest_vendor': C++ tests using 'Google Test' will be built
[30.627s] -- Added test 'copyright' to check source files copyright and LICENSE
[30.627s] -- Added test 'cppcheck' to perform static code analysis on C / C++ code
[30.627s] -- Configured cppcheck include dirs: /home/sws/autoware/src/universe/autoware.universe/planning/obstacle_stop_planner/include
[30.627s] -- Configured cppcheck exclude dirs and/or files: 
[30.627s] -- Added test 'lint_cmake' to check CMake code style
[30.627s] -- Added test 'xmllint' to check XML markup files
[30.627s] -- Configuring done
[30.627s] -- Generating done
[30.627s] -- Build files have been written to: /home/sws/autoware/build/obstacle_stop_planner
[30.633s] Invoked command in '/home/sws/autoware/build/obstacle_stop_planner' returned '0': AMENT_PREFIX_PATH=/home/sws/autoware/install/motion_utils:/home/sws/autoware/install/vehicle_info_util:/home/sws/autoware/install/planning_test_utils:/home/sws/autoware/install/interpolation:/home/sws/autoware/install/tier4_autoware_utils:/home/sws/autoware/install/signal_processing:/home/sws/autoware/install/autoware_auto_vehicle_msgs:/home/sws/autoware/install/autoware_cmake:/home/sws/autoware/install/autoware_auto_planning_msgs:/home/sws/autoware/install/autoware_auto_perception_msgs:/home/sws/autoware/install/tier4_planning_msgs:/home/sws/autoware/install/tier4_debug_msgs:/home/sws/autoware/install/autoware_lint_common:/home/sws/autoware/install/autoware_auto_mapping_msgs:/home/sws/autoware/install/autoware_auto_geometry_msgs:/home/sws/autoware/install/autoware_auto_control_msgs:/home/sws/autoware/install/autoware_adapi_v1_msgs:${AMENT_PREFIX_PATH} CMAKE_PREFIX_PATH=/home/sws/autoware/install/motion_utils:/home/sws/autoware/install/vehicle_info_util:/home/sws/autoware/install/planning_test_utils:/home/sws/autoware/install/interpolation:/home/sws/autoware/install/tier4_autoware_utils:/home/sws/autoware/install/signal_processing:/home/sws/autoware/install/autoware_auto_vehicle_msgs:/home/sws/autoware/install/autoware_cmake:/home/sws/autoware/install/autoware_auto_planning_msgs:/home/sws/autoware/install/autoware_auto_perception_msgs:/home/sws/autoware/install/tier4_planning_msgs:/home/sws/autoware/install/tier4_debug_msgs:/home/sws/autoware/install/autoware_lint_common:/home/sws/autoware/install/autoware_auto_mapping_msgs:/home/sws/autoware/install/autoware_auto_geometry_msgs:/home/sws/autoware/install/autoware_auto_control_msgs:/home/sws/autoware/install/autoware_adapi_v1_msgs:/opt/ros/humble LD_LIBRARY_PATH=/home/sws/autoware/install/motion_utils/lib:/home/sws/autoware/install/vehicle_info_util/lib:/home/sws/autoware/install/planning_test_utils/lib:/home/sws/autoware/install/interpolation/lib:/home/sws/autoware/install/tier4_autoware_utils/lib:/home/sws/autoware/install/signal_processing/lib:/home/sws/autoware/install/autoware_auto_vehicle_msgs/lib:/home/sws/autoware/install/autoware_auto_planning_msgs/lib:/home/sws/autoware/install/autoware_auto_perception_msgs/lib:/home/sws/autoware/install/tier4_planning_msgs/lib:/home/sws/autoware/install/tier4_debug_msgs/lib:/home/sws/autoware/install/autoware_auto_mapping_msgs/lib:/home/sws/autoware/install/autoware_auto_geometry_msgs/lib:/home/sws/autoware/install/autoware_auto_control_msgs/lib:/home/sws/autoware/install/autoware_adapi_v1_msgs/lib:${LD_LIBRARY_PATH} PYTHONPATH=/home/sws/autoware/install/autoware_auto_vehicle_msgs/local/lib/python3.10/dist-packages:/home/sws/autoware/install/autoware_auto_planning_msgs/local/lib/python3.10/dist-packages:/home/sws/autoware/install/autoware_auto_perception_msgs/local/lib/python3.10/dist-packages:/home/sws/autoware/install/tier4_planning_msgs/local/lib/python3.10/dist-packages:/home/sws/autoware/install/tier4_debug_msgs/local/lib/python3.10/dist-packages:/home/sws/autoware/install/autoware_auto_mapping_msgs/local/lib/python3.10/dist-packages:/home/sws/autoware/install/autoware_auto_geometry_msgs/local/lib/python3.10/dist-packages:/home/sws/autoware/install/autoware_auto_control_msgs/local/lib/python3.10/dist-packages:/home/sws/autoware/install/autoware_adapi_v1_msgs/local/lib/python3.10/dist-packages:${PYTHONPATH} /usr/bin/cmake /home/sws/autoware/src/universe/autoware.universe/planning/obstacle_stop_planner -DCMAKE_BUILD_TYPE=Release -DAMENT_CMAKE_SYMLINK_INSTALL=1 -DCMAKE_INSTALL_PREFIX=/home/sws/autoware/install/obstacle_stop_planner
[30.633s] Invoking command in '/home/sws/autoware/build/obstacle_stop_planner': AMENT_PREFIX_PATH=/home/sws/autoware/install/motion_utils:/home/sws/autoware/install/vehicle_info_util:/home/sws/autoware/install/planning_test_utils:/home/sws/autoware/install/interpolation:/home/sws/autoware/install/tier4_autoware_utils:/home/sws/autoware/install/signal_processing:/home/sws/autoware/install/autoware_auto_vehicle_msgs:/home/sws/autoware/install/autoware_cmake:/home/sws/autoware/install/autoware_auto_planning_msgs:/home/sws/autoware/install/autoware_auto_perception_msgs:/home/sws/autoware/install/tier4_planning_msgs:/home/sws/autoware/install/tier4_debug_msgs:/home/sws/autoware/install/autoware_lint_common:/home/sws/autoware/install/autoware_auto_mapping_msgs:/home/sws/autoware/install/autoware_auto_geometry_msgs:/home/sws/autoware/install/autoware_auto_control_msgs:/home/sws/autoware/install/autoware_adapi_v1_msgs:${AMENT_PREFIX_PATH} CMAKE_PREFIX_PATH=/home/sws/autoware/install/motion_utils:/home/sws/autoware/install/vehicle_info_util:/home/sws/autoware/install/planning_test_utils:/home/sws/autoware/install/interpolation:/home/sws/autoware/install/tier4_autoware_utils:/home/sws/autoware/install/signal_processing:/home/sws/autoware/install/autoware_auto_vehicle_msgs:/home/sws/autoware/install/autoware_cmake:/home/sws/autoware/install/autoware_auto_planning_msgs:/home/sws/autoware/install/autoware_auto_perception_msgs:/home/sws/autoware/install/tier4_planning_msgs:/home/sws/autoware/install/tier4_debug_msgs:/home/sws/autoware/install/autoware_lint_common:/home/sws/autoware/install/autoware_auto_mapping_msgs:/home/sws/autoware/install/autoware_auto_geometry_msgs:/home/sws/autoware/install/autoware_auto_control_msgs:/home/sws/autoware/install/autoware_adapi_v1_msgs:/opt/ros/humble LD_LIBRARY_PATH=/home/sws/autoware/install/motion_utils/lib:/home/sws/autoware/install/vehicle_info_util/lib:/home/sws/autoware/install/planning_test_utils/lib:/home/sws/autoware/install/interpolation/lib:/home/sws/autoware/install/tier4_autoware_utils/lib:/home/sws/autoware/install/signal_processing/lib:/home/sws/autoware/install/autoware_auto_vehicle_msgs/lib:/home/sws/autoware/install/autoware_auto_planning_msgs/lib:/home/sws/autoware/install/autoware_auto_perception_msgs/lib:/home/sws/autoware/install/tier4_planning_msgs/lib:/home/sws/autoware/install/tier4_debug_msgs/lib:/home/sws/autoware/install/autoware_auto_mapping_msgs/lib:/home/sws/autoware/install/autoware_auto_geometry_msgs/lib:/home/sws/autoware/install/autoware_auto_control_msgs/lib:/home/sws/autoware/install/autoware_adapi_v1_msgs/lib:${LD_LIBRARY_PATH} PYTHONPATH=/home/sws/autoware/install/autoware_auto_vehicle_msgs/local/lib/python3.10/dist-packages:/home/sws/autoware/install/autoware_auto_planning_msgs/local/lib/python3.10/dist-packages:/home/sws/autoware/install/autoware_auto_perception_msgs/local/lib/python3.10/dist-packages:/home/sws/autoware/install/tier4_planning_msgs/local/lib/python3.10/dist-packages:/home/sws/autoware/install/tier4_debug_msgs/local/lib/python3.10/dist-packages:/home/sws/autoware/install/autoware_auto_mapping_msgs/local/lib/python3.10/dist-packages:/home/sws/autoware/install/autoware_auto_geometry_msgs/local/lib/python3.10/dist-packages:/home/sws/autoware/install/autoware_auto_control_msgs/local/lib/python3.10/dist-packages:/home/sws/autoware/install/autoware_adapi_v1_msgs/local/lib/python3.10/dist-packages:${PYTHONPATH} /usr/bin/cmake --build /home/sws/autoware/build/obstacle_stop_planner -- -j16 -l16
[82.217s] [  7%] [32mBuilding CXX object CMakeFiles/obstacle_stop_planner.dir/src/debug_marker.cpp.o[0m
[82.217s] [ 15%] [32mBuilding CXX object CMakeFiles/obstacle_stop_planner.dir/src/adaptive_cruise_control.cpp.o[0m
[82.217s] [ 23%] [32mBuilding CXX object CMakeFiles/obstacle_stop_planner.dir/src/planner_utils.cpp.o[0m
[96.747s] [ 30%] [32mBuilding CXX object CMakeFiles/obstacle_stop_planner.dir/src/node.cpp.o[0m
[169.955s] [ 38%] [32m[1mLinking CXX shared library libobstacle_stop_planner.so[0m
[174.427s] [ 38%] Built target obstacle_stop_planner
[174.584s] [ 46%] [32mBuilding CXX object gtest/CMakeFiles/gtest.dir/src/gtest-all.cc.o[0m
[190.374s] [ 53%] [32m[1mLinking CXX static library libgtest.a[0m
[190.605s] [ 53%] Built target gtest
[190.779s] [ 61%] [32mBuilding CXX object gtest/CMakeFiles/gtest_main.dir/src/gtest_main.cc.o[0m
[193.284s] [ 69%] [32m[1mLinking CXX static library libgtest_main.a[0m
[193.473s] [ 69%] Built target gtest_main
[193.562s] [ 76%] [32mBuilding CXX object CMakeFiles/obstacle_stop_planner_node.dir/rclcpp_components/node_main_obstacle_stop_planner_node.cpp.o[0m
[199.704s] [ 84%] [32m[1mLinking CXX executable obstacle_stop_planner_node[0m
[199.867s] [ 84%] Built target obstacle_stop_planner_node
[199.902s] [ 92%] [32mBuilding CXX object CMakeFiles/test_obstacle_stop_planner.dir/test/test_obstacle_stop_planner_node_interface.cpp.o[0m
[220.458s] [100%] [32m[1mLinking CXX executable test_obstacle_stop_planner[0m
[221.206s] [100%] Built target test_obstacle_stop_planner
[221.218s] Invoked command in '/home/sws/autoware/build/obstacle_stop_planner' returned '0': AMENT_PREFIX_PATH=/home/sws/autoware/install/motion_utils:/home/sws/autoware/install/vehicle_info_util:/home/sws/autoware/install/planning_test_utils:/home/sws/autoware/install/interpolation:/home/sws/autoware/install/tier4_autoware_utils:/home/sws/autoware/install/signal_processing:/home/sws/autoware/install/autoware_auto_vehicle_msgs:/home/sws/autoware/install/autoware_cmake:/home/sws/autoware/install/autoware_auto_planning_msgs:/home/sws/autoware/install/autoware_auto_perception_msgs:/home/sws/autoware/install/tier4_planning_msgs:/home/sws/autoware/install/tier4_debug_msgs:/home/sws/autoware/install/autoware_lint_common:/home/sws/autoware/install/autoware_auto_mapping_msgs:/home/sws/autoware/install/autoware_auto_geometry_msgs:/home/sws/autoware/install/autoware_auto_control_msgs:/home/sws/autoware/install/autoware_adapi_v1_msgs:${AMENT_PREFIX_PATH} CMAKE_PREFIX_PATH=/home/sws/autoware/install/motion_utils:/home/sws/autoware/install/vehicle_info_util:/home/sws/autoware/install/planning_test_utils:/home/sws/autoware/install/interpolation:/home/sws/autoware/install/tier4_autoware_utils:/home/sws/autoware/install/signal_processing:/home/sws/autoware/install/autoware_auto_vehicle_msgs:/home/sws/autoware/install/autoware_cmake:/home/sws/autoware/install/autoware_auto_planning_msgs:/home/sws/autoware/install/autoware_auto_perception_msgs:/home/sws/autoware/install/tier4_planning_msgs:/home/sws/autoware/install/tier4_debug_msgs:/home/sws/autoware/install/autoware_lint_common:/home/sws/autoware/install/autoware_auto_mapping_msgs:/home/sws/autoware/install/autoware_auto_geometry_msgs:/home/sws/autoware/install/autoware_auto_control_msgs:/home/sws/autoware/install/autoware_adapi_v1_msgs:/opt/ros/humble LD_LIBRARY_PATH=/home/sws/autoware/install/motion_utils/lib:/home/sws/autoware/install/vehicle_info_util/lib:/home/sws/autoware/install/planning_test_utils/lib:/home/sws/autoware/install/interpolation/lib:/home/sws/autoware/install/tier4_autoware_utils/lib:/home/sws/autoware/install/signal_processing/lib:/home/sws/autoware/install/autoware_auto_vehicle_msgs/lib:/home/sws/autoware/install/autoware_auto_planning_msgs/lib:/home/sws/autoware/install/autoware_auto_perception_msgs/lib:/home/sws/autoware/install/tier4_planning_msgs/lib:/home/sws/autoware/install/tier4_debug_msgs/lib:/home/sws/autoware/install/autoware_auto_mapping_msgs/lib:/home/sws/autoware/install/autoware_auto_geometry_msgs/lib:/home/sws/autoware/install/autoware_auto_control_msgs/lib:/home/sws/autoware/install/autoware_adapi_v1_msgs/lib:${LD_LIBRARY_PATH} PYTHONPATH=/home/sws/autoware/install/autoware_auto_vehicle_msgs/local/lib/python3.10/dist-packages:/home/sws/autoware/install/autoware_auto_planning_msgs/local/lib/python3.10/dist-packages:/home/sws/autoware/install/autoware_auto_perception_msgs/local/lib/python3.10/dist-packages:/home/sws/autoware/install/tier4_planning_msgs/local/lib/python3.10/dist-packages:/home/sws/autoware/install/tier4_debug_msgs/local/lib/python3.10/dist-packages:/home/sws/autoware/install/autoware_auto_mapping_msgs/local/lib/python3.10/dist-packages:/home/sws/autoware/install/autoware_auto_geometry_msgs/local/lib/python3.10/dist-packages:/home/sws/autoware/install/autoware_auto_control_msgs/local/lib/python3.10/dist-packages:/home/sws/autoware/install/autoware_adapi_v1_msgs/local/lib/python3.10/dist-packages:${PYTHONPATH} /usr/bin/cmake --build /home/sws/autoware/build/obstacle_stop_planner -- -j16 -l16
[221.259s] Invoking command in '/home/sws/autoware/build/obstacle_stop_planner': AMENT_PREFIX_PATH=/home/sws/autoware/install/motion_utils:/home/sws/autoware/install/vehicle_info_util:/home/sws/autoware/install/planning_test_utils:/home/sws/autoware/install/interpolation:/home/sws/autoware/install/tier4_autoware_utils:/home/sws/autoware/install/signal_processing:/home/sws/autoware/install/autoware_auto_vehicle_msgs:/home/sws/autoware/install/autoware_cmake:/home/sws/autoware/install/autoware_auto_planning_msgs:/home/sws/autoware/install/autoware_auto_perception_msgs:/home/sws/autoware/install/tier4_planning_msgs:/home/sws/autoware/install/tier4_debug_msgs:/home/sws/autoware/install/autoware_lint_common:/home/sws/autoware/install/autoware_auto_mapping_msgs:/home/sws/autoware/install/autoware_auto_geometry_msgs:/home/sws/autoware/install/autoware_auto_control_msgs:/home/sws/autoware/install/autoware_adapi_v1_msgs:${AMENT_PREFIX_PATH} CMAKE_PREFIX_PATH=/home/sws/autoware/install/motion_utils:/home/sws/autoware/install/vehicle_info_util:/home/sws/autoware/install/planning_test_utils:/home/sws/autoware/install/interpolation:/home/sws/autoware/install/tier4_autoware_utils:/home/sws/autoware/install/signal_processing:/home/sws/autoware/install/autoware_auto_vehicle_msgs:/home/sws/autoware/install/autoware_cmake:/home/sws/autoware/install/autoware_auto_planning_msgs:/home/sws/autoware/install/autoware_auto_perception_msgs:/home/sws/autoware/install/tier4_planning_msgs:/home/sws/autoware/install/tier4_debug_msgs:/home/sws/autoware/install/autoware_lint_common:/home/sws/autoware/install/autoware_auto_mapping_msgs:/home/sws/autoware/install/autoware_auto_geometry_msgs:/home/sws/autoware/install/autoware_auto_control_msgs:/home/sws/autoware/install/autoware_adapi_v1_msgs:/opt/ros/humble LD_LIBRARY_PATH=/home/sws/autoware/install/motion_utils/lib:/home/sws/autoware/install/vehicle_info_util/lib:/home/sws/autoware/install/planning_test_utils/lib:/home/sws/autoware/install/interpolation/lib:/home/sws/autoware/install/tier4_autoware_utils/lib:/home/sws/autoware/install/signal_processing/lib:/home/sws/autoware/install/autoware_auto_vehicle_msgs/lib:/home/sws/autoware/install/autoware_auto_planning_msgs/lib:/home/sws/autoware/install/autoware_auto_perception_msgs/lib:/home/sws/autoware/install/tier4_planning_msgs/lib:/home/sws/autoware/install/tier4_debug_msgs/lib:/home/sws/autoware/install/autoware_auto_mapping_msgs/lib:/home/sws/autoware/install/autoware_auto_geometry_msgs/lib:/home/sws/autoware/install/autoware_auto_control_msgs/lib:/home/sws/autoware/install/autoware_adapi_v1_msgs/lib:${LD_LIBRARY_PATH} PYTHONPATH=/home/sws/autoware/install/autoware_auto_vehicle_msgs/local/lib/python3.10/dist-packages:/home/sws/autoware/install/autoware_auto_planning_msgs/local/lib/python3.10/dist-packages:/home/sws/autoware/install/autoware_auto_perception_msgs/local/lib/python3.10/dist-packages:/home/sws/autoware/install/tier4_planning_msgs/local/lib/python3.10/dist-packages:/home/sws/autoware/install/tier4_debug_msgs/local/lib/python3.10/dist-packages:/home/sws/autoware/install/autoware_auto_mapping_msgs/local/lib/python3.10/dist-packages:/home/sws/autoware/install/autoware_auto_geometry_msgs/local/lib/python3.10/dist-packages:/home/sws/autoware/install/autoware_auto_control_msgs/local/lib/python3.10/dist-packages:/home/sws/autoware/install/autoware_adapi_v1_msgs/local/lib/python3.10/dist-packages:${PYTHONPATH} /usr/bin/cmake --install /home/sws/autoware/build/obstacle_stop_planner
[232.330s] -- Install configuration: "Release"
[232.334s] -- Execute custom install script
[232.334s] -- Symlinking: /home/sws/autoware/install/obstacle_stop_planner/lib/obstacle_stop_planner/obstacle_stop_planner_node
[232.334s] -- Symlinking: /home/sws/autoware/install/obstacle_stop_planner/include/obstacle_stop_planner/adaptive_cruise_control.hpp
[232.334s] -- Symlinking: /home/sws/autoware/install/obstacle_stop_planner/include/obstacle_stop_planner/debug_marker.hpp
[232.334s] -- Symlinking: /home/sws/autoware/install/obstacle_stop_planner/include/obstacle_stop_planner/node.hpp
[232.334s] -- Symlinking: /home/sws/autoware/install/obstacle_stop_planner/include/obstacle_stop_planner/planner_data.hpp
[232.334s] -- Symlinking: /home/sws/autoware/install/obstacle_stop_planner/include/obstacle_stop_planner/planner_utils.hpp
[232.335s] -- Symlinking: /home/sws/autoware/install/obstacle_stop_planner/share/obstacle_stop_planner/environment/library_path.sh
[232.335s] -- Symlinking: /home/sws/autoware/install/obstacle_stop_planner/share/obstacle_stop_planner/environment/library_path.dsv
[232.335s] -- Symlinking: /home/sws/autoware/install/obstacle_stop_planner/lib/libobstacle_stop_planner.so
[232.335s] -- Symlinking: /home/sws/autoware/install/obstacle_stop_planner/share/obstacle_stop_planner/config/adaptive_cruise_control.param.yaml
[232.335s] -- Symlinking: /home/sws/autoware/install/obstacle_stop_planner/share/obstacle_stop_planner/config/common.param.yaml
[232.335s] -- Symlinking: /home/sws/autoware/install/obstacle_stop_planner/share/obstacle_stop_planner/config/obstacle_stop_planner.param.yaml
[232.335s] -- Symlinking: /home/sws/autoware/install/obstacle_stop_planner/share/obstacle_stop_planner/config/plot_juggler_adaptive_cruise.xml
[232.335s] -- Symlinking: /home/sws/autoware/install/obstacle_stop_planner/share/obstacle_stop_planner/config/plot_juggler_slow_down.xml
[232.335s] -- Symlinking: /home/sws/autoware/install/obstacle_stop_planner/share/obstacle_stop_planner/config/rqt_multiplot_adaptive_cruise.xml
[232.335s] -- Symlinking: /home/sws/autoware/install/obstacle_stop_planner/share/obstacle_stop_planner/launch/obstacle_stop_planner.launch.xml
[232.335s] -- Symlinking: /home/sws/autoware/install/obstacle_stop_planner/share/ament_index/resource_index/package_run_dependencies/obstacle_stop_planner
[232.336s] -- Symlinking: /home/sws/autoware/install/obstacle_stop_planner/share/ament_index/resource_index/parent_prefix_path/obstacle_stop_planner
[232.336s] -- Symlinking: /home/sws/autoware/install/obstacle_stop_planner/share/obstacle_stop_planner/environment/ament_prefix_path.sh
[232.336s] -- Symlinking: /home/sws/autoware/install/obstacle_stop_planner/share/obstacle_stop_planner/environment/ament_prefix_path.dsv
[232.336s] -- Symlinking: /home/sws/autoware/install/obstacle_stop_planner/share/obstacle_stop_planner/environment/path.sh
[232.336s] -- Symlinking: /home/sws/autoware/install/obstacle_stop_planner/share/obstacle_stop_planner/environment/path.dsv
[232.336s] -- Symlinking: /home/sws/autoware/install/obstacle_stop_planner/share/obstacle_stop_planner/local_setup.bash
[232.336s] -- Symlinking: /home/sws/autoware/install/obstacle_stop_planner/share/obstacle_stop_planner/local_setup.sh
[232.336s] -- Symlinking: /home/sws/autoware/install/obstacle_stop_planner/share/obstacle_stop_planner/local_setup.zsh
[232.336s] -- Symlinking: /home/sws/autoware/install/obstacle_stop_planner/share/obstacle_stop_planner/local_setup.dsv
[232.336s] -- Symlinking: /home/sws/autoware/install/obstacle_stop_planner/share/obstacle_stop_planner/package.dsv
[232.337s] -- Symlinking: /home/sws/autoware/install/obstacle_stop_planner/share/ament_index/resource_index/packages/obstacle_stop_planner
[232.337s] -- Symlinking: /home/sws/autoware/install/obstacle_stop_planner/share/ament_index/resource_index/rclcpp_components/obstacle_stop_planner
[232.337s] -- Symlinking: /home/sws/autoware/install/obstacle_stop_planner/share/obstacle_stop_planner/cmake/ament_cmake_export_dependencies-extras.cmake
[232.337s] -- Symlinking: /home/sws/autoware/install/obstacle_stop_planner/share/obstacle_stop_planner/cmake/ament_cmake_export_include_directories-extras.cmake
[232.337s] -- Symlinking: /home/sws/autoware/install/obstacle_stop_planner/share/obstacle_stop_planner/cmake/ament_cmake_export_libraries-extras.cmake
[232.337s] -- Symlinking: /home/sws/autoware/install/obstacle_stop_planner/share/obstacle_stop_planner/cmake/obstacle_stop_plannerConfig.cmake
[232.337s] -- Symlinking: /home/sws/autoware/install/obstacle_stop_planner/share/obstacle_stop_planner/cmake/obstacle_stop_plannerConfig-version.cmake
[232.337s] -- Symlinking: /home/sws/autoware/install/obstacle_stop_planner/share/obstacle_stop_planner/package.xml
[232.340s] Invoked command in '/home/sws/autoware/build/obstacle_stop_planner' returned '0': AMENT_PREFIX_PATH=/home/sws/autoware/install/motion_utils:/home/sws/autoware/install/vehicle_info_util:/home/sws/autoware/install/planning_test_utils:/home/sws/autoware/install/interpolation:/home/sws/autoware/install/tier4_autoware_utils:/home/sws/autoware/install/signal_processing:/home/sws/autoware/install/autoware_auto_vehicle_msgs:/home/sws/autoware/install/autoware_cmake:/home/sws/autoware/install/autoware_auto_planning_msgs:/home/sws/autoware/install/autoware_auto_perception_msgs:/home/sws/autoware/install/tier4_planning_msgs:/home/sws/autoware/install/tier4_debug_msgs:/home/sws/autoware/install/autoware_lint_common:/home/sws/autoware/install/autoware_auto_mapping_msgs:/home/sws/autoware/install/autoware_auto_geometry_msgs:/home/sws/autoware/install/autoware_auto_control_msgs:/home/sws/autoware/install/autoware_adapi_v1_msgs:${AMENT_PREFIX_PATH} CMAKE_PREFIX_PATH=/home/sws/autoware/install/motion_utils:/home/sws/autoware/install/vehicle_info_util:/home/sws/autoware/install/planning_test_utils:/home/sws/autoware/install/interpolation:/home/sws/autoware/install/tier4_autoware_utils:/home/sws/autoware/install/signal_processing:/home/sws/autoware/install/autoware_auto_vehicle_msgs:/home/sws/autoware/install/autoware_cmake:/home/sws/autoware/install/autoware_auto_planning_msgs:/home/sws/autoware/install/autoware_auto_perception_msgs:/home/sws/autoware/install/tier4_planning_msgs:/home/sws/autoware/install/tier4_debug_msgs:/home/sws/autoware/install/autoware_lint_common:/home/sws/autoware/install/autoware_auto_mapping_msgs:/home/sws/autoware/install/autoware_auto_geometry_msgs:/home/sws/autoware/install/autoware_auto_control_msgs:/home/sws/autoware/install/autoware_adapi_v1_msgs:/opt/ros/humble LD_LIBRARY_PATH=/home/sws/autoware/install/motion_utils/lib:/home/sws/autoware/install/vehicle_info_util/lib:/home/sws/autoware/install/planning_test_utils/lib:/home/sws/autoware/install/interpolation/lib:/home/sws/autoware/install/tier4_autoware_utils/lib:/home/sws/autoware/install/signal_processing/lib:/home/sws/autoware/install/autoware_auto_vehicle_msgs/lib:/home/sws/autoware/install/autoware_auto_planning_msgs/lib:/home/sws/autoware/install/autoware_auto_perception_msgs/lib:/home/sws/autoware/install/tier4_planning_msgs/lib:/home/sws/autoware/install/tier4_debug_msgs/lib:/home/sws/autoware/install/autoware_auto_mapping_msgs/lib:/home/sws/autoware/install/autoware_auto_geometry_msgs/lib:/home/sws/autoware/install/autoware_auto_control_msgs/lib:/home/sws/autoware/install/autoware_adapi_v1_msgs/lib:${LD_LIBRARY_PATH} PYTHONPATH=/home/sws/autoware/install/autoware_auto_vehicle_msgs/local/lib/python3.10/dist-packages:/home/sws/autoware/install/autoware_auto_planning_msgs/local/lib/python3.10/dist-packages:/home/sws/autoware/install/autoware_auto_perception_msgs/local/lib/python3.10/dist-packages:/home/sws/autoware/install/tier4_planning_msgs/local/lib/python3.10/dist-packages:/home/sws/autoware/install/tier4_debug_msgs/local/lib/python3.10/dist-packages:/home/sws/autoware/install/autoware_auto_mapping_msgs/local/lib/python3.10/dist-packages:/home/sws/autoware/install/autoware_auto_geometry_msgs/local/lib/python3.10/dist-packages:/home/sws/autoware/install/autoware_auto_control_msgs/local/lib/python3.10/dist-packages:/home/sws/autoware/install/autoware_adapi_v1_msgs/local/lib/python3.10/dist-packages:${PYTHONPATH} /usr/bin/cmake --install /home/sws/autoware/build/obstacle_stop_planner
