-- The C compiler identification is GNU 11.3.0
-- The CXX compiler identification is GNU 11.3.0
-- Detecting C compiler ABI info
-- Detecting C compiler ABI info - done
-- Check for working C compiler: /usr/bin/cc - skipped
-- Detecting C compile features
-- Detecting C compile features - done
-- Detecting CXX compiler ABI info
-- Detecting CXX compiler ABI info - done
-- Check for working CXX compiler: /usr/bin/c++ - skipped
-- Detecting CXX compile features
-- Detecting CXX compile features - done
-- Found ament_cmake_auto: 1.3.3 (/opt/ros/humble/share/ament_cmake_auto/cmake)
-- Found Python3: /usr/bin/python3.10 (found version "3.10.6") found components: Interpreter 
-- Override CMake install command with custom implementation using symlinks instead of copying resources
-- Found rosidl_generator_c: 3.1.4 (/opt/ros/humble/share/rosidl_generator_c/cmake)
-- Found rosidl_adapter: 3.1.4 (/opt/ros/humble/share/rosidl_adapter/cmake)
-- Found rosidl_generator_cpp: 3.1.4 (/opt/ros/humble/share/rosidl_generator_cpp/cmake)
-- Using all available rosidl_typesupport_c: rosidl_typesupport_fastrtps_c;rosidl_typesupport_introspection_c
-- Using all available rosidl_typesupport_cpp: rosidl_typesupport_fastrtps_cpp;rosidl_typesupport_introspection_cpp
-- Found rmw_implementation_cmake: 6.1.1 (/opt/ros/humble/share/rmw_implementation_cmake/cmake)
-- Found rmw_fastrtps_cpp: 6.2.2 (/opt/ros/humble/share/rmw_fastrtps_cpp/cmake)
-- Found OpenSSL: /usr/lib/x86_64-linux-gnu/libcrypto.so (found version "3.0.2")  
-- Found FastRTPS: /opt/ros/humble/include  
-- Using RMW implementation 'rmw_fastrtps_cpp' as default
-- Looking for pthread.h
-- Looking for pthread.h - found
-- Performing Test CMAKE_HAVE_LIBC_PTHREAD
-- Performing Test CMAKE_HAVE_LIBC_PTHREAD - Success
-- Found Threads: TRUE  
-- Found eigen3_cmake_module: 0.1.1 (/opt/ros/humble/share/eigen3_cmake_module/cmake)
-- Found Eigen3: TRUE (found version "3.4.0") 
-- Ensuring Eigen3 include directory is part of orocos-kdl CMake target
-- Checking for module 'eigen3'
--   Found eigen3, version 3.4.0
-- Found Eigen: /usr/include/eigen3 (Required is at least version "3.1") 
-- Eigen found (include: /usr/include/eigen3, version: 3.4.0)
-- Checking for module 'flann'
--   Found flann, version 1.9.1
-- Found FLANN: /usr/lib/x86_64-linux-gnu/libflann_cpp.so  
-- FLANN found (include: /usr/include, lib: /usr/lib/x86_64-linux-gnu/libflann_cpp.so)
-- Checking for module 'libusb-1.0'
--   Found libusb-1.0, version 1.0.25
-- Found libusb: /usr/lib/x86_64-linux-gnu/libusb-1.0.so  
-- OpenNI found (version: 1.5.4.0, include: /usr/include/ni, lib: /usr/lib/libOpenNI.so;libusb::libusb)
-- OpenNI2 found (version: 2.2.0.33, include: /usr/include/openni2, lib: /usr/lib/x86_64-linux-gnu/libOpenNI2.so;libusb::libusb)
-- Eigen found (include: /usr/include/eigen3, version: 3.4.0)
-- OpenNI found (version: 1.5.4.0, include: /usr/include/ni, lib: /usr/lib/libOpenNI.so;libusb::libusb)
-- OpenNI2 found (version: 2.2.0.33, include: /usr/include/openni2, lib: /usr/lib/x86_64-linux-gnu/libOpenNI2.so;libusb::libusb)
-- Found Qhull version 8.0.2
-- OpenNI found (version: 1.5.4.0, include: /usr/include/ni, lib: /usr/lib/libOpenNI.so;libusb::libusb)
-- Found PCL_COMMON: /usr/lib/x86_64-linux-gnu/libpcl_common.so  
-- Found PCL_KDTREE: /usr/lib/x86_64-linux-gnu/libpcl_kdtree.so  
-- Found PCL_OCTREE: /usr/lib/x86_64-linux-gnu/libpcl_octree.so  
-- Found PCL_SEARCH: /usr/lib/x86_64-linux-gnu/libpcl_search.so  
-- Found PCL_SAMPLE_CONSENSUS: /usr/lib/x86_64-linux-gnu/libpcl_sample_consensus.so  
-- Found PCL_FILTERS: /usr/lib/x86_64-linux-gnu/libpcl_filters.so  
-- Found PCL_2D: /usr/include/pcl-1.12  
-- Found PCL_GEOMETRY: /usr/include/pcl-1.12  
-- Found PCL_IO: /usr/lib/x86_64-linux-gnu/libpcl_io.so  
-- Found PCL_FEATURES: /usr/lib/x86_64-linux-gnu/libpcl_features.so  
-- Found PCL_ML: /usr/lib/x86_64-linux-gnu/libpcl_ml.so  
-- Found PCL_SEGMENTATION: /usr/lib/x86_64-linux-gnu/libpcl_segmentation.so  
-- Found PCL_VISUALIZATION: /usr/lib/x86_64-linux-gnu/libpcl_visualization.so  
-- Found PCL_SURFACE: /usr/lib/x86_64-linux-gnu/libpcl_surface.so  
-- Found PCL_REGISTRATION: /usr/lib/x86_64-linux-gnu/libpcl_registration.so  
-- Found PCL_KEYPOINTS: /usr/lib/x86_64-linux-gnu/libpcl_keypoints.so  
-- Found PCL_TRACKING: /usr/lib/x86_64-linux-gnu/libpcl_tracking.so  
-- Found PCL_RECOGNITION: /usr/lib/x86_64-linux-gnu/libpcl_recognition.so  
-- Found PCL_STEREO: /usr/lib/x86_64-linux-gnu/libpcl_stereo.so  
-- Found PCL_APPS: /usr/lib/x86_64-linux-gnu/libpcl_apps.so  
-- Found PCL_IN_HAND_SCANNER: /usr/include/pcl-1.12  
-- Found PCL_MODELER: /usr/include/pcl-1.12  
-- Found PCL_POINT_CLOUD_EDITOR: /usr/include/pcl-1.12  
-- Found PCL_OUTOFCORE: /usr/lib/x86_64-linux-gnu/libpcl_outofcore.so  
-- Found PCL_PEOPLE: /usr/lib/x86_64-linux-gnu/libpcl_people.so  
-- Could NOT find Boost: missing: signals (found /usr/lib/x86_64-linux-gnu/cmake/Boost-1.74.0/BoostConfig.cmake (found version "1.74.0"))
[33mCMake Warning (dev) at CMakeLists.txt:24 (find_package):
  Policy CMP0074 is not set: find_package uses <PackageName>_ROOT variables.
  Run "cmake --help-policy CMP0074" for policy details.  Use the cmake_policy
  command to set the policy and suppress this warning.

  CMake variable PCL_ROOT is set to:

    /usr

  For compatibility, CMake is ignoring the variable.
This warning is for project developers.  Use -Wno-dev to suppress it.
[0m
-- Found PkgConfig: /usr/bin/pkg-config (found version "0.29.2") 
-- Checking for module 'yaml-cpp'
--   Found yaml-cpp, version 0.7.0
-- Found OpenCV: /usr (found version "4.5.4") 
-- Configuring done
-- Generating done
-- Build files have been written to: /home/sws/autoware/build/velodyne_pointcloud
[  4%] [32mBuilding CXX object CMakeFiles/velodyne_rawdata.dir/src/lib/rawdata.cc.o[0m
[  8%] [32mBuilding CXX object CMakeFiles/velodyne_rawdata.dir/src/lib/calibration.cc.o[0m
[ 13%] [32m[1mLinking CXX shared library libvelodyne_rawdata.so[0m
[ 13%] Built target velodyne_rawdata
[ 17%] [32mBuilding CXX object CMakeFiles/transform_node.dir/rclcpp_components/node_main_transform_node.cpp.o[0m
[ 21%] [32m[1mLinking CXX executable transform_node[0m
[ 21%] Built target transform_node
[ 26%] [32mBuilding CXX object CMakeFiles/cloud_nodelet.dir/src/conversions/convert.cc.o[0m
[ 30%] [32mBuilding CXX object CMakeFiles/cloud_nodelet.dir/src/conversions/func.cc.o[0m
[ 34%] [32mBuilding CXX object CMakeFiles/cloud_nodelet.dir/src/conversions/output_builder.cc.o[0m
[ 39%] [32mBuilding CXX object CMakeFiles/cloud_nodelet.dir/src/conversions/pointcloudXYZIRADT.cc.o[0m
[ 43%] [32mBuilding CXX object CMakeFiles/cloud_nodelet.dir/src/conversions/pointcloudXYZIR.cc.o[0m
[ 47%] [32m[1mLinking CXX shared library libcloud_nodelet.so[0m
[ 47%] Built target cloud_nodelet
[ 52%] [32mBuilding CXX object CMakeFiles/interpolate_node.dir/rclcpp_components/node_main_interpolate_node.cpp.o[0m
[ 56%] [32m[1mLinking CXX executable interpolate_node[0m
[ 56%] Built target interpolate_node
[ 60%] [32mBuilding CXX object CMakeFiles/interpolate_nodelet.dir/src/conversions/interpolate.cc.o[0m
[ 65%] [32mBuilding CXX object CMakeFiles/interpolate_nodelet.dir/src/conversions/func.cc.o[0m
[ 69%] [32mBuilding CXX object CMakeFiles/interpolate_nodelet.dir/src/conversions/pointcloudXYZIRADT.cc.o[0m
[ 73%] [32mBuilding CXX object CMakeFiles/interpolate_nodelet.dir/src/conversions/pointcloudXYZIR.cc.o[0m
[ 78%] [32m[1mLinking CXX shared library libinterpolate_nodelet.so[0m
[ 78%] Built target interpolate_nodelet
[ 82%] [32mBuilding CXX object CMakeFiles/cloud_node.dir/rclcpp_components/node_main_cloud_node.cpp.o[0m
[ 86%] [32m[1mLinking CXX executable cloud_node[0m
[ 86%] Built target cloud_node
[ 91%] [32mBuilding CXX object CMakeFiles/transform_nodelet.dir/src/conversions/transform.cc.o[0m
[ 95%] [32mBuilding CXX object CMakeFiles/transform_nodelet.dir/src/conversions/pointcloudXYZIR.cc.o[0m
[100%] [32m[1mLinking CXX shared library libtransform_nodelet.so[0m
[100%] Built target transform_nodelet
-- Install configuration: "Release"
-- Execute custom install script
-- Symlinking: /home/sws/autoware/install/velodyne_pointcloud/lib/velodyne_pointcloud/cloud_node
-- Symlinking: /home/sws/autoware/install/velodyne_pointcloud/lib/velodyne_pointcloud/interpolate_node
-- Symlinking: /home/sws/autoware/install/velodyne_pointcloud/lib/velodyne_pointcloud/transform_node
-- Symlinking: /home/sws/autoware/install/velodyne_pointcloud/include/velodyne_pointcloud/calibration.h
-- Symlinking: /home/sws/autoware/install/velodyne_pointcloud/include/velodyne_pointcloud/colors.h
-- Symlinking: /home/sws/autoware/install/velodyne_pointcloud/include/velodyne_pointcloud/convert.h
-- Symlinking: /home/sws/autoware/install/velodyne_pointcloud/include/velodyne_pointcloud/datacontainerbase.h
-- Symlinking: /home/sws/autoware/install/velodyne_pointcloud/include/velodyne_pointcloud/func.h
-- Symlinking: /home/sws/autoware/install/velodyne_pointcloud/include/velodyne_pointcloud/interpolate.h
-- Symlinking: /home/sws/autoware/install/velodyne_pointcloud/include/velodyne_pointcloud/output_builder.h
-- Symlinking: /home/sws/autoware/install/velodyne_pointcloud/include/velodyne_pointcloud/point_types.h
-- Symlinking: /home/sws/autoware/install/velodyne_pointcloud/include/velodyne_pointcloud/pointcloudXYZIR.h
-- Symlinking: /home/sws/autoware/install/velodyne_pointcloud/include/velodyne_pointcloud/pointcloudXYZIRADT.h
-- Symlinking: /home/sws/autoware/install/velodyne_pointcloud/include/velodyne_pointcloud/rawdata.h
-- Symlinking: /home/sws/autoware/install/velodyne_pointcloud/include/velodyne_pointcloud/transform.h
-- Symlinking: /home/sws/autoware/install/velodyne_pointcloud/share/velodyne_pointcloud/environment/library_path.sh
-- Symlinking: /home/sws/autoware/install/velodyne_pointcloud/share/velodyne_pointcloud/environment/library_path.dsv
-- Symlinking: /home/sws/autoware/install/velodyne_pointcloud/lib/libvelodyne_rawdata.so
-- Symlinking: /home/sws/autoware/install/velodyne_pointcloud/lib/libcloud_nodelet.so
-- Symlinking: /home/sws/autoware/install/velodyne_pointcloud/lib/libinterpolate_nodelet.so
-- Symlinking: /home/sws/autoware/install/velodyne_pointcloud/lib/libtransform_nodelet.so
-- Symlinking: /home/sws/autoware/install/velodyne_pointcloud/share/velodyne_pointcloud/launch/32e_points.launch
-- Symlinking: /home/sws/autoware/install/velodyne_pointcloud/share/velodyne_pointcloud/launch/64e_S3.launch
-- Symlinking: /home/sws/autoware/install/velodyne_pointcloud/share/velodyne_pointcloud/launch/VLP-16_points.launch.xml
-- Symlinking: /home/sws/autoware/install/velodyne_pointcloud/share/velodyne_pointcloud/launch/VLP-32C_points.launch.xml
-- Symlinking: /home/sws/autoware/install/velodyne_pointcloud/share/velodyne_pointcloud/launch/VLS-128_points.launch.xml
-- Symlinking: /home/sws/autoware/install/velodyne_pointcloud/share/velodyne_pointcloud/launch/cloud_nodelet.launch.xml
-- Symlinking: /home/sws/autoware/install/velodyne_pointcloud/share/velodyne_pointcloud/launch/interpolate_nodelet.launch
-- Symlinking: /home/sws/autoware/install/velodyne_pointcloud/share/velodyne_pointcloud/launch/laserscan_nodelet.launch
-- Symlinking: /home/sws/autoware/install/velodyne_pointcloud/share/velodyne_pointcloud/launch/transform_nodelet.launch
-- Symlinking: /home/sws/autoware/install/velodyne_pointcloud/share/velodyne_pointcloud/params/32db.yaml
-- Symlinking: /home/sws/autoware/install/velodyne_pointcloud/share/velodyne_pointcloud/params/64e_s2.1-sztaki.yaml
-- Symlinking: /home/sws/autoware/install/velodyne_pointcloud/share/velodyne_pointcloud/params/64e_s3-xiesc.yaml
-- Symlinking: /home/sws/autoware/install/velodyne_pointcloud/share/velodyne_pointcloud/params/64e_utexas.yaml
-- Symlinking: /home/sws/autoware/install/velodyne_pointcloud/share/velodyne_pointcloud/params/VLP16_hires_db.yaml
-- Symlinking: /home/sws/autoware/install/velodyne_pointcloud/share/velodyne_pointcloud/params/VLP16db.yaml
-- Symlinking: /home/sws/autoware/install/velodyne_pointcloud/share/velodyne_pointcloud/params/VLS-128_FS1.yaml
-- Symlinking: /home/sws/autoware/install/velodyne_pointcloud/share/velodyne_pointcloud/params/VeloView-VLP-32C.yaml
-- Symlinking: /home/sws/autoware/install/velodyne_pointcloud/share/velodyne_pointcloud/params/rviz_points.vcg
-- Symlinking: /home/sws/autoware/install/velodyne_pointcloud/share/ament_index/resource_index/package_run_dependencies/velodyne_pointcloud
-- Symlinking: /home/sws/autoware/install/velodyne_pointcloud/share/ament_index/resource_index/parent_prefix_path/velodyne_pointcloud
-- Symlinking: /home/sws/autoware/install/velodyne_pointcloud/share/velodyne_pointcloud/environment/ament_prefix_path.sh
-- Symlinking: /home/sws/autoware/install/velodyne_pointcloud/share/velodyne_pointcloud/environment/ament_prefix_path.dsv
-- Symlinking: /home/sws/autoware/install/velodyne_pointcloud/share/velodyne_pointcloud/environment/path.sh
-- Symlinking: /home/sws/autoware/install/velodyne_pointcloud/share/velodyne_pointcloud/environment/path.dsv
-- Symlinking: /home/sws/autoware/install/velodyne_pointcloud/share/velodyne_pointcloud/local_setup.bash
-- Symlinking: /home/sws/autoware/install/velodyne_pointcloud/share/velodyne_pointcloud/local_setup.sh
-- Symlinking: /home/sws/autoware/install/velodyne_pointcloud/share/velodyne_pointcloud/local_setup.zsh
-- Symlinking: /home/sws/autoware/install/velodyne_pointcloud/share/velodyne_pointcloud/local_setup.dsv
-- Symlinking: /home/sws/autoware/install/velodyne_pointcloud/share/velodyne_pointcloud/package.dsv
-- Symlinking: /home/sws/autoware/install/velodyne_pointcloud/share/ament_index/resource_index/packages/velodyne_pointcloud
-- Symlinking: /home/sws/autoware/install/velodyne_pointcloud/share/ament_index/resource_index/rclcpp_components/velodyne_pointcloud
-- Symlinking: /home/sws/autoware/install/velodyne_pointcloud/share/velodyne_pointcloud/cmake/ament_cmake_export_dependencies-extras.cmake
-- Symlinking: /home/sws/autoware/install/velodyne_pointcloud/share/velodyne_pointcloud/cmake/ament_cmake_export_include_directories-extras.cmake
-- Symlinking: /home/sws/autoware/install/velodyne_pointcloud/share/velodyne_pointcloud/cmake/ament_cmake_export_libraries-extras.cmake
-- Symlinking: /home/sws/autoware/install/velodyne_pointcloud/share/velodyne_pointcloud/cmake/velodyne_pointcloudConfig.cmake
-- Symlinking: /home/sws/autoware/install/velodyne_pointcloud/share/velodyne_pointcloud/cmake/velodyne_pointcloudConfig-version.cmake
-- Symlinking: /home/sws/autoware/install/velodyne_pointcloud/share/velodyne_pointcloud/package.xml
