[0.176s] Invoking command in '/home/sws/autoware/build/velodyne_pointcloud': AMENT_PREFIX_PATH=/home/sws/autoware/install/autoware_auto_vehicle_msgs:/home/sws/autoware/install/autoware_auto_planning_msgs:/home/sws/autoware/install/velodyne_msgs:/home/sws/autoware/install/autoware_auto_mapping_msgs:/home/sws/autoware/install/autoware_auto_geometry_msgs:${AMENT_PREFIX_PATH} CMAKE_PREFIX_PATH=/home/sws/autoware/install/autoware_auto_vehicle_msgs:/home/sws/autoware/install/autoware_auto_planning_msgs:/home/sws/autoware/install/velodyne_msgs:/home/sws/autoware/install/autoware_auto_mapping_msgs:/home/sws/autoware/install/autoware_auto_geometry_msgs:/opt/ros/humble LD_LIBRARY_PATH=/home/sws/autoware/install/autoware_auto_vehicle_msgs/lib:/home/sws/autoware/install/autoware_auto_planning_msgs/lib:/home/sws/autoware/install/velodyne_msgs/lib:/home/sws/autoware/install/autoware_auto_mapping_msgs/lib:/home/sws/autoware/install/autoware_auto_geometry_msgs/lib:${LD_LIBRARY_PATH} PYTHONPATH=/home/sws/autoware/install/autoware_auto_vehicle_msgs/local/lib/python3.10/dist-packages:/home/sws/autoware/install/autoware_auto_planning_msgs/local/lib/python3.10/dist-packages:/home/sws/autoware/install/velodyne_msgs/local/lib/python3.10/dist-packages:/home/sws/autoware/install/autoware_auto_mapping_msgs/local/lib/python3.10/dist-packages:/home/sws/autoware/install/autoware_auto_geometry_msgs/local/lib/python3.10/dist-packages:${PYTHONPATH} /usr/bin/cmake /home/sws/autoware/src/sensor_component/external/velodyne_vls/velodyne_pointcloud -DCMAKE_BUILD_TYPE=Release -DAMENT_CMAKE_SYMLINK_INSTALL=1 -DCMAKE_INSTALL_PREFIX=/home/sws/autoware/install/velodyne_pointcloud
[12.927s] -- The C compiler identification is GNU 11.3.0
[12.927s] -- The CXX compiler identification is GNU 11.3.0
[12.927s] -- Detecting C compiler ABI info
[12.927s] -- Detecting C compiler ABI info - done
[12.927s] -- Check for working C compiler: /usr/bin/cc - skipped
[12.927s] -- Detecting C compile features
[12.927s] -- Detecting C compile features - done
[12.928s] -- Detecting CXX compiler ABI info
[12.928s] -- Detecting CXX compiler ABI info - done
[12.928s] -- Check for working CXX compiler: /usr/bin/c++ - skipped
[12.928s] -- Detecting CXX compile features
[12.928s] -- Detecting CXX compile features - done
[12.928s] -- Found ament_cmake_auto: 1.3.3 (/opt/ros/humble/share/ament_cmake_auto/cmake)
[12.928s] -- Found Python3: /usr/bin/python3.10 (found version "3.10.6") found components: Interpreter 
[12.928s] -- Override CMake install command with custom implementation using symlinks instead of copying resources
[12.928s] -- Found rosidl_generator_c: 3.1.4 (/opt/ros/humble/share/rosidl_generator_c/cmake)
[12.928s] -- Found rosidl_adapter: 3.1.4 (/opt/ros/humble/share/rosidl_adapter/cmake)
[12.928s] -- Found rosidl_generator_cpp: 3.1.4 (/opt/ros/humble/share/rosidl_generator_cpp/cmake)
[12.929s] -- Using all available rosidl_typesupport_c: rosidl_typesupport_fastrtps_c;rosidl_typesupport_introspection_c
[12.929s] -- Using all available rosidl_typesupport_cpp: rosidl_typesupport_fastrtps_cpp;rosidl_typesupport_introspection_cpp
[12.929s] -- Found rmw_implementation_cmake: 6.1.1 (/opt/ros/humble/share/rmw_implementation_cmake/cmake)
[12.929s] -- Found rmw_fastrtps_cpp: 6.2.2 (/opt/ros/humble/share/rmw_fastrtps_cpp/cmake)
[12.929s] -- Found OpenSSL: /usr/lib/x86_64-linux-gnu/libcrypto.so (found version "3.0.2")  
[12.929s] -- Found FastRTPS: /opt/ros/humble/include  
[12.929s] -- Using RMW implementation 'rmw_fastrtps_cpp' as default
[12.929s] -- Looking for pthread.h
[12.929s] -- Looking for pthread.h - found
[12.929s] -- Performing Test CMAKE_HAVE_LIBC_PTHREAD
[12.929s] -- Performing Test CMAKE_HAVE_LIBC_PTHREAD - Success
[12.930s] -- Found Threads: TRUE  
[12.930s] -- Found eigen3_cmake_module: 0.1.1 (/opt/ros/humble/share/eigen3_cmake_module/cmake)
[12.930s] -- Found Eigen3: TRUE (found version "3.4.0") 
[12.930s] -- Ensuring Eigen3 include directory is part of orocos-kdl CMake target
[12.930s] -- Checking for module 'eigen3'
[12.930s] --   Found eigen3, version 3.4.0
[12.930s] -- Found Eigen: /usr/include/eigen3 (Required is at least version "3.1") 
[12.930s] -- Eigen found (include: /usr/include/eigen3, version: 3.4.0)
[12.930s] -- Checking for module 'flann'
[12.930s] --   Found flann, version 1.9.1
[12.930s] -- Found FLANN: /usr/lib/x86_64-linux-gnu/libflann_cpp.so  
[12.931s] -- FLANN found (include: /usr/include, lib: /usr/lib/x86_64-linux-gnu/libflann_cpp.so)
[12.931s] -- Checking for module 'libusb-1.0'
[12.931s] --   Found libusb-1.0, version 1.0.25
[12.931s] -- Found libusb: /usr/lib/x86_64-linux-gnu/libusb-1.0.so  
[12.931s] -- OpenNI found (version: 1.5.4.0, include: /usr/include/ni, lib: /usr/lib/libOpenNI.so;libusb::libusb)
[12.931s] -- OpenNI2 found (version: 2.2.0.33, include: /usr/include/openni2, lib: /usr/lib/x86_64-linux-gnu/libOpenNI2.so;libusb::libusb)
[12.931s] -- Eigen found (include: /usr/include/eigen3, version: 3.4.0)
[12.931s] -- OpenNI found (version: 1.5.4.0, include: /usr/include/ni, lib: /usr/lib/libOpenNI.so;libusb::libusb)
[12.931s] -- OpenNI2 found (version: 2.2.0.33, include: /usr/include/openni2, lib: /usr/lib/x86_64-linux-gnu/libOpenNI2.so;libusb::libusb)
[12.931s] -- Found Qhull version 8.0.2
[12.931s] -- OpenNI found (version: 1.5.4.0, include: /usr/include/ni, lib: /usr/lib/libOpenNI.so;libusb::libusb)
[13.072s] -- Found PCL_COMMON: /usr/lib/x86_64-linux-gnu/libpcl_common.so  
[13.089s] -- Found PCL_KDTREE: /usr/lib/x86_64-linux-gnu/libpcl_kdtree.so  
[13.090s] -- Found PCL_OCTREE: /usr/lib/x86_64-linux-gnu/libpcl_octree.so  
[13.090s] -- Found PCL_SEARCH: /usr/lib/x86_64-linux-gnu/libpcl_search.so  
[13.090s] -- Found PCL_SAMPLE_CONSENSUS: /usr/lib/x86_64-linux-gnu/libpcl_sample_consensus.so  
[13.090s] -- Found PCL_FILTERS: /usr/lib/x86_64-linux-gnu/libpcl_filters.so  
[13.090s] -- Found PCL_2D: /usr/include/pcl-1.12  
[13.090s] -- Found PCL_GEOMETRY: /usr/include/pcl-1.12  
[13.091s] -- Found PCL_IO: /usr/lib/x86_64-linux-gnu/libpcl_io.so  
[13.091s] -- Found PCL_FEATURES: /usr/lib/x86_64-linux-gnu/libpcl_features.so  
[13.106s] -- Found PCL_ML: /usr/lib/x86_64-linux-gnu/libpcl_ml.so  
[13.106s] -- Found PCL_SEGMENTATION: /usr/lib/x86_64-linux-gnu/libpcl_segmentation.so  
[13.107s] -- Found PCL_VISUALIZATION: /usr/lib/x86_64-linux-gnu/libpcl_visualization.so  
[13.107s] -- Found PCL_SURFACE: /usr/lib/x86_64-linux-gnu/libpcl_surface.so  
[13.107s] -- Found PCL_REGISTRATION: /usr/lib/x86_64-linux-gnu/libpcl_registration.so  
[13.107s] -- Found PCL_KEYPOINTS: /usr/lib/x86_64-linux-gnu/libpcl_keypoints.so  
[13.107s] -- Found PCL_TRACKING: /usr/lib/x86_64-linux-gnu/libpcl_tracking.so  
[13.107s] -- Found PCL_RECOGNITION: /usr/lib/x86_64-linux-gnu/libpcl_recognition.so  
[13.107s] -- Found PCL_STEREO: /usr/lib/x86_64-linux-gnu/libpcl_stereo.so  
[13.107s] -- Found PCL_APPS: /usr/lib/x86_64-linux-gnu/libpcl_apps.so  
[13.114s] -- Found PCL_IN_HAND_SCANNER: /usr/include/pcl-1.12  
[13.114s] -- Found PCL_MODELER: /usr/include/pcl-1.12  
[13.114s] -- Found PCL_POINT_CLOUD_EDITOR: /usr/include/pcl-1.12  
[13.114s] -- Found PCL_OUTOFCORE: /usr/lib/x86_64-linux-gnu/libpcl_outofcore.so  
[13.114s] -- Found PCL_PEOPLE: /usr/lib/x86_64-linux-gnu/libpcl_people.so  
[13.655s] -- Could NOT find Boost: missing: signals (found /usr/lib/x86_64-linux-gnu/cmake/Boost-1.74.0/BoostConfig.cmake (found version "1.74.0"))
[13.656s] [33mCMake Warning (dev) at CMakeLists.txt:24 (find_package):
[13.657s]   Policy CMP0074 is not set: find_package uses <PackageName>_ROOT variables.
[13.657s]   Run "cmake --help-policy CMP0074" for policy details.  Use the cmake_policy
[13.657s]   command to set the policy and suppress this warning.
[13.657s] 
[13.657s]   CMake variable PCL_ROOT is set to:
[13.657s] 
[13.657s]     /usr
[13.657s] 
[13.657s]   For compatibility, CMake is ignoring the variable.
[13.657s] This warning is for project developers.  Use -Wno-dev to suppress it.
[13.657s] [0m
[13.674s] -- Found PkgConfig: /usr/bin/pkg-config (found version "0.29.2") 
[13.676s] -- Checking for module 'yaml-cpp'
[13.730s] --   Found yaml-cpp, version 0.7.0
[13.837s] -- Found OpenCV: /usr (found version "4.5.4") 
[14.391s] -- Configuring done
[14.693s] -- Generating done
[14.699s] -- Build files have been written to: /home/sws/autoware/build/velodyne_pointcloud
[14.760s] Invoked command in '/home/sws/autoware/build/velodyne_pointcloud' returned '0': AMENT_PREFIX_PATH=/home/sws/autoware/install/autoware_auto_vehicle_msgs:/home/sws/autoware/install/autoware_auto_planning_msgs:/home/sws/autoware/install/velodyne_msgs:/home/sws/autoware/install/autoware_auto_mapping_msgs:/home/sws/autoware/install/autoware_auto_geometry_msgs:${AMENT_PREFIX_PATH} CMAKE_PREFIX_PATH=/home/sws/autoware/install/autoware_auto_vehicle_msgs:/home/sws/autoware/install/autoware_auto_planning_msgs:/home/sws/autoware/install/velodyne_msgs:/home/sws/autoware/install/autoware_auto_mapping_msgs:/home/sws/autoware/install/autoware_auto_geometry_msgs:/opt/ros/humble LD_LIBRARY_PATH=/home/sws/autoware/install/autoware_auto_vehicle_msgs/lib:/home/sws/autoware/install/autoware_auto_planning_msgs/lib:/home/sws/autoware/install/velodyne_msgs/lib:/home/sws/autoware/install/autoware_auto_mapping_msgs/lib:/home/sws/autoware/install/autoware_auto_geometry_msgs/lib:${LD_LIBRARY_PATH} PYTHONPATH=/home/sws/autoware/install/autoware_auto_vehicle_msgs/local/lib/python3.10/dist-packages:/home/sws/autoware/install/autoware_auto_planning_msgs/local/lib/python3.10/dist-packages:/home/sws/autoware/install/velodyne_msgs/local/lib/python3.10/dist-packages:/home/sws/autoware/install/autoware_auto_mapping_msgs/local/lib/python3.10/dist-packages:/home/sws/autoware/install/autoware_auto_geometry_msgs/local/lib/python3.10/dist-packages:${PYTHONPATH} /usr/bin/cmake /home/sws/autoware/src/sensor_component/external/velodyne_vls/velodyne_pointcloud -DCMAKE_BUILD_TYPE=Release -DAMENT_CMAKE_SYMLINK_INSTALL=1 -DCMAKE_INSTALL_PREFIX=/home/sws/autoware/install/velodyne_pointcloud
[14.761s] Invoking command in '/home/sws/autoware/build/velodyne_pointcloud': AMENT_PREFIX_PATH=/home/sws/autoware/install/autoware_auto_vehicle_msgs:/home/sws/autoware/install/autoware_auto_planning_msgs:/home/sws/autoware/install/velodyne_msgs:/home/sws/autoware/install/autoware_auto_mapping_msgs:/home/sws/autoware/install/autoware_auto_geometry_msgs:${AMENT_PREFIX_PATH} CMAKE_PREFIX_PATH=/home/sws/autoware/install/autoware_auto_vehicle_msgs:/home/sws/autoware/install/autoware_auto_planning_msgs:/home/sws/autoware/install/velodyne_msgs:/home/sws/autoware/install/autoware_auto_mapping_msgs:/home/sws/autoware/install/autoware_auto_geometry_msgs:/opt/ros/humble LD_LIBRARY_PATH=/home/sws/autoware/install/autoware_auto_vehicle_msgs/lib:/home/sws/autoware/install/autoware_auto_planning_msgs/lib:/home/sws/autoware/install/velodyne_msgs/lib:/home/sws/autoware/install/autoware_auto_mapping_msgs/lib:/home/sws/autoware/install/autoware_auto_geometry_msgs/lib:${LD_LIBRARY_PATH} PYTHONPATH=/home/sws/autoware/install/autoware_auto_vehicle_msgs/local/lib/python3.10/dist-packages:/home/sws/autoware/install/autoware_auto_planning_msgs/local/lib/python3.10/dist-packages:/home/sws/autoware/install/velodyne_msgs/local/lib/python3.10/dist-packages:/home/sws/autoware/install/autoware_auto_mapping_msgs/local/lib/python3.10/dist-packages:/home/sws/autoware/install/autoware_auto_geometry_msgs/local/lib/python3.10/dist-packages:${PYTHONPATH} /usr/bin/cmake --build /home/sws/autoware/build/velodyne_pointcloud -- -j16 -l16
[17.475s] [  4%] [32mBuilding CXX object CMakeFiles/velodyne_rawdata.dir/src/lib/rawdata.cc.o[0m
[25.028s] [  8%] [32mBuilding CXX object CMakeFiles/velodyne_rawdata.dir/src/lib/calibration.cc.o[0m
[32.478s] [ 13%] [32m[1mLinking CXX shared library libvelodyne_rawdata.so[0m
[32.871s] [ 13%] Built target velodyne_rawdata
[32.889s] [ 17%] [32mBuilding CXX object CMakeFiles/transform_node.dir/rclcpp_components/node_main_transform_node.cpp.o[0m
[37.587s] [ 21%] [32m[1mLinking CXX executable transform_node[0m
[37.746s] [ 21%] Built target transform_node
[37.783s] [ 26%] [32mBuilding CXX object CMakeFiles/cloud_nodelet.dir/src/conversions/convert.cc.o[0m
[62.981s] [ 30%] [32mBuilding CXX object CMakeFiles/cloud_nodelet.dir/src/conversions/func.cc.o[0m
[70.406s] [ 34%] [32mBuilding CXX object CMakeFiles/cloud_nodelet.dir/src/conversions/output_builder.cc.o[0m
[70.407s] [ 39%] [32mBuilding CXX object CMakeFiles/cloud_nodelet.dir/src/conversions/pointcloudXYZIRADT.cc.o[0m
[80.724s] [ 43%] [32mBuilding CXX object CMakeFiles/cloud_nodelet.dir/src/conversions/pointcloudXYZIR.cc.o[0m
[89.065s] [ 47%] [32m[1mLinking CXX shared library libcloud_nodelet.so[0m
[89.880s] [ 47%] Built target cloud_nodelet
[89.910s] [ 52%] [32mBuilding CXX object CMakeFiles/interpolate_node.dir/rclcpp_components/node_main_interpolate_node.cpp.o[0m
[95.018s] [ 56%] [32m[1mLinking CXX executable interpolate_node[0m
[95.136s] [ 56%] Built target interpolate_node
[95.162s] [ 60%] [32mBuilding CXX object CMakeFiles/interpolate_nodelet.dir/src/conversions/interpolate.cc.o[0m
[122.395s] [ 65%] [32mBuilding CXX object CMakeFiles/interpolate_nodelet.dir/src/conversions/func.cc.o[0m
[134.149s] [ 69%] [32mBuilding CXX object CMakeFiles/interpolate_nodelet.dir/src/conversions/pointcloudXYZIRADT.cc.o[0m
[141.372s] [ 73%] [32mBuilding CXX object CMakeFiles/interpolate_nodelet.dir/src/conversions/pointcloudXYZIR.cc.o[0m
[149.640s] [ 78%] [32m[1mLinking CXX shared library libinterpolate_nodelet.so[0m
[150.503s] [ 78%] Built target interpolate_nodelet
[150.531s] [ 82%] [32mBuilding CXX object CMakeFiles/cloud_node.dir/rclcpp_components/node_main_cloud_node.cpp.o[0m
[154.786s] [ 86%] [32m[1mLinking CXX executable cloud_node[0m
[154.889s] [ 86%] Built target cloud_node
[154.912s] [ 91%] [32mBuilding CXX object CMakeFiles/transform_nodelet.dir/src/conversions/transform.cc.o[0m
[182.785s] [ 95%] [32mBuilding CXX object CMakeFiles/transform_nodelet.dir/src/conversions/pointcloudXYZIR.cc.o[0m
[190.737s] [100%] [32m[1mLinking CXX shared library libtransform_nodelet.so[0m
[191.495s] [100%] Built target transform_nodelet
[191.660s] Invoked command in '/home/sws/autoware/build/velodyne_pointcloud' returned '0': AMENT_PREFIX_PATH=/home/sws/autoware/install/autoware_auto_vehicle_msgs:/home/sws/autoware/install/autoware_auto_planning_msgs:/home/sws/autoware/install/velodyne_msgs:/home/sws/autoware/install/autoware_auto_mapping_msgs:/home/sws/autoware/install/autoware_auto_geometry_msgs:${AMENT_PREFIX_PATH} CMAKE_PREFIX_PATH=/home/sws/autoware/install/autoware_auto_vehicle_msgs:/home/sws/autoware/install/autoware_auto_planning_msgs:/home/sws/autoware/install/velodyne_msgs:/home/sws/autoware/install/autoware_auto_mapping_msgs:/home/sws/autoware/install/autoware_auto_geometry_msgs:/opt/ros/humble LD_LIBRARY_PATH=/home/sws/autoware/install/autoware_auto_vehicle_msgs/lib:/home/sws/autoware/install/autoware_auto_planning_msgs/lib:/home/sws/autoware/install/velodyne_msgs/lib:/home/sws/autoware/install/autoware_auto_mapping_msgs/lib:/home/sws/autoware/install/autoware_auto_geometry_msgs/lib:${LD_LIBRARY_PATH} PYTHONPATH=/home/sws/autoware/install/autoware_auto_vehicle_msgs/local/lib/python3.10/dist-packages:/home/sws/autoware/install/autoware_auto_planning_msgs/local/lib/python3.10/dist-packages:/home/sws/autoware/install/velodyne_msgs/local/lib/python3.10/dist-packages:/home/sws/autoware/install/autoware_auto_mapping_msgs/local/lib/python3.10/dist-packages:/home/sws/autoware/install/autoware_auto_geometry_msgs/local/lib/python3.10/dist-packages:${PYTHONPATH} /usr/bin/cmake --build /home/sws/autoware/build/velodyne_pointcloud -- -j16 -l16
[191.747s] Invoking command in '/home/sws/autoware/build/velodyne_pointcloud': AMENT_PREFIX_PATH=/home/sws/autoware/install/autoware_auto_vehicle_msgs:/home/sws/autoware/install/autoware_auto_planning_msgs:/home/sws/autoware/install/velodyne_msgs:/home/sws/autoware/install/autoware_auto_mapping_msgs:/home/sws/autoware/install/autoware_auto_geometry_msgs:${AMENT_PREFIX_PATH} CMAKE_PREFIX_PATH=/home/sws/autoware/install/autoware_auto_vehicle_msgs:/home/sws/autoware/install/autoware_auto_planning_msgs:/home/sws/autoware/install/velodyne_msgs:/home/sws/autoware/install/autoware_auto_mapping_msgs:/home/sws/autoware/install/autoware_auto_geometry_msgs:/opt/ros/humble LD_LIBRARY_PATH=/home/sws/autoware/install/autoware_auto_vehicle_msgs/lib:/home/sws/autoware/install/autoware_auto_planning_msgs/lib:/home/sws/autoware/install/velodyne_msgs/lib:/home/sws/autoware/install/autoware_auto_mapping_msgs/lib:/home/sws/autoware/install/autoware_auto_geometry_msgs/lib:${LD_LIBRARY_PATH} PYTHONPATH=/home/sws/autoware/install/autoware_auto_vehicle_msgs/local/lib/python3.10/dist-packages:/home/sws/autoware/install/autoware_auto_planning_msgs/local/lib/python3.10/dist-packages:/home/sws/autoware/install/velodyne_msgs/local/lib/python3.10/dist-packages:/home/sws/autoware/install/autoware_auto_mapping_msgs/local/lib/python3.10/dist-packages:/home/sws/autoware/install/autoware_auto_geometry_msgs/local/lib/python3.10/dist-packages:${PYTHONPATH} /usr/bin/cmake --install /home/sws/autoware/build/velodyne_pointcloud
[206.995s] -- Install configuration: "Release"
[206.996s] -- Execute custom install script
[206.996s] -- Symlinking: /home/sws/autoware/install/velodyne_pointcloud/lib/velodyne_pointcloud/cloud_node
[206.996s] -- Symlinking: /home/sws/autoware/install/velodyne_pointcloud/lib/velodyne_pointcloud/interpolate_node
[206.996s] -- Symlinking: /home/sws/autoware/install/velodyne_pointcloud/lib/velodyne_pointcloud/transform_node
[206.996s] -- Symlinking: /home/sws/autoware/install/velodyne_pointcloud/include/velodyne_pointcloud/calibration.h
[206.996s] -- Symlinking: /home/sws/autoware/install/velodyne_pointcloud/include/velodyne_pointcloud/colors.h
[206.996s] -- Symlinking: /home/sws/autoware/install/velodyne_pointcloud/include/velodyne_pointcloud/convert.h
[206.996s] -- Symlinking: /home/sws/autoware/install/velodyne_pointcloud/include/velodyne_pointcloud/datacontainerbase.h
[206.996s] -- Symlinking: /home/sws/autoware/install/velodyne_pointcloud/include/velodyne_pointcloud/func.h
[206.996s] -- Symlinking: /home/sws/autoware/install/velodyne_pointcloud/include/velodyne_pointcloud/interpolate.h
[206.996s] -- Symlinking: /home/sws/autoware/install/velodyne_pointcloud/include/velodyne_pointcloud/output_builder.h
[206.997s] -- Symlinking: /home/sws/autoware/install/velodyne_pointcloud/include/velodyne_pointcloud/point_types.h
[206.997s] -- Symlinking: /home/sws/autoware/install/velodyne_pointcloud/include/velodyne_pointcloud/pointcloudXYZIR.h
[206.997s] -- Symlinking: /home/sws/autoware/install/velodyne_pointcloud/include/velodyne_pointcloud/pointcloudXYZIRADT.h
[206.997s] -- Symlinking: /home/sws/autoware/install/velodyne_pointcloud/include/velodyne_pointcloud/rawdata.h
[206.997s] -- Symlinking: /home/sws/autoware/install/velodyne_pointcloud/include/velodyne_pointcloud/transform.h
[206.997s] -- Symlinking: /home/sws/autoware/install/velodyne_pointcloud/share/velodyne_pointcloud/environment/library_path.sh
[206.997s] -- Symlinking: /home/sws/autoware/install/velodyne_pointcloud/share/velodyne_pointcloud/environment/library_path.dsv
[206.997s] -- Symlinking: /home/sws/autoware/install/velodyne_pointcloud/lib/libvelodyne_rawdata.so
[206.997s] -- Symlinking: /home/sws/autoware/install/velodyne_pointcloud/lib/libcloud_nodelet.so
[206.997s] -- Symlinking: /home/sws/autoware/install/velodyne_pointcloud/lib/libinterpolate_nodelet.so
[206.997s] -- Symlinking: /home/sws/autoware/install/velodyne_pointcloud/lib/libtransform_nodelet.so
[206.998s] -- Symlinking: /home/sws/autoware/install/velodyne_pointcloud/share/velodyne_pointcloud/launch/32e_points.launch
[206.998s] -- Symlinking: /home/sws/autoware/install/velodyne_pointcloud/share/velodyne_pointcloud/launch/64e_S3.launch
[206.998s] -- Symlinking: /home/sws/autoware/install/velodyne_pointcloud/share/velodyne_pointcloud/launch/VLP-16_points.launch.xml
[206.998s] -- Symlinking: /home/sws/autoware/install/velodyne_pointcloud/share/velodyne_pointcloud/launch/VLP-32C_points.launch.xml
[206.998s] -- Symlinking: /home/sws/autoware/install/velodyne_pointcloud/share/velodyne_pointcloud/launch/VLS-128_points.launch.xml
[206.998s] -- Symlinking: /home/sws/autoware/install/velodyne_pointcloud/share/velodyne_pointcloud/launch/cloud_nodelet.launch.xml
[206.998s] -- Symlinking: /home/sws/autoware/install/velodyne_pointcloud/share/velodyne_pointcloud/launch/interpolate_nodelet.launch
[206.998s] -- Symlinking: /home/sws/autoware/install/velodyne_pointcloud/share/velodyne_pointcloud/launch/laserscan_nodelet.launch
[206.998s] -- Symlinking: /home/sws/autoware/install/velodyne_pointcloud/share/velodyne_pointcloud/launch/transform_nodelet.launch
[206.998s] -- Symlinking: /home/sws/autoware/install/velodyne_pointcloud/share/velodyne_pointcloud/params/32db.yaml
[206.998s] -- Symlinking: /home/sws/autoware/install/velodyne_pointcloud/share/velodyne_pointcloud/params/64e_s2.1-sztaki.yaml
[206.999s] -- Symlinking: /home/sws/autoware/install/velodyne_pointcloud/share/velodyne_pointcloud/params/64e_s3-xiesc.yaml
[206.999s] -- Symlinking: /home/sws/autoware/install/velodyne_pointcloud/share/velodyne_pointcloud/params/64e_utexas.yaml
[206.999s] -- Symlinking: /home/sws/autoware/install/velodyne_pointcloud/share/velodyne_pointcloud/params/VLP16_hires_db.yaml
[206.999s] -- Symlinking: /home/sws/autoware/install/velodyne_pointcloud/share/velodyne_pointcloud/params/VLP16db.yaml
[206.999s] -- Symlinking: /home/sws/autoware/install/velodyne_pointcloud/share/velodyne_pointcloud/params/VLS-128_FS1.yaml
[206.999s] -- Symlinking: /home/sws/autoware/install/velodyne_pointcloud/share/velodyne_pointcloud/params/VeloView-VLP-32C.yaml
[206.999s] -- Symlinking: /home/sws/autoware/install/velodyne_pointcloud/share/velodyne_pointcloud/params/rviz_points.vcg
[206.999s] -- Symlinking: /home/sws/autoware/install/velodyne_pointcloud/share/ament_index/resource_index/package_run_dependencies/velodyne_pointcloud
[206.999s] -- Symlinking: /home/sws/autoware/install/velodyne_pointcloud/share/ament_index/resource_index/parent_prefix_path/velodyne_pointcloud
[206.999s] -- Symlinking: /home/sws/autoware/install/velodyne_pointcloud/share/velodyne_pointcloud/environment/ament_prefix_path.sh
[206.999s] -- Symlinking: /home/sws/autoware/install/velodyne_pointcloud/share/velodyne_pointcloud/environment/ament_prefix_path.dsv
[207.000s] -- Symlinking: /home/sws/autoware/install/velodyne_pointcloud/share/velodyne_pointcloud/environment/path.sh
[207.000s] -- Symlinking: /home/sws/autoware/install/velodyne_pointcloud/share/velodyne_pointcloud/environment/path.dsv
[207.000s] -- Symlinking: /home/sws/autoware/install/velodyne_pointcloud/share/velodyne_pointcloud/local_setup.bash
[207.000s] -- Symlinking: /home/sws/autoware/install/velodyne_pointcloud/share/velodyne_pointcloud/local_setup.sh
[207.000s] -- Symlinking: /home/sws/autoware/install/velodyne_pointcloud/share/velodyne_pointcloud/local_setup.zsh
[207.000s] -- Symlinking: /home/sws/autoware/install/velodyne_pointcloud/share/velodyne_pointcloud/local_setup.dsv
[207.000s] -- Symlinking: /home/sws/autoware/install/velodyne_pointcloud/share/velodyne_pointcloud/package.dsv
[207.000s] -- Symlinking: /home/sws/autoware/install/velodyne_pointcloud/share/ament_index/resource_index/packages/velodyne_pointcloud
[207.000s] -- Symlinking: /home/sws/autoware/install/velodyne_pointcloud/share/ament_index/resource_index/rclcpp_components/velodyne_pointcloud
[207.000s] -- Symlinking: /home/sws/autoware/install/velodyne_pointcloud/share/velodyne_pointcloud/cmake/ament_cmake_export_dependencies-extras.cmake
[207.000s] -- Symlinking: /home/sws/autoware/install/velodyne_pointcloud/share/velodyne_pointcloud/cmake/ament_cmake_export_include_directories-extras.cmake
[207.000s] -- Symlinking: /home/sws/autoware/install/velodyne_pointcloud/share/velodyne_pointcloud/cmake/ament_cmake_export_libraries-extras.cmake
[207.001s] -- Symlinking: /home/sws/autoware/install/velodyne_pointcloud/share/velodyne_pointcloud/cmake/velodyne_pointcloudConfig.cmake
[207.001s] -- Symlinking: /home/sws/autoware/install/velodyne_pointcloud/share/velodyne_pointcloud/cmake/velodyne_pointcloudConfig-version.cmake
[207.001s] -- Symlinking: /home/sws/autoware/install/velodyne_pointcloud/share/velodyne_pointcloud/package.xml
[207.059s] Invoked command in '/home/sws/autoware/build/velodyne_pointcloud' returned '0': AMENT_PREFIX_PATH=/home/sws/autoware/install/autoware_auto_vehicle_msgs:/home/sws/autoware/install/autoware_auto_planning_msgs:/home/sws/autoware/install/velodyne_msgs:/home/sws/autoware/install/autoware_auto_mapping_msgs:/home/sws/autoware/install/autoware_auto_geometry_msgs:${AMENT_PREFIX_PATH} CMAKE_PREFIX_PATH=/home/sws/autoware/install/autoware_auto_vehicle_msgs:/home/sws/autoware/install/autoware_auto_planning_msgs:/home/sws/autoware/install/velodyne_msgs:/home/sws/autoware/install/autoware_auto_mapping_msgs:/home/sws/autoware/install/autoware_auto_geometry_msgs:/opt/ros/humble LD_LIBRARY_PATH=/home/sws/autoware/install/autoware_auto_vehicle_msgs/lib:/home/sws/autoware/install/autoware_auto_planning_msgs/lib:/home/sws/autoware/install/velodyne_msgs/lib:/home/sws/autoware/install/autoware_auto_mapping_msgs/lib:/home/sws/autoware/install/autoware_auto_geometry_msgs/lib:${LD_LIBRARY_PATH} PYTHONPATH=/home/sws/autoware/install/autoware_auto_vehicle_msgs/local/lib/python3.10/dist-packages:/home/sws/autoware/install/autoware_auto_planning_msgs/local/lib/python3.10/dist-packages:/home/sws/autoware/install/velodyne_msgs/local/lib/python3.10/dist-packages:/home/sws/autoware/install/autoware_auto_mapping_msgs/local/lib/python3.10/dist-packages:/home/sws/autoware/install/autoware_auto_geometry_msgs/local/lib/python3.10/dist-packages:${PYTHONPATH} /usr/bin/cmake --install /home/sws/autoware/build/velodyne_pointcloud
