-- The C compiler identification is GNU 11.3.0
-- The CXX compiler identification is GNU 11.3.0
-- Detecting C compiler ABI info
-- Detecting C compiler ABI info - done
-- Check for working C compiler: /usr/bin/cc - skipped
-- Detecting C compile features
-- Detecting C compile features - done
-- Detecting CXX compiler ABI info
-- Detecting CXX compiler ABI info - done
-- Check for working CXX compiler: /usr/bin/c++ - skipped
-- Detecting CXX compile features
-- Detecting CXX compile features - done
-- Found ament_cmake_auto: 1.3.3 (/opt/ros/humble/share/ament_cmake_auto/cmake)
-- Found Python3: /usr/bin/python3.10 (found version "3.10.6") found components: Interpreter 
-- Override CMake install command with custom implementation using symlinks instead of copying resources
-- Found ament_lint_auto: 0.12.5 (/opt/ros/humble/share/ament_lint_auto/cmake)
-- Added test 'copyright' to check source files copyright and LICENSE
-- Added test 'lint_cmake' to check CMake code style
-- Added test 'xmllint' to check XML markup files
-- Configuring done
-- Generating done
-- Build files have been written to: /home/sws/autoware/build/sample_sensor_kit_launch
-- Install configuration: "Release"
-- Execute custom install script
-- Symlinking: /home/sws/autoware/install/sample_sensor_kit_launch/share/sample_sensor_kit_launch/launch/camera.launch.xml
-- Symlinking: /home/sws/autoware/install/sample_sensor_kit_launch/share/sample_sensor_kit_launch/launch/gnss.launch.xml
-- Symlinking: /home/sws/autoware/install/sample_sensor_kit_launch/share/sample_sensor_kit_launch/launch/imu.launch.xml
-- Symlinking: /home/sws/autoware/install/sample_sensor_kit_launch/share/sample_sensor_kit_launch/launch/lidar.launch.xml
-- Symlinking: /home/sws/autoware/install/sample_sensor_kit_launch/share/sample_sensor_kit_launch/launch/pointcloud_preprocessor.launch.py
-- Symlinking: /home/sws/autoware/install/sample_sensor_kit_launch/share/sample_sensor_kit_launch/launch/sensing.launch.xml
-- Symlinking: /home/sws/autoware/install/sample_sensor_kit_launch/share/sample_sensor_kit_launch/data/traffic_light_camera.yaml
-- Symlinking: /home/sws/autoware/install/sample_sensor_kit_launch/share/sample_sensor_kit_launch/config/diagnostic_aggregator/sensor_kit.param.yaml
-- Symlinking: /home/sws/autoware/install/sample_sensor_kit_launch/share/sample_sensor_kit_launch/config/dummy_diag_publisher/sensor_kit.param.yaml
-- Symlinking: /home/sws/autoware/install/sample_sensor_kit_launch/share/ament_index/resource_index/package_run_dependencies/sample_sensor_kit_launch
-- Symlinking: /home/sws/autoware/install/sample_sensor_kit_launch/share/ament_index/resource_index/parent_prefix_path/sample_sensor_kit_launch
-- Symlinking: /home/sws/autoware/install/sample_sensor_kit_launch/share/sample_sensor_kit_launch/environment/ament_prefix_path.sh
-- Symlinking: /home/sws/autoware/install/sample_sensor_kit_launch/share/sample_sensor_kit_launch/environment/ament_prefix_path.dsv
-- Symlinking: /home/sws/autoware/install/sample_sensor_kit_launch/share/sample_sensor_kit_launch/environment/path.sh
-- Symlinking: /home/sws/autoware/install/sample_sensor_kit_launch/share/sample_sensor_kit_launch/environment/path.dsv
-- Symlinking: /home/sws/autoware/install/sample_sensor_kit_launch/share/sample_sensor_kit_launch/local_setup.bash
-- Symlinking: /home/sws/autoware/install/sample_sensor_kit_launch/share/sample_sensor_kit_launch/local_setup.sh
-- Symlinking: /home/sws/autoware/install/sample_sensor_kit_launch/share/sample_sensor_kit_launch/local_setup.zsh
-- Symlinking: /home/sws/autoware/install/sample_sensor_kit_launch/share/sample_sensor_kit_launch/local_setup.dsv
-- Symlinking: /home/sws/autoware/install/sample_sensor_kit_launch/share/sample_sensor_kit_launch/package.dsv
-- Symlinking: /home/sws/autoware/install/sample_sensor_kit_launch/share/ament_index/resource_index/packages/sample_sensor_kit_launch
-- Symlinking: /home/sws/autoware/install/sample_sensor_kit_launch/share/sample_sensor_kit_launch/cmake/sample_sensor_kit_launchConfig.cmake
-- Symlinking: /home/sws/autoware/install/sample_sensor_kit_launch/share/sample_sensor_kit_launch/cmake/sample_sensor_kit_launchConfig-version.cmake
-- Symlinking: /home/sws/autoware/install/sample_sensor_kit_launch/share/sample_sensor_kit_launch/package.xml
