-- The C compiler identification is GNU 11.3.0
-- The CXX compiler identification is GNU 11.3.0
-- Detecting C compiler ABI info
-- Detecting C compiler ABI info - done
-- Check for working C compiler: /usr/bin/cc - skipped
-- Detecting C compile features
-- Detecting C compile features - done
-- Detecting CXX compiler ABI info
-- Detecting CXX compiler ABI info - done
-- Check for working CXX compiler: /usr/bin/c++ - skipped
-- Detecting CXX compile features
-- Detecting CXX compile features - done
-- Found ament_cmake_auto: 1.3.3 (/opt/ros/humble/share/ament_cmake_auto/cmake)
-- Found Python3: /usr/bin/python3.10 (found version "3.10.6") found components: Interpreter 
-- Override CMake install command with custom implementation using symlinks instead of copying resources
-- Found rosidl_generator_c: 3.1.4 (/opt/ros/humble/share/rosidl_generator_c/cmake)
-- Found rosidl_adapter: 3.1.4 (/opt/ros/humble/share/rosidl_adapter/cmake)
-- Found rosidl_generator_cpp: 3.1.4 (/opt/ros/humble/share/rosidl_generator_cpp/cmake)
-- Using all available rosidl_typesupport_c: rosidl_typesupport_fastrtps_c;rosidl_typesupport_introspection_c
-- Using all available rosidl_typesupport_cpp: rosidl_typesupport_fastrtps_cpp;rosidl_typesupport_introspection_cpp
-- Found ament_cmake_cppcheck: 0.12.5 (/opt/ros/humble/share/ament_cmake_cppcheck/cmake)
-- Found ament_cmake_cpplint: 0.12.5 (/opt/ros/humble/share/ament_cmake_cpplint/cmake)
-- Found ament_cmake_uncrustify: 0.12.5 (/opt/ros/humble/share/ament_cmake_uncrustify/cmake)
-- Found ament_cmake_ros: 0.10.0 (/opt/ros/humble/share/ament_cmake_ros/cmake)
-- Using all available rosidl_typesupport_c: rosidl_typesupport_fastrtps_c;rosidl_typesupport_introspection_c
-- Using all available rosidl_typesupport_cpp: rosidl_typesupport_fastrtps_cpp;rosidl_typesupport_introspection_cpp
-- Found PythonInterp: /usr/bin/python3 (found suitable version "3.10.6", minimum required is "3.6") 
-- Found python_cmake_module: 0.10.0 (/opt/ros/humble/share/python_cmake_module/cmake)
-- Found PythonLibs: /usr/lib/x86_64-linux-gnu/libpython3.10.so (found suitable version "3.10.6", minimum required is "3.5") 
-- Using PYTHON_EXECUTABLE: /usr/bin/python3
-- Using PYTHON_INCLUDE_DIRS: /usr/include/python3.10
-- Using PYTHON_LIBRARIES: /usr/lib/x86_64-linux-gnu/libpython3.10.so
-- Found PythonExtra: .so  
-- Found ament_cmake_flake8: 0.12.5 (/opt/ros/humble/share/ament_cmake_flake8/cmake)
-- Found ament_cmake_pep257: 0.12.5 (/opt/ros/humble/share/ament_cmake_pep257/cmake)
-- Found ament_lint_auto: 0.12.5 (/opt/ros/humble/share/ament_lint_auto/cmake)
-- Added test 'copyright' to check source files copyright and LICENSE
-- Added test 'lint_cmake' to check CMake code style
-- Added test 'xmllint' to check XML markup files
-- Configuring done
-- Generating done
-- Build files have been written to: /home/sws/autoware/build/autoware_localization_msgs
[  3%] [34m[1mGenerating C++ code for ROS interfaces[0m
[  3%] Built target autoware_localization_msgs__cpp
[  3%] Built target ament_cmake_python_symlink_autoware_localization_msgs
[  6%] [34m[1mGenerating C++ introspection for ROS interfaces[0m
[  9%] [32mBuilding CXX object CMakeFiles/autoware_localization_msgs__rosidl_typesupport_introspection_cpp.dir/rosidl_typesupport_introspection_cpp/autoware_localization_msgs/msg/detail/kinematic_state__type_support.cpp.o[0m
[ 12%] [32m[1mLinking CXX shared library libautoware_localization_msgs__rosidl_typesupport_introspection_cpp.so[0m
[ 12%] Built target autoware_localization_msgs__rosidl_typesupport_introspection_cpp
running egg_info
creating autoware_localization_msgs.egg-info
writing autoware_localization_msgs.egg-info/PKG-INFO
writing dependency_links to autoware_localization_msgs.egg-info/dependency_links.txt
writing top-level names to autoware_localization_msgs.egg-info/top_level.txt
writing manifest file 'autoware_localization_msgs.egg-info/SOURCES.txt'
reading manifest file 'autoware_localization_msgs.egg-info/SOURCES.txt'
writing manifest file 'autoware_localization_msgs.egg-info/SOURCES.txt'
[ 12%] Built target ament_cmake_python_build_autoware_localization_msgs_egg
[ 16%] [34m[1mGenerating C++ type support for eProsima Fast-RTPS[0m
[ 19%] [32mBuilding CXX object CMakeFiles/autoware_localization_msgs__rosidl_typesupport_fastrtps_cpp.dir/rosidl_typesupport_fastrtps_cpp/autoware_localization_msgs/msg/detail/dds_fastrtps/kinematic_state__type_support.cpp.o[0m
[ 22%] [32m[1mLinking CXX shared library libautoware_localization_msgs__rosidl_typesupport_fastrtps_cpp.so[0m
[ 22%] Built target autoware_localization_msgs__rosidl_typesupport_fastrtps_cpp
[ 25%] [34m[1mGenerating C++ type support dispatch for ROS interfaces[0m
[ 29%] [32mBuilding CXX object CMakeFiles/autoware_localization_msgs__rosidl_typesupport_cpp.dir/rosidl_typesupport_cpp/autoware_localization_msgs/msg/kinematic_state__type_support.cpp.o[0m
[ 32%] [32m[1mLinking CXX shared library libautoware_localization_msgs__rosidl_typesupport_cpp.so[0m
[ 32%] Built target autoware_localization_msgs__rosidl_typesupport_cpp
[ 35%] [34m[1mGenerating C code for ROS interfaces[0m
[ 38%] [32mBuilding C object CMakeFiles/autoware_localization_msgs__rosidl_generator_c.dir/rosidl_generator_c/autoware_localization_msgs/msg/detail/kinematic_state__functions.c.o[0m
[ 41%] [32m[1mLinking C shared library libautoware_localization_msgs__rosidl_generator_c.so[0m
[ 41%] Built target autoware_localization_msgs__rosidl_generator_c
[ 45%] [34m[1mGenerating C type support for eProsima Fast-RTPS[0m
[ 48%] [32mBuilding CXX object CMakeFiles/autoware_localization_msgs__rosidl_typesupport_fastrtps_c.dir/rosidl_typesupport_fastrtps_c/autoware_localization_msgs/msg/detail/kinematic_state__type_support_c.cpp.o[0m
[ 51%] [32m[1mLinking CXX shared library libautoware_localization_msgs__rosidl_typesupport_fastrtps_c.so[0m
[ 51%] Built target autoware_localization_msgs__rosidl_typesupport_fastrtps_c
[ 54%] [34m[1mGenerating C type support dispatch for ROS interfaces[0m
[ 58%] [32mBuilding CXX object CMakeFiles/autoware_localization_msgs__rosidl_typesupport_c.dir/rosidl_typesupport_c/autoware_localization_msgs/msg/kinematic_state__type_support.cpp.o[0m
[ 61%] [32m[1mLinking CXX shared library libautoware_localization_msgs__rosidl_typesupport_c.so[0m
[ 61%] Built target autoware_localization_msgs__rosidl_typesupport_c
[ 64%] [34m[1mGenerating C introspection for ROS interfaces[0m
[ 67%] [32mBuilding C object CMakeFiles/autoware_localization_msgs__rosidl_typesupport_introspection_c.dir/rosidl_typesupport_introspection_c/autoware_localization_msgs/msg/detail/kinematic_state__type_support.c.o[0m
[ 70%] [32m[1mLinking C shared library libautoware_localization_msgs__rosidl_typesupport_introspection_c.so[0m
[ 70%] Built target autoware_localization_msgs__rosidl_typesupport_introspection_c
[ 70%] Built target autoware_localization_msgs
[ 74%] [34m[1mGenerating Python code for ROS interfaces[0m
[ 74%] Built target autoware_localization_msgs__py
[ 77%] [32mBuilding C object CMakeFiles/autoware_localization_msgs__rosidl_generator_py.dir/rosidl_generator_py/autoware_localization_msgs/msg/_kinematic_state_s.c.o[0m
[ 80%] [32m[1mLinking C shared library rosidl_generator_py/autoware_localization_msgs/libautoware_localization_msgs__rosidl_generator_py.so[0m
[ 80%] Built target autoware_localization_msgs__rosidl_generator_py
[ 83%] [32mBuilding C object CMakeFiles/autoware_localization_msgs__rosidl_typesupport_introspection_c__pyext.dir/rosidl_generator_py/autoware_localization_msgs/_autoware_localization_msgs_s.ep.rosidl_typesupport_introspection_c.c.o[0m
[ 87%] [32mBuilding C object CMakeFiles/autoware_localization_msgs__rosidl_typesupport_fastrtps_c__pyext.dir/rosidl_generator_py/autoware_localization_msgs/_autoware_localization_msgs_s.ep.rosidl_typesupport_fastrtps_c.c.o[0m
[ 90%] [32m[1mLinking C shared library rosidl_generator_py/autoware_localization_msgs/autoware_localization_msgs_s__rosidl_typesupport_fastrtps_c.cpython-310-x86_64-linux-gnu.so[0m
[ 93%] [32m[1mLinking C shared library rosidl_generator_py/autoware_localization_msgs/autoware_localization_msgs_s__rosidl_typesupport_introspection_c.cpython-310-x86_64-linux-gnu.so[0m
[ 93%] Built target autoware_localization_msgs__rosidl_typesupport_fastrtps_c__pyext
[ 96%] [32mBuilding C object CMakeFiles/autoware_localization_msgs__rosidl_typesupport_c__pyext.dir/rosidl_generator_py/autoware_localization_msgs/_autoware_localization_msgs_s.ep.rosidl_typesupport_c.c.o[0m
[ 96%] Built target autoware_localization_msgs__rosidl_typesupport_introspection_c__pyext
[100%] [32m[1mLinking C shared library rosidl_generator_py/autoware_localization_msgs/autoware_localization_msgs_s__rosidl_typesupport_c.cpython-310-x86_64-linux-gnu.so[0m
[100%] Built target autoware_localization_msgs__rosidl_typesupport_c__pyext
-- Install configuration: "Release"
-- Execute custom install script
-- Symlinking: /home/sws/autoware/install/autoware_localization_msgs/share/ament_index/resource_index/rosidl_interfaces/autoware_localization_msgs
-- Symlinking: /home/sws/autoware/install/autoware_localization_msgs/include/autoware_localization_msgs/autoware_localization_msgs/msg/detail/kinematic_state__functions.h
-- Symlinking: /home/sws/autoware/install/autoware_localization_msgs/include/autoware_localization_msgs/autoware_localization_msgs/msg/detail/kinematic_state__struct.h
-- Symlinking: /home/sws/autoware/install/autoware_localization_msgs/include/autoware_localization_msgs/autoware_localization_msgs/msg/detail/kinematic_state__type_support.h
-- Symlinking: /home/sws/autoware/install/autoware_localization_msgs/include/autoware_localization_msgs/autoware_localization_msgs/msg/kinematic_state.h
-- Symlinking: /home/sws/autoware/install/autoware_localization_msgs/include/autoware_localization_msgs/autoware_localization_msgs/msg/rosidl_generator_c__visibility_control.h
-- Symlinking: /home/sws/autoware/install/autoware_localization_msgs/share/autoware_localization_msgs/environment/library_path.sh
-- Symlinking: /home/sws/autoware/install/autoware_localization_msgs/share/autoware_localization_msgs/environment/library_path.dsv
-- Symlinking: /home/sws/autoware/install/autoware_localization_msgs/include/autoware_localization_msgs/autoware_localization_msgs/msg/detail/kinematic_state__rosidl_typesupport_fastrtps_c.h
-- Symlinking: /home/sws/autoware/install/autoware_localization_msgs/include/autoware_localization_msgs/autoware_localization_msgs/msg/rosidl_typesupport_fastrtps_c__visibility_control.h
-- Symlinking: /home/sws/autoware/install/autoware_localization_msgs/include/autoware_localization_msgs/autoware_localization_msgs/msg/detail/kinematic_state__builder.hpp
-- Symlinking: /home/sws/autoware/install/autoware_localization_msgs/include/autoware_localization_msgs/autoware_localization_msgs/msg/detail/kinematic_state__struct.hpp
-- Symlinking: /home/sws/autoware/install/autoware_localization_msgs/include/autoware_localization_msgs/autoware_localization_msgs/msg/detail/kinematic_state__traits.hpp
-- Symlinking: /home/sws/autoware/install/autoware_localization_msgs/include/autoware_localization_msgs/autoware_localization_msgs/msg/kinematic_state.hpp
-- Symlinking: /home/sws/autoware/install/autoware_localization_msgs/include/autoware_localization_msgs/autoware_localization_msgs/msg/detail/kinematic_state__rosidl_typesupport_fastrtps_cpp.hpp
-- Symlinking: /home/sws/autoware/install/autoware_localization_msgs/include/autoware_localization_msgs/autoware_localization_msgs/msg/rosidl_typesupport_fastrtps_cpp__visibility_control.h
-- Symlinking: /home/sws/autoware/install/autoware_localization_msgs/include/autoware_localization_msgs/autoware_localization_msgs/msg/detail/kinematic_state__rosidl_typesupport_introspection_c.h
-- Symlinking: /home/sws/autoware/install/autoware_localization_msgs/include/autoware_localization_msgs/autoware_localization_msgs/msg/rosidl_typesupport_introspection_c__visibility_control.h
-- Symlinking: /home/sws/autoware/install/autoware_localization_msgs/include/autoware_localization_msgs/autoware_localization_msgs/msg/detail/kinematic_state__rosidl_typesupport_introspection_cpp.hpp
-- Symlinking: /home/sws/autoware/install/autoware_localization_msgs/share/autoware_localization_msgs/environment/pythonpath.sh
-- Symlinking: /home/sws/autoware/install/autoware_localization_msgs/share/autoware_localization_msgs/environment/pythonpath.dsv
-- Symlinking: /home/sws/autoware/install/autoware_localization_msgs/local/lib/python3.10/dist-packages/autoware_localization_msgs-1.0.0-py3.10.egg-info/PKG-INFO
-- Symlinking: /home/sws/autoware/install/autoware_localization_msgs/local/lib/python3.10/dist-packages/autoware_localization_msgs-1.0.0-py3.10.egg-info/SOURCES.txt
-- Symlinking: /home/sws/autoware/install/autoware_localization_msgs/local/lib/python3.10/dist-packages/autoware_localization_msgs-1.0.0-py3.10.egg-info/dependency_links.txt
-- Symlinking: /home/sws/autoware/install/autoware_localization_msgs/local/lib/python3.10/dist-packages/autoware_localization_msgs-1.0.0-py3.10.egg-info/top_level.txt
-- Symlinking: /home/sws/autoware/install/autoware_localization_msgs/local/lib/python3.10/dist-packages/autoware_localization_msgs/__init__.py
-- Symlinking: /home/sws/autoware/install/autoware_localization_msgs/local/lib/python3.10/dist-packages/autoware_localization_msgs/_autoware_localization_msgs_s.ep.rosidl_typesupport_c.c
-- Symlinking: /home/sws/autoware/install/autoware_localization_msgs/local/lib/python3.10/dist-packages/autoware_localization_msgs/_autoware_localization_msgs_s.ep.rosidl_typesupport_fastrtps_c.c
-- Symlinking: /home/sws/autoware/install/autoware_localization_msgs/local/lib/python3.10/dist-packages/autoware_localization_msgs/_autoware_localization_msgs_s.ep.rosidl_typesupport_introspection_c.c
-- Symlinking: /home/sws/autoware/install/autoware_localization_msgs/local/lib/python3.10/dist-packages/autoware_localization_msgs/autoware_localization_msgs_s__rosidl_typesupport_c.cpython-310-x86_64-linux-gnu.so
-- Symlinking: /home/sws/autoware/install/autoware_localization_msgs/local/lib/python3.10/dist-packages/autoware_localization_msgs/autoware_localization_msgs_s__rosidl_typesupport_fastrtps_c.cpython-310-x86_64-linux-gnu.so
-- Symlinking: /home/sws/autoware/install/autoware_localization_msgs/local/lib/python3.10/dist-packages/autoware_localization_msgs/autoware_localization_msgs_s__rosidl_typesupport_introspection_c.cpython-310-x86_64-linux-gnu.so
-- Symlinking: /home/sws/autoware/install/autoware_localization_msgs/local/lib/python3.10/dist-packages/autoware_localization_msgs/libautoware_localization_msgs__rosidl_generator_py.so
-- Symlinking: /home/sws/autoware/install/autoware_localization_msgs/local/lib/python3.10/dist-packages/autoware_localization_msgs/msg/__init__.py
-- Symlinking: /home/sws/autoware/install/autoware_localization_msgs/local/lib/python3.10/dist-packages/autoware_localization_msgs/msg/_kinematic_state.py
-- Symlinking: /home/sws/autoware/install/autoware_localization_msgs/local/lib/python3.10/dist-packages/autoware_localization_msgs/msg/_kinematic_state_s.c
-- Up-to-date symlink: /home/sws/autoware/install/autoware_localization_msgs/local/lib/python3.10/dist-packages/autoware_localization_msgs/autoware_localization_msgs_s__rosidl_typesupport_fastrtps_c.cpython-310-x86_64-linux-gnu.so
-- Up-to-date symlink: /home/sws/autoware/install/autoware_localization_msgs/local/lib/python3.10/dist-packages/autoware_localization_msgs/autoware_localization_msgs_s__rosidl_typesupport_introspection_c.cpython-310-x86_64-linux-gnu.so
-- Up-to-date symlink: /home/sws/autoware/install/autoware_localization_msgs/local/lib/python3.10/dist-packages/autoware_localization_msgs/autoware_localization_msgs_s__rosidl_typesupport_c.cpython-310-x86_64-linux-gnu.so
-- Symlinking: /home/sws/autoware/install/autoware_localization_msgs/share/autoware_localization_msgs/msg/KinematicState.idl
-- Symlinking: /home/sws/autoware/install/autoware_localization_msgs/share/autoware_localization_msgs/msg/KinematicState.msg
-- Symlinking: /home/sws/autoware/install/autoware_localization_msgs/share/ament_index/resource_index/package_run_dependencies/autoware_localization_msgs
-- Symlinking: /home/sws/autoware/install/autoware_localization_msgs/share/ament_index/resource_index/parent_prefix_path/autoware_localization_msgs
-- Symlinking: /home/sws/autoware/install/autoware_localization_msgs/share/autoware_localization_msgs/environment/ament_prefix_path.sh
-- Symlinking: /home/sws/autoware/install/autoware_localization_msgs/share/autoware_localization_msgs/environment/ament_prefix_path.dsv
-- Symlinking: /home/sws/autoware/install/autoware_localization_msgs/share/autoware_localization_msgs/environment/path.sh
-- Symlinking: /home/sws/autoware/install/autoware_localization_msgs/share/autoware_localization_msgs/environment/path.dsv
-- Symlinking: /home/sws/autoware/install/autoware_localization_msgs/share/autoware_localization_msgs/local_setup.bash
-- Symlinking: /home/sws/autoware/install/autoware_localization_msgs/share/autoware_localization_msgs/local_setup.sh
-- Symlinking: /home/sws/autoware/install/autoware_localization_msgs/share/autoware_localization_msgs/local_setup.zsh
-- Symlinking: /home/sws/autoware/install/autoware_localization_msgs/share/autoware_localization_msgs/local_setup.dsv
-- Symlinking: /home/sws/autoware/install/autoware_localization_msgs/share/autoware_localization_msgs/package.dsv
-- Symlinking: /home/sws/autoware/install/autoware_localization_msgs/share/ament_index/resource_index/packages/autoware_localization_msgs
-- Symlinking: /home/sws/autoware/install/autoware_localization_msgs/share/autoware_localization_msgs/cmake/rosidl_cmake-extras.cmake
-- Symlinking: /home/sws/autoware/install/autoware_localization_msgs/share/autoware_localization_msgs/cmake/ament_cmake_export_dependencies-extras.cmake
-- Symlinking: /home/sws/autoware/install/autoware_localization_msgs/share/autoware_localization_msgs/cmake/ament_cmake_export_include_directories-extras.cmake
-- Symlinking: /home/sws/autoware/install/autoware_localization_msgs/share/autoware_localization_msgs/cmake/ament_cmake_export_libraries-extras.cmake
-- Symlinking: /home/sws/autoware/install/autoware_localization_msgs/share/autoware_localization_msgs/cmake/ament_cmake_export_targets-extras.cmake
-- Symlinking: /home/sws/autoware/install/autoware_localization_msgs/share/autoware_localization_msgs/cmake/rosidl_cmake_export_typesupport_targets-extras.cmake
-- Symlinking: /home/sws/autoware/install/autoware_localization_msgs/share/autoware_localization_msgs/cmake/rosidl_cmake_export_typesupport_libraries-extras.cmake
-- Symlinking: /home/sws/autoware/install/autoware_localization_msgs/share/autoware_localization_msgs/cmake/autoware_localization_msgsConfig.cmake
-- Symlinking: /home/sws/autoware/install/autoware_localization_msgs/share/autoware_localization_msgs/cmake/autoware_localization_msgsConfig-version.cmake
-- Symlinking: /home/sws/autoware/install/autoware_localization_msgs/share/autoware_localization_msgs/package.xml
-- Installing: /home/sws/autoware/install/autoware_localization_msgs/lib/libautoware_localization_msgs__rosidl_generator_c.so
-- Set runtime path of "/home/sws/autoware/install/autoware_localization_msgs/lib/libautoware_localization_msgs__rosidl_generator_c.so" to ""
-- Installing: /home/sws/autoware/install/autoware_localization_msgs/lib/libautoware_localization_msgs__rosidl_typesupport_fastrtps_c.so
-- Set runtime path of "/home/sws/autoware/install/autoware_localization_msgs/lib/libautoware_localization_msgs__rosidl_typesupport_fastrtps_c.so" to ""
-- Installing: /home/sws/autoware/install/autoware_localization_msgs/lib/libautoware_localization_msgs__rosidl_typesupport_fastrtps_cpp.so
-- Set runtime path of "/home/sws/autoware/install/autoware_localization_msgs/lib/libautoware_localization_msgs__rosidl_typesupport_fastrtps_cpp.so" to ""
-- Installing: /home/sws/autoware/install/autoware_localization_msgs/lib/libautoware_localization_msgs__rosidl_typesupport_introspection_c.so
-- Set runtime path of "/home/sws/autoware/install/autoware_localization_msgs/lib/libautoware_localization_msgs__rosidl_typesupport_introspection_c.so" to ""
-- Installing: /home/sws/autoware/install/autoware_localization_msgs/lib/libautoware_localization_msgs__rosidl_typesupport_c.so
-- Set runtime path of "/home/sws/autoware/install/autoware_localization_msgs/lib/libautoware_localization_msgs__rosidl_typesupport_c.so" to ""
-- Installing: /home/sws/autoware/install/autoware_localization_msgs/lib/libautoware_localization_msgs__rosidl_typesupport_introspection_cpp.so
-- Set runtime path of "/home/sws/autoware/install/autoware_localization_msgs/lib/libautoware_localization_msgs__rosidl_typesupport_introspection_cpp.so" to ""
-- Installing: /home/sws/autoware/install/autoware_localization_msgs/lib/libautoware_localization_msgs__rosidl_typesupport_cpp.so
-- Set runtime path of "/home/sws/autoware/install/autoware_localization_msgs/lib/libautoware_localization_msgs__rosidl_typesupport_cpp.so" to ""
Listing '/home/sws/autoware/install/autoware_localization_msgs/local/lib/python3.10/dist-packages/autoware_localization_msgs'...
Compiling '/home/sws/autoware/install/autoware_localization_msgs/local/lib/python3.10/dist-packages/autoware_localization_msgs/__init__.py'...
Listing '/home/sws/autoware/install/autoware_localization_msgs/local/lib/python3.10/dist-packages/autoware_localization_msgs/msg'...
Compiling '/home/sws/autoware/install/autoware_localization_msgs/local/lib/python3.10/dist-packages/autoware_localization_msgs/msg/__init__.py'...
Compiling '/home/sws/autoware/install/autoware_localization_msgs/local/lib/python3.10/dist-packages/autoware_localization_msgs/msg/_kinematic_state.py'...
-- Installing: /home/sws/autoware/install/autoware_localization_msgs/lib/libautoware_localization_msgs__rosidl_generator_py.so
-- Set runtime path of "/home/sws/autoware/install/autoware_localization_msgs/lib/libautoware_localization_msgs__rosidl_generator_py.so" to ""
-- Installing: /home/sws/autoware/install/autoware_localization_msgs/share/autoware_localization_msgs/cmake/export_autoware_localization_msgs__rosidl_generator_cExport.cmake
-- Installing: /home/sws/autoware/install/autoware_localization_msgs/share/autoware_localization_msgs/cmake/export_autoware_localization_msgs__rosidl_generator_cExport-release.cmake
-- Installing: /home/sws/autoware/install/autoware_localization_msgs/share/autoware_localization_msgs/cmake/export_autoware_localization_msgs__rosidl_typesupport_fastrtps_cExport.cmake
-- Installing: /home/sws/autoware/install/autoware_localization_msgs/share/autoware_localization_msgs/cmake/export_autoware_localization_msgs__rosidl_typesupport_fastrtps_cExport-release.cmake
-- Installing: /home/sws/autoware/install/autoware_localization_msgs/share/autoware_localization_msgs/cmake/export_autoware_localization_msgs__rosidl_generator_cppExport.cmake
-- Installing: /home/sws/autoware/install/autoware_localization_msgs/share/autoware_localization_msgs/cmake/export_autoware_localization_msgs__rosidl_typesupport_fastrtps_cppExport.cmake
-- Installing: /home/sws/autoware/install/autoware_localization_msgs/share/autoware_localization_msgs/cmake/export_autoware_localization_msgs__rosidl_typesupport_fastrtps_cppExport-release.cmake
-- Installing: /home/sws/autoware/install/autoware_localization_msgs/share/autoware_localization_msgs/cmake/autoware_localization_msgs__rosidl_typesupport_introspection_cExport.cmake
-- Installing: /home/sws/autoware/install/autoware_localization_msgs/share/autoware_localization_msgs/cmake/autoware_localization_msgs__rosidl_typesupport_introspection_cExport-release.cmake
-- Installing: /home/sws/autoware/install/autoware_localization_msgs/share/autoware_localization_msgs/cmake/autoware_localization_msgs__rosidl_typesupport_cExport.cmake
-- Installing: /home/sws/autoware/install/autoware_localization_msgs/share/autoware_localization_msgs/cmake/autoware_localization_msgs__rosidl_typesupport_cExport-release.cmake
-- Installing: /home/sws/autoware/install/autoware_localization_msgs/share/autoware_localization_msgs/cmake/autoware_localization_msgs__rosidl_typesupport_introspection_cppExport.cmake
-- Installing: /home/sws/autoware/install/autoware_localization_msgs/share/autoware_localization_msgs/cmake/autoware_localization_msgs__rosidl_typesupport_introspection_cppExport-release.cmake
-- Installing: /home/sws/autoware/install/autoware_localization_msgs/share/autoware_localization_msgs/cmake/autoware_localization_msgs__rosidl_typesupport_cppExport.cmake
-- Installing: /home/sws/autoware/install/autoware_localization_msgs/share/autoware_localization_msgs/cmake/autoware_localization_msgs__rosidl_typesupport_cppExport-release.cmake
-- Installing: /home/sws/autoware/install/autoware_localization_msgs/share/autoware_localization_msgs/cmake/export_autoware_localization_msgs__rosidl_generator_pyExport.cmake
-- Installing: /home/sws/autoware/install/autoware_localization_msgs/share/autoware_localization_msgs/cmake/export_autoware_localization_msgs__rosidl_generator_pyExport-release.cmake
