[0.021s] Invoking command in '/home/sws/autoware/build/autoware_localization_msgs': CMAKE_PREFIX_PATH=/opt/ros/humble /usr/bin/cmake /home/sws/autoware/src/core/autoware_msgs/autoware_localization_msgs -DCMAKE_BUILD_TYPE=Release -DAMENT_CMAKE_SYMLINK_INSTALL=1 -DCMAKE_INSTALL_PREFIX=/home/sws/autoware/install/autoware_localization_msgs
[18.347s] -- The C compiler identification is GNU 11.3.0
[18.347s] -- The CXX compiler identification is GNU 11.3.0
[18.347s] -- Detecting C compiler ABI info
[18.347s] -- Detecting C compiler ABI info - done
[18.347s] -- Check for working C compiler: /usr/bin/cc - skipped
[18.348s] -- Detecting C compile features
[18.348s] -- Detecting C compile features - done
[18.348s] -- Detecting CXX compiler ABI info
[18.348s] -- Detecting CXX compiler ABI info - done
[18.348s] -- Check for working CXX compiler: /usr/bin/c++ - skipped
[18.348s] -- Detecting CXX compile features
[18.348s] -- Detecting CXX compile features - done
[18.348s] -- Found ament_cmake_auto: 1.3.3 (/opt/ros/humble/share/ament_cmake_auto/cmake)
[18.348s] -- Found Python3: /usr/bin/python3.10 (found version "3.10.6") found components: Interpreter 
[18.348s] -- Override CMake install command with custom implementation using symlinks instead of copying resources
[18.348s] -- Found rosidl_generator_c: 3.1.4 (/opt/ros/humble/share/rosidl_generator_c/cmake)
[18.348s] -- Found rosidl_adapter: 3.1.4 (/opt/ros/humble/share/rosidl_adapter/cmake)
[18.349s] -- Found rosidl_generator_cpp: 3.1.4 (/opt/ros/humble/share/rosidl_generator_cpp/cmake)
[18.349s] -- Using all available rosidl_typesupport_c: rosidl_typesupport_fastrtps_c;rosidl_typesupport_introspection_c
[18.349s] -- Using all available rosidl_typesupport_cpp: rosidl_typesupport_fastrtps_cpp;rosidl_typesupport_introspection_cpp
[18.349s] -- Found ament_cmake_cppcheck: 0.12.5 (/opt/ros/humble/share/ament_cmake_cppcheck/cmake)
[18.349s] -- Found ament_cmake_cpplint: 0.12.5 (/opt/ros/humble/share/ament_cmake_cpplint/cmake)
[18.349s] -- Found ament_cmake_uncrustify: 0.12.5 (/opt/ros/humble/share/ament_cmake_uncrustify/cmake)
[18.349s] -- Found ament_cmake_ros: 0.10.0 (/opt/ros/humble/share/ament_cmake_ros/cmake)
[18.349s] -- Using all available rosidl_typesupport_c: rosidl_typesupport_fastrtps_c;rosidl_typesupport_introspection_c
[18.349s] -- Using all available rosidl_typesupport_cpp: rosidl_typesupport_fastrtps_cpp;rosidl_typesupport_introspection_cpp
[18.350s] -- Found PythonInterp: /usr/bin/python3 (found suitable version "3.10.6", minimum required is "3.6") 
[18.350s] -- Found python_cmake_module: 0.10.0 (/opt/ros/humble/share/python_cmake_module/cmake)
[18.350s] -- Found PythonLibs: /usr/lib/x86_64-linux-gnu/libpython3.10.so (found suitable version "3.10.6", minimum required is "3.5") 
[18.350s] -- Using PYTHON_EXECUTABLE: /usr/bin/python3
[18.350s] -- Using PYTHON_INCLUDE_DIRS: /usr/include/python3.10
[18.350s] -- Using PYTHON_LIBRARIES: /usr/lib/x86_64-linux-gnu/libpython3.10.so
[18.350s] -- Found PythonExtra: .so  
[18.350s] -- Found ament_cmake_flake8: 0.12.5 (/opt/ros/humble/share/ament_cmake_flake8/cmake)
[18.350s] -- Found ament_cmake_pep257: 0.12.5 (/opt/ros/humble/share/ament_cmake_pep257/cmake)
[18.350s] -- Found ament_lint_auto: 0.12.5 (/opt/ros/humble/share/ament_lint_auto/cmake)
[18.350s] -- Added test 'copyright' to check source files copyright and LICENSE
[18.350s] -- Added test 'lint_cmake' to check CMake code style
[18.350s] -- Added test 'xmllint' to check XML markup files
[18.351s] -- Configuring done
[18.351s] -- Generating done
[18.351s] -- Build files have been written to: /home/sws/autoware/build/autoware_localization_msgs
[18.364s] Invoked command in '/home/sws/autoware/build/autoware_localization_msgs' returned '0': CMAKE_PREFIX_PATH=/opt/ros/humble /usr/bin/cmake /home/sws/autoware/src/core/autoware_msgs/autoware_localization_msgs -DCMAKE_BUILD_TYPE=Release -DAMENT_CMAKE_SYMLINK_INSTALL=1 -DCMAKE_INSTALL_PREFIX=/home/sws/autoware/install/autoware_localization_msgs
[18.365s] Invoking command in '/home/sws/autoware/build/autoware_localization_msgs': CMAKE_PREFIX_PATH=/opt/ros/humble /usr/bin/cmake --build /home/sws/autoware/build/autoware_localization_msgs -- -j16 -l16
[21.939s] [  3%] [34m[1mGenerating C++ code for ROS interfaces[0m
[21.940s] [  3%] Built target autoware_localization_msgs__cpp
[21.942s] [  3%] Built target ament_cmake_python_symlink_autoware_localization_msgs
[21.942s] [  6%] [34m[1mGenerating C++ introspection for ROS interfaces[0m
[21.943s] [  9%] [32mBuilding CXX object CMakeFiles/autoware_localization_msgs__rosidl_typesupport_introspection_cpp.dir/rosidl_typesupport_introspection_cpp/autoware_localization_msgs/msg/detail/kinematic_state__type_support.cpp.o[0m
[21.943s] [ 12%] [32m[1mLinking CXX shared library libautoware_localization_msgs__rosidl_typesupport_introspection_cpp.so[0m
[21.943s] [ 12%] Built target autoware_localization_msgs__rosidl_typesupport_introspection_cpp
[21.943s] running egg_info
[21.943s] creating autoware_localization_msgs.egg-info
[21.943s] writing autoware_localization_msgs.egg-info/PKG-INFO
[21.943s] writing dependency_links to autoware_localization_msgs.egg-info/dependency_links.txt
[21.943s] writing top-level names to autoware_localization_msgs.egg-info/top_level.txt
[21.943s] writing manifest file 'autoware_localization_msgs.egg-info/SOURCES.txt'
[21.943s] reading manifest file 'autoware_localization_msgs.egg-info/SOURCES.txt'
[21.943s] writing manifest file 'autoware_localization_msgs.egg-info/SOURCES.txt'
[21.944s] [ 12%] Built target ament_cmake_python_build_autoware_localization_msgs_egg
[21.944s] [ 16%] [34m[1mGenerating C++ type support for eProsima Fast-RTPS[0m
[21.944s] [ 19%] [32mBuilding CXX object CMakeFiles/autoware_localization_msgs__rosidl_typesupport_fastrtps_cpp.dir/rosidl_typesupport_fastrtps_cpp/autoware_localization_msgs/msg/detail/dds_fastrtps/kinematic_state__type_support.cpp.o[0m
[22.513s] [ 22%] [32m[1mLinking CXX shared library libautoware_localization_msgs__rosidl_typesupport_fastrtps_cpp.so[0m
[22.620s] [ 22%] Built target autoware_localization_msgs__rosidl_typesupport_fastrtps_cpp
[22.633s] [ 25%] [34m[1mGenerating C++ type support dispatch for ROS interfaces[0m
[23.186s] [ 29%] [32mBuilding CXX object CMakeFiles/autoware_localization_msgs__rosidl_typesupport_cpp.dir/rosidl_typesupport_cpp/autoware_localization_msgs/msg/kinematic_state__type_support.cpp.o[0m
[23.531s] [ 32%] [32m[1mLinking CXX shared library libautoware_localization_msgs__rosidl_typesupport_cpp.so[0m
[23.575s] [ 32%] Built target autoware_localization_msgs__rosidl_typesupport_cpp
[23.584s] [ 35%] [34m[1mGenerating C code for ROS interfaces[0m
[24.058s] [ 38%] [32mBuilding C object CMakeFiles/autoware_localization_msgs__rosidl_generator_c.dir/rosidl_generator_c/autoware_localization_msgs/msg/detail/kinematic_state__functions.c.o[0m
[24.188s] [ 41%] [32m[1mLinking C shared library libautoware_localization_msgs__rosidl_generator_c.so[0m
[24.236s] [ 41%] Built target autoware_localization_msgs__rosidl_generator_c
[24.249s] [ 45%] [34m[1mGenerating C type support for eProsima Fast-RTPS[0m
[24.759s] [ 48%] [32mBuilding CXX object CMakeFiles/autoware_localization_msgs__rosidl_typesupport_fastrtps_c.dir/rosidl_typesupport_fastrtps_c/autoware_localization_msgs/msg/detail/kinematic_state__type_support_c.cpp.o[0m
[25.167s] [ 51%] [32m[1mLinking CXX shared library libautoware_localization_msgs__rosidl_typesupport_fastrtps_c.so[0m
[25.262s] [ 51%] Built target autoware_localization_msgs__rosidl_typesupport_fastrtps_c
[25.275s] [ 54%] [34m[1mGenerating C type support dispatch for ROS interfaces[0m
[25.758s] [ 58%] [32mBuilding CXX object CMakeFiles/autoware_localization_msgs__rosidl_typesupport_c.dir/rosidl_typesupport_c/autoware_localization_msgs/msg/kinematic_state__type_support.cpp.o[0m
[25.803s] [ 61%] [32m[1mLinking CXX shared library libautoware_localization_msgs__rosidl_typesupport_c.so[0m
[25.860s] [ 61%] Built target autoware_localization_msgs__rosidl_typesupport_c
[25.872s] [ 64%] [34m[1mGenerating C introspection for ROS interfaces[0m
[26.305s] [ 67%] [32mBuilding C object CMakeFiles/autoware_localization_msgs__rosidl_typesupport_introspection_c.dir/rosidl_typesupport_introspection_c/autoware_localization_msgs/msg/detail/kinematic_state__type_support.c.o[0m
[26.371s] [ 70%] [32m[1mLinking C shared library libautoware_localization_msgs__rosidl_typesupport_introspection_c.so[0m
[26.449s] [ 70%] Built target autoware_localization_msgs__rosidl_typesupport_introspection_c
[26.478s] [ 70%] Built target autoware_localization_msgs
[26.514s] [ 74%] [34m[1mGenerating Python code for ROS interfaces[0m
[27.588s] [ 74%] Built target autoware_localization_msgs__py
[27.704s] [ 77%] [32mBuilding C object CMakeFiles/autoware_localization_msgs__rosidl_generator_py.dir/rosidl_generator_py/autoware_localization_msgs/msg/_kinematic_state_s.c.o[0m
[28.012s] [ 80%] [32m[1mLinking C shared library rosidl_generator_py/autoware_localization_msgs/libautoware_localization_msgs__rosidl_generator_py.so[0m
[28.181s] [ 80%] Built target autoware_localization_msgs__rosidl_generator_py
[28.320s] [ 83%] [32mBuilding C object CMakeFiles/autoware_localization_msgs__rosidl_typesupport_introspection_c__pyext.dir/rosidl_generator_py/autoware_localization_msgs/_autoware_localization_msgs_s.ep.rosidl_typesupport_introspection_c.c.o[0m
[28.320s] [ 87%] [32mBuilding C object CMakeFiles/autoware_localization_msgs__rosidl_typesupport_fastrtps_c__pyext.dir/rosidl_generator_py/autoware_localization_msgs/_autoware_localization_msgs_s.ep.rosidl_typesupport_fastrtps_c.c.o[0m
[28.660s] [ 90%] [32m[1mLinking C shared library rosidl_generator_py/autoware_localization_msgs/autoware_localization_msgs_s__rosidl_typesupport_fastrtps_c.cpython-310-x86_64-linux-gnu.so[0m
[28.776s] [ 93%] [32m[1mLinking C shared library rosidl_generator_py/autoware_localization_msgs/autoware_localization_msgs_s__rosidl_typesupport_introspection_c.cpython-310-x86_64-linux-gnu.so[0m
[28.842s] [ 93%] Built target autoware_localization_msgs__rosidl_typesupport_fastrtps_c__pyext
[28.960s] [ 96%] [32mBuilding C object CMakeFiles/autoware_localization_msgs__rosidl_typesupport_c__pyext.dir/rosidl_generator_py/autoware_localization_msgs/_autoware_localization_msgs_s.ep.rosidl_typesupport_c.c.o[0m
[28.972s] [ 96%] Built target autoware_localization_msgs__rosidl_typesupport_introspection_c__pyext
[29.437s] [100%] [32m[1mLinking C shared library rosidl_generator_py/autoware_localization_msgs/autoware_localization_msgs_s__rosidl_typesupport_c.cpython-310-x86_64-linux-gnu.so[0m
[29.558s] [100%] Built target autoware_localization_msgs__rosidl_typesupport_c__pyext
[29.614s] Invoked command in '/home/sws/autoware/build/autoware_localization_msgs' returned '0': CMAKE_PREFIX_PATH=/opt/ros/humble /usr/bin/cmake --build /home/sws/autoware/build/autoware_localization_msgs -- -j16 -l16
[30.312s] Invoking command in '/home/sws/autoware/build/autoware_localization_msgs': CMAKE_PREFIX_PATH=/opt/ros/humble /usr/bin/cmake --install /home/sws/autoware/build/autoware_localization_msgs
[36.505s] -- Install configuration: "Release"
[36.505s] -- Execute custom install script
[36.505s] -- Symlinking: /home/sws/autoware/install/autoware_localization_msgs/share/ament_index/resource_index/rosidl_interfaces/autoware_localization_msgs
[36.505s] -- Symlinking: /home/sws/autoware/install/autoware_localization_msgs/include/autoware_localization_msgs/autoware_localization_msgs/msg/detail/kinematic_state__functions.h
[36.505s] -- Symlinking: /home/sws/autoware/install/autoware_localization_msgs/include/autoware_localization_msgs/autoware_localization_msgs/msg/detail/kinematic_state__struct.h
[36.505s] -- Symlinking: /home/sws/autoware/install/autoware_localization_msgs/include/autoware_localization_msgs/autoware_localization_msgs/msg/detail/kinematic_state__type_support.h
[36.506s] -- Symlinking: /home/sws/autoware/install/autoware_localization_msgs/include/autoware_localization_msgs/autoware_localization_msgs/msg/kinematic_state.h
[36.506s] -- Symlinking: /home/sws/autoware/install/autoware_localization_msgs/include/autoware_localization_msgs/autoware_localization_msgs/msg/rosidl_generator_c__visibility_control.h
[36.506s] -- Symlinking: /home/sws/autoware/install/autoware_localization_msgs/share/autoware_localization_msgs/environment/library_path.sh
[36.506s] -- Symlinking: /home/sws/autoware/install/autoware_localization_msgs/share/autoware_localization_msgs/environment/library_path.dsv
[36.506s] -- Symlinking: /home/sws/autoware/install/autoware_localization_msgs/include/autoware_localization_msgs/autoware_localization_msgs/msg/detail/kinematic_state__rosidl_typesupport_fastrtps_c.h
[36.506s] -- Symlinking: /home/sws/autoware/install/autoware_localization_msgs/include/autoware_localization_msgs/autoware_localization_msgs/msg/rosidl_typesupport_fastrtps_c__visibility_control.h
[36.506s] -- Symlinking: /home/sws/autoware/install/autoware_localization_msgs/include/autoware_localization_msgs/autoware_localization_msgs/msg/detail/kinematic_state__builder.hpp
[36.506s] -- Symlinking: /home/sws/autoware/install/autoware_localization_msgs/include/autoware_localization_msgs/autoware_localization_msgs/msg/detail/kinematic_state__struct.hpp
[36.506s] -- Symlinking: /home/sws/autoware/install/autoware_localization_msgs/include/autoware_localization_msgs/autoware_localization_msgs/msg/detail/kinematic_state__traits.hpp
[36.506s] -- Symlinking: /home/sws/autoware/install/autoware_localization_msgs/include/autoware_localization_msgs/autoware_localization_msgs/msg/kinematic_state.hpp
[36.506s] -- Symlinking: /home/sws/autoware/install/autoware_localization_msgs/include/autoware_localization_msgs/autoware_localization_msgs/msg/detail/kinematic_state__rosidl_typesupport_fastrtps_cpp.hpp
[36.506s] -- Symlinking: /home/sws/autoware/install/autoware_localization_msgs/include/autoware_localization_msgs/autoware_localization_msgs/msg/rosidl_typesupport_fastrtps_cpp__visibility_control.h
[36.507s] -- Symlinking: /home/sws/autoware/install/autoware_localization_msgs/include/autoware_localization_msgs/autoware_localization_msgs/msg/detail/kinematic_state__rosidl_typesupport_introspection_c.h
[36.507s] -- Symlinking: /home/sws/autoware/install/autoware_localization_msgs/include/autoware_localization_msgs/autoware_localization_msgs/msg/rosidl_typesupport_introspection_c__visibility_control.h
[36.507s] -- Symlinking: /home/sws/autoware/install/autoware_localization_msgs/include/autoware_localization_msgs/autoware_localization_msgs/msg/detail/kinematic_state__rosidl_typesupport_introspection_cpp.hpp
[36.507s] -- Symlinking: /home/sws/autoware/install/autoware_localization_msgs/share/autoware_localization_msgs/environment/pythonpath.sh
[36.507s] -- Symlinking: /home/sws/autoware/install/autoware_localization_msgs/share/autoware_localization_msgs/environment/pythonpath.dsv
[36.507s] -- Symlinking: /home/sws/autoware/install/autoware_localization_msgs/local/lib/python3.10/dist-packages/autoware_localization_msgs-1.0.0-py3.10.egg-info/PKG-INFO
[36.507s] -- Symlinking: /home/sws/autoware/install/autoware_localization_msgs/local/lib/python3.10/dist-packages/autoware_localization_msgs-1.0.0-py3.10.egg-info/SOURCES.txt
[36.508s] -- Symlinking: /home/sws/autoware/install/autoware_localization_msgs/local/lib/python3.10/dist-packages/autoware_localization_msgs-1.0.0-py3.10.egg-info/dependency_links.txt
[36.508s] -- Symlinking: /home/sws/autoware/install/autoware_localization_msgs/local/lib/python3.10/dist-packages/autoware_localization_msgs-1.0.0-py3.10.egg-info/top_level.txt
[36.508s] -- Symlinking: /home/sws/autoware/install/autoware_localization_msgs/local/lib/python3.10/dist-packages/autoware_localization_msgs/__init__.py
[36.509s] -- Symlinking: /home/sws/autoware/install/autoware_localization_msgs/local/lib/python3.10/dist-packages/autoware_localization_msgs/_autoware_localization_msgs_s.ep.rosidl_typesupport_c.c
[36.509s] -- Symlinking: /home/sws/autoware/install/autoware_localization_msgs/local/lib/python3.10/dist-packages/autoware_localization_msgs/_autoware_localization_msgs_s.ep.rosidl_typesupport_fastrtps_c.c
[36.509s] -- Symlinking: /home/sws/autoware/install/autoware_localization_msgs/local/lib/python3.10/dist-packages/autoware_localization_msgs/_autoware_localization_msgs_s.ep.rosidl_typesupport_introspection_c.c
[36.509s] -- Symlinking: /home/sws/autoware/install/autoware_localization_msgs/local/lib/python3.10/dist-packages/autoware_localization_msgs/autoware_localization_msgs_s__rosidl_typesupport_c.cpython-310-x86_64-linux-gnu.so
[36.509s] -- Symlinking: /home/sws/autoware/install/autoware_localization_msgs/local/lib/python3.10/dist-packages/autoware_localization_msgs/autoware_localization_msgs_s__rosidl_typesupport_fastrtps_c.cpython-310-x86_64-linux-gnu.so
[36.509s] -- Symlinking: /home/sws/autoware/install/autoware_localization_msgs/local/lib/python3.10/dist-packages/autoware_localization_msgs/autoware_localization_msgs_s__rosidl_typesupport_introspection_c.cpython-310-x86_64-linux-gnu.so
[36.509s] -- Symlinking: /home/sws/autoware/install/autoware_localization_msgs/local/lib/python3.10/dist-packages/autoware_localization_msgs/libautoware_localization_msgs__rosidl_generator_py.so
[36.509s] -- Symlinking: /home/sws/autoware/install/autoware_localization_msgs/local/lib/python3.10/dist-packages/autoware_localization_msgs/msg/__init__.py
[36.509s] -- Symlinking: /home/sws/autoware/install/autoware_localization_msgs/local/lib/python3.10/dist-packages/autoware_localization_msgs/msg/_kinematic_state.py
[36.509s] -- Symlinking: /home/sws/autoware/install/autoware_localization_msgs/local/lib/python3.10/dist-packages/autoware_localization_msgs/msg/_kinematic_state_s.c
[36.509s] -- Up-to-date symlink: /home/sws/autoware/install/autoware_localization_msgs/local/lib/python3.10/dist-packages/autoware_localization_msgs/autoware_localization_msgs_s__rosidl_typesupport_fastrtps_c.cpython-310-x86_64-linux-gnu.so
[36.509s] -- Up-to-date symlink: /home/sws/autoware/install/autoware_localization_msgs/local/lib/python3.10/dist-packages/autoware_localization_msgs/autoware_localization_msgs_s__rosidl_typesupport_introspection_c.cpython-310-x86_64-linux-gnu.so
[36.509s] -- Up-to-date symlink: /home/sws/autoware/install/autoware_localization_msgs/local/lib/python3.10/dist-packages/autoware_localization_msgs/autoware_localization_msgs_s__rosidl_typesupport_c.cpython-310-x86_64-linux-gnu.so
[36.510s] -- Symlinking: /home/sws/autoware/install/autoware_localization_msgs/share/autoware_localization_msgs/msg/KinematicState.idl
[36.510s] -- Symlinking: /home/sws/autoware/install/autoware_localization_msgs/share/autoware_localization_msgs/msg/KinematicState.msg
[36.510s] -- Symlinking: /home/sws/autoware/install/autoware_localization_msgs/share/ament_index/resource_index/package_run_dependencies/autoware_localization_msgs
[36.510s] -- Symlinking: /home/sws/autoware/install/autoware_localization_msgs/share/ament_index/resource_index/parent_prefix_path/autoware_localization_msgs
[36.510s] -- Symlinking: /home/sws/autoware/install/autoware_localization_msgs/share/autoware_localization_msgs/environment/ament_prefix_path.sh
[36.510s] -- Symlinking: /home/sws/autoware/install/autoware_localization_msgs/share/autoware_localization_msgs/environment/ament_prefix_path.dsv
[36.510s] -- Symlinking: /home/sws/autoware/install/autoware_localization_msgs/share/autoware_localization_msgs/environment/path.sh
[36.510s] -- Symlinking: /home/sws/autoware/install/autoware_localization_msgs/share/autoware_localization_msgs/environment/path.dsv
[36.510s] -- Symlinking: /home/sws/autoware/install/autoware_localization_msgs/share/autoware_localization_msgs/local_setup.bash
[36.510s] -- Symlinking: /home/sws/autoware/install/autoware_localization_msgs/share/autoware_localization_msgs/local_setup.sh
[36.510s] -- Symlinking: /home/sws/autoware/install/autoware_localization_msgs/share/autoware_localization_msgs/local_setup.zsh
[36.510s] -- Symlinking: /home/sws/autoware/install/autoware_localization_msgs/share/autoware_localization_msgs/local_setup.dsv
[36.511s] -- Symlinking: /home/sws/autoware/install/autoware_localization_msgs/share/autoware_localization_msgs/package.dsv
[36.511s] -- Symlinking: /home/sws/autoware/install/autoware_localization_msgs/share/ament_index/resource_index/packages/autoware_localization_msgs
[36.511s] -- Symlinking: /home/sws/autoware/install/autoware_localization_msgs/share/autoware_localization_msgs/cmake/rosidl_cmake-extras.cmake
[36.511s] -- Symlinking: /home/sws/autoware/install/autoware_localization_msgs/share/autoware_localization_msgs/cmake/ament_cmake_export_dependencies-extras.cmake
[36.511s] -- Symlinking: /home/sws/autoware/install/autoware_localization_msgs/share/autoware_localization_msgs/cmake/ament_cmake_export_include_directories-extras.cmake
[36.511s] -- Symlinking: /home/sws/autoware/install/autoware_localization_msgs/share/autoware_localization_msgs/cmake/ament_cmake_export_libraries-extras.cmake
[36.511s] -- Symlinking: /home/sws/autoware/install/autoware_localization_msgs/share/autoware_localization_msgs/cmake/ament_cmake_export_targets-extras.cmake
[36.511s] -- Symlinking: /home/sws/autoware/install/autoware_localization_msgs/share/autoware_localization_msgs/cmake/rosidl_cmake_export_typesupport_targets-extras.cmake
[36.511s] -- Symlinking: /home/sws/autoware/install/autoware_localization_msgs/share/autoware_localization_msgs/cmake/rosidl_cmake_export_typesupport_libraries-extras.cmake
[36.511s] -- Symlinking: /home/sws/autoware/install/autoware_localization_msgs/share/autoware_localization_msgs/cmake/autoware_localization_msgsConfig.cmake
[36.511s] -- Symlinking: /home/sws/autoware/install/autoware_localization_msgs/share/autoware_localization_msgs/cmake/autoware_localization_msgsConfig-version.cmake
[36.512s] -- Symlinking: /home/sws/autoware/install/autoware_localization_msgs/share/autoware_localization_msgs/package.xml
[36.512s] -- Installing: /home/sws/autoware/install/autoware_localization_msgs/lib/libautoware_localization_msgs__rosidl_generator_c.so
[36.512s] -- Set runtime path of "/home/sws/autoware/install/autoware_localization_msgs/lib/libautoware_localization_msgs__rosidl_generator_c.so" to ""
[36.512s] -- Installing: /home/sws/autoware/install/autoware_localization_msgs/lib/libautoware_localization_msgs__rosidl_typesupport_fastrtps_c.so
[36.512s] -- Set runtime path of "/home/sws/autoware/install/autoware_localization_msgs/lib/libautoware_localization_msgs__rosidl_typesupport_fastrtps_c.so" to ""
[36.512s] -- Installing: /home/sws/autoware/install/autoware_localization_msgs/lib/libautoware_localization_msgs__rosidl_typesupport_fastrtps_cpp.so
[36.512s] -- Set runtime path of "/home/sws/autoware/install/autoware_localization_msgs/lib/libautoware_localization_msgs__rosidl_typesupport_fastrtps_cpp.so" to ""
[36.512s] -- Installing: /home/sws/autoware/install/autoware_localization_msgs/lib/libautoware_localization_msgs__rosidl_typesupport_introspection_c.so
[36.512s] -- Set runtime path of "/home/sws/autoware/install/autoware_localization_msgs/lib/libautoware_localization_msgs__rosidl_typesupport_introspection_c.so" to ""
[36.512s] -- Installing: /home/sws/autoware/install/autoware_localization_msgs/lib/libautoware_localization_msgs__rosidl_typesupport_c.so
[36.512s] -- Set runtime path of "/home/sws/autoware/install/autoware_localization_msgs/lib/libautoware_localization_msgs__rosidl_typesupport_c.so" to ""
[36.512s] -- Installing: /home/sws/autoware/install/autoware_localization_msgs/lib/libautoware_localization_msgs__rosidl_typesupport_introspection_cpp.so
[36.513s] -- Set runtime path of "/home/sws/autoware/install/autoware_localization_msgs/lib/libautoware_localization_msgs__rosidl_typesupport_introspection_cpp.so" to ""
[36.513s] -- Installing: /home/sws/autoware/install/autoware_localization_msgs/lib/libautoware_localization_msgs__rosidl_typesupport_cpp.so
[36.513s] -- Set runtime path of "/home/sws/autoware/install/autoware_localization_msgs/lib/libautoware_localization_msgs__rosidl_typesupport_cpp.so" to ""
[36.513s] Listing '/home/sws/autoware/install/autoware_localization_msgs/local/lib/python3.10/dist-packages/autoware_localization_msgs'...
[36.513s] Compiling '/home/sws/autoware/install/autoware_localization_msgs/local/lib/python3.10/dist-packages/autoware_localization_msgs/__init__.py'...
[36.513s] Listing '/home/sws/autoware/install/autoware_localization_msgs/local/lib/python3.10/dist-packages/autoware_localization_msgs/msg'...
[36.513s] Compiling '/home/sws/autoware/install/autoware_localization_msgs/local/lib/python3.10/dist-packages/autoware_localization_msgs/msg/__init__.py'...
[36.513s] Compiling '/home/sws/autoware/install/autoware_localization_msgs/local/lib/python3.10/dist-packages/autoware_localization_msgs/msg/_kinematic_state.py'...
[36.513s] -- Installing: /home/sws/autoware/install/autoware_localization_msgs/lib/libautoware_localization_msgs__rosidl_generator_py.so
[36.513s] -- Set runtime path of "/home/sws/autoware/install/autoware_localization_msgs/lib/libautoware_localization_msgs__rosidl_generator_py.so" to ""
[36.513s] -- Installing: /home/sws/autoware/install/autoware_localization_msgs/share/autoware_localization_msgs/cmake/export_autoware_localization_msgs__rosidl_generator_cExport.cmake
[36.513s] -- Installing: /home/sws/autoware/install/autoware_localization_msgs/share/autoware_localization_msgs/cmake/export_autoware_localization_msgs__rosidl_generator_cExport-release.cmake
[36.513s] -- Installing: /home/sws/autoware/install/autoware_localization_msgs/share/autoware_localization_msgs/cmake/export_autoware_localization_msgs__rosidl_typesupport_fastrtps_cExport.cmake
[36.514s] -- Installing: /home/sws/autoware/install/autoware_localization_msgs/share/autoware_localization_msgs/cmake/export_autoware_localization_msgs__rosidl_typesupport_fastrtps_cExport-release.cmake
[36.514s] -- Installing: /home/sws/autoware/install/autoware_localization_msgs/share/autoware_localization_msgs/cmake/export_autoware_localization_msgs__rosidl_generator_cppExport.cmake
[36.514s] -- Installing: /home/sws/autoware/install/autoware_localization_msgs/share/autoware_localization_msgs/cmake/export_autoware_localization_msgs__rosidl_typesupport_fastrtps_cppExport.cmake
[36.514s] -- Installing: /home/sws/autoware/install/autoware_localization_msgs/share/autoware_localization_msgs/cmake/export_autoware_localization_msgs__rosidl_typesupport_fastrtps_cppExport-release.cmake
[36.514s] -- Installing: /home/sws/autoware/install/autoware_localization_msgs/share/autoware_localization_msgs/cmake/autoware_localization_msgs__rosidl_typesupport_introspection_cExport.cmake
[36.514s] -- Installing: /home/sws/autoware/install/autoware_localization_msgs/share/autoware_localization_msgs/cmake/autoware_localization_msgs__rosidl_typesupport_introspection_cExport-release.cmake
[36.514s] -- Installing: /home/sws/autoware/install/autoware_localization_msgs/share/autoware_localization_msgs/cmake/autoware_localization_msgs__rosidl_typesupport_cExport.cmake
[36.514s] -- Installing: /home/sws/autoware/install/autoware_localization_msgs/share/autoware_localization_msgs/cmake/autoware_localization_msgs__rosidl_typesupport_cExport-release.cmake
[36.514s] -- Installing: /home/sws/autoware/install/autoware_localization_msgs/share/autoware_localization_msgs/cmake/autoware_localization_msgs__rosidl_typesupport_introspection_cppExport.cmake
[36.514s] -- Installing: /home/sws/autoware/install/autoware_localization_msgs/share/autoware_localization_msgs/cmake/autoware_localization_msgs__rosidl_typesupport_introspection_cppExport-release.cmake
[36.514s] -- Installing: /home/sws/autoware/install/autoware_localization_msgs/share/autoware_localization_msgs/cmake/autoware_localization_msgs__rosidl_typesupport_cppExport.cmake
[36.514s] -- Installing: /home/sws/autoware/install/autoware_localization_msgs/share/autoware_localization_msgs/cmake/autoware_localization_msgs__rosidl_typesupport_cppExport-release.cmake
[36.515s] -- Installing: /home/sws/autoware/install/autoware_localization_msgs/share/autoware_localization_msgs/cmake/export_autoware_localization_msgs__rosidl_generator_pyExport.cmake
[36.515s] -- Installing: /home/sws/autoware/install/autoware_localization_msgs/share/autoware_localization_msgs/cmake/export_autoware_localization_msgs__rosidl_generator_pyExport-release.cmake
[36.544s] Invoked command in '/home/sws/autoware/build/autoware_localization_msgs' returned '0': CMAKE_PREFIX_PATH=/opt/ros/humble /usr/bin/cmake --install /home/sws/autoware/build/autoware_localization_msgs
