[0.038s] Invoking command in '/home/sws/autoware/build/velodyne_msgs': CMAKE_PREFIX_PATH=/opt/ros/humble /usr/bin/cmake /home/sws/autoware/src/sensor_component/external/velodyne_vls/velodyne_msgs -DCMAKE_BUILD_TYPE=Release -DAMENT_CMAKE_SYMLINK_INSTALL=1 -DCMAKE_INSTALL_PREFIX=/home/sws/autoware/install/velodyne_msgs
[4.616s] -- The C compiler identification is GNU 11.3.0
[4.616s] -- The CXX compiler identification is GNU 11.3.0
[4.616s] -- Detecting C compiler ABI info
[4.616s] -- Detecting C compiler ABI info - done
[4.616s] -- Check for working C compiler: /usr/bin/cc - skipped
[4.616s] -- Detecting C compile features
[4.616s] -- Detecting C compile features - done
[4.616s] -- Detecting CXX compiler ABI info
[4.616s] -- Detecting CXX compiler ABI info - done
[4.617s] -- Check for working CXX compiler: /usr/bin/c++ - skipped
[4.617s] -- Detecting CXX compile features
[4.617s] -- Detecting CXX compile features - done
[4.617s] -- Found ament_cmake: 1.3.3 (/opt/ros/humble/share/ament_cmake/cmake)
[4.617s] -- Found Python3: /usr/bin/python3.10 (found version "3.10.6") found components: Interpreter 
[4.617s] -- Override CMake install command with custom implementation using symlinks instead of copying resources
[4.617s] -- Found builtin_interfaces: 1.2.1 (/opt/ros/humble/share/builtin_interfaces/cmake)
[4.617s] -- Found rosidl_generator_c: 3.1.4 (/opt/ros/humble/share/rosidl_generator_c/cmake)
[4.617s] -- Found rosidl_adapter: 3.1.4 (/opt/ros/humble/share/rosidl_adapter/cmake)
[4.617s] -- Found rosidl_generator_cpp: 3.1.4 (/opt/ros/humble/share/rosidl_generator_cpp/cmake)
[4.617s] -- Using all available rosidl_typesupport_c: rosidl_typesupport_fastrtps_c;rosidl_typesupport_introspection_c
[4.618s] -- Using all available rosidl_typesupport_cpp: rosidl_typesupport_fastrtps_cpp;rosidl_typesupport_introspection_cpp
[4.618s] -- Found rosidl_default_generators: 1.2.0 (/opt/ros/humble/share/rosidl_default_generators/cmake)
[4.618s] -- Found std_msgs: 4.2.3 (/opt/ros/humble/share/std_msgs/cmake)
[4.618s] -- Found ament_cmake_cppcheck: 0.12.5 (/opt/ros/humble/share/ament_cmake_cppcheck/cmake)
[4.618s] -- Found ament_cmake_cpplint: 0.12.5 (/opt/ros/humble/share/ament_cmake_cpplint/cmake)
[4.618s] -- Found ament_cmake_uncrustify: 0.12.5 (/opt/ros/humble/share/ament_cmake_uncrustify/cmake)
[4.618s] -- Found ament_cmake_ros: 0.10.0 (/opt/ros/humble/share/ament_cmake_ros/cmake)
[4.618s] -- Using all available rosidl_typesupport_c: rosidl_typesupport_fastrtps_c;rosidl_typesupport_introspection_c
[4.618s] -- Using all available rosidl_typesupport_cpp: rosidl_typesupport_fastrtps_cpp;rosidl_typesupport_introspection_cpp
[4.618s] -- Found PythonInterp: /usr/bin/python3 (found suitable version "3.10.6", minimum required is "3.6") 
[4.618s] -- Found python_cmake_module: 0.10.0 (/opt/ros/humble/share/python_cmake_module/cmake)
[4.628s] -- Found PythonLibs: /usr/lib/x86_64-linux-gnu/libpython3.10.so (found suitable version "3.10.6", minimum required is "3.5") 
[4.628s] -- Using PYTHON_EXECUTABLE: /usr/bin/python3
[4.628s] -- Using PYTHON_INCLUDE_DIRS: /usr/include/python3.10
[4.629s] -- Using PYTHON_LIBRARIES: /usr/lib/x86_64-linux-gnu/libpython3.10.so
[4.658s] -- Found PythonExtra: .so  
[4.752s] -- Found ament_cmake_flake8: 0.12.5 (/opt/ros/humble/share/ament_cmake_flake8/cmake)
[4.755s] -- Found ament_cmake_pep257: 0.12.5 (/opt/ros/humble/share/ament_cmake_pep257/cmake)
[4.760s] -- Found ament_lint_auto: 0.12.5 (/opt/ros/humble/share/ament_lint_auto/cmake)
[4.788s] -- Added test 'copyright' to check source files copyright and LICENSE
[4.789s] -- Added test 'lint_cmake' to check CMake code style
[4.789s] -- Added test 'xmllint' to check XML markup files
[4.795s] -- Configuring done
[4.868s] -- Generating done
[4.877s] -- Build files have been written to: /home/sws/autoware/build/velodyne_msgs
[4.914s] Invoked command in '/home/sws/autoware/build/velodyne_msgs' returned '0': CMAKE_PREFIX_PATH=/opt/ros/humble /usr/bin/cmake /home/sws/autoware/src/sensor_component/external/velodyne_vls/velodyne_msgs -DCMAKE_BUILD_TYPE=Release -DAMENT_CMAKE_SYMLINK_INSTALL=1 -DCMAKE_INSTALL_PREFIX=/home/sws/autoware/install/velodyne_msgs
[4.915s] Invoking command in '/home/sws/autoware/build/velodyne_msgs': CMAKE_PREFIX_PATH=/opt/ros/humble /usr/bin/cmake --build /home/sws/autoware/build/velodyne_msgs -- -j16 -l16
[7.075s] [  2%] [34m[1mGenerating C code for ROS interfaces[0m
[7.076s] [  5%] [34m[1mGenerating C++ code for ROS interfaces[0m
[7.076s] [  5%] Built target ament_cmake_python_symlink_velodyne_msgs
[7.076s] [  5%] Built target velodyne_msgs__cpp
[7.076s] [  7%] [34m[1mGenerating C++ type support dispatch for ROS interfaces[0m
[7.076s] [ 10%] [34m[1mGenerating C++ type support for eProsima Fast-RTPS[0m
[7.076s] [ 12%] [34m[1mGenerating C++ introspection for ROS interfaces[0m
[7.076s] running egg_info
[7.076s] creating velodyne_msgs.egg-info
[7.076s] writing velodyne_msgs.egg-info/PKG-INFO
[7.076s] writing dependency_links to velodyne_msgs.egg-info/dependency_links.txt
[7.076s] writing top-level names to velodyne_msgs.egg-info/top_level.txt
[7.077s] writing manifest file 'velodyne_msgs.egg-info/SOURCES.txt'
[7.077s] reading manifest file 'velodyne_msgs.egg-info/SOURCES.txt'
[7.077s] writing manifest file 'velodyne_msgs.egg-info/SOURCES.txt'
[7.077s] [ 15%] [32mBuilding CXX object CMakeFiles/velodyne_msgs__rosidl_typesupport_cpp.dir/rosidl_typesupport_cpp/velodyne_msgs/msg/velodyne_packet__type_support.cpp.o[0m
[7.077s] [ 17%] [32mBuilding CXX object CMakeFiles/velodyne_msgs__rosidl_typesupport_cpp.dir/rosidl_typesupport_cpp/velodyne_msgs/msg/velodyne_scan__type_support.cpp.o[0m
[7.077s] [ 17%] Built target ament_cmake_python_build_velodyne_msgs_egg
[7.192s] [ 20%] [32mBuilding CXX object CMakeFiles/velodyne_msgs__rosidl_typesupport_introspection_cpp.dir/rosidl_typesupport_introspection_cpp/velodyne_msgs/msg/detail/velodyne_packet__type_support.cpp.o[0m
[7.200s] [ 23%] [32mBuilding CXX object CMakeFiles/velodyne_msgs__rosidl_typesupport_introspection_cpp.dir/rosidl_typesupport_introspection_cpp/velodyne_msgs/msg/detail/velodyne_scan__type_support.cpp.o[0m
[7.406s] [ 25%] [32mBuilding C object CMakeFiles/velodyne_msgs__rosidl_generator_c.dir/rosidl_generator_c/velodyne_msgs/msg/detail/velodyne_packet__functions.c.o[0m
[7.432s] [ 28%] [32mBuilding C object CMakeFiles/velodyne_msgs__rosidl_generator_c.dir/rosidl_generator_c/velodyne_msgs/msg/detail/velodyne_scan__functions.c.o[0m
[7.632s] [ 30%] [32mBuilding CXX object CMakeFiles/velodyne_msgs__rosidl_typesupport_fastrtps_cpp.dir/rosidl_typesupport_fastrtps_cpp/velodyne_msgs/msg/detail/dds_fastrtps/velodyne_packet__type_support.cpp.o[0m
[7.691s] [ 33%] [32mBuilding CXX object CMakeFiles/velodyne_msgs__rosidl_typesupport_fastrtps_cpp.dir/rosidl_typesupport_fastrtps_cpp/velodyne_msgs/msg/detail/dds_fastrtps/velodyne_scan__type_support.cpp.o[0m
[8.333s] [ 35%] [32m[1mLinking C shared library libvelodyne_msgs__rosidl_generator_c.so[0m
[8.519s] [ 35%] Built target velodyne_msgs__rosidl_generator_c
[8.555s] [ 38%] [34m[1mGenerating C type support for eProsima Fast-RTPS[0m
[8.612s] [ 41%] [34m[1mGenerating C introspection for ROS interfaces[0m
[8.636s] [ 43%] [34m[1mGenerating C type support dispatch for ROS interfaces[0m
[9.434s] [ 46%] [32m[1mLinking CXX shared library libvelodyne_msgs__rosidl_typesupport_cpp.so[0m
[9.801s] [ 46%] Built target velodyne_msgs__rosidl_typesupport_cpp
[9.922s] [ 48%] [32mBuilding C object CMakeFiles/velodyne_msgs__rosidl_typesupport_introspection_c.dir/rosidl_typesupport_introspection_c/velodyne_msgs/msg/detail/velodyne_packet__type_support.c.o[0m
[9.951s] [ 51%] [32mBuilding C object CMakeFiles/velodyne_msgs__rosidl_typesupport_introspection_c.dir/rosidl_typesupport_introspection_c/velodyne_msgs/msg/detail/velodyne_scan__type_support.c.o[0m
[10.220s] [ 53%] [32m[1mLinking C shared library libvelodyne_msgs__rosidl_typesupport_introspection_c.so[0m
[10.429s] [ 53%] Built target velodyne_msgs__rosidl_typesupport_introspection_c
[10.728s] [ 56%] [32mBuilding CXX object CMakeFiles/velodyne_msgs__rosidl_typesupport_c.dir/rosidl_typesupport_c/velodyne_msgs/msg/velodyne_packet__type_support.cpp.o[0m
[10.744s] [ 58%] [32mBuilding CXX object CMakeFiles/velodyne_msgs__rosidl_typesupport_c.dir/rosidl_typesupport_c/velodyne_msgs/msg/velodyne_scan__type_support.cpp.o[0m
[11.031s] [ 61%] [32m[1mLinking CXX shared library libvelodyne_msgs__rosidl_typesupport_c.so[0m
[11.286s] [ 61%] Built target velodyne_msgs__rosidl_typesupport_c
[11.333s] [ 64%] [32m[1mLinking CXX shared library libvelodyne_msgs__rosidl_typesupport_introspection_cpp.so[0m
[11.689s] [ 64%] Built target velodyne_msgs__rosidl_typesupport_introspection_cpp
[12.551s] [ 66%] [32m[1mLinking CXX shared library libvelodyne_msgs__rosidl_typesupport_fastrtps_cpp.so[0m
[13.850s] [ 69%] [32mBuilding CXX object CMakeFiles/velodyne_msgs__rosidl_typesupport_fastrtps_c.dir/rosidl_typesupport_fastrtps_c/velodyne_msgs/msg/detail/velodyne_packet__type_support_c.cpp.o[0m
[13.973s] [ 71%] [32mBuilding CXX object CMakeFiles/velodyne_msgs__rosidl_typesupport_fastrtps_c.dir/rosidl_typesupport_fastrtps_c/velodyne_msgs/msg/detail/velodyne_scan__type_support_c.cpp.o[0m
[14.258s] [ 71%] Built target velodyne_msgs__rosidl_typesupport_fastrtps_cpp
[16.217s] [ 74%] [32m[1mLinking CXX shared library libvelodyne_msgs__rosidl_typesupport_fastrtps_c.so[0m
[17.198s] [ 74%] Built target velodyne_msgs__rosidl_typesupport_fastrtps_c
[17.492s] [ 74%] Built target velodyne_msgs
[17.492s] [ 76%] [34m[1mGenerating Python code for ROS interfaces[0m
[18.975s] [ 76%] Built target velodyne_msgs__py
[19.129s] [ 79%] [32mBuilding C object CMakeFiles/velodyne_msgs__rosidl_generator_py.dir/rosidl_generator_py/velodyne_msgs/msg/_velodyne_packet_s.c.o[0m
[19.778s] [ 82%] [32mBuilding C object CMakeFiles/velodyne_msgs__rosidl_generator_py.dir/rosidl_generator_py/velodyne_msgs/msg/_velodyne_scan_s.c.o[0m
[20.283s] [ 84%] [32m[1mLinking C shared library rosidl_generator_py/velodyne_msgs/libvelodyne_msgs__rosidl_generator_py.so[0m
[20.464s] [ 84%] Built target velodyne_msgs__rosidl_generator_py
[20.608s] [ 87%] [32mBuilding C object CMakeFiles/velodyne_msgs__rosidl_typesupport_fastrtps_c__pyext.dir/rosidl_generator_py/velodyne_msgs/_velodyne_msgs_s.ep.rosidl_typesupport_fastrtps_c.c.o[0m
[21.313s] [ 89%] [32m[1mLinking C shared library rosidl_generator_py/velodyne_msgs/velodyne_msgs_s__rosidl_typesupport_fastrtps_c.cpython-310-x86_64-linux-gnu.so[0m
[21.479s] [ 89%] Built target velodyne_msgs__rosidl_typesupport_fastrtps_c__pyext
[21.648s] [ 92%] [32mBuilding C object CMakeFiles/velodyne_msgs__rosidl_typesupport_c__pyext.dir/rosidl_generator_py/velodyne_msgs/_velodyne_msgs_s.ep.rosidl_typesupport_c.c.o[0m
[21.920s] [ 94%] [32m[1mLinking C shared library rosidl_generator_py/velodyne_msgs/velodyne_msgs_s__rosidl_typesupport_c.cpython-310-x86_64-linux-gnu.so[0m
[22.041s] [ 94%] Built target velodyne_msgs__rosidl_typesupport_c__pyext
[22.164s] [ 97%] [32mBuilding C object CMakeFiles/velodyne_msgs__rosidl_typesupport_introspection_c__pyext.dir/rosidl_generator_py/velodyne_msgs/_velodyne_msgs_s.ep.rosidl_typesupport_introspection_c.c.o[0m
[22.562s] [100%] [32m[1mLinking C shared library rosidl_generator_py/velodyne_msgs/velodyne_msgs_s__rosidl_typesupport_introspection_c.cpython-310-x86_64-linux-gnu.so[0m
[22.753s] [100%] Built target velodyne_msgs__rosidl_typesupport_introspection_c__pyext
[22.841s] Invoked command in '/home/sws/autoware/build/velodyne_msgs' returned '0': CMAKE_PREFIX_PATH=/opt/ros/humble /usr/bin/cmake --build /home/sws/autoware/build/velodyne_msgs -- -j16 -l16
[23.935s] Invoking command in '/home/sws/autoware/build/velodyne_msgs': CMAKE_PREFIX_PATH=/opt/ros/humble /usr/bin/cmake --install /home/sws/autoware/build/velodyne_msgs
[25.142s] -- Install configuration: "Release"
[25.142s] -- Execute custom install script
[25.142s] -- Symlinking: /home/sws/autoware/install/velodyne_msgs/share/ament_index/resource_index/rosidl_interfaces/velodyne_msgs
[25.142s] -- Symlinking: /home/sws/autoware/install/velodyne_msgs/include/velodyne_msgs/velodyne_msgs/msg/detail/velodyne_packet__functions.h
[25.142s] -- Symlinking: /home/sws/autoware/install/velodyne_msgs/include/velodyne_msgs/velodyne_msgs/msg/detail/velodyne_packet__struct.h
[25.142s] -- Symlinking: /home/sws/autoware/install/velodyne_msgs/include/velodyne_msgs/velodyne_msgs/msg/detail/velodyne_packet__type_support.h
[25.143s] -- Symlinking: /home/sws/autoware/install/velodyne_msgs/include/velodyne_msgs/velodyne_msgs/msg/detail/velodyne_scan__functions.h
[25.143s] -- Symlinking: /home/sws/autoware/install/velodyne_msgs/include/velodyne_msgs/velodyne_msgs/msg/detail/velodyne_scan__struct.h
[25.143s] -- Symlinking: /home/sws/autoware/install/velodyne_msgs/include/velodyne_msgs/velodyne_msgs/msg/detail/velodyne_scan__type_support.h
[25.143s] -- Symlinking: /home/sws/autoware/install/velodyne_msgs/include/velodyne_msgs/velodyne_msgs/msg/rosidl_generator_c__visibility_control.h
[25.143s] -- Symlinking: /home/sws/autoware/install/velodyne_msgs/include/velodyne_msgs/velodyne_msgs/msg/velodyne_packet.h
[25.143s] -- Symlinking: /home/sws/autoware/install/velodyne_msgs/include/velodyne_msgs/velodyne_msgs/msg/velodyne_scan.h
[25.143s] -- Symlinking: /home/sws/autoware/install/velodyne_msgs/share/velodyne_msgs/environment/library_path.sh
[25.143s] -- Symlinking: /home/sws/autoware/install/velodyne_msgs/share/velodyne_msgs/environment/library_path.dsv
[25.143s] -- Symlinking: /home/sws/autoware/install/velodyne_msgs/include/velodyne_msgs/velodyne_msgs/msg/detail/velodyne_packet__rosidl_typesupport_fastrtps_c.h
[25.143s] -- Symlinking: /home/sws/autoware/install/velodyne_msgs/include/velodyne_msgs/velodyne_msgs/msg/detail/velodyne_scan__rosidl_typesupport_fastrtps_c.h
[25.143s] -- Symlinking: /home/sws/autoware/install/velodyne_msgs/include/velodyne_msgs/velodyne_msgs/msg/rosidl_typesupport_fastrtps_c__visibility_control.h
[25.143s] -- Symlinking: /home/sws/autoware/install/velodyne_msgs/include/velodyne_msgs/velodyne_msgs/msg/detail/velodyne_packet__builder.hpp
[25.143s] -- Symlinking: /home/sws/autoware/install/velodyne_msgs/include/velodyne_msgs/velodyne_msgs/msg/detail/velodyne_packet__struct.hpp
[25.143s] -- Symlinking: /home/sws/autoware/install/velodyne_msgs/include/velodyne_msgs/velodyne_msgs/msg/detail/velodyne_packet__traits.hpp
[25.143s] -- Symlinking: /home/sws/autoware/install/velodyne_msgs/include/velodyne_msgs/velodyne_msgs/msg/detail/velodyne_scan__builder.hpp
[25.144s] -- Symlinking: /home/sws/autoware/install/velodyne_msgs/include/velodyne_msgs/velodyne_msgs/msg/detail/velodyne_scan__struct.hpp
[25.144s] -- Symlinking: /home/sws/autoware/install/velodyne_msgs/include/velodyne_msgs/velodyne_msgs/msg/detail/velodyne_scan__traits.hpp
[25.144s] -- Symlinking: /home/sws/autoware/install/velodyne_msgs/include/velodyne_msgs/velodyne_msgs/msg/velodyne_packet.hpp
[25.144s] -- Symlinking: /home/sws/autoware/install/velodyne_msgs/include/velodyne_msgs/velodyne_msgs/msg/velodyne_scan.hpp
[25.144s] -- Symlinking: /home/sws/autoware/install/velodyne_msgs/include/velodyne_msgs/velodyne_msgs/msg/detail/velodyne_packet__rosidl_typesupport_fastrtps_cpp.hpp
[25.144s] -- Symlinking: /home/sws/autoware/install/velodyne_msgs/include/velodyne_msgs/velodyne_msgs/msg/detail/velodyne_scan__rosidl_typesupport_fastrtps_cpp.hpp
[25.144s] -- Symlinking: /home/sws/autoware/install/velodyne_msgs/include/velodyne_msgs/velodyne_msgs/msg/rosidl_typesupport_fastrtps_cpp__visibility_control.h
[25.144s] -- Symlinking: /home/sws/autoware/install/velodyne_msgs/include/velodyne_msgs/velodyne_msgs/msg/detail/velodyne_packet__rosidl_typesupport_introspection_c.h
[25.144s] -- Symlinking: /home/sws/autoware/install/velodyne_msgs/include/velodyne_msgs/velodyne_msgs/msg/detail/velodyne_scan__rosidl_typesupport_introspection_c.h
[25.144s] -- Symlinking: /home/sws/autoware/install/velodyne_msgs/include/velodyne_msgs/velodyne_msgs/msg/rosidl_typesupport_introspection_c__visibility_control.h
[25.150s] -- Symlinking: /home/sws/autoware/install/velodyne_msgs/include/velodyne_msgs/velodyne_msgs/msg/detail/velodyne_packet__rosidl_typesupport_introspection_cpp.hpp
[25.150s] -- Symlinking: /home/sws/autoware/install/velodyne_msgs/include/velodyne_msgs/velodyne_msgs/msg/detail/velodyne_scan__rosidl_typesupport_introspection_cpp.hpp
[25.150s] -- Symlinking: /home/sws/autoware/install/velodyne_msgs/share/velodyne_msgs/environment/pythonpath.sh
[25.150s] -- Symlinking: /home/sws/autoware/install/velodyne_msgs/share/velodyne_msgs/environment/pythonpath.dsv
[25.150s] -- Symlinking: /home/sws/autoware/install/velodyne_msgs/local/lib/python3.10/dist-packages/velodyne_msgs-2.1.0-py3.10.egg-info/PKG-INFO
[25.150s] -- Symlinking: /home/sws/autoware/install/velodyne_msgs/local/lib/python3.10/dist-packages/velodyne_msgs-2.1.0-py3.10.egg-info/SOURCES.txt
[25.150s] -- Symlinking: /home/sws/autoware/install/velodyne_msgs/local/lib/python3.10/dist-packages/velodyne_msgs-2.1.0-py3.10.egg-info/dependency_links.txt
[25.150s] -- Symlinking: /home/sws/autoware/install/velodyne_msgs/local/lib/python3.10/dist-packages/velodyne_msgs-2.1.0-py3.10.egg-info/top_level.txt
[25.150s] -- Symlinking: /home/sws/autoware/install/velodyne_msgs/local/lib/python3.10/dist-packages/velodyne_msgs/__init__.py
[25.151s] -- Symlinking: /home/sws/autoware/install/velodyne_msgs/local/lib/python3.10/dist-packages/velodyne_msgs/_velodyne_msgs_s.ep.rosidl_typesupport_c.c
[25.151s] -- Symlinking: /home/sws/autoware/install/velodyne_msgs/local/lib/python3.10/dist-packages/velodyne_msgs/_velodyne_msgs_s.ep.rosidl_typesupport_fastrtps_c.c
[25.151s] -- Symlinking: /home/sws/autoware/install/velodyne_msgs/local/lib/python3.10/dist-packages/velodyne_msgs/_velodyne_msgs_s.ep.rosidl_typesupport_introspection_c.c
[25.151s] -- Symlinking: /home/sws/autoware/install/velodyne_msgs/local/lib/python3.10/dist-packages/velodyne_msgs/libvelodyne_msgs__rosidl_generator_py.so
[25.151s] -- Symlinking: /home/sws/autoware/install/velodyne_msgs/local/lib/python3.10/dist-packages/velodyne_msgs/msg/__init__.py
[25.151s] -- Symlinking: /home/sws/autoware/install/velodyne_msgs/local/lib/python3.10/dist-packages/velodyne_msgs/msg/_velodyne_packet.py
[25.151s] -- Symlinking: /home/sws/autoware/install/velodyne_msgs/local/lib/python3.10/dist-packages/velodyne_msgs/msg/_velodyne_packet_s.c
[25.151s] -- Symlinking: /home/sws/autoware/install/velodyne_msgs/local/lib/python3.10/dist-packages/velodyne_msgs/msg/_velodyne_scan.py
[25.152s] -- Symlinking: /home/sws/autoware/install/velodyne_msgs/local/lib/python3.10/dist-packages/velodyne_msgs/msg/_velodyne_scan_s.c
[25.152s] -- Symlinking: /home/sws/autoware/install/velodyne_msgs/local/lib/python3.10/dist-packages/velodyne_msgs/velodyne_msgs_s__rosidl_typesupport_c.cpython-310-x86_64-linux-gnu.so
[25.152s] -- Symlinking: /home/sws/autoware/install/velodyne_msgs/local/lib/python3.10/dist-packages/velodyne_msgs/velodyne_msgs_s__rosidl_typesupport_fastrtps_c.cpython-310-x86_64-linux-gnu.so
[25.152s] -- Symlinking: /home/sws/autoware/install/velodyne_msgs/local/lib/python3.10/dist-packages/velodyne_msgs/velodyne_msgs_s__rosidl_typesupport_introspection_c.cpython-310-x86_64-linux-gnu.so
[25.152s] -- Up-to-date symlink: /home/sws/autoware/install/velodyne_msgs/local/lib/python3.10/dist-packages/velodyne_msgs/velodyne_msgs_s__rosidl_typesupport_fastrtps_c.cpython-310-x86_64-linux-gnu.so
[25.152s] -- Up-to-date symlink: /home/sws/autoware/install/velodyne_msgs/local/lib/python3.10/dist-packages/velodyne_msgs/velodyne_msgs_s__rosidl_typesupport_introspection_c.cpython-310-x86_64-linux-gnu.so
[25.152s] -- Up-to-date symlink: /home/sws/autoware/install/velodyne_msgs/local/lib/python3.10/dist-packages/velodyne_msgs/velodyne_msgs_s__rosidl_typesupport_c.cpython-310-x86_64-linux-gnu.so
[25.152s] -- Symlinking: /home/sws/autoware/install/velodyne_msgs/share/velodyne_msgs/msg/VelodynePacket.idl
[25.152s] -- Symlinking: /home/sws/autoware/install/velodyne_msgs/share/velodyne_msgs/msg/VelodyneScan.idl
[25.152s] -- Symlinking: /home/sws/autoware/install/velodyne_msgs/share/velodyne_msgs/msg/VelodynePacket.msg
[25.153s] -- Symlinking: /home/sws/autoware/install/velodyne_msgs/share/velodyne_msgs/msg/VelodyneScan.msg
[25.153s] -- Symlinking: /home/sws/autoware/install/velodyne_msgs/share/ament_index/resource_index/package_run_dependencies/velodyne_msgs
[25.153s] -- Symlinking: /home/sws/autoware/install/velodyne_msgs/share/ament_index/resource_index/parent_prefix_path/velodyne_msgs
[25.153s] -- Symlinking: /home/sws/autoware/install/velodyne_msgs/share/velodyne_msgs/environment/ament_prefix_path.sh
[25.153s] -- Symlinking: /home/sws/autoware/install/velodyne_msgs/share/velodyne_msgs/environment/ament_prefix_path.dsv
[25.153s] -- Symlinking: /home/sws/autoware/install/velodyne_msgs/share/velodyne_msgs/environment/path.sh
[25.161s] -- Symlinking: /home/sws/autoware/install/velodyne_msgs/share/velodyne_msgs/environment/path.dsv
[25.170s] -- Symlinking: /home/sws/autoware/install/velodyne_msgs/share/velodyne_msgs/local_setup.bash
[25.189s] -- Symlinking: /home/sws/autoware/install/velodyne_msgs/share/velodyne_msgs/local_setup.sh
[25.200s] -- Symlinking: /home/sws/autoware/install/velodyne_msgs/share/velodyne_msgs/local_setup.zsh
[25.210s] -- Symlinking: /home/sws/autoware/install/velodyne_msgs/share/velodyne_msgs/local_setup.dsv
[25.224s] -- Symlinking: /home/sws/autoware/install/velodyne_msgs/share/velodyne_msgs/package.dsv
[25.236s] -- Symlinking: /home/sws/autoware/install/velodyne_msgs/share/ament_index/resource_index/packages/velodyne_msgs
[25.248s] -- Symlinking: /home/sws/autoware/install/velodyne_msgs/share/velodyne_msgs/cmake/rosidl_cmake-extras.cmake
[25.268s] -- Symlinking: /home/sws/autoware/install/velodyne_msgs/share/velodyne_msgs/cmake/ament_cmake_export_dependencies-extras.cmake
[25.289s] -- Symlinking: /home/sws/autoware/install/velodyne_msgs/share/velodyne_msgs/cmake/ament_cmake_export_include_directories-extras.cmake
[25.295s] -- Symlinking: /home/sws/autoware/install/velodyne_msgs/share/velodyne_msgs/cmake/ament_cmake_export_libraries-extras.cmake
[25.301s] -- Symlinking: /home/sws/autoware/install/velodyne_msgs/share/velodyne_msgs/cmake/ament_cmake_export_targets-extras.cmake
[25.315s] -- Symlinking: /home/sws/autoware/install/velodyne_msgs/share/velodyne_msgs/cmake/rosidl_cmake_export_typesupport_targets-extras.cmake
[25.324s] -- Symlinking: /home/sws/autoware/install/velodyne_msgs/share/velodyne_msgs/cmake/rosidl_cmake_export_typesupport_libraries-extras.cmake
[25.333s] -- Symlinking: /home/sws/autoware/install/velodyne_msgs/share/velodyne_msgs/cmake/velodyne_msgsConfig.cmake
[25.358s] -- Symlinking: /home/sws/autoware/install/velodyne_msgs/share/velodyne_msgs/cmake/velodyne_msgsConfig-version.cmake
[25.358s] -- Symlinking: /home/sws/autoware/install/velodyne_msgs/share/velodyne_msgs/package.xml
[25.370s] -- Installing: /home/sws/autoware/install/velodyne_msgs/lib/libvelodyne_msgs__rosidl_generator_c.so
[25.370s] -- Set runtime path of "/home/sws/autoware/install/velodyne_msgs/lib/libvelodyne_msgs__rosidl_generator_c.so" to ""
[25.370s] -- Installing: /home/sws/autoware/install/velodyne_msgs/lib/libvelodyne_msgs__rosidl_typesupport_fastrtps_c.so
[25.370s] -- Set runtime path of "/home/sws/autoware/install/velodyne_msgs/lib/libvelodyne_msgs__rosidl_typesupport_fastrtps_c.so" to ""
[25.370s] -- Installing: /home/sws/autoware/install/velodyne_msgs/lib/libvelodyne_msgs__rosidl_typesupport_fastrtps_cpp.so
[25.370s] -- Set runtime path of "/home/sws/autoware/install/velodyne_msgs/lib/libvelodyne_msgs__rosidl_typesupport_fastrtps_cpp.so" to ""
[25.370s] -- Installing: /home/sws/autoware/install/velodyne_msgs/lib/libvelodyne_msgs__rosidl_typesupport_introspection_c.so
[25.370s] -- Set runtime path of "/home/sws/autoware/install/velodyne_msgs/lib/libvelodyne_msgs__rosidl_typesupport_introspection_c.so" to ""
[25.370s] -- Installing: /home/sws/autoware/install/velodyne_msgs/lib/libvelodyne_msgs__rosidl_typesupport_c.so
[25.370s] -- Set runtime path of "/home/sws/autoware/install/velodyne_msgs/lib/libvelodyne_msgs__rosidl_typesupport_c.so" to ""
[25.370s] -- Installing: /home/sws/autoware/install/velodyne_msgs/lib/libvelodyne_msgs__rosidl_typesupport_introspection_cpp.so
[25.370s] -- Set runtime path of "/home/sws/autoware/install/velodyne_msgs/lib/libvelodyne_msgs__rosidl_typesupport_introspection_cpp.so" to ""
[25.370s] -- Installing: /home/sws/autoware/install/velodyne_msgs/lib/libvelodyne_msgs__rosidl_typesupport_cpp.so
[25.371s] -- Set runtime path of "/home/sws/autoware/install/velodyne_msgs/lib/libvelodyne_msgs__rosidl_typesupport_cpp.so" to ""
[25.456s] Listing '/home/sws/autoware/install/velodyne_msgs/local/lib/python3.10/dist-packages/velodyne_msgs'...
[25.456s] Compiling '/home/sws/autoware/install/velodyne_msgs/local/lib/python3.10/dist-packages/velodyne_msgs/__init__.py'...
[25.456s] Listing '/home/sws/autoware/install/velodyne_msgs/local/lib/python3.10/dist-packages/velodyne_msgs/msg'...
[25.456s] Compiling '/home/sws/autoware/install/velodyne_msgs/local/lib/python3.10/dist-packages/velodyne_msgs/msg/__init__.py'...
[25.456s] Compiling '/home/sws/autoware/install/velodyne_msgs/local/lib/python3.10/dist-packages/velodyne_msgs/msg/_velodyne_packet.py'...
[25.456s] Compiling '/home/sws/autoware/install/velodyne_msgs/local/lib/python3.10/dist-packages/velodyne_msgs/msg/_velodyne_scan.py'...
[25.456s] -- Installing: /home/sws/autoware/install/velodyne_msgs/lib/libvelodyne_msgs__rosidl_generator_py.so
[25.456s] -- Set runtime path of "/home/sws/autoware/install/velodyne_msgs/lib/libvelodyne_msgs__rosidl_generator_py.so" to ""
[25.457s] -- Installing: /home/sws/autoware/install/velodyne_msgs/share/velodyne_msgs/cmake/export_velodyne_msgs__rosidl_generator_cExport.cmake
[25.457s] -- Installing: /home/sws/autoware/install/velodyne_msgs/share/velodyne_msgs/cmake/export_velodyne_msgs__rosidl_generator_cExport-release.cmake
[25.457s] -- Installing: /home/sws/autoware/install/velodyne_msgs/share/velodyne_msgs/cmake/export_velodyne_msgs__rosidl_typesupport_fastrtps_cExport.cmake
[25.457s] -- Installing: /home/sws/autoware/install/velodyne_msgs/share/velodyne_msgs/cmake/export_velodyne_msgs__rosidl_typesupport_fastrtps_cExport-release.cmake
[25.457s] -- Installing: /home/sws/autoware/install/velodyne_msgs/share/velodyne_msgs/cmake/export_velodyne_msgs__rosidl_generator_cppExport.cmake
[25.457s] -- Installing: /home/sws/autoware/install/velodyne_msgs/share/velodyne_msgs/cmake/export_velodyne_msgs__rosidl_typesupport_fastrtps_cppExport.cmake
[25.457s] -- Installing: /home/sws/autoware/install/velodyne_msgs/share/velodyne_msgs/cmake/export_velodyne_msgs__rosidl_typesupport_fastrtps_cppExport-release.cmake
[25.457s] -- Installing: /home/sws/autoware/install/velodyne_msgs/share/velodyne_msgs/cmake/velodyne_msgs__rosidl_typesupport_introspection_cExport.cmake
[25.457s] -- Installing: /home/sws/autoware/install/velodyne_msgs/share/velodyne_msgs/cmake/velodyne_msgs__rosidl_typesupport_introspection_cExport-release.cmake
[25.458s] -- Installing: /home/sws/autoware/install/velodyne_msgs/share/velodyne_msgs/cmake/velodyne_msgs__rosidl_typesupport_cExport.cmake
[25.458s] -- Installing: /home/sws/autoware/install/velodyne_msgs/share/velodyne_msgs/cmake/velodyne_msgs__rosidl_typesupport_cExport-release.cmake
[25.458s] -- Installing: /home/sws/autoware/install/velodyne_msgs/share/velodyne_msgs/cmake/velodyne_msgs__rosidl_typesupport_introspection_cppExport.cmake
[25.458s] -- Installing: /home/sws/autoware/install/velodyne_msgs/share/velodyne_msgs/cmake/velodyne_msgs__rosidl_typesupport_introspection_cppExport-release.cmake
[25.458s] -- Installing: /home/sws/autoware/install/velodyne_msgs/share/velodyne_msgs/cmake/velodyne_msgs__rosidl_typesupport_cppExport.cmake
[25.458s] -- Installing: /home/sws/autoware/install/velodyne_msgs/share/velodyne_msgs/cmake/velodyne_msgs__rosidl_typesupport_cppExport-release.cmake
[25.458s] -- Installing: /home/sws/autoware/install/velodyne_msgs/share/velodyne_msgs/cmake/export_velodyne_msgs__rosidl_generator_pyExport.cmake
[25.458s] -- Installing: /home/sws/autoware/install/velodyne_msgs/share/velodyne_msgs/cmake/export_velodyne_msgs__rosidl_generator_pyExport-release.cmake
[25.519s] Invoked command in '/home/sws/autoware/build/velodyne_msgs' returned '0': CMAKE_PREFIX_PATH=/opt/ros/humble /usr/bin/cmake --install /home/sws/autoware/build/velodyne_msgs
