[0.034s] Invoking command in '/home/sws/autoware/build/imu_corrector': AMENT_PREFIX_PATH=/home/sws/autoware/install/tier4_autoware_utils:/home/sws/autoware/install/autoware_auto_vehicle_msgs:/home/sws/autoware/install/autoware_cmake:/home/sws/autoware/install/autoware_auto_planning_msgs:/home/sws/autoware/install/autoware_auto_perception_msgs:/home/sws/autoware/install/tier4_debug_msgs:/home/sws/autoware/install/autoware_lint_common:/home/sws/autoware/install/autoware_auto_mapping_msgs:/home/sws/autoware/install/autoware_auto_geometry_msgs:${AMENT_PREFIX_PATH} CMAKE_PREFIX_PATH=/home/sws/autoware/install/tier4_autoware_utils:/home/sws/autoware/install/autoware_auto_vehicle_msgs:/home/sws/autoware/install/autoware_cmake:/home/sws/autoware/install/autoware_auto_planning_msgs:/home/sws/autoware/install/autoware_auto_perception_msgs:/home/sws/autoware/install/tier4_debug_msgs:/home/sws/autoware/install/autoware_lint_common:/home/sws/autoware/install/autoware_auto_mapping_msgs:/home/sws/autoware/install/autoware_auto_geometry_msgs:/opt/ros/humble LD_LIBRARY_PATH=/home/sws/autoware/install/tier4_autoware_utils/lib:/home/sws/autoware/install/autoware_auto_vehicle_msgs/lib:/home/sws/autoware/install/autoware_auto_planning_msgs/lib:/home/sws/autoware/install/autoware_auto_perception_msgs/lib:/home/sws/autoware/install/tier4_debug_msgs/lib:/home/sws/autoware/install/autoware_auto_mapping_msgs/lib:/home/sws/autoware/install/autoware_auto_geometry_msgs/lib:${LD_LIBRARY_PATH} PYTHONPATH=/home/sws/autoware/install/autoware_auto_vehicle_msgs/local/lib/python3.10/dist-packages:/home/sws/autoware/install/autoware_auto_planning_msgs/local/lib/python3.10/dist-packages:/home/sws/autoware/install/autoware_auto_perception_msgs/local/lib/python3.10/dist-packages:/home/sws/autoware/install/tier4_debug_msgs/local/lib/python3.10/dist-packages:/home/sws/autoware/install/autoware_auto_mapping_msgs/local/lib/python3.10/dist-packages:/home/sws/autoware/install/autoware_auto_geometry_msgs/local/lib/python3.10/dist-packages:${PYTHONPATH} /usr/bin/cmake /home/sws/autoware/src/universe/autoware.universe/sensing/imu_corrector -DCMAKE_BUILD_TYPE=Release -DAMENT_CMAKE_SYMLINK_INSTALL=1 -DCMAKE_INSTALL_PREFIX=/home/sws/autoware/install/imu_corrector
[14.809s] -- The C compiler identification is GNU 11.3.0
[14.810s] -- The CXX compiler identification is GNU 11.3.0
[14.810s] -- Detecting C compiler ABI info
[14.811s] -- Detecting C compiler ABI info - done
[14.811s] -- Check for working C compiler: /usr/bin/cc - skipped
[14.811s] -- Detecting C compile features
[14.811s] -- Detecting C compile features - done
[14.811s] -- Detecting CXX compiler ABI info
[14.811s] -- Detecting CXX compiler ABI info - done
[14.811s] -- Check for working CXX compiler: /usr/bin/c++ - skipped
[14.811s] -- Detecting CXX compile features
[14.811s] -- Detecting CXX compile features - done
[14.811s] -- Found autoware_cmake: 0.1.0 (/home/sws/autoware/install/autoware_cmake/share/autoware_cmake/cmake)
[14.812s] -- Found Python3: /usr/bin/python3.10 (found version "3.10.6") found components: Interpreter 
[14.812s] -- Override CMake install command with custom implementation using symlinks instead of copying resources
[14.812s] -- Found rosidl_generator_c: 3.1.4 (/opt/ros/humble/share/rosidl_generator_c/cmake)
[14.812s] -- Found rosidl_adapter: 3.1.4 (/opt/ros/humble/share/rosidl_adapter/cmake)
[14.812s] -- Found rosidl_generator_cpp: 3.1.4 (/opt/ros/humble/share/rosidl_generator_cpp/cmake)
[14.812s] -- Using all available rosidl_typesupport_c: rosidl_typesupport_fastrtps_c;rosidl_typesupport_introspection_c
[14.812s] -- Using all available rosidl_typesupport_cpp: rosidl_typesupport_fastrtps_cpp;rosidl_typesupport_introspection_cpp
[14.812s] -- Found rmw_implementation_cmake: 6.1.1 (/opt/ros/humble/share/rmw_implementation_cmake/cmake)
[14.812s] -- Found rmw_fastrtps_cpp: 6.2.2 (/opt/ros/humble/share/rmw_fastrtps_cpp/cmake)
[14.812s] -- Found OpenSSL: /usr/lib/x86_64-linux-gnu/libcrypto.so (found version "3.0.2")  
[14.813s] -- Found FastRTPS: /opt/ros/humble/include  
[14.813s] -- Using RMW implementation 'rmw_fastrtps_cpp' as default
[14.830s] -- Looking for pthread.h
[14.830s] -- Looking for pthread.h - found
[14.830s] -- Performing Test CMAKE_HAVE_LIBC_PTHREAD
[14.830s] -- Performing Test CMAKE_HAVE_LIBC_PTHREAD - Success
[14.830s] -- Found Threads: TRUE  
[14.830s] -- Found eigen3_cmake_module: 0.1.1 (/opt/ros/humble/share/eigen3_cmake_module/cmake)
[14.831s] -- Found Eigen3: TRUE (found version "3.4.0") 
[14.831s] -- Ensuring Eigen3 include directory is part of orocos-kdl CMake target
[14.831s] -- Found ament_lint_auto: 0.12.5 (/opt/ros/humble/share/ament_lint_auto/cmake)
[14.831s] -- Added test 'copyright' to check source files copyright and LICENSE
[14.831s] -- Added test 'cppcheck' to perform static code analysis on C / C++ code
[14.831s] -- Configured cppcheck include dirs: /home/sws/autoware/src/universe/autoware.universe/sensing/imu_corrector/include
[14.831s] -- Configured cppcheck exclude dirs and/or files: 
[14.831s] -- Added test 'lint_cmake' to check CMake code style
[14.831s] -- Added test 'xmllint' to check XML markup files
[14.831s] -- Configuring done
[14.831s] -- Generating done
[14.832s] -- Build files have been written to: /home/sws/autoware/build/imu_corrector
[14.858s] Invoked command in '/home/sws/autoware/build/imu_corrector' returned '0': AMENT_PREFIX_PATH=/home/sws/autoware/install/tier4_autoware_utils:/home/sws/autoware/install/autoware_auto_vehicle_msgs:/home/sws/autoware/install/autoware_cmake:/home/sws/autoware/install/autoware_auto_planning_msgs:/home/sws/autoware/install/autoware_auto_perception_msgs:/home/sws/autoware/install/tier4_debug_msgs:/home/sws/autoware/install/autoware_lint_common:/home/sws/autoware/install/autoware_auto_mapping_msgs:/home/sws/autoware/install/autoware_auto_geometry_msgs:${AMENT_PREFIX_PATH} CMAKE_PREFIX_PATH=/home/sws/autoware/install/tier4_autoware_utils:/home/sws/autoware/install/autoware_auto_vehicle_msgs:/home/sws/autoware/install/autoware_cmake:/home/sws/autoware/install/autoware_auto_planning_msgs:/home/sws/autoware/install/autoware_auto_perception_msgs:/home/sws/autoware/install/tier4_debug_msgs:/home/sws/autoware/install/autoware_lint_common:/home/sws/autoware/install/autoware_auto_mapping_msgs:/home/sws/autoware/install/autoware_auto_geometry_msgs:/opt/ros/humble LD_LIBRARY_PATH=/home/sws/autoware/install/tier4_autoware_utils/lib:/home/sws/autoware/install/autoware_auto_vehicle_msgs/lib:/home/sws/autoware/install/autoware_auto_planning_msgs/lib:/home/sws/autoware/install/autoware_auto_perception_msgs/lib:/home/sws/autoware/install/tier4_debug_msgs/lib:/home/sws/autoware/install/autoware_auto_mapping_msgs/lib:/home/sws/autoware/install/autoware_auto_geometry_msgs/lib:${LD_LIBRARY_PATH} PYTHONPATH=/home/sws/autoware/install/autoware_auto_vehicle_msgs/local/lib/python3.10/dist-packages:/home/sws/autoware/install/autoware_auto_planning_msgs/local/lib/python3.10/dist-packages:/home/sws/autoware/install/autoware_auto_perception_msgs/local/lib/python3.10/dist-packages:/home/sws/autoware/install/tier4_debug_msgs/local/lib/python3.10/dist-packages:/home/sws/autoware/install/autoware_auto_mapping_msgs/local/lib/python3.10/dist-packages:/home/sws/autoware/install/autoware_auto_geometry_msgs/local/lib/python3.10/dist-packages:${PYTHONPATH} /usr/bin/cmake /home/sws/autoware/src/universe/autoware.universe/sensing/imu_corrector -DCMAKE_BUILD_TYPE=Release -DAMENT_CMAKE_SYMLINK_INSTALL=1 -DCMAKE_INSTALL_PREFIX=/home/sws/autoware/install/imu_corrector
[14.859s] Invoking command in '/home/sws/autoware/build/imu_corrector': AMENT_PREFIX_PATH=/home/sws/autoware/install/tier4_autoware_utils:/home/sws/autoware/install/autoware_auto_vehicle_msgs:/home/sws/autoware/install/autoware_cmake:/home/sws/autoware/install/autoware_auto_planning_msgs:/home/sws/autoware/install/autoware_auto_perception_msgs:/home/sws/autoware/install/tier4_debug_msgs:/home/sws/autoware/install/autoware_lint_common:/home/sws/autoware/install/autoware_auto_mapping_msgs:/home/sws/autoware/install/autoware_auto_geometry_msgs:${AMENT_PREFIX_PATH} CMAKE_PREFIX_PATH=/home/sws/autoware/install/tier4_autoware_utils:/home/sws/autoware/install/autoware_auto_vehicle_msgs:/home/sws/autoware/install/autoware_cmake:/home/sws/autoware/install/autoware_auto_planning_msgs:/home/sws/autoware/install/autoware_auto_perception_msgs:/home/sws/autoware/install/tier4_debug_msgs:/home/sws/autoware/install/autoware_lint_common:/home/sws/autoware/install/autoware_auto_mapping_msgs:/home/sws/autoware/install/autoware_auto_geometry_msgs:/opt/ros/humble LD_LIBRARY_PATH=/home/sws/autoware/install/tier4_autoware_utils/lib:/home/sws/autoware/install/autoware_auto_vehicle_msgs/lib:/home/sws/autoware/install/autoware_auto_planning_msgs/lib:/home/sws/autoware/install/autoware_auto_perception_msgs/lib:/home/sws/autoware/install/tier4_debug_msgs/lib:/home/sws/autoware/install/autoware_auto_mapping_msgs/lib:/home/sws/autoware/install/autoware_auto_geometry_msgs/lib:${LD_LIBRARY_PATH} PYTHONPATH=/home/sws/autoware/install/autoware_auto_vehicle_msgs/local/lib/python3.10/dist-packages:/home/sws/autoware/install/autoware_auto_planning_msgs/local/lib/python3.10/dist-packages:/home/sws/autoware/install/autoware_auto_perception_msgs/local/lib/python3.10/dist-packages:/home/sws/autoware/install/tier4_debug_msgs/local/lib/python3.10/dist-packages:/home/sws/autoware/install/autoware_auto_mapping_msgs/local/lib/python3.10/dist-packages:/home/sws/autoware/install/autoware_auto_geometry_msgs/local/lib/python3.10/dist-packages:${PYTHONPATH} /usr/bin/cmake --build /home/sws/autoware/build/imu_corrector -- -j16 -l16
[53.238s] [ 25%] [32mBuilding CXX object CMakeFiles/imu_corrector.dir/rclcpp_components/node_main_imu_corrector.cpp.o[0m
[53.239s] [ 50%] [32mBuilding CXX object CMakeFiles/imu_corrector_node.dir/src/imu_corrector_core.cpp.o[0m
[53.239s] [ 75%] [32m[1mLinking CXX executable imu_corrector[0m
[53.239s] [ 75%] Built target imu_corrector
[53.239s] [100%] [32m[1mLinking CXX shared library libimu_corrector_node.so[0m
[53.239s] [100%] Built target imu_corrector_node
[53.279s] Invoked command in '/home/sws/autoware/build/imu_corrector' returned '0': AMENT_PREFIX_PATH=/home/sws/autoware/install/tier4_autoware_utils:/home/sws/autoware/install/autoware_auto_vehicle_msgs:/home/sws/autoware/install/autoware_cmake:/home/sws/autoware/install/autoware_auto_planning_msgs:/home/sws/autoware/install/autoware_auto_perception_msgs:/home/sws/autoware/install/tier4_debug_msgs:/home/sws/autoware/install/autoware_lint_common:/home/sws/autoware/install/autoware_auto_mapping_msgs:/home/sws/autoware/install/autoware_auto_geometry_msgs:${AMENT_PREFIX_PATH} CMAKE_PREFIX_PATH=/home/sws/autoware/install/tier4_autoware_utils:/home/sws/autoware/install/autoware_auto_vehicle_msgs:/home/sws/autoware/install/autoware_cmake:/home/sws/autoware/install/autoware_auto_planning_msgs:/home/sws/autoware/install/autoware_auto_perception_msgs:/home/sws/autoware/install/tier4_debug_msgs:/home/sws/autoware/install/autoware_lint_common:/home/sws/autoware/install/autoware_auto_mapping_msgs:/home/sws/autoware/install/autoware_auto_geometry_msgs:/opt/ros/humble LD_LIBRARY_PATH=/home/sws/autoware/install/tier4_autoware_utils/lib:/home/sws/autoware/install/autoware_auto_vehicle_msgs/lib:/home/sws/autoware/install/autoware_auto_planning_msgs/lib:/home/sws/autoware/install/autoware_auto_perception_msgs/lib:/home/sws/autoware/install/tier4_debug_msgs/lib:/home/sws/autoware/install/autoware_auto_mapping_msgs/lib:/home/sws/autoware/install/autoware_auto_geometry_msgs/lib:${LD_LIBRARY_PATH} PYTHONPATH=/home/sws/autoware/install/autoware_auto_vehicle_msgs/local/lib/python3.10/dist-packages:/home/sws/autoware/install/autoware_auto_planning_msgs/local/lib/python3.10/dist-packages:/home/sws/autoware/install/autoware_auto_perception_msgs/local/lib/python3.10/dist-packages:/home/sws/autoware/install/tier4_debug_msgs/local/lib/python3.10/dist-packages:/home/sws/autoware/install/autoware_auto_mapping_msgs/local/lib/python3.10/dist-packages:/home/sws/autoware/install/autoware_auto_geometry_msgs/local/lib/python3.10/dist-packages:${PYTHONPATH} /usr/bin/cmake --build /home/sws/autoware/build/imu_corrector -- -j16 -l16
[53.676s] Invoking command in '/home/sws/autoware/build/imu_corrector': AMENT_PREFIX_PATH=/home/sws/autoware/install/tier4_autoware_utils:/home/sws/autoware/install/autoware_auto_vehicle_msgs:/home/sws/autoware/install/autoware_cmake:/home/sws/autoware/install/autoware_auto_planning_msgs:/home/sws/autoware/install/autoware_auto_perception_msgs:/home/sws/autoware/install/tier4_debug_msgs:/home/sws/autoware/install/autoware_lint_common:/home/sws/autoware/install/autoware_auto_mapping_msgs:/home/sws/autoware/install/autoware_auto_geometry_msgs:${AMENT_PREFIX_PATH} CMAKE_PREFIX_PATH=/home/sws/autoware/install/tier4_autoware_utils:/home/sws/autoware/install/autoware_auto_vehicle_msgs:/home/sws/autoware/install/autoware_cmake:/home/sws/autoware/install/autoware_auto_planning_msgs:/home/sws/autoware/install/autoware_auto_perception_msgs:/home/sws/autoware/install/tier4_debug_msgs:/home/sws/autoware/install/autoware_lint_common:/home/sws/autoware/install/autoware_auto_mapping_msgs:/home/sws/autoware/install/autoware_auto_geometry_msgs:/opt/ros/humble LD_LIBRARY_PATH=/home/sws/autoware/install/tier4_autoware_utils/lib:/home/sws/autoware/install/autoware_auto_vehicle_msgs/lib:/home/sws/autoware/install/autoware_auto_planning_msgs/lib:/home/sws/autoware/install/autoware_auto_perception_msgs/lib:/home/sws/autoware/install/tier4_debug_msgs/lib:/home/sws/autoware/install/autoware_auto_mapping_msgs/lib:/home/sws/autoware/install/autoware_auto_geometry_msgs/lib:${LD_LIBRARY_PATH} PYTHONPATH=/home/sws/autoware/install/autoware_auto_vehicle_msgs/local/lib/python3.10/dist-packages:/home/sws/autoware/install/autoware_auto_planning_msgs/local/lib/python3.10/dist-packages:/home/sws/autoware/install/autoware_auto_perception_msgs/local/lib/python3.10/dist-packages:/home/sws/autoware/install/tier4_debug_msgs/local/lib/python3.10/dist-packages:/home/sws/autoware/install/autoware_auto_mapping_msgs/local/lib/python3.10/dist-packages:/home/sws/autoware/install/autoware_auto_geometry_msgs/local/lib/python3.10/dist-packages:${PYTHONPATH} /usr/bin/cmake --install /home/sws/autoware/build/imu_corrector
[65.962s] -- Install configuration: "Release"
[65.962s] -- Execute custom install script
[65.962s] -- Symlinking: /home/sws/autoware/install/imu_corrector/lib/imu_corrector/imu_corrector
[65.962s] -- Symlinking: /home/sws/autoware/install/imu_corrector/include/imu_corrector/imu_corrector_core.hpp
[65.962s] -- Symlinking: /home/sws/autoware/install/imu_corrector/share/imu_corrector/environment/library_path.sh
[65.962s] -- Symlinking: /home/sws/autoware/install/imu_corrector/share/imu_corrector/environment/library_path.dsv
[65.962s] -- Symlinking: /home/sws/autoware/install/imu_corrector/lib/libimu_corrector_node.so
[65.962s] -- Symlinking: /home/sws/autoware/install/imu_corrector/share/imu_corrector/launch/imu_corrector.launch.xml
[65.962s] -- Symlinking: /home/sws/autoware/install/imu_corrector/share/imu_corrector/config/imu_corrector.param.yaml
[65.963s] -- Symlinking: /home/sws/autoware/install/imu_corrector/share/ament_index/resource_index/package_run_dependencies/imu_corrector
[65.963s] -- Symlinking: /home/sws/autoware/install/imu_corrector/share/ament_index/resource_index/parent_prefix_path/imu_corrector
[65.963s] -- Symlinking: /home/sws/autoware/install/imu_corrector/share/imu_corrector/environment/ament_prefix_path.sh
[65.963s] -- Symlinking: /home/sws/autoware/install/imu_corrector/share/imu_corrector/environment/ament_prefix_path.dsv
[65.963s] -- Symlinking: /home/sws/autoware/install/imu_corrector/share/imu_corrector/environment/path.sh
[65.963s] -- Symlinking: /home/sws/autoware/install/imu_corrector/share/imu_corrector/environment/path.dsv
[65.963s] -- Symlinking: /home/sws/autoware/install/imu_corrector/share/imu_corrector/local_setup.bash
[65.963s] -- Symlinking: /home/sws/autoware/install/imu_corrector/share/imu_corrector/local_setup.sh
[65.963s] -- Symlinking: /home/sws/autoware/install/imu_corrector/share/imu_corrector/local_setup.zsh
[65.963s] -- Symlinking: /home/sws/autoware/install/imu_corrector/share/imu_corrector/local_setup.dsv
[65.963s] -- Symlinking: /home/sws/autoware/install/imu_corrector/share/imu_corrector/package.dsv
[65.963s] -- Symlinking: /home/sws/autoware/install/imu_corrector/share/ament_index/resource_index/packages/imu_corrector
[65.964s] -- Symlinking: /home/sws/autoware/install/imu_corrector/share/ament_index/resource_index/rclcpp_components/imu_corrector
[65.964s] -- Symlinking: /home/sws/autoware/install/imu_corrector/share/imu_corrector/cmake/ament_cmake_export_dependencies-extras.cmake
[65.964s] -- Symlinking: /home/sws/autoware/install/imu_corrector/share/imu_corrector/cmake/ament_cmake_export_include_directories-extras.cmake
[65.964s] -- Symlinking: /home/sws/autoware/install/imu_corrector/share/imu_corrector/cmake/ament_cmake_export_libraries-extras.cmake
[65.964s] -- Symlinking: /home/sws/autoware/install/imu_corrector/share/imu_corrector/cmake/imu_correctorConfig.cmake
[65.964s] -- Symlinking: /home/sws/autoware/install/imu_corrector/share/imu_corrector/cmake/imu_correctorConfig-version.cmake
[65.964s] -- Symlinking: /home/sws/autoware/install/imu_corrector/share/imu_corrector/package.xml
[65.992s] Invoked command in '/home/sws/autoware/build/imu_corrector' returned '0': AMENT_PREFIX_PATH=/home/sws/autoware/install/tier4_autoware_utils:/home/sws/autoware/install/autoware_auto_vehicle_msgs:/home/sws/autoware/install/autoware_cmake:/home/sws/autoware/install/autoware_auto_planning_msgs:/home/sws/autoware/install/autoware_auto_perception_msgs:/home/sws/autoware/install/tier4_debug_msgs:/home/sws/autoware/install/autoware_lint_common:/home/sws/autoware/install/autoware_auto_mapping_msgs:/home/sws/autoware/install/autoware_auto_geometry_msgs:${AMENT_PREFIX_PATH} CMAKE_PREFIX_PATH=/home/sws/autoware/install/tier4_autoware_utils:/home/sws/autoware/install/autoware_auto_vehicle_msgs:/home/sws/autoware/install/autoware_cmake:/home/sws/autoware/install/autoware_auto_planning_msgs:/home/sws/autoware/install/autoware_auto_perception_msgs:/home/sws/autoware/install/tier4_debug_msgs:/home/sws/autoware/install/autoware_lint_common:/home/sws/autoware/install/autoware_auto_mapping_msgs:/home/sws/autoware/install/autoware_auto_geometry_msgs:/opt/ros/humble LD_LIBRARY_PATH=/home/sws/autoware/install/tier4_autoware_utils/lib:/home/sws/autoware/install/autoware_auto_vehicle_msgs/lib:/home/sws/autoware/install/autoware_auto_planning_msgs/lib:/home/sws/autoware/install/autoware_auto_perception_msgs/lib:/home/sws/autoware/install/tier4_debug_msgs/lib:/home/sws/autoware/install/autoware_auto_mapping_msgs/lib:/home/sws/autoware/install/autoware_auto_geometry_msgs/lib:${LD_LIBRARY_PATH} PYTHONPATH=/home/sws/autoware/install/autoware_auto_vehicle_msgs/local/lib/python3.10/dist-packages:/home/sws/autoware/install/autoware_auto_planning_msgs/local/lib/python3.10/dist-packages:/home/sws/autoware/install/autoware_auto_perception_msgs/local/lib/python3.10/dist-packages:/home/sws/autoware/install/tier4_debug_msgs/local/lib/python3.10/dist-packages:/home/sws/autoware/install/autoware_auto_mapping_msgs/local/lib/python3.10/dist-packages:/home/sws/autoware/install/autoware_auto_geometry_msgs/local/lib/python3.10/dist-packages:${PYTHONPATH} /usr/bin/cmake --install /home/sws/autoware/build/imu_corrector
