[0.022s] Invoking command in '/home/sws/autoware/build/diagnostic_converter': AMENT_PREFIX_PATH=/home/sws/autoware/install/autoware_cmake:/home/sws/autoware/install/tier4_simulation_msgs:/home/sws/autoware/install/autoware_lint_common:${AMENT_PREFIX_PATH} CMAKE_PREFIX_PATH=/home/sws/autoware/install/autoware_cmake:/home/sws/autoware/install/tier4_simulation_msgs:/home/sws/autoware/install/autoware_lint_common:/opt/ros/humble LD_LIBRARY_PATH=/home/sws/autoware/install/tier4_simulation_msgs/lib:${LD_LIBRARY_PATH} PYTHONPATH=/home/sws/autoware/install/tier4_simulation_msgs/local/lib/python3.10/dist-packages:${PYTHONPATH} /usr/bin/cmake /home/sws/autoware/src/universe/autoware.universe/evaluator/diagnostic_converter -DCMAKE_BUILD_TYPE=Release -DAMENT_CMAKE_SYMLINK_INSTALL=1 -DCMAKE_INSTALL_PREFIX=/home/sws/autoware/install/diagnostic_converter
[5.009s] -- The C compiler identification is GNU 11.3.0
[5.009s] -- The CXX compiler identification is GNU 11.3.0
[5.009s] -- Detecting C compiler ABI info
[5.009s] -- Detecting C compiler ABI info - done
[5.009s] -- Check for working C compiler: /usr/bin/cc - skipped
[5.009s] -- Detecting C compile features
[5.009s] -- Detecting C compile features - done
[5.009s] -- Detecting CXX compiler ABI info
[5.009s] -- Detecting CXX compiler ABI info - done
[5.009s] -- Check for working CXX compiler: /usr/bin/c++ - skipped
[5.009s] -- Detecting CXX compile features
[5.010s] -- Detecting CXX compile features - done
[5.010s] -- Found ament_cmake_auto: 1.3.3 (/opt/ros/humble/share/ament_cmake_auto/cmake)
[5.010s] -- Found Python3: /usr/bin/python3.10 (found version "3.10.6") found components: Interpreter 
[5.010s] -- Override CMake install command with custom implementation using symlinks instead of copying resources
[5.010s] -- Found pluginlib: 5.1.0 (/opt/ros/humble/share/pluginlib/cmake)
[5.010s] -- Found rosidl_generator_c: 3.1.4 (/opt/ros/humble/share/rosidl_generator_c/cmake)
[5.010s] -- Found rosidl_adapter: 3.1.4 (/opt/ros/humble/share/rosidl_adapter/cmake)
[5.010s] -- Found rosidl_generator_cpp: 3.1.4 (/opt/ros/humble/share/rosidl_generator_cpp/cmake)
[5.010s] -- Using all available rosidl_typesupport_c: rosidl_typesupport_fastrtps_c;rosidl_typesupport_introspection_c
[5.010s] -- Using all available rosidl_typesupport_cpp: rosidl_typesupport_fastrtps_cpp;rosidl_typesupport_introspection_cpp
[5.010s] -- Found rmw_implementation_cmake: 6.1.1 (/opt/ros/humble/share/rmw_implementation_cmake/cmake)
[5.011s] -- Found rmw_fastrtps_cpp: 6.2.2 (/opt/ros/humble/share/rmw_fastrtps_cpp/cmake)
[5.011s] -- Found OpenSSL: /usr/lib/x86_64-linux-gnu/libcrypto.so (found version "3.0.2")  
[5.011s] -- Found FastRTPS: /opt/ros/humble/include  
[5.011s] -- Using RMW implementation 'rmw_fastrtps_cpp' as default
[5.011s] -- Looking for pthread.h
[5.011s] -- Looking for pthread.h - found
[5.011s] -- Performing Test CMAKE_HAVE_LIBC_PTHREAD
[5.011s] -- Performing Test CMAKE_HAVE_LIBC_PTHREAD - Success
[5.011s] -- Found Threads: TRUE  
[5.011s] -- Found ament_lint_auto: 0.12.5 (/opt/ros/humble/share/ament_lint_auto/cmake)
[5.012s] -- Found gtest sources under '/opt/ros/humble/src/gtest_vendor': C++ tests using 'Google Test' will be built
[5.012s] -- Added test 'copyright' to check source files copyright and LICENSE
[5.012s] -- Added test 'cppcheck' to perform static code analysis on C / C++ code
[5.012s] -- Configured cppcheck include dirs: /home/sws/autoware/src/universe/autoware.universe/evaluator/diagnostic_converter/include
[5.012s] -- Configured cppcheck exclude dirs and/or files: 
[5.012s] -- Added test 'lint_cmake' to check CMake code style
[5.012s] -- Added test 'xmllint' to check XML markup files
[5.012s] -- Configuring done
[5.012s] -- Generating done
[5.012s] -- Build files have been written to: /home/sws/autoware/build/diagnostic_converter
[5.061s] Invoked command in '/home/sws/autoware/build/diagnostic_converter' returned '0': AMENT_PREFIX_PATH=/home/sws/autoware/install/autoware_cmake:/home/sws/autoware/install/tier4_simulation_msgs:/home/sws/autoware/install/autoware_lint_common:${AMENT_PREFIX_PATH} CMAKE_PREFIX_PATH=/home/sws/autoware/install/autoware_cmake:/home/sws/autoware/install/tier4_simulation_msgs:/home/sws/autoware/install/autoware_lint_common:/opt/ros/humble LD_LIBRARY_PATH=/home/sws/autoware/install/tier4_simulation_msgs/lib:${LD_LIBRARY_PATH} PYTHONPATH=/home/sws/autoware/install/tier4_simulation_msgs/local/lib/python3.10/dist-packages:${PYTHONPATH} /usr/bin/cmake /home/sws/autoware/src/universe/autoware.universe/evaluator/diagnostic_converter -DCMAKE_BUILD_TYPE=Release -DAMENT_CMAKE_SYMLINK_INSTALL=1 -DCMAKE_INSTALL_PREFIX=/home/sws/autoware/install/diagnostic_converter
[5.064s] Invoking command in '/home/sws/autoware/build/diagnostic_converter': AMENT_PREFIX_PATH=/home/sws/autoware/install/autoware_cmake:/home/sws/autoware/install/tier4_simulation_msgs:/home/sws/autoware/install/autoware_lint_common:${AMENT_PREFIX_PATH} CMAKE_PREFIX_PATH=/home/sws/autoware/install/autoware_cmake:/home/sws/autoware/install/tier4_simulation_msgs:/home/sws/autoware/install/autoware_lint_common:/opt/ros/humble LD_LIBRARY_PATH=/home/sws/autoware/install/tier4_simulation_msgs/lib:${LD_LIBRARY_PATH} PYTHONPATH=/home/sws/autoware/install/tier4_simulation_msgs/local/lib/python3.10/dist-packages:${PYTHONPATH} /usr/bin/cmake --build /home/sws/autoware/build/diagnostic_converter -- -j16 -l16
[6.437s] [ 10%] [32mBuilding CXX object CMakeFiles/diagnostic_converter_node.dir/src/converter_node.cpp.o[0m
[24.872s] [ 20%] [32m[1mLinking CXX shared library libdiagnostic_converter_node.so[0m
[25.139s] [ 20%] Built target diagnostic_converter_node
[25.176s] [ 30%] [32mBuilding CXX object gtest/CMakeFiles/gtest.dir/src/gtest-all.cc.o[0m
[36.476s] [ 40%] [32m[1mLinking CXX static library libgtest.a[0m
[36.526s] [ 40%] Built target gtest
[36.552s] [ 50%] [32mBuilding CXX object gtest/CMakeFiles/gtest_main.dir/src/gtest_main.cc.o[0m
[37.579s] [ 60%] [32m[1mLinking CXX static library libgtest_main.a[0m
[37.618s] [ 60%] Built target gtest_main
[37.642s] [ 70%] [32mBuilding CXX object CMakeFiles/diagnostic_converter.dir/rclcpp_components/node_main_diagnostic_converter.cpp.o[0m
[43.490s] [ 80%] [32m[1mLinking CXX executable diagnostic_converter[0m
[43.707s] [ 80%] Built target diagnostic_converter
[43.798s] [ 90%] [32mBuilding CXX object CMakeFiles/test_diagnostic_converter.dir/test/test_converter_node.cpp.o[0m
[63.882s] [100%] [32m[1mLinking CXX executable test_diagnostic_converter[0m
[64.205s] [100%] Built target test_diagnostic_converter
[64.228s] Invoked command in '/home/sws/autoware/build/diagnostic_converter' returned '0': AMENT_PREFIX_PATH=/home/sws/autoware/install/autoware_cmake:/home/sws/autoware/install/tier4_simulation_msgs:/home/sws/autoware/install/autoware_lint_common:${AMENT_PREFIX_PATH} CMAKE_PREFIX_PATH=/home/sws/autoware/install/autoware_cmake:/home/sws/autoware/install/tier4_simulation_msgs:/home/sws/autoware/install/autoware_lint_common:/opt/ros/humble LD_LIBRARY_PATH=/home/sws/autoware/install/tier4_simulation_msgs/lib:${LD_LIBRARY_PATH} PYTHONPATH=/home/sws/autoware/install/tier4_simulation_msgs/local/lib/python3.10/dist-packages:${PYTHONPATH} /usr/bin/cmake --build /home/sws/autoware/build/diagnostic_converter -- -j16 -l16
[65.039s] Invoking command in '/home/sws/autoware/build/diagnostic_converter': AMENT_PREFIX_PATH=/home/sws/autoware/install/autoware_cmake:/home/sws/autoware/install/tier4_simulation_msgs:/home/sws/autoware/install/autoware_lint_common:${AMENT_PREFIX_PATH} CMAKE_PREFIX_PATH=/home/sws/autoware/install/autoware_cmake:/home/sws/autoware/install/tier4_simulation_msgs:/home/sws/autoware/install/autoware_lint_common:/opt/ros/humble LD_LIBRARY_PATH=/home/sws/autoware/install/tier4_simulation_msgs/lib:${LD_LIBRARY_PATH} PYTHONPATH=/home/sws/autoware/install/tier4_simulation_msgs/local/lib/python3.10/dist-packages:${PYTHONPATH} /usr/bin/cmake --install /home/sws/autoware/build/diagnostic_converter
[90.376s] -- Install configuration: "Release"
[90.377s] -- Execute custom install script
[90.385s] -- Symlinking: /home/sws/autoware/install/diagnostic_converter/lib/diagnostic_converter/diagnostic_converter
[90.385s] -- Symlinking: /home/sws/autoware/install/diagnostic_converter/include/converter_node.hpp
[90.386s] -- Symlinking: /home/sws/autoware/install/diagnostic_converter/share/diagnostic_converter/environment/library_path.sh
[90.386s] -- Symlinking: /home/sws/autoware/install/diagnostic_converter/share/diagnostic_converter/environment/library_path.dsv
[90.386s] -- Symlinking: /home/sws/autoware/install/diagnostic_converter/lib/libdiagnostic_converter_node.so
[90.386s] -- Symlinking: /home/sws/autoware/install/diagnostic_converter/share/ament_index/resource_index/package_run_dependencies/diagnostic_converter
[90.386s] -- Symlinking: /home/sws/autoware/install/diagnostic_converter/share/ament_index/resource_index/parent_prefix_path/diagnostic_converter
[90.386s] -- Symlinking: /home/sws/autoware/install/diagnostic_converter/share/diagnostic_converter/environment/ament_prefix_path.sh
[90.386s] -- Symlinking: /home/sws/autoware/install/diagnostic_converter/share/diagnostic_converter/environment/ament_prefix_path.dsv
[90.386s] -- Symlinking: /home/sws/autoware/install/diagnostic_converter/share/diagnostic_converter/environment/path.sh
[90.386s] -- Symlinking: /home/sws/autoware/install/diagnostic_converter/share/diagnostic_converter/environment/path.dsv
[90.386s] -- Symlinking: /home/sws/autoware/install/diagnostic_converter/share/diagnostic_converter/local_setup.bash
[90.386s] -- Symlinking: /home/sws/autoware/install/diagnostic_converter/share/diagnostic_converter/local_setup.sh
[90.386s] -- Symlinking: /home/sws/autoware/install/diagnostic_converter/share/diagnostic_converter/local_setup.zsh
[90.387s] -- Symlinking: /home/sws/autoware/install/diagnostic_converter/share/diagnostic_converter/local_setup.dsv
[90.387s] -- Symlinking: /home/sws/autoware/install/diagnostic_converter/share/diagnostic_converter/package.dsv
[90.387s] -- Symlinking: /home/sws/autoware/install/diagnostic_converter/share/ament_index/resource_index/packages/diagnostic_converter
[90.387s] -- Symlinking: /home/sws/autoware/install/diagnostic_converter/share/ament_index/resource_index/rclcpp_components/diagnostic_converter
[90.387s] -- Symlinking: /home/sws/autoware/install/diagnostic_converter/share/diagnostic_converter/cmake/ament_cmake_export_dependencies-extras.cmake
[90.387s] -- Symlinking: /home/sws/autoware/install/diagnostic_converter/share/diagnostic_converter/cmake/ament_cmake_export_include_directories-extras.cmake
[90.387s] -- Symlinking: /home/sws/autoware/install/diagnostic_converter/share/diagnostic_converter/cmake/ament_cmake_export_libraries-extras.cmake
[90.387s] -- Symlinking: /home/sws/autoware/install/diagnostic_converter/share/diagnostic_converter/cmake/diagnostic_converterConfig.cmake
[90.387s] -- Symlinking: /home/sws/autoware/install/diagnostic_converter/share/diagnostic_converter/cmake/diagnostic_converterConfig-version.cmake
[90.387s] -- Symlinking: /home/sws/autoware/install/diagnostic_converter/share/diagnostic_converter/package.xml
[90.389s] Invoked command in '/home/sws/autoware/build/diagnostic_converter' returned '0': AMENT_PREFIX_PATH=/home/sws/autoware/install/autoware_cmake:/home/sws/autoware/install/tier4_simulation_msgs:/home/sws/autoware/install/autoware_lint_common:${AMENT_PREFIX_PATH} CMAKE_PREFIX_PATH=/home/sws/autoware/install/autoware_cmake:/home/sws/autoware/install/tier4_simulation_msgs:/home/sws/autoware/install/autoware_lint_common:/opt/ros/humble LD_LIBRARY_PATH=/home/sws/autoware/install/tier4_simulation_msgs/lib:${LD_LIBRARY_PATH} PYTHONPATH=/home/sws/autoware/install/tier4_simulation_msgs/local/lib/python3.10/dist-packages:${PYTHONPATH} /usr/bin/cmake --install /home/sws/autoware/build/diagnostic_converter
