[0.123s] Invoking command in '/home/sws/autoware/build/tensorrt_yolo': AMENT_PREFIX_PATH=/home/sws/autoware/install/tier4_perception_msgs:/home/sws/autoware/install/autoware_cmake:/home/sws/autoware/install/autoware_auto_perception_msgs:/home/sws/autoware/install/autoware_lint_common:/home/sws/autoware/install/autoware_auto_geometry_msgs:${AMENT_PREFIX_PATH} CMAKE_PREFIX_PATH=/home/sws/autoware/install/tier4_perception_msgs:/home/sws/autoware/install/autoware_cmake:/home/sws/autoware/install/autoware_auto_perception_msgs:/home/sws/autoware/install/autoware_lint_common:/home/sws/autoware/install/autoware_auto_geometry_msgs:/opt/ros/humble LD_LIBRARY_PATH=/home/sws/autoware/install/tier4_perception_msgs/lib:/home/sws/autoware/install/autoware_auto_perception_msgs/lib:/home/sws/autoware/install/autoware_auto_geometry_msgs/lib:${LD_LIBRARY_PATH} PYTHONPATH=/home/sws/autoware/install/tier4_perception_msgs/local/lib/python3.10/dist-packages:/home/sws/autoware/install/autoware_auto_perception_msgs/local/lib/python3.10/dist-packages:/home/sws/autoware/install/autoware_auto_geometry_msgs/local/lib/python3.10/dist-packages:${PYTHONPATH} /usr/bin/cmake /home/sws/autoware/src/universe/autoware.universe/perception/tensorrt_yolo -DCMAKE_BUILD_TYPE=Release -DAMENT_CMAKE_SYMLINK_INSTALL=1 -DCMAKE_INSTALL_PREFIX=/home/sws/autoware/install/tensorrt_yolo
[7.718s] -- The C compiler identification is GNU 11.3.0
[7.718s] -- The CXX compiler identification is GNU 11.3.0
[7.718s] -- Detecting C compiler ABI info
[7.718s] -- Detecting C compiler ABI info - done
[7.718s] -- Check for working C compiler: /usr/bin/cc - skipped
[7.718s] -- Detecting C compile features
[7.718s] -- Detecting C compile features - done
[7.718s] -- Detecting CXX compiler ABI info
[7.718s] -- Detecting CXX compiler ABI info - done
[7.718s] -- Check for working CXX compiler: /usr/bin/c++ - skipped
[7.718s] -- Detecting CXX compile features
[7.718s] -- Detecting CXX compile features - done
[7.718s] -- Found autoware_cmake: 0.1.0 (/home/sws/autoware/install/autoware_cmake/share/autoware_cmake/cmake)
[7.718s] -- Found Python3: /usr/bin/python3.10 (found version "3.10.6") found components: Interpreter 
[7.718s] -- Override CMake install command with custom implementation using symlinks instead of copying resources
[7.719s] -- Found rosidl_generator_c: 3.1.4 (/opt/ros/humble/share/rosidl_generator_c/cmake)
[7.719s] -- Found rosidl_adapter: 3.1.4 (/opt/ros/humble/share/rosidl_adapter/cmake)
[7.719s] -- Found rosidl_generator_cpp: 3.1.4 (/opt/ros/humble/share/rosidl_generator_cpp/cmake)
[7.719s] -- Using all available rosidl_typesupport_c: rosidl_typesupport_fastrtps_c;rosidl_typesupport_introspection_c
[7.719s] -- Using all available rosidl_typesupport_cpp: rosidl_typesupport_fastrtps_cpp;rosidl_typesupport_introspection_cpp
[7.719s] -- Found rmw_implementation_cmake: 6.1.1 (/opt/ros/humble/share/rmw_implementation_cmake/cmake)
[7.719s] -- Found rmw_fastrtps_cpp: 6.2.2 (/opt/ros/humble/share/rmw_fastrtps_cpp/cmake)
[7.719s] -- Found OpenSSL: /usr/lib/x86_64-linux-gnu/libcrypto.so (found version "3.0.2")  
[7.719s] -- Found FastRTPS: /opt/ros/humble/include  
[7.719s] -- Using RMW implementation 'rmw_fastrtps_cpp' as default
[7.719s] -- Looking for pthread.h
[7.719s] -- Looking for pthread.h - found
[7.719s] -- Performing Test CMAKE_HAVE_LIBC_PTHREAD
[7.719s] -- Performing Test CMAKE_HAVE_LIBC_PTHREAD - Success
[7.719s] -- Found Threads: TRUE  
[7.719s] -- Found ament_lint_auto: 0.12.5 (/opt/ros/humble/share/ament_lint_auto/cmake)
[7.719s] -- Found OpenCV: /usr (found version "4.5.4") 
[7.720s] -- Found CUDA: /usr/local/cuda (found version "11.6") 
[7.720s] -- Checking and downloading yolov3.onnx
[7.720s] -- start yolov3.onnx
[7.720s] -- not found yolov3.onnx
[7.720s] -- File doesn't exists. Downloading now ...
[13.329s] -- Download completed successfully!
[13.329s] -- Checking and downloading yolov4.onnx
[13.329s] -- start yolov4.onnx
[13.329s] -- not found yolov4.onnx
[13.329s] -- File doesn't exists. Downloading now ...
[18.591s] -- Download completed successfully!
[18.591s] -- Checking and downloading yolov4-tiny.onnx
[18.591s] -- start yolov4-tiny.onnx
[18.591s] -- not found yolov4-tiny.onnx
[18.591s] -- File doesn't exists. Downloading now ...
[19.172s] -- Download completed successfully!
[19.172s] -- Checking and downloading yolov5s.onnx
[19.172s] -- start yolov5s.onnx
[19.172s] -- not found yolov5s.onnx
[19.172s] -- File doesn't exists. Downloading now ...
[19.829s] -- Download completed successfully!
[19.829s] -- Checking and downloading yolov5m.onnx
[19.829s] -- start yolov5m.onnx
[19.829s] -- not found yolov5m.onnx
[19.829s] -- File doesn't exists. Downloading now ...
[22.314s] -- Download completed successfully!
[22.314s] -- Checking and downloading yolov5l.onnx
[22.314s] -- start yolov5l.onnx
[22.314s] -- not found yolov5l.onnx
[22.314s] -- File doesn't exists. Downloading now ...
[29.808s] -- Download completed successfully!
[29.808s] -- Checking and downloading yolov5x.onnx
[29.808s] -- start yolov5x.onnx
[29.809s] -- not found yolov5x.onnx
[29.809s] -- File doesn't exists. Downloading now ...
[40.209s] -- Download completed successfully!
[40.210s] -- Checking and downloading coco.names
[40.210s] -- start coco.names
[40.210s] -- not found coco.names
[40.210s] -- File doesn't exists. Downloading now ...
[40.262s] -- Download completed successfully!
[40.349s] -- Added test 'copyright' to check source files copyright and LICENSE
[40.353s] -- Added test 'cppcheck' to perform static code analysis on C / C++ code
[40.355s] -- Configured cppcheck include dirs: /home/sws/autoware/src/universe/autoware.universe/perception/tensorrt_yolo/include;/home/sws/autoware/src/universe/autoware.universe/perception/tensorrt_yolo/lib/include
[40.355s] -- Configured cppcheck exclude dirs and/or files: 
[40.357s] -- Added test 'lint_cmake' to check CMake code style
[40.358s] -- Added test 'xmllint' to check XML markup files
[40.364s] -- Configuring done
[40.429s] -- Generating done
[40.433s] -- Build files have been written to: /home/sws/autoware/build/tensorrt_yolo
[40.481s] Invoked command in '/home/sws/autoware/build/tensorrt_yolo' returned '0': AMENT_PREFIX_PATH=/home/sws/autoware/install/tier4_perception_msgs:/home/sws/autoware/install/autoware_cmake:/home/sws/autoware/install/autoware_auto_perception_msgs:/home/sws/autoware/install/autoware_lint_common:/home/sws/autoware/install/autoware_auto_geometry_msgs:${AMENT_PREFIX_PATH} CMAKE_PREFIX_PATH=/home/sws/autoware/install/tier4_perception_msgs:/home/sws/autoware/install/autoware_cmake:/home/sws/autoware/install/autoware_auto_perception_msgs:/home/sws/autoware/install/autoware_lint_common:/home/sws/autoware/install/autoware_auto_geometry_msgs:/opt/ros/humble LD_LIBRARY_PATH=/home/sws/autoware/install/tier4_perception_msgs/lib:/home/sws/autoware/install/autoware_auto_perception_msgs/lib:/home/sws/autoware/install/autoware_auto_geometry_msgs/lib:${LD_LIBRARY_PATH} PYTHONPATH=/home/sws/autoware/install/tier4_perception_msgs/local/lib/python3.10/dist-packages:/home/sws/autoware/install/autoware_auto_perception_msgs/local/lib/python3.10/dist-packages:/home/sws/autoware/install/autoware_auto_geometry_msgs/local/lib/python3.10/dist-packages:${PYTHONPATH} /usr/bin/cmake /home/sws/autoware/src/universe/autoware.universe/perception/tensorrt_yolo -DCMAKE_BUILD_TYPE=Release -DAMENT_CMAKE_SYMLINK_INSTALL=1 -DCMAKE_INSTALL_PREFIX=/home/sws/autoware/install/tensorrt_yolo
[40.482s] Invoking command in '/home/sws/autoware/build/tensorrt_yolo': AMENT_PREFIX_PATH=/home/sws/autoware/install/tier4_perception_msgs:/home/sws/autoware/install/autoware_cmake:/home/sws/autoware/install/autoware_auto_perception_msgs:/home/sws/autoware/install/autoware_lint_common:/home/sws/autoware/install/autoware_auto_geometry_msgs:${AMENT_PREFIX_PATH} CMAKE_PREFIX_PATH=/home/sws/autoware/install/tier4_perception_msgs:/home/sws/autoware/install/autoware_cmake:/home/sws/autoware/install/autoware_auto_perception_msgs:/home/sws/autoware/install/autoware_lint_common:/home/sws/autoware/install/autoware_auto_geometry_msgs:/opt/ros/humble LD_LIBRARY_PATH=/home/sws/autoware/install/tier4_perception_msgs/lib:/home/sws/autoware/install/autoware_auto_perception_msgs/lib:/home/sws/autoware/install/autoware_auto_geometry_msgs/lib:${LD_LIBRARY_PATH} PYTHONPATH=/home/sws/autoware/install/tier4_perception_msgs/local/lib/python3.10/dist-packages:/home/sws/autoware/install/autoware_auto_perception_msgs/local/lib/python3.10/dist-packages:/home/sws/autoware/install/autoware_auto_geometry_msgs/local/lib/python3.10/dist-packages:${PYTHONPATH} /usr/bin/cmake --build /home/sws/autoware/build/tensorrt_yolo -- -j16 -l16
[63.672s] [  6%] [34m[1mBuilding NVCC (Device) object CMakeFiles/mish_plugin.dir/lib/src/plugins/mish_plugin_generated_mish.cu.o[0m
[63.672s] [ 13%] [32mBuilding CXX object CMakeFiles/mish_plugin.dir/lib/src/plugins/mish_plugin.cpp.o[0m
[63.672s] [ 20%] [32m[1mLinking CXX shared library libmish_plugin.so[0m
[63.672s] [ 20%] Built target mish_plugin
[63.672s] [ 26%] [32mBuilding CXX object CMakeFiles/tensorrt_yolo_node.dir/rclcpp_components/node_main_tensorrt_yolo_node.cpp.o[0m
[63.673s] [ 33%] [32m[1mLinking CXX executable tensorrt_yolo_node[0m
[63.673s] [ 33%] Built target tensorrt_yolo_node
[63.673s] [ 40%] [34m[1mBuilding NVCC (Device) object CMakeFiles/nms_plugin.dir/lib/src/plugins/nms_plugin_generated_nms.cu.o[0m
[66.491s] [ 46%] [32mBuilding CXX object CMakeFiles/nms_plugin.dir/lib/src/plugins/nms_plugin.cpp.o[0m
[66.974s] [ 53%] [32m[1mLinking CXX shared library libnms_plugin.so[0m
[67.123s] [ 53%] Built target nms_plugin
[67.136s] [ 60%] [34m[1mBuilding NVCC (Device) object CMakeFiles/yolo_layer_plugin.dir/lib/src/plugins/yolo_layer_plugin_generated_yolo_layer.cu.o[0m
[70.688s] [ 66%] [32mBuilding CXX object CMakeFiles/yolo_layer_plugin.dir/lib/src/plugins/yolo_layer_plugin.cpp.o[0m
[71.523s] [ 73%] [32m[1mLinking CXX shared library libyolo_layer_plugin.so[0m
[71.630s] [ 73%] Built target yolo_layer_plugin
[71.647s] [ 80%] [32mBuilding CXX object CMakeFiles/yolo.dir/lib/src/trt_yolo.cpp.o[0m
[75.259s] [ 86%] [32m[1mLinking CXX shared library libyolo.so[0m
[75.409s] [ 86%] Built target yolo
[75.432s] [ 93%] [32mBuilding CXX object CMakeFiles/tensorrt_yolo_nodelet.dir/src/nodelet.cpp.o[0m
[84.556s] [100%] [32m[1mLinking CXX shared library libtensorrt_yolo_nodelet.so[0m
[84.815s] [100%] Built target tensorrt_yolo_nodelet
[84.831s] Invoked command in '/home/sws/autoware/build/tensorrt_yolo' returned '0': AMENT_PREFIX_PATH=/home/sws/autoware/install/tier4_perception_msgs:/home/sws/autoware/install/autoware_cmake:/home/sws/autoware/install/autoware_auto_perception_msgs:/home/sws/autoware/install/autoware_lint_common:/home/sws/autoware/install/autoware_auto_geometry_msgs:${AMENT_PREFIX_PATH} CMAKE_PREFIX_PATH=/home/sws/autoware/install/tier4_perception_msgs:/home/sws/autoware/install/autoware_cmake:/home/sws/autoware/install/autoware_auto_perception_msgs:/home/sws/autoware/install/autoware_lint_common:/home/sws/autoware/install/autoware_auto_geometry_msgs:/opt/ros/humble LD_LIBRARY_PATH=/home/sws/autoware/install/tier4_perception_msgs/lib:/home/sws/autoware/install/autoware_auto_perception_msgs/lib:/home/sws/autoware/install/autoware_auto_geometry_msgs/lib:${LD_LIBRARY_PATH} PYTHONPATH=/home/sws/autoware/install/tier4_perception_msgs/local/lib/python3.10/dist-packages:/home/sws/autoware/install/autoware_auto_perception_msgs/local/lib/python3.10/dist-packages:/home/sws/autoware/install/autoware_auto_geometry_msgs/local/lib/python3.10/dist-packages:${PYTHONPATH} /usr/bin/cmake --build /home/sws/autoware/build/tensorrt_yolo -- -j16 -l16
[84.947s] Invoking command in '/home/sws/autoware/build/tensorrt_yolo': AMENT_PREFIX_PATH=/home/sws/autoware/install/tier4_perception_msgs:/home/sws/autoware/install/autoware_cmake:/home/sws/autoware/install/autoware_auto_perception_msgs:/home/sws/autoware/install/autoware_lint_common:/home/sws/autoware/install/autoware_auto_geometry_msgs:${AMENT_PREFIX_PATH} CMAKE_PREFIX_PATH=/home/sws/autoware/install/tier4_perception_msgs:/home/sws/autoware/install/autoware_cmake:/home/sws/autoware/install/autoware_auto_perception_msgs:/home/sws/autoware/install/autoware_lint_common:/home/sws/autoware/install/autoware_auto_geometry_msgs:/opt/ros/humble LD_LIBRARY_PATH=/home/sws/autoware/install/tier4_perception_msgs/lib:/home/sws/autoware/install/autoware_auto_perception_msgs/lib:/home/sws/autoware/install/autoware_auto_geometry_msgs/lib:${LD_LIBRARY_PATH} PYTHONPATH=/home/sws/autoware/install/tier4_perception_msgs/local/lib/python3.10/dist-packages:/home/sws/autoware/install/autoware_auto_perception_msgs/local/lib/python3.10/dist-packages:/home/sws/autoware/install/autoware_auto_geometry_msgs/local/lib/python3.10/dist-packages:${PYTHONPATH} /usr/bin/cmake --install /home/sws/autoware/build/tensorrt_yolo
[96.090s] -- Install configuration: "Release"
[96.091s] -- Execute custom install script
[96.091s] -- Symlinking: /home/sws/autoware/install/tensorrt_yolo/lib/tensorrt_yolo/tensorrt_yolo_node
[96.091s] -- Symlinking: /home/sws/autoware/install/tensorrt_yolo/include/tensorrt_yolo/nodelet.hpp
[96.091s] -- Symlinking: /home/sws/autoware/install/tensorrt_yolo/share/tensorrt_yolo/environment/library_path.sh
[96.091s] -- Symlinking: /home/sws/autoware/install/tensorrt_yolo/share/tensorrt_yolo/environment/library_path.dsv
[96.092s] -- Symlinking: /home/sws/autoware/install/tensorrt_yolo/lib/libyolo.so
[96.092s] -- Symlinking: /home/sws/autoware/install/tensorrt_yolo/lib/libtensorrt_yolo_nodelet.so
[96.092s] -- Symlinking: /home/sws/autoware/install/tensorrt_yolo/share/tensorrt_yolo/config/yolov3.param.yaml
[96.092s] -- Symlinking: /home/sws/autoware/install/tensorrt_yolo/share/tensorrt_yolo/config/yolov4-tiny.param.yaml
[96.092s] -- Symlinking: /home/sws/autoware/install/tensorrt_yolo/share/tensorrt_yolo/config/yolov4.param.yaml
[96.092s] -- Symlinking: /home/sws/autoware/install/tensorrt_yolo/share/tensorrt_yolo/config/yolov5l.param.yaml
[96.093s] -- Symlinking: /home/sws/autoware/install/tensorrt_yolo/share/tensorrt_yolo/config/yolov5m.param.yaml
[96.093s] -- Symlinking: /home/sws/autoware/install/tensorrt_yolo/share/tensorrt_yolo/config/yolov5s.param.yaml
[96.093s] -- Symlinking: /home/sws/autoware/install/tensorrt_yolo/share/tensorrt_yolo/config/yolov5x.param.yaml
[96.093s] -- Symlinking: /home/sws/autoware/install/tensorrt_yolo/share/tensorrt_yolo/data/coco.names
[96.093s] -- Symlinking: /home/sws/autoware/install/tensorrt_yolo/share/tensorrt_yolo/data/yolov3.onnx
[96.093s] -- Symlinking: /home/sws/autoware/install/tensorrt_yolo/share/tensorrt_yolo/data/yolov4-tiny.onnx
[96.093s] -- Symlinking: /home/sws/autoware/install/tensorrt_yolo/share/tensorrt_yolo/data/yolov4.onnx
[96.093s] -- Symlinking: /home/sws/autoware/install/tensorrt_yolo/share/tensorrt_yolo/data/yolov5l.onnx
[96.093s] -- Symlinking: /home/sws/autoware/install/tensorrt_yolo/share/tensorrt_yolo/data/yolov5m.onnx
[96.093s] -- Symlinking: /home/sws/autoware/install/tensorrt_yolo/share/tensorrt_yolo/data/yolov5s.onnx
[96.093s] -- Symlinking: /home/sws/autoware/install/tensorrt_yolo/share/tensorrt_yolo/data/yolov5x.onnx
[96.094s] -- Symlinking: /home/sws/autoware/install/tensorrt_yolo/share/tensorrt_yolo/launch/tensorrt_yolo.launch.xml
[96.094s] -- Symlinking: /home/sws/autoware/install/tensorrt_yolo/share/tensorrt_yolo/launch/yolo.launch.xml
[96.094s] -- Symlinking: /home/sws/autoware/install/tensorrt_yolo/share/ament_index/resource_index/package_run_dependencies/tensorrt_yolo
[96.094s] -- Symlinking: /home/sws/autoware/install/tensorrt_yolo/share/ament_index/resource_index/parent_prefix_path/tensorrt_yolo
[96.095s] -- Symlinking: /home/sws/autoware/install/tensorrt_yolo/share/tensorrt_yolo/environment/ament_prefix_path.sh
[96.097s] -- Symlinking: /home/sws/autoware/install/tensorrt_yolo/share/tensorrt_yolo/environment/ament_prefix_path.dsv
[96.099s] -- Symlinking: /home/sws/autoware/install/tensorrt_yolo/share/tensorrt_yolo/environment/path.sh
[96.099s] -- Symlinking: /home/sws/autoware/install/tensorrt_yolo/share/tensorrt_yolo/environment/path.dsv
[96.099s] -- Symlinking: /home/sws/autoware/install/tensorrt_yolo/share/tensorrt_yolo/local_setup.bash
[96.099s] -- Symlinking: /home/sws/autoware/install/tensorrt_yolo/share/tensorrt_yolo/local_setup.sh
[96.099s] -- Symlinking: /home/sws/autoware/install/tensorrt_yolo/share/tensorrt_yolo/local_setup.zsh
[96.099s] -- Symlinking: /home/sws/autoware/install/tensorrt_yolo/share/tensorrt_yolo/local_setup.dsv
[96.100s] -- Symlinking: /home/sws/autoware/install/tensorrt_yolo/share/tensorrt_yolo/package.dsv
[96.100s] -- Symlinking: /home/sws/autoware/install/tensorrt_yolo/share/ament_index/resource_index/packages/tensorrt_yolo
[96.100s] -- Symlinking: /home/sws/autoware/install/tensorrt_yolo/share/ament_index/resource_index/rclcpp_components/tensorrt_yolo
[96.100s] -- Symlinking: /home/sws/autoware/install/tensorrt_yolo/share/tensorrt_yolo/cmake/ament_cmake_export_dependencies-extras.cmake
[96.100s] -- Symlinking: /home/sws/autoware/install/tensorrt_yolo/share/tensorrt_yolo/cmake/ament_cmake_export_include_directories-extras.cmake
[96.100s] -- Symlinking: /home/sws/autoware/install/tensorrt_yolo/share/tensorrt_yolo/cmake/ament_cmake_export_libraries-extras.cmake
[96.100s] -- Symlinking: /home/sws/autoware/install/tensorrt_yolo/share/tensorrt_yolo/cmake/tensorrt_yoloConfig.cmake
[96.100s] -- Symlinking: /home/sws/autoware/install/tensorrt_yolo/share/tensorrt_yolo/cmake/tensorrt_yoloConfig-version.cmake
[96.100s] -- Symlinking: /home/sws/autoware/install/tensorrt_yolo/share/tensorrt_yolo/package.xml
[96.100s] -- Symlinking: /home/sws/autoware/install/tensorrt_yolo/lib/libmish_plugin.so
[96.100s] -- Symlinking: /home/sws/autoware/install/tensorrt_yolo/lib/libyolo_layer_plugin.so
[96.101s] -- Symlinking: /home/sws/autoware/install/tensorrt_yolo/lib/libnms_plugin.so
[96.150s] Invoked command in '/home/sws/autoware/build/tensorrt_yolo' returned '0': AMENT_PREFIX_PATH=/home/sws/autoware/install/tier4_perception_msgs:/home/sws/autoware/install/autoware_cmake:/home/sws/autoware/install/autoware_auto_perception_msgs:/home/sws/autoware/install/autoware_lint_common:/home/sws/autoware/install/autoware_auto_geometry_msgs:${AMENT_PREFIX_PATH} CMAKE_PREFIX_PATH=/home/sws/autoware/install/tier4_perception_msgs:/home/sws/autoware/install/autoware_cmake:/home/sws/autoware/install/autoware_auto_perception_msgs:/home/sws/autoware/install/autoware_lint_common:/home/sws/autoware/install/autoware_auto_geometry_msgs:/opt/ros/humble LD_LIBRARY_PATH=/home/sws/autoware/install/tier4_perception_msgs/lib:/home/sws/autoware/install/autoware_auto_perception_msgs/lib:/home/sws/autoware/install/autoware_auto_geometry_msgs/lib:${LD_LIBRARY_PATH} PYTHONPATH=/home/sws/autoware/install/tier4_perception_msgs/local/lib/python3.10/dist-packages:/home/sws/autoware/install/autoware_auto_perception_msgs/local/lib/python3.10/dist-packages:/home/sws/autoware/install/autoware_auto_geometry_msgs/local/lib/python3.10/dist-packages:${PYTHONPATH} /usr/bin/cmake --install /home/sws/autoware/build/tensorrt_yolo
