[0.016s] Invoking command in '/home/sws/autoware/build/sample_sensor_kit_description': AMENT_PREFIX_PATH=/home/sws/autoware/install/velodyne_description:${AMENT_PREFIX_PATH} CMAKE_PREFIX_PATH=/home/sws/autoware/install/velodyne_description:/opt/ros/humble /usr/bin/cmake /home/sws/autoware/src/sensor_kit/sample_sensor_kit_launch/sample_sensor_kit_description -DCMAKE_BUILD_TYPE=Release -DAMENT_CMAKE_SYMLINK_INSTALL=1 -DCMAKE_INSTALL_PREFIX=/home/sws/autoware/install/sample_sensor_kit_description
[0.898s] -- The C compiler identification is GNU 11.3.0
[0.900s] -- The CXX compiler identification is GNU 11.3.0
[0.900s] -- Detecting C compiler ABI info
[0.900s] -- Detecting C compiler ABI info - done
[0.900s] -- Check for working C compiler: /usr/bin/cc - skipped
[0.900s] -- Detecting C compile features
[0.900s] -- Detecting C compile features - done
[0.900s] -- Detecting CXX compiler ABI info
[0.901s] -- Detecting CXX compiler ABI info - done
[0.901s] -- Check for working CXX compiler: /usr/bin/c++ - skipped
[0.901s] -- Detecting CXX compile features
[0.901s] -- Detecting CXX compile features - done
[0.901s] -- Found ament_cmake_auto: 1.3.3 (/opt/ros/humble/share/ament_cmake_auto/cmake)
[0.901s] -- Found Python3: /usr/bin/python3.10 (found version "3.10.6") found components: Interpreter 
[0.901s] -- Override CMake install command with custom implementation using symlinks instead of copying resources
[0.979s] -- Configuring done
[0.983s] -- Generating done
[0.984s] -- Build files have been written to: /home/sws/autoware/build/sample_sensor_kit_description
[0.990s] Invoked command in '/home/sws/autoware/build/sample_sensor_kit_description' returned '0': AMENT_PREFIX_PATH=/home/sws/autoware/install/velodyne_description:${AMENT_PREFIX_PATH} CMAKE_PREFIX_PATH=/home/sws/autoware/install/velodyne_description:/opt/ros/humble /usr/bin/cmake /home/sws/autoware/src/sensor_kit/sample_sensor_kit_launch/sample_sensor_kit_description -DCMAKE_BUILD_TYPE=Release -DAMENT_CMAKE_SYMLINK_INSTALL=1 -DCMAKE_INSTALL_PREFIX=/home/sws/autoware/install/sample_sensor_kit_description
[1.009s] Invoking command in '/home/sws/autoware/build/sample_sensor_kit_description': AMENT_PREFIX_PATH=/home/sws/autoware/install/velodyne_description:${AMENT_PREFIX_PATH} CMAKE_PREFIX_PATH=/home/sws/autoware/install/velodyne_description:/opt/ros/humble /usr/bin/cmake --build /home/sws/autoware/build/sample_sensor_kit_description -- -j16 -l16
[4.715s] Invoked command in '/home/sws/autoware/build/sample_sensor_kit_description' returned '0': AMENT_PREFIX_PATH=/home/sws/autoware/install/velodyne_description:${AMENT_PREFIX_PATH} CMAKE_PREFIX_PATH=/home/sws/autoware/install/velodyne_description:/opt/ros/humble /usr/bin/cmake --build /home/sws/autoware/build/sample_sensor_kit_description -- -j16 -l16
[4.775s] Invoking command in '/home/sws/autoware/build/sample_sensor_kit_description': AMENT_PREFIX_PATH=/home/sws/autoware/install/velodyne_description:${AMENT_PREFIX_PATH} CMAKE_PREFIX_PATH=/home/sws/autoware/install/velodyne_description:/opt/ros/humble /usr/bin/cmake --install /home/sws/autoware/build/sample_sensor_kit_description
[9.857s] -- Install configuration: "Release"
[9.857s] -- Execute custom install script
[9.857s] -- Symlinking: /home/sws/autoware/install/sample_sensor_kit_description/share/sample_sensor_kit_description/urdf/sensor_kit.xacro
[9.857s] -- Symlinking: /home/sws/autoware/install/sample_sensor_kit_description/share/sample_sensor_kit_description/urdf/sensors.xacro
[9.857s] -- Symlinking: /home/sws/autoware/install/sample_sensor_kit_description/share/sample_sensor_kit_description/config/sensor_kit_calibration.yaml
[9.857s] -- Symlinking: /home/sws/autoware/install/sample_sensor_kit_description/share/sample_sensor_kit_description/config/sensors_calibration.yaml
[9.858s] -- Symlinking: /home/sws/autoware/install/sample_sensor_kit_description/share/ament_index/resource_index/package_run_dependencies/sample_sensor_kit_description
[9.858s] -- Symlinking: /home/sws/autoware/install/sample_sensor_kit_description/share/ament_index/resource_index/parent_prefix_path/sample_sensor_kit_description
[9.858s] -- Symlinking: /home/sws/autoware/install/sample_sensor_kit_description/share/sample_sensor_kit_description/environment/ament_prefix_path.sh
[9.858s] -- Symlinking: /home/sws/autoware/install/sample_sensor_kit_description/share/sample_sensor_kit_description/environment/ament_prefix_path.dsv
[9.858s] -- Symlinking: /home/sws/autoware/install/sample_sensor_kit_description/share/sample_sensor_kit_description/environment/path.sh
[9.858s] -- Symlinking: /home/sws/autoware/install/sample_sensor_kit_description/share/sample_sensor_kit_description/environment/path.dsv
[9.859s] -- Symlinking: /home/sws/autoware/install/sample_sensor_kit_description/share/sample_sensor_kit_description/local_setup.bash
[9.859s] -- Symlinking: /home/sws/autoware/install/sample_sensor_kit_description/share/sample_sensor_kit_description/local_setup.sh
[9.859s] -- Symlinking: /home/sws/autoware/install/sample_sensor_kit_description/share/sample_sensor_kit_description/local_setup.zsh
[9.859s] -- Symlinking: /home/sws/autoware/install/sample_sensor_kit_description/share/sample_sensor_kit_description/local_setup.dsv
[9.859s] -- Symlinking: /home/sws/autoware/install/sample_sensor_kit_description/share/sample_sensor_kit_description/package.dsv
[9.859s] -- Symlinking: /home/sws/autoware/install/sample_sensor_kit_description/share/ament_index/resource_index/packages/sample_sensor_kit_description
[9.859s] -- Symlinking: /home/sws/autoware/install/sample_sensor_kit_description/share/sample_sensor_kit_description/cmake/ament_cmake_export_dependencies-extras.cmake
[9.859s] -- Symlinking: /home/sws/autoware/install/sample_sensor_kit_description/share/sample_sensor_kit_description/cmake/sample_sensor_kit_descriptionConfig.cmake
[9.860s] -- Symlinking: /home/sws/autoware/install/sample_sensor_kit_description/share/sample_sensor_kit_description/cmake/sample_sensor_kit_descriptionConfig-version.cmake
[9.860s] -- Symlinking: /home/sws/autoware/install/sample_sensor_kit_description/share/sample_sensor_kit_description/package.xml
[9.901s] Invoked command in '/home/sws/autoware/build/sample_sensor_kit_description' returned '0': AMENT_PREFIX_PATH=/home/sws/autoware/install/velodyne_description:${AMENT_PREFIX_PATH} CMAKE_PREFIX_PATH=/home/sws/autoware/install/velodyne_description:/opt/ros/humble /usr/bin/cmake --install /home/sws/autoware/build/sample_sensor_kit_description
