[0.151s] Invoking command in '/home/sws/autoware/build/traffic_light_classifier': AMENT_PREFIX_PATH=/home/sws/autoware/install/autoware_cmake:/home/sws/autoware/install/autoware_auto_perception_msgs:/home/sws/autoware/install/autoware_auto_geometry_msgs:${AMENT_PREFIX_PATH} CMAKE_PREFIX_PATH=/home/sws/autoware/install/autoware_cmake:/home/sws/autoware/install/autoware_auto_perception_msgs:/home/sws/autoware/install/autoware_auto_geometry_msgs:/opt/ros/humble LD_LIBRARY_PATH=/home/sws/autoware/install/autoware_auto_perception_msgs/lib:/home/sws/autoware/install/autoware_auto_geometry_msgs/lib:${LD_LIBRARY_PATH} PYTHONPATH=/home/sws/autoware/install/autoware_auto_perception_msgs/local/lib/python3.10/dist-packages:/home/sws/autoware/install/autoware_auto_geometry_msgs/local/lib/python3.10/dist-packages:${PYTHONPATH} /usr/bin/cmake /home/sws/autoware/src/universe/autoware.universe/perception/traffic_light_classifier -DCMAKE_BUILD_TYPE=Release -DAMENT_CMAKE_SYMLINK_INSTALL=1 -DCMAKE_INSTALL_PREFIX=/home/sws/autoware/install/traffic_light_classifier
[10.008s] -- The C compiler identification is GNU 11.3.0
[10.008s] -- The CXX compiler identification is GNU 11.3.0
[10.008s] -- Detecting C compiler ABI info
[10.009s] -- Detecting C compiler ABI info - done
[10.009s] -- Check for working C compiler: /usr/bin/cc - skipped
[10.009s] -- Detecting C compile features
[10.009s] -- Detecting C compile features - done
[10.009s] -- Detecting CXX compiler ABI info
[10.009s] -- Detecting CXX compiler ABI info - done
[10.009s] -- Check for working CXX compiler: /usr/bin/c++ - skipped
[10.009s] -- Detecting CXX compile features
[10.009s] -- Detecting CXX compile features - done
[10.009s] -- Found autoware_cmake: 0.1.0 (/home/sws/autoware/install/autoware_cmake/share/autoware_cmake/cmake)
[10.009s] -- Found Python3: /usr/bin/python3.10 (found version "3.10.6") found components: Interpreter 
[10.010s] -- Override CMake install command with custom implementation using symlinks instead of copying resources
[10.010s] -- Found rosidl_generator_c: 3.1.4 (/opt/ros/humble/share/rosidl_generator_c/cmake)
[10.010s] -- Found rosidl_adapter: 3.1.4 (/opt/ros/humble/share/rosidl_adapter/cmake)
[10.010s] -- Found rosidl_generator_cpp: 3.1.4 (/opt/ros/humble/share/rosidl_generator_cpp/cmake)
[10.010s] -- Using all available rosidl_typesupport_c: rosidl_typesupport_fastrtps_c;rosidl_typesupport_introspection_c
[10.010s] -- Using all available rosidl_typesupport_cpp: rosidl_typesupport_fastrtps_cpp;rosidl_typesupport_introspection_cpp
[10.010s] -- Found rmw_implementation_cmake: 6.1.1 (/opt/ros/humble/share/rmw_implementation_cmake/cmake)
[10.010s] -- Found rmw_fastrtps_cpp: 6.2.2 (/opt/ros/humble/share/rmw_fastrtps_cpp/cmake)
[10.010s] -- Found OpenSSL: /usr/lib/x86_64-linux-gnu/libcrypto.so (found version "3.0.2")  
[10.010s] -- Found FastRTPS: /opt/ros/humble/include  
[10.010s] -- Using RMW implementation 'rmw_fastrtps_cpp' as default
[10.011s] -- Looking for pthread.h
[10.011s] -- Looking for pthread.h - found
[10.011s] -- Performing Test CMAKE_HAVE_LIBC_PTHREAD
[10.011s] -- Performing Test CMAKE_HAVE_LIBC_PTHREAD - Success
[10.011s] -- Found Threads: TRUE  
[10.011s] -- Found ament_lint_auto: 0.12.5 (/opt/ros/humble/share/ament_lint_auto/cmake)
[10.011s] -- Found CUDA: /usr/local/cuda (found version "11.6") 
[10.011s] -- Checking and downloading traffic_light_classifier_mobilenetv2.onnx
[10.011s] -- start traffic_light_classifier_mobilenetv2.onnx
[10.011s] -- not found traffic_light_classifier_mobilenetv2.onnx
[10.011s] -- File doesn't exists. Downloading now ...
[10.012s] -- Download completed successfully!
[10.012s] -- Checking and downloading lamp_labels.txt
[10.012s] -- start lamp_labels.txt
[10.012s] -- not found lamp_labels.txt
[10.012s] -- File doesn't exists. Downloading now ...
[10.012s] -- Download completed successfully!
[10.012s] -- Found OpenCV: /usr (found version "4.5.4") 
[10.012s] -- Found Boost: /usr/lib/x86_64-linux-gnu/cmake/Boost-1.74.0/BoostConfig.cmake (found version "1.74.0") found components: filesystem 
[10.036s] -- Configuring done
[10.121s] -- Generating done
[10.121s] -- Build files have been written to: /home/sws/autoware/build/traffic_light_classifier
[10.138s] Invoked command in '/home/sws/autoware/build/traffic_light_classifier' returned '0': AMENT_PREFIX_PATH=/home/sws/autoware/install/autoware_cmake:/home/sws/autoware/install/autoware_auto_perception_msgs:/home/sws/autoware/install/autoware_auto_geometry_msgs:${AMENT_PREFIX_PATH} CMAKE_PREFIX_PATH=/home/sws/autoware/install/autoware_cmake:/home/sws/autoware/install/autoware_auto_perception_msgs:/home/sws/autoware/install/autoware_auto_geometry_msgs:/opt/ros/humble LD_LIBRARY_PATH=/home/sws/autoware/install/autoware_auto_perception_msgs/lib:/home/sws/autoware/install/autoware_auto_geometry_msgs/lib:${LD_LIBRARY_PATH} PYTHONPATH=/home/sws/autoware/install/autoware_auto_perception_msgs/local/lib/python3.10/dist-packages:/home/sws/autoware/install/autoware_auto_geometry_msgs/local/lib/python3.10/dist-packages:${PYTHONPATH} /usr/bin/cmake /home/sws/autoware/src/universe/autoware.universe/perception/traffic_light_classifier -DCMAKE_BUILD_TYPE=Release -DAMENT_CMAKE_SYMLINK_INSTALL=1 -DCMAKE_INSTALL_PREFIX=/home/sws/autoware/install/traffic_light_classifier
[10.147s] Invoking command in '/home/sws/autoware/build/traffic_light_classifier': AMENT_PREFIX_PATH=/home/sws/autoware/install/autoware_cmake:/home/sws/autoware/install/autoware_auto_perception_msgs:/home/sws/autoware/install/autoware_auto_geometry_msgs:${AMENT_PREFIX_PATH} CMAKE_PREFIX_PATH=/home/sws/autoware/install/autoware_cmake:/home/sws/autoware/install/autoware_auto_perception_msgs:/home/sws/autoware/install/autoware_auto_geometry_msgs:/opt/ros/humble LD_LIBRARY_PATH=/home/sws/autoware/install/autoware_auto_perception_msgs/lib:/home/sws/autoware/install/autoware_auto_geometry_msgs/lib:${LD_LIBRARY_PATH} PYTHONPATH=/home/sws/autoware/install/autoware_auto_perception_msgs/local/lib/python3.10/dist-packages:/home/sws/autoware/install/autoware_auto_geometry_msgs/local/lib/python3.10/dist-packages:${PYTHONPATH} /usr/bin/cmake --build /home/sws/autoware/build/traffic_light_classifier -- -j16 -l16
[11.120s] [  6%] [32mBuilding CXX object CMakeFiles/libutils.dir/utils/trt_common.cpp.o[0m
[12.223s] [ 13%] [32m[1mLinking CXX shared library liblibutils.so[0m
[12.433s] [ 13%] Built target libutils
[12.458s] [ 20%] [32mBuilding CXX object CMakeFiles/single_image_debug_inference.dir/rclcpp_components/node_main_single_image_debug_inference.cpp.o[0m
[17.070s] [ 26%] [32m[1mLinking CXX executable single_image_debug_inference[0m
[17.176s] [ 26%] Built target single_image_debug_inference
[17.198s] [ 33%] [32mBuilding CXX object CMakeFiles/traffic_light_classifier_nodelet.dir/src/color_classifier.cpp.o[0m
[23.144s] [ 40%] [32mBuilding CXX object CMakeFiles/traffic_light_classifier_nodelet.dir/src/nodelet.cpp.o[0m
[47.581s] [ 46%] [32mBuilding CXX object CMakeFiles/traffic_light_classifier_nodelet.dir/src/cnn_classifier.cpp.o[0m
[54.616s] [ 53%] [32m[1mLinking CXX shared library libtraffic_light_classifier_nodelet.so[0m
[54.896s] [ 53%] Built target traffic_light_classifier_nodelet
[54.926s] [ 60%] [32mBuilding CXX object CMakeFiles/traffic_light_classifier_node.dir/rclcpp_components/node_main_traffic_light_classifier_node.cpp.o[0m
[58.856s] [ 66%] [32m[1mLinking CXX executable traffic_light_classifier_node[0m
[58.959s] [ 66%] Built target traffic_light_classifier_node
[58.977s] [ 73%] [32mBuilding CXX object CMakeFiles/single_image_debug_inference_node.dir/src/cnn_classifier.cpp.o[0m
[69.277s] [ 80%] [32mBuilding CXX object CMakeFiles/single_image_debug_inference_node.dir/src/single_image_debug_inference_node.cpp.o[0m
[77.020s] [ 86%] [32mBuilding CXX object CMakeFiles/single_image_debug_inference_node.dir/src/nodelet.cpp.o[0m
[103.372s] [ 93%] [32mBuilding CXX object CMakeFiles/single_image_debug_inference_node.dir/src/color_classifier.cpp.o[0m
[108.976s] [100%] [32m[1mLinking CXX shared library libsingle_image_debug_inference_node.so[0m
[109.268s] [100%] Built target single_image_debug_inference_node
[109.295s] Invoked command in '/home/sws/autoware/build/traffic_light_classifier' returned '0': AMENT_PREFIX_PATH=/home/sws/autoware/install/autoware_cmake:/home/sws/autoware/install/autoware_auto_perception_msgs:/home/sws/autoware/install/autoware_auto_geometry_msgs:${AMENT_PREFIX_PATH} CMAKE_PREFIX_PATH=/home/sws/autoware/install/autoware_cmake:/home/sws/autoware/install/autoware_auto_perception_msgs:/home/sws/autoware/install/autoware_auto_geometry_msgs:/opt/ros/humble LD_LIBRARY_PATH=/home/sws/autoware/install/autoware_auto_perception_msgs/lib:/home/sws/autoware/install/autoware_auto_geometry_msgs/lib:${LD_LIBRARY_PATH} PYTHONPATH=/home/sws/autoware/install/autoware_auto_perception_msgs/local/lib/python3.10/dist-packages:/home/sws/autoware/install/autoware_auto_geometry_msgs/local/lib/python3.10/dist-packages:${PYTHONPATH} /usr/bin/cmake --build /home/sws/autoware/build/traffic_light_classifier -- -j16 -l16
[109.437s] Invoking command in '/home/sws/autoware/build/traffic_light_classifier': AMENT_PREFIX_PATH=/home/sws/autoware/install/autoware_cmake:/home/sws/autoware/install/autoware_auto_perception_msgs:/home/sws/autoware/install/autoware_auto_geometry_msgs:${AMENT_PREFIX_PATH} CMAKE_PREFIX_PATH=/home/sws/autoware/install/autoware_cmake:/home/sws/autoware/install/autoware_auto_perception_msgs:/home/sws/autoware/install/autoware_auto_geometry_msgs:/opt/ros/humble LD_LIBRARY_PATH=/home/sws/autoware/install/autoware_auto_perception_msgs/lib:/home/sws/autoware/install/autoware_auto_geometry_msgs/lib:${LD_LIBRARY_PATH} PYTHONPATH=/home/sws/autoware/install/autoware_auto_perception_msgs/local/lib/python3.10/dist-packages:/home/sws/autoware/install/autoware_auto_geometry_msgs/local/lib/python3.10/dist-packages:${PYTHONPATH} /usr/bin/cmake --install /home/sws/autoware/build/traffic_light_classifier
[130.459s] -- Install configuration: "Release"
[130.460s] -- Execute custom install script
[130.462s] -- Symlinking: /home/sws/autoware/install/traffic_light_classifier/lib/traffic_light_classifier/traffic_light_classifier_node
[130.466s] -- Symlinking: /home/sws/autoware/install/traffic_light_classifier/lib/traffic_light_classifier/single_image_debug_inference
[130.466s] -- Symlinking: /home/sws/autoware/install/traffic_light_classifier/include/traffic_light_classifier/classifier_interface.hpp
[130.466s] -- Symlinking: /home/sws/autoware/install/traffic_light_classifier/include/traffic_light_classifier/cnn_classifier.hpp
[130.466s] -- Symlinking: /home/sws/autoware/install/traffic_light_classifier/include/traffic_light_classifier/color_classifier.hpp
[130.467s] -- Symlinking: /home/sws/autoware/install/traffic_light_classifier/include/traffic_light_classifier/nodelet.hpp
[130.467s] -- Symlinking: /home/sws/autoware/install/traffic_light_classifier/share/traffic_light_classifier/environment/library_path.sh
[130.467s] -- Symlinking: /home/sws/autoware/install/traffic_light_classifier/share/traffic_light_classifier/environment/library_path.dsv
[130.467s] -- Symlinking: /home/sws/autoware/install/traffic_light_classifier/lib/liblibutils.so
[130.467s] -- Symlinking: /home/sws/autoware/install/traffic_light_classifier/lib/libtraffic_light_classifier_nodelet.so
[130.467s] -- Symlinking: /home/sws/autoware/install/traffic_light_classifier/lib/libsingle_image_debug_inference_node.so
[130.467s] -- Symlinking: /home/sws/autoware/install/traffic_light_classifier/share/traffic_light_classifier/data/lamp_labels.txt
[130.467s] -- Symlinking: /home/sws/autoware/install/traffic_light_classifier/share/traffic_light_classifier/data/traffic_light_classifier_mobilenetv2.onnx
[130.468s] -- Symlinking: /home/sws/autoware/install/traffic_light_classifier/share/traffic_light_classifier/launch/traffic_light_classifier.launch.xml
[130.468s] -- Symlinking: /home/sws/autoware/install/traffic_light_classifier/share/ament_index/resource_index/package_run_dependencies/traffic_light_classifier
[130.468s] -- Symlinking: /home/sws/autoware/install/traffic_light_classifier/share/ament_index/resource_index/parent_prefix_path/traffic_light_classifier
[130.468s] -- Symlinking: /home/sws/autoware/install/traffic_light_classifier/share/traffic_light_classifier/environment/ament_prefix_path.sh
[130.468s] -- Symlinking: /home/sws/autoware/install/traffic_light_classifier/share/traffic_light_classifier/environment/ament_prefix_path.dsv
[130.468s] -- Symlinking: /home/sws/autoware/install/traffic_light_classifier/share/traffic_light_classifier/environment/path.sh
[130.468s] -- Symlinking: /home/sws/autoware/install/traffic_light_classifier/share/traffic_light_classifier/environment/path.dsv
[130.468s] -- Symlinking: /home/sws/autoware/install/traffic_light_classifier/share/traffic_light_classifier/local_setup.bash
[130.468s] -- Symlinking: /home/sws/autoware/install/traffic_light_classifier/share/traffic_light_classifier/local_setup.sh
[130.468s] -- Symlinking: /home/sws/autoware/install/traffic_light_classifier/share/traffic_light_classifier/local_setup.zsh
[130.469s] -- Symlinking: /home/sws/autoware/install/traffic_light_classifier/share/traffic_light_classifier/local_setup.dsv
[130.469s] -- Symlinking: /home/sws/autoware/install/traffic_light_classifier/share/traffic_light_classifier/package.dsv
[130.469s] -- Symlinking: /home/sws/autoware/install/traffic_light_classifier/share/ament_index/resource_index/packages/traffic_light_classifier
[130.469s] -- Symlinking: /home/sws/autoware/install/traffic_light_classifier/share/ament_index/resource_index/rclcpp_components/traffic_light_classifier
[130.469s] -- Symlinking: /home/sws/autoware/install/traffic_light_classifier/share/traffic_light_classifier/cmake/ament_cmake_export_dependencies-extras.cmake
[130.469s] -- Symlinking: /home/sws/autoware/install/traffic_light_classifier/share/traffic_light_classifier/cmake/ament_cmake_export_include_directories-extras.cmake
[130.469s] -- Symlinking: /home/sws/autoware/install/traffic_light_classifier/share/traffic_light_classifier/cmake/ament_cmake_export_libraries-extras.cmake
[130.469s] -- Symlinking: /home/sws/autoware/install/traffic_light_classifier/share/traffic_light_classifier/cmake/traffic_light_classifierConfig.cmake
[130.469s] -- Symlinking: /home/sws/autoware/install/traffic_light_classifier/share/traffic_light_classifier/cmake/traffic_light_classifierConfig-version.cmake
[130.469s] -- Symlinking: /home/sws/autoware/install/traffic_light_classifier/share/traffic_light_classifier/package.xml
[130.498s] Invoked command in '/home/sws/autoware/build/traffic_light_classifier' returned '0': AMENT_PREFIX_PATH=/home/sws/autoware/install/autoware_cmake:/home/sws/autoware/install/autoware_auto_perception_msgs:/home/sws/autoware/install/autoware_auto_geometry_msgs:${AMENT_PREFIX_PATH} CMAKE_PREFIX_PATH=/home/sws/autoware/install/autoware_cmake:/home/sws/autoware/install/autoware_auto_perception_msgs:/home/sws/autoware/install/autoware_auto_geometry_msgs:/opt/ros/humble LD_LIBRARY_PATH=/home/sws/autoware/install/autoware_auto_perception_msgs/lib:/home/sws/autoware/install/autoware_auto_geometry_msgs/lib:${LD_LIBRARY_PATH} PYTHONPATH=/home/sws/autoware/install/autoware_auto_perception_msgs/local/lib/python3.10/dist-packages:/home/sws/autoware/install/autoware_auto_geometry_msgs/local/lib/python3.10/dist-packages:${PYTHONPATH} /usr/bin/cmake --install /home/sws/autoware/build/traffic_light_classifier
