[0.047s] Invoking command in '/home/sws/autoware/build/tier4_debug_rviz_plugin': AMENT_PREFIX_PATH=/home/sws/autoware/install/autoware_cmake:/home/sws/autoware/install/tier4_debug_msgs:/home/sws/autoware/install/autoware_lint_common:${AMENT_PREFIX_PATH} CMAKE_PREFIX_PATH=/home/sws/autoware/install/autoware_cmake:/home/sws/autoware/install/tier4_debug_msgs:/home/sws/autoware/install/autoware_lint_common:/opt/ros/humble LD_LIBRARY_PATH=/home/sws/autoware/install/tier4_debug_msgs/lib:${LD_LIBRARY_PATH} PYTHONPATH=/home/sws/autoware/install/tier4_debug_msgs/local/lib/python3.10/dist-packages:${PYTHONPATH} /usr/bin/cmake /home/sws/autoware/src/universe/autoware.universe/common/tier4_debug_rviz_plugin -DCMAKE_BUILD_TYPE=Release -DAMENT_CMAKE_SYMLINK_INSTALL=1 -DCMAKE_INSTALL_PREFIX=/home/sws/autoware/install/tier4_debug_rviz_plugin
[8.264s] -- The C compiler identification is GNU 11.3.0
[8.264s] -- The CXX compiler identification is GNU 11.3.0
[8.264s] -- Detecting C compiler ABI info
[8.264s] -- Detecting C compiler ABI info - done
[8.264s] -- Check for working C compiler: /usr/bin/cc - skipped
[8.264s] -- Detecting C compile features
[8.264s] -- Detecting C compile features - done
[8.264s] -- Detecting CXX compiler ABI info
[8.264s] -- Detecting CXX compiler ABI info - done
[8.265s] -- Check for working CXX compiler: /usr/bin/c++ - skipped
[8.265s] -- Detecting CXX compile features
[8.265s] -- Detecting CXX compile features - done
[8.265s] -- Found autoware_cmake: 0.1.0 (/home/sws/autoware/install/autoware_cmake/share/autoware_cmake/cmake)
[8.265s] -- Found Python3: /usr/bin/python3.10 (found version "3.10.6") found components: Interpreter 
[8.265s] -- Override CMake install command with custom implementation using symlinks instead of copying resources
[8.265s] -- Found rosidl_generator_c: 3.1.4 (/opt/ros/humble/share/rosidl_generator_c/cmake)
[8.265s] -- Found rosidl_adapter: 3.1.4 (/opt/ros/humble/share/rosidl_adapter/cmake)
[8.265s] -- Found rosidl_generator_cpp: 3.1.4 (/opt/ros/humble/share/rosidl_generator_cpp/cmake)
[8.265s] -- Using all available rosidl_typesupport_c: rosidl_typesupport_fastrtps_c;rosidl_typesupport_introspection_c
[8.265s] -- Using all available rosidl_typesupport_cpp: rosidl_typesupport_fastrtps_cpp;rosidl_typesupport_introspection_cpp
[8.266s] -- Found rmw_implementation_cmake: 6.1.1 (/opt/ros/humble/share/rmw_implementation_cmake/cmake)
[8.266s] -- Found rmw_fastrtps_cpp: 6.2.2 (/opt/ros/humble/share/rmw_fastrtps_cpp/cmake)
[8.266s] -- Found OpenSSL: /usr/lib/x86_64-linux-gnu/libcrypto.so (found version "3.0.2")  
[8.266s] -- Found FastRTPS: /opt/ros/humble/include  
[8.266s] -- Using RMW implementation 'rmw_fastrtps_cpp' as default
[8.266s] -- Looking for pthread.h
[8.266s] -- Looking for pthread.h - found
[8.266s] -- Performing Test CMAKE_HAVE_LIBC_PTHREAD
[8.266s] -- Performing Test CMAKE_HAVE_LIBC_PTHREAD - Success
[8.266s] -- Found Threads: TRUE  
[8.266s] -- Setting OGRE_DIR to: '/opt/ros/humble/share/rviz_ogre_vendor/cmake/../../../opt/rviz_ogre_vendor/lib/OGRE/cmake'
[8.266s] -- Found OGRE
[8.267s] --   static     : OFF
[8.267s] --   components : HLMS;MeshLodGenerator;Overlay;Paging;Property;RTShaderSystem;Terrain;Volume
[8.267s] --   plugins    : Plugin_BSPSceneManager;Plugin_OctreeSceneManager;Plugin_PCZSceneManager;Plugin_ParticleFX;RenderSystem_GL;RenderSystem_GL3Plus;Codec_STBI
[8.267s] --   media      : /opt/ros/humble/opt/rviz_ogre_vendor/share/OGRE/Media
[8.267s] -- OGRE_LIBRARIES: OgreHLMS;OgreMeshLodGenerator;OgreOverlay;OgrePaging;OgreProperty;OgreRTShaderSystem;OgreTerrain;OgreVolume;OgreMain
[8.267s] -- OGRE_LIBRARY_DIRS: /opt/ros/humble/opt/rviz_ogre_vendor/lib
[8.267s] -- OGRE_PLUGINS: Plugin_BSPSceneManager;Plugin_OctreeSceneManager;Plugin_PCZSceneManager;Plugin_ParticleFX;RenderSystem_GL;RenderSystem_GL3Plus;Codec_STBI
[8.267s] -- OGRE_PLUGIN_DIR: /opt/ros/humble/opt/rviz_ogre_vendor/lib/OGRE
[8.267s] -- rviz_ogre_vendor::OgreOverlay for IMPORTED_LOCATION_RELEASE: /opt/ros/humble/opt/rviz_ogre_vendor/lib/libOgreOverlay.so
[8.267s] -- rviz_ogre_vendor::OgreOverlay for IMPORTED_LOCATION_DEBUG: /opt/ros/humble/opt/rviz_ogre_vendor/lib/libOgreOverlay.so
[8.267s] -- rviz_ogre_vendor::OgreMain for IMPORTED_LOCATION_RELEASE: /opt/ros/humble/opt/rviz_ogre_vendor/lib/libOgreMain.so
[8.267s] -- rviz_ogre_vendor::OgreMain for IMPORTED_LOCATION_DEBUG: /opt/ros/humble/opt/rviz_ogre_vendor/lib/libOgreMain.so
[8.268s] -- Could not find freeimage library
[8.268s] -- Found ZLIB: /usr/lib/x86_64-linux-gnu/libz.so (found version "1.2.11") 
[8.268s] -- Found OpenGL: /usr/lib/x86_64-linux-gnu/libOpenGL.so   
[8.268s] -- Found X11: /usr/include   
[8.268s] -- Looking for XOpenDisplay in /usr/lib/x86_64-linux-gnu/libX11.so;/usr/lib/x86_64-linux-gnu/libXext.so
[8.268s] -- Looking for XOpenDisplay in /usr/lib/x86_64-linux-gnu/libX11.so;/usr/lib/x86_64-linux-gnu/libXext.so - found
[8.268s] -- Looking for gethostbyname
[8.268s] -- Looking for gethostbyname - found
[8.268s] -- Looking for connect
[8.268s] -- Looking for connect - found
[8.268s] -- Looking for remove
[8.268s] -- Looking for remove - found
[8.269s] -- Looking for shmat
[8.269s] -- Looking for shmat - found
[8.269s] -- Looking for IceConnectionNumber in ICE
[8.269s] -- Looking for IceConnectionNumber in ICE - found
[8.269s] -- rviz_ogre_vendor::RenderSystem_GL for IMPORTED_LOCATION_RELEASE: _render_system_gl_static_library_abs-NOTFOUND
[8.269s] -- rviz_ogre_vendor::RenderSystem_GL for IMPORTED_LOCATION_DEBUG: _render_system_gl_static_library_abs-NOTFOUND
[8.269s] -- library: /usr/lib/x86_64-linux-gnu/libcurl.so
[8.269s] -- Found Eigen3: TRUE (found version "3.4.0") 
[8.269s] -- Ensuring Eigen3 include directory is part of orocos-kdl CMake target
[8.269s] -- Found ament_lint_auto: 0.12.5 (/opt/ros/humble/share/ament_lint_auto/cmake)
[8.269s] -- Added test 'copyright' to check source files copyright and LICENSE
[8.270s] -- Added test 'cppcheck' to perform static code analysis on C / C++ code
[8.270s] -- Configured cppcheck include dirs: /home/sws/autoware/src/universe/autoware.universe/common/tier4_debug_rviz_plugin/include
[8.270s] -- Configured cppcheck exclude dirs and/or files: 
[8.270s] -- Added test 'lint_cmake' to check CMake code style
[8.270s] -- Added test 'xmllint' to check XML markup files
[8.270s] -- Configuring done
[8.270s] -- Generating done
[8.270s] -- Build files have been written to: /home/sws/autoware/build/tier4_debug_rviz_plugin
[8.333s] Invoked command in '/home/sws/autoware/build/tier4_debug_rviz_plugin' returned '0': AMENT_PREFIX_PATH=/home/sws/autoware/install/autoware_cmake:/home/sws/autoware/install/tier4_debug_msgs:/home/sws/autoware/install/autoware_lint_common:${AMENT_PREFIX_PATH} CMAKE_PREFIX_PATH=/home/sws/autoware/install/autoware_cmake:/home/sws/autoware/install/tier4_debug_msgs:/home/sws/autoware/install/autoware_lint_common:/opt/ros/humble LD_LIBRARY_PATH=/home/sws/autoware/install/tier4_debug_msgs/lib:${LD_LIBRARY_PATH} PYTHONPATH=/home/sws/autoware/install/tier4_debug_msgs/local/lib/python3.10/dist-packages:${PYTHONPATH} /usr/bin/cmake /home/sws/autoware/src/universe/autoware.universe/common/tier4_debug_rviz_plugin -DCMAKE_BUILD_TYPE=Release -DAMENT_CMAKE_SYMLINK_INSTALL=1 -DCMAKE_INSTALL_PREFIX=/home/sws/autoware/install/tier4_debug_rviz_plugin
[8.335s] Invoking command in '/home/sws/autoware/build/tier4_debug_rviz_plugin': AMENT_PREFIX_PATH=/home/sws/autoware/install/autoware_cmake:/home/sws/autoware/install/tier4_debug_msgs:/home/sws/autoware/install/autoware_lint_common:${AMENT_PREFIX_PATH} CMAKE_PREFIX_PATH=/home/sws/autoware/install/autoware_cmake:/home/sws/autoware/install/tier4_debug_msgs:/home/sws/autoware/install/autoware_lint_common:/opt/ros/humble LD_LIBRARY_PATH=/home/sws/autoware/install/tier4_debug_msgs/lib:${LD_LIBRARY_PATH} PYTHONPATH=/home/sws/autoware/install/tier4_debug_msgs/local/lib/python3.10/dist-packages:${PYTHONPATH} /usr/bin/cmake --build /home/sws/autoware/build/tier4_debug_rviz_plugin -- -j16 -l16
[9.500s] [ 20%] [34m[1mAutomatic MOC for target tier4_debug_rviz_plugin[0m
[9.500s] [ 20%] Built target tier4_debug_rviz_plugin_autogen
[9.500s] [ 40%] [32mBuilding CXX object CMakeFiles/tier4_debug_rviz_plugin.dir/src/jsk_overlay_utils.cpp.o[0m
[9.501s] [ 60%] [32mBuilding CXX object CMakeFiles/tier4_debug_rviz_plugin.dir/tier4_debug_rviz_plugin_autogen/mocs_compilation.cpp.o[0m
[9.501s] [ 80%] [32mBuilding CXX object CMakeFiles/tier4_debug_rviz_plugin.dir/src/float32_multi_array_stamped_pie_chart.cpp.o[0m
[35.602s] [100%] [32m[1mLinking CXX shared library libtier4_debug_rviz_plugin.so[0m
[37.458s] [100%] Built target tier4_debug_rviz_plugin
[37.472s] Invoked command in '/home/sws/autoware/build/tier4_debug_rviz_plugin' returned '0': AMENT_PREFIX_PATH=/home/sws/autoware/install/autoware_cmake:/home/sws/autoware/install/tier4_debug_msgs:/home/sws/autoware/install/autoware_lint_common:${AMENT_PREFIX_PATH} CMAKE_PREFIX_PATH=/home/sws/autoware/install/autoware_cmake:/home/sws/autoware/install/tier4_debug_msgs:/home/sws/autoware/install/autoware_lint_common:/opt/ros/humble LD_LIBRARY_PATH=/home/sws/autoware/install/tier4_debug_msgs/lib:${LD_LIBRARY_PATH} PYTHONPATH=/home/sws/autoware/install/tier4_debug_msgs/local/lib/python3.10/dist-packages:${PYTHONPATH} /usr/bin/cmake --build /home/sws/autoware/build/tier4_debug_rviz_plugin -- -j16 -l16
[37.514s] Invoking command in '/home/sws/autoware/build/tier4_debug_rviz_plugin': AMENT_PREFIX_PATH=/home/sws/autoware/install/autoware_cmake:/home/sws/autoware/install/tier4_debug_msgs:/home/sws/autoware/install/autoware_lint_common:${AMENT_PREFIX_PATH} CMAKE_PREFIX_PATH=/home/sws/autoware/install/autoware_cmake:/home/sws/autoware/install/tier4_debug_msgs:/home/sws/autoware/install/autoware_lint_common:/opt/ros/humble LD_LIBRARY_PATH=/home/sws/autoware/install/tier4_debug_msgs/lib:${LD_LIBRARY_PATH} PYTHONPATH=/home/sws/autoware/install/tier4_debug_msgs/local/lib/python3.10/dist-packages:${PYTHONPATH} /usr/bin/cmake --install /home/sws/autoware/build/tier4_debug_rviz_plugin
[49.530s] -- Install configuration: "Release"
[49.530s] -- Execute custom install script
[49.530s] -- Symlinking: /home/sws/autoware/install/tier4_debug_rviz_plugin/share/tier4_debug_rviz_plugin/plugins/plugin_description.xml
[49.530s] -- Symlinking: /home/sws/autoware/install/tier4_debug_rviz_plugin/include/tier4_debug_rviz_plugin/float32_multi_array_stamped_pie_chart.hpp
[49.530s] -- Symlinking: /home/sws/autoware/install/tier4_debug_rviz_plugin/include/tier4_debug_rviz_plugin/jsk_overlay_utils.hpp
[49.530s] -- Symlinking: /home/sws/autoware/install/tier4_debug_rviz_plugin/share/tier4_debug_rviz_plugin/environment/library_path.sh
[49.530s] -- Symlinking: /home/sws/autoware/install/tier4_debug_rviz_plugin/share/tier4_debug_rviz_plugin/environment/library_path.dsv
[49.530s] -- Symlinking: /home/sws/autoware/install/tier4_debug_rviz_plugin/lib/libtier4_debug_rviz_plugin.so
[49.530s] -- Symlinking: /home/sws/autoware/install/tier4_debug_rviz_plugin/share/tier4_debug_rviz_plugin/icons/classes/Float32MultiArrayStampedPieChart.png
[49.531s] -- Up-to-date symlink: /home/sws/autoware/install/tier4_debug_rviz_plugin/share/tier4_debug_rviz_plugin/plugins/plugin_description.xml
[49.531s] -- Symlinking: /home/sws/autoware/install/tier4_debug_rviz_plugin/share/ament_index/resource_index/package_run_dependencies/tier4_debug_rviz_plugin
[49.531s] -- Symlinking: /home/sws/autoware/install/tier4_debug_rviz_plugin/share/ament_index/resource_index/parent_prefix_path/tier4_debug_rviz_plugin
[49.531s] -- Symlinking: /home/sws/autoware/install/tier4_debug_rviz_plugin/share/tier4_debug_rviz_plugin/environment/ament_prefix_path.sh
[49.531s] -- Symlinking: /home/sws/autoware/install/tier4_debug_rviz_plugin/share/tier4_debug_rviz_plugin/environment/ament_prefix_path.dsv
[49.531s] -- Symlinking: /home/sws/autoware/install/tier4_debug_rviz_plugin/share/tier4_debug_rviz_plugin/environment/path.sh
[49.531s] -- Symlinking: /home/sws/autoware/install/tier4_debug_rviz_plugin/share/tier4_debug_rviz_plugin/environment/path.dsv
[49.531s] -- Symlinking: /home/sws/autoware/install/tier4_debug_rviz_plugin/share/tier4_debug_rviz_plugin/local_setup.bash
[49.531s] -- Symlinking: /home/sws/autoware/install/tier4_debug_rviz_plugin/share/tier4_debug_rviz_plugin/local_setup.sh
[49.531s] -- Symlinking: /home/sws/autoware/install/tier4_debug_rviz_plugin/share/tier4_debug_rviz_plugin/local_setup.zsh
[49.531s] -- Symlinking: /home/sws/autoware/install/tier4_debug_rviz_plugin/share/tier4_debug_rviz_plugin/local_setup.dsv
[49.531s] -- Symlinking: /home/sws/autoware/install/tier4_debug_rviz_plugin/share/tier4_debug_rviz_plugin/package.dsv
[49.531s] -- Symlinking: /home/sws/autoware/install/tier4_debug_rviz_plugin/share/ament_index/resource_index/packages/tier4_debug_rviz_plugin
[49.531s] -- Symlinking: /home/sws/autoware/install/tier4_debug_rviz_plugin/share/ament_index/resource_index/rviz_common__pluginlib__plugin/tier4_debug_rviz_plugin
[49.532s] -- Symlinking: /home/sws/autoware/install/tier4_debug_rviz_plugin/share/tier4_debug_rviz_plugin/cmake/ament_cmake_export_dependencies-extras.cmake
[49.532s] -- Symlinking: /home/sws/autoware/install/tier4_debug_rviz_plugin/share/tier4_debug_rviz_plugin/cmake/ament_cmake_export_include_directories-extras.cmake
[49.532s] -- Symlinking: /home/sws/autoware/install/tier4_debug_rviz_plugin/share/tier4_debug_rviz_plugin/cmake/ament_cmake_export_libraries-extras.cmake
[49.532s] -- Symlinking: /home/sws/autoware/install/tier4_debug_rviz_plugin/share/tier4_debug_rviz_plugin/cmake/tier4_debug_rviz_pluginConfig.cmake
[49.532s] -- Symlinking: /home/sws/autoware/install/tier4_debug_rviz_plugin/share/tier4_debug_rviz_plugin/cmake/tier4_debug_rviz_pluginConfig-version.cmake
[49.532s] -- Symlinking: /home/sws/autoware/install/tier4_debug_rviz_plugin/share/tier4_debug_rviz_plugin/package.xml
[49.537s] Invoked command in '/home/sws/autoware/build/tier4_debug_rviz_plugin' returned '0': AMENT_PREFIX_PATH=/home/sws/autoware/install/autoware_cmake:/home/sws/autoware/install/tier4_debug_msgs:/home/sws/autoware/install/autoware_lint_common:${AMENT_PREFIX_PATH} CMAKE_PREFIX_PATH=/home/sws/autoware/install/autoware_cmake:/home/sws/autoware/install/tier4_debug_msgs:/home/sws/autoware/install/autoware_lint_common:/opt/ros/humble LD_LIBRARY_PATH=/home/sws/autoware/install/tier4_debug_msgs/lib:${LD_LIBRARY_PATH} PYTHONPATH=/home/sws/autoware/install/tier4_debug_msgs/local/lib/python3.10/dist-packages:${PYTHONPATH} /usr/bin/cmake --install /home/sws/autoware/build/tier4_debug_rviz_plugin
