-- The C compiler identification is GNU 11.3.0
-- The CXX compiler identification is GNU 11.3.0
-- Detecting C compiler ABI info
-- Detecting C compiler ABI info - done
-- Check for working C compiler: /usr/bin/cc - skipped
-- Detecting C compile features
-- Detecting C compile features - done
-- Detecting CXX compiler ABI info
-- Detecting CXX compiler ABI info - done
-- Check for working CXX compiler: /usr/bin/c++ - skipped
-- Detecting CXX compile features
-- Detecting CXX compile features - done
-- Found autoware_cmake: 0.1.0 (/home/sws/autoware/install/autoware_cmake/share/autoware_cmake/cmake)
-- Found Python3: /usr/bin/python3.10 (found version "3.10.6") found components: Interpreter 
-- Override CMake install command with custom implementation using symlinks instead of copying resources
-- Found ament_lint_auto: 0.12.5 (/opt/ros/humble/share/ament_lint_auto/cmake)
-- Added test 'copyright' to check source files copyright and LICENSE
-- Added test 'lint_cmake' to check CMake code style
-- Added test 'xmllint' to check XML markup files
-- Configuring done
-- Generating done
-- Build files have been written to: /home/sws/autoware/build/tier4_control_launch
-- Install configuration: "Release"
-- Execute custom install script
-- Symlinking: /home/sws/autoware/install/tier4_control_launch/share/tier4_control_launch/launch/control.launch.py
-- Symlinking: /home/sws/autoware/install/tier4_control_launch/share/ament_index/resource_index/package_run_dependencies/tier4_control_launch
-- Symlinking: /home/sws/autoware/install/tier4_control_launch/share/ament_index/resource_index/parent_prefix_path/tier4_control_launch
-- Symlinking: /home/sws/autoware/install/tier4_control_launch/share/tier4_control_launch/environment/ament_prefix_path.sh
-- Symlinking: /home/sws/autoware/install/tier4_control_launch/share/tier4_control_launch/environment/ament_prefix_path.dsv
-- Symlinking: /home/sws/autoware/install/tier4_control_launch/share/tier4_control_launch/environment/path.sh
-- Symlinking: /home/sws/autoware/install/tier4_control_launch/share/tier4_control_launch/environment/path.dsv
-- Symlinking: /home/sws/autoware/install/tier4_control_launch/share/tier4_control_launch/local_setup.bash
-- Symlinking: /home/sws/autoware/install/tier4_control_launch/share/tier4_control_launch/local_setup.sh
-- Symlinking: /home/sws/autoware/install/tier4_control_launch/share/tier4_control_launch/local_setup.zsh
-- Symlinking: /home/sws/autoware/install/tier4_control_launch/share/tier4_control_launch/local_setup.dsv
-- Symlinking: /home/sws/autoware/install/tier4_control_launch/share/tier4_control_launch/package.dsv
-- Symlinking: /home/sws/autoware/install/tier4_control_launch/share/ament_index/resource_index/packages/tier4_control_launch
-- Symlinking: /home/sws/autoware/install/tier4_control_launch/share/tier4_control_launch/cmake/tier4_control_launchConfig.cmake
-- Symlinking: /home/sws/autoware/install/tier4_control_launch/share/tier4_control_launch/cmake/tier4_control_launchConfig-version.cmake
-- Symlinking: /home/sws/autoware/install/tier4_control_launch/share/tier4_control_launch/package.xml
