[0.062s] Invoking command in '/home/sws/autoware/build/image_diagnostics': AMENT_PREFIX_PATH=/home/sws/autoware/install/tier4_autoware_utils:/home/sws/autoware/install/autoware_auto_vehicle_msgs:/home/sws/autoware/install/autoware_auto_planning_msgs:/home/sws/autoware/install/autoware_auto_perception_msgs:/home/sws/autoware/install/tier4_debug_msgs:/home/sws/autoware/install/autoware_lint_common:/home/sws/autoware/install/autoware_auto_mapping_msgs:/home/sws/autoware/install/autoware_auto_geometry_msgs:${AMENT_PREFIX_PATH} CMAKE_PREFIX_PATH=/home/sws/autoware/install/tier4_autoware_utils:/home/sws/autoware/install/autoware_auto_vehicle_msgs:/home/sws/autoware/install/autoware_auto_planning_msgs:/home/sws/autoware/install/autoware_auto_perception_msgs:/home/sws/autoware/install/tier4_debug_msgs:/home/sws/autoware/install/autoware_lint_common:/home/sws/autoware/install/autoware_auto_mapping_msgs:/home/sws/autoware/install/autoware_auto_geometry_msgs:/opt/ros/humble LD_LIBRARY_PATH=/home/sws/autoware/install/tier4_autoware_utils/lib:/home/sws/autoware/install/autoware_auto_vehicle_msgs/lib:/home/sws/autoware/install/autoware_auto_planning_msgs/lib:/home/sws/autoware/install/autoware_auto_perception_msgs/lib:/home/sws/autoware/install/tier4_debug_msgs/lib:/home/sws/autoware/install/autoware_auto_mapping_msgs/lib:/home/sws/autoware/install/autoware_auto_geometry_msgs/lib:${LD_LIBRARY_PATH} PYTHONPATH=/home/sws/autoware/install/autoware_auto_vehicle_msgs/local/lib/python3.10/dist-packages:/home/sws/autoware/install/autoware_auto_planning_msgs/local/lib/python3.10/dist-packages:/home/sws/autoware/install/autoware_auto_perception_msgs/local/lib/python3.10/dist-packages:/home/sws/autoware/install/tier4_debug_msgs/local/lib/python3.10/dist-packages:/home/sws/autoware/install/autoware_auto_mapping_msgs/local/lib/python3.10/dist-packages:/home/sws/autoware/install/autoware_auto_geometry_msgs/local/lib/python3.10/dist-packages:${PYTHONPATH} /usr/bin/cmake /home/sws/autoware/src/universe/autoware.universe/sensing/image_diagnostics -DCMAKE_BUILD_TYPE=Release -DAMENT_CMAKE_SYMLINK_INSTALL=1 -DCMAKE_INSTALL_PREFIX=/home/sws/autoware/install/image_diagnostics
[5.468s] -- The C compiler identification is GNU 11.3.0
[5.468s] -- The CXX compiler identification is GNU 11.3.0
[5.468s] -- Detecting C compiler ABI info
[5.468s] -- Detecting C compiler ABI info - done
[5.468s] -- Check for working C compiler: /usr/bin/cc - skipped
[5.468s] -- Detecting C compile features
[5.468s] -- Detecting C compile features - done
[5.468s] -- Detecting CXX compiler ABI info
[5.468s] -- Detecting CXX compiler ABI info - done
[5.468s] -- Check for working CXX compiler: /usr/bin/c++ - skipped
[5.468s] -- Detecting CXX compile features
[5.468s] -- Detecting CXX compile features - done
[5.468s] -- Found ament_cmake_auto: 1.3.3 (/opt/ros/humble/share/ament_cmake_auto/cmake)
[5.468s] -- Found Python3: /usr/bin/python3.10 (found version "3.10.6") found components: Interpreter 
[5.468s] -- Override CMake install command with custom implementation using symlinks instead of copying resources
[5.468s] -- Found rosidl_generator_c: 3.1.4 (/opt/ros/humble/share/rosidl_generator_c/cmake)
[5.468s] -- Found rosidl_adapter: 3.1.4 (/opt/ros/humble/share/rosidl_adapter/cmake)
[5.469s] -- Found rosidl_generator_cpp: 3.1.4 (/opt/ros/humble/share/rosidl_generator_cpp/cmake)
[5.469s] -- Using all available rosidl_typesupport_c: rosidl_typesupport_fastrtps_c;rosidl_typesupport_introspection_c
[5.469s] -- Using all available rosidl_typesupport_cpp: rosidl_typesupport_fastrtps_cpp;rosidl_typesupport_introspection_cpp
[5.469s] -- Found rmw_implementation_cmake: 6.1.1 (/opt/ros/humble/share/rmw_implementation_cmake/cmake)
[5.469s] -- Found rmw_fastrtps_cpp: 6.2.2 (/opt/ros/humble/share/rmw_fastrtps_cpp/cmake)
[5.469s] -- Found OpenSSL: /usr/lib/x86_64-linux-gnu/libcrypto.so (found version "3.0.2")  
[5.469s] -- Found FastRTPS: /opt/ros/humble/include  
[5.469s] -- Using RMW implementation 'rmw_fastrtps_cpp' as default
[5.469s] -- Looking for pthread.h
[5.469s] -- Looking for pthread.h - found
[5.469s] -- Performing Test CMAKE_HAVE_LIBC_PTHREAD
[5.469s] -- Performing Test CMAKE_HAVE_LIBC_PTHREAD - Success
[5.469s] -- Found Threads: TRUE  
[5.469s] -- Found eigen3_cmake_module: 0.1.1 (/opt/ros/humble/share/eigen3_cmake_module/cmake)
[5.469s] -- Found Eigen3: TRUE (found version "3.4.0") 
[5.469s] -- Ensuring Eigen3 include directory is part of orocos-kdl CMake target
[5.469s] -- Found OpenCV: /usr (found version "4.5.4") 
[5.684s] -- Found ament_lint_auto: 0.12.5 (/opt/ros/humble/share/ament_lint_auto/cmake)
[5.702s] -- Added test 'copyright' to check source files copyright and LICENSE
[5.704s] -- Added test 'cppcheck' to perform static code analysis on C / C++ code
[5.705s] -- Configured cppcheck include dirs: /home/sws/autoware/src/universe/autoware.universe/sensing/image_diagnostics/include
[5.705s] -- Configured cppcheck exclude dirs and/or files: 
[5.706s] -- Added test 'lint_cmake' to check CMake code style
[5.707s] -- Added test 'xmllint' to check XML markup files
[5.711s] -- Configuring done
[5.796s] -- Generating done
[5.800s] -- Build files have been written to: /home/sws/autoware/build/image_diagnostics
[5.826s] Invoked command in '/home/sws/autoware/build/image_diagnostics' returned '0': AMENT_PREFIX_PATH=/home/sws/autoware/install/tier4_autoware_utils:/home/sws/autoware/install/autoware_auto_vehicle_msgs:/home/sws/autoware/install/autoware_auto_planning_msgs:/home/sws/autoware/install/autoware_auto_perception_msgs:/home/sws/autoware/install/tier4_debug_msgs:/home/sws/autoware/install/autoware_lint_common:/home/sws/autoware/install/autoware_auto_mapping_msgs:/home/sws/autoware/install/autoware_auto_geometry_msgs:${AMENT_PREFIX_PATH} CMAKE_PREFIX_PATH=/home/sws/autoware/install/tier4_autoware_utils:/home/sws/autoware/install/autoware_auto_vehicle_msgs:/home/sws/autoware/install/autoware_auto_planning_msgs:/home/sws/autoware/install/autoware_auto_perception_msgs:/home/sws/autoware/install/tier4_debug_msgs:/home/sws/autoware/install/autoware_lint_common:/home/sws/autoware/install/autoware_auto_mapping_msgs:/home/sws/autoware/install/autoware_auto_geometry_msgs:/opt/ros/humble LD_LIBRARY_PATH=/home/sws/autoware/install/tier4_autoware_utils/lib:/home/sws/autoware/install/autoware_auto_vehicle_msgs/lib:/home/sws/autoware/install/autoware_auto_planning_msgs/lib:/home/sws/autoware/install/autoware_auto_perception_msgs/lib:/home/sws/autoware/install/tier4_debug_msgs/lib:/home/sws/autoware/install/autoware_auto_mapping_msgs/lib:/home/sws/autoware/install/autoware_auto_geometry_msgs/lib:${LD_LIBRARY_PATH} PYTHONPATH=/home/sws/autoware/install/autoware_auto_vehicle_msgs/local/lib/python3.10/dist-packages:/home/sws/autoware/install/autoware_auto_planning_msgs/local/lib/python3.10/dist-packages:/home/sws/autoware/install/autoware_auto_perception_msgs/local/lib/python3.10/dist-packages:/home/sws/autoware/install/tier4_debug_msgs/local/lib/python3.10/dist-packages:/home/sws/autoware/install/autoware_auto_mapping_msgs/local/lib/python3.10/dist-packages:/home/sws/autoware/install/autoware_auto_geometry_msgs/local/lib/python3.10/dist-packages:${PYTHONPATH} /usr/bin/cmake /home/sws/autoware/src/universe/autoware.universe/sensing/image_diagnostics -DCMAKE_BUILD_TYPE=Release -DAMENT_CMAKE_SYMLINK_INSTALL=1 -DCMAKE_INSTALL_PREFIX=/home/sws/autoware/install/image_diagnostics
[5.827s] Invoking command in '/home/sws/autoware/build/image_diagnostics': AMENT_PREFIX_PATH=/home/sws/autoware/install/tier4_autoware_utils:/home/sws/autoware/install/autoware_auto_vehicle_msgs:/home/sws/autoware/install/autoware_auto_planning_msgs:/home/sws/autoware/install/autoware_auto_perception_msgs:/home/sws/autoware/install/tier4_debug_msgs:/home/sws/autoware/install/autoware_lint_common:/home/sws/autoware/install/autoware_auto_mapping_msgs:/home/sws/autoware/install/autoware_auto_geometry_msgs:${AMENT_PREFIX_PATH} CMAKE_PREFIX_PATH=/home/sws/autoware/install/tier4_autoware_utils:/home/sws/autoware/install/autoware_auto_vehicle_msgs:/home/sws/autoware/install/autoware_auto_planning_msgs:/home/sws/autoware/install/autoware_auto_perception_msgs:/home/sws/autoware/install/tier4_debug_msgs:/home/sws/autoware/install/autoware_lint_common:/home/sws/autoware/install/autoware_auto_mapping_msgs:/home/sws/autoware/install/autoware_auto_geometry_msgs:/opt/ros/humble LD_LIBRARY_PATH=/home/sws/autoware/install/tier4_autoware_utils/lib:/home/sws/autoware/install/autoware_auto_vehicle_msgs/lib:/home/sws/autoware/install/autoware_auto_planning_msgs/lib:/home/sws/autoware/install/autoware_auto_perception_msgs/lib:/home/sws/autoware/install/tier4_debug_msgs/lib:/home/sws/autoware/install/autoware_auto_mapping_msgs/lib:/home/sws/autoware/install/autoware_auto_geometry_msgs/lib:${LD_LIBRARY_PATH} PYTHONPATH=/home/sws/autoware/install/autoware_auto_vehicle_msgs/local/lib/python3.10/dist-packages:/home/sws/autoware/install/autoware_auto_planning_msgs/local/lib/python3.10/dist-packages:/home/sws/autoware/install/autoware_auto_perception_msgs/local/lib/python3.10/dist-packages:/home/sws/autoware/install/tier4_debug_msgs/local/lib/python3.10/dist-packages:/home/sws/autoware/install/autoware_auto_mapping_msgs/local/lib/python3.10/dist-packages:/home/sws/autoware/install/autoware_auto_geometry_msgs/local/lib/python3.10/dist-packages:${PYTHONPATH} /usr/bin/cmake --build /home/sws/autoware/build/image_diagnostics -- -j16 -l16
[53.351s] [ 25%] [32mBuilding CXX object CMakeFiles/image_diagnostics.dir/src/image_diagnostics_node.cpp.o[0m
[53.367s] [ 50%] [32m[1mLinking CXX shared library libimage_diagnostics.so[0m
[53.367s] [ 50%] Built target image_diagnostics
[53.367s] [ 75%] [32mBuilding CXX object CMakeFiles/image_diagnostics_node.dir/rclcpp_components/node_main_image_diagnostics_node.cpp.o[0m
[53.367s] [100%] [32m[1mLinking CXX executable image_diagnostics_node[0m
[53.367s] [100%] Built target image_diagnostics_node
[53.399s] Invoked command in '/home/sws/autoware/build/image_diagnostics' returned '0': AMENT_PREFIX_PATH=/home/sws/autoware/install/tier4_autoware_utils:/home/sws/autoware/install/autoware_auto_vehicle_msgs:/home/sws/autoware/install/autoware_auto_planning_msgs:/home/sws/autoware/install/autoware_auto_perception_msgs:/home/sws/autoware/install/tier4_debug_msgs:/home/sws/autoware/install/autoware_lint_common:/home/sws/autoware/install/autoware_auto_mapping_msgs:/home/sws/autoware/install/autoware_auto_geometry_msgs:${AMENT_PREFIX_PATH} CMAKE_PREFIX_PATH=/home/sws/autoware/install/tier4_autoware_utils:/home/sws/autoware/install/autoware_auto_vehicle_msgs:/home/sws/autoware/install/autoware_auto_planning_msgs:/home/sws/autoware/install/autoware_auto_perception_msgs:/home/sws/autoware/install/tier4_debug_msgs:/home/sws/autoware/install/autoware_lint_common:/home/sws/autoware/install/autoware_auto_mapping_msgs:/home/sws/autoware/install/autoware_auto_geometry_msgs:/opt/ros/humble LD_LIBRARY_PATH=/home/sws/autoware/install/tier4_autoware_utils/lib:/home/sws/autoware/install/autoware_auto_vehicle_msgs/lib:/home/sws/autoware/install/autoware_auto_planning_msgs/lib:/home/sws/autoware/install/autoware_auto_perception_msgs/lib:/home/sws/autoware/install/tier4_debug_msgs/lib:/home/sws/autoware/install/autoware_auto_mapping_msgs/lib:/home/sws/autoware/install/autoware_auto_geometry_msgs/lib:${LD_LIBRARY_PATH} PYTHONPATH=/home/sws/autoware/install/autoware_auto_vehicle_msgs/local/lib/python3.10/dist-packages:/home/sws/autoware/install/autoware_auto_planning_msgs/local/lib/python3.10/dist-packages:/home/sws/autoware/install/autoware_auto_perception_msgs/local/lib/python3.10/dist-packages:/home/sws/autoware/install/tier4_debug_msgs/local/lib/python3.10/dist-packages:/home/sws/autoware/install/autoware_auto_mapping_msgs/local/lib/python3.10/dist-packages:/home/sws/autoware/install/autoware_auto_geometry_msgs/local/lib/python3.10/dist-packages:${PYTHONPATH} /usr/bin/cmake --build /home/sws/autoware/build/image_diagnostics -- -j16 -l16
[53.751s] Invoking command in '/home/sws/autoware/build/image_diagnostics': AMENT_PREFIX_PATH=/home/sws/autoware/install/tier4_autoware_utils:/home/sws/autoware/install/autoware_auto_vehicle_msgs:/home/sws/autoware/install/autoware_auto_planning_msgs:/home/sws/autoware/install/autoware_auto_perception_msgs:/home/sws/autoware/install/tier4_debug_msgs:/home/sws/autoware/install/autoware_lint_common:/home/sws/autoware/install/autoware_auto_mapping_msgs:/home/sws/autoware/install/autoware_auto_geometry_msgs:${AMENT_PREFIX_PATH} CMAKE_PREFIX_PATH=/home/sws/autoware/install/tier4_autoware_utils:/home/sws/autoware/install/autoware_auto_vehicle_msgs:/home/sws/autoware/install/autoware_auto_planning_msgs:/home/sws/autoware/install/autoware_auto_perception_msgs:/home/sws/autoware/install/tier4_debug_msgs:/home/sws/autoware/install/autoware_lint_common:/home/sws/autoware/install/autoware_auto_mapping_msgs:/home/sws/autoware/install/autoware_auto_geometry_msgs:/opt/ros/humble LD_LIBRARY_PATH=/home/sws/autoware/install/tier4_autoware_utils/lib:/home/sws/autoware/install/autoware_auto_vehicle_msgs/lib:/home/sws/autoware/install/autoware_auto_planning_msgs/lib:/home/sws/autoware/install/autoware_auto_perception_msgs/lib:/home/sws/autoware/install/tier4_debug_msgs/lib:/home/sws/autoware/install/autoware_auto_mapping_msgs/lib:/home/sws/autoware/install/autoware_auto_geometry_msgs/lib:${LD_LIBRARY_PATH} PYTHONPATH=/home/sws/autoware/install/autoware_auto_vehicle_msgs/local/lib/python3.10/dist-packages:/home/sws/autoware/install/autoware_auto_planning_msgs/local/lib/python3.10/dist-packages:/home/sws/autoware/install/autoware_auto_perception_msgs/local/lib/python3.10/dist-packages:/home/sws/autoware/install/tier4_debug_msgs/local/lib/python3.10/dist-packages:/home/sws/autoware/install/autoware_auto_mapping_msgs/local/lib/python3.10/dist-packages:/home/sws/autoware/install/autoware_auto_geometry_msgs/local/lib/python3.10/dist-packages:${PYTHONPATH} /usr/bin/cmake --install /home/sws/autoware/build/image_diagnostics
[60.711s] -- Install configuration: "Release"
[60.711s] -- Execute custom install script
[60.712s] -- Symlinking: /home/sws/autoware/install/image_diagnostics/lib/image_diagnostics/image_diagnostics_node
[60.712s] -- Symlinking: /home/sws/autoware/install/image_diagnostics/include/image_diagnostics/image_diagnostics_node.hpp
[60.712s] -- Symlinking: /home/sws/autoware/install/image_diagnostics/share/image_diagnostics/environment/library_path.sh
[60.712s] -- Symlinking: /home/sws/autoware/install/image_diagnostics/share/image_diagnostics/environment/library_path.dsv
[60.712s] -- Symlinking: /home/sws/autoware/install/image_diagnostics/lib/libimage_diagnostics.so
[60.712s] -- Symlinking: /home/sws/autoware/install/image_diagnostics/share/image_diagnostics/launch/image_diagnostics_node.launch.xml
[60.712s] -- Symlinking: /home/sws/autoware/install/image_diagnostics/share/ament_index/resource_index/package_run_dependencies/image_diagnostics
[60.712s] -- Symlinking: /home/sws/autoware/install/image_diagnostics/share/ament_index/resource_index/parent_prefix_path/image_diagnostics
[60.712s] -- Symlinking: /home/sws/autoware/install/image_diagnostics/share/image_diagnostics/environment/ament_prefix_path.sh
[60.712s] -- Symlinking: /home/sws/autoware/install/image_diagnostics/share/image_diagnostics/environment/ament_prefix_path.dsv
[60.713s] -- Symlinking: /home/sws/autoware/install/image_diagnostics/share/image_diagnostics/environment/path.sh
[60.713s] -- Symlinking: /home/sws/autoware/install/image_diagnostics/share/image_diagnostics/environment/path.dsv
[60.713s] -- Symlinking: /home/sws/autoware/install/image_diagnostics/share/image_diagnostics/local_setup.bash
[60.713s] -- Symlinking: /home/sws/autoware/install/image_diagnostics/share/image_diagnostics/local_setup.sh
[60.713s] -- Symlinking: /home/sws/autoware/install/image_diagnostics/share/image_diagnostics/local_setup.zsh
[60.713s] -- Symlinking: /home/sws/autoware/install/image_diagnostics/share/image_diagnostics/local_setup.dsv
[60.713s] -- Symlinking: /home/sws/autoware/install/image_diagnostics/share/image_diagnostics/package.dsv
[60.713s] -- Symlinking: /home/sws/autoware/install/image_diagnostics/share/ament_index/resource_index/packages/image_diagnostics
[60.713s] -- Symlinking: /home/sws/autoware/install/image_diagnostics/share/ament_index/resource_index/rclcpp_components/image_diagnostics
[60.713s] -- Symlinking: /home/sws/autoware/install/image_diagnostics/share/image_diagnostics/cmake/ament_cmake_export_dependencies-extras.cmake
[60.713s] -- Symlinking: /home/sws/autoware/install/image_diagnostics/share/image_diagnostics/cmake/ament_cmake_export_include_directories-extras.cmake
[60.714s] -- Symlinking: /home/sws/autoware/install/image_diagnostics/share/image_diagnostics/cmake/ament_cmake_export_libraries-extras.cmake
[60.714s] -- Symlinking: /home/sws/autoware/install/image_diagnostics/share/image_diagnostics/cmake/image_diagnosticsConfig.cmake
[60.714s] -- Symlinking: /home/sws/autoware/install/image_diagnostics/share/image_diagnostics/cmake/image_diagnosticsConfig-version.cmake
[60.714s] -- Symlinking: /home/sws/autoware/install/image_diagnostics/share/image_diagnostics/package.xml
[60.734s] Invoked command in '/home/sws/autoware/build/image_diagnostics' returned '0': AMENT_PREFIX_PATH=/home/sws/autoware/install/tier4_autoware_utils:/home/sws/autoware/install/autoware_auto_vehicle_msgs:/home/sws/autoware/install/autoware_auto_planning_msgs:/home/sws/autoware/install/autoware_auto_perception_msgs:/home/sws/autoware/install/tier4_debug_msgs:/home/sws/autoware/install/autoware_lint_common:/home/sws/autoware/install/autoware_auto_mapping_msgs:/home/sws/autoware/install/autoware_auto_geometry_msgs:${AMENT_PREFIX_PATH} CMAKE_PREFIX_PATH=/home/sws/autoware/install/tier4_autoware_utils:/home/sws/autoware/install/autoware_auto_vehicle_msgs:/home/sws/autoware/install/autoware_auto_planning_msgs:/home/sws/autoware/install/autoware_auto_perception_msgs:/home/sws/autoware/install/tier4_debug_msgs:/home/sws/autoware/install/autoware_lint_common:/home/sws/autoware/install/autoware_auto_mapping_msgs:/home/sws/autoware/install/autoware_auto_geometry_msgs:/opt/ros/humble LD_LIBRARY_PATH=/home/sws/autoware/install/tier4_autoware_utils/lib:/home/sws/autoware/install/autoware_auto_vehicle_msgs/lib:/home/sws/autoware/install/autoware_auto_planning_msgs/lib:/home/sws/autoware/install/autoware_auto_perception_msgs/lib:/home/sws/autoware/install/tier4_debug_msgs/lib:/home/sws/autoware/install/autoware_auto_mapping_msgs/lib:/home/sws/autoware/install/autoware_auto_geometry_msgs/lib:${LD_LIBRARY_PATH} PYTHONPATH=/home/sws/autoware/install/autoware_auto_vehicle_msgs/local/lib/python3.10/dist-packages:/home/sws/autoware/install/autoware_auto_planning_msgs/local/lib/python3.10/dist-packages:/home/sws/autoware/install/autoware_auto_perception_msgs/local/lib/python3.10/dist-packages:/home/sws/autoware/install/tier4_debug_msgs/local/lib/python3.10/dist-packages:/home/sws/autoware/install/autoware_auto_mapping_msgs/local/lib/python3.10/dist-packages:/home/sws/autoware/install/autoware_auto_geometry_msgs/local/lib/python3.10/dist-packages:${PYTHONPATH} /usr/bin/cmake --install /home/sws/autoware/build/image_diagnostics
