[0.243s] Invoking command in '/home/sws/autoware/build/perception_utils': AMENT_PREFIX_PATH=/home/sws/autoware/install/interpolation:/home/sws/autoware/install/tier4_autoware_utils:/home/sws/autoware/install/autoware_auto_vehicle_msgs:/home/sws/autoware/install/autoware_cmake:/home/sws/autoware/install/autoware_auto_planning_msgs:/home/sws/autoware/install/autoware_auto_perception_msgs:/home/sws/autoware/install/tier4_debug_msgs:/home/sws/autoware/install/autoware_lint_common:/home/sws/autoware/install/autoware_auto_mapping_msgs:/home/sws/autoware/install/autoware_auto_geometry_msgs:${AMENT_PREFIX_PATH} CMAKE_PREFIX_PATH=/home/sws/autoware/install/interpolation:/home/sws/autoware/install/tier4_autoware_utils:/home/sws/autoware/install/autoware_auto_vehicle_msgs:/home/sws/autoware/install/autoware_cmake:/home/sws/autoware/install/autoware_auto_planning_msgs:/home/sws/autoware/install/autoware_auto_perception_msgs:/home/sws/autoware/install/tier4_debug_msgs:/home/sws/autoware/install/autoware_lint_common:/home/sws/autoware/install/autoware_auto_mapping_msgs:/home/sws/autoware/install/autoware_auto_geometry_msgs:/opt/ros/humble LD_LIBRARY_PATH=/home/sws/autoware/install/interpolation/lib:/home/sws/autoware/install/tier4_autoware_utils/lib:/home/sws/autoware/install/autoware_auto_vehicle_msgs/lib:/home/sws/autoware/install/autoware_auto_planning_msgs/lib:/home/sws/autoware/install/autoware_auto_perception_msgs/lib:/home/sws/autoware/install/tier4_debug_msgs/lib:/home/sws/autoware/install/autoware_auto_mapping_msgs/lib:/home/sws/autoware/install/autoware_auto_geometry_msgs/lib:${LD_LIBRARY_PATH} PYTHONPATH=/home/sws/autoware/install/autoware_auto_vehicle_msgs/local/lib/python3.10/dist-packages:/home/sws/autoware/install/autoware_auto_planning_msgs/local/lib/python3.10/dist-packages:/home/sws/autoware/install/autoware_auto_perception_msgs/local/lib/python3.10/dist-packages:/home/sws/autoware/install/tier4_debug_msgs/local/lib/python3.10/dist-packages:/home/sws/autoware/install/autoware_auto_mapping_msgs/local/lib/python3.10/dist-packages:/home/sws/autoware/install/autoware_auto_geometry_msgs/local/lib/python3.10/dist-packages:${PYTHONPATH} /usr/bin/cmake /home/sws/autoware/src/universe/autoware.universe/common/perception_utils -DCMAKE_BUILD_TYPE=Release -DAMENT_CMAKE_SYMLINK_INSTALL=1 -DCMAKE_INSTALL_PREFIX=/home/sws/autoware/install/perception_utils
[29.572s] -- The C compiler identification is GNU 11.3.0
[29.573s] -- The CXX compiler identification is GNU 11.3.0
[29.573s] -- Detecting C compiler ABI info
[29.573s] -- Detecting C compiler ABI info - done
[29.573s] -- Check for working C compiler: /usr/bin/cc - skipped
[29.573s] -- Detecting C compile features
[29.573s] -- Detecting C compile features - done
[29.573s] -- Detecting CXX compiler ABI info
[29.573s] -- Detecting CXX compiler ABI info - done
[29.574s] -- Check for working CXX compiler: /usr/bin/c++ - skipped
[29.574s] -- Detecting CXX compile features
[29.574s] -- Detecting CXX compile features - done
[29.574s] -- Found autoware_cmake: 0.1.0 (/home/sws/autoware/install/autoware_cmake/share/autoware_cmake/cmake)
[29.574s] -- Found Python3: /usr/bin/python3.10 (found version "3.10.6") found components: Interpreter 
[29.574s] -- Override CMake install command with custom implementation using symlinks instead of copying resources
[29.574s] -- Found rosidl_generator_c: 3.1.4 (/opt/ros/humble/share/rosidl_generator_c/cmake)
[29.574s] -- Found rosidl_adapter: 3.1.4 (/opt/ros/humble/share/rosidl_adapter/cmake)
[29.574s] -- Found rosidl_generator_cpp: 3.1.4 (/opt/ros/humble/share/rosidl_generator_cpp/cmake)
[29.574s] -- Using all available rosidl_typesupport_c: rosidl_typesupport_fastrtps_c;rosidl_typesupport_introspection_c
[29.575s] -- Using all available rosidl_typesupport_cpp: rosidl_typesupport_fastrtps_cpp;rosidl_typesupport_introspection_cpp
[29.575s] -- Found rmw_implementation_cmake: 6.1.1 (/opt/ros/humble/share/rmw_implementation_cmake/cmake)
[29.575s] -- Found rmw_fastrtps_cpp: 6.2.2 (/opt/ros/humble/share/rmw_fastrtps_cpp/cmake)
[29.575s] -- Found OpenSSL: /usr/lib/x86_64-linux-gnu/libcrypto.so (found version "3.0.2")  
[29.575s] -- Found FastRTPS: /opt/ros/humble/include  
[29.575s] -- Using RMW implementation 'rmw_fastrtps_cpp' as default
[29.575s] -- Looking for pthread.h
[29.575s] -- Looking for pthread.h - found
[29.575s] -- Performing Test CMAKE_HAVE_LIBC_PTHREAD
[29.575s] -- Performing Test CMAKE_HAVE_LIBC_PTHREAD - Success
[29.575s] -- Found Threads: TRUE  
[29.576s] -- Found eigen3_cmake_module: 0.1.1 (/opt/ros/humble/share/eigen3_cmake_module/cmake)
[29.576s] -- Found Eigen3: TRUE (found version "3.4.0") 
[29.576s] -- Ensuring Eigen3 include directory is part of orocos-kdl CMake target
[29.576s] -- Found ament_lint_auto: 0.12.5 (/opt/ros/humble/share/ament_lint_auto/cmake)
[29.576s] -- Found Boost: /usr/lib/x86_64-linux-gnu/cmake/Boost-1.74.0/BoostConfig.cmake (found version "1.74.0")  
[29.576s] -- Found gtest sources under '/opt/ros/humble/src/gtest_vendor': C++ tests using 'Google Test' will be built
[29.576s] -- Added test 'copyright' to check source files copyright and LICENSE
[29.576s] -- Added test 'cppcheck' to perform static code analysis on C / C++ code
[29.577s] -- Configured cppcheck include dirs: /home/sws/autoware/src/universe/autoware.universe/common/perception_utils/include
[29.577s] -- Configured cppcheck exclude dirs and/or files: 
[29.577s] -- Added test 'lint_cmake' to check CMake code style
[29.586s] -- Added test 'xmllint' to check XML markup files
[29.586s] -- Configuring done
[29.586s] -- Generating done
[29.586s] -- Build files have been written to: /home/sws/autoware/build/perception_utils
[29.611s] Invoked command in '/home/sws/autoware/build/perception_utils' returned '0': AMENT_PREFIX_PATH=/home/sws/autoware/install/interpolation:/home/sws/autoware/install/tier4_autoware_utils:/home/sws/autoware/install/autoware_auto_vehicle_msgs:/home/sws/autoware/install/autoware_cmake:/home/sws/autoware/install/autoware_auto_planning_msgs:/home/sws/autoware/install/autoware_auto_perception_msgs:/home/sws/autoware/install/tier4_debug_msgs:/home/sws/autoware/install/autoware_lint_common:/home/sws/autoware/install/autoware_auto_mapping_msgs:/home/sws/autoware/install/autoware_auto_geometry_msgs:${AMENT_PREFIX_PATH} CMAKE_PREFIX_PATH=/home/sws/autoware/install/interpolation:/home/sws/autoware/install/tier4_autoware_utils:/home/sws/autoware/install/autoware_auto_vehicle_msgs:/home/sws/autoware/install/autoware_cmake:/home/sws/autoware/install/autoware_auto_planning_msgs:/home/sws/autoware/install/autoware_auto_perception_msgs:/home/sws/autoware/install/tier4_debug_msgs:/home/sws/autoware/install/autoware_lint_common:/home/sws/autoware/install/autoware_auto_mapping_msgs:/home/sws/autoware/install/autoware_auto_geometry_msgs:/opt/ros/humble LD_LIBRARY_PATH=/home/sws/autoware/install/interpolation/lib:/home/sws/autoware/install/tier4_autoware_utils/lib:/home/sws/autoware/install/autoware_auto_vehicle_msgs/lib:/home/sws/autoware/install/autoware_auto_planning_msgs/lib:/home/sws/autoware/install/autoware_auto_perception_msgs/lib:/home/sws/autoware/install/tier4_debug_msgs/lib:/home/sws/autoware/install/autoware_auto_mapping_msgs/lib:/home/sws/autoware/install/autoware_auto_geometry_msgs/lib:${LD_LIBRARY_PATH} PYTHONPATH=/home/sws/autoware/install/autoware_auto_vehicle_msgs/local/lib/python3.10/dist-packages:/home/sws/autoware/install/autoware_auto_planning_msgs/local/lib/python3.10/dist-packages:/home/sws/autoware/install/autoware_auto_perception_msgs/local/lib/python3.10/dist-packages:/home/sws/autoware/install/tier4_debug_msgs/local/lib/python3.10/dist-packages:/home/sws/autoware/install/autoware_auto_mapping_msgs/local/lib/python3.10/dist-packages:/home/sws/autoware/install/autoware_auto_geometry_msgs/local/lib/python3.10/dist-packages:${PYTHONPATH} /usr/bin/cmake /home/sws/autoware/src/universe/autoware.universe/common/perception_utils -DCMAKE_BUILD_TYPE=Release -DAMENT_CMAKE_SYMLINK_INSTALL=1 -DCMAKE_INSTALL_PREFIX=/home/sws/autoware/install/perception_utils
[29.612s] Invoking command in '/home/sws/autoware/build/perception_utils': AMENT_PREFIX_PATH=/home/sws/autoware/install/interpolation:/home/sws/autoware/install/tier4_autoware_utils:/home/sws/autoware/install/autoware_auto_vehicle_msgs:/home/sws/autoware/install/autoware_cmake:/home/sws/autoware/install/autoware_auto_planning_msgs:/home/sws/autoware/install/autoware_auto_perception_msgs:/home/sws/autoware/install/tier4_debug_msgs:/home/sws/autoware/install/autoware_lint_common:/home/sws/autoware/install/autoware_auto_mapping_msgs:/home/sws/autoware/install/autoware_auto_geometry_msgs:${AMENT_PREFIX_PATH} CMAKE_PREFIX_PATH=/home/sws/autoware/install/interpolation:/home/sws/autoware/install/tier4_autoware_utils:/home/sws/autoware/install/autoware_auto_vehicle_msgs:/home/sws/autoware/install/autoware_cmake:/home/sws/autoware/install/autoware_auto_planning_msgs:/home/sws/autoware/install/autoware_auto_perception_msgs:/home/sws/autoware/install/tier4_debug_msgs:/home/sws/autoware/install/autoware_lint_common:/home/sws/autoware/install/autoware_auto_mapping_msgs:/home/sws/autoware/install/autoware_auto_geometry_msgs:/opt/ros/humble LD_LIBRARY_PATH=/home/sws/autoware/install/interpolation/lib:/home/sws/autoware/install/tier4_autoware_utils/lib:/home/sws/autoware/install/autoware_auto_vehicle_msgs/lib:/home/sws/autoware/install/autoware_auto_planning_msgs/lib:/home/sws/autoware/install/autoware_auto_perception_msgs/lib:/home/sws/autoware/install/tier4_debug_msgs/lib:/home/sws/autoware/install/autoware_auto_mapping_msgs/lib:/home/sws/autoware/install/autoware_auto_geometry_msgs/lib:${LD_LIBRARY_PATH} PYTHONPATH=/home/sws/autoware/install/autoware_auto_vehicle_msgs/local/lib/python3.10/dist-packages:/home/sws/autoware/install/autoware_auto_planning_msgs/local/lib/python3.10/dist-packages:/home/sws/autoware/install/autoware_auto_perception_msgs/local/lib/python3.10/dist-packages:/home/sws/autoware/install/tier4_debug_msgs/local/lib/python3.10/dist-packages:/home/sws/autoware/install/autoware_auto_mapping_msgs/local/lib/python3.10/dist-packages:/home/sws/autoware/install/autoware_auto_geometry_msgs/local/lib/python3.10/dist-packages:${PYTHONPATH} /usr/bin/cmake --build /home/sws/autoware/build/perception_utils -- -j16 -l16
[38.167s] [  7%] [32mBuilding CXX object CMakeFiles/perception_utils.dir/src/predicted_path_utils.cpp.o[0m
[39.090s] [ 15%] [32mBuilding CXX object CMakeFiles/perception_utils.dir/src/conversion.cpp.o[0m
[40.252s] [ 23%] [32m[1mLinking CXX shared library libperception_utils.so[0m
[40.506s] [ 23%] Built target perception_utils
[40.535s] [ 30%] [32mBuilding CXX object gtest/CMakeFiles/gtest.dir/src/gtest-all.cc.o[0m
[49.922s] [ 38%] [32m[1mLinking CXX static library libgtest.a[0m
[49.988s] [ 38%] Built target gtest
[50.019s] [ 46%] [32mBuilding CXX object gtest/CMakeFiles/gtest_main.dir/src/gtest_main.cc.o[0m
[51.468s] [ 53%] [32m[1mLinking CXX static library libgtest_main.a[0m
[51.516s] [ 53%] Built target gtest_main
[51.549s] [ 61%] [32mBuilding CXX object CMakeFiles/test_perception_utils.dir/test/src/test_conversion.cpp.o[0m
[51.559s] [ 69%] [32mBuilding CXX object CMakeFiles/test_perception_utils.dir/test/src/test_geometry.cpp.o[0m
[61.680s] [ 76%] [32mBuilding CXX object CMakeFiles/test_perception_utils.dir/test/src/test_predicted_path_utils.cpp.o[0m
[61.684s] [ 84%] [32mBuilding CXX object CMakeFiles/test_perception_utils.dir/test/src/test_object_classification.cpp.o[0m
[61.700s] [ 92%] [32mBuilding CXX object CMakeFiles/test_perception_utils.dir/test/src/test_matching.cpp.o[0m
[88.462s] [100%] [32m[1mLinking CXX executable test_perception_utils[0m
[88.804s] [100%] Built target test_perception_utils
[88.819s] Invoked command in '/home/sws/autoware/build/perception_utils' returned '0': AMENT_PREFIX_PATH=/home/sws/autoware/install/interpolation:/home/sws/autoware/install/tier4_autoware_utils:/home/sws/autoware/install/autoware_auto_vehicle_msgs:/home/sws/autoware/install/autoware_cmake:/home/sws/autoware/install/autoware_auto_planning_msgs:/home/sws/autoware/install/autoware_auto_perception_msgs:/home/sws/autoware/install/tier4_debug_msgs:/home/sws/autoware/install/autoware_lint_common:/home/sws/autoware/install/autoware_auto_mapping_msgs:/home/sws/autoware/install/autoware_auto_geometry_msgs:${AMENT_PREFIX_PATH} CMAKE_PREFIX_PATH=/home/sws/autoware/install/interpolation:/home/sws/autoware/install/tier4_autoware_utils:/home/sws/autoware/install/autoware_auto_vehicle_msgs:/home/sws/autoware/install/autoware_cmake:/home/sws/autoware/install/autoware_auto_planning_msgs:/home/sws/autoware/install/autoware_auto_perception_msgs:/home/sws/autoware/install/tier4_debug_msgs:/home/sws/autoware/install/autoware_lint_common:/home/sws/autoware/install/autoware_auto_mapping_msgs:/home/sws/autoware/install/autoware_auto_geometry_msgs:/opt/ros/humble LD_LIBRARY_PATH=/home/sws/autoware/install/interpolation/lib:/home/sws/autoware/install/tier4_autoware_utils/lib:/home/sws/autoware/install/autoware_auto_vehicle_msgs/lib:/home/sws/autoware/install/autoware_auto_planning_msgs/lib:/home/sws/autoware/install/autoware_auto_perception_msgs/lib:/home/sws/autoware/install/tier4_debug_msgs/lib:/home/sws/autoware/install/autoware_auto_mapping_msgs/lib:/home/sws/autoware/install/autoware_auto_geometry_msgs/lib:${LD_LIBRARY_PATH} PYTHONPATH=/home/sws/autoware/install/autoware_auto_vehicle_msgs/local/lib/python3.10/dist-packages:/home/sws/autoware/install/autoware_auto_planning_msgs/local/lib/python3.10/dist-packages:/home/sws/autoware/install/autoware_auto_perception_msgs/local/lib/python3.10/dist-packages:/home/sws/autoware/install/tier4_debug_msgs/local/lib/python3.10/dist-packages:/home/sws/autoware/install/autoware_auto_mapping_msgs/local/lib/python3.10/dist-packages:/home/sws/autoware/install/autoware_auto_geometry_msgs/local/lib/python3.10/dist-packages:${PYTHONPATH} /usr/bin/cmake --build /home/sws/autoware/build/perception_utils -- -j16 -l16
[88.958s] Invoking command in '/home/sws/autoware/build/perception_utils': AMENT_PREFIX_PATH=/home/sws/autoware/install/interpolation:/home/sws/autoware/install/tier4_autoware_utils:/home/sws/autoware/install/autoware_auto_vehicle_msgs:/home/sws/autoware/install/autoware_cmake:/home/sws/autoware/install/autoware_auto_planning_msgs:/home/sws/autoware/install/autoware_auto_perception_msgs:/home/sws/autoware/install/tier4_debug_msgs:/home/sws/autoware/install/autoware_lint_common:/home/sws/autoware/install/autoware_auto_mapping_msgs:/home/sws/autoware/install/autoware_auto_geometry_msgs:${AMENT_PREFIX_PATH} CMAKE_PREFIX_PATH=/home/sws/autoware/install/interpolation:/home/sws/autoware/install/tier4_autoware_utils:/home/sws/autoware/install/autoware_auto_vehicle_msgs:/home/sws/autoware/install/autoware_cmake:/home/sws/autoware/install/autoware_auto_planning_msgs:/home/sws/autoware/install/autoware_auto_perception_msgs:/home/sws/autoware/install/tier4_debug_msgs:/home/sws/autoware/install/autoware_lint_common:/home/sws/autoware/install/autoware_auto_mapping_msgs:/home/sws/autoware/install/autoware_auto_geometry_msgs:/opt/ros/humble LD_LIBRARY_PATH=/home/sws/autoware/install/interpolation/lib:/home/sws/autoware/install/tier4_autoware_utils/lib:/home/sws/autoware/install/autoware_auto_vehicle_msgs/lib:/home/sws/autoware/install/autoware_auto_planning_msgs/lib:/home/sws/autoware/install/autoware_auto_perception_msgs/lib:/home/sws/autoware/install/tier4_debug_msgs/lib:/home/sws/autoware/install/autoware_auto_mapping_msgs/lib:/home/sws/autoware/install/autoware_auto_geometry_msgs/lib:${LD_LIBRARY_PATH} PYTHONPATH=/home/sws/autoware/install/autoware_auto_vehicle_msgs/local/lib/python3.10/dist-packages:/home/sws/autoware/install/autoware_auto_planning_msgs/local/lib/python3.10/dist-packages:/home/sws/autoware/install/autoware_auto_perception_msgs/local/lib/python3.10/dist-packages:/home/sws/autoware/install/tier4_debug_msgs/local/lib/python3.10/dist-packages:/home/sws/autoware/install/autoware_auto_mapping_msgs/local/lib/python3.10/dist-packages:/home/sws/autoware/install/autoware_auto_geometry_msgs/local/lib/python3.10/dist-packages:${PYTHONPATH} /usr/bin/cmake --install /home/sws/autoware/build/perception_utils
[94.064s] -- Install configuration: "Release"
[94.065s] -- Execute custom install script
[94.079s] -- Symlinking: /home/sws/autoware/install/perception_utils/include/perception_utils/conversion.hpp
[94.080s] -- Symlinking: /home/sws/autoware/install/perception_utils/include/perception_utils/geometry.hpp
[94.080s] -- Symlinking: /home/sws/autoware/install/perception_utils/include/perception_utils/matching.hpp
[94.080s] -- Symlinking: /home/sws/autoware/install/perception_utils/include/perception_utils/object_classification.hpp
[94.080s] -- Symlinking: /home/sws/autoware/install/perception_utils/include/perception_utils/perception_utils.hpp
[94.080s] -- Symlinking: /home/sws/autoware/install/perception_utils/include/perception_utils/predicted_path_utils.hpp
[94.080s] -- Symlinking: /home/sws/autoware/install/perception_utils/include/perception_utils/transform.hpp
[94.080s] -- Symlinking: /home/sws/autoware/install/perception_utils/share/perception_utils/environment/library_path.sh
[94.080s] -- Symlinking: /home/sws/autoware/install/perception_utils/share/perception_utils/environment/library_path.dsv
[94.080s] -- Symlinking: /home/sws/autoware/install/perception_utils/lib/libperception_utils.so
[94.080s] -- Symlinking: /home/sws/autoware/install/perception_utils/share/ament_index/resource_index/package_run_dependencies/perception_utils
[94.080s] -- Symlinking: /home/sws/autoware/install/perception_utils/share/ament_index/resource_index/parent_prefix_path/perception_utils
[94.081s] -- Symlinking: /home/sws/autoware/install/perception_utils/share/perception_utils/environment/ament_prefix_path.sh
[94.081s] -- Symlinking: /home/sws/autoware/install/perception_utils/share/perception_utils/environment/ament_prefix_path.dsv
[94.081s] -- Symlinking: /home/sws/autoware/install/perception_utils/share/perception_utils/environment/path.sh
[94.081s] -- Symlinking: /home/sws/autoware/install/perception_utils/share/perception_utils/environment/path.dsv
[94.081s] -- Symlinking: /home/sws/autoware/install/perception_utils/share/perception_utils/local_setup.bash
[94.081s] -- Symlinking: /home/sws/autoware/install/perception_utils/share/perception_utils/local_setup.sh
[94.081s] -- Symlinking: /home/sws/autoware/install/perception_utils/share/perception_utils/local_setup.zsh
[94.081s] -- Symlinking: /home/sws/autoware/install/perception_utils/share/perception_utils/local_setup.dsv
[94.081s] -- Symlinking: /home/sws/autoware/install/perception_utils/share/perception_utils/package.dsv
[94.081s] -- Symlinking: /home/sws/autoware/install/perception_utils/share/ament_index/resource_index/packages/perception_utils
[94.082s] -- Symlinking: /home/sws/autoware/install/perception_utils/share/perception_utils/cmake/ament_cmake_export_dependencies-extras.cmake
[94.082s] -- Symlinking: /home/sws/autoware/install/perception_utils/share/perception_utils/cmake/ament_cmake_export_include_directories-extras.cmake
[94.082s] -- Symlinking: /home/sws/autoware/install/perception_utils/share/perception_utils/cmake/ament_cmake_export_libraries-extras.cmake
[94.082s] -- Symlinking: /home/sws/autoware/install/perception_utils/share/perception_utils/cmake/perception_utilsConfig.cmake
[94.082s] -- Symlinking: /home/sws/autoware/install/perception_utils/share/perception_utils/cmake/perception_utilsConfig-version.cmake
[94.082s] -- Symlinking: /home/sws/autoware/install/perception_utils/share/perception_utils/package.xml
[94.102s] Invoked command in '/home/sws/autoware/build/perception_utils' returned '0': AMENT_PREFIX_PATH=/home/sws/autoware/install/interpolation:/home/sws/autoware/install/tier4_autoware_utils:/home/sws/autoware/install/autoware_auto_vehicle_msgs:/home/sws/autoware/install/autoware_cmake:/home/sws/autoware/install/autoware_auto_planning_msgs:/home/sws/autoware/install/autoware_auto_perception_msgs:/home/sws/autoware/install/tier4_debug_msgs:/home/sws/autoware/install/autoware_lint_common:/home/sws/autoware/install/autoware_auto_mapping_msgs:/home/sws/autoware/install/autoware_auto_geometry_msgs:${AMENT_PREFIX_PATH} CMAKE_PREFIX_PATH=/home/sws/autoware/install/interpolation:/home/sws/autoware/install/tier4_autoware_utils:/home/sws/autoware/install/autoware_auto_vehicle_msgs:/home/sws/autoware/install/autoware_cmake:/home/sws/autoware/install/autoware_auto_planning_msgs:/home/sws/autoware/install/autoware_auto_perception_msgs:/home/sws/autoware/install/tier4_debug_msgs:/home/sws/autoware/install/autoware_lint_common:/home/sws/autoware/install/autoware_auto_mapping_msgs:/home/sws/autoware/install/autoware_auto_geometry_msgs:/opt/ros/humble LD_LIBRARY_PATH=/home/sws/autoware/install/interpolation/lib:/home/sws/autoware/install/tier4_autoware_utils/lib:/home/sws/autoware/install/autoware_auto_vehicle_msgs/lib:/home/sws/autoware/install/autoware_auto_planning_msgs/lib:/home/sws/autoware/install/autoware_auto_perception_msgs/lib:/home/sws/autoware/install/tier4_debug_msgs/lib:/home/sws/autoware/install/autoware_auto_mapping_msgs/lib:/home/sws/autoware/install/autoware_auto_geometry_msgs/lib:${LD_LIBRARY_PATH} PYTHONPATH=/home/sws/autoware/install/autoware_auto_vehicle_msgs/local/lib/python3.10/dist-packages:/home/sws/autoware/install/autoware_auto_planning_msgs/local/lib/python3.10/dist-packages:/home/sws/autoware/install/autoware_auto_perception_msgs/local/lib/python3.10/dist-packages:/home/sws/autoware/install/tier4_debug_msgs/local/lib/python3.10/dist-packages:/home/sws/autoware/install/autoware_auto_mapping_msgs/local/lib/python3.10/dist-packages:/home/sws/autoware/install/autoware_auto_geometry_msgs/local/lib/python3.10/dist-packages:${PYTHONPATH} /usr/bin/cmake --install /home/sws/autoware/build/perception_utils
