-- The C compiler identification is GNU 11.3.0
-- The CXX compiler identification is GNU 11.3.0
-- Detecting C compiler ABI info
-- Detecting C compiler ABI info - done
-- Check for working C compiler: /usr/bin/cc - skipped
-- Detecting C compile features
-- Detecting C compile features - done
-- Detecting CXX compiler ABI info
-- Detecting CXX compiler ABI info - done
-- Check for working CXX compiler: /usr/bin/c++ - skipped
-- Detecting CXX compile features
-- Detecting CXX compile features - done
-- Found autoware_cmake: 0.1.0 (/home/sws/autoware/install/autoware_cmake/share/autoware_cmake/cmake)
-- Found Python3: /usr/bin/python3.10 (found version "3.10.6") found components: Interpreter 
-- Override CMake install command with custom implementation using symlinks instead of copying resources
-- Found TinyXML2: /usr/lib/x86_64-linux-gnu/libtinyxml2.so  
-- Found rosidl_generator_c: 3.1.4 (/opt/ros/humble/share/rosidl_generator_c/cmake)
-- Found rosidl_adapter: 3.1.4 (/opt/ros/humble/share/rosidl_adapter/cmake)
-- Found rosidl_generator_cpp: 3.1.4 (/opt/ros/humble/share/rosidl_generator_cpp/cmake)
-- Using all available rosidl_typesupport_c: rosidl_typesupport_fastrtps_c;rosidl_typesupport_introspection_c
-- Using all available rosidl_typesupport_cpp: rosidl_typesupport_fastrtps_cpp;rosidl_typesupport_introspection_cpp
-- Found rmw_implementation_cmake: 6.1.1 (/opt/ros/humble/share/rmw_implementation_cmake/cmake)
-- Found rmw_fastrtps_cpp: 6.2.2 (/opt/ros/humble/share/rmw_fastrtps_cpp/cmake)
-- Found OpenSSL: /usr/lib/x86_64-linux-gnu/libcrypto.so (found version "3.0.2")  
-- Found FastRTPS: /opt/ros/humble/include  
-- Using RMW implementation 'rmw_fastrtps_cpp' as default
-- Looking for pthread.h
-- Looking for pthread.h - found
-- Performing Test CMAKE_HAVE_LIBC_PTHREAD
-- Performing Test CMAKE_HAVE_LIBC_PTHREAD - Success
-- Found Threads: TRUE  
-- Found mrt_cmake_modules: 1.0.9 (/opt/ros/humble/share/mrt_cmake_modules/cmake)
-- Found Boost: /usr/lib/x86_64-linux-gnu/cmake/Boost-1.74.0/BoostConfig.cmake (found version "1.74.0") found components: wserialization thread random serialization log_setup prg_exec_monitor wave system chrono filesystem locale timer date_time regex graph program_options unit_test_framework log atomic iostreams 
-- Found OpenMP_C: -fopenmp (found version "4.5") 
-- Found OpenMP_CXX: -fopenmp (found version "4.5") 
-- Found OpenMP: TRUE (found version "4.5")  
-- Found pugixml: /usr/lib/x86_64-linux-gnu/libpugixml.so  
-- Found PkgConfig: /usr/bin/pkg-config (found version "0.29.2") 
-- Found GeographicLib: /usr/lib/x86_64-linux-gnu/libGeographic.so  
-- Found eigen3_cmake_module: 0.1.1 (/opt/ros/humble/share/eigen3_cmake_module/cmake)
-- Found Eigen3: TRUE (found version "3.4.0") 
-- Ensuring Eigen3 include directory is part of orocos-kdl CMake target
-- Setting OGRE_DIR to: '/opt/ros/humble/share/rviz_ogre_vendor/cmake/../../../opt/rviz_ogre_vendor/lib/OGRE/cmake'
-- Found OGRE
--   static     : OFF
--   components : HLMS;MeshLodGenerator;Overlay;Paging;Property;RTShaderSystem;Terrain;Volume
--   plugins    : Plugin_BSPSceneManager;Plugin_OctreeSceneManager;Plugin_PCZSceneManager;Plugin_ParticleFX;RenderSystem_GL;RenderSystem_GL3Plus;Codec_STBI
--   media      : /opt/ros/humble/opt/rviz_ogre_vendor/share/OGRE/Media
-- OGRE_LIBRARIES: OgreHLMS;OgreMeshLodGenerator;OgreOverlay;OgrePaging;OgreProperty;OgreRTShaderSystem;OgreTerrain;OgreVolume;OgreMain
-- OGRE_LIBRARY_DIRS: /opt/ros/humble/opt/rviz_ogre_vendor/lib
-- OGRE_PLUGINS: Plugin_BSPSceneManager;Plugin_OctreeSceneManager;Plugin_PCZSceneManager;Plugin_ParticleFX;RenderSystem_GL;RenderSystem_GL3Plus;Codec_STBI
-- OGRE_PLUGIN_DIR: /opt/ros/humble/opt/rviz_ogre_vendor/lib/OGRE
-- rviz_ogre_vendor::OgreOverlay for IMPORTED_LOCATION_RELEASE: /opt/ros/humble/opt/rviz_ogre_vendor/lib/libOgreOverlay.so
-- rviz_ogre_vendor::OgreOverlay for IMPORTED_LOCATION_DEBUG: /opt/ros/humble/opt/rviz_ogre_vendor/lib/libOgreOverlay.so
-- rviz_ogre_vendor::OgreMain for IMPORTED_LOCATION_RELEASE: /opt/ros/humble/opt/rviz_ogre_vendor/lib/libOgreMain.so
-- rviz_ogre_vendor::OgreMain for IMPORTED_LOCATION_DEBUG: /opt/ros/humble/opt/rviz_ogre_vendor/lib/libOgreMain.so
-- Could not find freeimage library
-- Found ZLIB: /usr/lib/x86_64-linux-gnu/libz.so (found version "1.2.11") 
-- Found OpenGL: /usr/lib/x86_64-linux-gnu/libOpenGL.so   
-- Found X11: /usr/include   
-- Looking for XOpenDisplay in /usr/lib/x86_64-linux-gnu/libX11.so;/usr/lib/x86_64-linux-gnu/libXext.so
-- Looking for XOpenDisplay in /usr/lib/x86_64-linux-gnu/libX11.so;/usr/lib/x86_64-linux-gnu/libXext.so - found
-- Looking for gethostbyname
-- Looking for gethostbyname - found
-- Looking for connect
-- Looking for connect - found
-- Looking for remove
-- Looking for remove - found
-- Looking for shmat
-- Looking for shmat - found
-- Looking for IceConnectionNumber in ICE
-- Looking for IceConnectionNumber in ICE - found
-- rviz_ogre_vendor::RenderSystem_GL for IMPORTED_LOCATION_RELEASE: _render_system_gl_static_library_abs-NOTFOUND
-- rviz_ogre_vendor::RenderSystem_GL for IMPORTED_LOCATION_DEBUG: _render_system_gl_static_library_abs-NOTFOUND
-- library: /usr/lib/x86_64-linux-gnu/libcurl.so
-- Found ament_lint_auto: 0.12.5 (/opt/ros/humble/share/ament_lint_auto/cmake)
-- Added test 'copyright' to check source files copyright and LICENSE
-- Added test 'cppcheck' to perform static code analysis on C / C++ code
-- Configured cppcheck include dirs: 
-- Configured cppcheck exclude dirs and/or files: 
-- Added test 'lint_cmake' to check CMake code style
-- Added test 'xmllint' to check XML markup files
-- Configuring done
-- Generating done
-- Build files have been written to: /home/sws/autoware/build/tier4_traffic_light_rviz_plugin
[ 25%] [34m[1mAutomatic MOC for target tier4_traffic_light_rviz_plugin[0m
[ 25%] Built target tier4_traffic_light_rviz_plugin_autogen
[ 50%] [32mBuilding CXX object CMakeFiles/tier4_traffic_light_rviz_plugin.dir/tier4_traffic_light_rviz_plugin_autogen/mocs_compilation.cpp.o[0m
[ 75%] [32mBuilding CXX object CMakeFiles/tier4_traffic_light_rviz_plugin.dir/src/traffic_light_publish_panel.cpp.o[0m
[100%] [32m[1mLinking CXX shared library libtier4_traffic_light_rviz_plugin.so[0m
[100%] Built target tier4_traffic_light_rviz_plugin
-- Install configuration: "Release"
-- Execute custom install script
-- Symlinking: /home/sws/autoware/install/tier4_traffic_light_rviz_plugin/share/tier4_traffic_light_rviz_plugin/plugins/plugin_description.xml
-- Symlinking: /home/sws/autoware/install/tier4_traffic_light_rviz_plugin/share/tier4_traffic_light_rviz_plugin/environment/library_path.sh
-- Symlinking: /home/sws/autoware/install/tier4_traffic_light_rviz_plugin/share/tier4_traffic_light_rviz_plugin/environment/library_path.dsv
-- Symlinking: /home/sws/autoware/install/tier4_traffic_light_rviz_plugin/lib/libtier4_traffic_light_rviz_plugin.so
-- Symlinking: /home/sws/autoware/install/tier4_traffic_light_rviz_plugin/share/tier4_traffic_light_rviz_plugin/icons/classes/TrafficLightPublishPanel.png
-- Up-to-date symlink: /home/sws/autoware/install/tier4_traffic_light_rviz_plugin/share/tier4_traffic_light_rviz_plugin/plugins/plugin_description.xml
-- Symlinking: /home/sws/autoware/install/tier4_traffic_light_rviz_plugin/share/ament_index/resource_index/package_run_dependencies/tier4_traffic_light_rviz_plugin
-- Symlinking: /home/sws/autoware/install/tier4_traffic_light_rviz_plugin/share/ament_index/resource_index/parent_prefix_path/tier4_traffic_light_rviz_plugin
-- Symlinking: /home/sws/autoware/install/tier4_traffic_light_rviz_plugin/share/tier4_traffic_light_rviz_plugin/environment/ament_prefix_path.sh
-- Symlinking: /home/sws/autoware/install/tier4_traffic_light_rviz_plugin/share/tier4_traffic_light_rviz_plugin/environment/ament_prefix_path.dsv
-- Symlinking: /home/sws/autoware/install/tier4_traffic_light_rviz_plugin/share/tier4_traffic_light_rviz_plugin/environment/path.sh
-- Symlinking: /home/sws/autoware/install/tier4_traffic_light_rviz_plugin/share/tier4_traffic_light_rviz_plugin/environment/path.dsv
-- Symlinking: /home/sws/autoware/install/tier4_traffic_light_rviz_plugin/share/tier4_traffic_light_rviz_plugin/local_setup.bash
-- Symlinking: /home/sws/autoware/install/tier4_traffic_light_rviz_plugin/share/tier4_traffic_light_rviz_plugin/local_setup.sh
-- Symlinking: /home/sws/autoware/install/tier4_traffic_light_rviz_plugin/share/tier4_traffic_light_rviz_plugin/local_setup.zsh
-- Symlinking: /home/sws/autoware/install/tier4_traffic_light_rviz_plugin/share/tier4_traffic_light_rviz_plugin/local_setup.dsv
-- Symlinking: /home/sws/autoware/install/tier4_traffic_light_rviz_plugin/share/tier4_traffic_light_rviz_plugin/package.dsv
-- Symlinking: /home/sws/autoware/install/tier4_traffic_light_rviz_plugin/share/ament_index/resource_index/packages/tier4_traffic_light_rviz_plugin
-- Symlinking: /home/sws/autoware/install/tier4_traffic_light_rviz_plugin/share/ament_index/resource_index/rviz_common__pluginlib__plugin/tier4_traffic_light_rviz_plugin
-- Symlinking: /home/sws/autoware/install/tier4_traffic_light_rviz_plugin/share/tier4_traffic_light_rviz_plugin/cmake/ament_cmake_export_dependencies-extras.cmake
-- Symlinking: /home/sws/autoware/install/tier4_traffic_light_rviz_plugin/share/tier4_traffic_light_rviz_plugin/cmake/ament_cmake_export_libraries-extras.cmake
-- Symlinking: /home/sws/autoware/install/tier4_traffic_light_rviz_plugin/share/tier4_traffic_light_rviz_plugin/cmake/tier4_traffic_light_rviz_pluginConfig.cmake
-- Symlinking: /home/sws/autoware/install/tier4_traffic_light_rviz_plugin/share/tier4_traffic_light_rviz_plugin/cmake/tier4_traffic_light_rviz_pluginConfig-version.cmake
-- Symlinking: /home/sws/autoware/install/tier4_traffic_light_rviz_plugin/share/tier4_traffic_light_rviz_plugin/package.xml
