[0.056s] Invoking command in '/home/sws/autoware/build/tier4_traffic_light_rviz_plugin': AMENT_PREFIX_PATH=/home/sws/autoware/install/lanelet2_extension:/home/sws/autoware/install/autoware_utils:/home/sws/autoware/install/autoware_planning_msgs:/home/sws/autoware/install/autoware_cmake:/home/sws/autoware/install/autoware_auto_planning_msgs:/home/sws/autoware/install/autoware_auto_perception_msgs:/home/sws/autoware/install/autoware_lint_common:/home/sws/autoware/install/autoware_common_msgs:/home/sws/autoware/install/autoware_auto_mapping_msgs:/home/sws/autoware/install/autoware_auto_geometry_msgs:${AMENT_PREFIX_PATH} CMAKE_PREFIX_PATH=/home/sws/autoware/install/lanelet2_extension:/home/sws/autoware/install/autoware_utils:/home/sws/autoware/install/autoware_planning_msgs:/home/sws/autoware/install/autoware_cmake:/home/sws/autoware/install/autoware_auto_planning_msgs:/home/sws/autoware/install/autoware_auto_perception_msgs:/home/sws/autoware/install/autoware_lint_common:/home/sws/autoware/install/autoware_common_msgs:/home/sws/autoware/install/autoware_auto_mapping_msgs:/home/sws/autoware/install/autoware_auto_geometry_msgs:/opt/ros/humble LD_LIBRARY_PATH=/home/sws/autoware/install/lanelet2_extension/lib:/home/sws/autoware/install/autoware_utils/lib:/home/sws/autoware/install/autoware_planning_msgs/lib:/home/sws/autoware/install/autoware_auto_planning_msgs/lib:/home/sws/autoware/install/autoware_auto_perception_msgs/lib:/home/sws/autoware/install/autoware_common_msgs/lib:/home/sws/autoware/install/autoware_auto_mapping_msgs/lib:/home/sws/autoware/install/autoware_auto_geometry_msgs/lib:${LD_LIBRARY_PATH} PYTHONPATH=/home/sws/autoware/install/autoware_planning_msgs/local/lib/python3.10/dist-packages:/home/sws/autoware/install/autoware_auto_planning_msgs/local/lib/python3.10/dist-packages:/home/sws/autoware/install/autoware_auto_perception_msgs/local/lib/python3.10/dist-packages:/home/sws/autoware/install/autoware_common_msgs/local/lib/python3.10/dist-packages:/home/sws/autoware/install/autoware_auto_mapping_msgs/local/lib/python3.10/dist-packages:/home/sws/autoware/install/autoware_auto_geometry_msgs/local/lib/python3.10/dist-packages:${PYTHONPATH} /usr/bin/cmake /home/sws/autoware/src/universe/autoware.universe/common/tier4_traffic_light_rviz_plugin -DCMAKE_BUILD_TYPE=Release -DAMENT_CMAKE_SYMLINK_INSTALL=1 -DCMAKE_INSTALL_PREFIX=/home/sws/autoware/install/tier4_traffic_light_rviz_plugin
[50.302s] -- The C compiler identification is GNU 11.3.0
[50.302s] -- The CXX compiler identification is GNU 11.3.0
[50.302s] -- Detecting C compiler ABI info
[50.302s] -- Detecting C compiler ABI info - done
[50.302s] -- Check for working C compiler: /usr/bin/cc - skipped
[50.302s] -- Detecting C compile features
[50.303s] -- Detecting C compile features - done
[50.303s] -- Detecting CXX compiler ABI info
[50.303s] -- Detecting CXX compiler ABI info - done
[50.303s] -- Check for working CXX compiler: /usr/bin/c++ - skipped
[50.303s] -- Detecting CXX compile features
[50.303s] -- Detecting CXX compile features - done
[50.304s] -- Found autoware_cmake: 0.1.0 (/home/sws/autoware/install/autoware_cmake/share/autoware_cmake/cmake)
[50.304s] -- Found Python3: /usr/bin/python3.10 (found version "3.10.6") found components: Interpreter 
[50.304s] -- Override CMake install command with custom implementation using symlinks instead of copying resources
[50.304s] -- Found TinyXML2: /usr/lib/x86_64-linux-gnu/libtinyxml2.so  
[50.304s] -- Found rosidl_generator_c: 3.1.4 (/opt/ros/humble/share/rosidl_generator_c/cmake)
[50.304s] -- Found rosidl_adapter: 3.1.4 (/opt/ros/humble/share/rosidl_adapter/cmake)
[50.304s] -- Found rosidl_generator_cpp: 3.1.4 (/opt/ros/humble/share/rosidl_generator_cpp/cmake)
[50.304s] -- Using all available rosidl_typesupport_c: rosidl_typesupport_fastrtps_c;rosidl_typesupport_introspection_c
[50.305s] -- Using all available rosidl_typesupport_cpp: rosidl_typesupport_fastrtps_cpp;rosidl_typesupport_introspection_cpp
[50.305s] -- Found rmw_implementation_cmake: 6.1.1 (/opt/ros/humble/share/rmw_implementation_cmake/cmake)
[50.305s] -- Found rmw_fastrtps_cpp: 6.2.2 (/opt/ros/humble/share/rmw_fastrtps_cpp/cmake)
[50.305s] -- Found OpenSSL: /usr/lib/x86_64-linux-gnu/libcrypto.so (found version "3.0.2")  
[50.305s] -- Found FastRTPS: /opt/ros/humble/include  
[50.305s] -- Using RMW implementation 'rmw_fastrtps_cpp' as default
[50.305s] -- Looking for pthread.h
[50.305s] -- Looking for pthread.h - found
[50.305s] -- Performing Test CMAKE_HAVE_LIBC_PTHREAD
[50.305s] -- Performing Test CMAKE_HAVE_LIBC_PTHREAD - Success
[50.306s] -- Found Threads: TRUE  
[50.306s] -- Found mrt_cmake_modules: 1.0.9 (/opt/ros/humble/share/mrt_cmake_modules/cmake)
[50.306s] -- Found Boost: /usr/lib/x86_64-linux-gnu/cmake/Boost-1.74.0/BoostConfig.cmake (found version "1.74.0") found components: wserialization thread random serialization log_setup prg_exec_monitor wave system chrono filesystem locale timer date_time regex graph program_options unit_test_framework log atomic iostreams 
[50.306s] -- Found OpenMP_C: -fopenmp (found version "4.5") 
[50.306s] -- Found OpenMP_CXX: -fopenmp (found version "4.5") 
[50.306s] -- Found OpenMP: TRUE (found version "4.5")  
[50.306s] -- Found pugixml: /usr/lib/x86_64-linux-gnu/libpugixml.so  
[50.306s] -- Found PkgConfig: /usr/bin/pkg-config (found version "0.29.2") 
[50.306s] -- Found GeographicLib: /usr/lib/x86_64-linux-gnu/libGeographic.so  
[50.306s] -- Found eigen3_cmake_module: 0.1.1 (/opt/ros/humble/share/eigen3_cmake_module/cmake)
[50.307s] -- Found Eigen3: TRUE (found version "3.4.0") 
[50.307s] -- Ensuring Eigen3 include directory is part of orocos-kdl CMake target
[50.307s] -- Setting OGRE_DIR to: '/opt/ros/humble/share/rviz_ogre_vendor/cmake/../../../opt/rviz_ogre_vendor/lib/OGRE/cmake'
[50.307s] -- Found OGRE
[50.307s] --   static     : OFF
[50.307s] --   components : HLMS;MeshLodGenerator;Overlay;Paging;Property;RTShaderSystem;Terrain;Volume
[50.307s] --   plugins    : Plugin_BSPSceneManager;Plugin_OctreeSceneManager;Plugin_PCZSceneManager;Plugin_ParticleFX;RenderSystem_GL;RenderSystem_GL3Plus;Codec_STBI
[50.307s] --   media      : /opt/ros/humble/opt/rviz_ogre_vendor/share/OGRE/Media
[50.307s] -- OGRE_LIBRARIES: OgreHLMS;OgreMeshLodGenerator;OgreOverlay;OgrePaging;OgreProperty;OgreRTShaderSystem;OgreTerrain;OgreVolume;OgreMain
[50.307s] -- OGRE_LIBRARY_DIRS: /opt/ros/humble/opt/rviz_ogre_vendor/lib
[50.308s] -- OGRE_PLUGINS: Plugin_BSPSceneManager;Plugin_OctreeSceneManager;Plugin_PCZSceneManager;Plugin_ParticleFX;RenderSystem_GL;RenderSystem_GL3Plus;Codec_STBI
[50.308s] -- OGRE_PLUGIN_DIR: /opt/ros/humble/opt/rviz_ogre_vendor/lib/OGRE
[50.308s] -- rviz_ogre_vendor::OgreOverlay for IMPORTED_LOCATION_RELEASE: /opt/ros/humble/opt/rviz_ogre_vendor/lib/libOgreOverlay.so
[50.308s] -- rviz_ogre_vendor::OgreOverlay for IMPORTED_LOCATION_DEBUG: /opt/ros/humble/opt/rviz_ogre_vendor/lib/libOgreOverlay.so
[50.308s] -- rviz_ogre_vendor::OgreMain for IMPORTED_LOCATION_RELEASE: /opt/ros/humble/opt/rviz_ogre_vendor/lib/libOgreMain.so
[50.308s] -- rviz_ogre_vendor::OgreMain for IMPORTED_LOCATION_DEBUG: /opt/ros/humble/opt/rviz_ogre_vendor/lib/libOgreMain.so
[50.308s] -- Could not find freeimage library
[50.308s] -- Found ZLIB: /usr/lib/x86_64-linux-gnu/libz.so (found version "1.2.11") 
[50.308s] -- Found OpenGL: /usr/lib/x86_64-linux-gnu/libOpenGL.so   
[50.308s] -- Found X11: /usr/include   
[50.308s] -- Looking for XOpenDisplay in /usr/lib/x86_64-linux-gnu/libX11.so;/usr/lib/x86_64-linux-gnu/libXext.so
[50.309s] -- Looking for XOpenDisplay in /usr/lib/x86_64-linux-gnu/libX11.so;/usr/lib/x86_64-linux-gnu/libXext.so - found
[50.309s] -- Looking for gethostbyname
[50.309s] -- Looking for gethostbyname - found
[50.309s] -- Looking for connect
[50.309s] -- Looking for connect - found
[50.309s] -- Looking for remove
[50.309s] -- Looking for remove - found
[50.309s] -- Looking for shmat
[50.309s] -- Looking for shmat - found
[50.309s] -- Looking for IceConnectionNumber in ICE
[50.310s] -- Looking for IceConnectionNumber in ICE - found
[50.310s] -- rviz_ogre_vendor::RenderSystem_GL for IMPORTED_LOCATION_RELEASE: _render_system_gl_static_library_abs-NOTFOUND
[50.310s] -- rviz_ogre_vendor::RenderSystem_GL for IMPORTED_LOCATION_DEBUG: _render_system_gl_static_library_abs-NOTFOUND
[50.310s] -- library: /usr/lib/x86_64-linux-gnu/libcurl.so
[50.310s] -- Found ament_lint_auto: 0.12.5 (/opt/ros/humble/share/ament_lint_auto/cmake)
[50.310s] -- Added test 'copyright' to check source files copyright and LICENSE
[50.310s] -- Added test 'cppcheck' to perform static code analysis on C / C++ code
[50.310s] -- Configured cppcheck include dirs: 
[50.310s] -- Configured cppcheck exclude dirs and/or files: 
[50.310s] -- Added test 'lint_cmake' to check CMake code style
[50.310s] -- Added test 'xmllint' to check XML markup files
[50.310s] -- Configuring done
[50.311s] -- Generating done
[50.311s] -- Build files have been written to: /home/sws/autoware/build/tier4_traffic_light_rviz_plugin
[50.400s] Invoked command in '/home/sws/autoware/build/tier4_traffic_light_rviz_plugin' returned '0': AMENT_PREFIX_PATH=/home/sws/autoware/install/lanelet2_extension:/home/sws/autoware/install/autoware_utils:/home/sws/autoware/install/autoware_planning_msgs:/home/sws/autoware/install/autoware_cmake:/home/sws/autoware/install/autoware_auto_planning_msgs:/home/sws/autoware/install/autoware_auto_perception_msgs:/home/sws/autoware/install/autoware_lint_common:/home/sws/autoware/install/autoware_common_msgs:/home/sws/autoware/install/autoware_auto_mapping_msgs:/home/sws/autoware/install/autoware_auto_geometry_msgs:${AMENT_PREFIX_PATH} CMAKE_PREFIX_PATH=/home/sws/autoware/install/lanelet2_extension:/home/sws/autoware/install/autoware_utils:/home/sws/autoware/install/autoware_planning_msgs:/home/sws/autoware/install/autoware_cmake:/home/sws/autoware/install/autoware_auto_planning_msgs:/home/sws/autoware/install/autoware_auto_perception_msgs:/home/sws/autoware/install/autoware_lint_common:/home/sws/autoware/install/autoware_common_msgs:/home/sws/autoware/install/autoware_auto_mapping_msgs:/home/sws/autoware/install/autoware_auto_geometry_msgs:/opt/ros/humble LD_LIBRARY_PATH=/home/sws/autoware/install/lanelet2_extension/lib:/home/sws/autoware/install/autoware_utils/lib:/home/sws/autoware/install/autoware_planning_msgs/lib:/home/sws/autoware/install/autoware_auto_planning_msgs/lib:/home/sws/autoware/install/autoware_auto_perception_msgs/lib:/home/sws/autoware/install/autoware_common_msgs/lib:/home/sws/autoware/install/autoware_auto_mapping_msgs/lib:/home/sws/autoware/install/autoware_auto_geometry_msgs/lib:${LD_LIBRARY_PATH} PYTHONPATH=/home/sws/autoware/install/autoware_planning_msgs/local/lib/python3.10/dist-packages:/home/sws/autoware/install/autoware_auto_planning_msgs/local/lib/python3.10/dist-packages:/home/sws/autoware/install/autoware_auto_perception_msgs/local/lib/python3.10/dist-packages:/home/sws/autoware/install/autoware_common_msgs/local/lib/python3.10/dist-packages:/home/sws/autoware/install/autoware_auto_mapping_msgs/local/lib/python3.10/dist-packages:/home/sws/autoware/install/autoware_auto_geometry_msgs/local/lib/python3.10/dist-packages:${PYTHONPATH} /usr/bin/cmake /home/sws/autoware/src/universe/autoware.universe/common/tier4_traffic_light_rviz_plugin -DCMAKE_BUILD_TYPE=Release -DAMENT_CMAKE_SYMLINK_INSTALL=1 -DCMAKE_INSTALL_PREFIX=/home/sws/autoware/install/tier4_traffic_light_rviz_plugin
[50.400s] Invoking command in '/home/sws/autoware/build/tier4_traffic_light_rviz_plugin': AMENT_PREFIX_PATH=/home/sws/autoware/install/lanelet2_extension:/home/sws/autoware/install/autoware_utils:/home/sws/autoware/install/autoware_planning_msgs:/home/sws/autoware/install/autoware_cmake:/home/sws/autoware/install/autoware_auto_planning_msgs:/home/sws/autoware/install/autoware_auto_perception_msgs:/home/sws/autoware/install/autoware_lint_common:/home/sws/autoware/install/autoware_common_msgs:/home/sws/autoware/install/autoware_auto_mapping_msgs:/home/sws/autoware/install/autoware_auto_geometry_msgs:${AMENT_PREFIX_PATH} CMAKE_PREFIX_PATH=/home/sws/autoware/install/lanelet2_extension:/home/sws/autoware/install/autoware_utils:/home/sws/autoware/install/autoware_planning_msgs:/home/sws/autoware/install/autoware_cmake:/home/sws/autoware/install/autoware_auto_planning_msgs:/home/sws/autoware/install/autoware_auto_perception_msgs:/home/sws/autoware/install/autoware_lint_common:/home/sws/autoware/install/autoware_common_msgs:/home/sws/autoware/install/autoware_auto_mapping_msgs:/home/sws/autoware/install/autoware_auto_geometry_msgs:/opt/ros/humble LD_LIBRARY_PATH=/home/sws/autoware/install/lanelet2_extension/lib:/home/sws/autoware/install/autoware_utils/lib:/home/sws/autoware/install/autoware_planning_msgs/lib:/home/sws/autoware/install/autoware_auto_planning_msgs/lib:/home/sws/autoware/install/autoware_auto_perception_msgs/lib:/home/sws/autoware/install/autoware_common_msgs/lib:/home/sws/autoware/install/autoware_auto_mapping_msgs/lib:/home/sws/autoware/install/autoware_auto_geometry_msgs/lib:${LD_LIBRARY_PATH} PYTHONPATH=/home/sws/autoware/install/autoware_planning_msgs/local/lib/python3.10/dist-packages:/home/sws/autoware/install/autoware_auto_planning_msgs/local/lib/python3.10/dist-packages:/home/sws/autoware/install/autoware_auto_perception_msgs/local/lib/python3.10/dist-packages:/home/sws/autoware/install/autoware_common_msgs/local/lib/python3.10/dist-packages:/home/sws/autoware/install/autoware_auto_mapping_msgs/local/lib/python3.10/dist-packages:/home/sws/autoware/install/autoware_auto_geometry_msgs/local/lib/python3.10/dist-packages:${PYTHONPATH} /usr/bin/cmake --build /home/sws/autoware/build/tier4_traffic_light_rviz_plugin -- -j16 -l16
[50.640s] [ 25%] [34m[1mAutomatic MOC for target tier4_traffic_light_rviz_plugin[0m
[50.873s] [ 25%] Built target tier4_traffic_light_rviz_plugin_autogen
[51.014s] [ 50%] [32mBuilding CXX object CMakeFiles/tier4_traffic_light_rviz_plugin.dir/tier4_traffic_light_rviz_plugin_autogen/mocs_compilation.cpp.o[0m
[59.083s] [ 75%] [32mBuilding CXX object CMakeFiles/tier4_traffic_light_rviz_plugin.dir/src/traffic_light_publish_panel.cpp.o[0m
[87.697s] [100%] [32m[1mLinking CXX shared library libtier4_traffic_light_rviz_plugin.so[0m
[90.794s] [100%] Built target tier4_traffic_light_rviz_plugin
[90.812s] Invoked command in '/home/sws/autoware/build/tier4_traffic_light_rviz_plugin' returned '0': AMENT_PREFIX_PATH=/home/sws/autoware/install/lanelet2_extension:/home/sws/autoware/install/autoware_utils:/home/sws/autoware/install/autoware_planning_msgs:/home/sws/autoware/install/autoware_cmake:/home/sws/autoware/install/autoware_auto_planning_msgs:/home/sws/autoware/install/autoware_auto_perception_msgs:/home/sws/autoware/install/autoware_lint_common:/home/sws/autoware/install/autoware_common_msgs:/home/sws/autoware/install/autoware_auto_mapping_msgs:/home/sws/autoware/install/autoware_auto_geometry_msgs:${AMENT_PREFIX_PATH} CMAKE_PREFIX_PATH=/home/sws/autoware/install/lanelet2_extension:/home/sws/autoware/install/autoware_utils:/home/sws/autoware/install/autoware_planning_msgs:/home/sws/autoware/install/autoware_cmake:/home/sws/autoware/install/autoware_auto_planning_msgs:/home/sws/autoware/install/autoware_auto_perception_msgs:/home/sws/autoware/install/autoware_lint_common:/home/sws/autoware/install/autoware_common_msgs:/home/sws/autoware/install/autoware_auto_mapping_msgs:/home/sws/autoware/install/autoware_auto_geometry_msgs:/opt/ros/humble LD_LIBRARY_PATH=/home/sws/autoware/install/lanelet2_extension/lib:/home/sws/autoware/install/autoware_utils/lib:/home/sws/autoware/install/autoware_planning_msgs/lib:/home/sws/autoware/install/autoware_auto_planning_msgs/lib:/home/sws/autoware/install/autoware_auto_perception_msgs/lib:/home/sws/autoware/install/autoware_common_msgs/lib:/home/sws/autoware/install/autoware_auto_mapping_msgs/lib:/home/sws/autoware/install/autoware_auto_geometry_msgs/lib:${LD_LIBRARY_PATH} PYTHONPATH=/home/sws/autoware/install/autoware_planning_msgs/local/lib/python3.10/dist-packages:/home/sws/autoware/install/autoware_auto_planning_msgs/local/lib/python3.10/dist-packages:/home/sws/autoware/install/autoware_auto_perception_msgs/local/lib/python3.10/dist-packages:/home/sws/autoware/install/autoware_common_msgs/local/lib/python3.10/dist-packages:/home/sws/autoware/install/autoware_auto_mapping_msgs/local/lib/python3.10/dist-packages:/home/sws/autoware/install/autoware_auto_geometry_msgs/local/lib/python3.10/dist-packages:${PYTHONPATH} /usr/bin/cmake --build /home/sws/autoware/build/tier4_traffic_light_rviz_plugin -- -j16 -l16
[90.851s] Invoking command in '/home/sws/autoware/build/tier4_traffic_light_rviz_plugin': AMENT_PREFIX_PATH=/home/sws/autoware/install/lanelet2_extension:/home/sws/autoware/install/autoware_utils:/home/sws/autoware/install/autoware_planning_msgs:/home/sws/autoware/install/autoware_cmake:/home/sws/autoware/install/autoware_auto_planning_msgs:/home/sws/autoware/install/autoware_auto_perception_msgs:/home/sws/autoware/install/autoware_lint_common:/home/sws/autoware/install/autoware_common_msgs:/home/sws/autoware/install/autoware_auto_mapping_msgs:/home/sws/autoware/install/autoware_auto_geometry_msgs:${AMENT_PREFIX_PATH} CMAKE_PREFIX_PATH=/home/sws/autoware/install/lanelet2_extension:/home/sws/autoware/install/autoware_utils:/home/sws/autoware/install/autoware_planning_msgs:/home/sws/autoware/install/autoware_cmake:/home/sws/autoware/install/autoware_auto_planning_msgs:/home/sws/autoware/install/autoware_auto_perception_msgs:/home/sws/autoware/install/autoware_lint_common:/home/sws/autoware/install/autoware_common_msgs:/home/sws/autoware/install/autoware_auto_mapping_msgs:/home/sws/autoware/install/autoware_auto_geometry_msgs:/opt/ros/humble LD_LIBRARY_PATH=/home/sws/autoware/install/lanelet2_extension/lib:/home/sws/autoware/install/autoware_utils/lib:/home/sws/autoware/install/autoware_planning_msgs/lib:/home/sws/autoware/install/autoware_auto_planning_msgs/lib:/home/sws/autoware/install/autoware_auto_perception_msgs/lib:/home/sws/autoware/install/autoware_common_msgs/lib:/home/sws/autoware/install/autoware_auto_mapping_msgs/lib:/home/sws/autoware/install/autoware_auto_geometry_msgs/lib:${LD_LIBRARY_PATH} PYTHONPATH=/home/sws/autoware/install/autoware_planning_msgs/local/lib/python3.10/dist-packages:/home/sws/autoware/install/autoware_auto_planning_msgs/local/lib/python3.10/dist-packages:/home/sws/autoware/install/autoware_auto_perception_msgs/local/lib/python3.10/dist-packages:/home/sws/autoware/install/autoware_common_msgs/local/lib/python3.10/dist-packages:/home/sws/autoware/install/autoware_auto_mapping_msgs/local/lib/python3.10/dist-packages:/home/sws/autoware/install/autoware_auto_geometry_msgs/local/lib/python3.10/dist-packages:${PYTHONPATH} /usr/bin/cmake --install /home/sws/autoware/build/tier4_traffic_light_rviz_plugin
[110.229s] -- Install configuration: "Release"
[110.229s] -- Execute custom install script
[110.229s] -- Symlinking: /home/sws/autoware/install/tier4_traffic_light_rviz_plugin/share/tier4_traffic_light_rviz_plugin/plugins/plugin_description.xml
[110.229s] -- Symlinking: /home/sws/autoware/install/tier4_traffic_light_rviz_plugin/share/tier4_traffic_light_rviz_plugin/environment/library_path.sh
[110.229s] -- Symlinking: /home/sws/autoware/install/tier4_traffic_light_rviz_plugin/share/tier4_traffic_light_rviz_plugin/environment/library_path.dsv
[110.229s] -- Symlinking: /home/sws/autoware/install/tier4_traffic_light_rviz_plugin/lib/libtier4_traffic_light_rviz_plugin.so
[110.229s] -- Symlinking: /home/sws/autoware/install/tier4_traffic_light_rviz_plugin/share/tier4_traffic_light_rviz_plugin/icons/classes/TrafficLightPublishPanel.png
[110.229s] -- Up-to-date symlink: /home/sws/autoware/install/tier4_traffic_light_rviz_plugin/share/tier4_traffic_light_rviz_plugin/plugins/plugin_description.xml
[110.229s] -- Symlinking: /home/sws/autoware/install/tier4_traffic_light_rviz_plugin/share/ament_index/resource_index/package_run_dependencies/tier4_traffic_light_rviz_plugin
[110.230s] -- Symlinking: /home/sws/autoware/install/tier4_traffic_light_rviz_plugin/share/ament_index/resource_index/parent_prefix_path/tier4_traffic_light_rviz_plugin
[110.230s] -- Symlinking: /home/sws/autoware/install/tier4_traffic_light_rviz_plugin/share/tier4_traffic_light_rviz_plugin/environment/ament_prefix_path.sh
[110.230s] -- Symlinking: /home/sws/autoware/install/tier4_traffic_light_rviz_plugin/share/tier4_traffic_light_rviz_plugin/environment/ament_prefix_path.dsv
[110.230s] -- Symlinking: /home/sws/autoware/install/tier4_traffic_light_rviz_plugin/share/tier4_traffic_light_rviz_plugin/environment/path.sh
[110.230s] -- Symlinking: /home/sws/autoware/install/tier4_traffic_light_rviz_plugin/share/tier4_traffic_light_rviz_plugin/environment/path.dsv
[110.230s] -- Symlinking: /home/sws/autoware/install/tier4_traffic_light_rviz_plugin/share/tier4_traffic_light_rviz_plugin/local_setup.bash
[110.230s] -- Symlinking: /home/sws/autoware/install/tier4_traffic_light_rviz_plugin/share/tier4_traffic_light_rviz_plugin/local_setup.sh
[110.230s] -- Symlinking: /home/sws/autoware/install/tier4_traffic_light_rviz_plugin/share/tier4_traffic_light_rviz_plugin/local_setup.zsh
[110.230s] -- Symlinking: /home/sws/autoware/install/tier4_traffic_light_rviz_plugin/share/tier4_traffic_light_rviz_plugin/local_setup.dsv
[110.230s] -- Symlinking: /home/sws/autoware/install/tier4_traffic_light_rviz_plugin/share/tier4_traffic_light_rviz_plugin/package.dsv
[110.230s] -- Symlinking: /home/sws/autoware/install/tier4_traffic_light_rviz_plugin/share/ament_index/resource_index/packages/tier4_traffic_light_rviz_plugin
[110.231s] -- Symlinking: /home/sws/autoware/install/tier4_traffic_light_rviz_plugin/share/ament_index/resource_index/rviz_common__pluginlib__plugin/tier4_traffic_light_rviz_plugin
[110.231s] -- Symlinking: /home/sws/autoware/install/tier4_traffic_light_rviz_plugin/share/tier4_traffic_light_rviz_plugin/cmake/ament_cmake_export_dependencies-extras.cmake
[110.231s] -- Symlinking: /home/sws/autoware/install/tier4_traffic_light_rviz_plugin/share/tier4_traffic_light_rviz_plugin/cmake/ament_cmake_export_libraries-extras.cmake
[110.231s] -- Symlinking: /home/sws/autoware/install/tier4_traffic_light_rviz_plugin/share/tier4_traffic_light_rviz_plugin/cmake/tier4_traffic_light_rviz_pluginConfig.cmake
[110.231s] -- Symlinking: /home/sws/autoware/install/tier4_traffic_light_rviz_plugin/share/tier4_traffic_light_rviz_plugin/cmake/tier4_traffic_light_rviz_pluginConfig-version.cmake
[110.231s] -- Symlinking: /home/sws/autoware/install/tier4_traffic_light_rviz_plugin/share/tier4_traffic_light_rviz_plugin/package.xml
[110.251s] Invoked command in '/home/sws/autoware/build/tier4_traffic_light_rviz_plugin' returned '0': AMENT_PREFIX_PATH=/home/sws/autoware/install/lanelet2_extension:/home/sws/autoware/install/autoware_utils:/home/sws/autoware/install/autoware_planning_msgs:/home/sws/autoware/install/autoware_cmake:/home/sws/autoware/install/autoware_auto_planning_msgs:/home/sws/autoware/install/autoware_auto_perception_msgs:/home/sws/autoware/install/autoware_lint_common:/home/sws/autoware/install/autoware_common_msgs:/home/sws/autoware/install/autoware_auto_mapping_msgs:/home/sws/autoware/install/autoware_auto_geometry_msgs:${AMENT_PREFIX_PATH} CMAKE_PREFIX_PATH=/home/sws/autoware/install/lanelet2_extension:/home/sws/autoware/install/autoware_utils:/home/sws/autoware/install/autoware_planning_msgs:/home/sws/autoware/install/autoware_cmake:/home/sws/autoware/install/autoware_auto_planning_msgs:/home/sws/autoware/install/autoware_auto_perception_msgs:/home/sws/autoware/install/autoware_lint_common:/home/sws/autoware/install/autoware_common_msgs:/home/sws/autoware/install/autoware_auto_mapping_msgs:/home/sws/autoware/install/autoware_auto_geometry_msgs:/opt/ros/humble LD_LIBRARY_PATH=/home/sws/autoware/install/lanelet2_extension/lib:/home/sws/autoware/install/autoware_utils/lib:/home/sws/autoware/install/autoware_planning_msgs/lib:/home/sws/autoware/install/autoware_auto_planning_msgs/lib:/home/sws/autoware/install/autoware_auto_perception_msgs/lib:/home/sws/autoware/install/autoware_common_msgs/lib:/home/sws/autoware/install/autoware_auto_mapping_msgs/lib:/home/sws/autoware/install/autoware_auto_geometry_msgs/lib:${LD_LIBRARY_PATH} PYTHONPATH=/home/sws/autoware/install/autoware_planning_msgs/local/lib/python3.10/dist-packages:/home/sws/autoware/install/autoware_auto_planning_msgs/local/lib/python3.10/dist-packages:/home/sws/autoware/install/autoware_auto_perception_msgs/local/lib/python3.10/dist-packages:/home/sws/autoware/install/autoware_common_msgs/local/lib/python3.10/dist-packages:/home/sws/autoware/install/autoware_auto_mapping_msgs/local/lib/python3.10/dist-packages:/home/sws/autoware/install/autoware_auto_geometry_msgs/local/lib/python3.10/dist-packages:${PYTHONPATH} /usr/bin/cmake --install /home/sws/autoware/build/tier4_traffic_light_rviz_plugin
