[0.050s] Invoking command in '/home/sws/autoware/build/tier4_screen_capture_rviz_plugin': AMENT_PREFIX_PATH=/home/sws/autoware/install/autoware_cmake:/home/sws/autoware/install/autoware_lint_common:${AMENT_PREFIX_PATH} CMAKE_PREFIX_PATH=/home/sws/autoware/install/autoware_cmake:/home/sws/autoware/install/autoware_lint_common:/opt/ros/humble /usr/bin/cmake /home/sws/autoware/src/universe/autoware.universe/common/tier4_screen_capture_rviz_plugin -DCMAKE_BUILD_TYPE=Release -DAMENT_CMAKE_SYMLINK_INSTALL=1 -DCMAKE_INSTALL_PREFIX=/home/sws/autoware/install/tier4_screen_capture_rviz_plugin
[2.694s] -- The C compiler identification is GNU 11.3.0
[2.695s] -- The CXX compiler identification is GNU 11.3.0
[2.695s] -- Detecting C compiler ABI info
[2.695s] -- Detecting C compiler ABI info - done
[2.695s] -- Check for working C compiler: /usr/bin/cc - skipped
[2.695s] -- Detecting C compile features
[2.695s] -- Detecting C compile features - done
[2.695s] -- Detecting CXX compiler ABI info
[2.695s] -- Detecting CXX compiler ABI info - done
[2.695s] -- Check for working CXX compiler: /usr/bin/c++ - skipped
[2.695s] -- Detecting CXX compile features
[2.695s] -- Detecting CXX compile features - done
[2.696s] -- Found autoware_cmake: 0.1.0 (/home/sws/autoware/install/autoware_cmake/share/autoware_cmake/cmake)
[2.696s] -- Found Python3: /usr/bin/python3.10 (found version "3.10.6") found components: Interpreter 
[2.696s] -- Override CMake install command with custom implementation using symlinks instead of copying resources
[2.696s] -- Found rosidl_generator_c: 3.1.4 (/opt/ros/humble/share/rosidl_generator_c/cmake)
[2.696s] -- Found rosidl_adapter: 3.1.4 (/opt/ros/humble/share/rosidl_adapter/cmake)
[2.696s] -- Found rosidl_generator_cpp: 3.1.4 (/opt/ros/humble/share/rosidl_generator_cpp/cmake)
[2.696s] -- Using all available rosidl_typesupport_c: rosidl_typesupport_fastrtps_c;rosidl_typesupport_introspection_c
[2.696s] -- Using all available rosidl_typesupport_cpp: rosidl_typesupport_fastrtps_cpp;rosidl_typesupport_introspection_cpp
[2.696s] -- Found rmw_implementation_cmake: 6.1.1 (/opt/ros/humble/share/rmw_implementation_cmake/cmake)
[2.696s] -- Found rmw_fastrtps_cpp: 6.2.2 (/opt/ros/humble/share/rmw_fastrtps_cpp/cmake)
[2.700s] -- Found OpenSSL: /usr/lib/x86_64-linux-gnu/libcrypto.so (found version "3.0.2")  
[2.700s] -- Found FastRTPS: /opt/ros/humble/include  
[2.700s] -- Using RMW implementation 'rmw_fastrtps_cpp' as default
[2.701s] -- Looking for pthread.h
[2.701s] -- Looking for pthread.h - found
[2.701s] -- Performing Test CMAKE_HAVE_LIBC_PTHREAD
[2.701s] -- Performing Test CMAKE_HAVE_LIBC_PTHREAD - Success
[2.701s] -- Found Threads: TRUE  
[2.701s] -- Setting OGRE_DIR to: '/opt/ros/humble/share/rviz_ogre_vendor/cmake/../../../opt/rviz_ogre_vendor/lib/OGRE/cmake'
[2.701s] -- Found OGRE
[2.701s] --   static     : OFF
[2.701s] --   components : HLMS;MeshLodGenerator;Overlay;Paging;Property;RTShaderSystem;Terrain;Volume
[2.701s] --   plugins    : Plugin_BSPSceneManager;Plugin_OctreeSceneManager;Plugin_PCZSceneManager;Plugin_ParticleFX;RenderSystem_GL;RenderSystem_GL3Plus;Codec_STBI
[2.701s] --   media      : /opt/ros/humble/opt/rviz_ogre_vendor/share/OGRE/Media
[2.701s] -- OGRE_LIBRARIES: OgreHLMS;OgreMeshLodGenerator;OgreOverlay;OgrePaging;OgreProperty;OgreRTShaderSystem;OgreTerrain;OgreVolume;OgreMain
[2.701s] -- OGRE_LIBRARY_DIRS: /opt/ros/humble/opt/rviz_ogre_vendor/lib
[2.701s] -- OGRE_PLUGINS: Plugin_BSPSceneManager;Plugin_OctreeSceneManager;Plugin_PCZSceneManager;Plugin_ParticleFX;RenderSystem_GL;RenderSystem_GL3Plus;Codec_STBI
[2.701s] -- OGRE_PLUGIN_DIR: /opt/ros/humble/opt/rviz_ogre_vendor/lib/OGRE
[2.701s] -- rviz_ogre_vendor::OgreOverlay for IMPORTED_LOCATION_RELEASE: /opt/ros/humble/opt/rviz_ogre_vendor/lib/libOgreOverlay.so
[2.701s] -- rviz_ogre_vendor::OgreOverlay for IMPORTED_LOCATION_DEBUG: /opt/ros/humble/opt/rviz_ogre_vendor/lib/libOgreOverlay.so
[2.701s] -- rviz_ogre_vendor::OgreMain for IMPORTED_LOCATION_RELEASE: /opt/ros/humble/opt/rviz_ogre_vendor/lib/libOgreMain.so
[2.701s] -- rviz_ogre_vendor::OgreMain for IMPORTED_LOCATION_DEBUG: /opt/ros/humble/opt/rviz_ogre_vendor/lib/libOgreMain.so
[2.702s] -- Could not find freeimage library
[2.702s] -- Found ZLIB: /usr/lib/x86_64-linux-gnu/libz.so (found version "1.2.11") 
[2.702s] -- Found OpenGL: /usr/lib/x86_64-linux-gnu/libOpenGL.so   
[2.702s] -- Found X11: /usr/include   
[2.702s] -- Looking for XOpenDisplay in /usr/lib/x86_64-linux-gnu/libX11.so;/usr/lib/x86_64-linux-gnu/libXext.so
[2.702s] -- Looking for XOpenDisplay in /usr/lib/x86_64-linux-gnu/libX11.so;/usr/lib/x86_64-linux-gnu/libXext.so - found
[2.702s] -- Looking for gethostbyname
[2.702s] -- Looking for gethostbyname - found
[2.702s] -- Looking for connect
[2.702s] -- Looking for connect - found
[2.702s] -- Looking for remove
[2.702s] -- Looking for remove - found
[2.702s] -- Looking for shmat
[2.702s] -- Looking for shmat - found
[2.702s] -- Looking for IceConnectionNumber in ICE
[2.702s] -- Looking for IceConnectionNumber in ICE - found
[2.702s] -- rviz_ogre_vendor::RenderSystem_GL for IMPORTED_LOCATION_RELEASE: _render_system_gl_static_library_abs-NOTFOUND
[2.703s] -- rviz_ogre_vendor::RenderSystem_GL for IMPORTED_LOCATION_DEBUG: _render_system_gl_static_library_abs-NOTFOUND
[2.703s] -- library: /usr/lib/x86_64-linux-gnu/libcurl.so
[3.013s] -- Found Eigen3: TRUE (found version "3.4.0") 
[3.013s] -- Ensuring Eigen3 include directory is part of orocos-kdl CMake target
[3.765s] -- Found ament_lint_auto: 0.12.5 (/opt/ros/humble/share/ament_lint_auto/cmake)
[3.792s] -- Found OpenCV: /usr (found version "4.5.4") 
[3.807s] -- Added test 'copyright' to check source files copyright and LICENSE
[3.809s] -- Added test 'cppcheck' to perform static code analysis on C / C++ code
[3.810s] -- Configured cppcheck include dirs: 
[3.810s] -- Configured cppcheck exclude dirs and/or files: 
[3.811s] -- Added test 'lint_cmake' to check CMake code style
[3.811s] -- Added test 'xmllint' to check XML markup files
[3.815s] -- Configuring done
[3.876s] -- Generating done
[3.880s] -- Build files have been written to: /home/sws/autoware/build/tier4_screen_capture_rviz_plugin
[3.924s] Invoked command in '/home/sws/autoware/build/tier4_screen_capture_rviz_plugin' returned '0': AMENT_PREFIX_PATH=/home/sws/autoware/install/autoware_cmake:/home/sws/autoware/install/autoware_lint_common:${AMENT_PREFIX_PATH} CMAKE_PREFIX_PATH=/home/sws/autoware/install/autoware_cmake:/home/sws/autoware/install/autoware_lint_common:/opt/ros/humble /usr/bin/cmake /home/sws/autoware/src/universe/autoware.universe/common/tier4_screen_capture_rviz_plugin -DCMAKE_BUILD_TYPE=Release -DAMENT_CMAKE_SYMLINK_INSTALL=1 -DCMAKE_INSTALL_PREFIX=/home/sws/autoware/install/tier4_screen_capture_rviz_plugin
[3.925s] Invoking command in '/home/sws/autoware/build/tier4_screen_capture_rviz_plugin': AMENT_PREFIX_PATH=/home/sws/autoware/install/autoware_cmake:/home/sws/autoware/install/autoware_lint_common:${AMENT_PREFIX_PATH} CMAKE_PREFIX_PATH=/home/sws/autoware/install/autoware_cmake:/home/sws/autoware/install/autoware_lint_common:/opt/ros/humble /usr/bin/cmake --build /home/sws/autoware/build/tier4_screen_capture_rviz_plugin -- -j16 -l16
[10.533s] [ 25%] [34m[1mAutomatic MOC for target tier4_screen_capture_rviz_plugin[0m
[10.533s] [ 25%] Built target tier4_screen_capture_rviz_plugin_autogen
[10.533s] [ 50%] [32mBuilding CXX object CMakeFiles/tier4_screen_capture_rviz_plugin.dir/tier4_screen_capture_rviz_plugin_autogen/mocs_compilation.cpp.o[0m
[10.534s] [ 75%] [32mBuilding CXX object CMakeFiles/tier4_screen_capture_rviz_plugin.dir/src/screen_capture_panel.cpp.o[0m
[19.917s] [100%] [32m[1mLinking CXX shared library libtier4_screen_capture_rviz_plugin.so[0m
[22.763s] [100%] Built target tier4_screen_capture_rviz_plugin
[22.778s] Invoked command in '/home/sws/autoware/build/tier4_screen_capture_rviz_plugin' returned '0': AMENT_PREFIX_PATH=/home/sws/autoware/install/autoware_cmake:/home/sws/autoware/install/autoware_lint_common:${AMENT_PREFIX_PATH} CMAKE_PREFIX_PATH=/home/sws/autoware/install/autoware_cmake:/home/sws/autoware/install/autoware_lint_common:/opt/ros/humble /usr/bin/cmake --build /home/sws/autoware/build/tier4_screen_capture_rviz_plugin -- -j16 -l16
[22.819s] Invoking command in '/home/sws/autoware/build/tier4_screen_capture_rviz_plugin': AMENT_PREFIX_PATH=/home/sws/autoware/install/autoware_cmake:/home/sws/autoware/install/autoware_lint_common:${AMENT_PREFIX_PATH} CMAKE_PREFIX_PATH=/home/sws/autoware/install/autoware_cmake:/home/sws/autoware/install/autoware_lint_common:/opt/ros/humble /usr/bin/cmake --install /home/sws/autoware/build/tier4_screen_capture_rviz_plugin
[26.178s] -- Install configuration: "Release"
[26.178s] -- Execute custom install script
[26.178s] -- Symlinking: /home/sws/autoware/install/tier4_screen_capture_rviz_plugin/share/tier4_screen_capture_rviz_plugin/plugins/plugin_description.xml
[26.178s] -- Symlinking: /home/sws/autoware/install/tier4_screen_capture_rviz_plugin/share/tier4_screen_capture_rviz_plugin/environment/library_path.sh
[26.178s] -- Symlinking: /home/sws/autoware/install/tier4_screen_capture_rviz_plugin/share/tier4_screen_capture_rviz_plugin/environment/library_path.dsv
[26.178s] -- Symlinking: /home/sws/autoware/install/tier4_screen_capture_rviz_plugin/lib/libtier4_screen_capture_rviz_plugin.so
[26.178s] -- Up-to-date symlink: /home/sws/autoware/install/tier4_screen_capture_rviz_plugin/share/tier4_screen_capture_rviz_plugin/plugins/plugin_description.xml
[26.178s] -- Symlinking: /home/sws/autoware/install/tier4_screen_capture_rviz_plugin/share/ament_index/resource_index/package_run_dependencies/tier4_screen_capture_rviz_plugin
[26.178s] -- Symlinking: /home/sws/autoware/install/tier4_screen_capture_rviz_plugin/share/ament_index/resource_index/parent_prefix_path/tier4_screen_capture_rviz_plugin
[26.178s] -- Symlinking: /home/sws/autoware/install/tier4_screen_capture_rviz_plugin/share/tier4_screen_capture_rviz_plugin/environment/ament_prefix_path.sh
[26.179s] -- Symlinking: /home/sws/autoware/install/tier4_screen_capture_rviz_plugin/share/tier4_screen_capture_rviz_plugin/environment/ament_prefix_path.dsv
[26.179s] -- Symlinking: /home/sws/autoware/install/tier4_screen_capture_rviz_plugin/share/tier4_screen_capture_rviz_plugin/environment/path.sh
[26.179s] -- Symlinking: /home/sws/autoware/install/tier4_screen_capture_rviz_plugin/share/tier4_screen_capture_rviz_plugin/environment/path.dsv
[26.179s] -- Symlinking: /home/sws/autoware/install/tier4_screen_capture_rviz_plugin/share/tier4_screen_capture_rviz_plugin/local_setup.bash
[26.179s] -- Symlinking: /home/sws/autoware/install/tier4_screen_capture_rviz_plugin/share/tier4_screen_capture_rviz_plugin/local_setup.sh
[26.179s] -- Symlinking: /home/sws/autoware/install/tier4_screen_capture_rviz_plugin/share/tier4_screen_capture_rviz_plugin/local_setup.zsh
[26.179s] -- Symlinking: /home/sws/autoware/install/tier4_screen_capture_rviz_plugin/share/tier4_screen_capture_rviz_plugin/local_setup.dsv
[26.179s] -- Symlinking: /home/sws/autoware/install/tier4_screen_capture_rviz_plugin/share/tier4_screen_capture_rviz_plugin/package.dsv
[26.179s] -- Symlinking: /home/sws/autoware/install/tier4_screen_capture_rviz_plugin/share/ament_index/resource_index/packages/tier4_screen_capture_rviz_plugin
[26.179s] -- Symlinking: /home/sws/autoware/install/tier4_screen_capture_rviz_plugin/share/ament_index/resource_index/rviz_common__pluginlib__plugin/tier4_screen_capture_rviz_plugin
[26.179s] -- Symlinking: /home/sws/autoware/install/tier4_screen_capture_rviz_plugin/share/tier4_screen_capture_rviz_plugin/cmake/ament_cmake_export_dependencies-extras.cmake
[26.180s] -- Symlinking: /home/sws/autoware/install/tier4_screen_capture_rviz_plugin/share/tier4_screen_capture_rviz_plugin/cmake/ament_cmake_export_libraries-extras.cmake
[26.180s] -- Symlinking: /home/sws/autoware/install/tier4_screen_capture_rviz_plugin/share/tier4_screen_capture_rviz_plugin/cmake/tier4_screen_capture_rviz_pluginConfig.cmake
[26.180s] -- Symlinking: /home/sws/autoware/install/tier4_screen_capture_rviz_plugin/share/tier4_screen_capture_rviz_plugin/cmake/tier4_screen_capture_rviz_pluginConfig-version.cmake
[26.180s] -- Symlinking: /home/sws/autoware/install/tier4_screen_capture_rviz_plugin/share/tier4_screen_capture_rviz_plugin/package.xml
[26.198s] Invoked command in '/home/sws/autoware/build/tier4_screen_capture_rviz_plugin' returned '0': AMENT_PREFIX_PATH=/home/sws/autoware/install/autoware_cmake:/home/sws/autoware/install/autoware_lint_common:${AMENT_PREFIX_PATH} CMAKE_PREFIX_PATH=/home/sws/autoware/install/autoware_cmake:/home/sws/autoware/install/autoware_lint_common:/opt/ros/humble /usr/bin/cmake --install /home/sws/autoware/build/tier4_screen_capture_rviz_plugin
