[0.097s] Invoking command in '/home/sws/autoware/build/tier4_api_msgs': AMENT_PREFIX_PATH=/home/sws/autoware/install/tier4_system_msgs:/home/sws/autoware/install/tier4_planning_msgs:/home/sws/autoware/install/autoware_common_msgs:${AMENT_PREFIX_PATH} CMAKE_PREFIX_PATH=/home/sws/autoware/install/tier4_system_msgs:/home/sws/autoware/install/tier4_planning_msgs:/home/sws/autoware/install/autoware_common_msgs:/opt/ros/humble LD_LIBRARY_PATH=/home/sws/autoware/install/tier4_system_msgs/lib:/home/sws/autoware/install/tier4_planning_msgs/lib:/home/sws/autoware/install/autoware_common_msgs/lib:${LD_LIBRARY_PATH} PYTHONPATH=/home/sws/autoware/install/tier4_system_msgs/local/lib/python3.10/dist-packages:/home/sws/autoware/install/tier4_planning_msgs/local/lib/python3.10/dist-packages:/home/sws/autoware/install/autoware_common_msgs/local/lib/python3.10/dist-packages:${PYTHONPATH} /usr/bin/cmake /home/sws/autoware/src/universe/external/tier4_autoware_msgs/tier4_api_msgs -DCMAKE_BUILD_TYPE=Release -DAMENT_CMAKE_SYMLINK_INSTALL=1 -DCMAKE_INSTALL_PREFIX=/home/sws/autoware/install/tier4_api_msgs
[16.959s] -- The C compiler identification is GNU 11.3.0
[16.960s] -- The CXX compiler identification is GNU 11.3.0
[16.960s] -- Detecting C compiler ABI info
[16.960s] -- Detecting C compiler ABI info - done
[16.960s] -- Check for working C compiler: /usr/bin/cc - skipped
[16.960s] -- Detecting C compile features
[16.960s] -- Detecting C compile features - done
[16.960s] -- Detecting CXX compiler ABI info
[16.961s] -- Detecting CXX compiler ABI info - done
[16.961s] -- Check for working CXX compiler: /usr/bin/c++ - skipped
[16.961s] -- Detecting CXX compile features
[16.961s] -- Detecting CXX compile features - done
[16.961s] -- Found ament_cmake_auto: 1.3.3 (/opt/ros/humble/share/ament_cmake_auto/cmake)
[16.961s] -- Found Python3: /usr/bin/python3.10 (found version "3.10.6") found components: Interpreter 
[16.961s] -- Override CMake install command with custom implementation using symlinks instead of copying resources
[16.961s] -- Using all available rosidl_typesupport_c: rosidl_typesupport_fastrtps_c;rosidl_typesupport_introspection_c
[16.961s] -- Found rosidl_adapter: 3.1.4 (/opt/ros/humble/share/rosidl_adapter/cmake)
[16.961s] -- Using all available rosidl_typesupport_cpp: rosidl_typesupport_fastrtps_cpp;rosidl_typesupport_introspection_cpp
[16.961s] -- Found ament_cmake_ros: 0.10.0 (/opt/ros/humble/share/ament_cmake_ros/cmake)
[16.962s] -- Using all available rosidl_typesupport_c: rosidl_typesupport_fastrtps_c;rosidl_typesupport_introspection_c
[16.962s] -- Using all available rosidl_typesupport_cpp: rosidl_typesupport_fastrtps_cpp;rosidl_typesupport_introspection_cpp
[16.963s] -- Found PythonInterp: /usr/bin/python3 (found suitable version "3.10.6", minimum required is "3.6") 
[16.963s] -- Found python_cmake_module: 0.10.0 (/opt/ros/humble/share/python_cmake_module/cmake)
[16.963s] -- Found PythonLibs: /usr/lib/x86_64-linux-gnu/libpython3.10.so (found suitable version "3.10.6", minimum required is "3.5") 
[16.963s] -- Using PYTHON_EXECUTABLE: /usr/bin/python3
[16.963s] -- Using PYTHON_INCLUDE_DIRS: /usr/include/python3.10
[16.963s] -- Using PYTHON_LIBRARIES: /usr/lib/x86_64-linux-gnu/libpython3.10.so
[16.963s] -- Found PythonExtra: .so  
[16.964s] -- Found ament_lint_auto: 0.12.5 (/opt/ros/humble/share/ament_lint_auto/cmake)
[16.964s] -- Added test 'copyright' to check source files copyright and LICENSE
[16.964s] -- Added test 'lint_cmake' to check CMake code style
[16.964s] -- Added test 'xmllint' to check XML markup files
[16.964s] -- Configuring done
[16.964s] -- Generating done
[16.964s] -- Build files have been written to: /home/sws/autoware/build/tier4_api_msgs
[16.965s] Invoked command in '/home/sws/autoware/build/tier4_api_msgs' returned '0': AMENT_PREFIX_PATH=/home/sws/autoware/install/tier4_system_msgs:/home/sws/autoware/install/tier4_planning_msgs:/home/sws/autoware/install/autoware_common_msgs:${AMENT_PREFIX_PATH} CMAKE_PREFIX_PATH=/home/sws/autoware/install/tier4_system_msgs:/home/sws/autoware/install/tier4_planning_msgs:/home/sws/autoware/install/autoware_common_msgs:/opt/ros/humble LD_LIBRARY_PATH=/home/sws/autoware/install/tier4_system_msgs/lib:/home/sws/autoware/install/tier4_planning_msgs/lib:/home/sws/autoware/install/autoware_common_msgs/lib:${LD_LIBRARY_PATH} PYTHONPATH=/home/sws/autoware/install/tier4_system_msgs/local/lib/python3.10/dist-packages:/home/sws/autoware/install/tier4_planning_msgs/local/lib/python3.10/dist-packages:/home/sws/autoware/install/autoware_common_msgs/local/lib/python3.10/dist-packages:${PYTHONPATH} /usr/bin/cmake /home/sws/autoware/src/universe/external/tier4_autoware_msgs/tier4_api_msgs -DCMAKE_BUILD_TYPE=Release -DAMENT_CMAKE_SYMLINK_INSTALL=1 -DCMAKE_INSTALL_PREFIX=/home/sws/autoware/install/tier4_api_msgs
[16.967s] Invoking command in '/home/sws/autoware/build/tier4_api_msgs': AMENT_PREFIX_PATH=/home/sws/autoware/install/tier4_system_msgs:/home/sws/autoware/install/tier4_planning_msgs:/home/sws/autoware/install/autoware_common_msgs:${AMENT_PREFIX_PATH} CMAKE_PREFIX_PATH=/home/sws/autoware/install/tier4_system_msgs:/home/sws/autoware/install/tier4_planning_msgs:/home/sws/autoware/install/autoware_common_msgs:/opt/ros/humble LD_LIBRARY_PATH=/home/sws/autoware/install/tier4_system_msgs/lib:/home/sws/autoware/install/tier4_planning_msgs/lib:/home/sws/autoware/install/autoware_common_msgs/lib:${LD_LIBRARY_PATH} PYTHONPATH=/home/sws/autoware/install/tier4_system_msgs/local/lib/python3.10/dist-packages:/home/sws/autoware/install/tier4_planning_msgs/local/lib/python3.10/dist-packages:/home/sws/autoware/install/autoware_common_msgs/local/lib/python3.10/dist-packages:${PYTHONPATH} /usr/bin/cmake --build /home/sws/autoware/build/tier4_api_msgs -- -j16 -l16
[18.828s] [  1%] [34m[1mGenerating C code for ROS interfaces[0m
[18.828s] [  1%] [34m[1mGenerating C++ code for ROS interfaces[0m
[18.828s] [  1%] Built target tier4_api_msgs__cpp
[18.828s] [  1%] Built target ament_cmake_python_symlink_tier4_api_msgs
[18.829s] [  2%] [34m[1mGenerating C++ introspection for ROS interfaces[0m
[18.829s] [  3%] [32mBuilding C object CMakeFiles/tier4_api_msgs__rosidl_generator_c.dir/rosidl_generator_c/tier4_api_msgs/msg/detail/awapi_autoware_status__functions.c.o[0m
[18.829s] [  4%] [32mBuilding C object CMakeFiles/tier4_api_msgs__rosidl_generator_c.dir/rosidl_generator_c/tier4_api_msgs/msg/detail/awapi_vehicle_status__functions.c.o[0m
[18.979s] [  5%] [32mBuilding C object CMakeFiles/tier4_api_msgs__rosidl_generator_c.dir/rosidl_generator_c/tier4_api_msgs/msg/detail/velocity_limit__functions.c.o[0m
[19.005s] [  6%] [32mBuilding C object CMakeFiles/tier4_api_msgs__rosidl_generator_c.dir/rosidl_generator_c/tier4_api_msgs/msg/detail/stop_command__functions.c.o[0m
[19.148s] [  7%] [32mBuilding C object CMakeFiles/tier4_api_msgs__rosidl_generator_c.dir/rosidl_generator_c/tier4_api_msgs/msg/detail/obstacle_avoidance_status__functions.c.o[0m
[19.161s] [  7%] [32mBuilding C object CMakeFiles/tier4_api_msgs__rosidl_generator_c.dir/rosidl_generator_c/tier4_api_msgs/msg/detail/lane_change_status__functions.c.o[0m
[19.317s] [  8%] [32mBuilding C object CMakeFiles/tier4_api_msgs__rosidl_generator_c.dir/rosidl_generator_c/tier4_api_msgs/msg/detail/intersection_status__functions.c.o[0m
[19.337s] [  9%] [32mBuilding C object CMakeFiles/tier4_api_msgs__rosidl_generator_c.dir/rosidl_generator_c/tier4_api_msgs/msg/detail/euler__functions.c.o[0m
[19.510s] [ 10%] [32mBuilding C object CMakeFiles/tier4_api_msgs__rosidl_generator_c.dir/rosidl_generator_c/tier4_api_msgs/msg/detail/door_status__functions.c.o[0m
[19.532s] [ 11%] [32mBuilding C object CMakeFiles/tier4_api_msgs__rosidl_generator_c.dir/rosidl_generator_c/tier4_api_msgs/msg/detail/door_control_command__functions.c.o[0m
[19.712s] [ 12%] [32mBuilding C object CMakeFiles/tier4_api_msgs__rosidl_generator_c.dir/rosidl_generator_c/tier4_api_msgs/msg/detail/crosswalk_status__functions.c.o[0m
[19.892s] [ 13%] [32m[1mLinking C shared library libtier4_api_msgs__rosidl_generator_c.so[0m
[19.997s] [ 13%] Built target tier4_api_msgs__rosidl_generator_c
[20.133s] [ 14%] [32mBuilding CXX object CMakeFiles/tier4_api_msgs__rosidl_typesupport_introspection_cpp.dir/rosidl_typesupport_introspection_cpp/tier4_api_msgs/msg/detail/awapi_autoware_status__type_support.cpp.o[0m
[21.293s] [ 15%] [32mBuilding CXX object CMakeFiles/tier4_api_msgs__rosidl_typesupport_introspection_cpp.dir/rosidl_typesupport_introspection_cpp/tier4_api_msgs/msg/detail/stop_command__type_support.cpp.o[0m
[21.870s] [ 16%] [32mBuilding CXX object CMakeFiles/tier4_api_msgs__rosidl_typesupport_introspection_cpp.dir/rosidl_typesupport_introspection_cpp/tier4_api_msgs/msg/detail/velocity_limit__type_support.cpp.o[0m
[22.333s] [ 17%] [32mBuilding CXX object CMakeFiles/tier4_api_msgs__rosidl_typesupport_introspection_cpp.dir/rosidl_typesupport_introspection_cpp/tier4_api_msgs/msg/detail/obstacle_avoidance_status__type_support.cpp.o[0m
[22.771s] [ 18%] [32mBuilding CXX object CMakeFiles/tier4_api_msgs__rosidl_typesupport_introspection_cpp.dir/rosidl_typesupport_introspection_cpp/tier4_api_msgs/msg/detail/lane_change_status__type_support.cpp.o[0m
[23.272s] [ 19%] [32mBuilding CXX object CMakeFiles/tier4_api_msgs__rosidl_typesupport_introspection_cpp.dir/rosidl_typesupport_introspection_cpp/tier4_api_msgs/msg/detail/intersection_status__type_support.cpp.o[0m
[23.672s] [ 20%] [32mBuilding CXX object CMakeFiles/tier4_api_msgs__rosidl_typesupport_introspection_cpp.dir/rosidl_typesupport_introspection_cpp/tier4_api_msgs/msg/detail/euler__type_support.cpp.o[0m
[24.277s] [ 21%] [32mBuilding CXX object CMakeFiles/tier4_api_msgs__rosidl_typesupport_introspection_cpp.dir/rosidl_typesupport_introspection_cpp/tier4_api_msgs/msg/detail/door_status__type_support.cpp.o[0m
[24.868s] [ 22%] [32mBuilding CXX object CMakeFiles/tier4_api_msgs__rosidl_typesupport_introspection_cpp.dir/rosidl_typesupport_introspection_cpp/tier4_api_msgs/msg/detail/door_control_command__type_support.cpp.o[0m
[25.447s] [ 23%] [32mBuilding CXX object CMakeFiles/tier4_api_msgs__rosidl_typesupport_introspection_cpp.dir/rosidl_typesupport_introspection_cpp/tier4_api_msgs/msg/detail/crosswalk_status__type_support.cpp.o[0m
[25.839s] [ 23%] [32mBuilding CXX object CMakeFiles/tier4_api_msgs__rosidl_typesupport_introspection_cpp.dir/rosidl_typesupport_introspection_cpp/tier4_api_msgs/msg/detail/awapi_vehicle_status__type_support.cpp.o[0m
[26.261s] [ 24%] [32m[1mLinking CXX shared library libtier4_api_msgs__rosidl_typesupport_introspection_cpp.so[0m
[26.367s] [ 24%] Built target tier4_api_msgs__rosidl_typesupport_introspection_cpp
[26.376s] [ 25%] [34m[1mGenerating C type support dispatch for ROS interfaces[0m
[27.003s] [ 26%] [32mBuilding CXX object CMakeFiles/tier4_api_msgs__rosidl_typesupport_c.dir/rosidl_typesupport_c/tier4_api_msgs/msg/awapi_autoware_status__type_support.cpp.o[0m
[27.038s] [ 27%] [32mBuilding CXX object CMakeFiles/tier4_api_msgs__rosidl_typesupport_c.dir/rosidl_typesupport_c/tier4_api_msgs/msg/velocity_limit__type_support.cpp.o[0m
[27.079s] [ 28%] [32mBuilding CXX object CMakeFiles/tier4_api_msgs__rosidl_typesupport_c.dir/rosidl_typesupport_c/tier4_api_msgs/msg/stop_command__type_support.cpp.o[0m
[27.114s] [ 29%] [32mBuilding CXX object CMakeFiles/tier4_api_msgs__rosidl_typesupport_c.dir/rosidl_typesupport_c/tier4_api_msgs/msg/obstacle_avoidance_status__type_support.cpp.o[0m
[27.243s] [ 30%] [32mBuilding CXX object CMakeFiles/tier4_api_msgs__rosidl_typesupport_c.dir/rosidl_typesupport_c/tier4_api_msgs/msg/lane_change_status__type_support.cpp.o[0m
[27.288s] [ 31%] [32mBuilding CXX object CMakeFiles/tier4_api_msgs__rosidl_typesupport_c.dir/rosidl_typesupport_c/tier4_api_msgs/msg/intersection_status__type_support.cpp.o[0m
[27.332s] [ 32%] [32mBuilding CXX object CMakeFiles/tier4_api_msgs__rosidl_typesupport_c.dir/rosidl_typesupport_c/tier4_api_msgs/msg/euler__type_support.cpp.o[0m
[27.372s] [ 33%] [32mBuilding CXX object CMakeFiles/tier4_api_msgs__rosidl_typesupport_c.dir/rosidl_typesupport_c/tier4_api_msgs/msg/door_status__type_support.cpp.o[0m
[27.415s] [ 34%] [32mBuilding CXX object CMakeFiles/tier4_api_msgs__rosidl_typesupport_c.dir/rosidl_typesupport_c/tier4_api_msgs/msg/door_control_command__type_support.cpp.o[0m
[27.455s] [ 34%] [32mBuilding CXX object CMakeFiles/tier4_api_msgs__rosidl_typesupport_c.dir/rosidl_typesupport_c/tier4_api_msgs/msg/crosswalk_status__type_support.cpp.o[0m
[27.486s] [ 35%] [32mBuilding CXX object CMakeFiles/tier4_api_msgs__rosidl_typesupport_c.dir/rosidl_typesupport_c/tier4_api_msgs/msg/awapi_vehicle_status__type_support.cpp.o[0m
[27.519s] [ 36%] [32m[1mLinking CXX shared library libtier4_api_msgs__rosidl_typesupport_c.so[0m
[27.559s] [ 36%] Built target tier4_api_msgs__rosidl_typesupport_c
[27.573s] [ 37%] [34m[1mGenerating C introspection for ROS interfaces[0m
[28.509s] [ 38%] [32mBuilding C object CMakeFiles/tier4_api_msgs__rosidl_typesupport_introspection_c.dir/rosidl_typesupport_introspection_c/tier4_api_msgs/msg/detail/awapi_autoware_status__type_support.c.o[0m
[28.623s] [ 39%] [32mBuilding C object CMakeFiles/tier4_api_msgs__rosidl_typesupport_introspection_c.dir/rosidl_typesupport_introspection_c/tier4_api_msgs/msg/detail/velocity_limit__type_support.c.o[0m
[28.689s] [ 40%] [32mBuilding C object CMakeFiles/tier4_api_msgs__rosidl_typesupport_introspection_c.dir/rosidl_typesupport_introspection_c/tier4_api_msgs/msg/detail/stop_command__type_support.c.o[0m
[28.746s] [ 41%] [32mBuilding C object CMakeFiles/tier4_api_msgs__rosidl_typesupport_introspection_c.dir/rosidl_typesupport_introspection_c/tier4_api_msgs/msg/detail/obstacle_avoidance_status__type_support.c.o[0m
[28.811s] [ 42%] [32mBuilding C object CMakeFiles/tier4_api_msgs__rosidl_typesupport_introspection_c.dir/rosidl_typesupport_introspection_c/tier4_api_msgs/msg/detail/lane_change_status__type_support.c.o[0m
[28.875s] [ 42%] [32mBuilding C object CMakeFiles/tier4_api_msgs__rosidl_typesupport_introspection_c.dir/rosidl_typesupport_introspection_c/tier4_api_msgs/msg/detail/intersection_status__type_support.c.o[0m
[28.939s] [ 43%] [32mBuilding C object CMakeFiles/tier4_api_msgs__rosidl_typesupport_introspection_c.dir/rosidl_typesupport_introspection_c/tier4_api_msgs/msg/detail/euler__type_support.c.o[0m
[28.992s] [ 44%] [32mBuilding C object CMakeFiles/tier4_api_msgs__rosidl_typesupport_introspection_c.dir/rosidl_typesupport_introspection_c/tier4_api_msgs/msg/detail/door_status__type_support.c.o[0m
[29.055s] [ 45%] [32mBuilding C object CMakeFiles/tier4_api_msgs__rosidl_typesupport_introspection_c.dir/rosidl_typesupport_introspection_c/tier4_api_msgs/msg/detail/door_control_command__type_support.c.o[0m
[29.163s] [ 46%] [32mBuilding C object CMakeFiles/tier4_api_msgs__rosidl_typesupport_introspection_c.dir/rosidl_typesupport_introspection_c/tier4_api_msgs/msg/detail/crosswalk_status__type_support.c.o[0m
[29.283s] [ 47%] [32mBuilding C object CMakeFiles/tier4_api_msgs__rosidl_typesupport_introspection_c.dir/rosidl_typesupport_introspection_c/tier4_api_msgs/msg/detail/awapi_vehicle_status__type_support.c.o[0m
[29.347s] [ 48%] [32m[1mLinking C shared library libtier4_api_msgs__rosidl_typesupport_introspection_c.so[0m
[29.415s] [ 48%] Built target tier4_api_msgs__rosidl_typesupport_introspection_c
[29.437s] [ 49%] [34m[1mGenerating C type support for eProsima Fast-RTPS[0m
[30.802s] [ 50%] [32mBuilding CXX object CMakeFiles/tier4_api_msgs__rosidl_typesupport_fastrtps_c.dir/rosidl_typesupport_fastrtps_c/tier4_api_msgs/msg/detail/awapi_autoware_status__type_support_c.cpp.o[0m
[31.500s] [ 51%] [32mBuilding CXX object CMakeFiles/tier4_api_msgs__rosidl_typesupport_fastrtps_c.dir/rosidl_typesupport_fastrtps_c/tier4_api_msgs/msg/detail/velocity_limit__type_support_c.cpp.o[0m
[31.940s] [ 52%] [32mBuilding CXX object CMakeFiles/tier4_api_msgs__rosidl_typesupport_fastrtps_c.dir/rosidl_typesupport_fastrtps_c/tier4_api_msgs/msg/detail/stop_command__type_support_c.cpp.o[0m
[32.477s] [ 53%] [32mBuilding CXX object CMakeFiles/tier4_api_msgs__rosidl_typesupport_fastrtps_c.dir/rosidl_typesupport_fastrtps_c/tier4_api_msgs/msg/detail/obstacle_avoidance_status__type_support_c.cpp.o[0m
[33.075s] [ 54%] [32mBuilding CXX object CMakeFiles/tier4_api_msgs__rosidl_typesupport_fastrtps_c.dir/rosidl_typesupport_fastrtps_c/tier4_api_msgs/msg/detail/lane_change_status__type_support_c.cpp.o[0m
[33.626s] [ 55%] [32mBuilding CXX object CMakeFiles/tier4_api_msgs__rosidl_typesupport_fastrtps_c.dir/rosidl_typesupport_fastrtps_c/tier4_api_msgs/msg/detail/intersection_status__type_support_c.cpp.o[0m
[34.200s] [ 56%] [32mBuilding CXX object CMakeFiles/tier4_api_msgs__rosidl_typesupport_fastrtps_c.dir/rosidl_typesupport_fastrtps_c/tier4_api_msgs/msg/detail/euler__type_support_c.cpp.o[0m
[34.761s] [ 56%] [32mBuilding CXX object CMakeFiles/tier4_api_msgs__rosidl_typesupport_fastrtps_c.dir/rosidl_typesupport_fastrtps_c/tier4_api_msgs/msg/detail/door_status__type_support_c.cpp.o[0m
[35.209s] [ 57%] [32mBuilding CXX object CMakeFiles/tier4_api_msgs__rosidl_typesupport_fastrtps_c.dir/rosidl_typesupport_fastrtps_c/tier4_api_msgs/msg/detail/door_control_command__type_support_c.cpp.o[0m
[35.765s] [ 58%] [32mBuilding CXX object CMakeFiles/tier4_api_msgs__rosidl_typesupport_fastrtps_c.dir/rosidl_typesupport_fastrtps_c/tier4_api_msgs/msg/detail/crosswalk_status__type_support_c.cpp.o[0m
[36.134s] [ 59%] [32mBuilding CXX object CMakeFiles/tier4_api_msgs__rosidl_typesupport_fastrtps_c.dir/rosidl_typesupport_fastrtps_c/tier4_api_msgs/msg/detail/awapi_vehicle_status__type_support_c.cpp.o[0m
[36.800s] [ 60%] [32m[1mLinking CXX shared library libtier4_api_msgs__rosidl_typesupport_fastrtps_c.so[0m
[36.890s] [ 60%] Built target tier4_api_msgs__rosidl_typesupport_fastrtps_c
[37.318s] running egg_info
[37.319s] creating tier4_api_msgs.egg-info
[37.319s] writing tier4_api_msgs.egg-info/PKG-INFO
[37.319s] writing dependency_links to tier4_api_msgs.egg-info/dependency_links.txt
[37.320s] writing top-level names to tier4_api_msgs.egg-info/top_level.txt
[37.320s] writing manifest file 'tier4_api_msgs.egg-info/SOURCES.txt'
[37.324s] reading manifest file 'tier4_api_msgs.egg-info/SOURCES.txt'
[37.325s] writing manifest file 'tier4_api_msgs.egg-info/SOURCES.txt'
[37.360s] [ 60%] Built target ament_cmake_python_build_tier4_api_msgs_egg
[37.374s] [ 60%] [34m[1mGenerating C++ type support for eProsima Fast-RTPS[0m
[38.801s] [ 61%] [32mBuilding CXX object CMakeFiles/tier4_api_msgs__rosidl_typesupport_fastrtps_cpp.dir/rosidl_typesupport_fastrtps_cpp/tier4_api_msgs/msg/detail/dds_fastrtps/awapi_autoware_status__type_support.cpp.o[0m
[39.794s] [ 62%] [32mBuilding CXX object CMakeFiles/tier4_api_msgs__rosidl_typesupport_fastrtps_cpp.dir/rosidl_typesupport_fastrtps_cpp/tier4_api_msgs/msg/detail/dds_fastrtps/velocity_limit__type_support.cpp.o[0m
[40.449s] [ 62%] [32mBuilding CXX object CMakeFiles/tier4_api_msgs__rosidl_typesupport_fastrtps_cpp.dir/rosidl_typesupport_fastrtps_cpp/tier4_api_msgs/msg/detail/dds_fastrtps/stop_command__type_support.cpp.o[0m
[40.885s] [ 63%] [32mBuilding CXX object CMakeFiles/tier4_api_msgs__rosidl_typesupport_fastrtps_cpp.dir/rosidl_typesupport_fastrtps_cpp/tier4_api_msgs/msg/detail/dds_fastrtps/obstacle_avoidance_status__type_support.cpp.o[0m
[41.414s] [ 64%] [32mBuilding CXX object CMakeFiles/tier4_api_msgs__rosidl_typesupport_fastrtps_cpp.dir/rosidl_typesupport_fastrtps_cpp/tier4_api_msgs/msg/detail/dds_fastrtps/lane_change_status__type_support.cpp.o[0m
[42.083s] [ 65%] [32mBuilding CXX object CMakeFiles/tier4_api_msgs__rosidl_typesupport_fastrtps_cpp.dir/rosidl_typesupport_fastrtps_cpp/tier4_api_msgs/msg/detail/dds_fastrtps/intersection_status__type_support.cpp.o[0m
[42.757s] [ 66%] [32mBuilding CXX object CMakeFiles/tier4_api_msgs__rosidl_typesupport_fastrtps_cpp.dir/rosidl_typesupport_fastrtps_cpp/tier4_api_msgs/msg/detail/dds_fastrtps/euler__type_support.cpp.o[0m
[43.463s] [ 67%] [32mBuilding CXX object CMakeFiles/tier4_api_msgs__rosidl_typesupport_fastrtps_cpp.dir/rosidl_typesupport_fastrtps_cpp/tier4_api_msgs/msg/detail/dds_fastrtps/door_status__type_support.cpp.o[0m
[44.092s] [ 68%] [32mBuilding CXX object CMakeFiles/tier4_api_msgs__rosidl_typesupport_fastrtps_cpp.dir/rosidl_typesupport_fastrtps_cpp/tier4_api_msgs/msg/detail/dds_fastrtps/door_control_command__type_support.cpp.o[0m
[44.774s] [ 69%] [32mBuilding CXX object CMakeFiles/tier4_api_msgs__rosidl_typesupport_fastrtps_cpp.dir/rosidl_typesupport_fastrtps_cpp/tier4_api_msgs/msg/detail/dds_fastrtps/crosswalk_status__type_support.cpp.o[0m
[45.470s] [ 70%] [32mBuilding CXX object CMakeFiles/tier4_api_msgs__rosidl_typesupport_fastrtps_cpp.dir/rosidl_typesupport_fastrtps_cpp/tier4_api_msgs/msg/detail/dds_fastrtps/awapi_vehicle_status__type_support.cpp.o[0m
[46.267s] [ 71%] [32m[1mLinking CXX shared library libtier4_api_msgs__rosidl_typesupport_fastrtps_cpp.so[0m
[46.392s] [ 71%] Built target tier4_api_msgs__rosidl_typesupport_fastrtps_cpp
[46.409s] [ 72%] [34m[1mGenerating C++ type support dispatch for ROS interfaces[0m
[47.510s] [ 73%] [32mBuilding CXX object CMakeFiles/tier4_api_msgs__rosidl_typesupport_cpp.dir/rosidl_typesupport_cpp/tier4_api_msgs/msg/awapi_autoware_status__type_support.cpp.o[0m
[47.979s] [ 74%] [32mBuilding CXX object CMakeFiles/tier4_api_msgs__rosidl_typesupport_cpp.dir/rosidl_typesupport_cpp/tier4_api_msgs/msg/velocity_limit__type_support.cpp.o[0m
[48.460s] [ 75%] [32mBuilding CXX object CMakeFiles/tier4_api_msgs__rosidl_typesupport_cpp.dir/rosidl_typesupport_cpp/tier4_api_msgs/msg/stop_command__type_support.cpp.o[0m
[48.924s] [ 76%] [32mBuilding CXX object CMakeFiles/tier4_api_msgs__rosidl_typesupport_cpp.dir/rosidl_typesupport_cpp/tier4_api_msgs/msg/obstacle_avoidance_status__type_support.cpp.o[0m
[49.563s] [ 76%] [32mBuilding CXX object CMakeFiles/tier4_api_msgs__rosidl_typesupport_cpp.dir/rosidl_typesupport_cpp/tier4_api_msgs/msg/lane_change_status__type_support.cpp.o[0m
[50.044s] [ 77%] [32mBuilding CXX object CMakeFiles/tier4_api_msgs__rosidl_typesupport_cpp.dir/rosidl_typesupport_cpp/tier4_api_msgs/msg/intersection_status__type_support.cpp.o[0m
[50.532s] [ 78%] [32mBuilding CXX object CMakeFiles/tier4_api_msgs__rosidl_typesupport_cpp.dir/rosidl_typesupport_cpp/tier4_api_msgs/msg/euler__type_support.cpp.o[0m
[50.961s] [ 79%] [32mBuilding CXX object CMakeFiles/tier4_api_msgs__rosidl_typesupport_cpp.dir/rosidl_typesupport_cpp/tier4_api_msgs/msg/door_status__type_support.cpp.o[0m
[51.412s] [ 80%] [32mBuilding CXX object CMakeFiles/tier4_api_msgs__rosidl_typesupport_cpp.dir/rosidl_typesupport_cpp/tier4_api_msgs/msg/door_control_command__type_support.cpp.o[0m
[51.905s] [ 81%] [32mBuilding CXX object CMakeFiles/tier4_api_msgs__rosidl_typesupport_cpp.dir/rosidl_typesupport_cpp/tier4_api_msgs/msg/crosswalk_status__type_support.cpp.o[0m
[52.249s] [ 82%] [32mBuilding CXX object CMakeFiles/tier4_api_msgs__rosidl_typesupport_cpp.dir/rosidl_typesupport_cpp/tier4_api_msgs/msg/awapi_vehicle_status__type_support.cpp.o[0m
[52.562s] [ 83%] [32m[1mLinking CXX shared library libtier4_api_msgs__rosidl_typesupport_cpp.so[0m
[52.605s] [ 83%] Built target tier4_api_msgs__rosidl_typesupport_cpp
[52.630s] [ 83%] Built target tier4_api_msgs
[52.649s] [ 84%] [34m[1mGenerating Python code for ROS interfaces[0m
[54.735s] [ 84%] Built target tier4_api_msgs__py
[54.755s] [ 86%] [32mBuilding C object CMakeFiles/tier4_api_msgs__rosidl_generator_py.dir/rosidl_generator_py/tier4_api_msgs/msg/_awapi_vehicle_status_s.c.o[0m
[54.755s] [ 86%] [32mBuilding C object CMakeFiles/tier4_api_msgs__rosidl_generator_py.dir/rosidl_generator_py/tier4_api_msgs/msg/_awapi_autoware_status_s.c.o[0m
[55.027s] [ 87%] [32mBuilding C object CMakeFiles/tier4_api_msgs__rosidl_generator_py.dir/rosidl_generator_py/tier4_api_msgs/msg/_velocity_limit_s.c.o[0m
[55.078s] [ 88%] [32mBuilding C object CMakeFiles/tier4_api_msgs__rosidl_generator_py.dir/rosidl_generator_py/tier4_api_msgs/msg/_stop_command_s.c.o[0m
[55.293s] [ 89%] [32mBuilding C object CMakeFiles/tier4_api_msgs__rosidl_generator_py.dir/rosidl_generator_py/tier4_api_msgs/msg/_obstacle_avoidance_status_s.c.o[0m
[55.360s] [ 90%] [32mBuilding C object CMakeFiles/tier4_api_msgs__rosidl_generator_py.dir/rosidl_generator_py/tier4_api_msgs/msg/_lane_change_status_s.c.o[0m
[55.738s] [ 91%] [32mBuilding C object CMakeFiles/tier4_api_msgs__rosidl_generator_py.dir/rosidl_generator_py/tier4_api_msgs/msg/_intersection_status_s.c.o[0m
[55.746s] [ 91%] [32mBuilding C object CMakeFiles/tier4_api_msgs__rosidl_generator_py.dir/rosidl_generator_py/tier4_api_msgs/msg/_euler_s.c.o[0m
[56.061s] [ 92%] [32mBuilding C object CMakeFiles/tier4_api_msgs__rosidl_generator_py.dir/rosidl_generator_py/tier4_api_msgs/msg/_door_status_s.c.o[0m
[56.114s] [ 93%] [32mBuilding C object CMakeFiles/tier4_api_msgs__rosidl_generator_py.dir/rosidl_generator_py/tier4_api_msgs/msg/_door_control_command_s.c.o[0m
[56.461s] [ 94%] [32mBuilding C object CMakeFiles/tier4_api_msgs__rosidl_generator_py.dir/rosidl_generator_py/tier4_api_msgs/msg/_crosswalk_status_s.c.o[0m
[56.748s] [ 95%] [32m[1mLinking C shared library rosidl_generator_py/tier4_api_msgs/libtier4_api_msgs__rosidl_generator_py.so[0m
[56.976s] [ 95%] Built target tier4_api_msgs__rosidl_generator_py
[57.054s] [ 96%] [32mBuilding C object CMakeFiles/tier4_api_msgs__rosidl_typesupport_fastrtps_c__pyext.dir/rosidl_generator_py/tier4_api_msgs/_tier4_api_msgs_s.ep.rosidl_typesupport_fastrtps_c.c.o[0m
[57.077s] [ 97%] [32mBuilding C object CMakeFiles/tier4_api_msgs__rosidl_typesupport_introspection_c__pyext.dir/rosidl_generator_py/tier4_api_msgs/_tier4_api_msgs_s.ep.rosidl_typesupport_introspection_c.c.o[0m
[57.736s] [ 98%] [32m[1mLinking C shared library rosidl_generator_py/tier4_api_msgs/tier4_api_msgs_s__rosidl_typesupport_fastrtps_c.cpython-310-x86_64-linux-gnu.so[0m
[57.736s] [ 99%] [32m[1mLinking C shared library rosidl_generator_py/tier4_api_msgs/tier4_api_msgs_s__rosidl_typesupport_introspection_c.cpython-310-x86_64-linux-gnu.so[0m
[57.954s] [ 99%] Built target tier4_api_msgs__rosidl_typesupport_introspection_c__pyext
[57.954s] [ 99%] Built target tier4_api_msgs__rosidl_typesupport_fastrtps_c__pyext
[58.049s] [ 99%] [32mBuilding C object CMakeFiles/tier4_api_msgs__rosidl_typesupport_c__pyext.dir/rosidl_generator_py/tier4_api_msgs/_tier4_api_msgs_s.ep.rosidl_typesupport_c.c.o[0m
[58.548s] [100%] [32m[1mLinking C shared library rosidl_generator_py/tier4_api_msgs/tier4_api_msgs_s__rosidl_typesupport_c.cpython-310-x86_64-linux-gnu.so[0m
[58.702s] [100%] Built target tier4_api_msgs__rosidl_typesupport_c__pyext
[58.746s] Invoked command in '/home/sws/autoware/build/tier4_api_msgs' returned '0': AMENT_PREFIX_PATH=/home/sws/autoware/install/tier4_system_msgs:/home/sws/autoware/install/tier4_planning_msgs:/home/sws/autoware/install/autoware_common_msgs:${AMENT_PREFIX_PATH} CMAKE_PREFIX_PATH=/home/sws/autoware/install/tier4_system_msgs:/home/sws/autoware/install/tier4_planning_msgs:/home/sws/autoware/install/autoware_common_msgs:/opt/ros/humble LD_LIBRARY_PATH=/home/sws/autoware/install/tier4_system_msgs/lib:/home/sws/autoware/install/tier4_planning_msgs/lib:/home/sws/autoware/install/autoware_common_msgs/lib:${LD_LIBRARY_PATH} PYTHONPATH=/home/sws/autoware/install/tier4_system_msgs/local/lib/python3.10/dist-packages:/home/sws/autoware/install/tier4_planning_msgs/local/lib/python3.10/dist-packages:/home/sws/autoware/install/autoware_common_msgs/local/lib/python3.10/dist-packages:${PYTHONPATH} /usr/bin/cmake --build /home/sws/autoware/build/tier4_api_msgs -- -j16 -l16
[60.198s] Invoking command in '/home/sws/autoware/build/tier4_api_msgs': AMENT_PREFIX_PATH=/home/sws/autoware/install/tier4_system_msgs:/home/sws/autoware/install/tier4_planning_msgs:/home/sws/autoware/install/autoware_common_msgs:${AMENT_PREFIX_PATH} CMAKE_PREFIX_PATH=/home/sws/autoware/install/tier4_system_msgs:/home/sws/autoware/install/tier4_planning_msgs:/home/sws/autoware/install/autoware_common_msgs:/opt/ros/humble LD_LIBRARY_PATH=/home/sws/autoware/install/tier4_system_msgs/lib:/home/sws/autoware/install/tier4_planning_msgs/lib:/home/sws/autoware/install/autoware_common_msgs/lib:${LD_LIBRARY_PATH} PYTHONPATH=/home/sws/autoware/install/tier4_system_msgs/local/lib/python3.10/dist-packages:/home/sws/autoware/install/tier4_planning_msgs/local/lib/python3.10/dist-packages:/home/sws/autoware/install/autoware_common_msgs/local/lib/python3.10/dist-packages:${PYTHONPATH} /usr/bin/cmake --install /home/sws/autoware/build/tier4_api_msgs
[65.085s] -- Install configuration: "Release"
[65.085s] -- Execute custom install script
[65.085s] -- Symlinking: /home/sws/autoware/install/tier4_api_msgs/share/ament_index/resource_index/rosidl_interfaces/tier4_api_msgs
[65.086s] -- Symlinking: /home/sws/autoware/install/tier4_api_msgs/include/tier4_api_msgs/tier4_api_msgs/msg/awapi_autoware_status.h
[65.086s] -- Symlinking: /home/sws/autoware/install/tier4_api_msgs/include/tier4_api_msgs/tier4_api_msgs/msg/awapi_vehicle_status.h
[65.086s] -- Symlinking: /home/sws/autoware/install/tier4_api_msgs/include/tier4_api_msgs/tier4_api_msgs/msg/crosswalk_status.h
[65.086s] -- Symlinking: /home/sws/autoware/install/tier4_api_msgs/include/tier4_api_msgs/tier4_api_msgs/msg/detail/awapi_autoware_status__functions.h
[65.086s] -- Symlinking: /home/sws/autoware/install/tier4_api_msgs/include/tier4_api_msgs/tier4_api_msgs/msg/detail/awapi_autoware_status__struct.h
[65.086s] -- Symlinking: /home/sws/autoware/install/tier4_api_msgs/include/tier4_api_msgs/tier4_api_msgs/msg/detail/awapi_autoware_status__type_support.h
[65.086s] -- Symlinking: /home/sws/autoware/install/tier4_api_msgs/include/tier4_api_msgs/tier4_api_msgs/msg/detail/awapi_vehicle_status__functions.h
[65.086s] -- Symlinking: /home/sws/autoware/install/tier4_api_msgs/include/tier4_api_msgs/tier4_api_msgs/msg/detail/awapi_vehicle_status__struct.h
[65.086s] -- Symlinking: /home/sws/autoware/install/tier4_api_msgs/include/tier4_api_msgs/tier4_api_msgs/msg/detail/awapi_vehicle_status__type_support.h
[65.086s] -- Symlinking: /home/sws/autoware/install/tier4_api_msgs/include/tier4_api_msgs/tier4_api_msgs/msg/detail/crosswalk_status__functions.h
[65.086s] -- Symlinking: /home/sws/autoware/install/tier4_api_msgs/include/tier4_api_msgs/tier4_api_msgs/msg/detail/crosswalk_status__struct.h
[65.087s] -- Symlinking: /home/sws/autoware/install/tier4_api_msgs/include/tier4_api_msgs/tier4_api_msgs/msg/detail/crosswalk_status__type_support.h
[65.087s] -- Symlinking: /home/sws/autoware/install/tier4_api_msgs/include/tier4_api_msgs/tier4_api_msgs/msg/detail/door_control_command__functions.h
[65.087s] -- Symlinking: /home/sws/autoware/install/tier4_api_msgs/include/tier4_api_msgs/tier4_api_msgs/msg/detail/door_control_command__struct.h
[65.087s] -- Symlinking: /home/sws/autoware/install/tier4_api_msgs/include/tier4_api_msgs/tier4_api_msgs/msg/detail/door_control_command__type_support.h
[65.087s] -- Symlinking: /home/sws/autoware/install/tier4_api_msgs/include/tier4_api_msgs/tier4_api_msgs/msg/detail/door_status__functions.h
[65.087s] -- Symlinking: /home/sws/autoware/install/tier4_api_msgs/include/tier4_api_msgs/tier4_api_msgs/msg/detail/door_status__struct.h
[65.087s] -- Symlinking: /home/sws/autoware/install/tier4_api_msgs/include/tier4_api_msgs/tier4_api_msgs/msg/detail/door_status__type_support.h
[65.087s] -- Symlinking: /home/sws/autoware/install/tier4_api_msgs/include/tier4_api_msgs/tier4_api_msgs/msg/detail/euler__functions.h
[65.087s] -- Symlinking: /home/sws/autoware/install/tier4_api_msgs/include/tier4_api_msgs/tier4_api_msgs/msg/detail/euler__struct.h
[65.087s] -- Symlinking: /home/sws/autoware/install/tier4_api_msgs/include/tier4_api_msgs/tier4_api_msgs/msg/detail/euler__type_support.h
[65.087s] -- Symlinking: /home/sws/autoware/install/tier4_api_msgs/include/tier4_api_msgs/tier4_api_msgs/msg/detail/intersection_status__functions.h
[65.087s] -- Symlinking: /home/sws/autoware/install/tier4_api_msgs/include/tier4_api_msgs/tier4_api_msgs/msg/detail/intersection_status__struct.h
[65.087s] -- Symlinking: /home/sws/autoware/install/tier4_api_msgs/include/tier4_api_msgs/tier4_api_msgs/msg/detail/intersection_status__type_support.h
[65.088s] -- Symlinking: /home/sws/autoware/install/tier4_api_msgs/include/tier4_api_msgs/tier4_api_msgs/msg/detail/lane_change_status__functions.h
[65.088s] -- Symlinking: /home/sws/autoware/install/tier4_api_msgs/include/tier4_api_msgs/tier4_api_msgs/msg/detail/lane_change_status__struct.h
[65.088s] -- Symlinking: /home/sws/autoware/install/tier4_api_msgs/include/tier4_api_msgs/tier4_api_msgs/msg/detail/lane_change_status__type_support.h
[65.088s] -- Symlinking: /home/sws/autoware/install/tier4_api_msgs/include/tier4_api_msgs/tier4_api_msgs/msg/detail/obstacle_avoidance_status__functions.h
[65.089s] -- Symlinking: /home/sws/autoware/install/tier4_api_msgs/include/tier4_api_msgs/tier4_api_msgs/msg/detail/obstacle_avoidance_status__struct.h
[65.089s] -- Symlinking: /home/sws/autoware/install/tier4_api_msgs/include/tier4_api_msgs/tier4_api_msgs/msg/detail/obstacle_avoidance_status__type_support.h
[65.089s] -- Symlinking: /home/sws/autoware/install/tier4_api_msgs/include/tier4_api_msgs/tier4_api_msgs/msg/detail/stop_command__functions.h
[65.089s] -- Symlinking: /home/sws/autoware/install/tier4_api_msgs/include/tier4_api_msgs/tier4_api_msgs/msg/detail/stop_command__struct.h
[65.089s] -- Symlinking: /home/sws/autoware/install/tier4_api_msgs/include/tier4_api_msgs/tier4_api_msgs/msg/detail/stop_command__type_support.h
[65.089s] -- Symlinking: /home/sws/autoware/install/tier4_api_msgs/include/tier4_api_msgs/tier4_api_msgs/msg/detail/velocity_limit__functions.h
[65.089s] -- Symlinking: /home/sws/autoware/install/tier4_api_msgs/include/tier4_api_msgs/tier4_api_msgs/msg/detail/velocity_limit__struct.h
[65.089s] -- Symlinking: /home/sws/autoware/install/tier4_api_msgs/include/tier4_api_msgs/tier4_api_msgs/msg/detail/velocity_limit__type_support.h
[65.089s] -- Symlinking: /home/sws/autoware/install/tier4_api_msgs/include/tier4_api_msgs/tier4_api_msgs/msg/door_control_command.h
[65.089s] -- Symlinking: /home/sws/autoware/install/tier4_api_msgs/include/tier4_api_msgs/tier4_api_msgs/msg/door_status.h
[65.090s] -- Symlinking: /home/sws/autoware/install/tier4_api_msgs/include/tier4_api_msgs/tier4_api_msgs/msg/euler.h
[65.090s] -- Symlinking: /home/sws/autoware/install/tier4_api_msgs/include/tier4_api_msgs/tier4_api_msgs/msg/intersection_status.h
[65.090s] -- Symlinking: /home/sws/autoware/install/tier4_api_msgs/include/tier4_api_msgs/tier4_api_msgs/msg/lane_change_status.h
[65.090s] -- Symlinking: /home/sws/autoware/install/tier4_api_msgs/include/tier4_api_msgs/tier4_api_msgs/msg/obstacle_avoidance_status.h
[65.090s] -- Symlinking: /home/sws/autoware/install/tier4_api_msgs/include/tier4_api_msgs/tier4_api_msgs/msg/rosidl_generator_c__visibility_control.h
[65.090s] -- Symlinking: /home/sws/autoware/install/tier4_api_msgs/include/tier4_api_msgs/tier4_api_msgs/msg/stop_command.h
[65.090s] -- Symlinking: /home/sws/autoware/install/tier4_api_msgs/include/tier4_api_msgs/tier4_api_msgs/msg/velocity_limit.h
[65.090s] -- Symlinking: /home/sws/autoware/install/tier4_api_msgs/share/tier4_api_msgs/environment/library_path.sh
[65.090s] -- Symlinking: /home/sws/autoware/install/tier4_api_msgs/share/tier4_api_msgs/environment/library_path.dsv
[65.090s] -- Symlinking: /home/sws/autoware/install/tier4_api_msgs/include/tier4_api_msgs/tier4_api_msgs/msg/detail/awapi_autoware_status__rosidl_typesupport_fastrtps_c.h
[65.090s] -- Symlinking: /home/sws/autoware/install/tier4_api_msgs/include/tier4_api_msgs/tier4_api_msgs/msg/detail/awapi_vehicle_status__rosidl_typesupport_fastrtps_c.h
[65.090s] -- Symlinking: /home/sws/autoware/install/tier4_api_msgs/include/tier4_api_msgs/tier4_api_msgs/msg/detail/crosswalk_status__rosidl_typesupport_fastrtps_c.h
[65.090s] -- Symlinking: /home/sws/autoware/install/tier4_api_msgs/include/tier4_api_msgs/tier4_api_msgs/msg/detail/door_control_command__rosidl_typesupport_fastrtps_c.h
[65.091s] -- Symlinking: /home/sws/autoware/install/tier4_api_msgs/include/tier4_api_msgs/tier4_api_msgs/msg/detail/door_status__rosidl_typesupport_fastrtps_c.h
[65.091s] -- Symlinking: /home/sws/autoware/install/tier4_api_msgs/include/tier4_api_msgs/tier4_api_msgs/msg/detail/euler__rosidl_typesupport_fastrtps_c.h
[65.091s] -- Symlinking: /home/sws/autoware/install/tier4_api_msgs/include/tier4_api_msgs/tier4_api_msgs/msg/detail/intersection_status__rosidl_typesupport_fastrtps_c.h
[65.091s] -- Symlinking: /home/sws/autoware/install/tier4_api_msgs/include/tier4_api_msgs/tier4_api_msgs/msg/detail/lane_change_status__rosidl_typesupport_fastrtps_c.h
[65.091s] -- Symlinking: /home/sws/autoware/install/tier4_api_msgs/include/tier4_api_msgs/tier4_api_msgs/msg/detail/obstacle_avoidance_status__rosidl_typesupport_fastrtps_c.h
[65.091s] -- Symlinking: /home/sws/autoware/install/tier4_api_msgs/include/tier4_api_msgs/tier4_api_msgs/msg/detail/stop_command__rosidl_typesupport_fastrtps_c.h
[65.091s] -- Symlinking: /home/sws/autoware/install/tier4_api_msgs/include/tier4_api_msgs/tier4_api_msgs/msg/detail/velocity_limit__rosidl_typesupport_fastrtps_c.h
[65.091s] -- Symlinking: /home/sws/autoware/install/tier4_api_msgs/include/tier4_api_msgs/tier4_api_msgs/msg/rosidl_typesupport_fastrtps_c__visibility_control.h
[65.091s] -- Symlinking: /home/sws/autoware/install/tier4_api_msgs/include/tier4_api_msgs/tier4_api_msgs/msg/detail/awapi_autoware_status__rosidl_typesupport_introspection_c.h
[65.091s] -- Symlinking: /home/sws/autoware/install/tier4_api_msgs/include/tier4_api_msgs/tier4_api_msgs/msg/detail/awapi_vehicle_status__rosidl_typesupport_introspection_c.h
[65.091s] -- Symlinking: /home/sws/autoware/install/tier4_api_msgs/include/tier4_api_msgs/tier4_api_msgs/msg/detail/crosswalk_status__rosidl_typesupport_introspection_c.h
[65.091s] -- Symlinking: /home/sws/autoware/install/tier4_api_msgs/include/tier4_api_msgs/tier4_api_msgs/msg/detail/door_control_command__rosidl_typesupport_introspection_c.h
[65.092s] -- Symlinking: /home/sws/autoware/install/tier4_api_msgs/include/tier4_api_msgs/tier4_api_msgs/msg/detail/door_status__rosidl_typesupport_introspection_c.h
[65.092s] -- Symlinking: /home/sws/autoware/install/tier4_api_msgs/include/tier4_api_msgs/tier4_api_msgs/msg/detail/euler__rosidl_typesupport_introspection_c.h
[65.092s] -- Symlinking: /home/sws/autoware/install/tier4_api_msgs/include/tier4_api_msgs/tier4_api_msgs/msg/detail/intersection_status__rosidl_typesupport_introspection_c.h
[65.092s] -- Symlinking: /home/sws/autoware/install/tier4_api_msgs/include/tier4_api_msgs/tier4_api_msgs/msg/detail/lane_change_status__rosidl_typesupport_introspection_c.h
[65.092s] -- Symlinking: /home/sws/autoware/install/tier4_api_msgs/include/tier4_api_msgs/tier4_api_msgs/msg/detail/obstacle_avoidance_status__rosidl_typesupport_introspection_c.h
[65.092s] -- Symlinking: /home/sws/autoware/install/tier4_api_msgs/include/tier4_api_msgs/tier4_api_msgs/msg/detail/stop_command__rosidl_typesupport_introspection_c.h
[65.092s] -- Symlinking: /home/sws/autoware/install/tier4_api_msgs/include/tier4_api_msgs/tier4_api_msgs/msg/detail/velocity_limit__rosidl_typesupport_introspection_c.h
[65.092s] -- Symlinking: /home/sws/autoware/install/tier4_api_msgs/include/tier4_api_msgs/tier4_api_msgs/msg/rosidl_typesupport_introspection_c__visibility_control.h
[65.092s] -- Symlinking: /home/sws/autoware/install/tier4_api_msgs/include/tier4_api_msgs/tier4_api_msgs/msg/awapi_autoware_status.hpp
[65.092s] -- Symlinking: /home/sws/autoware/install/tier4_api_msgs/include/tier4_api_msgs/tier4_api_msgs/msg/awapi_vehicle_status.hpp
[65.092s] -- Symlinking: /home/sws/autoware/install/tier4_api_msgs/include/tier4_api_msgs/tier4_api_msgs/msg/crosswalk_status.hpp
[65.092s] -- Symlinking: /home/sws/autoware/install/tier4_api_msgs/include/tier4_api_msgs/tier4_api_msgs/msg/detail/awapi_autoware_status__builder.hpp
[65.093s] -- Symlinking: /home/sws/autoware/install/tier4_api_msgs/include/tier4_api_msgs/tier4_api_msgs/msg/detail/awapi_autoware_status__struct.hpp
[65.093s] -- Symlinking: /home/sws/autoware/install/tier4_api_msgs/include/tier4_api_msgs/tier4_api_msgs/msg/detail/awapi_autoware_status__traits.hpp
[65.093s] -- Symlinking: /home/sws/autoware/install/tier4_api_msgs/include/tier4_api_msgs/tier4_api_msgs/msg/detail/awapi_vehicle_status__builder.hpp
[65.093s] -- Symlinking: /home/sws/autoware/install/tier4_api_msgs/include/tier4_api_msgs/tier4_api_msgs/msg/detail/awapi_vehicle_status__struct.hpp
[65.097s] -- Symlinking: /home/sws/autoware/install/tier4_api_msgs/include/tier4_api_msgs/tier4_api_msgs/msg/detail/awapi_vehicle_status__traits.hpp
[65.097s] -- Symlinking: /home/sws/autoware/install/tier4_api_msgs/include/tier4_api_msgs/tier4_api_msgs/msg/detail/crosswalk_status__builder.hpp
[65.097s] -- Symlinking: /home/sws/autoware/install/tier4_api_msgs/include/tier4_api_msgs/tier4_api_msgs/msg/detail/crosswalk_status__struct.hpp
[65.097s] -- Symlinking: /home/sws/autoware/install/tier4_api_msgs/include/tier4_api_msgs/tier4_api_msgs/msg/detail/crosswalk_status__traits.hpp
[65.098s] -- Symlinking: /home/sws/autoware/install/tier4_api_msgs/include/tier4_api_msgs/tier4_api_msgs/msg/detail/door_control_command__builder.hpp
[65.098s] -- Symlinking: /home/sws/autoware/install/tier4_api_msgs/include/tier4_api_msgs/tier4_api_msgs/msg/detail/door_control_command__struct.hpp
[65.098s] -- Symlinking: /home/sws/autoware/install/tier4_api_msgs/include/tier4_api_msgs/tier4_api_msgs/msg/detail/door_control_command__traits.hpp
[65.098s] -- Symlinking: /home/sws/autoware/install/tier4_api_msgs/include/tier4_api_msgs/tier4_api_msgs/msg/detail/door_status__builder.hpp
[65.098s] -- Symlinking: /home/sws/autoware/install/tier4_api_msgs/include/tier4_api_msgs/tier4_api_msgs/msg/detail/door_status__struct.hpp
[65.098s] -- Symlinking: /home/sws/autoware/install/tier4_api_msgs/include/tier4_api_msgs/tier4_api_msgs/msg/detail/door_status__traits.hpp
[65.098s] -- Symlinking: /home/sws/autoware/install/tier4_api_msgs/include/tier4_api_msgs/tier4_api_msgs/msg/detail/euler__builder.hpp
[65.099s] -- Symlinking: /home/sws/autoware/install/tier4_api_msgs/include/tier4_api_msgs/tier4_api_msgs/msg/detail/euler__struct.hpp
[65.099s] -- Symlinking: /home/sws/autoware/install/tier4_api_msgs/include/tier4_api_msgs/tier4_api_msgs/msg/detail/euler__traits.hpp
[65.099s] -- Symlinking: /home/sws/autoware/install/tier4_api_msgs/include/tier4_api_msgs/tier4_api_msgs/msg/detail/intersection_status__builder.hpp
[65.099s] -- Symlinking: /home/sws/autoware/install/tier4_api_msgs/include/tier4_api_msgs/tier4_api_msgs/msg/detail/intersection_status__struct.hpp
[65.099s] -- Symlinking: /home/sws/autoware/install/tier4_api_msgs/include/tier4_api_msgs/tier4_api_msgs/msg/detail/intersection_status__traits.hpp
[65.099s] -- Symlinking: /home/sws/autoware/install/tier4_api_msgs/include/tier4_api_msgs/tier4_api_msgs/msg/detail/lane_change_status__builder.hpp
[65.099s] -- Symlinking: /home/sws/autoware/install/tier4_api_msgs/include/tier4_api_msgs/tier4_api_msgs/msg/detail/lane_change_status__struct.hpp
[65.099s] -- Symlinking: /home/sws/autoware/install/tier4_api_msgs/include/tier4_api_msgs/tier4_api_msgs/msg/detail/lane_change_status__traits.hpp
[65.099s] -- Symlinking: /home/sws/autoware/install/tier4_api_msgs/include/tier4_api_msgs/tier4_api_msgs/msg/detail/obstacle_avoidance_status__builder.hpp
[65.099s] -- Symlinking: /home/sws/autoware/install/tier4_api_msgs/include/tier4_api_msgs/tier4_api_msgs/msg/detail/obstacle_avoidance_status__struct.hpp
[65.099s] -- Symlinking: /home/sws/autoware/install/tier4_api_msgs/include/tier4_api_msgs/tier4_api_msgs/msg/detail/obstacle_avoidance_status__traits.hpp
[65.099s] -- Symlinking: /home/sws/autoware/install/tier4_api_msgs/include/tier4_api_msgs/tier4_api_msgs/msg/detail/stop_command__builder.hpp
[65.100s] -- Symlinking: /home/sws/autoware/install/tier4_api_msgs/include/tier4_api_msgs/tier4_api_msgs/msg/detail/stop_command__struct.hpp
[65.100s] -- Symlinking: /home/sws/autoware/install/tier4_api_msgs/include/tier4_api_msgs/tier4_api_msgs/msg/detail/stop_command__traits.hpp
[65.100s] -- Symlinking: /home/sws/autoware/install/tier4_api_msgs/include/tier4_api_msgs/tier4_api_msgs/msg/detail/velocity_limit__builder.hpp
[65.100s] -- Symlinking: /home/sws/autoware/install/tier4_api_msgs/include/tier4_api_msgs/tier4_api_msgs/msg/detail/velocity_limit__struct.hpp
[65.100s] -- Symlinking: /home/sws/autoware/install/tier4_api_msgs/include/tier4_api_msgs/tier4_api_msgs/msg/detail/velocity_limit__traits.hpp
[65.100s] -- Symlinking: /home/sws/autoware/install/tier4_api_msgs/include/tier4_api_msgs/tier4_api_msgs/msg/door_control_command.hpp
[65.100s] -- Symlinking: /home/sws/autoware/install/tier4_api_msgs/include/tier4_api_msgs/tier4_api_msgs/msg/door_status.hpp
[65.100s] -- Symlinking: /home/sws/autoware/install/tier4_api_msgs/include/tier4_api_msgs/tier4_api_msgs/msg/euler.hpp
[65.100s] -- Symlinking: /home/sws/autoware/install/tier4_api_msgs/include/tier4_api_msgs/tier4_api_msgs/msg/intersection_status.hpp
[65.100s] -- Symlinking: /home/sws/autoware/install/tier4_api_msgs/include/tier4_api_msgs/tier4_api_msgs/msg/lane_change_status.hpp
[65.100s] -- Symlinking: /home/sws/autoware/install/tier4_api_msgs/include/tier4_api_msgs/tier4_api_msgs/msg/obstacle_avoidance_status.hpp
[65.100s] -- Symlinking: /home/sws/autoware/install/tier4_api_msgs/include/tier4_api_msgs/tier4_api_msgs/msg/stop_command.hpp
[65.101s] -- Symlinking: /home/sws/autoware/install/tier4_api_msgs/include/tier4_api_msgs/tier4_api_msgs/msg/velocity_limit.hpp
[65.101s] -- Symlinking: /home/sws/autoware/install/tier4_api_msgs/include/tier4_api_msgs/tier4_api_msgs/msg/detail/awapi_autoware_status__rosidl_typesupport_fastrtps_cpp.hpp
[65.101s] -- Symlinking: /home/sws/autoware/install/tier4_api_msgs/include/tier4_api_msgs/tier4_api_msgs/msg/detail/awapi_vehicle_status__rosidl_typesupport_fastrtps_cpp.hpp
[65.107s] -- Symlinking: /home/sws/autoware/install/tier4_api_msgs/include/tier4_api_msgs/tier4_api_msgs/msg/detail/crosswalk_status__rosidl_typesupport_fastrtps_cpp.hpp
[65.107s] -- Symlinking: /home/sws/autoware/install/tier4_api_msgs/include/tier4_api_msgs/tier4_api_msgs/msg/detail/door_control_command__rosidl_typesupport_fastrtps_cpp.hpp
[65.107s] -- Symlinking: /home/sws/autoware/install/tier4_api_msgs/include/tier4_api_msgs/tier4_api_msgs/msg/detail/door_status__rosidl_typesupport_fastrtps_cpp.hpp
[65.107s] -- Symlinking: /home/sws/autoware/install/tier4_api_msgs/include/tier4_api_msgs/tier4_api_msgs/msg/detail/euler__rosidl_typesupport_fastrtps_cpp.hpp
[65.107s] -- Symlinking: /home/sws/autoware/install/tier4_api_msgs/include/tier4_api_msgs/tier4_api_msgs/msg/detail/intersection_status__rosidl_typesupport_fastrtps_cpp.hpp
[65.108s] -- Symlinking: /home/sws/autoware/install/tier4_api_msgs/include/tier4_api_msgs/tier4_api_msgs/msg/detail/lane_change_status__rosidl_typesupport_fastrtps_cpp.hpp
[65.108s] -- Symlinking: /home/sws/autoware/install/tier4_api_msgs/include/tier4_api_msgs/tier4_api_msgs/msg/detail/obstacle_avoidance_status__rosidl_typesupport_fastrtps_cpp.hpp
[65.108s] -- Symlinking: /home/sws/autoware/install/tier4_api_msgs/include/tier4_api_msgs/tier4_api_msgs/msg/detail/stop_command__rosidl_typesupport_fastrtps_cpp.hpp
[65.108s] -- Symlinking: /home/sws/autoware/install/tier4_api_msgs/include/tier4_api_msgs/tier4_api_msgs/msg/detail/velocity_limit__rosidl_typesupport_fastrtps_cpp.hpp
[65.108s] -- Symlinking: /home/sws/autoware/install/tier4_api_msgs/include/tier4_api_msgs/tier4_api_msgs/msg/rosidl_typesupport_fastrtps_cpp__visibility_control.h
[65.109s] -- Symlinking: /home/sws/autoware/install/tier4_api_msgs/include/tier4_api_msgs/tier4_api_msgs/msg/detail/awapi_autoware_status__rosidl_typesupport_introspection_cpp.hpp
[65.109s] -- Symlinking: /home/sws/autoware/install/tier4_api_msgs/include/tier4_api_msgs/tier4_api_msgs/msg/detail/awapi_vehicle_status__rosidl_typesupport_introspection_cpp.hpp
[65.109s] -- Symlinking: /home/sws/autoware/install/tier4_api_msgs/include/tier4_api_msgs/tier4_api_msgs/msg/detail/crosswalk_status__rosidl_typesupport_introspection_cpp.hpp
[65.109s] -- Symlinking: /home/sws/autoware/install/tier4_api_msgs/include/tier4_api_msgs/tier4_api_msgs/msg/detail/door_control_command__rosidl_typesupport_introspection_cpp.hpp
[65.109s] -- Symlinking: /home/sws/autoware/install/tier4_api_msgs/include/tier4_api_msgs/tier4_api_msgs/msg/detail/door_status__rosidl_typesupport_introspection_cpp.hpp
[65.117s] -- Symlinking: /home/sws/autoware/install/tier4_api_msgs/include/tier4_api_msgs/tier4_api_msgs/msg/detail/euler__rosidl_typesupport_introspection_cpp.hpp
[65.136s] -- Symlinking: /home/sws/autoware/install/tier4_api_msgs/include/tier4_api_msgs/tier4_api_msgs/msg/detail/intersection_status__rosidl_typesupport_introspection_cpp.hpp
[65.138s] -- Symlinking: /home/sws/autoware/install/tier4_api_msgs/include/tier4_api_msgs/tier4_api_msgs/msg/detail/lane_change_status__rosidl_typesupport_introspection_cpp.hpp
[65.151s] -- Symlinking: /home/sws/autoware/install/tier4_api_msgs/include/tier4_api_msgs/tier4_api_msgs/msg/detail/obstacle_avoidance_status__rosidl_typesupport_introspection_cpp.hpp
[65.161s] -- Symlinking: /home/sws/autoware/install/tier4_api_msgs/include/tier4_api_msgs/tier4_api_msgs/msg/detail/stop_command__rosidl_typesupport_introspection_cpp.hpp
[65.169s] -- Symlinking: /home/sws/autoware/install/tier4_api_msgs/include/tier4_api_msgs/tier4_api_msgs/msg/detail/velocity_limit__rosidl_typesupport_introspection_cpp.hpp
[65.182s] -- Symlinking: /home/sws/autoware/install/tier4_api_msgs/share/tier4_api_msgs/environment/pythonpath.sh
[65.188s] -- Symlinking: /home/sws/autoware/install/tier4_api_msgs/share/tier4_api_msgs/environment/pythonpath.dsv
[65.205s] -- Symlinking: /home/sws/autoware/install/tier4_api_msgs/local/lib/python3.10/dist-packages/tier4_api_msgs-0.1.0-py3.10.egg-info/PKG-INFO
[65.207s] -- Symlinking: /home/sws/autoware/install/tier4_api_msgs/local/lib/python3.10/dist-packages/tier4_api_msgs-0.1.0-py3.10.egg-info/SOURCES.txt
[65.216s] -- Symlinking: /home/sws/autoware/install/tier4_api_msgs/local/lib/python3.10/dist-packages/tier4_api_msgs-0.1.0-py3.10.egg-info/dependency_links.txt
[65.226s] -- Symlinking: /home/sws/autoware/install/tier4_api_msgs/local/lib/python3.10/dist-packages/tier4_api_msgs-0.1.0-py3.10.egg-info/top_level.txt
[65.238s] -- Symlinking: /home/sws/autoware/install/tier4_api_msgs/local/lib/python3.10/dist-packages/tier4_api_msgs/__init__.py
[65.248s] -- Symlinking: /home/sws/autoware/install/tier4_api_msgs/local/lib/python3.10/dist-packages/tier4_api_msgs/_tier4_api_msgs_s.ep.rosidl_typesupport_c.c
[65.259s] -- Symlinking: /home/sws/autoware/install/tier4_api_msgs/local/lib/python3.10/dist-packages/tier4_api_msgs/_tier4_api_msgs_s.ep.rosidl_typesupport_fastrtps_c.c
[65.269s] -- Symlinking: /home/sws/autoware/install/tier4_api_msgs/local/lib/python3.10/dist-packages/tier4_api_msgs/_tier4_api_msgs_s.ep.rosidl_typesupport_introspection_c.c
[65.278s] -- Symlinking: /home/sws/autoware/install/tier4_api_msgs/local/lib/python3.10/dist-packages/tier4_api_msgs/libtier4_api_msgs__rosidl_generator_py.so
[65.287s] -- Symlinking: /home/sws/autoware/install/tier4_api_msgs/local/lib/python3.10/dist-packages/tier4_api_msgs/msg/__init__.py
[65.296s] -- Symlinking: /home/sws/autoware/install/tier4_api_msgs/local/lib/python3.10/dist-packages/tier4_api_msgs/msg/_awapi_autoware_status.py
[65.305s] -- Symlinking: /home/sws/autoware/install/tier4_api_msgs/local/lib/python3.10/dist-packages/tier4_api_msgs/msg/_awapi_autoware_status_s.c
[65.318s] -- Symlinking: /home/sws/autoware/install/tier4_api_msgs/local/lib/python3.10/dist-packages/tier4_api_msgs/msg/_awapi_vehicle_status.py
[65.326s] -- Symlinking: /home/sws/autoware/install/tier4_api_msgs/local/lib/python3.10/dist-packages/tier4_api_msgs/msg/_awapi_vehicle_status_s.c
[65.336s] -- Symlinking: /home/sws/autoware/install/tier4_api_msgs/local/lib/python3.10/dist-packages/tier4_api_msgs/msg/_crosswalk_status.py
[65.346s] -- Symlinking: /home/sws/autoware/install/tier4_api_msgs/local/lib/python3.10/dist-packages/tier4_api_msgs/msg/_crosswalk_status_s.c
[65.355s] -- Symlinking: /home/sws/autoware/install/tier4_api_msgs/local/lib/python3.10/dist-packages/tier4_api_msgs/msg/_door_control_command.py
[65.365s] -- Symlinking: /home/sws/autoware/install/tier4_api_msgs/local/lib/python3.10/dist-packages/tier4_api_msgs/msg/_door_control_command_s.c
[65.373s] -- Symlinking: /home/sws/autoware/install/tier4_api_msgs/local/lib/python3.10/dist-packages/tier4_api_msgs/msg/_door_status.py
[65.384s] -- Symlinking: /home/sws/autoware/install/tier4_api_msgs/local/lib/python3.10/dist-packages/tier4_api_msgs/msg/_door_status_s.c
[65.393s] -- Symlinking: /home/sws/autoware/install/tier4_api_msgs/local/lib/python3.10/dist-packages/tier4_api_msgs/msg/_euler.py
[65.404s] -- Symlinking: /home/sws/autoware/install/tier4_api_msgs/local/lib/python3.10/dist-packages/tier4_api_msgs/msg/_euler_s.c
[65.408s] -- Symlinking: /home/sws/autoware/install/tier4_api_msgs/local/lib/python3.10/dist-packages/tier4_api_msgs/msg/_intersection_status.py
[65.417s] -- Symlinking: /home/sws/autoware/install/tier4_api_msgs/local/lib/python3.10/dist-packages/tier4_api_msgs/msg/_intersection_status_s.c
[65.427s] -- Symlinking: /home/sws/autoware/install/tier4_api_msgs/local/lib/python3.10/dist-packages/tier4_api_msgs/msg/_lane_change_status.py
[65.438s] -- Symlinking: /home/sws/autoware/install/tier4_api_msgs/local/lib/python3.10/dist-packages/tier4_api_msgs/msg/_lane_change_status_s.c
[65.451s] -- Symlinking: /home/sws/autoware/install/tier4_api_msgs/local/lib/python3.10/dist-packages/tier4_api_msgs/msg/_obstacle_avoidance_status.py
[65.463s] -- Symlinking: /home/sws/autoware/install/tier4_api_msgs/local/lib/python3.10/dist-packages/tier4_api_msgs/msg/_obstacle_avoidance_status_s.c
[65.472s] -- Symlinking: /home/sws/autoware/install/tier4_api_msgs/local/lib/python3.10/dist-packages/tier4_api_msgs/msg/_stop_command.py
[65.480s] -- Symlinking: /home/sws/autoware/install/tier4_api_msgs/local/lib/python3.10/dist-packages/tier4_api_msgs/msg/_stop_command_s.c
[65.489s] -- Symlinking: /home/sws/autoware/install/tier4_api_msgs/local/lib/python3.10/dist-packages/tier4_api_msgs/msg/_velocity_limit.py
[65.499s] -- Symlinking: /home/sws/autoware/install/tier4_api_msgs/local/lib/python3.10/dist-packages/tier4_api_msgs/msg/_velocity_limit_s.c
[65.511s] -- Symlinking: /home/sws/autoware/install/tier4_api_msgs/local/lib/python3.10/dist-packages/tier4_api_msgs/tier4_api_msgs_s__rosidl_typesupport_c.cpython-310-x86_64-linux-gnu.so
[65.522s] -- Symlinking: /home/sws/autoware/install/tier4_api_msgs/local/lib/python3.10/dist-packages/tier4_api_msgs/tier4_api_msgs_s__rosidl_typesupport_fastrtps_c.cpython-310-x86_64-linux-gnu.so
[65.533s] -- Symlinking: /home/sws/autoware/install/tier4_api_msgs/local/lib/python3.10/dist-packages/tier4_api_msgs/tier4_api_msgs_s__rosidl_typesupport_introspection_c.cpython-310-x86_64-linux-gnu.so
[65.546s] -- Up-to-date symlink: /home/sws/autoware/install/tier4_api_msgs/local/lib/python3.10/dist-packages/tier4_api_msgs/tier4_api_msgs_s__rosidl_typesupport_fastrtps_c.cpython-310-x86_64-linux-gnu.so
[65.546s] -- Up-to-date symlink: /home/sws/autoware/install/tier4_api_msgs/local/lib/python3.10/dist-packages/tier4_api_msgs/tier4_api_msgs_s__rosidl_typesupport_introspection_c.cpython-310-x86_64-linux-gnu.so
[65.546s] -- Up-to-date symlink: /home/sws/autoware/install/tier4_api_msgs/local/lib/python3.10/dist-packages/tier4_api_msgs/tier4_api_msgs_s__rosidl_typesupport_c.cpython-310-x86_64-linux-gnu.so
[65.547s] -- Symlinking: /home/sws/autoware/install/tier4_api_msgs/share/tier4_api_msgs/msg/AwapiAutowareStatus.idl
[65.558s] -- Symlinking: /home/sws/autoware/install/tier4_api_msgs/share/tier4_api_msgs/msg/AwapiVehicleStatus.idl
[65.574s] -- Symlinking: /home/sws/autoware/install/tier4_api_msgs/share/tier4_api_msgs/msg/CrosswalkStatus.idl
[65.586s] -- Symlinking: /home/sws/autoware/install/tier4_api_msgs/share/tier4_api_msgs/msg/DoorControlCommand.idl
[65.596s] -- Symlinking: /home/sws/autoware/install/tier4_api_msgs/share/tier4_api_msgs/msg/DoorStatus.idl
[65.607s] -- Symlinking: /home/sws/autoware/install/tier4_api_msgs/share/tier4_api_msgs/msg/Euler.idl
[65.618s] -- Symlinking: /home/sws/autoware/install/tier4_api_msgs/share/tier4_api_msgs/msg/IntersectionStatus.idl
[65.626s] -- Symlinking: /home/sws/autoware/install/tier4_api_msgs/share/tier4_api_msgs/msg/LaneChangeStatus.idl
[65.634s] -- Symlinking: /home/sws/autoware/install/tier4_api_msgs/share/tier4_api_msgs/msg/ObstacleAvoidanceStatus.idl
[65.642s] -- Symlinking: /home/sws/autoware/install/tier4_api_msgs/share/tier4_api_msgs/msg/StopCommand.idl
[65.649s] -- Symlinking: /home/sws/autoware/install/tier4_api_msgs/share/tier4_api_msgs/msg/VelocityLimit.idl
[65.660s] -- Symlinking: /home/sws/autoware/install/tier4_api_msgs/share/tier4_api_msgs/msg/AwapiAutowareStatus.msg
[65.671s] -- Symlinking: /home/sws/autoware/install/tier4_api_msgs/share/tier4_api_msgs/msg/AwapiVehicleStatus.msg
[65.682s] -- Symlinking: /home/sws/autoware/install/tier4_api_msgs/share/tier4_api_msgs/msg/CrosswalkStatus.msg
[65.693s] -- Symlinking: /home/sws/autoware/install/tier4_api_msgs/share/tier4_api_msgs/msg/DoorControlCommand.msg
[65.704s] -- Symlinking: /home/sws/autoware/install/tier4_api_msgs/share/tier4_api_msgs/msg/DoorStatus.msg
[65.716s] -- Symlinking: /home/sws/autoware/install/tier4_api_msgs/share/tier4_api_msgs/msg/Euler.msg
[65.726s] -- Symlinking: /home/sws/autoware/install/tier4_api_msgs/share/tier4_api_msgs/msg/IntersectionStatus.msg
[65.737s] -- Symlinking: /home/sws/autoware/install/tier4_api_msgs/share/tier4_api_msgs/msg/LaneChangeStatus.msg
[65.748s] -- Symlinking: /home/sws/autoware/install/tier4_api_msgs/share/tier4_api_msgs/msg/ObstacleAvoidanceStatus.msg
[65.758s] -- Symlinking: /home/sws/autoware/install/tier4_api_msgs/share/tier4_api_msgs/msg/StopCommand.msg
[65.770s] -- Symlinking: /home/sws/autoware/install/tier4_api_msgs/share/tier4_api_msgs/msg/VelocityLimit.msg
[65.781s] -- Symlinking: /home/sws/autoware/install/tier4_api_msgs/share/ament_index/resource_index/package_run_dependencies/tier4_api_msgs
[65.793s] -- Symlinking: /home/sws/autoware/install/tier4_api_msgs/share/ament_index/resource_index/parent_prefix_path/tier4_api_msgs
[65.803s] -- Symlinking: /home/sws/autoware/install/tier4_api_msgs/share/tier4_api_msgs/environment/ament_prefix_path.sh
[65.816s] -- Symlinking: /home/sws/autoware/install/tier4_api_msgs/share/tier4_api_msgs/environment/ament_prefix_path.dsv
[65.827s] -- Symlinking: /home/sws/autoware/install/tier4_api_msgs/share/tier4_api_msgs/environment/path.sh
[65.838s] -- Symlinking: /home/sws/autoware/install/tier4_api_msgs/share/tier4_api_msgs/environment/path.dsv
[65.849s] -- Symlinking: /home/sws/autoware/install/tier4_api_msgs/share/tier4_api_msgs/local_setup.bash
[65.862s] -- Symlinking: /home/sws/autoware/install/tier4_api_msgs/share/tier4_api_msgs/local_setup.sh
[65.876s] -- Symlinking: /home/sws/autoware/install/tier4_api_msgs/share/tier4_api_msgs/local_setup.zsh
[65.886s] -- Symlinking: /home/sws/autoware/install/tier4_api_msgs/share/tier4_api_msgs/local_setup.dsv
[65.898s] -- Symlinking: /home/sws/autoware/install/tier4_api_msgs/share/tier4_api_msgs/package.dsv
[65.910s] -- Symlinking: /home/sws/autoware/install/tier4_api_msgs/share/ament_index/resource_index/packages/tier4_api_msgs
[65.921s] -- Symlinking: /home/sws/autoware/install/tier4_api_msgs/share/tier4_api_msgs/cmake/rosidl_cmake-extras.cmake
[65.932s] -- Symlinking: /home/sws/autoware/install/tier4_api_msgs/share/tier4_api_msgs/cmake/ament_cmake_export_dependencies-extras.cmake
[65.942s] -- Symlinking: /home/sws/autoware/install/tier4_api_msgs/share/tier4_api_msgs/cmake/ament_cmake_export_include_directories-extras.cmake
[65.954s] -- Symlinking: /home/sws/autoware/install/tier4_api_msgs/share/tier4_api_msgs/cmake/ament_cmake_export_libraries-extras.cmake
[65.965s] -- Symlinking: /home/sws/autoware/install/tier4_api_msgs/share/tier4_api_msgs/cmake/ament_cmake_export_targets-extras.cmake
[65.977s] -- Symlinking: /home/sws/autoware/install/tier4_api_msgs/share/tier4_api_msgs/cmake/rosidl_cmake_export_typesupport_targets-extras.cmake
[65.988s] -- Symlinking: /home/sws/autoware/install/tier4_api_msgs/share/tier4_api_msgs/cmake/rosidl_cmake_export_typesupport_libraries-extras.cmake
[65.999s] -- Symlinking: /home/sws/autoware/install/tier4_api_msgs/share/tier4_api_msgs/cmake/tier4_api_msgsConfig.cmake
[66.010s] -- Symlinking: /home/sws/autoware/install/tier4_api_msgs/share/tier4_api_msgs/cmake/tier4_api_msgsConfig-version.cmake
[66.021s] -- Symlinking: /home/sws/autoware/install/tier4_api_msgs/share/tier4_api_msgs/package.xml
[66.032s] -- Installing: /home/sws/autoware/install/tier4_api_msgs/lib/libtier4_api_msgs__rosidl_generator_c.so
[66.033s] -- Set runtime path of "/home/sws/autoware/install/tier4_api_msgs/lib/libtier4_api_msgs__rosidl_generator_c.so" to ""
[66.033s] -- Installing: /home/sws/autoware/install/tier4_api_msgs/lib/libtier4_api_msgs__rosidl_typesupport_fastrtps_c.so
[66.033s] -- Set runtime path of "/home/sws/autoware/install/tier4_api_msgs/lib/libtier4_api_msgs__rosidl_typesupport_fastrtps_c.so" to ""
[66.033s] -- Installing: /home/sws/autoware/install/tier4_api_msgs/lib/libtier4_api_msgs__rosidl_typesupport_introspection_c.so
[66.033s] -- Set runtime path of "/home/sws/autoware/install/tier4_api_msgs/lib/libtier4_api_msgs__rosidl_typesupport_introspection_c.so" to ""
[66.034s] -- Installing: /home/sws/autoware/install/tier4_api_msgs/lib/libtier4_api_msgs__rosidl_typesupport_c.so
[66.034s] -- Set runtime path of "/home/sws/autoware/install/tier4_api_msgs/lib/libtier4_api_msgs__rosidl_typesupport_c.so" to ""
[66.034s] -- Installing: /home/sws/autoware/install/tier4_api_msgs/lib/libtier4_api_msgs__rosidl_typesupport_fastrtps_cpp.so
[66.034s] -- Set runtime path of "/home/sws/autoware/install/tier4_api_msgs/lib/libtier4_api_msgs__rosidl_typesupport_fastrtps_cpp.so" to ""
[66.034s] -- Installing: /home/sws/autoware/install/tier4_api_msgs/lib/libtier4_api_msgs__rosidl_typesupport_introspection_cpp.so
[66.035s] -- Set runtime path of "/home/sws/autoware/install/tier4_api_msgs/lib/libtier4_api_msgs__rosidl_typesupport_introspection_cpp.so" to ""
[66.035s] -- Installing: /home/sws/autoware/install/tier4_api_msgs/lib/libtier4_api_msgs__rosidl_typesupport_cpp.so
[66.035s] -- Set runtime path of "/home/sws/autoware/install/tier4_api_msgs/lib/libtier4_api_msgs__rosidl_typesupport_cpp.so" to ""
[66.092s] Listing '/home/sws/autoware/install/tier4_api_msgs/local/lib/python3.10/dist-packages/tier4_api_msgs'...
[66.092s] Compiling '/home/sws/autoware/install/tier4_api_msgs/local/lib/python3.10/dist-packages/tier4_api_msgs/__init__.py'...
[66.092s] Listing '/home/sws/autoware/install/tier4_api_msgs/local/lib/python3.10/dist-packages/tier4_api_msgs/msg'...
[66.092s] Compiling '/home/sws/autoware/install/tier4_api_msgs/local/lib/python3.10/dist-packages/tier4_api_msgs/msg/__init__.py'...
[66.092s] Compiling '/home/sws/autoware/install/tier4_api_msgs/local/lib/python3.10/dist-packages/tier4_api_msgs/msg/_awapi_autoware_status.py'...
[66.093s] Compiling '/home/sws/autoware/install/tier4_api_msgs/local/lib/python3.10/dist-packages/tier4_api_msgs/msg/_awapi_vehicle_status.py'...
[66.093s] Compiling '/home/sws/autoware/install/tier4_api_msgs/local/lib/python3.10/dist-packages/tier4_api_msgs/msg/_crosswalk_status.py'...
[66.093s] Compiling '/home/sws/autoware/install/tier4_api_msgs/local/lib/python3.10/dist-packages/tier4_api_msgs/msg/_door_control_command.py'...
[66.093s] Compiling '/home/sws/autoware/install/tier4_api_msgs/local/lib/python3.10/dist-packages/tier4_api_msgs/msg/_door_status.py'...
[66.093s] Compiling '/home/sws/autoware/install/tier4_api_msgs/local/lib/python3.10/dist-packages/tier4_api_msgs/msg/_euler.py'...
[66.093s] Compiling '/home/sws/autoware/install/tier4_api_msgs/local/lib/python3.10/dist-packages/tier4_api_msgs/msg/_intersection_status.py'...
[66.093s] Compiling '/home/sws/autoware/install/tier4_api_msgs/local/lib/python3.10/dist-packages/tier4_api_msgs/msg/_lane_change_status.py'...
[66.093s] Compiling '/home/sws/autoware/install/tier4_api_msgs/local/lib/python3.10/dist-packages/tier4_api_msgs/msg/_obstacle_avoidance_status.py'...
[66.093s] Compiling '/home/sws/autoware/install/tier4_api_msgs/local/lib/python3.10/dist-packages/tier4_api_msgs/msg/_stop_command.py'...
[66.093s] Compiling '/home/sws/autoware/install/tier4_api_msgs/local/lib/python3.10/dist-packages/tier4_api_msgs/msg/_velocity_limit.py'...
[66.097s] -- Installing: /home/sws/autoware/install/tier4_api_msgs/lib/libtier4_api_msgs__rosidl_generator_py.so
[66.097s] -- Set runtime path of "/home/sws/autoware/install/tier4_api_msgs/lib/libtier4_api_msgs__rosidl_generator_py.so" to ""
[66.097s] -- Installing: /home/sws/autoware/install/tier4_api_msgs/share/tier4_api_msgs/cmake/export_tier4_api_msgs__rosidl_generator_cExport.cmake
[66.098s] -- Installing: /home/sws/autoware/install/tier4_api_msgs/share/tier4_api_msgs/cmake/export_tier4_api_msgs__rosidl_generator_cExport-release.cmake
[66.098s] -- Installing: /home/sws/autoware/install/tier4_api_msgs/share/tier4_api_msgs/cmake/export_tier4_api_msgs__rosidl_typesupport_fastrtps_cExport.cmake
[66.098s] -- Installing: /home/sws/autoware/install/tier4_api_msgs/share/tier4_api_msgs/cmake/export_tier4_api_msgs__rosidl_typesupport_fastrtps_cExport-release.cmake
[66.098s] -- Installing: /home/sws/autoware/install/tier4_api_msgs/share/tier4_api_msgs/cmake/tier4_api_msgs__rosidl_typesupport_introspection_cExport.cmake
[66.098s] -- Installing: /home/sws/autoware/install/tier4_api_msgs/share/tier4_api_msgs/cmake/tier4_api_msgs__rosidl_typesupport_introspection_cExport-release.cmake
[66.100s] -- Installing: /home/sws/autoware/install/tier4_api_msgs/share/tier4_api_msgs/cmake/tier4_api_msgs__rosidl_typesupport_cExport.cmake
[66.100s] -- Installing: /home/sws/autoware/install/tier4_api_msgs/share/tier4_api_msgs/cmake/tier4_api_msgs__rosidl_typesupport_cExport-release.cmake
[66.100s] -- Installing: /home/sws/autoware/install/tier4_api_msgs/share/tier4_api_msgs/cmake/export_tier4_api_msgs__rosidl_generator_cppExport.cmake
[66.100s] -- Installing: /home/sws/autoware/install/tier4_api_msgs/share/tier4_api_msgs/cmake/export_tier4_api_msgs__rosidl_typesupport_fastrtps_cppExport.cmake
[66.100s] -- Installing: /home/sws/autoware/install/tier4_api_msgs/share/tier4_api_msgs/cmake/export_tier4_api_msgs__rosidl_typesupport_fastrtps_cppExport-release.cmake
[66.100s] -- Installing: /home/sws/autoware/install/tier4_api_msgs/share/tier4_api_msgs/cmake/tier4_api_msgs__rosidl_typesupport_introspection_cppExport.cmake
[66.101s] -- Installing: /home/sws/autoware/install/tier4_api_msgs/share/tier4_api_msgs/cmake/tier4_api_msgs__rosidl_typesupport_introspection_cppExport-release.cmake
[66.101s] -- Installing: /home/sws/autoware/install/tier4_api_msgs/share/tier4_api_msgs/cmake/tier4_api_msgs__rosidl_typesupport_cppExport.cmake
[66.101s] -- Installing: /home/sws/autoware/install/tier4_api_msgs/share/tier4_api_msgs/cmake/tier4_api_msgs__rosidl_typesupport_cppExport-release.cmake
[66.101s] -- Installing: /home/sws/autoware/install/tier4_api_msgs/share/tier4_api_msgs/cmake/export_tier4_api_msgs__rosidl_generator_pyExport.cmake
[66.101s] -- Installing: /home/sws/autoware/install/tier4_api_msgs/share/tier4_api_msgs/cmake/export_tier4_api_msgs__rosidl_generator_pyExport-release.cmake
[66.108s] Invoked command in '/home/sws/autoware/build/tier4_api_msgs' returned '0': AMENT_PREFIX_PATH=/home/sws/autoware/install/tier4_system_msgs:/home/sws/autoware/install/tier4_planning_msgs:/home/sws/autoware/install/autoware_common_msgs:${AMENT_PREFIX_PATH} CMAKE_PREFIX_PATH=/home/sws/autoware/install/tier4_system_msgs:/home/sws/autoware/install/tier4_planning_msgs:/home/sws/autoware/install/autoware_common_msgs:/opt/ros/humble LD_LIBRARY_PATH=/home/sws/autoware/install/tier4_system_msgs/lib:/home/sws/autoware/install/tier4_planning_msgs/lib:/home/sws/autoware/install/autoware_common_msgs/lib:${LD_LIBRARY_PATH} PYTHONPATH=/home/sws/autoware/install/tier4_system_msgs/local/lib/python3.10/dist-packages:/home/sws/autoware/install/tier4_planning_msgs/local/lib/python3.10/dist-packages:/home/sws/autoware/install/autoware_common_msgs/local/lib/python3.10/dist-packages:${PYTHONPATH} /usr/bin/cmake --install /home/sws/autoware/build/tier4_api_msgs
