[0.257s] Invoking command in '/home/sws/autoware/build/motion_utils': AMENT_PREFIX_PATH=/home/sws/autoware/install/interpolation:/home/sws/autoware/install/tier4_autoware_utils:/home/sws/autoware/install/autoware_auto_vehicle_msgs:/home/sws/autoware/install/autoware_cmake:/home/sws/autoware/install/autoware_auto_planning_msgs:/home/sws/autoware/install/autoware_auto_perception_msgs:/home/sws/autoware/install/tier4_debug_msgs:/home/sws/autoware/install/autoware_lint_common:/home/sws/autoware/install/autoware_auto_mapping_msgs:/home/sws/autoware/install/autoware_auto_geometry_msgs:${AMENT_PREFIX_PATH} CMAKE_PREFIX_PATH=/home/sws/autoware/install/interpolation:/home/sws/autoware/install/tier4_autoware_utils:/home/sws/autoware/install/autoware_auto_vehicle_msgs:/home/sws/autoware/install/autoware_cmake:/home/sws/autoware/install/autoware_auto_planning_msgs:/home/sws/autoware/install/autoware_auto_perception_msgs:/home/sws/autoware/install/tier4_debug_msgs:/home/sws/autoware/install/autoware_lint_common:/home/sws/autoware/install/autoware_auto_mapping_msgs:/home/sws/autoware/install/autoware_auto_geometry_msgs:/opt/ros/humble LD_LIBRARY_PATH=/home/sws/autoware/install/interpolation/lib:/home/sws/autoware/install/tier4_autoware_utils/lib:/home/sws/autoware/install/autoware_auto_vehicle_msgs/lib:/home/sws/autoware/install/autoware_auto_planning_msgs/lib:/home/sws/autoware/install/autoware_auto_perception_msgs/lib:/home/sws/autoware/install/tier4_debug_msgs/lib:/home/sws/autoware/install/autoware_auto_mapping_msgs/lib:/home/sws/autoware/install/autoware_auto_geometry_msgs/lib:${LD_LIBRARY_PATH} PYTHONPATH=/home/sws/autoware/install/autoware_auto_vehicle_msgs/local/lib/python3.10/dist-packages:/home/sws/autoware/install/autoware_auto_planning_msgs/local/lib/python3.10/dist-packages:/home/sws/autoware/install/autoware_auto_perception_msgs/local/lib/python3.10/dist-packages:/home/sws/autoware/install/tier4_debug_msgs/local/lib/python3.10/dist-packages:/home/sws/autoware/install/autoware_auto_mapping_msgs/local/lib/python3.10/dist-packages:/home/sws/autoware/install/autoware_auto_geometry_msgs/local/lib/python3.10/dist-packages:${PYTHONPATH} /usr/bin/cmake /home/sws/autoware/src/universe/autoware.universe/common/motion_utils -DCMAKE_BUILD_TYPE=Release -DAMENT_CMAKE_SYMLINK_INSTALL=1 -DCMAKE_INSTALL_PREFIX=/home/sws/autoware/install/motion_utils
[29.949s] -- The C compiler identification is GNU 11.3.0
[29.949s] -- The CXX compiler identification is GNU 11.3.0
[29.949s] -- Detecting C compiler ABI info
[29.949s] -- Detecting C compiler ABI info - done
[29.949s] -- Check for working C compiler: /usr/bin/cc - skipped
[29.950s] -- Detecting C compile features
[29.950s] -- Detecting C compile features - done
[29.950s] -- Detecting CXX compiler ABI info
[29.950s] -- Detecting CXX compiler ABI info - done
[29.950s] -- Check for working CXX compiler: /usr/bin/c++ - skipped
[29.950s] -- Detecting CXX compile features
[29.965s] -- Detecting CXX compile features - done
[29.965s] -- Found autoware_cmake: 0.1.0 (/home/sws/autoware/install/autoware_cmake/share/autoware_cmake/cmake)
[29.966s] -- Found Python3: /usr/bin/python3.10 (found version "3.10.6") found components: Interpreter 
[29.966s] -- Override CMake install command with custom implementation using symlinks instead of copying resources
[29.966s] -- Found rosidl_generator_c: 3.1.4 (/opt/ros/humble/share/rosidl_generator_c/cmake)
[29.967s] -- Found rosidl_adapter: 3.1.4 (/opt/ros/humble/share/rosidl_adapter/cmake)
[29.967s] -- Found rosidl_generator_cpp: 3.1.4 (/opt/ros/humble/share/rosidl_generator_cpp/cmake)
[29.967s] -- Using all available rosidl_typesupport_c: rosidl_typesupport_fastrtps_c;rosidl_typesupport_introspection_c
[29.967s] -- Using all available rosidl_typesupport_cpp: rosidl_typesupport_fastrtps_cpp;rosidl_typesupport_introspection_cpp
[29.967s] -- Found rmw_implementation_cmake: 6.1.1 (/opt/ros/humble/share/rmw_implementation_cmake/cmake)
[29.967s] -- Found rmw_fastrtps_cpp: 6.2.2 (/opt/ros/humble/share/rmw_fastrtps_cpp/cmake)
[29.967s] -- Found OpenSSL: /usr/lib/x86_64-linux-gnu/libcrypto.so (found version "3.0.2")  
[29.967s] -- Found FastRTPS: /opt/ros/humble/include  
[29.967s] -- Using RMW implementation 'rmw_fastrtps_cpp' as default
[29.968s] -- Looking for pthread.h
[29.968s] -- Looking for pthread.h - found
[29.968s] -- Performing Test CMAKE_HAVE_LIBC_PTHREAD
[29.968s] -- Performing Test CMAKE_HAVE_LIBC_PTHREAD - Success
[29.968s] -- Found Threads: TRUE  
[29.968s] -- Found eigen3_cmake_module: 0.1.1 (/opt/ros/humble/share/eigen3_cmake_module/cmake)
[29.968s] -- Found Eigen3: TRUE (found version "3.4.0") 
[29.968s] -- Ensuring Eigen3 include directory is part of orocos-kdl CMake target
[29.968s] -- Found ament_lint_auto: 0.12.5 (/opt/ros/humble/share/ament_lint_auto/cmake)
[29.968s] -- Found Boost: /usr/lib/x86_64-linux-gnu/cmake/Boost-1.74.0/BoostConfig.cmake (found version "1.74.0")  
[29.969s] -- Found gtest sources under '/opt/ros/humble/src/gtest_vendor': C++ tests using 'Google Test' will be built
[29.969s] -- Added test 'copyright' to check source files copyright and LICENSE
[29.969s] -- Added test 'cppcheck' to perform static code analysis on C / C++ code
[29.969s] -- Configured cppcheck include dirs: /home/sws/autoware/src/universe/autoware.universe/common/motion_utils/include
[29.969s] -- Configured cppcheck exclude dirs and/or files: 
[29.969s] -- Added test 'lint_cmake' to check CMake code style
[29.969s] -- Added test 'xmllint' to check XML markup files
[29.969s] -- Configuring done
[29.969s] -- Generating done
[29.969s] -- Build files have been written to: /home/sws/autoware/build/motion_utils
[30.005s] Invoked command in '/home/sws/autoware/build/motion_utils' returned '0': AMENT_PREFIX_PATH=/home/sws/autoware/install/interpolation:/home/sws/autoware/install/tier4_autoware_utils:/home/sws/autoware/install/autoware_auto_vehicle_msgs:/home/sws/autoware/install/autoware_cmake:/home/sws/autoware/install/autoware_auto_planning_msgs:/home/sws/autoware/install/autoware_auto_perception_msgs:/home/sws/autoware/install/tier4_debug_msgs:/home/sws/autoware/install/autoware_lint_common:/home/sws/autoware/install/autoware_auto_mapping_msgs:/home/sws/autoware/install/autoware_auto_geometry_msgs:${AMENT_PREFIX_PATH} CMAKE_PREFIX_PATH=/home/sws/autoware/install/interpolation:/home/sws/autoware/install/tier4_autoware_utils:/home/sws/autoware/install/autoware_auto_vehicle_msgs:/home/sws/autoware/install/autoware_cmake:/home/sws/autoware/install/autoware_auto_planning_msgs:/home/sws/autoware/install/autoware_auto_perception_msgs:/home/sws/autoware/install/tier4_debug_msgs:/home/sws/autoware/install/autoware_lint_common:/home/sws/autoware/install/autoware_auto_mapping_msgs:/home/sws/autoware/install/autoware_auto_geometry_msgs:/opt/ros/humble LD_LIBRARY_PATH=/home/sws/autoware/install/interpolation/lib:/home/sws/autoware/install/tier4_autoware_utils/lib:/home/sws/autoware/install/autoware_auto_vehicle_msgs/lib:/home/sws/autoware/install/autoware_auto_planning_msgs/lib:/home/sws/autoware/install/autoware_auto_perception_msgs/lib:/home/sws/autoware/install/tier4_debug_msgs/lib:/home/sws/autoware/install/autoware_auto_mapping_msgs/lib:/home/sws/autoware/install/autoware_auto_geometry_msgs/lib:${LD_LIBRARY_PATH} PYTHONPATH=/home/sws/autoware/install/autoware_auto_vehicle_msgs/local/lib/python3.10/dist-packages:/home/sws/autoware/install/autoware_auto_planning_msgs/local/lib/python3.10/dist-packages:/home/sws/autoware/install/autoware_auto_perception_msgs/local/lib/python3.10/dist-packages:/home/sws/autoware/install/tier4_debug_msgs/local/lib/python3.10/dist-packages:/home/sws/autoware/install/autoware_auto_mapping_msgs/local/lib/python3.10/dist-packages:/home/sws/autoware/install/autoware_auto_geometry_msgs/local/lib/python3.10/dist-packages:${PYTHONPATH} /usr/bin/cmake /home/sws/autoware/src/universe/autoware.universe/common/motion_utils -DCMAKE_BUILD_TYPE=Release -DAMENT_CMAKE_SYMLINK_INSTALL=1 -DCMAKE_INSTALL_PREFIX=/home/sws/autoware/install/motion_utils
[30.005s] Invoking command in '/home/sws/autoware/build/motion_utils': AMENT_PREFIX_PATH=/home/sws/autoware/install/interpolation:/home/sws/autoware/install/tier4_autoware_utils:/home/sws/autoware/install/autoware_auto_vehicle_msgs:/home/sws/autoware/install/autoware_cmake:/home/sws/autoware/install/autoware_auto_planning_msgs:/home/sws/autoware/install/autoware_auto_perception_msgs:/home/sws/autoware/install/tier4_debug_msgs:/home/sws/autoware/install/autoware_lint_common:/home/sws/autoware/install/autoware_auto_mapping_msgs:/home/sws/autoware/install/autoware_auto_geometry_msgs:${AMENT_PREFIX_PATH} CMAKE_PREFIX_PATH=/home/sws/autoware/install/interpolation:/home/sws/autoware/install/tier4_autoware_utils:/home/sws/autoware/install/autoware_auto_vehicle_msgs:/home/sws/autoware/install/autoware_cmake:/home/sws/autoware/install/autoware_auto_planning_msgs:/home/sws/autoware/install/autoware_auto_perception_msgs:/home/sws/autoware/install/tier4_debug_msgs:/home/sws/autoware/install/autoware_lint_common:/home/sws/autoware/install/autoware_auto_mapping_msgs:/home/sws/autoware/install/autoware_auto_geometry_msgs:/opt/ros/humble LD_LIBRARY_PATH=/home/sws/autoware/install/interpolation/lib:/home/sws/autoware/install/tier4_autoware_utils/lib:/home/sws/autoware/install/autoware_auto_vehicle_msgs/lib:/home/sws/autoware/install/autoware_auto_planning_msgs/lib:/home/sws/autoware/install/autoware_auto_perception_msgs/lib:/home/sws/autoware/install/tier4_debug_msgs/lib:/home/sws/autoware/install/autoware_auto_mapping_msgs/lib:/home/sws/autoware/install/autoware_auto_geometry_msgs/lib:${LD_LIBRARY_PATH} PYTHONPATH=/home/sws/autoware/install/autoware_auto_vehicle_msgs/local/lib/python3.10/dist-packages:/home/sws/autoware/install/autoware_auto_planning_msgs/local/lib/python3.10/dist-packages:/home/sws/autoware/install/autoware_auto_perception_msgs/local/lib/python3.10/dist-packages:/home/sws/autoware/install/tier4_debug_msgs/local/lib/python3.10/dist-packages:/home/sws/autoware/install/autoware_auto_mapping_msgs/local/lib/python3.10/dist-packages:/home/sws/autoware/install/autoware_auto_geometry_msgs/local/lib/python3.10/dist-packages:${PYTHONPATH} /usr/bin/cmake --build /home/sws/autoware/build/motion_utils -- -j16 -l16
[30.081s] [  5%] [32mBuilding CXX object CMakeFiles/motion_utils.dir/src/motion_utils.cpp.o[0m
[44.041s] [ 11%] [32mBuilding CXX object CMakeFiles/motion_utils.dir/src/vehicle/vehicle_state_checker.cpp.o[0m
[68.727s] [ 17%] [32mBuilding CXX object CMakeFiles/motion_utils.dir/src/trajectory/interpolation.cpp.o[0m
[79.558s] [ 23%] [32mBuilding CXX object CMakeFiles/motion_utils.dir/src/resample/resample.cpp.o[0m
[89.919s] [ 29%] [32mBuilding CXX object CMakeFiles/motion_utils.dir/src/marker/marker_helper.cpp.o[0m
[106.633s] [ 35%] [32m[1mLinking CXX shared library libmotion_utils.so[0m
[107.049s] [ 35%] Built target motion_utils
[107.078s] [ 41%] [32mBuilding CXX object gtest/CMakeFiles/gtest.dir/src/gtest-all.cc.o[0m
[117.240s] [ 47%] [32m[1mLinking CXX static library libgtest.a[0m
[117.310s] [ 47%] Built target gtest
[117.349s] [ 52%] [32mBuilding CXX object gtest/CMakeFiles/gtest_main.dir/src/gtest_main.cc.o[0m
[118.784s] [ 58%] [32m[1mLinking CXX static library libgtest_main.a[0m
[118.838s] [ 58%] Built target gtest_main
[118.871s] [ 64%] [32mBuilding CXX object CMakeFiles/test_motion_utils.dir/test/src/resample/test_resample.cpp.o[0m
[158.696s] [ 70%] [32mBuilding CXX object CMakeFiles/test_motion_utils.dir/test/src/vehicle/test_vehicle_state_checker.cpp.o[0m
[158.696s] [ 82%] [32mBuilding CXX object CMakeFiles/test_motion_utils.dir/test/src/trajectory/test_trajectory.cpp.o[0m
[158.696s] [ 82%] [32mBuilding CXX object CMakeFiles/test_motion_utils.dir/test/src/trajectory/test_path_with_lane_id.cpp.o[0m
[194.501s] [ 88%] [32mBuilding CXX object CMakeFiles/test_motion_utils.dir/test/src/trajectory/test_interpolation.cpp.o[0m
[205.868s] [ 94%] [32mBuilding CXX object CMakeFiles/test_motion_utils.dir/test/src/test_motion_utils.cpp.o[0m
[219.158s] [100%] [32m[1mLinking CXX executable test_motion_utils[0m
[219.493s] [100%] Built target test_motion_utils
[219.508s] Invoked command in '/home/sws/autoware/build/motion_utils' returned '0': AMENT_PREFIX_PATH=/home/sws/autoware/install/interpolation:/home/sws/autoware/install/tier4_autoware_utils:/home/sws/autoware/install/autoware_auto_vehicle_msgs:/home/sws/autoware/install/autoware_cmake:/home/sws/autoware/install/autoware_auto_planning_msgs:/home/sws/autoware/install/autoware_auto_perception_msgs:/home/sws/autoware/install/tier4_debug_msgs:/home/sws/autoware/install/autoware_lint_common:/home/sws/autoware/install/autoware_auto_mapping_msgs:/home/sws/autoware/install/autoware_auto_geometry_msgs:${AMENT_PREFIX_PATH} CMAKE_PREFIX_PATH=/home/sws/autoware/install/interpolation:/home/sws/autoware/install/tier4_autoware_utils:/home/sws/autoware/install/autoware_auto_vehicle_msgs:/home/sws/autoware/install/autoware_cmake:/home/sws/autoware/install/autoware_auto_planning_msgs:/home/sws/autoware/install/autoware_auto_perception_msgs:/home/sws/autoware/install/tier4_debug_msgs:/home/sws/autoware/install/autoware_lint_common:/home/sws/autoware/install/autoware_auto_mapping_msgs:/home/sws/autoware/install/autoware_auto_geometry_msgs:/opt/ros/humble LD_LIBRARY_PATH=/home/sws/autoware/install/interpolation/lib:/home/sws/autoware/install/tier4_autoware_utils/lib:/home/sws/autoware/install/autoware_auto_vehicle_msgs/lib:/home/sws/autoware/install/autoware_auto_planning_msgs/lib:/home/sws/autoware/install/autoware_auto_perception_msgs/lib:/home/sws/autoware/install/tier4_debug_msgs/lib:/home/sws/autoware/install/autoware_auto_mapping_msgs/lib:/home/sws/autoware/install/autoware_auto_geometry_msgs/lib:${LD_LIBRARY_PATH} PYTHONPATH=/home/sws/autoware/install/autoware_auto_vehicle_msgs/local/lib/python3.10/dist-packages:/home/sws/autoware/install/autoware_auto_planning_msgs/local/lib/python3.10/dist-packages:/home/sws/autoware/install/autoware_auto_perception_msgs/local/lib/python3.10/dist-packages:/home/sws/autoware/install/tier4_debug_msgs/local/lib/python3.10/dist-packages:/home/sws/autoware/install/autoware_auto_mapping_msgs/local/lib/python3.10/dist-packages:/home/sws/autoware/install/autoware_auto_geometry_msgs/local/lib/python3.10/dist-packages:${PYTHONPATH} /usr/bin/cmake --build /home/sws/autoware/build/motion_utils -- -j16 -l16
[219.572s] Invoking command in '/home/sws/autoware/build/motion_utils': AMENT_PREFIX_PATH=/home/sws/autoware/install/interpolation:/home/sws/autoware/install/tier4_autoware_utils:/home/sws/autoware/install/autoware_auto_vehicle_msgs:/home/sws/autoware/install/autoware_cmake:/home/sws/autoware/install/autoware_auto_planning_msgs:/home/sws/autoware/install/autoware_auto_perception_msgs:/home/sws/autoware/install/tier4_debug_msgs:/home/sws/autoware/install/autoware_lint_common:/home/sws/autoware/install/autoware_auto_mapping_msgs:/home/sws/autoware/install/autoware_auto_geometry_msgs:${AMENT_PREFIX_PATH} CMAKE_PREFIX_PATH=/home/sws/autoware/install/interpolation:/home/sws/autoware/install/tier4_autoware_utils:/home/sws/autoware/install/autoware_auto_vehicle_msgs:/home/sws/autoware/install/autoware_cmake:/home/sws/autoware/install/autoware_auto_planning_msgs:/home/sws/autoware/install/autoware_auto_perception_msgs:/home/sws/autoware/install/tier4_debug_msgs:/home/sws/autoware/install/autoware_lint_common:/home/sws/autoware/install/autoware_auto_mapping_msgs:/home/sws/autoware/install/autoware_auto_geometry_msgs:/opt/ros/humble LD_LIBRARY_PATH=/home/sws/autoware/install/interpolation/lib:/home/sws/autoware/install/tier4_autoware_utils/lib:/home/sws/autoware/install/autoware_auto_vehicle_msgs/lib:/home/sws/autoware/install/autoware_auto_planning_msgs/lib:/home/sws/autoware/install/autoware_auto_perception_msgs/lib:/home/sws/autoware/install/tier4_debug_msgs/lib:/home/sws/autoware/install/autoware_auto_mapping_msgs/lib:/home/sws/autoware/install/autoware_auto_geometry_msgs/lib:${LD_LIBRARY_PATH} PYTHONPATH=/home/sws/autoware/install/autoware_auto_vehicle_msgs/local/lib/python3.10/dist-packages:/home/sws/autoware/install/autoware_auto_planning_msgs/local/lib/python3.10/dist-packages:/home/sws/autoware/install/autoware_auto_perception_msgs/local/lib/python3.10/dist-packages:/home/sws/autoware/install/tier4_debug_msgs/local/lib/python3.10/dist-packages:/home/sws/autoware/install/autoware_auto_mapping_msgs/local/lib/python3.10/dist-packages:/home/sws/autoware/install/autoware_auto_geometry_msgs/local/lib/python3.10/dist-packages:${PYTHONPATH} /usr/bin/cmake --install /home/sws/autoware/build/motion_utils
[227.871s] -- Install configuration: "Release"
[227.872s] -- Execute custom install script
[227.873s] -- Symlinking: /home/sws/autoware/install/motion_utils/include/motion_utils/constants.hpp
[227.873s] -- Symlinking: /home/sws/autoware/install/motion_utils/include/motion_utils/marker/marker_helper.hpp
[227.873s] -- Symlinking: /home/sws/autoware/install/motion_utils/include/motion_utils/motion_utils.hpp
[227.873s] -- Symlinking: /home/sws/autoware/install/motion_utils/include/motion_utils/resample/resample.hpp
[227.873s] -- Symlinking: /home/sws/autoware/install/motion_utils/include/motion_utils/resample/resample_utils.hpp
[227.873s] -- Symlinking: /home/sws/autoware/install/motion_utils/include/motion_utils/trajectory/interpolation.hpp
[227.873s] -- Symlinking: /home/sws/autoware/install/motion_utils/include/motion_utils/trajectory/path_with_lane_id.hpp
[227.873s] -- Symlinking: /home/sws/autoware/install/motion_utils/include/motion_utils/trajectory/tmp_conversion.hpp
[227.873s] -- Symlinking: /home/sws/autoware/install/motion_utils/include/motion_utils/trajectory/trajectory.hpp
[227.873s] -- Symlinking: /home/sws/autoware/install/motion_utils/include/motion_utils/vehicle/vehicle_state_checker.hpp
[227.874s] -- Symlinking: /home/sws/autoware/install/motion_utils/share/motion_utils/environment/library_path.sh
[227.874s] -- Symlinking: /home/sws/autoware/install/motion_utils/share/motion_utils/environment/library_path.dsv
[227.874s] -- Symlinking: /home/sws/autoware/install/motion_utils/lib/libmotion_utils.so
[227.874s] -- Symlinking: /home/sws/autoware/install/motion_utils/share/ament_index/resource_index/package_run_dependencies/motion_utils
[227.874s] -- Symlinking: /home/sws/autoware/install/motion_utils/share/ament_index/resource_index/parent_prefix_path/motion_utils
[227.874s] -- Symlinking: /home/sws/autoware/install/motion_utils/share/motion_utils/environment/ament_prefix_path.sh
[227.874s] -- Symlinking: /home/sws/autoware/install/motion_utils/share/motion_utils/environment/ament_prefix_path.dsv
[227.874s] -- Symlinking: /home/sws/autoware/install/motion_utils/share/motion_utils/environment/path.sh
[227.874s] -- Symlinking: /home/sws/autoware/install/motion_utils/share/motion_utils/environment/path.dsv
[227.874s] -- Symlinking: /home/sws/autoware/install/motion_utils/share/motion_utils/local_setup.bash
[227.875s] -- Symlinking: /home/sws/autoware/install/motion_utils/share/motion_utils/local_setup.sh
[227.875s] -- Symlinking: /home/sws/autoware/install/motion_utils/share/motion_utils/local_setup.zsh
[227.875s] -- Symlinking: /home/sws/autoware/install/motion_utils/share/motion_utils/local_setup.dsv
[227.875s] -- Symlinking: /home/sws/autoware/install/motion_utils/share/motion_utils/package.dsv
[227.875s] -- Symlinking: /home/sws/autoware/install/motion_utils/share/ament_index/resource_index/packages/motion_utils
[227.875s] -- Symlinking: /home/sws/autoware/install/motion_utils/share/motion_utils/cmake/ament_cmake_export_dependencies-extras.cmake
[227.875s] -- Symlinking: /home/sws/autoware/install/motion_utils/share/motion_utils/cmake/ament_cmake_export_include_directories-extras.cmake
[227.875s] -- Symlinking: /home/sws/autoware/install/motion_utils/share/motion_utils/cmake/ament_cmake_export_libraries-extras.cmake
[227.875s] -- Symlinking: /home/sws/autoware/install/motion_utils/share/motion_utils/cmake/motion_utilsConfig.cmake
[227.876s] -- Symlinking: /home/sws/autoware/install/motion_utils/share/motion_utils/cmake/motion_utilsConfig-version.cmake
[227.876s] -- Symlinking: /home/sws/autoware/install/motion_utils/share/motion_utils/package.xml
[227.909s] Invoked command in '/home/sws/autoware/build/motion_utils' returned '0': AMENT_PREFIX_PATH=/home/sws/autoware/install/interpolation:/home/sws/autoware/install/tier4_autoware_utils:/home/sws/autoware/install/autoware_auto_vehicle_msgs:/home/sws/autoware/install/autoware_cmake:/home/sws/autoware/install/autoware_auto_planning_msgs:/home/sws/autoware/install/autoware_auto_perception_msgs:/home/sws/autoware/install/tier4_debug_msgs:/home/sws/autoware/install/autoware_lint_common:/home/sws/autoware/install/autoware_auto_mapping_msgs:/home/sws/autoware/install/autoware_auto_geometry_msgs:${AMENT_PREFIX_PATH} CMAKE_PREFIX_PATH=/home/sws/autoware/install/interpolation:/home/sws/autoware/install/tier4_autoware_utils:/home/sws/autoware/install/autoware_auto_vehicle_msgs:/home/sws/autoware/install/autoware_cmake:/home/sws/autoware/install/autoware_auto_planning_msgs:/home/sws/autoware/install/autoware_auto_perception_msgs:/home/sws/autoware/install/tier4_debug_msgs:/home/sws/autoware/install/autoware_lint_common:/home/sws/autoware/install/autoware_auto_mapping_msgs:/home/sws/autoware/install/autoware_auto_geometry_msgs:/opt/ros/humble LD_LIBRARY_PATH=/home/sws/autoware/install/interpolation/lib:/home/sws/autoware/install/tier4_autoware_utils/lib:/home/sws/autoware/install/autoware_auto_vehicle_msgs/lib:/home/sws/autoware/install/autoware_auto_planning_msgs/lib:/home/sws/autoware/install/autoware_auto_perception_msgs/lib:/home/sws/autoware/install/tier4_debug_msgs/lib:/home/sws/autoware/install/autoware_auto_mapping_msgs/lib:/home/sws/autoware/install/autoware_auto_geometry_msgs/lib:${LD_LIBRARY_PATH} PYTHONPATH=/home/sws/autoware/install/autoware_auto_vehicle_msgs/local/lib/python3.10/dist-packages:/home/sws/autoware/install/autoware_auto_planning_msgs/local/lib/python3.10/dist-packages:/home/sws/autoware/install/autoware_auto_perception_msgs/local/lib/python3.10/dist-packages:/home/sws/autoware/install/tier4_debug_msgs/local/lib/python3.10/dist-packages:/home/sws/autoware/install/autoware_auto_mapping_msgs/local/lib/python3.10/dist-packages:/home/sws/autoware/install/autoware_auto_geometry_msgs/local/lib/python3.10/dist-packages:${PYTHONPATH} /usr/bin/cmake --install /home/sws/autoware/build/motion_utils
