[0.668s] Invoking command in '/home/sws/autoware/build/euclidean_cluster': AMENT_PREFIX_PATH=/home/sws/autoware/install/compare_map_segmentation:/home/sws/autoware/install/pointcloud_preprocessor:/home/sws/autoware/install/tier4_autoware_utils:/home/sws/autoware/install/lanelet2_extension:/home/sws/autoware/install/tier4_perception_msgs:/home/sws/autoware/install/tier4_pcl_extensions:/home/sws/autoware/install/autoware_utils:/home/sws/autoware/install/autoware_point_types:/home/sws/autoware/install/autoware_auto_vehicle_msgs:/home/sws/autoware/install/autoware_planning_msgs:/home/sws/autoware/install/autoware_cmake:/home/sws/autoware/install/autoware_auto_planning_msgs:/home/sws/autoware/install/autoware_auto_perception_msgs:/home/sws/autoware/install/tier4_debug_msgs:/home/sws/autoware/install/autoware_map_msgs:/home/sws/autoware/install/autoware_lint_common:/home/sws/autoware/install/autoware_common_msgs:/home/sws/autoware/install/autoware_auto_mapping_msgs:/home/sws/autoware/install/autoware_auto_geometry_msgs:${AMENT_PREFIX_PATH} CMAKE_PREFIX_PATH=/home/sws/autoware/install/compare_map_segmentation:/home/sws/autoware/install/pointcloud_preprocessor:/home/sws/autoware/install/tier4_autoware_utils:/home/sws/autoware/install/lanelet2_extension:/home/sws/autoware/install/tier4_perception_msgs:/home/sws/autoware/install/tier4_pcl_extensions:/home/sws/autoware/install/autoware_utils:/home/sws/autoware/install/autoware_point_types:/home/sws/autoware/install/autoware_auto_vehicle_msgs:/home/sws/autoware/install/autoware_planning_msgs:/home/sws/autoware/install/autoware_cmake:/home/sws/autoware/install/autoware_auto_planning_msgs:/home/sws/autoware/install/autoware_auto_perception_msgs:/home/sws/autoware/install/tier4_debug_msgs:/home/sws/autoware/install/autoware_map_msgs:/home/sws/autoware/install/autoware_lint_common:/home/sws/autoware/install/autoware_common_msgs:/home/sws/autoware/install/autoware_auto_mapping_msgs:/home/sws/autoware/install/autoware_auto_geometry_msgs:/opt/ros/humble LD_LIBRARY_PATH=/home/sws/autoware/install/compare_map_segmentation/lib:/home/sws/autoware/install/pointcloud_preprocessor/lib:/home/sws/autoware/install/tier4_autoware_utils/lib:/home/sws/autoware/install/lanelet2_extension/lib:/home/sws/autoware/install/tier4_perception_msgs/lib:/home/sws/autoware/install/tier4_pcl_extensions/lib:/home/sws/autoware/install/autoware_utils/lib:/home/sws/autoware/install/autoware_auto_vehicle_msgs/lib:/home/sws/autoware/install/autoware_planning_msgs/lib:/home/sws/autoware/install/autoware_auto_planning_msgs/lib:/home/sws/autoware/install/autoware_auto_perception_msgs/lib:/home/sws/autoware/install/tier4_debug_msgs/lib:/home/sws/autoware/install/autoware_map_msgs/lib:/home/sws/autoware/install/autoware_common_msgs/lib:/home/sws/autoware/install/autoware_auto_mapping_msgs/lib:/home/sws/autoware/install/autoware_auto_geometry_msgs/lib:${LD_LIBRARY_PATH} PYTHONPATH=/home/sws/autoware/install/tier4_perception_msgs/local/lib/python3.10/dist-packages:/home/sws/autoware/install/autoware_auto_vehicle_msgs/local/lib/python3.10/dist-packages:/home/sws/autoware/install/autoware_planning_msgs/local/lib/python3.10/dist-packages:/home/sws/autoware/install/autoware_auto_planning_msgs/local/lib/python3.10/dist-packages:/home/sws/autoware/install/autoware_auto_perception_msgs/local/lib/python3.10/dist-packages:/home/sws/autoware/install/tier4_debug_msgs/local/lib/python3.10/dist-packages:/home/sws/autoware/install/autoware_map_msgs/local/lib/python3.10/dist-packages:/home/sws/autoware/install/autoware_common_msgs/local/lib/python3.10/dist-packages:/home/sws/autoware/install/autoware_auto_mapping_msgs/local/lib/python3.10/dist-packages:/home/sws/autoware/install/autoware_auto_geometry_msgs/local/lib/python3.10/dist-packages:${PYTHONPATH} /usr/bin/cmake /home/sws/autoware/src/universe/autoware.universe/perception/euclidean_cluster -DCMAKE_BUILD_TYPE=Release -DAMENT_CMAKE_SYMLINK_INSTALL=1 -DCMAKE_INSTALL_PREFIX=/home/sws/autoware/install/euclidean_cluster
[26.941s] -- The C compiler identification is GNU 11.3.0
[26.942s] -- The CXX compiler identification is GNU 11.3.0
[26.942s] -- Detecting C compiler ABI info
[26.942s] -- Detecting C compiler ABI info - done
[26.943s] -- Check for working C compiler: /usr/bin/cc - skipped
[26.943s] -- Detecting C compile features
[26.943s] -- Detecting C compile features - done
[26.943s] -- Detecting CXX compiler ABI info
[26.943s] -- Detecting CXX compiler ABI info - done
[26.943s] -- Check for working CXX compiler: /usr/bin/c++ - skipped
[26.944s] -- Detecting CXX compile features
[26.944s] -- Detecting CXX compile features - done
[26.944s] -- Found autoware_cmake: 0.1.0 (/home/sws/autoware/install/autoware_cmake/share/autoware_cmake/cmake)
[26.944s] -- Found Python3: /usr/bin/python3.10 (found version "3.10.6") found components: Interpreter 
[26.944s] -- Override CMake install command with custom implementation using symlinks instead of copying resources
[26.944s] -- Found rosidl_generator_c: 3.1.4 (/opt/ros/humble/share/rosidl_generator_c/cmake)
[26.944s] -- Found rosidl_adapter: 3.1.4 (/opt/ros/humble/share/rosidl_adapter/cmake)
[26.944s] -- Found rosidl_generator_cpp: 3.1.4 (/opt/ros/humble/share/rosidl_generator_cpp/cmake)
[26.944s] -- Using all available rosidl_typesupport_c: rosidl_typesupport_fastrtps_c;rosidl_typesupport_introspection_c
[26.944s] -- Using all available rosidl_typesupport_cpp: rosidl_typesupport_fastrtps_cpp;rosidl_typesupport_introspection_cpp
[26.945s] -- Found rmw_implementation_cmake: 6.1.1 (/opt/ros/humble/share/rmw_implementation_cmake/cmake)
[26.945s] -- Found rmw_fastrtps_cpp: 6.2.2 (/opt/ros/humble/share/rmw_fastrtps_cpp/cmake)
[26.945s] -- Found OpenSSL: /usr/lib/x86_64-linux-gnu/libcrypto.so (found version "3.0.2")  
[26.945s] -- Found FastRTPS: /opt/ros/humble/include  
[26.945s] -- Using RMW implementation 'rmw_fastrtps_cpp' as default
[26.945s] -- Looking for pthread.h
[26.945s] -- Looking for pthread.h - found
[26.945s] -- Performing Test CMAKE_HAVE_LIBC_PTHREAD
[26.945s] -- Performing Test CMAKE_HAVE_LIBC_PTHREAD - Success
[26.945s] -- Found Threads: TRUE  
[26.945s] -- Found eigen3_cmake_module: 0.1.1 (/opt/ros/humble/share/eigen3_cmake_module/cmake)
[26.945s] -- Found Eigen3: TRUE (found version "3.4.0") 
[26.946s] -- Ensuring Eigen3 include directory is part of orocos-kdl CMake target
[26.946s] -- Checking for module 'eigen3'
[26.946s] --   Found eigen3, version 3.4.0
[26.946s] -- Found Eigen: /usr/include/eigen3 (Required is at least version "3.1") 
[26.946s] -- Eigen found (include: /usr/include/eigen3, version: 3.4.0)
[26.946s] -- Checking for module 'flann'
[26.946s] --   Found flann, version 1.9.1
[26.946s] -- Found FLANN: /usr/lib/x86_64-linux-gnu/libflann_cpp.so  
[26.946s] -- FLANN found (include: /usr/include, lib: /usr/lib/x86_64-linux-gnu/libflann_cpp.so)
[26.946s] -- Checking for module 'libusb-1.0'
[26.946s] --   Found libusb-1.0, version 1.0.25
[26.947s] -- Found libusb: /usr/lib/x86_64-linux-gnu/libusb-1.0.so  
[26.947s] -- OpenNI found (version: 1.5.4.0, include: /usr/include/ni, lib: /usr/lib/libOpenNI.so;libusb::libusb)
[26.947s] -- OpenNI2 found (version: 2.2.0.33, include: /usr/include/openni2, lib: /usr/lib/x86_64-linux-gnu/libOpenNI2.so;libusb::libusb)
[26.947s] -- Eigen found (include: /usr/include/eigen3, version: 3.4.0)
[26.947s] -- OpenNI found (version: 1.5.4.0, include: /usr/include/ni, lib: /usr/lib/libOpenNI.so;libusb::libusb)
[26.947s] -- OpenNI2 found (version: 2.2.0.33, include: /usr/include/openni2, lib: /usr/lib/x86_64-linux-gnu/libOpenNI2.so;libusb::libusb)
[26.947s] -- Found Qhull version 8.0.2
[26.947s] -- OpenNI found (version: 1.5.4.0, include: /usr/include/ni, lib: /usr/lib/libOpenNI.so;libusb::libusb)
[26.947s] -- Found PCL_COMMON: /usr/lib/x86_64-linux-gnu/libpcl_common.so  
[26.947s] -- Found PCL_KDTREE: /usr/lib/x86_64-linux-gnu/libpcl_kdtree.so  
[26.947s] -- Found PCL_OCTREE: /usr/lib/x86_64-linux-gnu/libpcl_octree.so  
[26.947s] -- Found PCL_SEARCH: /usr/lib/x86_64-linux-gnu/libpcl_search.so  
[26.948s] -- Found PCL_SAMPLE_CONSENSUS: /usr/lib/x86_64-linux-gnu/libpcl_sample_consensus.so  
[26.948s] -- Found PCL_FILTERS: /usr/lib/x86_64-linux-gnu/libpcl_filters.so  
[26.948s] -- Found PCL_2D: /usr/include/pcl-1.12  
[26.948s] -- Found PCL_GEOMETRY: /usr/include/pcl-1.12  
[26.948s] -- Found PCL_IO: /usr/lib/x86_64-linux-gnu/libpcl_io.so  
[26.948s] -- Found PCL_FEATURES: /usr/lib/x86_64-linux-gnu/libpcl_features.so  
[26.948s] -- Found PCL_ML: /usr/lib/x86_64-linux-gnu/libpcl_ml.so  
[26.948s] -- Found PCL_SEGMENTATION: /usr/lib/x86_64-linux-gnu/libpcl_segmentation.so  
[26.948s] -- Found PCL_VISUALIZATION: /usr/lib/x86_64-linux-gnu/libpcl_visualization.so  
[26.949s] -- Found PCL_SURFACE: /usr/lib/x86_64-linux-gnu/libpcl_surface.so  
[26.949s] -- Found PCL_REGISTRATION: /usr/lib/x86_64-linux-gnu/libpcl_registration.so  
[26.949s] -- Found PCL_KEYPOINTS: /usr/lib/x86_64-linux-gnu/libpcl_keypoints.so  
[26.949s] -- Found PCL_TRACKING: /usr/lib/x86_64-linux-gnu/libpcl_tracking.so  
[26.949s] -- Found PCL_RECOGNITION: /usr/lib/x86_64-linux-gnu/libpcl_recognition.so  
[26.949s] -- Found PCL_STEREO: /usr/lib/x86_64-linux-gnu/libpcl_stereo.so  
[26.949s] -- Found PCL_APPS: /usr/lib/x86_64-linux-gnu/libpcl_apps.so  
[26.949s] -- Found PCL_IN_HAND_SCANNER: /usr/include/pcl-1.12  
[26.949s] -- Found PCL_MODELER: /usr/include/pcl-1.12  
[26.949s] -- Found PCL_POINT_CLOUD_EDITOR: /usr/include/pcl-1.12  
[26.949s] -- Found PCL_OUTOFCORE: /usr/lib/x86_64-linux-gnu/libpcl_outofcore.so  
[26.950s] -- Found PCL_PEOPLE: /usr/lib/x86_64-linux-gnu/libpcl_people.so  
[26.950s] -- Found mrt_cmake_modules: 1.0.9 (/opt/ros/humble/share/mrt_cmake_modules/cmake)
[26.950s] -- Found Boost: /usr/lib/x86_64-linux-gnu/cmake/Boost-1.74.0/BoostConfig.cmake (found version "1.74.0") found components: wserialization thread random serialization log_setup prg_exec_monitor wave system chrono filesystem locale timer date_time regex graph program_options unit_test_framework log atomic iostreams 
[26.950s] -- Found OpenMP_C: -fopenmp (found version "4.5") 
[26.950s] -- Found OpenMP_CXX: -fopenmp (found version "4.5") 
[26.950s] -- Found OpenMP: TRUE (found version "4.5")  
[26.950s] -- Found pugixml: /usr/lib/x86_64-linux-gnu/libpugixml.so  
[26.950s] -- Found PkgConfig: /usr/bin/pkg-config (found version "0.29.2") 
[26.950s] -- Found GeographicLib: /usr/lib/x86_64-linux-gnu/libGeographic.so  
[27.147s] -- Found ament_lint_auto: 0.12.5 (/opt/ros/humble/share/ament_lint_auto/cmake)
[31.912s] -- Added test 'copyright' to check source files copyright and LICENSE
[31.914s] -- Added test 'cppcheck' to perform static code analysis on C / C++ code
[31.916s] -- Configured cppcheck include dirs: /home/sws/autoware/src/universe/autoware.universe/perception/euclidean_cluster/include;$<BUILD_INTERFACE:/home/sws/autoware/src/universe/autoware.universe/perception/euclidean_cluster/include>
[31.916s] -- Configured cppcheck exclude dirs and/or files: 
[31.917s] -- Added test 'lint_cmake' to check CMake code style
[31.918s] -- Added test 'xmllint' to check XML markup files
[31.922s] -- Configuring done
[32.160s] -- Generating done
[32.164s] -- Build files have been written to: /home/sws/autoware/build/euclidean_cluster
[32.197s] Invoked command in '/home/sws/autoware/build/euclidean_cluster' returned '0': AMENT_PREFIX_PATH=/home/sws/autoware/install/compare_map_segmentation:/home/sws/autoware/install/pointcloud_preprocessor:/home/sws/autoware/install/tier4_autoware_utils:/home/sws/autoware/install/lanelet2_extension:/home/sws/autoware/install/tier4_perception_msgs:/home/sws/autoware/install/tier4_pcl_extensions:/home/sws/autoware/install/autoware_utils:/home/sws/autoware/install/autoware_point_types:/home/sws/autoware/install/autoware_auto_vehicle_msgs:/home/sws/autoware/install/autoware_planning_msgs:/home/sws/autoware/install/autoware_cmake:/home/sws/autoware/install/autoware_auto_planning_msgs:/home/sws/autoware/install/autoware_auto_perception_msgs:/home/sws/autoware/install/tier4_debug_msgs:/home/sws/autoware/install/autoware_map_msgs:/home/sws/autoware/install/autoware_lint_common:/home/sws/autoware/install/autoware_common_msgs:/home/sws/autoware/install/autoware_auto_mapping_msgs:/home/sws/autoware/install/autoware_auto_geometry_msgs:${AMENT_PREFIX_PATH} CMAKE_PREFIX_PATH=/home/sws/autoware/install/compare_map_segmentation:/home/sws/autoware/install/pointcloud_preprocessor:/home/sws/autoware/install/tier4_autoware_utils:/home/sws/autoware/install/lanelet2_extension:/home/sws/autoware/install/tier4_perception_msgs:/home/sws/autoware/install/tier4_pcl_extensions:/home/sws/autoware/install/autoware_utils:/home/sws/autoware/install/autoware_point_types:/home/sws/autoware/install/autoware_auto_vehicle_msgs:/home/sws/autoware/install/autoware_planning_msgs:/home/sws/autoware/install/autoware_cmake:/home/sws/autoware/install/autoware_auto_planning_msgs:/home/sws/autoware/install/autoware_auto_perception_msgs:/home/sws/autoware/install/tier4_debug_msgs:/home/sws/autoware/install/autoware_map_msgs:/home/sws/autoware/install/autoware_lint_common:/home/sws/autoware/install/autoware_common_msgs:/home/sws/autoware/install/autoware_auto_mapping_msgs:/home/sws/autoware/install/autoware_auto_geometry_msgs:/opt/ros/humble LD_LIBRARY_PATH=/home/sws/autoware/install/compare_map_segmentation/lib:/home/sws/autoware/install/pointcloud_preprocessor/lib:/home/sws/autoware/install/tier4_autoware_utils/lib:/home/sws/autoware/install/lanelet2_extension/lib:/home/sws/autoware/install/tier4_perception_msgs/lib:/home/sws/autoware/install/tier4_pcl_extensions/lib:/home/sws/autoware/install/autoware_utils/lib:/home/sws/autoware/install/autoware_auto_vehicle_msgs/lib:/home/sws/autoware/install/autoware_planning_msgs/lib:/home/sws/autoware/install/autoware_auto_planning_msgs/lib:/home/sws/autoware/install/autoware_auto_perception_msgs/lib:/home/sws/autoware/install/tier4_debug_msgs/lib:/home/sws/autoware/install/autoware_map_msgs/lib:/home/sws/autoware/install/autoware_common_msgs/lib:/home/sws/autoware/install/autoware_auto_mapping_msgs/lib:/home/sws/autoware/install/autoware_auto_geometry_msgs/lib:${LD_LIBRARY_PATH} PYTHONPATH=/home/sws/autoware/install/tier4_perception_msgs/local/lib/python3.10/dist-packages:/home/sws/autoware/install/autoware_auto_vehicle_msgs/local/lib/python3.10/dist-packages:/home/sws/autoware/install/autoware_planning_msgs/local/lib/python3.10/dist-packages:/home/sws/autoware/install/autoware_auto_planning_msgs/local/lib/python3.10/dist-packages:/home/sws/autoware/install/autoware_auto_perception_msgs/local/lib/python3.10/dist-packages:/home/sws/autoware/install/tier4_debug_msgs/local/lib/python3.10/dist-packages:/home/sws/autoware/install/autoware_map_msgs/local/lib/python3.10/dist-packages:/home/sws/autoware/install/autoware_common_msgs/local/lib/python3.10/dist-packages:/home/sws/autoware/install/autoware_auto_mapping_msgs/local/lib/python3.10/dist-packages:/home/sws/autoware/install/autoware_auto_geometry_msgs/local/lib/python3.10/dist-packages:${PYTHONPATH} /usr/bin/cmake /home/sws/autoware/src/universe/autoware.universe/perception/euclidean_cluster -DCMAKE_BUILD_TYPE=Release -DAMENT_CMAKE_SYMLINK_INSTALL=1 -DCMAKE_INSTALL_PREFIX=/home/sws/autoware/install/euclidean_cluster
[32.201s] Invoking command in '/home/sws/autoware/build/euclidean_cluster': AMENT_PREFIX_PATH=/home/sws/autoware/install/compare_map_segmentation:/home/sws/autoware/install/pointcloud_preprocessor:/home/sws/autoware/install/tier4_autoware_utils:/home/sws/autoware/install/lanelet2_extension:/home/sws/autoware/install/tier4_perception_msgs:/home/sws/autoware/install/tier4_pcl_extensions:/home/sws/autoware/install/autoware_utils:/home/sws/autoware/install/autoware_point_types:/home/sws/autoware/install/autoware_auto_vehicle_msgs:/home/sws/autoware/install/autoware_planning_msgs:/home/sws/autoware/install/autoware_cmake:/home/sws/autoware/install/autoware_auto_planning_msgs:/home/sws/autoware/install/autoware_auto_perception_msgs:/home/sws/autoware/install/tier4_debug_msgs:/home/sws/autoware/install/autoware_map_msgs:/home/sws/autoware/install/autoware_lint_common:/home/sws/autoware/install/autoware_common_msgs:/home/sws/autoware/install/autoware_auto_mapping_msgs:/home/sws/autoware/install/autoware_auto_geometry_msgs:${AMENT_PREFIX_PATH} CMAKE_PREFIX_PATH=/home/sws/autoware/install/compare_map_segmentation:/home/sws/autoware/install/pointcloud_preprocessor:/home/sws/autoware/install/tier4_autoware_utils:/home/sws/autoware/install/lanelet2_extension:/home/sws/autoware/install/tier4_perception_msgs:/home/sws/autoware/install/tier4_pcl_extensions:/home/sws/autoware/install/autoware_utils:/home/sws/autoware/install/autoware_point_types:/home/sws/autoware/install/autoware_auto_vehicle_msgs:/home/sws/autoware/install/autoware_planning_msgs:/home/sws/autoware/install/autoware_cmake:/home/sws/autoware/install/autoware_auto_planning_msgs:/home/sws/autoware/install/autoware_auto_perception_msgs:/home/sws/autoware/install/tier4_debug_msgs:/home/sws/autoware/install/autoware_map_msgs:/home/sws/autoware/install/autoware_lint_common:/home/sws/autoware/install/autoware_common_msgs:/home/sws/autoware/install/autoware_auto_mapping_msgs:/home/sws/autoware/install/autoware_auto_geometry_msgs:/opt/ros/humble LD_LIBRARY_PATH=/home/sws/autoware/install/compare_map_segmentation/lib:/home/sws/autoware/install/pointcloud_preprocessor/lib:/home/sws/autoware/install/tier4_autoware_utils/lib:/home/sws/autoware/install/lanelet2_extension/lib:/home/sws/autoware/install/tier4_perception_msgs/lib:/home/sws/autoware/install/tier4_pcl_extensions/lib:/home/sws/autoware/install/autoware_utils/lib:/home/sws/autoware/install/autoware_auto_vehicle_msgs/lib:/home/sws/autoware/install/autoware_planning_msgs/lib:/home/sws/autoware/install/autoware_auto_planning_msgs/lib:/home/sws/autoware/install/autoware_auto_perception_msgs/lib:/home/sws/autoware/install/tier4_debug_msgs/lib:/home/sws/autoware/install/autoware_map_msgs/lib:/home/sws/autoware/install/autoware_common_msgs/lib:/home/sws/autoware/install/autoware_auto_mapping_msgs/lib:/home/sws/autoware/install/autoware_auto_geometry_msgs/lib:${LD_LIBRARY_PATH} PYTHONPATH=/home/sws/autoware/install/tier4_perception_msgs/local/lib/python3.10/dist-packages:/home/sws/autoware/install/autoware_auto_vehicle_msgs/local/lib/python3.10/dist-packages:/home/sws/autoware/install/autoware_planning_msgs/local/lib/python3.10/dist-packages:/home/sws/autoware/install/autoware_auto_planning_msgs/local/lib/python3.10/dist-packages:/home/sws/autoware/install/autoware_auto_perception_msgs/local/lib/python3.10/dist-packages:/home/sws/autoware/install/tier4_debug_msgs/local/lib/python3.10/dist-packages:/home/sws/autoware/install/autoware_map_msgs/local/lib/python3.10/dist-packages:/home/sws/autoware/install/autoware_common_msgs/local/lib/python3.10/dist-packages:/home/sws/autoware/install/autoware_auto_mapping_msgs/local/lib/python3.10/dist-packages:/home/sws/autoware/install/autoware_auto_geometry_msgs/local/lib/python3.10/dist-packages:${PYTHONPATH} /usr/bin/cmake --build /home/sws/autoware/build/euclidean_cluster -- -j16 -l16
[37.322s] [  8%] [32mBuilding CXX object CMakeFiles/cluster_lib.dir/lib/utils.cpp.o[0m
[41.189s] [ 16%] [32mBuilding CXX object CMakeFiles/cluster_lib.dir/lib/voxel_grid_based_euclidean_cluster.cpp.o[0m
[52.487s] [ 25%] [32mBuilding CXX object CMakeFiles/cluster_lib.dir/lib/euclidean_cluster.cpp.o[0m
[62.121s] [ 33%] [32m[1mLinking CXX shared library libcluster_lib.so[0m
[63.486s] [ 33%] Built target cluster_lib
[63.519s] [ 41%] [32mBuilding CXX object CMakeFiles/voxel_grid_based_euclidean_cluster_node.dir/rclcpp_components/node_main_voxel_grid_based_euclidean_cluster_node.cpp.o[0m
[68.991s] [ 50%] [32m[1mLinking CXX executable voxel_grid_based_euclidean_cluster_node[0m
[69.160s] [ 50%] Built target voxel_grid_based_euclidean_cluster_node
[69.222s] [ 58%] [32mBuilding CXX object CMakeFiles/euclidean_cluster_node_core.dir/src/euclidean_cluster_node.cpp.o[0m
[69.230s] [ 66%] [32mBuilding CXX object CMakeFiles/euclidean_cluster_node.dir/rclcpp_components/node_main_euclidean_cluster_node.cpp.o[0m
[76.949s] [ 75%] [32m[1mLinking CXX executable euclidean_cluster_node[0m
[77.315s] [ 75%] Built target euclidean_cluster_node
[94.777s] [ 83%] [32m[1mLinking CXX shared library libeuclidean_cluster_node_core.so[0m
[95.649s] [ 83%] Built target euclidean_cluster_node_core
[95.676s] [ 91%] [32mBuilding CXX object CMakeFiles/voxel_grid_based_euclidean_cluster_node_core.dir/src/voxel_grid_based_euclidean_cluster_node.cpp.o[0m
[115.282s] [100%] [32m[1mLinking CXX shared library libvoxel_grid_based_euclidean_cluster_node_core.so[0m
[116.558s] [100%] Built target voxel_grid_based_euclidean_cluster_node_core
[116.624s] Invoked command in '/home/sws/autoware/build/euclidean_cluster' returned '0': AMENT_PREFIX_PATH=/home/sws/autoware/install/compare_map_segmentation:/home/sws/autoware/install/pointcloud_preprocessor:/home/sws/autoware/install/tier4_autoware_utils:/home/sws/autoware/install/lanelet2_extension:/home/sws/autoware/install/tier4_perception_msgs:/home/sws/autoware/install/tier4_pcl_extensions:/home/sws/autoware/install/autoware_utils:/home/sws/autoware/install/autoware_point_types:/home/sws/autoware/install/autoware_auto_vehicle_msgs:/home/sws/autoware/install/autoware_planning_msgs:/home/sws/autoware/install/autoware_cmake:/home/sws/autoware/install/autoware_auto_planning_msgs:/home/sws/autoware/install/autoware_auto_perception_msgs:/home/sws/autoware/install/tier4_debug_msgs:/home/sws/autoware/install/autoware_map_msgs:/home/sws/autoware/install/autoware_lint_common:/home/sws/autoware/install/autoware_common_msgs:/home/sws/autoware/install/autoware_auto_mapping_msgs:/home/sws/autoware/install/autoware_auto_geometry_msgs:${AMENT_PREFIX_PATH} CMAKE_PREFIX_PATH=/home/sws/autoware/install/compare_map_segmentation:/home/sws/autoware/install/pointcloud_preprocessor:/home/sws/autoware/install/tier4_autoware_utils:/home/sws/autoware/install/lanelet2_extension:/home/sws/autoware/install/tier4_perception_msgs:/home/sws/autoware/install/tier4_pcl_extensions:/home/sws/autoware/install/autoware_utils:/home/sws/autoware/install/autoware_point_types:/home/sws/autoware/install/autoware_auto_vehicle_msgs:/home/sws/autoware/install/autoware_planning_msgs:/home/sws/autoware/install/autoware_cmake:/home/sws/autoware/install/autoware_auto_planning_msgs:/home/sws/autoware/install/autoware_auto_perception_msgs:/home/sws/autoware/install/tier4_debug_msgs:/home/sws/autoware/install/autoware_map_msgs:/home/sws/autoware/install/autoware_lint_common:/home/sws/autoware/install/autoware_common_msgs:/home/sws/autoware/install/autoware_auto_mapping_msgs:/home/sws/autoware/install/autoware_auto_geometry_msgs:/opt/ros/humble LD_LIBRARY_PATH=/home/sws/autoware/install/compare_map_segmentation/lib:/home/sws/autoware/install/pointcloud_preprocessor/lib:/home/sws/autoware/install/tier4_autoware_utils/lib:/home/sws/autoware/install/lanelet2_extension/lib:/home/sws/autoware/install/tier4_perception_msgs/lib:/home/sws/autoware/install/tier4_pcl_extensions/lib:/home/sws/autoware/install/autoware_utils/lib:/home/sws/autoware/install/autoware_auto_vehicle_msgs/lib:/home/sws/autoware/install/autoware_planning_msgs/lib:/home/sws/autoware/install/autoware_auto_planning_msgs/lib:/home/sws/autoware/install/autoware_auto_perception_msgs/lib:/home/sws/autoware/install/tier4_debug_msgs/lib:/home/sws/autoware/install/autoware_map_msgs/lib:/home/sws/autoware/install/autoware_common_msgs/lib:/home/sws/autoware/install/autoware_auto_mapping_msgs/lib:/home/sws/autoware/install/autoware_auto_geometry_msgs/lib:${LD_LIBRARY_PATH} PYTHONPATH=/home/sws/autoware/install/tier4_perception_msgs/local/lib/python3.10/dist-packages:/home/sws/autoware/install/autoware_auto_vehicle_msgs/local/lib/python3.10/dist-packages:/home/sws/autoware/install/autoware_planning_msgs/local/lib/python3.10/dist-packages:/home/sws/autoware/install/autoware_auto_planning_msgs/local/lib/python3.10/dist-packages:/home/sws/autoware/install/autoware_auto_perception_msgs/local/lib/python3.10/dist-packages:/home/sws/autoware/install/tier4_debug_msgs/local/lib/python3.10/dist-packages:/home/sws/autoware/install/autoware_map_msgs/local/lib/python3.10/dist-packages:/home/sws/autoware/install/autoware_common_msgs/local/lib/python3.10/dist-packages:/home/sws/autoware/install/autoware_auto_mapping_msgs/local/lib/python3.10/dist-packages:/home/sws/autoware/install/autoware_auto_geometry_msgs/local/lib/python3.10/dist-packages:${PYTHONPATH} /usr/bin/cmake --build /home/sws/autoware/build/euclidean_cluster -- -j16 -l16
[116.952s] Invoking command in '/home/sws/autoware/build/euclidean_cluster': AMENT_PREFIX_PATH=/home/sws/autoware/install/compare_map_segmentation:/home/sws/autoware/install/pointcloud_preprocessor:/home/sws/autoware/install/tier4_autoware_utils:/home/sws/autoware/install/lanelet2_extension:/home/sws/autoware/install/tier4_perception_msgs:/home/sws/autoware/install/tier4_pcl_extensions:/home/sws/autoware/install/autoware_utils:/home/sws/autoware/install/autoware_point_types:/home/sws/autoware/install/autoware_auto_vehicle_msgs:/home/sws/autoware/install/autoware_planning_msgs:/home/sws/autoware/install/autoware_cmake:/home/sws/autoware/install/autoware_auto_planning_msgs:/home/sws/autoware/install/autoware_auto_perception_msgs:/home/sws/autoware/install/tier4_debug_msgs:/home/sws/autoware/install/autoware_map_msgs:/home/sws/autoware/install/autoware_lint_common:/home/sws/autoware/install/autoware_common_msgs:/home/sws/autoware/install/autoware_auto_mapping_msgs:/home/sws/autoware/install/autoware_auto_geometry_msgs:${AMENT_PREFIX_PATH} CMAKE_PREFIX_PATH=/home/sws/autoware/install/compare_map_segmentation:/home/sws/autoware/install/pointcloud_preprocessor:/home/sws/autoware/install/tier4_autoware_utils:/home/sws/autoware/install/lanelet2_extension:/home/sws/autoware/install/tier4_perception_msgs:/home/sws/autoware/install/tier4_pcl_extensions:/home/sws/autoware/install/autoware_utils:/home/sws/autoware/install/autoware_point_types:/home/sws/autoware/install/autoware_auto_vehicle_msgs:/home/sws/autoware/install/autoware_planning_msgs:/home/sws/autoware/install/autoware_cmake:/home/sws/autoware/install/autoware_auto_planning_msgs:/home/sws/autoware/install/autoware_auto_perception_msgs:/home/sws/autoware/install/tier4_debug_msgs:/home/sws/autoware/install/autoware_map_msgs:/home/sws/autoware/install/autoware_lint_common:/home/sws/autoware/install/autoware_common_msgs:/home/sws/autoware/install/autoware_auto_mapping_msgs:/home/sws/autoware/install/autoware_auto_geometry_msgs:/opt/ros/humble LD_LIBRARY_PATH=/home/sws/autoware/install/compare_map_segmentation/lib:/home/sws/autoware/install/pointcloud_preprocessor/lib:/home/sws/autoware/install/tier4_autoware_utils/lib:/home/sws/autoware/install/lanelet2_extension/lib:/home/sws/autoware/install/tier4_perception_msgs/lib:/home/sws/autoware/install/tier4_pcl_extensions/lib:/home/sws/autoware/install/autoware_utils/lib:/home/sws/autoware/install/autoware_auto_vehicle_msgs/lib:/home/sws/autoware/install/autoware_planning_msgs/lib:/home/sws/autoware/install/autoware_auto_planning_msgs/lib:/home/sws/autoware/install/autoware_auto_perception_msgs/lib:/home/sws/autoware/install/tier4_debug_msgs/lib:/home/sws/autoware/install/autoware_map_msgs/lib:/home/sws/autoware/install/autoware_common_msgs/lib:/home/sws/autoware/install/autoware_auto_mapping_msgs/lib:/home/sws/autoware/install/autoware_auto_geometry_msgs/lib:${LD_LIBRARY_PATH} PYTHONPATH=/home/sws/autoware/install/tier4_perception_msgs/local/lib/python3.10/dist-packages:/home/sws/autoware/install/autoware_auto_vehicle_msgs/local/lib/python3.10/dist-packages:/home/sws/autoware/install/autoware_planning_msgs/local/lib/python3.10/dist-packages:/home/sws/autoware/install/autoware_auto_planning_msgs/local/lib/python3.10/dist-packages:/home/sws/autoware/install/autoware_auto_perception_msgs/local/lib/python3.10/dist-packages:/home/sws/autoware/install/tier4_debug_msgs/local/lib/python3.10/dist-packages:/home/sws/autoware/install/autoware_map_msgs/local/lib/python3.10/dist-packages:/home/sws/autoware/install/autoware_common_msgs/local/lib/python3.10/dist-packages:/home/sws/autoware/install/autoware_auto_mapping_msgs/local/lib/python3.10/dist-packages:/home/sws/autoware/install/autoware_auto_geometry_msgs/local/lib/python3.10/dist-packages:${PYTHONPATH} /usr/bin/cmake --install /home/sws/autoware/build/euclidean_cluster
[117.285s] -- Install configuration: "Release"
[117.286s] -- Execute custom install script
[117.286s] -- Symlinking: /home/sws/autoware/install/euclidean_cluster/lib/euclidean_cluster/euclidean_cluster_node
[117.286s] -- Symlinking: /home/sws/autoware/install/euclidean_cluster/lib/euclidean_cluster/voxel_grid_based_euclidean_cluster_node
[117.286s] -- Symlinking: /home/sws/autoware/install/euclidean_cluster/include/euclidean_cluster/euclidean_cluster.hpp
[117.286s] -- Symlinking: /home/sws/autoware/install/euclidean_cluster/include/euclidean_cluster/euclidean_cluster_interface.hpp
[117.286s] -- Symlinking: /home/sws/autoware/install/euclidean_cluster/include/euclidean_cluster/utils.hpp
[117.286s] -- Symlinking: /home/sws/autoware/install/euclidean_cluster/include/euclidean_cluster/voxel_grid_based_euclidean_cluster.hpp
[117.287s] -- Symlinking: /home/sws/autoware/install/euclidean_cluster/share/euclidean_cluster/environment/library_path.sh
[117.287s] -- Symlinking: /home/sws/autoware/install/euclidean_cluster/share/euclidean_cluster/environment/library_path.dsv
[117.287s] -- Symlinking: /home/sws/autoware/install/euclidean_cluster/lib/libcluster_lib.so
[117.287s] -- Symlinking: /home/sws/autoware/install/euclidean_cluster/lib/libeuclidean_cluster_node_core.so
[117.298s] -- Symlinking: /home/sws/autoware/install/euclidean_cluster/lib/libvoxel_grid_based_euclidean_cluster_node_core.so
[117.314s] -- Symlinking: /home/sws/autoware/install/euclidean_cluster/share/euclidean_cluster/launch/euclidean_cluster.launch.py
[117.325s] -- Symlinking: /home/sws/autoware/install/euclidean_cluster/share/euclidean_cluster/launch/euclidean_cluster.launch.xml
[117.339s] -- Symlinking: /home/sws/autoware/install/euclidean_cluster/share/euclidean_cluster/launch/voxel_grid_based_euclidean_cluster.launch.py
[117.353s] -- Symlinking: /home/sws/autoware/install/euclidean_cluster/share/euclidean_cluster/launch/voxel_grid_based_euclidean_cluster.launch.xml
[117.366s] -- Symlinking: /home/sws/autoware/install/euclidean_cluster/share/euclidean_cluster/config/compare_map.param.yaml
[117.379s] -- Symlinking: /home/sws/autoware/install/euclidean_cluster/share/euclidean_cluster/config/euclidean_cluster.param.yaml
[117.394s] -- Symlinking: /home/sws/autoware/install/euclidean_cluster/share/euclidean_cluster/config/outlier.param.yaml
[117.409s] -- Symlinking: /home/sws/autoware/install/euclidean_cluster/share/euclidean_cluster/config/voxel_grid.param.yaml
[117.424s] -- Symlinking: /home/sws/autoware/install/euclidean_cluster/share/euclidean_cluster/config/voxel_grid_based_euclidean_cluster.param.yaml
[117.439s] -- Symlinking: /home/sws/autoware/install/euclidean_cluster/share/ament_index/resource_index/package_run_dependencies/euclidean_cluster
[117.454s] -- Symlinking: /home/sws/autoware/install/euclidean_cluster/share/ament_index/resource_index/parent_prefix_path/euclidean_cluster
[117.470s] -- Symlinking: /home/sws/autoware/install/euclidean_cluster/share/euclidean_cluster/environment/ament_prefix_path.sh
[117.485s] -- Symlinking: /home/sws/autoware/install/euclidean_cluster/share/euclidean_cluster/environment/ament_prefix_path.dsv
[117.500s] -- Symlinking: /home/sws/autoware/install/euclidean_cluster/share/euclidean_cluster/environment/path.sh
[117.517s] -- Symlinking: /home/sws/autoware/install/euclidean_cluster/share/euclidean_cluster/environment/path.dsv
[117.532s] -- Symlinking: /home/sws/autoware/install/euclidean_cluster/share/euclidean_cluster/local_setup.bash
[117.546s] -- Symlinking: /home/sws/autoware/install/euclidean_cluster/share/euclidean_cluster/local_setup.sh
[117.562s] -- Symlinking: /home/sws/autoware/install/euclidean_cluster/share/euclidean_cluster/local_setup.zsh
[117.576s] -- Symlinking: /home/sws/autoware/install/euclidean_cluster/share/euclidean_cluster/local_setup.dsv
[117.591s] -- Symlinking: /home/sws/autoware/install/euclidean_cluster/share/euclidean_cluster/package.dsv
[117.607s] -- Symlinking: /home/sws/autoware/install/euclidean_cluster/share/ament_index/resource_index/packages/euclidean_cluster
[117.624s] -- Symlinking: /home/sws/autoware/install/euclidean_cluster/share/ament_index/resource_index/rclcpp_components/euclidean_cluster
[117.639s] -- Symlinking: /home/sws/autoware/install/euclidean_cluster/share/euclidean_cluster/cmake/ament_cmake_export_dependencies-extras.cmake
[117.653s] -- Symlinking: /home/sws/autoware/install/euclidean_cluster/share/euclidean_cluster/cmake/ament_cmake_export_include_directories-extras.cmake
[117.668s] -- Symlinking: /home/sws/autoware/install/euclidean_cluster/share/euclidean_cluster/cmake/ament_cmake_export_libraries-extras.cmake
[117.684s] -- Symlinking: /home/sws/autoware/install/euclidean_cluster/share/euclidean_cluster/cmake/euclidean_clusterConfig.cmake
[117.699s] -- Symlinking: /home/sws/autoware/install/euclidean_cluster/share/euclidean_cluster/cmake/euclidean_clusterConfig-version.cmake
[117.716s] -- Symlinking: /home/sws/autoware/install/euclidean_cluster/share/euclidean_cluster/package.xml
[117.744s] Invoked command in '/home/sws/autoware/build/euclidean_cluster' returned '0': AMENT_PREFIX_PATH=/home/sws/autoware/install/compare_map_segmentation:/home/sws/autoware/install/pointcloud_preprocessor:/home/sws/autoware/install/tier4_autoware_utils:/home/sws/autoware/install/lanelet2_extension:/home/sws/autoware/install/tier4_perception_msgs:/home/sws/autoware/install/tier4_pcl_extensions:/home/sws/autoware/install/autoware_utils:/home/sws/autoware/install/autoware_point_types:/home/sws/autoware/install/autoware_auto_vehicle_msgs:/home/sws/autoware/install/autoware_planning_msgs:/home/sws/autoware/install/autoware_cmake:/home/sws/autoware/install/autoware_auto_planning_msgs:/home/sws/autoware/install/autoware_auto_perception_msgs:/home/sws/autoware/install/tier4_debug_msgs:/home/sws/autoware/install/autoware_map_msgs:/home/sws/autoware/install/autoware_lint_common:/home/sws/autoware/install/autoware_common_msgs:/home/sws/autoware/install/autoware_auto_mapping_msgs:/home/sws/autoware/install/autoware_auto_geometry_msgs:${AMENT_PREFIX_PATH} CMAKE_PREFIX_PATH=/home/sws/autoware/install/compare_map_segmentation:/home/sws/autoware/install/pointcloud_preprocessor:/home/sws/autoware/install/tier4_autoware_utils:/home/sws/autoware/install/lanelet2_extension:/home/sws/autoware/install/tier4_perception_msgs:/home/sws/autoware/install/tier4_pcl_extensions:/home/sws/autoware/install/autoware_utils:/home/sws/autoware/install/autoware_point_types:/home/sws/autoware/install/autoware_auto_vehicle_msgs:/home/sws/autoware/install/autoware_planning_msgs:/home/sws/autoware/install/autoware_cmake:/home/sws/autoware/install/autoware_auto_planning_msgs:/home/sws/autoware/install/autoware_auto_perception_msgs:/home/sws/autoware/install/tier4_debug_msgs:/home/sws/autoware/install/autoware_map_msgs:/home/sws/autoware/install/autoware_lint_common:/home/sws/autoware/install/autoware_common_msgs:/home/sws/autoware/install/autoware_auto_mapping_msgs:/home/sws/autoware/install/autoware_auto_geometry_msgs:/opt/ros/humble LD_LIBRARY_PATH=/home/sws/autoware/install/compare_map_segmentation/lib:/home/sws/autoware/install/pointcloud_preprocessor/lib:/home/sws/autoware/install/tier4_autoware_utils/lib:/home/sws/autoware/install/lanelet2_extension/lib:/home/sws/autoware/install/tier4_perception_msgs/lib:/home/sws/autoware/install/tier4_pcl_extensions/lib:/home/sws/autoware/install/autoware_utils/lib:/home/sws/autoware/install/autoware_auto_vehicle_msgs/lib:/home/sws/autoware/install/autoware_planning_msgs/lib:/home/sws/autoware/install/autoware_auto_planning_msgs/lib:/home/sws/autoware/install/autoware_auto_perception_msgs/lib:/home/sws/autoware/install/tier4_debug_msgs/lib:/home/sws/autoware/install/autoware_map_msgs/lib:/home/sws/autoware/install/autoware_common_msgs/lib:/home/sws/autoware/install/autoware_auto_mapping_msgs/lib:/home/sws/autoware/install/autoware_auto_geometry_msgs/lib:${LD_LIBRARY_PATH} PYTHONPATH=/home/sws/autoware/install/tier4_perception_msgs/local/lib/python3.10/dist-packages:/home/sws/autoware/install/autoware_auto_vehicle_msgs/local/lib/python3.10/dist-packages:/home/sws/autoware/install/autoware_planning_msgs/local/lib/python3.10/dist-packages:/home/sws/autoware/install/autoware_auto_planning_msgs/local/lib/python3.10/dist-packages:/home/sws/autoware/install/autoware_auto_perception_msgs/local/lib/python3.10/dist-packages:/home/sws/autoware/install/tier4_debug_msgs/local/lib/python3.10/dist-packages:/home/sws/autoware/install/autoware_map_msgs/local/lib/python3.10/dist-packages:/home/sws/autoware/install/autoware_common_msgs/local/lib/python3.10/dist-packages:/home/sws/autoware/install/autoware_auto_mapping_msgs/local/lib/python3.10/dist-packages:/home/sws/autoware/install/autoware_auto_geometry_msgs/local/lib/python3.10/dist-packages:${PYTHONPATH} /usr/bin/cmake --install /home/sws/autoware/build/euclidean_cluster
