[0.052s] Invoking command in '/home/sws/autoware/build/autoware_common_msgs': CMAKE_PREFIX_PATH=/opt/ros/humble /usr/bin/cmake /home/sws/autoware/src/core/autoware_msgs/autoware_common_msgs -DCMAKE_BUILD_TYPE=Release -DAMENT_CMAKE_SYMLINK_INSTALL=1 -DCMAKE_INSTALL_PREFIX=/home/sws/autoware/install/autoware_common_msgs
[0.713s] -- The C compiler identification is GNU 11.3.0
[1.431s] -- The CXX compiler identification is GNU 11.3.0
[1.523s] -- Detecting C compiler ABI info
[1.807s] -- Detecting C compiler ABI info - done
[1.820s] -- Check for working C compiler: /usr/bin/cc - skipped
[1.821s] -- Detecting C compile features
[1.821s] -- Detecting C compile features - done
[1.825s] -- Detecting CXX compiler ABI info
[2.256s] -- Detecting CXX compiler ABI info - done
[2.267s] -- Check for working CXX compiler: /usr/bin/c++ - skipped
[2.268s] -- Detecting CXX compile features
[2.268s] -- Detecting CXX compile features - done
[2.283s] -- Found ament_cmake_auto: 1.3.3 (/opt/ros/humble/share/ament_cmake_auto/cmake)
[2.563s] -- Found Python3: /usr/bin/python3.10 (found version "3.10.6") found components: Interpreter 
[2.649s] -- Override CMake install command with custom implementation using symlinks instead of copying resources
[2.953s] -- Using all available rosidl_typesupport_c: rosidl_typesupport_fastrtps_c;rosidl_typesupport_introspection_c
[2.980s] -- Found rosidl_adapter: 3.1.4 (/opt/ros/humble/share/rosidl_adapter/cmake)
[3.260s] -- Using all available rosidl_typesupport_cpp: rosidl_typesupport_fastrtps_cpp;rosidl_typesupport_introspection_cpp
[3.603s] -- Found ament_cmake_ros: 0.10.0 (/opt/ros/humble/share/ament_cmake_ros/cmake)
[3.871s] -- Using all available rosidl_typesupport_c: rosidl_typesupport_fastrtps_c;rosidl_typesupport_introspection_c
[4.273s] -- Using all available rosidl_typesupport_cpp: rosidl_typesupport_fastrtps_cpp;rosidl_typesupport_introspection_cpp
[4.303s] -- Found PythonInterp: /usr/bin/python3 (found suitable version "3.10.6", minimum required is "3.6") 
[4.309s] -- Found python_cmake_module: 0.10.0 (/opt/ros/humble/share/python_cmake_module/cmake)
[4.356s] -- Found PythonLibs: /usr/lib/x86_64-linux-gnu/libpython3.10.so (found suitable version "3.10.6", minimum required is "3.5") 
[4.356s] -- Using PYTHON_EXECUTABLE: /usr/bin/python3
[4.356s] -- Using PYTHON_INCLUDE_DIRS: /usr/include/python3.10
[4.356s] -- Using PYTHON_LIBRARIES: /usr/lib/x86_64-linux-gnu/libpython3.10.so
[4.384s] -- Found PythonExtra: .so  
[4.458s] -- Configuring done
[4.516s] -- Generating done
[4.516s] -- Build files have been written to: /home/sws/autoware/build/autoware_common_msgs
[4.524s] Invoked command in '/home/sws/autoware/build/autoware_common_msgs' returned '0': CMAKE_PREFIX_PATH=/opt/ros/humble /usr/bin/cmake /home/sws/autoware/src/core/autoware_msgs/autoware_common_msgs -DCMAKE_BUILD_TYPE=Release -DAMENT_CMAKE_SYMLINK_INSTALL=1 -DCMAKE_INSTALL_PREFIX=/home/sws/autoware/install/autoware_common_msgs
[4.525s] Invoking command in '/home/sws/autoware/build/autoware_common_msgs': CMAKE_PREFIX_PATH=/opt/ros/humble /usr/bin/cmake --build /home/sws/autoware/build/autoware_common_msgs -- -j16 -l16
[4.806s] [  3%] [34m[1mGenerating C++ code for ROS interfaces[0m
[4.806s] [  6%] [34m[1mGenerating C code for ROS interfaces[0m
[4.806s] [  6%] Built target ament_cmake_python_symlink_autoware_common_msgs
[5.252s] running egg_info
[5.253s] creating autoware_common_msgs.egg-info
[5.254s] writing autoware_common_msgs.egg-info/PKG-INFO
[5.254s] writing dependency_links to autoware_common_msgs.egg-info/dependency_links.txt
[5.254s] writing top-level names to autoware_common_msgs.egg-info/top_level.txt
[5.255s] writing manifest file 'autoware_common_msgs.egg-info/SOURCES.txt'
[5.283s] reading manifest file 'autoware_common_msgs.egg-info/SOURCES.txt'
[5.284s] writing manifest file 'autoware_common_msgs.egg-info/SOURCES.txt'
[5.388s] [  6%] Built target ament_cmake_python_build_autoware_common_msgs_egg
[5.580s] [  6%] Built target autoware_common_msgs__cpp
[5.652s] [  9%] [34m[1mGenerating C++ type support for eProsima Fast-RTPS[0m
[5.692s] [ 12%] [34m[1mGenerating C++ type support dispatch for ROS interfaces[0m
[5.696s] [ 16%] [34m[1mGenerating C++ introspection for ROS interfaces[0m
[5.896s] [ 19%] [32mBuilding C object CMakeFiles/autoware_common_msgs__rosidl_generator_c.dir/rosidl_generator_c/autoware_common_msgs/msg/detail/response_status__functions.c.o[0m
[6.387s] [ 22%] [32m[1mLinking C shared library libautoware_common_msgs__rosidl_generator_c.so[0m
[6.528s] [ 25%] [32mBuilding CXX object CMakeFiles/autoware_common_msgs__rosidl_typesupport_introspection_cpp.dir/rosidl_typesupport_introspection_cpp/autoware_common_msgs/msg/detail/response_status__type_support.cpp.o[0m
[6.636s] [ 25%] Built target autoware_common_msgs__rosidl_generator_c
[6.688s] [ 29%] [34m[1mGenerating C type support for eProsima Fast-RTPS[0m
[6.700s] [ 32%] [34m[1mGenerating C introspection for ROS interfaces[0m
[6.768s] [ 35%] [34m[1mGenerating C type support dispatch for ROS interfaces[0m
[6.960s] [ 38%] [32mBuilding CXX object CMakeFiles/autoware_common_msgs__rosidl_typesupport_cpp.dir/rosidl_typesupport_cpp/autoware_common_msgs/msg/response_status__type_support.cpp.o[0m
[7.308s] [ 41%] [32mBuilding CXX object CMakeFiles/autoware_common_msgs__rosidl_typesupport_fastrtps_cpp.dir/rosidl_typesupport_fastrtps_cpp/autoware_common_msgs/msg/detail/dds_fastrtps/response_status__type_support.cpp.o[0m
[7.752s] [ 45%] [32mBuilding C object CMakeFiles/autoware_common_msgs__rosidl_typesupport_introspection_c.dir/rosidl_typesupport_introspection_c/autoware_common_msgs/msg/detail/response_status__type_support.c.o[0m
[7.998s] [ 48%] [32m[1mLinking CXX shared library libautoware_common_msgs__rosidl_typesupport_cpp.so[0m
[8.230s] [ 51%] [32m[1mLinking C shared library libautoware_common_msgs__rosidl_typesupport_introspection_c.so[0m
[8.301s] [ 51%] Built target autoware_common_msgs__rosidl_typesupport_cpp
[8.456s] [ 51%] Built target autoware_common_msgs__rosidl_typesupport_introspection_c
[8.584s] [ 54%] [32m[1mLinking CXX shared library libautoware_common_msgs__rosidl_typesupport_introspection_cpp.so[0m
[8.960s] [ 54%] Built target autoware_common_msgs__rosidl_typesupport_introspection_cpp
[9.162s] [ 58%] [32mBuilding CXX object CMakeFiles/autoware_common_msgs__rosidl_typesupport_fastrtps_c.dir/rosidl_typesupport_fastrtps_c/autoware_common_msgs/msg/detail/response_status__type_support_c.cpp.o[0m
[9.255s] [ 61%] [32mBuilding CXX object CMakeFiles/autoware_common_msgs__rosidl_typesupport_c.dir/rosidl_typesupport_c/autoware_common_msgs/msg/response_status__type_support.cpp.o[0m
[9.568s] [ 64%] [32m[1mLinking CXX shared library libautoware_common_msgs__rosidl_typesupport_c.so[0m
[10.026s] [ 64%] Built target autoware_common_msgs__rosidl_typesupport_c
[10.128s] [ 67%] [32m[1mLinking CXX shared library libautoware_common_msgs__rosidl_typesupport_fastrtps_cpp.so[0m
[10.812s] [ 70%] [32m[1mLinking CXX shared library libautoware_common_msgs__rosidl_typesupport_fastrtps_c.so[0m
[10.828s] [ 70%] Built target autoware_common_msgs__rosidl_typesupport_fastrtps_cpp
[11.008s] [ 70%] Built target autoware_common_msgs__rosidl_typesupport_fastrtps_c
[11.254s] [ 70%] Built target autoware_common_msgs
[11.350s] [ 74%] [34m[1mGenerating Python code for ROS interfaces[0m
[14.518s] [ 74%] Built target autoware_common_msgs__py
[14.704s] [ 77%] [32mBuilding C object CMakeFiles/autoware_common_msgs__rosidl_generator_py.dir/rosidl_generator_py/autoware_common_msgs/msg/_response_status_s.c.o[0m
[15.563s] [ 80%] [32m[1mLinking C shared library rosidl_generator_py/autoware_common_msgs/libautoware_common_msgs__rosidl_generator_py.so[0m
[15.984s] [ 80%] Built target autoware_common_msgs__rosidl_generator_py
[16.221s] [ 87%] [32mBuilding C object CMakeFiles/autoware_common_msgs__rosidl_typesupport_fastrtps_c__pyext.dir/rosidl_generator_py/autoware_common_msgs/_autoware_common_msgs_s.ep.rosidl_typesupport_fastrtps_c.c.o[0m
[16.228s] [ 87%] [32mBuilding C object CMakeFiles/autoware_common_msgs__rosidl_typesupport_introspection_c__pyext.dir/rosidl_generator_py/autoware_common_msgs/_autoware_common_msgs_s.ep.rosidl_typesupport_introspection_c.c.o[0m
[16.253s] [ 90%] [32mBuilding C object CMakeFiles/autoware_common_msgs__rosidl_typesupport_c__pyext.dir/rosidl_generator_py/autoware_common_msgs/_autoware_common_msgs_s.ep.rosidl_typesupport_c.c.o[0m
[16.656s] [ 93%] [32m[1mLinking C shared library rosidl_generator_py/autoware_common_msgs/autoware_common_msgs_s__rosidl_typesupport_introspection_c.cpython-310-x86_64-linux-gnu.so[0m
[16.875s] [ 93%] Built target autoware_common_msgs__rosidl_typesupport_introspection_c__pyext
[16.998s] [ 96%] [32m[1mLinking C shared library rosidl_generator_py/autoware_common_msgs/autoware_common_msgs_s__rosidl_typesupport_c.cpython-310-x86_64-linux-gnu.so[0m
[17.030s] [100%] [32m[1mLinking C shared library rosidl_generator_py/autoware_common_msgs/autoware_common_msgs_s__rosidl_typesupport_fastrtps_c.cpython-310-x86_64-linux-gnu.so[0m
[17.218s] [100%] Built target autoware_common_msgs__rosidl_typesupport_fastrtps_c__pyext
[17.297s] [100%] Built target autoware_common_msgs__rosidl_typesupport_c__pyext
[17.519s] Invoked command in '/home/sws/autoware/build/autoware_common_msgs' returned '0': CMAKE_PREFIX_PATH=/opt/ros/humble /usr/bin/cmake --build /home/sws/autoware/build/autoware_common_msgs -- -j16 -l16
[18.502s] Invoking command in '/home/sws/autoware/build/autoware_common_msgs': CMAKE_PREFIX_PATH=/opt/ros/humble /usr/bin/cmake --install /home/sws/autoware/build/autoware_common_msgs
[25.018s] -- Install configuration: "Release"
[25.018s] -- Execute custom install script
[25.018s] -- Symlinking: /home/sws/autoware/install/autoware_common_msgs/share/ament_index/resource_index/rosidl_interfaces/autoware_common_msgs
[25.018s] -- Symlinking: /home/sws/autoware/install/autoware_common_msgs/include/autoware_common_msgs/autoware_common_msgs/msg/detail/response_status__functions.h
[25.018s] -- Symlinking: /home/sws/autoware/install/autoware_common_msgs/include/autoware_common_msgs/autoware_common_msgs/msg/detail/response_status__struct.h
[25.018s] -- Symlinking: /home/sws/autoware/install/autoware_common_msgs/include/autoware_common_msgs/autoware_common_msgs/msg/detail/response_status__type_support.h
[25.018s] -- Symlinking: /home/sws/autoware/install/autoware_common_msgs/include/autoware_common_msgs/autoware_common_msgs/msg/response_status.h
[25.018s] -- Symlinking: /home/sws/autoware/install/autoware_common_msgs/include/autoware_common_msgs/autoware_common_msgs/msg/rosidl_generator_c__visibility_control.h
[25.019s] -- Symlinking: /home/sws/autoware/install/autoware_common_msgs/share/autoware_common_msgs/environment/library_path.sh
[25.019s] -- Symlinking: /home/sws/autoware/install/autoware_common_msgs/share/autoware_common_msgs/environment/library_path.dsv
[25.019s] -- Symlinking: /home/sws/autoware/install/autoware_common_msgs/include/autoware_common_msgs/autoware_common_msgs/msg/detail/response_status__rosidl_typesupport_fastrtps_c.h
[25.019s] -- Symlinking: /home/sws/autoware/install/autoware_common_msgs/include/autoware_common_msgs/autoware_common_msgs/msg/rosidl_typesupport_fastrtps_c__visibility_control.h
[25.019s] -- Symlinking: /home/sws/autoware/install/autoware_common_msgs/include/autoware_common_msgs/autoware_common_msgs/msg/detail/response_status__rosidl_typesupport_introspection_c.h
[25.019s] -- Symlinking: /home/sws/autoware/install/autoware_common_msgs/include/autoware_common_msgs/autoware_common_msgs/msg/rosidl_typesupport_introspection_c__visibility_control.h
[25.019s] -- Symlinking: /home/sws/autoware/install/autoware_common_msgs/include/autoware_common_msgs/autoware_common_msgs/msg/detail/response_status__builder.hpp
[25.019s] -- Symlinking: /home/sws/autoware/install/autoware_common_msgs/include/autoware_common_msgs/autoware_common_msgs/msg/detail/response_status__struct.hpp
[25.019s] -- Symlinking: /home/sws/autoware/install/autoware_common_msgs/include/autoware_common_msgs/autoware_common_msgs/msg/detail/response_status__traits.hpp
[25.019s] -- Symlinking: /home/sws/autoware/install/autoware_common_msgs/include/autoware_common_msgs/autoware_common_msgs/msg/response_status.hpp
[25.019s] -- Symlinking: /home/sws/autoware/install/autoware_common_msgs/include/autoware_common_msgs/autoware_common_msgs/msg/detail/response_status__rosidl_typesupport_fastrtps_cpp.hpp
[25.019s] -- Symlinking: /home/sws/autoware/install/autoware_common_msgs/include/autoware_common_msgs/autoware_common_msgs/msg/rosidl_typesupport_fastrtps_cpp__visibility_control.h
[25.019s] -- Symlinking: /home/sws/autoware/install/autoware_common_msgs/include/autoware_common_msgs/autoware_common_msgs/msg/detail/response_status__rosidl_typesupport_introspection_cpp.hpp
[25.019s] -- Symlinking: /home/sws/autoware/install/autoware_common_msgs/share/autoware_common_msgs/environment/pythonpath.sh
[25.019s] -- Symlinking: /home/sws/autoware/install/autoware_common_msgs/share/autoware_common_msgs/environment/pythonpath.dsv
[25.020s] -- Symlinking: /home/sws/autoware/install/autoware_common_msgs/local/lib/python3.10/dist-packages/autoware_common_msgs-1.0.0-py3.10.egg-info/PKG-INFO
[25.020s] -- Symlinking: /home/sws/autoware/install/autoware_common_msgs/local/lib/python3.10/dist-packages/autoware_common_msgs-1.0.0-py3.10.egg-info/SOURCES.txt
[25.020s] -- Symlinking: /home/sws/autoware/install/autoware_common_msgs/local/lib/python3.10/dist-packages/autoware_common_msgs-1.0.0-py3.10.egg-info/dependency_links.txt
[25.020s] -- Symlinking: /home/sws/autoware/install/autoware_common_msgs/local/lib/python3.10/dist-packages/autoware_common_msgs-1.0.0-py3.10.egg-info/top_level.txt
[25.020s] -- Symlinking: /home/sws/autoware/install/autoware_common_msgs/local/lib/python3.10/dist-packages/autoware_common_msgs/__init__.py
[25.020s] -- Symlinking: /home/sws/autoware/install/autoware_common_msgs/local/lib/python3.10/dist-packages/autoware_common_msgs/_autoware_common_msgs_s.ep.rosidl_typesupport_c.c
[25.020s] -- Symlinking: /home/sws/autoware/install/autoware_common_msgs/local/lib/python3.10/dist-packages/autoware_common_msgs/_autoware_common_msgs_s.ep.rosidl_typesupport_fastrtps_c.c
[25.020s] -- Symlinking: /home/sws/autoware/install/autoware_common_msgs/local/lib/python3.10/dist-packages/autoware_common_msgs/_autoware_common_msgs_s.ep.rosidl_typesupport_introspection_c.c
[25.020s] -- Symlinking: /home/sws/autoware/install/autoware_common_msgs/local/lib/python3.10/dist-packages/autoware_common_msgs/autoware_common_msgs_s__rosidl_typesupport_c.cpython-310-x86_64-linux-gnu.so
[25.021s] -- Symlinking: /home/sws/autoware/install/autoware_common_msgs/local/lib/python3.10/dist-packages/autoware_common_msgs/autoware_common_msgs_s__rosidl_typesupport_fastrtps_c.cpython-310-x86_64-linux-gnu.so
[25.021s] -- Symlinking: /home/sws/autoware/install/autoware_common_msgs/local/lib/python3.10/dist-packages/autoware_common_msgs/autoware_common_msgs_s__rosidl_typesupport_introspection_c.cpython-310-x86_64-linux-gnu.so
[25.021s] -- Symlinking: /home/sws/autoware/install/autoware_common_msgs/local/lib/python3.10/dist-packages/autoware_common_msgs/libautoware_common_msgs__rosidl_generator_py.so
[25.021s] -- Symlinking: /home/sws/autoware/install/autoware_common_msgs/local/lib/python3.10/dist-packages/autoware_common_msgs/msg/__init__.py
[25.021s] -- Symlinking: /home/sws/autoware/install/autoware_common_msgs/local/lib/python3.10/dist-packages/autoware_common_msgs/msg/_response_status.py
[25.021s] -- Symlinking: /home/sws/autoware/install/autoware_common_msgs/local/lib/python3.10/dist-packages/autoware_common_msgs/msg/_response_status_s.c
[25.021s] -- Up-to-date symlink: /home/sws/autoware/install/autoware_common_msgs/local/lib/python3.10/dist-packages/autoware_common_msgs/autoware_common_msgs_s__rosidl_typesupport_fastrtps_c.cpython-310-x86_64-linux-gnu.so
[25.021s] -- Up-to-date symlink: /home/sws/autoware/install/autoware_common_msgs/local/lib/python3.10/dist-packages/autoware_common_msgs/autoware_common_msgs_s__rosidl_typesupport_introspection_c.cpython-310-x86_64-linux-gnu.so
[25.021s] -- Up-to-date symlink: /home/sws/autoware/install/autoware_common_msgs/local/lib/python3.10/dist-packages/autoware_common_msgs/autoware_common_msgs_s__rosidl_typesupport_c.cpython-310-x86_64-linux-gnu.so
[25.022s] -- Symlinking: /home/sws/autoware/install/autoware_common_msgs/share/autoware_common_msgs/msg/ResponseStatus.idl
[25.022s] -- Symlinking: /home/sws/autoware/install/autoware_common_msgs/share/autoware_common_msgs/msg/ResponseStatus.msg
[25.022s] -- Symlinking: /home/sws/autoware/install/autoware_common_msgs/share/ament_index/resource_index/package_run_dependencies/autoware_common_msgs
[25.022s] -- Symlinking: /home/sws/autoware/install/autoware_common_msgs/share/ament_index/resource_index/parent_prefix_path/autoware_common_msgs
[25.022s] -- Symlinking: /home/sws/autoware/install/autoware_common_msgs/share/autoware_common_msgs/environment/ament_prefix_path.sh
[25.022s] -- Symlinking: /home/sws/autoware/install/autoware_common_msgs/share/autoware_common_msgs/environment/ament_prefix_path.dsv
[25.022s] -- Symlinking: /home/sws/autoware/install/autoware_common_msgs/share/autoware_common_msgs/environment/path.sh
[25.022s] -- Symlinking: /home/sws/autoware/install/autoware_common_msgs/share/autoware_common_msgs/environment/path.dsv
[25.022s] -- Symlinking: /home/sws/autoware/install/autoware_common_msgs/share/autoware_common_msgs/local_setup.bash
[25.022s] -- Symlinking: /home/sws/autoware/install/autoware_common_msgs/share/autoware_common_msgs/local_setup.sh
[25.022s] -- Symlinking: /home/sws/autoware/install/autoware_common_msgs/share/autoware_common_msgs/local_setup.zsh
[25.022s] -- Symlinking: /home/sws/autoware/install/autoware_common_msgs/share/autoware_common_msgs/local_setup.dsv
[25.022s] -- Symlinking: /home/sws/autoware/install/autoware_common_msgs/share/autoware_common_msgs/package.dsv
[25.022s] -- Symlinking: /home/sws/autoware/install/autoware_common_msgs/share/ament_index/resource_index/packages/autoware_common_msgs
[25.023s] -- Symlinking: /home/sws/autoware/install/autoware_common_msgs/share/autoware_common_msgs/cmake/rosidl_cmake-extras.cmake
[25.023s] -- Symlinking: /home/sws/autoware/install/autoware_common_msgs/share/autoware_common_msgs/cmake/ament_cmake_export_include_directories-extras.cmake
[25.023s] -- Symlinking: /home/sws/autoware/install/autoware_common_msgs/share/autoware_common_msgs/cmake/ament_cmake_export_libraries-extras.cmake
[25.023s] -- Symlinking: /home/sws/autoware/install/autoware_common_msgs/share/autoware_common_msgs/cmake/ament_cmake_export_targets-extras.cmake
[25.023s] -- Symlinking: /home/sws/autoware/install/autoware_common_msgs/share/autoware_common_msgs/cmake/rosidl_cmake_export_typesupport_targets-extras.cmake
[25.023s] -- Symlinking: /home/sws/autoware/install/autoware_common_msgs/share/autoware_common_msgs/cmake/ament_cmake_export_dependencies-extras.cmake
[25.023s] -- Symlinking: /home/sws/autoware/install/autoware_common_msgs/share/autoware_common_msgs/cmake/rosidl_cmake_export_typesupport_libraries-extras.cmake
[25.023s] -- Symlinking: /home/sws/autoware/install/autoware_common_msgs/share/autoware_common_msgs/cmake/autoware_common_msgsConfig.cmake
[25.023s] -- Symlinking: /home/sws/autoware/install/autoware_common_msgs/share/autoware_common_msgs/cmake/autoware_common_msgsConfig-version.cmake
[25.024s] -- Symlinking: /home/sws/autoware/install/autoware_common_msgs/share/autoware_common_msgs/package.xml
[25.024s] -- Installing: /home/sws/autoware/install/autoware_common_msgs/lib/libautoware_common_msgs__rosidl_generator_c.so
[25.025s] -- Set runtime path of "/home/sws/autoware/install/autoware_common_msgs/lib/libautoware_common_msgs__rosidl_generator_c.so" to ""
[25.025s] -- Installing: /home/sws/autoware/install/autoware_common_msgs/lib/libautoware_common_msgs__rosidl_typesupport_fastrtps_c.so
[25.025s] -- Set runtime path of "/home/sws/autoware/install/autoware_common_msgs/lib/libautoware_common_msgs__rosidl_typesupport_fastrtps_c.so" to ""
[25.025s] -- Installing: /home/sws/autoware/install/autoware_common_msgs/lib/libautoware_common_msgs__rosidl_typesupport_introspection_c.so
[25.025s] -- Set runtime path of "/home/sws/autoware/install/autoware_common_msgs/lib/libautoware_common_msgs__rosidl_typesupport_introspection_c.so" to ""
[25.025s] -- Installing: /home/sws/autoware/install/autoware_common_msgs/lib/libautoware_common_msgs__rosidl_typesupport_c.so
[25.025s] -- Set runtime path of "/home/sws/autoware/install/autoware_common_msgs/lib/libautoware_common_msgs__rosidl_typesupport_c.so" to ""
[25.025s] -- Installing: /home/sws/autoware/install/autoware_common_msgs/lib/libautoware_common_msgs__rosidl_typesupport_fastrtps_cpp.so
[25.025s] -- Set runtime path of "/home/sws/autoware/install/autoware_common_msgs/lib/libautoware_common_msgs__rosidl_typesupport_fastrtps_cpp.so" to ""
[25.025s] -- Installing: /home/sws/autoware/install/autoware_common_msgs/lib/libautoware_common_msgs__rosidl_typesupport_introspection_cpp.so
[25.025s] -- Set runtime path of "/home/sws/autoware/install/autoware_common_msgs/lib/libautoware_common_msgs__rosidl_typesupport_introspection_cpp.so" to ""
[25.025s] -- Installing: /home/sws/autoware/install/autoware_common_msgs/lib/libautoware_common_msgs__rosidl_typesupport_cpp.so
[25.025s] -- Set runtime path of "/home/sws/autoware/install/autoware_common_msgs/lib/libautoware_common_msgs__rosidl_typesupport_cpp.so" to ""
[25.025s] Listing '/home/sws/autoware/install/autoware_common_msgs/local/lib/python3.10/dist-packages/autoware_common_msgs'...
[25.025s] Compiling '/home/sws/autoware/install/autoware_common_msgs/local/lib/python3.10/dist-packages/autoware_common_msgs/__init__.py'...
[25.026s] Listing '/home/sws/autoware/install/autoware_common_msgs/local/lib/python3.10/dist-packages/autoware_common_msgs/msg'...
[25.026s] Compiling '/home/sws/autoware/install/autoware_common_msgs/local/lib/python3.10/dist-packages/autoware_common_msgs/msg/__init__.py'...
[25.026s] Compiling '/home/sws/autoware/install/autoware_common_msgs/local/lib/python3.10/dist-packages/autoware_common_msgs/msg/_response_status.py'...
[25.026s] -- Installing: /home/sws/autoware/install/autoware_common_msgs/lib/libautoware_common_msgs__rosidl_generator_py.so
[25.026s] -- Set runtime path of "/home/sws/autoware/install/autoware_common_msgs/lib/libautoware_common_msgs__rosidl_generator_py.so" to ""
[25.026s] -- Installing: /home/sws/autoware/install/autoware_common_msgs/share/autoware_common_msgs/cmake/export_autoware_common_msgs__rosidl_generator_cExport.cmake
[25.026s] -- Installing: /home/sws/autoware/install/autoware_common_msgs/share/autoware_common_msgs/cmake/export_autoware_common_msgs__rosidl_generator_cExport-release.cmake
[25.026s] -- Installing: /home/sws/autoware/install/autoware_common_msgs/share/autoware_common_msgs/cmake/export_autoware_common_msgs__rosidl_typesupport_fastrtps_cExport.cmake
[25.026s] -- Installing: /home/sws/autoware/install/autoware_common_msgs/share/autoware_common_msgs/cmake/export_autoware_common_msgs__rosidl_typesupport_fastrtps_cExport-release.cmake
[25.026s] -- Installing: /home/sws/autoware/install/autoware_common_msgs/share/autoware_common_msgs/cmake/autoware_common_msgs__rosidl_typesupport_introspection_cExport.cmake
[25.027s] -- Installing: /home/sws/autoware/install/autoware_common_msgs/share/autoware_common_msgs/cmake/autoware_common_msgs__rosidl_typesupport_introspection_cExport-release.cmake
[25.027s] -- Installing: /home/sws/autoware/install/autoware_common_msgs/share/autoware_common_msgs/cmake/autoware_common_msgs__rosidl_typesupport_cExport.cmake
[25.027s] -- Installing: /home/sws/autoware/install/autoware_common_msgs/share/autoware_common_msgs/cmake/autoware_common_msgs__rosidl_typesupport_cExport-release.cmake
[25.027s] -- Installing: /home/sws/autoware/install/autoware_common_msgs/share/autoware_common_msgs/cmake/export_autoware_common_msgs__rosidl_generator_cppExport.cmake
[25.027s] -- Installing: /home/sws/autoware/install/autoware_common_msgs/share/autoware_common_msgs/cmake/export_autoware_common_msgs__rosidl_typesupport_fastrtps_cppExport.cmake
[25.027s] -- Installing: /home/sws/autoware/install/autoware_common_msgs/share/autoware_common_msgs/cmake/export_autoware_common_msgs__rosidl_typesupport_fastrtps_cppExport-release.cmake
[25.027s] -- Installing: /home/sws/autoware/install/autoware_common_msgs/share/autoware_common_msgs/cmake/autoware_common_msgs__rosidl_typesupport_introspection_cppExport.cmake
[25.027s] -- Installing: /home/sws/autoware/install/autoware_common_msgs/share/autoware_common_msgs/cmake/autoware_common_msgs__rosidl_typesupport_introspection_cppExport-release.cmake
[25.027s] -- Installing: /home/sws/autoware/install/autoware_common_msgs/share/autoware_common_msgs/cmake/autoware_common_msgs__rosidl_typesupport_cppExport.cmake
[25.027s] -- Installing: /home/sws/autoware/install/autoware_common_msgs/share/autoware_common_msgs/cmake/autoware_common_msgs__rosidl_typesupport_cppExport-release.cmake
[25.028s] -- Installing: /home/sws/autoware/install/autoware_common_msgs/share/autoware_common_msgs/cmake/export_autoware_common_msgs__rosidl_generator_pyExport.cmake
[25.028s] -- Installing: /home/sws/autoware/install/autoware_common_msgs/share/autoware_common_msgs/cmake/export_autoware_common_msgs__rosidl_generator_pyExport-release.cmake
[25.077s] Invoked command in '/home/sws/autoware/build/autoware_common_msgs' returned '0': CMAKE_PREFIX_PATH=/opt/ros/humble /usr/bin/cmake --install /home/sws/autoware/build/autoware_common_msgs
