-- The C compiler identification is GNU 11.3.0
-- The CXX compiler identification is GNU 11.3.0
-- Detecting C compiler ABI info
-- Detecting C compiler ABI info - done
-- Check for working C compiler: /usr/bin/cc - skipped
-- Detecting C compile features
-- Detecting C compile features - done
-- Detecting CXX compiler ABI info
-- Detecting CXX compiler ABI info - done
-- Check for working CXX compiler: /usr/bin/c++ - skipped
-- Detecting CXX compile features
-- Detecting CXX compile features - done
-- Found ament_cmake_auto: 1.3.3 (/opt/ros/humble/share/ament_cmake_auto/cmake)
-- Found Python3: /usr/bin/python3.10 (found version "3.10.6") found components: Interpreter 
-- Override CMake install command with custom implementation using symlinks instead of copying resources
-- Found rosidl_generator_c: 3.1.4 (/opt/ros/humble/share/rosidl_generator_c/cmake)
-- Found rosidl_adapter: 3.1.4 (/opt/ros/humble/share/rosidl_adapter/cmake)
-- Found rosidl_generator_cpp: 3.1.4 (/opt/ros/humble/share/rosidl_generator_cpp/cmake)
-- Using all available rosidl_typesupport_c: rosidl_typesupport_fastrtps_c;rosidl_typesupport_introspection_c
-- Using all available rosidl_typesupport_cpp: rosidl_typesupport_fastrtps_cpp;rosidl_typesupport_introspection_cpp
-- Found ament_cmake_ros: 0.10.0 (/opt/ros/humble/share/ament_cmake_ros/cmake)
-- Using all available rosidl_typesupport_c: rosidl_typesupport_fastrtps_c;rosidl_typesupport_introspection_c
-- Using all available rosidl_typesupport_cpp: rosidl_typesupport_fastrtps_cpp;rosidl_typesupport_introspection_cpp
-- Found PythonInterp: /usr/bin/python3 (found suitable version "3.10.6", minimum required is "3.6") 
-- Found python_cmake_module: 0.10.0 (/opt/ros/humble/share/python_cmake_module/cmake)
-- Found PythonLibs: /usr/lib/x86_64-linux-gnu/libpython3.10.so (found suitable version "3.10.6", minimum required is "3.5") 
-- Using PYTHON_EXECUTABLE: /usr/bin/python3
-- Using PYTHON_INCLUDE_DIRS: /usr/include/python3.10
-- Using PYTHON_LIBRARIES: /usr/lib/x86_64-linux-gnu/libpython3.10.so
-- Found PythonExtra: .so  
-- Found ament_lint_auto: 0.12.5 (/opt/ros/humble/share/ament_lint_auto/cmake)
-- Added test 'copyright' to check source files copyright and LICENSE
-- Added test 'lint_cmake' to check CMake code style
-- Added test 'xmllint' to check XML markup files
-- Configuring done
-- Generating done
-- Build files have been written to: /home/sws/autoware/build/autoware_external_api_msgs
[  2%] [34m[1mGenerating C code for ROS interfaces[0m
[  5%] [34m[1mGenerating C++ code for ROS interfaces[0m
[  5%] Built target autoware_external_api_msgs__cpp
[  7%] [32mBuilding C object CMakeFiles/autoware_external_api_msgs__rosidl_generator_c.dir/rosidl_generator_c/autoware_external_api_msgs/msg/detail/response_status__functions.c.o[0m
[ 10%] [32mBuilding C object CMakeFiles/autoware_external_api_msgs__rosidl_generator_c.dir/rosidl_generator_c/autoware_external_api_msgs/srv/detail/get_version__functions.c.o[0m
[ 10%] Built target ament_cmake_python_symlink_autoware_external_api_msgs
[ 12%] [34m[1mGenerating C++ introspection for ROS interfaces[0m
[ 15%] [32m[1mLinking C shared library libautoware_external_api_msgs__rosidl_generator_c.so[0m
[ 15%] Built target autoware_external_api_msgs__rosidl_generator_c
[ 17%] [32mBuilding CXX object CMakeFiles/autoware_external_api_msgs__rosidl_typesupport_introspection_cpp.dir/rosidl_typesupport_introspection_cpp/autoware_external_api_msgs/msg/detail/response_status__type_support.cpp.o[0m
[ 20%] [32mBuilding CXX object CMakeFiles/autoware_external_api_msgs__rosidl_typesupport_introspection_cpp.dir/rosidl_typesupport_introspection_cpp/autoware_external_api_msgs/srv/detail/get_version__type_support.cpp.o[0m
running egg_info
creating autoware_external_api_msgs.egg-info
writing autoware_external_api_msgs.egg-info/PKG-INFO
writing dependency_links to autoware_external_api_msgs.egg-info/dependency_links.txt
writing top-level names to autoware_external_api_msgs.egg-info/top_level.txt
writing manifest file 'autoware_external_api_msgs.egg-info/SOURCES.txt'
reading manifest file 'autoware_external_api_msgs.egg-info/SOURCES.txt'
writing manifest file 'autoware_external_api_msgs.egg-info/SOURCES.txt'
[ 20%] Built target ament_cmake_python_build_autoware_external_api_msgs_egg
[ 23%] [34m[1mGenerating C type support dispatch for ROS interfaces[0m
[ 25%] [32m[1mLinking CXX shared library libautoware_external_api_msgs__rosidl_typesupport_introspection_cpp.so[0m
[ 28%] [32mBuilding CXX object CMakeFiles/autoware_external_api_msgs__rosidl_typesupport_c.dir/rosidl_typesupport_c/autoware_external_api_msgs/msg/response_status__type_support.cpp.o[0m
[ 30%] [32mBuilding CXX object CMakeFiles/autoware_external_api_msgs__rosidl_typesupport_c.dir/rosidl_typesupport_c/autoware_external_api_msgs/srv/get_version__type_support.cpp.o[0m
[ 30%] Built target autoware_external_api_msgs__rosidl_typesupport_introspection_cpp
[ 33%] [32m[1mLinking CXX shared library libautoware_external_api_msgs__rosidl_typesupport_c.so[0m
[ 35%] [34m[1mGenerating C introspection for ROS interfaces[0m
[ 35%] Built target autoware_external_api_msgs__rosidl_typesupport_c
[ 38%] [34m[1mGenerating C type support for eProsima Fast-RTPS[0m
[ 41%] [32mBuilding C object CMakeFiles/autoware_external_api_msgs__rosidl_typesupport_introspection_c.dir/rosidl_typesupport_introspection_c/autoware_external_api_msgs/msg/detail/response_status__type_support.c.o[0m
[ 43%] [32mBuilding C object CMakeFiles/autoware_external_api_msgs__rosidl_typesupport_introspection_c.dir/rosidl_typesupport_introspection_c/autoware_external_api_msgs/srv/detail/get_version__type_support.c.o[0m
[ 46%] [32m[1mLinking C shared library libautoware_external_api_msgs__rosidl_typesupport_introspection_c.so[0m
[ 48%] [32mBuilding CXX object CMakeFiles/autoware_external_api_msgs__rosidl_typesupport_fastrtps_c.dir/rosidl_typesupport_fastrtps_c/autoware_external_api_msgs/srv/detail/get_version__type_support_c.cpp.o[0m
[ 51%] [32mBuilding CXX object CMakeFiles/autoware_external_api_msgs__rosidl_typesupport_fastrtps_c.dir/rosidl_typesupport_fastrtps_c/autoware_external_api_msgs/msg/detail/response_status__type_support_c.cpp.o[0m
[ 51%] Built target autoware_external_api_msgs__rosidl_typesupport_introspection_c
[ 53%] [34m[1mGenerating C++ type support for eProsima Fast-RTPS[0m
[ 56%] [32m[1mLinking CXX shared library libautoware_external_api_msgs__rosidl_typesupport_fastrtps_c.so[0m
[ 56%] Built target autoware_external_api_msgs__rosidl_typesupport_fastrtps_c
[ 58%] [32mBuilding CXX object CMakeFiles/autoware_external_api_msgs__rosidl_typesupport_fastrtps_cpp.dir/rosidl_typesupport_fastrtps_cpp/autoware_external_api_msgs/msg/detail/dds_fastrtps/response_status__type_support.cpp.o[0m
[ 61%] [32mBuilding CXX object CMakeFiles/autoware_external_api_msgs__rosidl_typesupport_fastrtps_cpp.dir/rosidl_typesupport_fastrtps_cpp/autoware_external_api_msgs/srv/detail/dds_fastrtps/get_version__type_support.cpp.o[0m
[ 64%] [32m[1mLinking CXX shared library libautoware_external_api_msgs__rosidl_typesupport_fastrtps_cpp.so[0m
[ 64%] Built target autoware_external_api_msgs__rosidl_typesupport_fastrtps_cpp
[ 66%] [34m[1mGenerating C++ type support dispatch for ROS interfaces[0m
[ 69%] [32mBuilding CXX object CMakeFiles/autoware_external_api_msgs__rosidl_typesupport_cpp.dir/rosidl_typesupport_cpp/autoware_external_api_msgs/msg/response_status__type_support.cpp.o[0m
[ 71%] [32mBuilding CXX object CMakeFiles/autoware_external_api_msgs__rosidl_typesupport_cpp.dir/rosidl_typesupport_cpp/autoware_external_api_msgs/srv/get_version__type_support.cpp.o[0m
[ 74%] [32m[1mLinking CXX shared library libautoware_external_api_msgs__rosidl_typesupport_cpp.so[0m
[ 74%] Built target autoware_external_api_msgs__rosidl_typesupport_cpp
[ 74%] Built target autoware_external_api_msgs
[ 76%] [34m[1mGenerating Python code for ROS interfaces[0m
[ 76%] Built target autoware_external_api_msgs__py
[ 79%] [32mBuilding C object CMakeFiles/autoware_external_api_msgs__rosidl_generator_py.dir/rosidl_generator_py/autoware_external_api_msgs/msg/_response_status_s.c.o[0m
[ 82%] [32mBuilding C object CMakeFiles/autoware_external_api_msgs__rosidl_generator_py.dir/rosidl_generator_py/autoware_external_api_msgs/srv/_get_version_s.c.o[0m
[ 84%] [32m[1mLinking C shared library rosidl_generator_py/autoware_external_api_msgs/libautoware_external_api_msgs__rosidl_generator_py.so[0m
[ 84%] Built target autoware_external_api_msgs__rosidl_generator_py
[ 87%] [32mBuilding C object CMakeFiles/autoware_external_api_msgs__rosidl_typesupport_fastrtps_c__pyext.dir/rosidl_generator_py/autoware_external_api_msgs/_autoware_external_api_msgs_s.ep.rosidl_typesupport_fastrtps_c.c.o[0m
[ 89%] [32m[1mLinking C shared library rosidl_generator_py/autoware_external_api_msgs/autoware_external_api_msgs_s__rosidl_typesupport_fastrtps_c.cpython-310-x86_64-linux-gnu.so[0m
[ 89%] Built target autoware_external_api_msgs__rosidl_typesupport_fastrtps_c__pyext
[ 92%] [32mBuilding C object CMakeFiles/autoware_external_api_msgs__rosidl_typesupport_c__pyext.dir/rosidl_generator_py/autoware_external_api_msgs/_autoware_external_api_msgs_s.ep.rosidl_typesupport_c.c.o[0m
[ 94%] [32m[1mLinking C shared library rosidl_generator_py/autoware_external_api_msgs/autoware_external_api_msgs_s__rosidl_typesupport_c.cpython-310-x86_64-linux-gnu.so[0m
[ 94%] Built target autoware_external_api_msgs__rosidl_typesupport_c__pyext
[ 97%] [32mBuilding C object CMakeFiles/autoware_external_api_msgs__rosidl_typesupport_introspection_c__pyext.dir/rosidl_generator_py/autoware_external_api_msgs/_autoware_external_api_msgs_s.ep.rosidl_typesupport_introspection_c.c.o[0m
[100%] [32m[1mLinking C shared library rosidl_generator_py/autoware_external_api_msgs/autoware_external_api_msgs_s__rosidl_typesupport_introspection_c.cpython-310-x86_64-linux-gnu.so[0m
[100%] Built target autoware_external_api_msgs__rosidl_typesupport_introspection_c__pyext
-- Install configuration: "Release"
-- Execute custom install script
-- Symlinking: /home/sws/autoware/install/autoware_external_api_msgs/share/ament_index/resource_index/rosidl_interfaces/autoware_external_api_msgs
-- Symlinking: /home/sws/autoware/install/autoware_external_api_msgs/include/autoware_external_api_msgs/autoware_external_api_msgs/msg/detail/response_status__functions.h
-- Symlinking: /home/sws/autoware/install/autoware_external_api_msgs/include/autoware_external_api_msgs/autoware_external_api_msgs/msg/detail/response_status__struct.h
-- Symlinking: /home/sws/autoware/install/autoware_external_api_msgs/include/autoware_external_api_msgs/autoware_external_api_msgs/msg/detail/response_status__type_support.h
-- Symlinking: /home/sws/autoware/install/autoware_external_api_msgs/include/autoware_external_api_msgs/autoware_external_api_msgs/msg/response_status.h
-- Symlinking: /home/sws/autoware/install/autoware_external_api_msgs/include/autoware_external_api_msgs/autoware_external_api_msgs/msg/rosidl_generator_c__visibility_control.h
-- Symlinking: /home/sws/autoware/install/autoware_external_api_msgs/include/autoware_external_api_msgs/autoware_external_api_msgs/srv/detail/get_version__functions.h
-- Symlinking: /home/sws/autoware/install/autoware_external_api_msgs/include/autoware_external_api_msgs/autoware_external_api_msgs/srv/detail/get_version__struct.h
-- Symlinking: /home/sws/autoware/install/autoware_external_api_msgs/include/autoware_external_api_msgs/autoware_external_api_msgs/srv/detail/get_version__type_support.h
-- Symlinking: /home/sws/autoware/install/autoware_external_api_msgs/include/autoware_external_api_msgs/autoware_external_api_msgs/srv/get_version.h
-- Symlinking: /home/sws/autoware/install/autoware_external_api_msgs/share/autoware_external_api_msgs/environment/library_path.sh
-- Symlinking: /home/sws/autoware/install/autoware_external_api_msgs/share/autoware_external_api_msgs/environment/library_path.dsv
-- Symlinking: /home/sws/autoware/install/autoware_external_api_msgs/include/autoware_external_api_msgs/autoware_external_api_msgs/msg/detail/response_status__rosidl_typesupport_fastrtps_c.h
-- Symlinking: /home/sws/autoware/install/autoware_external_api_msgs/include/autoware_external_api_msgs/autoware_external_api_msgs/msg/rosidl_typesupport_fastrtps_c__visibility_control.h
-- Symlinking: /home/sws/autoware/install/autoware_external_api_msgs/include/autoware_external_api_msgs/autoware_external_api_msgs/srv/detail/get_version__rosidl_typesupport_fastrtps_c.h
-- Symlinking: /home/sws/autoware/install/autoware_external_api_msgs/include/autoware_external_api_msgs/autoware_external_api_msgs/msg/detail/response_status__builder.hpp
-- Symlinking: /home/sws/autoware/install/autoware_external_api_msgs/include/autoware_external_api_msgs/autoware_external_api_msgs/msg/detail/response_status__struct.hpp
-- Symlinking: /home/sws/autoware/install/autoware_external_api_msgs/include/autoware_external_api_msgs/autoware_external_api_msgs/msg/detail/response_status__traits.hpp
-- Symlinking: /home/sws/autoware/install/autoware_external_api_msgs/include/autoware_external_api_msgs/autoware_external_api_msgs/msg/response_status.hpp
-- Symlinking: /home/sws/autoware/install/autoware_external_api_msgs/include/autoware_external_api_msgs/autoware_external_api_msgs/srv/detail/get_version__builder.hpp
-- Symlinking: /home/sws/autoware/install/autoware_external_api_msgs/include/autoware_external_api_msgs/autoware_external_api_msgs/srv/detail/get_version__struct.hpp
-- Symlinking: /home/sws/autoware/install/autoware_external_api_msgs/include/autoware_external_api_msgs/autoware_external_api_msgs/srv/detail/get_version__traits.hpp
-- Symlinking: /home/sws/autoware/install/autoware_external_api_msgs/include/autoware_external_api_msgs/autoware_external_api_msgs/srv/get_version.hpp
-- Symlinking: /home/sws/autoware/install/autoware_external_api_msgs/include/autoware_external_api_msgs/autoware_external_api_msgs/msg/detail/response_status__rosidl_typesupport_fastrtps_cpp.hpp
-- Symlinking: /home/sws/autoware/install/autoware_external_api_msgs/include/autoware_external_api_msgs/autoware_external_api_msgs/msg/rosidl_typesupport_fastrtps_cpp__visibility_control.h
-- Symlinking: /home/sws/autoware/install/autoware_external_api_msgs/include/autoware_external_api_msgs/autoware_external_api_msgs/srv/detail/get_version__rosidl_typesupport_fastrtps_cpp.hpp
-- Symlinking: /home/sws/autoware/install/autoware_external_api_msgs/include/autoware_external_api_msgs/autoware_external_api_msgs/msg/detail/response_status__rosidl_typesupport_introspection_c.h
-- Symlinking: /home/sws/autoware/install/autoware_external_api_msgs/include/autoware_external_api_msgs/autoware_external_api_msgs/msg/rosidl_typesupport_introspection_c__visibility_control.h
-- Symlinking: /home/sws/autoware/install/autoware_external_api_msgs/include/autoware_external_api_msgs/autoware_external_api_msgs/srv/detail/get_version__rosidl_typesupport_introspection_c.h
-- Symlinking: /home/sws/autoware/install/autoware_external_api_msgs/include/autoware_external_api_msgs/autoware_external_api_msgs/msg/detail/response_status__rosidl_typesupport_introspection_cpp.hpp
-- Symlinking: /home/sws/autoware/install/autoware_external_api_msgs/include/autoware_external_api_msgs/autoware_external_api_msgs/srv/detail/get_version__rosidl_typesupport_introspection_cpp.hpp
-- Symlinking: /home/sws/autoware/install/autoware_external_api_msgs/share/autoware_external_api_msgs/environment/pythonpath.sh
-- Symlinking: /home/sws/autoware/install/autoware_external_api_msgs/share/autoware_external_api_msgs/environment/pythonpath.dsv
-- Symlinking: /home/sws/autoware/install/autoware_external_api_msgs/local/lib/python3.10/dist-packages/autoware_external_api_msgs-0.0.0-py3.10.egg-info/PKG-INFO
-- Symlinking: /home/sws/autoware/install/autoware_external_api_msgs/local/lib/python3.10/dist-packages/autoware_external_api_msgs-0.0.0-py3.10.egg-info/SOURCES.txt
-- Symlinking: /home/sws/autoware/install/autoware_external_api_msgs/local/lib/python3.10/dist-packages/autoware_external_api_msgs-0.0.0-py3.10.egg-info/dependency_links.txt
-- Symlinking: /home/sws/autoware/install/autoware_external_api_msgs/local/lib/python3.10/dist-packages/autoware_external_api_msgs-0.0.0-py3.10.egg-info/top_level.txt
-- Symlinking: /home/sws/autoware/install/autoware_external_api_msgs/local/lib/python3.10/dist-packages/autoware_external_api_msgs/__init__.py
-- Symlinking: /home/sws/autoware/install/autoware_external_api_msgs/local/lib/python3.10/dist-packages/autoware_external_api_msgs/_autoware_external_api_msgs_s.ep.rosidl_typesupport_c.c
-- Symlinking: /home/sws/autoware/install/autoware_external_api_msgs/local/lib/python3.10/dist-packages/autoware_external_api_msgs/_autoware_external_api_msgs_s.ep.rosidl_typesupport_fastrtps_c.c
-- Symlinking: /home/sws/autoware/install/autoware_external_api_msgs/local/lib/python3.10/dist-packages/autoware_external_api_msgs/_autoware_external_api_msgs_s.ep.rosidl_typesupport_introspection_c.c
-- Symlinking: /home/sws/autoware/install/autoware_external_api_msgs/local/lib/python3.10/dist-packages/autoware_external_api_msgs/autoware_external_api_msgs_s__rosidl_typesupport_c.cpython-310-x86_64-linux-gnu.so
-- Symlinking: /home/sws/autoware/install/autoware_external_api_msgs/local/lib/python3.10/dist-packages/autoware_external_api_msgs/autoware_external_api_msgs_s__rosidl_typesupport_fastrtps_c.cpython-310-x86_64-linux-gnu.so
-- Symlinking: /home/sws/autoware/install/autoware_external_api_msgs/local/lib/python3.10/dist-packages/autoware_external_api_msgs/autoware_external_api_msgs_s__rosidl_typesupport_introspection_c.cpython-310-x86_64-linux-gnu.so
-- Symlinking: /home/sws/autoware/install/autoware_external_api_msgs/local/lib/python3.10/dist-packages/autoware_external_api_msgs/libautoware_external_api_msgs__rosidl_generator_py.so
-- Symlinking: /home/sws/autoware/install/autoware_external_api_msgs/local/lib/python3.10/dist-packages/autoware_external_api_msgs/msg/__init__.py
-- Symlinking: /home/sws/autoware/install/autoware_external_api_msgs/local/lib/python3.10/dist-packages/autoware_external_api_msgs/msg/_response_status.py
-- Symlinking: /home/sws/autoware/install/autoware_external_api_msgs/local/lib/python3.10/dist-packages/autoware_external_api_msgs/msg/_response_status_s.c
-- Symlinking: /home/sws/autoware/install/autoware_external_api_msgs/local/lib/python3.10/dist-packages/autoware_external_api_msgs/srv/__init__.py
-- Symlinking: /home/sws/autoware/install/autoware_external_api_msgs/local/lib/python3.10/dist-packages/autoware_external_api_msgs/srv/_get_version.py
-- Symlinking: /home/sws/autoware/install/autoware_external_api_msgs/local/lib/python3.10/dist-packages/autoware_external_api_msgs/srv/_get_version_s.c
-- Up-to-date symlink: /home/sws/autoware/install/autoware_external_api_msgs/local/lib/python3.10/dist-packages/autoware_external_api_msgs/autoware_external_api_msgs_s__rosidl_typesupport_fastrtps_c.cpython-310-x86_64-linux-gnu.so
-- Up-to-date symlink: /home/sws/autoware/install/autoware_external_api_msgs/local/lib/python3.10/dist-packages/autoware_external_api_msgs/autoware_external_api_msgs_s__rosidl_typesupport_introspection_c.cpython-310-x86_64-linux-gnu.so
-- Up-to-date symlink: /home/sws/autoware/install/autoware_external_api_msgs/local/lib/python3.10/dist-packages/autoware_external_api_msgs/autoware_external_api_msgs_s__rosidl_typesupport_c.cpython-310-x86_64-linux-gnu.so
-- Symlinking: /home/sws/autoware/install/autoware_external_api_msgs/share/autoware_external_api_msgs/msg/ResponseStatus.idl
-- Symlinking: /home/sws/autoware/install/autoware_external_api_msgs/share/autoware_external_api_msgs/srv/GetVersion.idl
-- Symlinking: /home/sws/autoware/install/autoware_external_api_msgs/share/autoware_external_api_msgs/msg/ResponseStatus.msg
-- Symlinking: /home/sws/autoware/install/autoware_external_api_msgs/share/autoware_external_api_msgs/srv/GetVersion.srv
-- Symlinking: /home/sws/autoware/install/autoware_external_api_msgs/share/autoware_external_api_msgs/srv/GetVersion_Request.msg
-- Symlinking: /home/sws/autoware/install/autoware_external_api_msgs/share/autoware_external_api_msgs/srv/GetVersion_Response.msg
-- Symlinking: /home/sws/autoware/install/autoware_external_api_msgs/share/ament_index/resource_index/package_run_dependencies/autoware_external_api_msgs
-- Symlinking: /home/sws/autoware/install/autoware_external_api_msgs/share/ament_index/resource_index/parent_prefix_path/autoware_external_api_msgs
-- Symlinking: /home/sws/autoware/install/autoware_external_api_msgs/share/autoware_external_api_msgs/environment/ament_prefix_path.sh
-- Symlinking: /home/sws/autoware/install/autoware_external_api_msgs/share/autoware_external_api_msgs/environment/ament_prefix_path.dsv
-- Symlinking: /home/sws/autoware/install/autoware_external_api_msgs/share/autoware_external_api_msgs/environment/path.sh
-- Symlinking: /home/sws/autoware/install/autoware_external_api_msgs/share/autoware_external_api_msgs/environment/path.dsv
-- Symlinking: /home/sws/autoware/install/autoware_external_api_msgs/share/autoware_external_api_msgs/local_setup.bash
-- Symlinking: /home/sws/autoware/install/autoware_external_api_msgs/share/autoware_external_api_msgs/local_setup.sh
-- Symlinking: /home/sws/autoware/install/autoware_external_api_msgs/share/autoware_external_api_msgs/local_setup.zsh
-- Symlinking: /home/sws/autoware/install/autoware_external_api_msgs/share/autoware_external_api_msgs/local_setup.dsv
-- Symlinking: /home/sws/autoware/install/autoware_external_api_msgs/share/autoware_external_api_msgs/package.dsv
-- Symlinking: /home/sws/autoware/install/autoware_external_api_msgs/share/ament_index/resource_index/packages/autoware_external_api_msgs
-- Symlinking: /home/sws/autoware/install/autoware_external_api_msgs/share/autoware_external_api_msgs/cmake/rosidl_cmake-extras.cmake
-- Symlinking: /home/sws/autoware/install/autoware_external_api_msgs/share/autoware_external_api_msgs/cmake/ament_cmake_export_dependencies-extras.cmake
-- Symlinking: /home/sws/autoware/install/autoware_external_api_msgs/share/autoware_external_api_msgs/cmake/ament_cmake_export_include_directories-extras.cmake
-- Symlinking: /home/sws/autoware/install/autoware_external_api_msgs/share/autoware_external_api_msgs/cmake/ament_cmake_export_libraries-extras.cmake
-- Symlinking: /home/sws/autoware/install/autoware_external_api_msgs/share/autoware_external_api_msgs/cmake/ament_cmake_export_targets-extras.cmake
-- Symlinking: /home/sws/autoware/install/autoware_external_api_msgs/share/autoware_external_api_msgs/cmake/rosidl_cmake_export_typesupport_targets-extras.cmake
-- Symlinking: /home/sws/autoware/install/autoware_external_api_msgs/share/autoware_external_api_msgs/cmake/rosidl_cmake_export_typesupport_libraries-extras.cmake
-- Symlinking: /home/sws/autoware/install/autoware_external_api_msgs/share/autoware_external_api_msgs/cmake/autoware_external_api_msgsConfig.cmake
-- Symlinking: /home/sws/autoware/install/autoware_external_api_msgs/share/autoware_external_api_msgs/cmake/autoware_external_api_msgsConfig-version.cmake
-- Symlinking: /home/sws/autoware/install/autoware_external_api_msgs/share/autoware_external_api_msgs/package.xml
-- Installing: /home/sws/autoware/install/autoware_external_api_msgs/lib/libautoware_external_api_msgs__rosidl_generator_c.so
-- Set runtime path of "/home/sws/autoware/install/autoware_external_api_msgs/lib/libautoware_external_api_msgs__rosidl_generator_c.so" to ""
-- Installing: /home/sws/autoware/install/autoware_external_api_msgs/lib/libautoware_external_api_msgs__rosidl_typesupport_fastrtps_c.so
-- Set runtime path of "/home/sws/autoware/install/autoware_external_api_msgs/lib/libautoware_external_api_msgs__rosidl_typesupport_fastrtps_c.so" to ""
-- Installing: /home/sws/autoware/install/autoware_external_api_msgs/lib/libautoware_external_api_msgs__rosidl_typesupport_fastrtps_cpp.so
-- Set runtime path of "/home/sws/autoware/install/autoware_external_api_msgs/lib/libautoware_external_api_msgs__rosidl_typesupport_fastrtps_cpp.so" to ""
-- Installing: /home/sws/autoware/install/autoware_external_api_msgs/lib/libautoware_external_api_msgs__rosidl_typesupport_introspection_c.so
-- Set runtime path of "/home/sws/autoware/install/autoware_external_api_msgs/lib/libautoware_external_api_msgs__rosidl_typesupport_introspection_c.so" to ""
-- Installing: /home/sws/autoware/install/autoware_external_api_msgs/lib/libautoware_external_api_msgs__rosidl_typesupport_c.so
-- Set runtime path of "/home/sws/autoware/install/autoware_external_api_msgs/lib/libautoware_external_api_msgs__rosidl_typesupport_c.so" to ""
-- Installing: /home/sws/autoware/install/autoware_external_api_msgs/lib/libautoware_external_api_msgs__rosidl_typesupport_introspection_cpp.so
-- Set runtime path of "/home/sws/autoware/install/autoware_external_api_msgs/lib/libautoware_external_api_msgs__rosidl_typesupport_introspection_cpp.so" to ""
-- Installing: /home/sws/autoware/install/autoware_external_api_msgs/lib/libautoware_external_api_msgs__rosidl_typesupport_cpp.so
-- Set runtime path of "/home/sws/autoware/install/autoware_external_api_msgs/lib/libautoware_external_api_msgs__rosidl_typesupport_cpp.so" to ""
Listing '/home/sws/autoware/install/autoware_external_api_msgs/local/lib/python3.10/dist-packages/autoware_external_api_msgs'...
Compiling '/home/sws/autoware/install/autoware_external_api_msgs/local/lib/python3.10/dist-packages/autoware_external_api_msgs/__init__.py'...
Listing '/home/sws/autoware/install/autoware_external_api_msgs/local/lib/python3.10/dist-packages/autoware_external_api_msgs/msg'...
Compiling '/home/sws/autoware/install/autoware_external_api_msgs/local/lib/python3.10/dist-packages/autoware_external_api_msgs/msg/__init__.py'...
Compiling '/home/sws/autoware/install/autoware_external_api_msgs/local/lib/python3.10/dist-packages/autoware_external_api_msgs/msg/_response_status.py'...
Listing '/home/sws/autoware/install/autoware_external_api_msgs/local/lib/python3.10/dist-packages/autoware_external_api_msgs/srv'...
Compiling '/home/sws/autoware/install/autoware_external_api_msgs/local/lib/python3.10/dist-packages/autoware_external_api_msgs/srv/__init__.py'...
Compiling '/home/sws/autoware/install/autoware_external_api_msgs/local/lib/python3.10/dist-packages/autoware_external_api_msgs/srv/_get_version.py'...
-- Installing: /home/sws/autoware/install/autoware_external_api_msgs/lib/libautoware_external_api_msgs__rosidl_generator_py.so
-- Set runtime path of "/home/sws/autoware/install/autoware_external_api_msgs/lib/libautoware_external_api_msgs__rosidl_generator_py.so" to ""
-- Installing: /home/sws/autoware/install/autoware_external_api_msgs/share/autoware_external_api_msgs/cmake/export_autoware_external_api_msgs__rosidl_generator_cExport.cmake
-- Installing: /home/sws/autoware/install/autoware_external_api_msgs/share/autoware_external_api_msgs/cmake/export_autoware_external_api_msgs__rosidl_generator_cExport-release.cmake
-- Installing: /home/sws/autoware/install/autoware_external_api_msgs/share/autoware_external_api_msgs/cmake/export_autoware_external_api_msgs__rosidl_typesupport_fastrtps_cExport.cmake
-- Installing: /home/sws/autoware/install/autoware_external_api_msgs/share/autoware_external_api_msgs/cmake/export_autoware_external_api_msgs__rosidl_typesupport_fastrtps_cExport-release.cmake
-- Installing: /home/sws/autoware/install/autoware_external_api_msgs/share/autoware_external_api_msgs/cmake/export_autoware_external_api_msgs__rosidl_generator_cppExport.cmake
-- Installing: /home/sws/autoware/install/autoware_external_api_msgs/share/autoware_external_api_msgs/cmake/export_autoware_external_api_msgs__rosidl_typesupport_fastrtps_cppExport.cmake
-- Installing: /home/sws/autoware/install/autoware_external_api_msgs/share/autoware_external_api_msgs/cmake/export_autoware_external_api_msgs__rosidl_typesupport_fastrtps_cppExport-release.cmake
-- Installing: /home/sws/autoware/install/autoware_external_api_msgs/share/autoware_external_api_msgs/cmake/autoware_external_api_msgs__rosidl_typesupport_introspection_cExport.cmake
-- Installing: /home/sws/autoware/install/autoware_external_api_msgs/share/autoware_external_api_msgs/cmake/autoware_external_api_msgs__rosidl_typesupport_introspection_cExport-release.cmake
-- Installing: /home/sws/autoware/install/autoware_external_api_msgs/share/autoware_external_api_msgs/cmake/autoware_external_api_msgs__rosidl_typesupport_cExport.cmake
-- Installing: /home/sws/autoware/install/autoware_external_api_msgs/share/autoware_external_api_msgs/cmake/autoware_external_api_msgs__rosidl_typesupport_cExport-release.cmake
-- Installing: /home/sws/autoware/install/autoware_external_api_msgs/share/autoware_external_api_msgs/cmake/autoware_external_api_msgs__rosidl_typesupport_introspection_cppExport.cmake
-- Installing: /home/sws/autoware/install/autoware_external_api_msgs/share/autoware_external_api_msgs/cmake/autoware_external_api_msgs__rosidl_typesupport_introspection_cppExport-release.cmake
-- Installing: /home/sws/autoware/install/autoware_external_api_msgs/share/autoware_external_api_msgs/cmake/autoware_external_api_msgs__rosidl_typesupport_cppExport.cmake
-- Installing: /home/sws/autoware/install/autoware_external_api_msgs/share/autoware_external_api_msgs/cmake/autoware_external_api_msgs__rosidl_typesupport_cppExport-release.cmake
-- Installing: /home/sws/autoware/install/autoware_external_api_msgs/share/autoware_external_api_msgs/cmake/export_autoware_external_api_msgs__rosidl_generator_pyExport.cmake
-- Installing: /home/sws/autoware/install/autoware_external_api_msgs/share/autoware_external_api_msgs/cmake/export_autoware_external_api_msgs__rosidl_generator_pyExport-release.cmake
