[0.464s] Invoking command in '/home/sws/autoware/build/lidar_centerpoint_tvm': AMENT_PREFIX_PATH=/home/sws/autoware/install/tier4_autoware_utils:/home/sws/autoware/install/tvm_utility:/home/sws/autoware/install/autoware_auto_vehicle_msgs:/home/sws/autoware/install/autoware_cmake:/home/sws/autoware/install/autoware_auto_planning_msgs:/home/sws/autoware/install/autoware_auto_perception_msgs:/home/sws/autoware/install/tier4_debug_msgs:/home/sws/autoware/install/autoware_lint_common:/home/sws/autoware/install/autoware_auto_mapping_msgs:/home/sws/autoware/install/autoware_auto_geometry_msgs:${AMENT_PREFIX_PATH} CMAKE_PREFIX_PATH=/home/sws/autoware/install/tier4_autoware_utils:/home/sws/autoware/install/tvm_utility:/home/sws/autoware/install/autoware_auto_vehicle_msgs:/home/sws/autoware/install/autoware_cmake:/home/sws/autoware/install/autoware_auto_planning_msgs:/home/sws/autoware/install/autoware_auto_perception_msgs:/home/sws/autoware/install/tier4_debug_msgs:/home/sws/autoware/install/autoware_lint_common:/home/sws/autoware/install/autoware_auto_mapping_msgs:/home/sws/autoware/install/autoware_auto_geometry_msgs:/opt/ros/humble LD_LIBRARY_PATH=/home/sws/autoware/install/tier4_autoware_utils/lib:/home/sws/autoware/install/tvm_utility/lib:/home/sws/autoware/install/autoware_auto_vehicle_msgs/lib:/home/sws/autoware/install/autoware_auto_planning_msgs/lib:/home/sws/autoware/install/autoware_auto_perception_msgs/lib:/home/sws/autoware/install/tier4_debug_msgs/lib:/home/sws/autoware/install/autoware_auto_mapping_msgs/lib:/home/sws/autoware/install/autoware_auto_geometry_msgs/lib:${LD_LIBRARY_PATH} PYTHONPATH=/home/sws/autoware/install/autoware_auto_vehicle_msgs/local/lib/python3.10/dist-packages:/home/sws/autoware/install/autoware_auto_planning_msgs/local/lib/python3.10/dist-packages:/home/sws/autoware/install/autoware_auto_perception_msgs/local/lib/python3.10/dist-packages:/home/sws/autoware/install/tier4_debug_msgs/local/lib/python3.10/dist-packages:/home/sws/autoware/install/autoware_auto_mapping_msgs/local/lib/python3.10/dist-packages:/home/sws/autoware/install/autoware_auto_geometry_msgs/local/lib/python3.10/dist-packages:${PYTHONPATH} /usr/bin/cmake /home/sws/autoware/src/universe/autoware.universe/perception/lidar_centerpoint_tvm -DCMAKE_BUILD_TYPE=Release -DAMENT_CMAKE_SYMLINK_INSTALL=1 -DCMAKE_INSTALL_PREFIX=/home/sws/autoware/install/lidar_centerpoint_tvm
[15.132s] -- The C compiler identification is GNU 11.3.0
[15.132s] -- The CXX compiler identification is GNU 11.3.0
[15.136s] -- Detecting C compiler ABI info
[15.137s] -- Detecting C compiler ABI info - done
[15.137s] -- Check for working C compiler: /usr/bin/cc - skipped
[15.137s] -- Detecting C compile features
[15.138s] -- Detecting C compile features - done
[15.138s] -- Detecting CXX compiler ABI info
[15.138s] -- Detecting CXX compiler ABI info - done
[15.138s] -- Check for working CXX compiler: /usr/bin/c++ - skipped
[15.138s] -- Detecting CXX compile features
[15.138s] -- Detecting CXX compile features - done
[15.138s] -- Found autoware_cmake: 0.1.0 (/home/sws/autoware/install/autoware_cmake/share/autoware_cmake/cmake)
[15.138s] -- Found Python3: /usr/bin/python3.10 (found version "3.10.6") found components: Interpreter 
[15.138s] -- Override CMake install command with custom implementation using symlinks instead of copying resources
[15.138s] -- Found rosidl_generator_c: 3.1.4 (/opt/ros/humble/share/rosidl_generator_c/cmake)
[15.138s] -- Found rosidl_adapter: 3.1.4 (/opt/ros/humble/share/rosidl_adapter/cmake)
[15.139s] -- Found rosidl_generator_cpp: 3.1.4 (/opt/ros/humble/share/rosidl_generator_cpp/cmake)
[15.139s] -- Using all available rosidl_typesupport_c: rosidl_typesupport_fastrtps_c;rosidl_typesupport_introspection_c
[15.139s] -- Using all available rosidl_typesupport_cpp: rosidl_typesupport_fastrtps_cpp;rosidl_typesupport_introspection_cpp
[15.139s] -- Found rmw_implementation_cmake: 6.1.1 (/opt/ros/humble/share/rmw_implementation_cmake/cmake)
[15.139s] -- Found rmw_fastrtps_cpp: 6.2.2 (/opt/ros/humble/share/rmw_fastrtps_cpp/cmake)
[15.139s] -- Found OpenSSL: /usr/lib/x86_64-linux-gnu/libcrypto.so (found version "3.0.2")  
[15.139s] -- Found FastRTPS: /opt/ros/humble/include  
[15.139s] -- Using RMW implementation 'rmw_fastrtps_cpp' as default
[15.139s] -- Looking for pthread.h
[15.139s] -- Looking for pthread.h - found
[15.140s] -- Performing Test CMAKE_HAVE_LIBC_PTHREAD
[15.140s] -- Performing Test CMAKE_HAVE_LIBC_PTHREAD - Success
[15.140s] -- Found Threads: TRUE  
[15.140s] -- Found eigen3_cmake_module: 0.1.1 (/opt/ros/humble/share/eigen3_cmake_module/cmake)
[15.140s] -- Found Eigen3: TRUE (found version "3.4.0") 
[15.140s] -- Ensuring Eigen3 include directory is part of orocos-kdl CMake target
[15.140s] -- Checking for module 'eigen3'
[15.140s] --   Found eigen3, version 3.4.0
[15.140s] -- Found Eigen: /usr/include/eigen3 (Required is at least version "3.1") 
[15.140s] -- Eigen found (include: /usr/include/eigen3, version: 3.4.0)
[15.141s] -- Checking for module 'flann'
[15.141s] --   Found flann, version 1.9.1
[15.141s] -- Found FLANN: /usr/lib/x86_64-linux-gnu/libflann_cpp.so  
[15.141s] -- FLANN found (include: /usr/include, lib: /usr/lib/x86_64-linux-gnu/libflann_cpp.so)
[15.141s] -- Checking for module 'libusb-1.0'
[15.141s] --   Found libusb-1.0, version 1.0.25
[15.141s] -- Found libusb: /usr/lib/x86_64-linux-gnu/libusb-1.0.so  
[15.141s] -- OpenNI found (version: 1.5.4.0, include: /usr/include/ni, lib: /usr/lib/libOpenNI.so;libusb::libusb)
[15.141s] -- OpenNI2 found (version: 2.2.0.33, include: /usr/include/openni2, lib: /usr/lib/x86_64-linux-gnu/libOpenNI2.so;libusb::libusb)
[15.141s] -- Eigen found (include: /usr/include/eigen3, version: 3.4.0)
[15.141s] -- OpenNI found (version: 1.5.4.0, include: /usr/include/ni, lib: /usr/lib/libOpenNI.so;libusb::libusb)
[15.142s] -- OpenNI2 found (version: 2.2.0.33, include: /usr/include/openni2, lib: /usr/lib/x86_64-linux-gnu/libOpenNI2.so;libusb::libusb)
[15.142s] -- Found Qhull version 8.0.2
[15.142s] -- OpenNI found (version: 1.5.4.0, include: /usr/include/ni, lib: /usr/lib/libOpenNI.so;libusb::libusb)
[15.142s] -- Found PCL_COMMON: /usr/lib/x86_64-linux-gnu/libpcl_common.so  
[15.142s] -- Found PCL_KDTREE: /usr/lib/x86_64-linux-gnu/libpcl_kdtree.so  
[15.142s] -- Found PCL_OCTREE: /usr/lib/x86_64-linux-gnu/libpcl_octree.so  
[15.142s] -- Found PCL_SEARCH: /usr/lib/x86_64-linux-gnu/libpcl_search.so  
[15.142s] -- Found PCL_SAMPLE_CONSENSUS: /usr/lib/x86_64-linux-gnu/libpcl_sample_consensus.so  
[15.142s] -- Found PCL_FILTERS: /usr/lib/x86_64-linux-gnu/libpcl_filters.so  
[15.142s] -- Found PCL_2D: /usr/include/pcl-1.12  
[15.143s] -- Found PCL_GEOMETRY: /usr/include/pcl-1.12  
[15.143s] -- Found PCL_IO: /usr/lib/x86_64-linux-gnu/libpcl_io.so  
[15.143s] -- Found PCL_FEATURES: /usr/lib/x86_64-linux-gnu/libpcl_features.so  
[15.143s] -- Found PCL_ML: /usr/lib/x86_64-linux-gnu/libpcl_ml.so  
[15.143s] -- Found PCL_SEGMENTATION: /usr/lib/x86_64-linux-gnu/libpcl_segmentation.so  
[15.143s] -- Found PCL_VISUALIZATION: /usr/lib/x86_64-linux-gnu/libpcl_visualization.so  
[15.143s] -- Found PCL_SURFACE: /usr/lib/x86_64-linux-gnu/libpcl_surface.so  
[15.143s] -- Found PCL_REGISTRATION: /usr/lib/x86_64-linux-gnu/libpcl_registration.so  
[15.143s] -- Found PCL_KEYPOINTS: /usr/lib/x86_64-linux-gnu/libpcl_keypoints.so  
[15.144s] -- Found PCL_TRACKING: /usr/lib/x86_64-linux-gnu/libpcl_tracking.so  
[15.144s] -- Found PCL_RECOGNITION: /usr/lib/x86_64-linux-gnu/libpcl_recognition.so  
[15.144s] -- Found PCL_STEREO: /usr/lib/x86_64-linux-gnu/libpcl_stereo.so  
[15.144s] -- Found PCL_APPS: /usr/lib/x86_64-linux-gnu/libpcl_apps.so  
[15.144s] -- Found PCL_IN_HAND_SCANNER: /usr/include/pcl-1.12  
[15.144s] -- Found PCL_MODELER: /usr/include/pcl-1.12  
[15.145s] -- Found PCL_POINT_CLOUD_EDITOR: /usr/include/pcl-1.12  
[15.145s] -- Found PCL_OUTOFCORE: /usr/lib/x86_64-linux-gnu/libpcl_outofcore.so  
[15.145s] -- Found PCL_PEOPLE: /usr/lib/x86_64-linux-gnu/libpcl_people.so  
[15.145s] -- Found ament_lint_auto: 0.12.5 (/opt/ros/humble/share/ament_lint_auto/cmake)
[15.145s] -- Added test 'copyright' to check source files copyright and LICENSE
[15.145s] -- Added test 'cppcheck' to perform static code analysis on C / C++ code
[15.145s] -- Configured cppcheck include dirs: 
[15.145s] -- Configured cppcheck exclude dirs and/or files: 
[15.145s] -- Added test 'lint_cmake' to check CMake code style
[15.145s] -- Added test 'xmllint' to check XML markup files
[15.146s] -- Configuring done
[15.146s] -- Generating done
[15.146s] -- Build files have been written to: /home/sws/autoware/build/lidar_centerpoint_tvm
[15.146s] [33mCMake Warning at /home/sws/autoware/install/tvm_utility/share/tvm_utility/cmake/tvm_utility-extras.cmake:67 (message):
[15.146s]   Skipped download for centerpoint_encoder (enable by setting
[15.146s]   DOWNLOAD_ARTIFACTS)
[15.146s] Call Stack (most recent call first):
[15.146s]   CMakeLists.txt:16 (get_neural_network)
[15.146s] 
[15.146s] [0m
[15.146s] [33mCMake Warning at /home/sws/autoware/install/tvm_utility/share/tvm_utility/cmake/tvm_utility-extras.cmake:67 (message):
[15.147s]   Skipped download for centerpoint_backbone (enable by setting
[15.147s]   DOWNLOAD_ARTIFACTS)
[15.147s] Call Stack (most recent call first):
[15.147s]   CMakeLists.txt:22 (get_neural_network)
[15.147s] 
[15.147s] [0m
[15.147s] [33mCMake Warning at CMakeLists.txt:76 (message):
[15.147s]   Neural network not found, skipping package.
[15.147s] 
[15.147s] [0m
[15.205s] Invoked command in '/home/sws/autoware/build/lidar_centerpoint_tvm' returned '0': AMENT_PREFIX_PATH=/home/sws/autoware/install/tier4_autoware_utils:/home/sws/autoware/install/tvm_utility:/home/sws/autoware/install/autoware_auto_vehicle_msgs:/home/sws/autoware/install/autoware_cmake:/home/sws/autoware/install/autoware_auto_planning_msgs:/home/sws/autoware/install/autoware_auto_perception_msgs:/home/sws/autoware/install/tier4_debug_msgs:/home/sws/autoware/install/autoware_lint_common:/home/sws/autoware/install/autoware_auto_mapping_msgs:/home/sws/autoware/install/autoware_auto_geometry_msgs:${AMENT_PREFIX_PATH} CMAKE_PREFIX_PATH=/home/sws/autoware/install/tier4_autoware_utils:/home/sws/autoware/install/tvm_utility:/home/sws/autoware/install/autoware_auto_vehicle_msgs:/home/sws/autoware/install/autoware_cmake:/home/sws/autoware/install/autoware_auto_planning_msgs:/home/sws/autoware/install/autoware_auto_perception_msgs:/home/sws/autoware/install/tier4_debug_msgs:/home/sws/autoware/install/autoware_lint_common:/home/sws/autoware/install/autoware_auto_mapping_msgs:/home/sws/autoware/install/autoware_auto_geometry_msgs:/opt/ros/humble LD_LIBRARY_PATH=/home/sws/autoware/install/tier4_autoware_utils/lib:/home/sws/autoware/install/tvm_utility/lib:/home/sws/autoware/install/autoware_auto_vehicle_msgs/lib:/home/sws/autoware/install/autoware_auto_planning_msgs/lib:/home/sws/autoware/install/autoware_auto_perception_msgs/lib:/home/sws/autoware/install/tier4_debug_msgs/lib:/home/sws/autoware/install/autoware_auto_mapping_msgs/lib:/home/sws/autoware/install/autoware_auto_geometry_msgs/lib:${LD_LIBRARY_PATH} PYTHONPATH=/home/sws/autoware/install/autoware_auto_vehicle_msgs/local/lib/python3.10/dist-packages:/home/sws/autoware/install/autoware_auto_planning_msgs/local/lib/python3.10/dist-packages:/home/sws/autoware/install/autoware_auto_perception_msgs/local/lib/python3.10/dist-packages:/home/sws/autoware/install/tier4_debug_msgs/local/lib/python3.10/dist-packages:/home/sws/autoware/install/autoware_auto_mapping_msgs/local/lib/python3.10/dist-packages:/home/sws/autoware/install/autoware_auto_geometry_msgs/local/lib/python3.10/dist-packages:${PYTHONPATH} /usr/bin/cmake /home/sws/autoware/src/universe/autoware.universe/perception/lidar_centerpoint_tvm -DCMAKE_BUILD_TYPE=Release -DAMENT_CMAKE_SYMLINK_INSTALL=1 -DCMAKE_INSTALL_PREFIX=/home/sws/autoware/install/lidar_centerpoint_tvm
[15.209s] Invoking command in '/home/sws/autoware/build/lidar_centerpoint_tvm': AMENT_PREFIX_PATH=/home/sws/autoware/install/tier4_autoware_utils:/home/sws/autoware/install/tvm_utility:/home/sws/autoware/install/autoware_auto_vehicle_msgs:/home/sws/autoware/install/autoware_cmake:/home/sws/autoware/install/autoware_auto_planning_msgs:/home/sws/autoware/install/autoware_auto_perception_msgs:/home/sws/autoware/install/tier4_debug_msgs:/home/sws/autoware/install/autoware_lint_common:/home/sws/autoware/install/autoware_auto_mapping_msgs:/home/sws/autoware/install/autoware_auto_geometry_msgs:${AMENT_PREFIX_PATH} CMAKE_PREFIX_PATH=/home/sws/autoware/install/tier4_autoware_utils:/home/sws/autoware/install/tvm_utility:/home/sws/autoware/install/autoware_auto_vehicle_msgs:/home/sws/autoware/install/autoware_cmake:/home/sws/autoware/install/autoware_auto_planning_msgs:/home/sws/autoware/install/autoware_auto_perception_msgs:/home/sws/autoware/install/tier4_debug_msgs:/home/sws/autoware/install/autoware_lint_common:/home/sws/autoware/install/autoware_auto_mapping_msgs:/home/sws/autoware/install/autoware_auto_geometry_msgs:/opt/ros/humble LD_LIBRARY_PATH=/home/sws/autoware/install/tier4_autoware_utils/lib:/home/sws/autoware/install/tvm_utility/lib:/home/sws/autoware/install/autoware_auto_vehicle_msgs/lib:/home/sws/autoware/install/autoware_auto_planning_msgs/lib:/home/sws/autoware/install/autoware_auto_perception_msgs/lib:/home/sws/autoware/install/tier4_debug_msgs/lib:/home/sws/autoware/install/autoware_auto_mapping_msgs/lib:/home/sws/autoware/install/autoware_auto_geometry_msgs/lib:${LD_LIBRARY_PATH} PYTHONPATH=/home/sws/autoware/install/autoware_auto_vehicle_msgs/local/lib/python3.10/dist-packages:/home/sws/autoware/install/autoware_auto_planning_msgs/local/lib/python3.10/dist-packages:/home/sws/autoware/install/autoware_auto_perception_msgs/local/lib/python3.10/dist-packages:/home/sws/autoware/install/tier4_debug_msgs/local/lib/python3.10/dist-packages:/home/sws/autoware/install/autoware_auto_mapping_msgs/local/lib/python3.10/dist-packages:/home/sws/autoware/install/autoware_auto_geometry_msgs/local/lib/python3.10/dist-packages:${PYTHONPATH} /usr/bin/cmake --build /home/sws/autoware/build/lidar_centerpoint_tvm -- -j16 -l16
[16.300s] Invoked command in '/home/sws/autoware/build/lidar_centerpoint_tvm' returned '0': AMENT_PREFIX_PATH=/home/sws/autoware/install/tier4_autoware_utils:/home/sws/autoware/install/tvm_utility:/home/sws/autoware/install/autoware_auto_vehicle_msgs:/home/sws/autoware/install/autoware_cmake:/home/sws/autoware/install/autoware_auto_planning_msgs:/home/sws/autoware/install/autoware_auto_perception_msgs:/home/sws/autoware/install/tier4_debug_msgs:/home/sws/autoware/install/autoware_lint_common:/home/sws/autoware/install/autoware_auto_mapping_msgs:/home/sws/autoware/install/autoware_auto_geometry_msgs:${AMENT_PREFIX_PATH} CMAKE_PREFIX_PATH=/home/sws/autoware/install/tier4_autoware_utils:/home/sws/autoware/install/tvm_utility:/home/sws/autoware/install/autoware_auto_vehicle_msgs:/home/sws/autoware/install/autoware_cmake:/home/sws/autoware/install/autoware_auto_planning_msgs:/home/sws/autoware/install/autoware_auto_perception_msgs:/home/sws/autoware/install/tier4_debug_msgs:/home/sws/autoware/install/autoware_lint_common:/home/sws/autoware/install/autoware_auto_mapping_msgs:/home/sws/autoware/install/autoware_auto_geometry_msgs:/opt/ros/humble LD_LIBRARY_PATH=/home/sws/autoware/install/tier4_autoware_utils/lib:/home/sws/autoware/install/tvm_utility/lib:/home/sws/autoware/install/autoware_auto_vehicle_msgs/lib:/home/sws/autoware/install/autoware_auto_planning_msgs/lib:/home/sws/autoware/install/autoware_auto_perception_msgs/lib:/home/sws/autoware/install/tier4_debug_msgs/lib:/home/sws/autoware/install/autoware_auto_mapping_msgs/lib:/home/sws/autoware/install/autoware_auto_geometry_msgs/lib:${LD_LIBRARY_PATH} PYTHONPATH=/home/sws/autoware/install/autoware_auto_vehicle_msgs/local/lib/python3.10/dist-packages:/home/sws/autoware/install/autoware_auto_planning_msgs/local/lib/python3.10/dist-packages:/home/sws/autoware/install/autoware_auto_perception_msgs/local/lib/python3.10/dist-packages:/home/sws/autoware/install/tier4_debug_msgs/local/lib/python3.10/dist-packages:/home/sws/autoware/install/autoware_auto_mapping_msgs/local/lib/python3.10/dist-packages:/home/sws/autoware/install/autoware_auto_geometry_msgs/local/lib/python3.10/dist-packages:${PYTHONPATH} /usr/bin/cmake --build /home/sws/autoware/build/lidar_centerpoint_tvm -- -j16 -l16
[16.335s] Invoking command in '/home/sws/autoware/build/lidar_centerpoint_tvm': AMENT_PREFIX_PATH=/home/sws/autoware/install/tier4_autoware_utils:/home/sws/autoware/install/tvm_utility:/home/sws/autoware/install/autoware_auto_vehicle_msgs:/home/sws/autoware/install/autoware_cmake:/home/sws/autoware/install/autoware_auto_planning_msgs:/home/sws/autoware/install/autoware_auto_perception_msgs:/home/sws/autoware/install/tier4_debug_msgs:/home/sws/autoware/install/autoware_lint_common:/home/sws/autoware/install/autoware_auto_mapping_msgs:/home/sws/autoware/install/autoware_auto_geometry_msgs:${AMENT_PREFIX_PATH} CMAKE_PREFIX_PATH=/home/sws/autoware/install/tier4_autoware_utils:/home/sws/autoware/install/tvm_utility:/home/sws/autoware/install/autoware_auto_vehicle_msgs:/home/sws/autoware/install/autoware_cmake:/home/sws/autoware/install/autoware_auto_planning_msgs:/home/sws/autoware/install/autoware_auto_perception_msgs:/home/sws/autoware/install/tier4_debug_msgs:/home/sws/autoware/install/autoware_lint_common:/home/sws/autoware/install/autoware_auto_mapping_msgs:/home/sws/autoware/install/autoware_auto_geometry_msgs:/opt/ros/humble LD_LIBRARY_PATH=/home/sws/autoware/install/tier4_autoware_utils/lib:/home/sws/autoware/install/tvm_utility/lib:/home/sws/autoware/install/autoware_auto_vehicle_msgs/lib:/home/sws/autoware/install/autoware_auto_planning_msgs/lib:/home/sws/autoware/install/autoware_auto_perception_msgs/lib:/home/sws/autoware/install/tier4_debug_msgs/lib:/home/sws/autoware/install/autoware_auto_mapping_msgs/lib:/home/sws/autoware/install/autoware_auto_geometry_msgs/lib:${LD_LIBRARY_PATH} PYTHONPATH=/home/sws/autoware/install/autoware_auto_vehicle_msgs/local/lib/python3.10/dist-packages:/home/sws/autoware/install/autoware_auto_planning_msgs/local/lib/python3.10/dist-packages:/home/sws/autoware/install/autoware_auto_perception_msgs/local/lib/python3.10/dist-packages:/home/sws/autoware/install/tier4_debug_msgs/local/lib/python3.10/dist-packages:/home/sws/autoware/install/autoware_auto_mapping_msgs/local/lib/python3.10/dist-packages:/home/sws/autoware/install/autoware_auto_geometry_msgs/local/lib/python3.10/dist-packages:${PYTHONPATH} /usr/bin/cmake --install /home/sws/autoware/build/lidar_centerpoint_tvm
[22.248s] -- Install configuration: "Release"
[22.248s] -- Execute custom install script
[22.248s] -- Symlinking: /home/sws/autoware/install/lidar_centerpoint_tvm/include/lidar_centerpoint_tvm/centerpoint_config.hpp
[22.248s] -- Symlinking: /home/sws/autoware/install/lidar_centerpoint_tvm/include/lidar_centerpoint_tvm/centerpoint_tvm.hpp
[22.248s] -- Symlinking: /home/sws/autoware/install/lidar_centerpoint_tvm/include/lidar_centerpoint_tvm/node.hpp
[22.248s] -- Symlinking: /home/sws/autoware/install/lidar_centerpoint_tvm/include/lidar_centerpoint_tvm/postprocess/circle_nms.hpp
[22.248s] -- Symlinking: /home/sws/autoware/install/lidar_centerpoint_tvm/include/lidar_centerpoint_tvm/postprocess/generate_detected_boxes.hpp
[22.248s] -- Symlinking: /home/sws/autoware/install/lidar_centerpoint_tvm/include/lidar_centerpoint_tvm/preprocess/generate_features.hpp
[22.249s] -- Symlinking: /home/sws/autoware/install/lidar_centerpoint_tvm/include/lidar_centerpoint_tvm/preprocess/pointcloud_densification.hpp
[22.249s] -- Symlinking: /home/sws/autoware/install/lidar_centerpoint_tvm/include/lidar_centerpoint_tvm/preprocess/voxel_generator.hpp
[22.249s] -- Symlinking: /home/sws/autoware/install/lidar_centerpoint_tvm/include/lidar_centerpoint_tvm/ros_utils.hpp
[22.249s] -- Symlinking: /home/sws/autoware/install/lidar_centerpoint_tvm/include/lidar_centerpoint_tvm/utils.hpp
[22.249s] -- Symlinking: /home/sws/autoware/install/lidar_centerpoint_tvm/include/lidar_centerpoint_tvm/visibility_control.hpp
[22.249s] -- Symlinking: /home/sws/autoware/install/lidar_centerpoint_tvm/share/ament_index/resource_index/package_run_dependencies/lidar_centerpoint_tvm
[22.249s] -- Symlinking: /home/sws/autoware/install/lidar_centerpoint_tvm/share/ament_index/resource_index/parent_prefix_path/lidar_centerpoint_tvm
[22.249s] -- Symlinking: /home/sws/autoware/install/lidar_centerpoint_tvm/share/lidar_centerpoint_tvm/environment/ament_prefix_path.sh
[22.249s] -- Symlinking: /home/sws/autoware/install/lidar_centerpoint_tvm/share/lidar_centerpoint_tvm/environment/ament_prefix_path.dsv
[22.249s] -- Symlinking: /home/sws/autoware/install/lidar_centerpoint_tvm/share/lidar_centerpoint_tvm/environment/path.sh
[22.249s] -- Symlinking: /home/sws/autoware/install/lidar_centerpoint_tvm/share/lidar_centerpoint_tvm/environment/path.dsv
[22.250s] -- Symlinking: /home/sws/autoware/install/lidar_centerpoint_tvm/share/lidar_centerpoint_tvm/local_setup.bash
[22.250s] -- Symlinking: /home/sws/autoware/install/lidar_centerpoint_tvm/share/lidar_centerpoint_tvm/local_setup.sh
[22.250s] -- Symlinking: /home/sws/autoware/install/lidar_centerpoint_tvm/share/lidar_centerpoint_tvm/local_setup.zsh
[22.250s] -- Symlinking: /home/sws/autoware/install/lidar_centerpoint_tvm/share/lidar_centerpoint_tvm/local_setup.dsv
[22.250s] -- Symlinking: /home/sws/autoware/install/lidar_centerpoint_tvm/share/lidar_centerpoint_tvm/package.dsv
[22.250s] -- Symlinking: /home/sws/autoware/install/lidar_centerpoint_tvm/share/ament_index/resource_index/packages/lidar_centerpoint_tvm
[22.250s] -- Symlinking: /home/sws/autoware/install/lidar_centerpoint_tvm/share/lidar_centerpoint_tvm/cmake/ament_cmake_export_dependencies-extras.cmake
[22.250s] -- Symlinking: /home/sws/autoware/install/lidar_centerpoint_tvm/share/lidar_centerpoint_tvm/cmake/ament_cmake_export_include_directories-extras.cmake
[22.250s] -- Symlinking: /home/sws/autoware/install/lidar_centerpoint_tvm/share/lidar_centerpoint_tvm/cmake/lidar_centerpoint_tvmConfig.cmake
[22.250s] -- Symlinking: /home/sws/autoware/install/lidar_centerpoint_tvm/share/lidar_centerpoint_tvm/cmake/lidar_centerpoint_tvmConfig-version.cmake
[22.251s] -- Symlinking: /home/sws/autoware/install/lidar_centerpoint_tvm/share/lidar_centerpoint_tvm/package.xml
[22.275s] Invoked command in '/home/sws/autoware/build/lidar_centerpoint_tvm' returned '0': AMENT_PREFIX_PATH=/home/sws/autoware/install/tier4_autoware_utils:/home/sws/autoware/install/tvm_utility:/home/sws/autoware/install/autoware_auto_vehicle_msgs:/home/sws/autoware/install/autoware_cmake:/home/sws/autoware/install/autoware_auto_planning_msgs:/home/sws/autoware/install/autoware_auto_perception_msgs:/home/sws/autoware/install/tier4_debug_msgs:/home/sws/autoware/install/autoware_lint_common:/home/sws/autoware/install/autoware_auto_mapping_msgs:/home/sws/autoware/install/autoware_auto_geometry_msgs:${AMENT_PREFIX_PATH} CMAKE_PREFIX_PATH=/home/sws/autoware/install/tier4_autoware_utils:/home/sws/autoware/install/tvm_utility:/home/sws/autoware/install/autoware_auto_vehicle_msgs:/home/sws/autoware/install/autoware_cmake:/home/sws/autoware/install/autoware_auto_planning_msgs:/home/sws/autoware/install/autoware_auto_perception_msgs:/home/sws/autoware/install/tier4_debug_msgs:/home/sws/autoware/install/autoware_lint_common:/home/sws/autoware/install/autoware_auto_mapping_msgs:/home/sws/autoware/install/autoware_auto_geometry_msgs:/opt/ros/humble LD_LIBRARY_PATH=/home/sws/autoware/install/tier4_autoware_utils/lib:/home/sws/autoware/install/tvm_utility/lib:/home/sws/autoware/install/autoware_auto_vehicle_msgs/lib:/home/sws/autoware/install/autoware_auto_planning_msgs/lib:/home/sws/autoware/install/autoware_auto_perception_msgs/lib:/home/sws/autoware/install/tier4_debug_msgs/lib:/home/sws/autoware/install/autoware_auto_mapping_msgs/lib:/home/sws/autoware/install/autoware_auto_geometry_msgs/lib:${LD_LIBRARY_PATH} PYTHONPATH=/home/sws/autoware/install/autoware_auto_vehicle_msgs/local/lib/python3.10/dist-packages:/home/sws/autoware/install/autoware_auto_planning_msgs/local/lib/python3.10/dist-packages:/home/sws/autoware/install/autoware_auto_perception_msgs/local/lib/python3.10/dist-packages:/home/sws/autoware/install/tier4_debug_msgs/local/lib/python3.10/dist-packages:/home/sws/autoware/install/autoware_auto_mapping_msgs/local/lib/python3.10/dist-packages:/home/sws/autoware/install/autoware_auto_geometry_msgs/local/lib/python3.10/dist-packages:${PYTHONPATH} /usr/bin/cmake --install /home/sws/autoware/build/lidar_centerpoint_tvm
