[0.082s] Invoking command in '/home/sws/autoware/build/pointcloud_to_laserscan': CMAKE_PREFIX_PATH=/opt/ros/humble /usr/bin/cmake /home/sws/autoware/src/universe/external/pointcloud_to_laserscan -DCMAKE_BUILD_TYPE=Release -DAMENT_CMAKE_SYMLINK_INSTALL=1 -DCMAKE_INSTALL_PREFIX=/home/sws/autoware/install/pointcloud_to_laserscan
[6.132s] -- The C compiler identification is GNU 11.3.0
[6.132s] -- The CXX compiler identification is GNU 11.3.0
[6.132s] -- Detecting C compiler ABI info
[6.132s] -- Detecting C compiler ABI info - done
[6.134s] -- Check for working C compiler: /usr/bin/cc - skipped
[6.137s] -- Detecting C compile features
[6.138s] -- Detecting C compile features - done
[6.138s] -- Detecting CXX compiler ABI info
[6.138s] -- Detecting CXX compiler ABI info - done
[6.138s] -- Check for working CXX compiler: /usr/bin/c++ - skipped
[6.138s] -- Detecting CXX compile features
[6.138s] -- Detecting CXX compile features - done
[6.138s] -- Found ament_cmake_auto: 1.3.3 (/opt/ros/humble/share/ament_cmake_auto/cmake)
[6.138s] -- Found Python3: /usr/bin/python3.10 (found version "3.10.6") found components: Interpreter 
[6.138s] -- Override CMake install command with custom implementation using symlinks instead of copying resources
[6.138s] -- Found rosidl_generator_c: 3.1.4 (/opt/ros/humble/share/rosidl_generator_c/cmake)
[6.138s] -- Found rosidl_adapter: 3.1.4 (/opt/ros/humble/share/rosidl_adapter/cmake)
[6.139s] -- Found rosidl_generator_cpp: 3.1.4 (/opt/ros/humble/share/rosidl_generator_cpp/cmake)
[6.139s] -- Using all available rosidl_typesupport_c: rosidl_typesupport_fastrtps_c;rosidl_typesupport_introspection_c
[6.139s] -- Using all available rosidl_typesupport_cpp: rosidl_typesupport_fastrtps_cpp;rosidl_typesupport_introspection_cpp
[6.139s] -- Found rmw_implementation_cmake: 6.1.1 (/opt/ros/humble/share/rmw_implementation_cmake/cmake)
[6.139s] -- Found rmw_fastrtps_cpp: 6.2.2 (/opt/ros/humble/share/rmw_fastrtps_cpp/cmake)
[6.139s] -- Found OpenSSL: /usr/lib/x86_64-linux-gnu/libcrypto.so (found version "3.0.2")  
[6.139s] -- Found FastRTPS: /opt/ros/humble/include  
[6.139s] -- Using RMW implementation 'rmw_fastrtps_cpp' as default
[6.139s] -- Looking for pthread.h
[6.139s] -- Looking for pthread.h - found
[6.139s] -- Performing Test CMAKE_HAVE_LIBC_PTHREAD
[6.140s] -- Performing Test CMAKE_HAVE_LIBC_PTHREAD - Success
[6.140s] -- Found Threads: TRUE  
[6.140s] -- Checking for module 'eigen3'
[6.140s] --   Found eigen3, version 3.4.0
[6.140s] -- Found Eigen: /usr/include/eigen3 (Required is at least version "3.1") 
[6.140s] -- Eigen found (include: /usr/include/eigen3, version: 3.4.0)
[6.140s] -- Found PCL_COMMON: /usr/lib/x86_64-linux-gnu/libpcl_common.so  
[6.140s] -- Found ament_lint_auto: 0.12.5 (/opt/ros/humble/share/ament_lint_auto/cmake)
[6.140s] -- Added test 'cppcheck' to perform static code analysis on C / C++ code
[6.140s] -- Configured cppcheck include dirs: /home/sws/autoware/src/universe/external/pointcloud_to_laserscan/include
[6.140s] -- Configured cppcheck exclude dirs and/or files: 
[6.141s] -- Added test 'cpplint' to check C / C++ code against the Google style
[6.141s] -- Configured cpplint exclude dirs and/or files: 
[6.141s] -- Added test 'flake8' to check Python code syntax and style conventions
[6.141s] -- Added test 'lint_cmake' to check CMake code style
[6.141s] -- Added test 'pep257' to check Python code against some of the docstring style conventions in PEP 257
[6.141s] -- Added test 'uncrustify' to check C / C++ code style
[6.141s] -- Configured uncrustify additional arguments: 
[6.141s] -- Added test 'xmllint' to check XML markup files
[6.141s] -- Configuring done
[6.141s] -- Generating done
[6.142s] -- Build files have been written to: /home/sws/autoware/build/pointcloud_to_laserscan
[6.170s] Invoked command in '/home/sws/autoware/build/pointcloud_to_laserscan' returned '0': CMAKE_PREFIX_PATH=/opt/ros/humble /usr/bin/cmake /home/sws/autoware/src/universe/external/pointcloud_to_laserscan -DCMAKE_BUILD_TYPE=Release -DAMENT_CMAKE_SYMLINK_INSTALL=1 -DCMAKE_INSTALL_PREFIX=/home/sws/autoware/install/pointcloud_to_laserscan
[6.170s] Invoking command in '/home/sws/autoware/build/pointcloud_to_laserscan': CMAKE_PREFIX_PATH=/opt/ros/humble /usr/bin/cmake --build /home/sws/autoware/build/pointcloud_to_laserscan -- -j16 -l16
[7.905s] [ 10%] [32mBuilding CXX object CMakeFiles/laserscan_to_pointcloud.dir/src/laserscan_to_pointcloud_node.cpp.o[0m
[29.741s] [ 20%] [32m[1mLinking CXX shared library liblaserscan_to_pointcloud.so[0m
[30.099s] [ 20%] Built target laserscan_to_pointcloud
[30.126s] [ 30%] [32mBuilding CXX object CMakeFiles/pointcloud_to_laserscan_node.dir/rclcpp_components/node_main_pointcloud_to_laserscan_node.cpp.o[0m
[35.599s] [ 40%] [32m[1mLinking CXX executable pointcloud_to_laserscan_node[0m
[35.760s] [ 40%] Built target pointcloud_to_laserscan_node
[35.790s] [ 50%] [32mBuilding CXX object CMakeFiles/pointcloud_to_laserscan.dir/src/pointcloud_to_laserscan_node.cpp.o[0m
[64.626s] [ 60%] [32m[1mLinking CXX shared library libpointcloud_to_laserscan.so[0m
[64.940s] [ 60%] Built target pointcloud_to_laserscan
[64.965s] [ 70%] [32mBuilding CXX object CMakeFiles/dummy_pointcloud_publisher.dir/src/dummy_pointcloud_publisher.cpp.o[0m
[64.965s] [ 80%] [32mBuilding CXX object CMakeFiles/laserscan_to_pointcloud_node.dir/rclcpp_components/node_main_laserscan_to_pointcloud_node.cpp.o[0m
[70.455s] [ 90%] [32m[1mLinking CXX executable laserscan_to_pointcloud_node[0m
[70.642s] [ 90%] Built target laserscan_to_pointcloud_node
[73.920s] [100%] [32m[1mLinking CXX executable dummy_pointcloud_publisher[0m
[74.210s] [100%] Built target dummy_pointcloud_publisher
[74.236s] Invoked command in '/home/sws/autoware/build/pointcloud_to_laserscan' returned '0': CMAKE_PREFIX_PATH=/opt/ros/humble /usr/bin/cmake --build /home/sws/autoware/build/pointcloud_to_laserscan -- -j16 -l16
[74.330s] Invoking command in '/home/sws/autoware/build/pointcloud_to_laserscan': CMAKE_PREFIX_PATH=/opt/ros/humble /usr/bin/cmake --install /home/sws/autoware/build/pointcloud_to_laserscan
[78.555s] -- Install configuration: "Release"
[78.555s] -- Execute custom install script
[78.555s] -- Symlinking: /home/sws/autoware/install/pointcloud_to_laserscan/lib/pointcloud_to_laserscan/laserscan_to_pointcloud_node
[78.555s] -- Symlinking: /home/sws/autoware/install/pointcloud_to_laserscan/lib/pointcloud_to_laserscan/pointcloud_to_laserscan_node
[78.560s] -- Symlinking: /home/sws/autoware/install/pointcloud_to_laserscan/include/pointcloud_to_laserscan/laserscan_to_pointcloud_node.hpp
[78.560s] -- Symlinking: /home/sws/autoware/install/pointcloud_to_laserscan/include/pointcloud_to_laserscan/pointcloud_to_laserscan_node.hpp
[78.560s] -- Symlinking: /home/sws/autoware/install/pointcloud_to_laserscan/include/pointcloud_to_laserscan/visibility_control.h
[78.560s] -- Symlinking: /home/sws/autoware/install/pointcloud_to_laserscan/share/pointcloud_to_laserscan/environment/library_path.sh
[78.561s] -- Symlinking: /home/sws/autoware/install/pointcloud_to_laserscan/share/pointcloud_to_laserscan/environment/library_path.dsv
[78.561s] -- Symlinking: /home/sws/autoware/install/pointcloud_to_laserscan/lib/liblaserscan_to_pointcloud.so
[78.561s] -- Symlinking: /home/sws/autoware/install/pointcloud_to_laserscan/lib/libpointcloud_to_laserscan.so
[78.561s] -- Symlinking: /home/sws/autoware/install/pointcloud_to_laserscan/lib/pointcloud_to_laserscan/dummy_pointcloud_publisher
[78.561s] -- Symlinking: /home/sws/autoware/install/pointcloud_to_laserscan/share/pointcloud_to_laserscan/launch/sample_laserscan_to_pointcloud_launch.py
[78.561s] -- Symlinking: /home/sws/autoware/install/pointcloud_to_laserscan/share/pointcloud_to_laserscan/launch/sample_pointcloud_to_laserscan_launch.py
[78.561s] -- Symlinking: /home/sws/autoware/install/pointcloud_to_laserscan/share/ament_index/resource_index/package_run_dependencies/pointcloud_to_laserscan
[78.561s] -- Symlinking: /home/sws/autoware/install/pointcloud_to_laserscan/share/ament_index/resource_index/parent_prefix_path/pointcloud_to_laserscan
[78.561s] -- Symlinking: /home/sws/autoware/install/pointcloud_to_laserscan/share/pointcloud_to_laserscan/environment/ament_prefix_path.sh
[78.565s] -- Symlinking: /home/sws/autoware/install/pointcloud_to_laserscan/share/pointcloud_to_laserscan/environment/ament_prefix_path.dsv
[78.565s] -- Symlinking: /home/sws/autoware/install/pointcloud_to_laserscan/share/pointcloud_to_laserscan/environment/path.sh
[78.565s] -- Symlinking: /home/sws/autoware/install/pointcloud_to_laserscan/share/pointcloud_to_laserscan/environment/path.dsv
[78.565s] -- Symlinking: /home/sws/autoware/install/pointcloud_to_laserscan/share/pointcloud_to_laserscan/local_setup.bash
[78.565s] -- Symlinking: /home/sws/autoware/install/pointcloud_to_laserscan/share/pointcloud_to_laserscan/local_setup.sh
[78.566s] -- Symlinking: /home/sws/autoware/install/pointcloud_to_laserscan/share/pointcloud_to_laserscan/local_setup.zsh
[78.566s] -- Symlinking: /home/sws/autoware/install/pointcloud_to_laserscan/share/pointcloud_to_laserscan/local_setup.dsv
[78.566s] -- Symlinking: /home/sws/autoware/install/pointcloud_to_laserscan/share/pointcloud_to_laserscan/package.dsv
[78.566s] -- Symlinking: /home/sws/autoware/install/pointcloud_to_laserscan/share/ament_index/resource_index/packages/pointcloud_to_laserscan
[78.566s] -- Symlinking: /home/sws/autoware/install/pointcloud_to_laserscan/share/ament_index/resource_index/rclcpp_components/pointcloud_to_laserscan
[78.566s] -- Symlinking: /home/sws/autoware/install/pointcloud_to_laserscan/share/pointcloud_to_laserscan/cmake/ament_cmake_export_dependencies-extras.cmake
[78.566s] -- Symlinking: /home/sws/autoware/install/pointcloud_to_laserscan/share/pointcloud_to_laserscan/cmake/ament_cmake_export_include_directories-extras.cmake
[78.566s] -- Symlinking: /home/sws/autoware/install/pointcloud_to_laserscan/share/pointcloud_to_laserscan/cmake/ament_cmake_export_libraries-extras.cmake
[78.566s] -- Symlinking: /home/sws/autoware/install/pointcloud_to_laserscan/share/pointcloud_to_laserscan/cmake/pointcloud_to_laserscanConfig.cmake
[78.566s] -- Symlinking: /home/sws/autoware/install/pointcloud_to_laserscan/share/pointcloud_to_laserscan/cmake/pointcloud_to_laserscanConfig-version.cmake
[78.567s] -- Symlinking: /home/sws/autoware/install/pointcloud_to_laserscan/share/pointcloud_to_laserscan/package.xml
[78.611s] Invoked command in '/home/sws/autoware/build/pointcloud_to_laserscan' returned '0': CMAKE_PREFIX_PATH=/opt/ros/humble /usr/bin/cmake --install /home/sws/autoware/build/pointcloud_to_laserscan
